[35m[1mScanning dependencies of target dronemanager[0m
[ 50%] Built target drone
[ 75%] [32mBuilding CXX object CMakeFiles/dronemanager.dir/src/droneManager.cpp.o[0m
[01m[K/home/jakeluo/Documents/MonitoringSystemRos2/src/droneutility/src/droneManager.cpp:[m[K In member function ‘[01m[Kvoid dronenamespace::DroneManager::droneRegister(std::shared_ptr<droneinterfaces::srv::DroneRegister_Request_<std::allocator<void> > >, std::shared_ptr<droneinterfaces::srv::DroneRegister_Response_<std::allocator<void> > >)[m[K’:
[01m[K/home/jakeluo/Documents/MonitoringSystemRos2/src/droneutility/src/droneManager.cpp:148:9:[m[K [01;35m[Kwarning: [m[Kvariable ‘[01m[Krecv_num[m[K’ set but not used [[01;35m[K-Wunused-but-set-variable[m[K]
  148 |     int [01;35m[Krecv_num[m[K = recvfrom(dronepool[request->ip].cmdsocket, recvbuf, sizeof(recvbuf), 0, (struct sockaddr*)&client_addr, &len);
      |         [01;35m[K^~~~~~~~[m[K
[100%] [32m[1mLinking CXX executable dronemanager[0m
[100%] Built target dronemanager
-- Install configuration: ""
-- Installing: /home/jakeluo/Documents/MonitoringSystemRos2/src/install/droneutility/lib/droneutility/dronemanager
-- Set runtime path of "/home/jakeluo/Documents/MonitoringSystemRos2/src/install/droneutility/lib/droneutility/dronemanager" to ""
-- Up-to-date: /home/jakeluo/Documents/MonitoringSystemRos2/src/install/droneutility/lib/droneutility/drone
-- Up-to-date: /home/jakeluo/Documents/MonitoringSystemRos2/src/install/droneutility/share/ament_index/resource_index/package_run_dependencies/droneutility
-- Up-to-date: /home/jakeluo/Documents/MonitoringSystemRos2/src/install/droneutility/share/ament_index/resource_index/parent_prefix_path/droneutility
-- Up-to-date: /home/jakeluo/Documents/MonitoringSystemRos2/src/install/droneutility/share/droneutility/environment/ament_prefix_path.dsv
-- Up-to-date: /home/jakeluo/Documents/MonitoringSystemRos2/src/install/droneutility/share/droneutility/environment/path.dsv
-- Up-to-date: /home/jakeluo/Documents/MonitoringSystemRos2/src/install/droneutility/share/droneutility/local_setup.bash
-- Up-to-date: /home/jakeluo/Documents/MonitoringSystemRos2/src/install/droneutility/share/droneutility/local_setup.sh
-- Up-to-date: /home/jakeluo/Documents/MonitoringSystemRos2/src/install/droneutility/share/droneutility/local_setup.zsh
-- Up-to-date: /home/jakeluo/Documents/MonitoringSystemRos2/src/install/droneutility/share/droneutility/local_setup.dsv
-- Installing: /home/jakeluo/Documents/MonitoringSystemRos2/src/install/droneutility/share/droneutility/package.dsv
-- Up-to-date: /home/jakeluo/Documents/MonitoringSystemRos2/src/install/droneutility/share/ament_index/resource_index/packages/droneutility
-- Up-to-date: /home/jakeluo/Documents/MonitoringSystemRos2/src/install/droneutility/share/droneutility/cmake/droneutilityConfig.cmake
-- Up-to-date: /home/jakeluo/Documents/MonitoringSystemRos2/src/install/droneutility/share/droneutility/cmake/droneutilityConfig-version.cmake
-- Up-to-date: /home/jakeluo/Documents/MonitoringSystemRos2/src/install/droneutility/share/droneutility/package.xml
