[0.035s] Invoking command in '/home/jakeluo/Documents/MonitoringSystemRos2/build/droneutility': CMAKE_PREFIX_PATH=${CMAKE_PREFIX_PATH}:/home/jakeluo/Software/ros2_rolling/install/rqt_bag_plugins:/home/jakeluo/Software/ros2_rolling/install/rqt_bag:/home/jakeluo/Software/ros2_rolling/install/ros2bag:/home/jakeluo/Software/ros2_rolling/install/tracetools_test:/home/jakeluo/Software/ros2_rolling/install/tracetools_launch:/home/jakeluo/Software/ros2_rolling/install/topic_monitor:/home/jakeluo/Software/ros2_rolling/install/tf2_tools:/home/jakeluo/Software/ros2_rolling/install/examples_tf2_py:/home/jakeluo/Software/ros2_rolling/install/tf2_ros_py:/home/jakeluo/Software/ros2_rolling/install/sros2:/home/jakeluo/Software/ros2_rolling/install/rqt_topic:/home/jakeluo/Software/ros2_rolling/install/rqt_top:/home/jakeluo/Software/ros2_rolling/install/rqt_srv:/home/jakeluo/Software/ros2_rolling/install/rqt_shell:/home/jakeluo/Software/ros2_rolling/install/rqt_service_caller:/home/jakeluo/Software/ros2_rolling/install/rqt_reconfigure:/home/jakeluo/Software/ros2_rolling/install/rqt_py_console:/home/jakeluo/Software/ros2_rolling/install/rqt_publisher:/home/jakeluo/Software/ros2_rolling/install/rqt_plot:/home/jakeluo/Software/ros2_rolling/install/rqt_action:/home/jakeluo/Software/ros2_rolling/install/rqt_msg:/home/jakeluo/Software/ros2_rolling/install/rqt_console:/home/jakeluo/Software/ros2_rolling/install/rqt:/home/jakeluo/Software/ros2_rolling/install/rqt_graph:/home/jakeluo/Software/ros2_rolling/install/rqt_gui_py:/home/jakeluo/Software/ros2_rolling/install/rqt_gui:/home/jakeluo/Software/ros2_rolling/install/ros2trace:/home/jakeluo/Software/ros2_rolling/install/ros2topic:/home/jakeluo/Software/ros2_rolling/install/ros2test:/home/jakeluo/Software/ros2_rolling/install/ros2component:/home/jakeluo/Software/ros2_rolling/install/ros2param:/home/jakeluo/Software/ros2_rolling/install/ros2lifecycle:/home/jakeluo/Software/ros2_rolling/install/ros2service:/home/jakeluo/Software/ros2_rolling/install/ros2run:/home/jakeluo/Software/ros2_rolling/install/ros2launch:/home/jakeluo/Software/ros2_rolling/install/ros2pkg:/home/jakeluo/Software/ros2_rolling/install/ros2node:/home/jakeluo/Software/ros2_rolling/install/ros2multicast:/home/jakeluo/Software/ros2_rolling/install/ros2interface:/home/jakeluo/Software/ros2_rolling/install/ros2doctor:/home/jakeluo/Software/ros2_rolling/install/ros2action:/home/jakeluo/Software/ros2_rolling/install/ros2cli:/home/jakeluo/Software/ros2_rolling/install/quality_of_service_demo_py:/home/jakeluo/Software/ros2_rolling/install/launch_testing_ros:/home/jakeluo/Software/ros2_rolling/install/launch_ros:/home/jakeluo/Software/ros2_rolling/install/examples_rclpy_pointcloud_publisher:/home/jakeluo/Software/ros2_rolling/install/examples_rclpy_minimal_subscriber:/home/jakeluo/Software/ros2_rolling/install/examples_rclpy_minimal_service:/home/jakeluo/Software/ros2_rolling/install/examples_rclpy_minimal_publisher:/home/jakeluo/Software/ros2_rolling/install/examples_rclpy_minimal_client:/home/jakeluo/Software/ros2_rolling/install/examples_rclpy_minimal_action_server:/home/jakeluo/Software/ros2_rolling/install/examples_rclpy_minimal_action_client:/home/jakeluo/Software/ros2_rolling/install/examples_rclpy_guard_conditions:/home/jakeluo/Software/ros2_rolling/install/examples_rclpy_executors:/home/jakeluo/Software/ros2_rolling/install/demo_nodes_py:/home/jakeluo/Software/ros2_rolling/install/action_tutorials_py:/home/jakeluo/Software/ros2_rolling/install/ament_uncrustify:/home/jakeluo/Software/ros2_rolling/install/tracetools_trace:/home/jakeluo/Software/ros2_rolling/install/tracetools_read:/home/jakeluo/Software/ros2_rolling/install/test_launch_ros:/home/jakeluo/Software/ros2_rolling/install/sensor_msgs_py:/home/jakeluo/Software/ros2_rolling/install/rpyutils:/home/jakeluo/Software/ros2_rolling/install/rosidl_runtime_py:/home/jakeluo/Software/ros2_rolling/install/rosidl_cli:/home/jakeluo/Software/ros2_rolling/install/launch_yaml:/home/jakeluo/Software/ros2_rolling/install/launch_xml:/home/jakeluo/Software/ros2_rolling/install/launch_testing:/home/jakeluo/Software/ros2_rolling/install/launch:/home/jakeluo/Software/ros2_rolling/install/osrf_pycommon:/home/jakeluo/Software/ros2_rolling/install/domain_coordinator:/home/jakeluo/Software/ros2_rolling/install/ament_xmllint:/home/jakeluo/Software/ros2_rolling/install/ament_pyflakes:/home/jakeluo/Software/ros2_rolling/install/ament_pycodestyle:/home/jakeluo/Software/ros2_rolling/install/ament_pep257:/home/jakeluo/Software/ros2_rolling/install/ament_pclint:/home/jakeluo/Software/ros2_rolling/install/ament_package:/home/jakeluo/Software/ros2_rolling/install/ament_mypy:/home/jakeluo/Software/ros2_rolling/install/ament_lint_cmake:/home/jakeluo/Software/ros2_rolling/install/ament_flake8:/home/jakeluo/Software/ros2_rolling/install/ament_copyright:/home/jakeluo/Software/ros2_rolling/install/ament_lint:/home/jakeluo/Software/ros2_rolling/install/ament_index_python:/home/jakeluo/Software/ros2_rolling/install/ament_cpplint:/home/jakeluo/Software/ros2_rolling/install/ament_cppcheck:/home/jakeluo/Software/ros2_rolling/install/ament_clang_tidy:/home/jakeluo/Software/ros2_rolling/install/ament_clang_format /usr/bin/cmake --build /home/jakeluo/Documents/MonitoringSystemRos2/build/droneutility -- -j12 -l12
[0.084s] -- Found ament_cmake: 1.1.4 (/home/jakeluo/Software/ros2_rolling/install/ament_cmake/share/ament_cmake/cmake)
[0.545s] -- Found rclcpp: 13.0.0 (/home/jakeluo/Software/ros2_rolling/install/rclcpp/share/rclcpp/cmake)
[0.632s] -- Using all available rosidl_typesupport_c: rosidl_typesupport_introspection_c;rosidl_typesupport_fastrtps_c
[0.635s] -- Found rosidl_adapter: 2.5.0 (/home/jakeluo/Software/ros2_rolling/install/rosidl_adapter/share/rosidl_adapter/cmake)
[0.691s] -- Using all available rosidl_typesupport_cpp: rosidl_typesupport_introspection_cpp;rosidl_typesupport_fastrtps_cpp
[0.738s] -- Found rmw_implementation_cmake: 5.0.0 (/home/jakeluo/Software/ros2_rolling/install/rmw_implementation_cmake/share/rmw_implementation_cmake/cmake)
[0.765s] -- Found rmw_cyclonedds_cpp: 0.24.0 (/home/jakeluo/Software/ros2_rolling/install/rmw_cyclonedds_cpp/share/rmw_cyclonedds_cpp/cmake)
[0.806s] -- Using RMW implementation 'rmw_cyclonedds_cpp' as default
[0.923s] -- Found rosidl_default_generators: 1.1.1 (/home/jakeluo/Software/ros2_rolling/install/rosidl_default_generators/share/rosidl_default_generators/cmake)
[2.122s] -- Found ament_cmake_ros: 0.9.2 (/home/jakeluo/Software/ros2_rolling/install/ament_cmake_ros/share/ament_cmake_ros/cmake)
[3.091s] -- Using all available rosidl_typesupport_c: rosidl_typesupport_introspection_c;rosidl_typesupport_fastrtps_c
[3.984s] -- Using all available rosidl_typesupport_cpp: rosidl_typesupport_introspection_cpp;rosidl_typesupport_fastrtps_cpp
[4.105s] -- Found python_cmake_module: 0.8.1 (/home/jakeluo/Software/ros2_rolling/install/python_cmake_module/share/python_cmake_module/cmake)
[4.166s] -- Using PYTHON_EXECUTABLE: /usr/bin/python3
[4.166s] -- Using PYTHON_INCLUDE_DIRS: /usr/include/python3.8
[4.166s] -- Using PYTHON_LIBRARIES: /usr/lib/x86_64-linux-gnu/libpython3.8.so
[4.564s] -- Found ament_lint_auto: 0.11.2 (/home/jakeluo/Software/ros2_rolling/install/ament_lint_auto/share/ament_lint_auto/cmake)
[4.576s] -- Added test 'copyright' to check source files copyright and LICENSE
[4.577s] -- Added test 'cppcheck' to perform static code analysis on C / C++ code
[4.579s] -- Configured cppcheck include dirs: $<BUILD_INTERFACE:/home/jakeluo/Documents/MonitoringSystemRos2/src/droneutility/include>
[4.579s] -- Configured cppcheck exclude dirs and/or files: 
[4.580s] -- Added test 'cpplint' to check C / C++ code against the Google style
[4.580s] -- Configured cpplint exclude dirs and/or files: 
[4.581s] -- Added test 'lint_cmake' to check CMake code style
[4.582s] -- Added test 'uncrustify' to check C / C++ code style
[4.582s] -- Configured uncrustify additional arguments: 
[4.582s] -- Added test 'xmllint' to check XML markup files
[4.587s] -- Configuring done
[4.632s] -- Generating done
[4.635s] -- Build files have been written to: /home/jakeluo/Documents/MonitoringSystemRos2/build/droneutility
[4.704s] [  5%] Built target recv
[4.705s] [ 12%] Built target droneutility__rosidl_generator_c
[4.717s] [ 17%] Built target send
[4.717s] [ 20%] Built target droneutility__cpp
[4.723s] [ 25%] Built target drone
[4.726s] [ 25%] Built target ament_cmake_python_symlink_droneutility
[4.726s] [ 28%] [32mBuilding CXX object CMakeFiles/datamanager.dir/src/dataManager.cpp.o[0m
[4.760s] [ 35%] Built target droneutility__rosidl_typesupport_introspection_c
[4.765s] [ 43%] Built target droneutility__rosidl_typesupport_fastrtps_cpp
[4.767s] [ 51%] Built target droneutility__rosidl_typesupport_cpp
[4.768s] [ 58%] Built target droneutility__rosidl_typesupport_c
[4.772s] [ 66%] Built target droneutility__rosidl_typesupport_introspection_cpp
[4.812s] [ 74%] Built target droneutility__rosidl_typesupport_fastrtps_c
[4.854s] [ 74%] Built target droneutility
[4.896s] [ 76%] Built target droneutility__py
[4.910s] In file included from [01m[K/home/jakeluo/Documents/MonitoringSystemRos2/src/droneutility/src/dataManager.cpp:1[m[K:
[4.910s] [01m[K/home/jakeluo/Documents/MonitoringSystemRos2/src/droneutility/include/dataManager.hpp:8:10:[m[K [01;31m[Kfatal error: [m[Kdroneutility/srv/drone_register.hpp: 没有那个文件或目录
[4.910s]     8 | #include [01;31m[K"droneutility/srv/drone_register.hpp"[m[K
[4.910s]       |          [01;31m[K^~~~~~~~~~~~~~~~~~~~~~~~~~~~~~~~~~~~~[m[K
[4.910s] compilation terminated.
[4.915s] make[2]: *** [CMakeFiles/datamanager.dir/build.make:63：CMakeFiles/datamanager.dir/src/dataManager.cpp.o] 错误 1
[4.915s] make[1]: *** [CMakeFiles/Makefile2:300：CMakeFiles/datamanager.dir/all] 错误 2
[4.915s] make[1]: *** 正在等待未完成的任务....
[4.942s] [ 82%] Built target droneutility__python
[5.158s] running egg_info
[5.159s] writing droneutility.egg-info/PKG-INFO
[5.159s] writing dependency_links to droneutility.egg-info/dependency_links.txt
[5.159s] writing top-level names to droneutility.egg-info/top_level.txt
[5.163s] reading manifest file 'droneutility.egg-info/SOURCES.txt'
[5.164s] writing manifest file 'droneutility.egg-info/SOURCES.txt'
[5.193s] [ 82%] Built target ament_cmake_python_build_droneutility_egg
[5.193s] make: *** [Makefile:141：all] 错误 2
[5.195s] Invoked command in '/home/jakeluo/Documents/MonitoringSystemRos2/build/droneutility' returned '2': CMAKE_PREFIX_PATH=${CMAKE_PREFIX_PATH}:/home/jakeluo/Software/ros2_rolling/install/rqt_bag_plugins:/home/jakeluo/Software/ros2_rolling/install/rqt_bag:/home/jakeluo/Software/ros2_rolling/install/ros2bag:/home/jakeluo/Software/ros2_rolling/install/tracetools_test:/home/jakeluo/Software/ros2_rolling/install/tracetools_launch:/home/jakeluo/Software/ros2_rolling/install/topic_monitor:/home/jakeluo/Software/ros2_rolling/install/tf2_tools:/home/jakeluo/Software/ros2_rolling/install/examples_tf2_py:/home/jakeluo/Software/ros2_rolling/install/tf2_ros_py:/home/jakeluo/Software/ros2_rolling/install/sros2:/home/jakeluo/Software/ros2_rolling/install/rqt_topic:/home/jakeluo/Software/ros2_rolling/install/rqt_top:/home/jakeluo/Software/ros2_rolling/install/rqt_srv:/home/jakeluo/Software/ros2_rolling/install/rqt_shell:/home/jakeluo/Software/ros2_rolling/install/rqt_service_caller:/home/jakeluo/Software/ros2_rolling/install/rqt_reconfigure:/home/jakeluo/Software/ros2_rolling/install/rqt_py_console:/home/jakeluo/Software/ros2_rolling/install/rqt_publisher:/home/jakeluo/Software/ros2_rolling/install/rqt_plot:/home/jakeluo/Software/ros2_rolling/install/rqt_action:/home/jakeluo/Software/ros2_rolling/install/rqt_msg:/home/jakeluo/Software/ros2_rolling/install/rqt_console:/home/jakeluo/Software/ros2_rolling/install/rqt:/home/jakeluo/Software/ros2_rolling/install/rqt_graph:/home/jakeluo/Software/ros2_rolling/install/rqt_gui_py:/home/jakeluo/Software/ros2_rolling/install/rqt_gui:/home/jakeluo/Software/ros2_rolling/install/ros2trace:/home/jakeluo/Software/ros2_rolling/install/ros2topic:/home/jakeluo/Software/ros2_rolling/install/ros2test:/home/jakeluo/Software/ros2_rolling/install/ros2component:/home/jakeluo/Software/ros2_rolling/install/ros2param:/home/jakeluo/Software/ros2_rolling/install/ros2lifecycle:/home/jakeluo/Software/ros2_rolling/install/ros2service:/home/jakeluo/Software/ros2_rolling/install/ros2run:/home/jakeluo/Software/ros2_rolling/install/ros2launch:/home/jakeluo/Software/ros2_rolling/install/ros2pkg:/home/jakeluo/Software/ros2_rolling/install/ros2node:/home/jakeluo/Software/ros2_rolling/install/ros2multicast:/home/jakeluo/Software/ros2_rolling/install/ros2interface:/home/jakeluo/Software/ros2_rolling/install/ros2doctor:/home/jakeluo/Software/ros2_rolling/install/ros2action:/home/jakeluo/Software/ros2_rolling/install/ros2cli:/home/jakeluo/Software/ros2_rolling/install/quality_of_service_demo_py:/home/jakeluo/Software/ros2_rolling/install/launch_testing_ros:/home/jakeluo/Software/ros2_rolling/install/launch_ros:/home/jakeluo/Software/ros2_rolling/install/examples_rclpy_pointcloud_publisher:/home/jakeluo/Software/ros2_rolling/install/examples_rclpy_minimal_subscriber:/home/jakeluo/Software/ros2_rolling/install/examples_rclpy_minimal_service:/home/jakeluo/Software/ros2_rolling/install/examples_rclpy_minimal_publisher:/home/jakeluo/Software/ros2_rolling/install/examples_rclpy_minimal_client:/home/jakeluo/Software/ros2_rolling/install/examples_rclpy_minimal_action_server:/home/jakeluo/Software/ros2_rolling/install/examples_rclpy_minimal_action_client:/home/jakeluo/Software/ros2_rolling/install/examples_rclpy_guard_conditions:/home/jakeluo/Software/ros2_rolling/install/examples_rclpy_executors:/home/jakeluo/Software/ros2_rolling/install/demo_nodes_py:/home/jakeluo/Software/ros2_rolling/install/action_tutorials_py:/home/jakeluo/Software/ros2_rolling/install/ament_uncrustify:/home/jakeluo/Software/ros2_rolling/install/tracetools_trace:/home/jakeluo/Software/ros2_rolling/install/tracetools_read:/home/jakeluo/Software/ros2_rolling/install/test_launch_ros:/home/jakeluo/Software/ros2_rolling/install/sensor_msgs_py:/home/jakeluo/Software/ros2_rolling/install/rpyutils:/home/jakeluo/Software/ros2_rolling/install/rosidl_runtime_py:/home/jakeluo/Software/ros2_rolling/install/rosidl_cli:/home/jakeluo/Software/ros2_rolling/install/launch_yaml:/home/jakeluo/Software/ros2_rolling/install/launch_xml:/home/jakeluo/Software/ros2_rolling/install/launch_testing:/home/jakeluo/Software/ros2_rolling/install/launch:/home/jakeluo/Software/ros2_rolling/install/osrf_pycommon:/home/jakeluo/Software/ros2_rolling/install/domain_coordinator:/home/jakeluo/Software/ros2_rolling/install/ament_xmllint:/home/jakeluo/Software/ros2_rolling/install/ament_pyflakes:/home/jakeluo/Software/ros2_rolling/install/ament_pycodestyle:/home/jakeluo/Software/ros2_rolling/install/ament_pep257:/home/jakeluo/Software/ros2_rolling/install/ament_pclint:/home/jakeluo/Software/ros2_rolling/install/ament_package:/home/jakeluo/Software/ros2_rolling/install/ament_mypy:/home/jakeluo/Software/ros2_rolling/install/ament_lint_cmake:/home/jakeluo/Software/ros2_rolling/install/ament_flake8:/home/jakeluo/Software/ros2_rolling/install/ament_copyright:/home/jakeluo/Software/ros2_rolling/install/ament_lint:/home/jakeluo/Software/ros2_rolling/install/ament_index_python:/home/jakeluo/Software/ros2_rolling/install/ament_cpplint:/home/jakeluo/Software/ros2_rolling/install/ament_cppcheck:/home/jakeluo/Software/ros2_rolling/install/ament_clang_tidy:/home/jakeluo/Software/ros2_rolling/install/ament_clang_format /usr/bin/cmake --build /home/jakeluo/Documents/MonitoringSystemRos2/build/droneutility -- -j12 -l12
