[0.024s] Invoking command in '/home/jakeluo/Documents/MonitoringSystemRos2/build/droneutility': /usr/bin/cmake --build /home/jakeluo/Documents/MonitoringSystemRos2/build/droneutility -- -j12 -l12
[0.110s] [35m[1mScanning dependencies of target send[0m
[0.132s] [ 25%] [32mBuilding CXX object CMakeFiles/send.dir/src/send.cpp.o[0m
[0.132s] [ 75%] Built target recv
[0.324s] [01m[K/home/jakeluo/Documents/MonitoringSystemRos2/src/droneutility/src/send.cpp:[m[K In function ‘[01m[Kint main(int, char**)[m[K’:
[0.324s] [01m[K/home/jakeluo/Documents/MonitoringSystemRos2/src/droneutility/src/send.cpp:51:22:[m[K [01;35m[Kwarning: [m[Kformat not a string literal and no format arguments [[01;35m[K-Wformat-security[m[K]
[0.324s]    51 |   std::printf(argv[1][01;35m[K)[m[K;
[0.324s]       |                      [01;35m[K^[m[K
[0.324s] [01m[K/home/jakeluo/Documents/MonitoringSystemRos2/src/droneutility/src/send.cpp:52:18:[m[K [01;35m[Kwarning: [m[Kformat ‘[01m[K%ld[m[K’ expects argument of type ‘[01m[Klong int[m[K’, but argument 2 has type ‘[01m[Kuint32_t[m[K’ {aka ‘[01m[Kunsigned int[m[K’} [[01;35m[K-Wformat=[m[K]
[0.324s]    52 |   std::printf("[01;35m[K%ld[m[K\n",[32m[Khtonl(ip)[m[K);
[0.324s]       |                [01;35m[K~~^[m[K    [32m[K~~~~~~~~~[m[K
[0.324s]       |                  [01;35m[K|[m[K         [32m[K|[m[K
[0.324s]       |                  [01;35m[Klong int[m[K  [32m[Kuint32_t {aka unsigned int}[m[K
[0.324s]       |                [32m[K%d[m[K
[0.325s] [01m[K/home/jakeluo/Documents/MonitoringSystemRos2/src/droneutility/src/send.cpp:53:18:[m[K [01;35m[Kwarning: [m[Kformat ‘[01m[K%ld[m[K’ expects argument of type ‘[01m[Klong int[m[K’, but argument 2 has type ‘[01m[Kuint32_t[m[K’ {aka ‘[01m[Kunsigned int[m[K’} [[01;35m[K-Wformat=[m[K]
[0.325s]    53 |   std::printf("[01;35m[K%ld[m[K\n",[32m[Kip[m[K);
[0.325s]       |                [01;35m[K~~^[m[K    [32m[K~~[m[K
[0.325s]       |                  [01;35m[K|[m[K    [32m[K|[m[K
[0.325s]       |                  [01;35m[K|[m[K    [32m[Kuint32_t {aka unsigned int}[m[K
[0.325s]       |                  [01;35m[Klong int[m[K
[0.325s]       |                [32m[K%d[m[K
[0.325s] [01m[K/home/jakeluo/Documents/MonitoringSystemRos2/src/droneutility/src/send.cpp:12:14:[m[K [01;35m[Kwarning: [m[Kunused parameter ‘[01m[Kargc[m[K’ [[01;35m[K-Wunused-parameter[m[K]
[0.325s]    12 | int main([01;35m[Kint argc[m[K, char** argv)
[0.325s]       |          [01;35m[K~~~~^~~~[m[K
[0.381s] [100%] [32m[1mLinking CXX executable send[0m
[0.461s] [100%] Built target send
[0.480s] Invoked command in '/home/jakeluo/Documents/MonitoringSystemRos2/build/droneutility' returned '0': /usr/bin/cmake --build /home/jakeluo/Documents/MonitoringSystemRos2/build/droneutility -- -j12 -l12
[0.569s] Invoking command in '/home/jakeluo/Documents/MonitoringSystemRos2/build/droneutility': /usr/bin/cmake --install /home/jakeluo/Documents/MonitoringSystemRos2/build/droneutility
[0.586s] -- Install configuration: ""
[0.586s] -- Up-to-date: /home/jakeluo/Documents/MonitoringSystemRos2/install/droneutility/lib/droneutility/recv
[0.586s] -- Installing: /home/jakeluo/Documents/MonitoringSystemRos2/install/droneutility/lib/droneutility/send
[0.587s] -- Up-to-date: /home/jakeluo/Documents/MonitoringSystemRos2/install/droneutility/share/ament_index/resource_index/package_run_dependencies/droneutility
[0.587s] -- Up-to-date: /home/jakeluo/Documents/MonitoringSystemRos2/install/droneutility/share/ament_index/resource_index/parent_prefix_path/droneutility
[0.587s] -- Up-to-date: /home/jakeluo/Documents/MonitoringSystemRos2/install/droneutility/share/droneutility/environment/ament_prefix_path.dsv
[0.587s] -- Up-to-date: /home/jakeluo/Documents/MonitoringSystemRos2/install/droneutility/share/droneutility/environment/path.dsv
[0.587s] -- Up-to-date: /home/jakeluo/Documents/MonitoringSystemRos2/install/droneutility/share/droneutility/local_setup.bash
[0.587s] -- Up-to-date: /home/jakeluo/Documents/MonitoringSystemRos2/install/droneutility/share/droneutility/local_setup.sh
[0.587s] -- Up-to-date: /home/jakeluo/Documents/MonitoringSystemRos2/install/droneutility/share/droneutility/local_setup.zsh
[0.587s] -- Up-to-date: /home/jakeluo/Documents/MonitoringSystemRos2/install/droneutility/share/droneutility/local_setup.dsv
[0.587s] -- Installing: /home/jakeluo/Documents/MonitoringSystemRos2/install/droneutility/share/droneutility/package.dsv
[0.587s] -- Up-to-date: /home/jakeluo/Documents/MonitoringSystemRos2/install/droneutility/share/ament_index/resource_index/packages/droneutility
[0.587s] -- Up-to-date: /home/jakeluo/Documents/MonitoringSystemRos2/install/droneutility/share/droneutility/cmake/droneutilityConfig.cmake
[0.587s] -- Up-to-date: /home/jakeluo/Documents/MonitoringSystemRos2/install/droneutility/share/droneutility/cmake/droneutilityConfig-version.cmake
[0.587s] -- Up-to-date: /home/jakeluo/Documents/MonitoringSystemRos2/install/droneutility/share/droneutility/package.xml
[0.589s] Invoked command in '/home/jakeluo/Documents/MonitoringSystemRos2/build/droneutility' returned '0': /usr/bin/cmake --install /home/jakeluo/Documents/MonitoringSystemRos2/build/droneutility
