[0.036s] Invoking command in '/home/jakeluo/Documents/MonitoringSystemRos2/src/build/droneinterfaces': CMAKE_PREFIX_PATH=${CMAKE_PREFIX_PATH}:/home/jakeluo/Documents/MonitoringSystemRos2/src/install/humanpose:/home/jakeluo/Software/ros2_rolling/install/rqt_bag_plugins:/home/jakeluo/Software/ros2_rolling/install/rqt_bag:/home/jakeluo/Software/ros2_rolling/install/ros2bag:/home/jakeluo/Software/ros2_rolling/install/tracetools_test:/home/jakeluo/Software/ros2_rolling/install/tracetools_launch:/home/jakeluo/Software/ros2_rolling/install/topic_monitor:/home/jakeluo/Software/ros2_rolling/install/tf2_tools:/home/jakeluo/Software/ros2_rolling/install/examples_tf2_py:/home/jakeluo/Software/ros2_rolling/install/tf2_ros_py:/home/jakeluo/Software/ros2_rolling/install/sros2:/home/jakeluo/Software/ros2_rolling/install/rqt_topic:/home/jakeluo/Software/ros2_rolling/install/rqt_top:/home/jakeluo/Software/ros2_rolling/install/rqt_srv:/home/jakeluo/Software/ros2_rolling/install/rqt_shell:/home/jakeluo/Software/ros2_rolling/install/rqt_service_caller:/home/jakeluo/Software/ros2_rolling/install/rqt_reconfigure:/home/jakeluo/Software/ros2_rolling/install/rqt_py_console:/home/jakeluo/Software/ros2_rolling/install/rqt_publisher:/home/jakeluo/Software/ros2_rolling/install/rqt_plot:/home/jakeluo/Software/ros2_rolling/install/rqt_action:/home/jakeluo/Software/ros2_rolling/install/rqt_msg:/home/jakeluo/Software/ros2_rolling/install/rqt_console:/home/jakeluo/Software/ros2_rolling/install/rqt:/home/jakeluo/Software/ros2_rolling/install/rqt_graph:/home/jakeluo/Software/ros2_rolling/install/rqt_gui_py:/home/jakeluo/Software/ros2_rolling/install/rqt_gui:/home/jakeluo/Software/ros2_rolling/install/ros2trace:/home/jakeluo/Software/ros2_rolling/install/ros2topic:/home/jakeluo/Software/ros2_rolling/install/ros2test:/home/jakeluo/Software/ros2_rolling/install/ros2component:/home/jakeluo/Software/ros2_rolling/install/ros2param:/home/jakeluo/Software/ros2_rolling/install/ros2lifecycle:/home/jakeluo/Software/ros2_rolling/install/ros2service:/home/jakeluo/Software/ros2_rolling/install/ros2run:/home/jakeluo/Software/ros2_rolling/install/ros2launch:/home/jakeluo/Software/ros2_rolling/install/ros2pkg:/home/jakeluo/Software/ros2_rolling/install/ros2node:/home/jakeluo/Software/ros2_rolling/install/ros2multicast:/home/jakeluo/Software/ros2_rolling/install/ros2interface:/home/jakeluo/Software/ros2_rolling/install/ros2doctor:/home/jakeluo/Software/ros2_rolling/install/ros2action:/home/jakeluo/Software/ros2_rolling/install/ros2cli:/home/jakeluo/Software/ros2_rolling/install/quality_of_service_demo_py:/home/jakeluo/Software/ros2_rolling/install/launch_testing_ros:/home/jakeluo/Software/ros2_rolling/install/launch_ros:/home/jakeluo/Software/ros2_rolling/install/examples_rclpy_pointcloud_publisher:/home/jakeluo/Software/ros2_rolling/install/examples_rclpy_minimal_subscriber:/home/jakeluo/Software/ros2_rolling/install/examples_rclpy_minimal_service:/home/jakeluo/Software/ros2_rolling/install/examples_rclpy_minimal_publisher:/home/jakeluo/Software/ros2_rolling/install/examples_rclpy_minimal_client:/home/jakeluo/Software/ros2_rolling/install/examples_rclpy_minimal_action_server:/home/jakeluo/Software/ros2_rolling/install/examples_rclpy_minimal_action_client:/home/jakeluo/Software/ros2_rolling/install/examples_rclpy_guard_conditions:/home/jakeluo/Software/ros2_rolling/install/examples_rclpy_executors:/home/jakeluo/Software/ros2_rolling/install/demo_nodes_py:/home/jakeluo/Software/ros2_rolling/install/action_tutorials_py:/home/jakeluo/Software/ros2_rolling/install/ament_uncrustify:/home/jakeluo/Software/ros2_rolling/install/tracetools_trace:/home/jakeluo/Software/ros2_rolling/install/tracetools_read:/home/jakeluo/Software/ros2_rolling/install/test_launch_ros:/home/jakeluo/Software/ros2_rolling/install/sensor_msgs_py:/home/jakeluo/Software/ros2_rolling/install/rpyutils:/home/jakeluo/Software/ros2_rolling/install/rosidl_runtime_py:/home/jakeluo/Software/ros2_rolling/install/rosidl_cli:/home/jakeluo/Software/ros2_rolling/install/launch_yaml:/home/jakeluo/Software/ros2_rolling/install/launch_xml:/home/jakeluo/Software/ros2_rolling/install/launch_testing:/home/jakeluo/Software/ros2_rolling/install/launch:/home/jakeluo/Software/ros2_rolling/install/osrf_pycommon:/home/jakeluo/Software/ros2_rolling/install/domain_coordinator:/home/jakeluo/Software/ros2_rolling/install/ament_xmllint:/home/jakeluo/Software/ros2_rolling/install/ament_pyflakes:/home/jakeluo/Software/ros2_rolling/install/ament_pycodestyle:/home/jakeluo/Software/ros2_rolling/install/ament_pep257:/home/jakeluo/Software/ros2_rolling/install/ament_pclint:/home/jakeluo/Software/ros2_rolling/install/ament_package:/home/jakeluo/Software/ros2_rolling/install/ament_mypy:/home/jakeluo/Software/ros2_rolling/install/ament_lint_cmake:/home/jakeluo/Software/ros2_rolling/install/ament_flake8:/home/jakeluo/Software/ros2_rolling/install/ament_copyright:/home/jakeluo/Software/ros2_rolling/install/ament_lint:/home/jakeluo/Software/ros2_rolling/install/ament_index_python:/home/jakeluo/Software/ros2_rolling/install/ament_cpplint:/home/jakeluo/Software/ros2_rolling/install/ament_cppcheck:/home/jakeluo/Software/ros2_rolling/install/ament_clang_tidy:/home/jakeluo/Software/ros2_rolling/install/ament_clang_format /usr/bin/cmake --build /home/jakeluo/Documents/MonitoringSystemRos2/src/build/droneinterfaces -- -j12 -l12
[0.146s] [  0%] Built target droneinterfaces__cpp
[0.147s] [ 12%] Built target droneinterfaces__rosidl_generator_c
[0.164s] [ 12%] Built target ament_cmake_python_symlink_droneinterfaces
[0.195s] [ 60%] Built target droneinterfaces__rosidl_typesupport_c
[0.195s] [ 60%] Built target droneinterfaces__rosidl_typesupport_introspection_cpp
[0.195s] [ 60%] Built target droneinterfaces__rosidl_typesupport_introspection_c
[0.195s] [ 60%] Built target droneinterfaces__rosidl_typesupport_cpp
[0.196s] [ 71%] Built target droneinterfaces__rosidl_typesupport_fastrtps_cpp
[0.249s] [ 83%] Built target droneinterfaces__rosidl_typesupport_fastrtps_c
[0.294s] [ 83%] Built target droneinterfaces
[0.340s] [ 84%] Built target droneinterfaces__py
[0.393s] [ 95%] Built target droneinterfaces__python
[0.442s] [ 99%] Built target droneinterfaces__rosidl_typesupport_c__pyext
[0.443s] [100%] Built target droneinterfaces__rosidl_typesupport_fastrtps_c__pyext
[0.443s] [100%] Built target droneinterfaces__rosidl_typesupport_introspection_c__pyext
[0.659s] running egg_info
[0.660s] writing droneinterfaces.egg-info/PKG-INFO
[0.660s] writing dependency_links to droneinterfaces.egg-info/dependency_links.txt
[0.660s] writing top-level names to droneinterfaces.egg-info/top_level.txt
[3.565s] writing manifest file 'droneinterfaces.egg-info/SOURCES.txt'
[3.596s] [100%] Built target ament_cmake_python_build_droneinterfaces_egg
[3.615s] Invoked command in '/home/jakeluo/Documents/MonitoringSystemRos2/src/build/droneinterfaces' returned '0': CMAKE_PREFIX_PATH=${CMAKE_PREFIX_PATH}:/home/jakeluo/Documents/MonitoringSystemRos2/src/install/humanpose:/home/jakeluo/Software/ros2_rolling/install/rqt_bag_plugins:/home/jakeluo/Software/ros2_rolling/install/rqt_bag:/home/jakeluo/Software/ros2_rolling/install/ros2bag:/home/jakeluo/Software/ros2_rolling/install/tracetools_test:/home/jakeluo/Software/ros2_rolling/install/tracetools_launch:/home/jakeluo/Software/ros2_rolling/install/topic_monitor:/home/jakeluo/Software/ros2_rolling/install/tf2_tools:/home/jakeluo/Software/ros2_rolling/install/examples_tf2_py:/home/jakeluo/Software/ros2_rolling/install/tf2_ros_py:/home/jakeluo/Software/ros2_rolling/install/sros2:/home/jakeluo/Software/ros2_rolling/install/rqt_topic:/home/jakeluo/Software/ros2_rolling/install/rqt_top:/home/jakeluo/Software/ros2_rolling/install/rqt_srv:/home/jakeluo/Software/ros2_rolling/install/rqt_shell:/home/jakeluo/Software/ros2_rolling/install/rqt_service_caller:/home/jakeluo/Software/ros2_rolling/install/rqt_reconfigure:/home/jakeluo/Software/ros2_rolling/install/rqt_py_console:/home/jakeluo/Software/ros2_rolling/install/rqt_publisher:/home/jakeluo/Software/ros2_rolling/install/rqt_plot:/home/jakeluo/Software/ros2_rolling/install/rqt_action:/home/jakeluo/Software/ros2_rolling/install/rqt_msg:/home/jakeluo/Software/ros2_rolling/install/rqt_console:/home/jakeluo/Software/ros2_rolling/install/rqt:/home/jakeluo/Software/ros2_rolling/install/rqt_graph:/home/jakeluo/Software/ros2_rolling/install/rqt_gui_py:/home/jakeluo/Software/ros2_rolling/install/rqt_gui:/home/jakeluo/Software/ros2_rolling/install/ros2trace:/home/jakeluo/Software/ros2_rolling/install/ros2topic:/home/jakeluo/Software/ros2_rolling/install/ros2test:/home/jakeluo/Software/ros2_rolling/install/ros2component:/home/jakeluo/Software/ros2_rolling/install/ros2param:/home/jakeluo/Software/ros2_rolling/install/ros2lifecycle:/home/jakeluo/Software/ros2_rolling/install/ros2service:/home/jakeluo/Software/ros2_rolling/install/ros2run:/home/jakeluo/Software/ros2_rolling/install/ros2launch:/home/jakeluo/Software/ros2_rolling/install/ros2pkg:/home/jakeluo/Software/ros2_rolling/install/ros2node:/home/jakeluo/Software/ros2_rolling/install/ros2multicast:/home/jakeluo/Software/ros2_rolling/install/ros2interface:/home/jakeluo/Software/ros2_rolling/install/ros2doctor:/home/jakeluo/Software/ros2_rolling/install/ros2action:/home/jakeluo/Software/ros2_rolling/install/ros2cli:/home/jakeluo/Software/ros2_rolling/install/quality_of_service_demo_py:/home/jakeluo/Software/ros2_rolling/install/launch_testing_ros:/home/jakeluo/Software/ros2_rolling/install/launch_ros:/home/jakeluo/Software/ros2_rolling/install/examples_rclpy_pointcloud_publisher:/home/jakeluo/Software/ros2_rolling/install/examples_rclpy_minimal_subscriber:/home/jakeluo/Software/ros2_rolling/install/examples_rclpy_minimal_service:/home/jakeluo/Software/ros2_rolling/install/examples_rclpy_minimal_publisher:/home/jakeluo/Software/ros2_rolling/install/examples_rclpy_minimal_client:/home/jakeluo/Software/ros2_rolling/install/examples_rclpy_minimal_action_server:/home/jakeluo/Software/ros2_rolling/install/examples_rclpy_minimal_action_client:/home/jakeluo/Software/ros2_rolling/install/examples_rclpy_guard_conditions:/home/jakeluo/Software/ros2_rolling/install/examples_rclpy_executors:/home/jakeluo/Software/ros2_rolling/install/demo_nodes_py:/home/jakeluo/Software/ros2_rolling/install/action_tutorials_py:/home/jakeluo/Software/ros2_rolling/install/ament_uncrustify:/home/jakeluo/Software/ros2_rolling/install/tracetools_trace:/home/jakeluo/Software/ros2_rolling/install/tracetools_read:/home/jakeluo/Software/ros2_rolling/install/test_launch_ros:/home/jakeluo/Software/ros2_rolling/install/sensor_msgs_py:/home/jakeluo/Software/ros2_rolling/install/rpyutils:/home/jakeluo/Software/ros2_rolling/install/rosidl_runtime_py:/home/jakeluo/Software/ros2_rolling/install/rosidl_cli:/home/jakeluo/Software/ros2_rolling/install/launch_yaml:/home/jakeluo/Software/ros2_rolling/install/launch_xml:/home/jakeluo/Software/ros2_rolling/install/launch_testing:/home/jakeluo/Software/ros2_rolling/install/launch:/home/jakeluo/Software/ros2_rolling/install/osrf_pycommon:/home/jakeluo/Software/ros2_rolling/install/domain_coordinator:/home/jakeluo/Software/ros2_rolling/install/ament_xmllint:/home/jakeluo/Software/ros2_rolling/install/ament_pyflakes:/home/jakeluo/Software/ros2_rolling/install/ament_pycodestyle:/home/jakeluo/Software/ros2_rolling/install/ament_pep257:/home/jakeluo/Software/ros2_rolling/install/ament_pclint:/home/jakeluo/Software/ros2_rolling/install/ament_package:/home/jakeluo/Software/ros2_rolling/install/ament_mypy:/home/jakeluo/Software/ros2_rolling/install/ament_lint_cmake:/home/jakeluo/Software/ros2_rolling/install/ament_flake8:/home/jakeluo/Software/ros2_rolling/install/ament_copyright:/home/jakeluo/Software/ros2_rolling/install/ament_lint:/home/jakeluo/Software/ros2_rolling/install/ament_index_python:/home/jakeluo/Software/ros2_rolling/install/ament_cpplint:/home/jakeluo/Software/ros2_rolling/install/ament_cppcheck:/home/jakeluo/Software/ros2_rolling/install/ament_clang_tidy:/home/jakeluo/Software/ros2_rolling/install/ament_clang_format /usr/bin/cmake --build /home/jakeluo/Documents/MonitoringSystemRos2/src/build/droneinterfaces -- -j12 -l12
[4.389s] Invoking command in '/home/jakeluo/Documents/MonitoringSystemRos2/src/build/droneinterfaces': CMAKE_PREFIX_PATH=${CMAKE_PREFIX_PATH}:/home/jakeluo/Documents/MonitoringSystemRos2/src/install/humanpose:/home/jakeluo/Software/ros2_rolling/install/rqt_bag_plugins:/home/jakeluo/Software/ros2_rolling/install/rqt_bag:/home/jakeluo/Software/ros2_rolling/install/ros2bag:/home/jakeluo/Software/ros2_rolling/install/tracetools_test:/home/jakeluo/Software/ros2_rolling/install/tracetools_launch:/home/jakeluo/Software/ros2_rolling/install/topic_monitor:/home/jakeluo/Software/ros2_rolling/install/tf2_tools:/home/jakeluo/Software/ros2_rolling/install/examples_tf2_py:/home/jakeluo/Software/ros2_rolling/install/tf2_ros_py:/home/jakeluo/Software/ros2_rolling/install/sros2:/home/jakeluo/Software/ros2_rolling/install/rqt_topic:/home/jakeluo/Software/ros2_rolling/install/rqt_top:/home/jakeluo/Software/ros2_rolling/install/rqt_srv:/home/jakeluo/Software/ros2_rolling/install/rqt_shell:/home/jakeluo/Software/ros2_rolling/install/rqt_service_caller:/home/jakeluo/Software/ros2_rolling/install/rqt_reconfigure:/home/jakeluo/Software/ros2_rolling/install/rqt_py_console:/home/jakeluo/Software/ros2_rolling/install/rqt_publisher:/home/jakeluo/Software/ros2_rolling/install/rqt_plot:/home/jakeluo/Software/ros2_rolling/install/rqt_action:/home/jakeluo/Software/ros2_rolling/install/rqt_msg:/home/jakeluo/Software/ros2_rolling/install/rqt_console:/home/jakeluo/Software/ros2_rolling/install/rqt:/home/jakeluo/Software/ros2_rolling/install/rqt_graph:/home/jakeluo/Software/ros2_rolling/install/rqt_gui_py:/home/jakeluo/Software/ros2_rolling/install/rqt_gui:/home/jakeluo/Software/ros2_rolling/install/ros2trace:/home/jakeluo/Software/ros2_rolling/install/ros2topic:/home/jakeluo/Software/ros2_rolling/install/ros2test:/home/jakeluo/Software/ros2_rolling/install/ros2component:/home/jakeluo/Software/ros2_rolling/install/ros2param:/home/jakeluo/Software/ros2_rolling/install/ros2lifecycle:/home/jakeluo/Software/ros2_rolling/install/ros2service:/home/jakeluo/Software/ros2_rolling/install/ros2run:/home/jakeluo/Software/ros2_rolling/install/ros2launch:/home/jakeluo/Software/ros2_rolling/install/ros2pkg:/home/jakeluo/Software/ros2_rolling/install/ros2node:/home/jakeluo/Software/ros2_rolling/install/ros2multicast:/home/jakeluo/Software/ros2_rolling/install/ros2interface:/home/jakeluo/Software/ros2_rolling/install/ros2doctor:/home/jakeluo/Software/ros2_rolling/install/ros2action:/home/jakeluo/Software/ros2_rolling/install/ros2cli:/home/jakeluo/Software/ros2_rolling/install/quality_of_service_demo_py:/home/jakeluo/Software/ros2_rolling/install/launch_testing_ros:/home/jakeluo/Software/ros2_rolling/install/launch_ros:/home/jakeluo/Software/ros2_rolling/install/examples_rclpy_pointcloud_publisher:/home/jakeluo/Software/ros2_rolling/install/examples_rclpy_minimal_subscriber:/home/jakeluo/Software/ros2_rolling/install/examples_rclpy_minimal_service:/home/jakeluo/Software/ros2_rolling/install/examples_rclpy_minimal_publisher:/home/jakeluo/Software/ros2_rolling/install/examples_rclpy_minimal_client:/home/jakeluo/Software/ros2_rolling/install/examples_rclpy_minimal_action_server:/home/jakeluo/Software/ros2_rolling/install/examples_rclpy_minimal_action_client:/home/jakeluo/Software/ros2_rolling/install/examples_rclpy_guard_conditions:/home/jakeluo/Software/ros2_rolling/install/examples_rclpy_executors:/home/jakeluo/Software/ros2_rolling/install/demo_nodes_py:/home/jakeluo/Software/ros2_rolling/install/action_tutorials_py:/home/jakeluo/Software/ros2_rolling/install/ament_uncrustify:/home/jakeluo/Software/ros2_rolling/install/tracetools_trace:/home/jakeluo/Software/ros2_rolling/install/tracetools_read:/home/jakeluo/Software/ros2_rolling/install/test_launch_ros:/home/jakeluo/Software/ros2_rolling/install/sensor_msgs_py:/home/jakeluo/Software/ros2_rolling/install/rpyutils:/home/jakeluo/Software/ros2_rolling/install/rosidl_runtime_py:/home/jakeluo/Software/ros2_rolling/install/rosidl_cli:/home/jakeluo/Software/ros2_rolling/install/launch_yaml:/home/jakeluo/Software/ros2_rolling/install/launch_xml:/home/jakeluo/Software/ros2_rolling/install/launch_testing:/home/jakeluo/Software/ros2_rolling/install/launch:/home/jakeluo/Software/ros2_rolling/install/osrf_pycommon:/home/jakeluo/Software/ros2_rolling/install/domain_coordinator:/home/jakeluo/Software/ros2_rolling/install/ament_xmllint:/home/jakeluo/Software/ros2_rolling/install/ament_pyflakes:/home/jakeluo/Software/ros2_rolling/install/ament_pycodestyle:/home/jakeluo/Software/ros2_rolling/install/ament_pep257:/home/jakeluo/Software/ros2_rolling/install/ament_pclint:/home/jakeluo/Software/ros2_rolling/install/ament_package:/home/jakeluo/Software/ros2_rolling/install/ament_mypy:/home/jakeluo/Software/ros2_rolling/install/ament_lint_cmake:/home/jakeluo/Software/ros2_rolling/install/ament_flake8:/home/jakeluo/Software/ros2_rolling/install/ament_copyright:/home/jakeluo/Software/ros2_rolling/install/ament_lint:/home/jakeluo/Software/ros2_rolling/install/ament_index_python:/home/jakeluo/Software/ros2_rolling/install/ament_cpplint:/home/jakeluo/Software/ros2_rolling/install/ament_cppcheck:/home/jakeluo/Software/ros2_rolling/install/ament_clang_tidy:/home/jakeluo/Software/ros2_rolling/install/ament_clang_format /usr/bin/cmake --install /home/jakeluo/Documents/MonitoringSystemRos2/src/build/droneinterfaces
[4.406s] -- Install configuration: "RelWithDebInfo"
[4.406s] -- Execute custom install script
[4.406s] -- Up-to-date symlink: /home/jakeluo/Documents/MonitoringSystemRos2/src/install/droneinterfaces/share/ament_index/resource_index/rosidl_interfaces/droneinterfaces
[4.407s] -- Up-to-date symlink: /home/jakeluo/Documents/MonitoringSystemRos2/src/install/droneinterfaces/include/droneinterfaces/action/detail/go_point__functions.h
[4.408s] -- Up-to-date symlink: /home/jakeluo/Documents/MonitoringSystemRos2/src/install/droneinterfaces/include/droneinterfaces/action/detail/go_point__struct.h
[4.408s] -- Up-to-date symlink: /home/jakeluo/Documents/MonitoringSystemRos2/src/install/droneinterfaces/include/droneinterfaces/action/detail/go_point__type_support.h
[4.408s] -- Up-to-date symlink: /home/jakeluo/Documents/MonitoringSystemRos2/src/install/droneinterfaces/include/droneinterfaces/action/go_point.h
[4.408s] -- Up-to-date symlink: /home/jakeluo/Documents/MonitoringSystemRos2/src/install/droneinterfaces/include/droneinterfaces/msg/detail/frame_array__functions.h
[4.408s] -- Up-to-date symlink: /home/jakeluo/Documents/MonitoringSystemRos2/src/install/droneinterfaces/include/droneinterfaces/msg/detail/frame_array__struct.h
[4.408s] -- Up-to-date symlink: /home/jakeluo/Documents/MonitoringSystemRos2/src/install/droneinterfaces/include/droneinterfaces/msg/detail/frame_array__type_support.h
[4.408s] -- Up-to-date symlink: /home/jakeluo/Documents/MonitoringSystemRos2/src/install/droneinterfaces/include/droneinterfaces/msg/detail/human_pose_coor__functions.h
[4.409s] -- Up-to-date symlink: /home/jakeluo/Documents/MonitoringSystemRos2/src/install/droneinterfaces/include/droneinterfaces/msg/detail/human_pose_coor__struct.h
[4.409s] -- Up-to-date symlink: /home/jakeluo/Documents/MonitoringSystemRos2/src/install/droneinterfaces/include/droneinterfaces/msg/detail/human_pose_coor__type_support.h
[4.409s] -- Up-to-date symlink: /home/jakeluo/Documents/MonitoringSystemRos2/src/install/droneinterfaces/include/droneinterfaces/msg/detail/position_array__functions.h
[4.409s] -- Up-to-date symlink: /home/jakeluo/Documents/MonitoringSystemRos2/src/install/droneinterfaces/include/droneinterfaces/msg/detail/position_array__struct.h
[4.409s] -- Up-to-date symlink: /home/jakeluo/Documents/MonitoringSystemRos2/src/install/droneinterfaces/include/droneinterfaces/msg/detail/position_array__type_support.h
[4.411s] -- Up-to-date symlink: /home/jakeluo/Documents/MonitoringSystemRos2/src/install/droneinterfaces/include/droneinterfaces/msg/detail/target_location__functions.h
[4.411s] -- Up-to-date symlink: /home/jakeluo/Documents/MonitoringSystemRos2/src/install/droneinterfaces/include/droneinterfaces/msg/detail/target_location__struct.h
[4.411s] -- Up-to-date symlink: /home/jakeluo/Documents/MonitoringSystemRos2/src/install/droneinterfaces/include/droneinterfaces/msg/detail/target_location__type_support.h
[4.411s] -- Up-to-date symlink: /home/jakeluo/Documents/MonitoringSystemRos2/src/install/droneinterfaces/include/droneinterfaces/msg/frame_array.h
[4.411s] -- Up-to-date symlink: /home/jakeluo/Documents/MonitoringSystemRos2/src/install/droneinterfaces/include/droneinterfaces/msg/human_pose_coor.h
[4.411s] -- Up-to-date symlink: /home/jakeluo/Documents/MonitoringSystemRos2/src/install/droneinterfaces/include/droneinterfaces/msg/position_array.h
[4.412s] -- Up-to-date symlink: /home/jakeluo/Documents/MonitoringSystemRos2/src/install/droneinterfaces/include/droneinterfaces/msg/rosidl_generator_c__visibility_control.h
[4.412s] -- Up-to-date symlink: /home/jakeluo/Documents/MonitoringSystemRos2/src/install/droneinterfaces/include/droneinterfaces/msg/target_location.h
[4.412s] -- Up-to-date symlink: /home/jakeluo/Documents/MonitoringSystemRos2/src/install/droneinterfaces/include/droneinterfaces/srv/detail/drone_controller__functions.h
[4.412s] -- Up-to-date symlink: /home/jakeluo/Documents/MonitoringSystemRos2/src/install/droneinterfaces/include/droneinterfaces/srv/detail/drone_controller__struct.h
[4.412s] -- Up-to-date symlink: /home/jakeluo/Documents/MonitoringSystemRos2/src/install/droneinterfaces/include/droneinterfaces/srv/detail/drone_controller__type_support.h
[4.412s] -- Up-to-date symlink: /home/jakeluo/Documents/MonitoringSystemRos2/src/install/droneinterfaces/include/droneinterfaces/srv/detail/drone_map__functions.h
[4.412s] -- Up-to-date symlink: /home/jakeluo/Documents/MonitoringSystemRos2/src/install/droneinterfaces/include/droneinterfaces/srv/detail/drone_map__struct.h
[4.413s] -- Up-to-date symlink: /home/jakeluo/Documents/MonitoringSystemRos2/src/install/droneinterfaces/include/droneinterfaces/srv/detail/drone_map__type_support.h
[4.413s] -- Up-to-date symlink: /home/jakeluo/Documents/MonitoringSystemRos2/src/install/droneinterfaces/include/droneinterfaces/srv/detail/drone_pool_status__functions.h
[4.413s] -- Up-to-date symlink: /home/jakeluo/Documents/MonitoringSystemRos2/src/install/droneinterfaces/include/droneinterfaces/srv/detail/drone_pool_status__struct.h
[4.413s] -- Up-to-date symlink: /home/jakeluo/Documents/MonitoringSystemRos2/src/install/droneinterfaces/include/droneinterfaces/srv/detail/drone_pool_status__type_support.h
[4.413s] -- Up-to-date symlink: /home/jakeluo/Documents/MonitoringSystemRos2/src/install/droneinterfaces/include/droneinterfaces/srv/detail/drone_register__functions.h
[4.413s] -- Up-to-date symlink: /home/jakeluo/Documents/MonitoringSystemRos2/src/install/droneinterfaces/include/droneinterfaces/srv/detail/drone_register__struct.h
[4.414s] -- Up-to-date symlink: /home/jakeluo/Documents/MonitoringSystemRos2/src/install/droneinterfaces/include/droneinterfaces/srv/detail/drone_register__type_support.h
[4.414s] -- Up-to-date symlink: /home/jakeluo/Documents/MonitoringSystemRos2/src/install/droneinterfaces/include/droneinterfaces/srv/detail/drone_shut_down__functions.h
[4.414s] -- Up-to-date symlink: /home/jakeluo/Documents/MonitoringSystemRos2/src/install/droneinterfaces/include/droneinterfaces/srv/detail/drone_shut_down__struct.h
[4.414s] -- Up-to-date symlink: /home/jakeluo/Documents/MonitoringSystemRos2/src/install/droneinterfaces/include/droneinterfaces/srv/detail/drone_shut_down__type_support.h
[4.414s] -- Up-to-date symlink: /home/jakeluo/Documents/MonitoringSystemRos2/src/install/droneinterfaces/include/droneinterfaces/srv/detail/drone_slam__functions.h
[4.414s] -- Up-to-date symlink: /home/jakeluo/Documents/MonitoringSystemRos2/src/install/droneinterfaces/include/droneinterfaces/srv/detail/drone_slam__struct.h
[4.415s] -- Up-to-date symlink: /home/jakeluo/Documents/MonitoringSystemRos2/src/install/droneinterfaces/include/droneinterfaces/srv/detail/drone_slam__type_support.h
[4.415s] -- Up-to-date symlink: /home/jakeluo/Documents/MonitoringSystemRos2/src/install/droneinterfaces/include/droneinterfaces/srv/detail/go_to_point__functions.h
[4.415s] -- Up-to-date symlink: /home/jakeluo/Documents/MonitoringSystemRos2/src/install/droneinterfaces/include/droneinterfaces/srv/detail/go_to_point__struct.h
[4.415s] -- Up-to-date symlink: /home/jakeluo/Documents/MonitoringSystemRos2/src/install/droneinterfaces/include/droneinterfaces/srv/detail/go_to_point__type_support.h
[4.415s] -- Up-to-date symlink: /home/jakeluo/Documents/MonitoringSystemRos2/src/install/droneinterfaces/include/droneinterfaces/srv/drone_controller.h
[4.415s] -- Up-to-date symlink: /home/jakeluo/Documents/MonitoringSystemRos2/src/install/droneinterfaces/include/droneinterfaces/srv/drone_map.h
[4.415s] -- Up-to-date symlink: /home/jakeluo/Documents/MonitoringSystemRos2/src/install/droneinterfaces/include/droneinterfaces/srv/drone_pool_status.h
[4.416s] -- Up-to-date symlink: /home/jakeluo/Documents/MonitoringSystemRos2/src/install/droneinterfaces/include/droneinterfaces/srv/drone_register.h
[4.416s] -- Up-to-date symlink: /home/jakeluo/Documents/MonitoringSystemRos2/src/install/droneinterfaces/include/droneinterfaces/srv/drone_shut_down.h
[4.416s] -- Up-to-date symlink: /home/jakeluo/Documents/MonitoringSystemRos2/src/install/droneinterfaces/include/droneinterfaces/srv/drone_slam.h
[4.416s] -- Up-to-date symlink: /home/jakeluo/Documents/MonitoringSystemRos2/src/install/droneinterfaces/include/droneinterfaces/srv/go_to_point.h
[4.416s] -- Up-to-date symlink: /home/jakeluo/Documents/MonitoringSystemRos2/src/install/droneinterfaces/share/droneinterfaces/environment/library_path.sh
[4.417s] -- Up-to-date symlink: /home/jakeluo/Documents/MonitoringSystemRos2/src/install/droneinterfaces/share/droneinterfaces/environment/library_path.dsv
[4.417s] -- Up-to-date symlink: /home/jakeluo/Documents/MonitoringSystemRos2/src/install/droneinterfaces/include/droneinterfaces/action/detail/go_point__rosidl_typesupport_introspection_c.h
[4.417s] -- Up-to-date symlink: /home/jakeluo/Documents/MonitoringSystemRos2/src/install/droneinterfaces/include/droneinterfaces/msg/detail/frame_array__rosidl_typesupport_introspection_c.h
[4.418s] -- Up-to-date symlink: /home/jakeluo/Documents/MonitoringSystemRos2/src/install/droneinterfaces/include/droneinterfaces/msg/detail/human_pose_coor__rosidl_typesupport_introspection_c.h
[4.418s] -- Up-to-date symlink: /home/jakeluo/Documents/MonitoringSystemRos2/src/install/droneinterfaces/include/droneinterfaces/msg/detail/position_array__rosidl_typesupport_introspection_c.h
[4.418s] -- Up-to-date symlink: /home/jakeluo/Documents/MonitoringSystemRos2/src/install/droneinterfaces/include/droneinterfaces/msg/detail/target_location__rosidl_typesupport_introspection_c.h
[4.418s] -- Up-to-date symlink: /home/jakeluo/Documents/MonitoringSystemRos2/src/install/droneinterfaces/include/droneinterfaces/msg/rosidl_typesupport_introspection_c__visibility_control.h
[4.418s] -- Up-to-date symlink: /home/jakeluo/Documents/MonitoringSystemRos2/src/install/droneinterfaces/include/droneinterfaces/srv/detail/drone_controller__rosidl_typesupport_introspection_c.h
[4.418s] -- Up-to-date symlink: /home/jakeluo/Documents/MonitoringSystemRos2/src/install/droneinterfaces/include/droneinterfaces/srv/detail/drone_map__rosidl_typesupport_introspection_c.h
[4.418s] -- Up-to-date symlink: /home/jakeluo/Documents/MonitoringSystemRos2/src/install/droneinterfaces/include/droneinterfaces/srv/detail/drone_pool_status__rosidl_typesupport_introspection_c.h
[4.419s] -- Up-to-date symlink: /home/jakeluo/Documents/MonitoringSystemRos2/src/install/droneinterfaces/include/droneinterfaces/srv/detail/drone_register__rosidl_typesupport_introspection_c.h
[4.419s] -- Up-to-date symlink: /home/jakeluo/Documents/MonitoringSystemRos2/src/install/droneinterfaces/include/droneinterfaces/srv/detail/drone_shut_down__rosidl_typesupport_introspection_c.h
[4.419s] -- Up-to-date symlink: /home/jakeluo/Documents/MonitoringSystemRos2/src/install/droneinterfaces/include/droneinterfaces/srv/detail/drone_slam__rosidl_typesupport_introspection_c.h
[4.419s] -- Up-to-date symlink: /home/jakeluo/Documents/MonitoringSystemRos2/src/install/droneinterfaces/include/droneinterfaces/srv/detail/go_to_point__rosidl_typesupport_introspection_c.h
[4.420s] -- Up-to-date symlink: /home/jakeluo/Documents/MonitoringSystemRos2/src/install/droneinterfaces/include/droneinterfaces/action/detail/go_point__rosidl_typesupport_fastrtps_c.h
[4.420s] -- Up-to-date symlink: /home/jakeluo/Documents/MonitoringSystemRos2/src/install/droneinterfaces/include/droneinterfaces/msg/detail/frame_array__rosidl_typesupport_fastrtps_c.h
[4.420s] -- Up-to-date symlink: /home/jakeluo/Documents/MonitoringSystemRos2/src/install/droneinterfaces/include/droneinterfaces/msg/detail/human_pose_coor__rosidl_typesupport_fastrtps_c.h
[4.420s] -- Up-to-date symlink: /home/jakeluo/Documents/MonitoringSystemRos2/src/install/droneinterfaces/include/droneinterfaces/msg/detail/position_array__rosidl_typesupport_fastrtps_c.h
[4.420s] -- Up-to-date symlink: /home/jakeluo/Documents/MonitoringSystemRos2/src/install/droneinterfaces/include/droneinterfaces/msg/detail/target_location__rosidl_typesupport_fastrtps_c.h
[4.421s] -- Up-to-date symlink: /home/jakeluo/Documents/MonitoringSystemRos2/src/install/droneinterfaces/include/droneinterfaces/msg/rosidl_typesupport_fastrtps_c__visibility_control.h
[4.421s] -- Up-to-date symlink: /home/jakeluo/Documents/MonitoringSystemRos2/src/install/droneinterfaces/include/droneinterfaces/srv/detail/drone_controller__rosidl_typesupport_fastrtps_c.h
[4.421s] -- Up-to-date symlink: /home/jakeluo/Documents/MonitoringSystemRos2/src/install/droneinterfaces/include/droneinterfaces/srv/detail/drone_map__rosidl_typesupport_fastrtps_c.h
[4.421s] -- Up-to-date symlink: /home/jakeluo/Documents/MonitoringSystemRos2/src/install/droneinterfaces/include/droneinterfaces/srv/detail/drone_pool_status__rosidl_typesupport_fastrtps_c.h
[4.421s] -- Up-to-date symlink: /home/jakeluo/Documents/MonitoringSystemRos2/src/install/droneinterfaces/include/droneinterfaces/srv/detail/drone_register__rosidl_typesupport_fastrtps_c.h
[4.422s] -- Up-to-date symlink: /home/jakeluo/Documents/MonitoringSystemRos2/src/install/droneinterfaces/include/droneinterfaces/srv/detail/drone_shut_down__rosidl_typesupport_fastrtps_c.h
[4.422s] -- Up-to-date symlink: /home/jakeluo/Documents/MonitoringSystemRos2/src/install/droneinterfaces/include/droneinterfaces/srv/detail/drone_slam__rosidl_typesupport_fastrtps_c.h
[4.422s] -- Up-to-date symlink: /home/jakeluo/Documents/MonitoringSystemRos2/src/install/droneinterfaces/include/droneinterfaces/srv/detail/go_to_point__rosidl_typesupport_fastrtps_c.h
[4.423s] -- Up-to-date symlink: /home/jakeluo/Documents/MonitoringSystemRos2/src/install/droneinterfaces/lib/libdroneinterfaces__rosidl_typesupport_fastrtps_c.so
[4.424s] -- Up-to-date symlink: /home/jakeluo/Documents/MonitoringSystemRos2/src/install/droneinterfaces/include/droneinterfaces/action/detail/go_point__rosidl_typesupport_fastrtps_cpp.hpp
[4.424s] -- Up-to-date symlink: /home/jakeluo/Documents/MonitoringSystemRos2/src/install/droneinterfaces/include/droneinterfaces/msg/detail/frame_array__rosidl_typesupport_fastrtps_cpp.hpp
[4.425s] -- Up-to-date symlink: /home/jakeluo/Documents/MonitoringSystemRos2/src/install/droneinterfaces/include/droneinterfaces/msg/detail/human_pose_coor__rosidl_typesupport_fastrtps_cpp.hpp
[4.425s] -- Up-to-date symlink: /home/jakeluo/Documents/MonitoringSystemRos2/src/install/droneinterfaces/include/droneinterfaces/msg/detail/position_array__rosidl_typesupport_fastrtps_cpp.hpp
[4.425s] -- Up-to-date symlink: /home/jakeluo/Documents/MonitoringSystemRos2/src/install/droneinterfaces/include/droneinterfaces/msg/detail/target_location__rosidl_typesupport_fastrtps_cpp.hpp
[4.425s] -- Up-to-date symlink: /home/jakeluo/Documents/MonitoringSystemRos2/src/install/droneinterfaces/include/droneinterfaces/msg/rosidl_typesupport_fastrtps_cpp__visibility_control.h
[4.427s] -- Up-to-date symlink: /home/jakeluo/Documents/MonitoringSystemRos2/src/install/droneinterfaces/include/droneinterfaces/srv/detail/drone_controller__rosidl_typesupport_fastrtps_cpp.hpp
[4.427s] -- Up-to-date symlink: /home/jakeluo/Documents/MonitoringSystemRos2/src/install/droneinterfaces/include/droneinterfaces/srv/detail/drone_map__rosidl_typesupport_fastrtps_cpp.hpp
[4.427s] -- Up-to-date symlink: /home/jakeluo/Documents/MonitoringSystemRos2/src/install/droneinterfaces/include/droneinterfaces/srv/detail/drone_pool_status__rosidl_typesupport_fastrtps_cpp.hpp
[4.427s] -- Up-to-date symlink: /home/jakeluo/Documents/MonitoringSystemRos2/src/install/droneinterfaces/include/droneinterfaces/srv/detail/drone_register__rosidl_typesupport_fastrtps_cpp.hpp
[4.428s] -- Up-to-date symlink: /home/jakeluo/Documents/MonitoringSystemRos2/src/install/droneinterfaces/include/droneinterfaces/srv/detail/drone_shut_down__rosidl_typesupport_fastrtps_cpp.hpp
[4.428s] -- Up-to-date symlink: /home/jakeluo/Documents/MonitoringSystemRos2/src/install/droneinterfaces/include/droneinterfaces/srv/detail/drone_slam__rosidl_typesupport_fastrtps_cpp.hpp
[4.428s] -- Up-to-date symlink: /home/jakeluo/Documents/MonitoringSystemRos2/src/install/droneinterfaces/include/droneinterfaces/srv/detail/go_to_point__rosidl_typesupport_fastrtps_cpp.hpp
[4.428s] -- Up-to-date symlink: /home/jakeluo/Documents/MonitoringSystemRos2/src/install/droneinterfaces/lib/libdroneinterfaces__rosidl_typesupport_fastrtps_cpp.so
[4.429s] -- Up-to-date symlink: /home/jakeluo/Documents/MonitoringSystemRos2/src/install/droneinterfaces/include/droneinterfaces/action/detail/go_point__builder.hpp
[4.429s] -- Up-to-date symlink: /home/jakeluo/Documents/MonitoringSystemRos2/src/install/droneinterfaces/include/droneinterfaces/action/detail/go_point__struct.hpp
[4.429s] -- Up-to-date symlink: /home/jakeluo/Documents/MonitoringSystemRos2/src/install/droneinterfaces/include/droneinterfaces/action/detail/go_point__traits.hpp
[4.429s] -- Up-to-date symlink: /home/jakeluo/Documents/MonitoringSystemRos2/src/install/droneinterfaces/include/droneinterfaces/action/go_point.hpp
[4.430s] -- Up-to-date symlink: /home/jakeluo/Documents/MonitoringSystemRos2/src/install/droneinterfaces/include/droneinterfaces/msg/detail/frame_array__builder.hpp
[4.430s] -- Up-to-date symlink: /home/jakeluo/Documents/MonitoringSystemRos2/src/install/droneinterfaces/include/droneinterfaces/msg/detail/frame_array__struct.hpp
[4.430s] -- Up-to-date symlink: /home/jakeluo/Documents/MonitoringSystemRos2/src/install/droneinterfaces/include/droneinterfaces/msg/detail/frame_array__traits.hpp
[4.430s] -- Up-to-date symlink: /home/jakeluo/Documents/MonitoringSystemRos2/src/install/droneinterfaces/include/droneinterfaces/msg/detail/human_pose_coor__builder.hpp
[4.430s] -- Up-to-date symlink: /home/jakeluo/Documents/MonitoringSystemRos2/src/install/droneinterfaces/include/droneinterfaces/msg/detail/human_pose_coor__struct.hpp
[4.430s] -- Up-to-date symlink: /home/jakeluo/Documents/MonitoringSystemRos2/src/install/droneinterfaces/include/droneinterfaces/msg/detail/human_pose_coor__traits.hpp
[4.430s] -- Up-to-date symlink: /home/jakeluo/Documents/MonitoringSystemRos2/src/install/droneinterfaces/include/droneinterfaces/msg/detail/position_array__builder.hpp
[4.430s] -- Up-to-date symlink: /home/jakeluo/Documents/MonitoringSystemRos2/src/install/droneinterfaces/include/droneinterfaces/msg/detail/position_array__struct.hpp
[4.431s] -- Up-to-date symlink: /home/jakeluo/Documents/MonitoringSystemRos2/src/install/droneinterfaces/include/droneinterfaces/msg/detail/position_array__traits.hpp
[4.431s] -- Up-to-date symlink: /home/jakeluo/Documents/MonitoringSystemRos2/src/install/droneinterfaces/include/droneinterfaces/msg/detail/target_location__builder.hpp
[4.431s] -- Up-to-date symlink: /home/jakeluo/Documents/MonitoringSystemRos2/src/install/droneinterfaces/include/droneinterfaces/msg/detail/target_location__struct.hpp
[4.431s] -- Up-to-date symlink: /home/jakeluo/Documents/MonitoringSystemRos2/src/install/droneinterfaces/include/droneinterfaces/msg/detail/target_location__traits.hpp
[4.431s] -- Up-to-date symlink: /home/jakeluo/Documents/MonitoringSystemRos2/src/install/droneinterfaces/include/droneinterfaces/msg/frame_array.hpp
[4.431s] -- Up-to-date symlink: /home/jakeluo/Documents/MonitoringSystemRos2/src/install/droneinterfaces/include/droneinterfaces/msg/human_pose_coor.hpp
[4.431s] -- Up-to-date symlink: /home/jakeluo/Documents/MonitoringSystemRos2/src/install/droneinterfaces/include/droneinterfaces/msg/position_array.hpp
[4.432s] -- Up-to-date symlink: /home/jakeluo/Documents/MonitoringSystemRos2/src/install/droneinterfaces/include/droneinterfaces/msg/target_location.hpp
[4.432s] -- Up-to-date symlink: /home/jakeluo/Documents/MonitoringSystemRos2/src/install/droneinterfaces/include/droneinterfaces/srv/detail/drone_controller__builder.hpp
[4.432s] -- Up-to-date symlink: /home/jakeluo/Documents/MonitoringSystemRos2/src/install/droneinterfaces/include/droneinterfaces/srv/detail/drone_controller__struct.hpp
[4.432s] -- Up-to-date symlink: /home/jakeluo/Documents/MonitoringSystemRos2/src/install/droneinterfaces/include/droneinterfaces/srv/detail/drone_controller__traits.hpp
[4.432s] -- Up-to-date symlink: /home/jakeluo/Documents/MonitoringSystemRos2/src/install/droneinterfaces/include/droneinterfaces/srv/detail/drone_map__builder.hpp
[4.432s] -- Up-to-date symlink: /home/jakeluo/Documents/MonitoringSystemRos2/src/install/droneinterfaces/include/droneinterfaces/srv/detail/drone_map__struct.hpp
[4.432s] -- Up-to-date symlink: /home/jakeluo/Documents/MonitoringSystemRos2/src/install/droneinterfaces/include/droneinterfaces/srv/detail/drone_map__traits.hpp
[4.433s] -- Up-to-date symlink: /home/jakeluo/Documents/MonitoringSystemRos2/src/install/droneinterfaces/include/droneinterfaces/srv/detail/drone_pool_status__builder.hpp
[4.433s] -- Up-to-date symlink: /home/jakeluo/Documents/MonitoringSystemRos2/src/install/droneinterfaces/include/droneinterfaces/srv/detail/drone_pool_status__struct.hpp
[4.433s] -- Up-to-date symlink: /home/jakeluo/Documents/MonitoringSystemRos2/src/install/droneinterfaces/include/droneinterfaces/srv/detail/drone_pool_status__traits.hpp
[4.433s] -- Up-to-date symlink: /home/jakeluo/Documents/MonitoringSystemRos2/src/install/droneinterfaces/include/droneinterfaces/srv/detail/drone_register__builder.hpp
[4.433s] -- Up-to-date symlink: /home/jakeluo/Documents/MonitoringSystemRos2/src/install/droneinterfaces/include/droneinterfaces/srv/detail/drone_register__struct.hpp
[4.433s] -- Up-to-date symlink: /home/jakeluo/Documents/MonitoringSystemRos2/src/install/droneinterfaces/include/droneinterfaces/srv/detail/drone_register__traits.hpp
[4.433s] -- Up-to-date symlink: /home/jakeluo/Documents/MonitoringSystemRos2/src/install/droneinterfaces/include/droneinterfaces/srv/detail/drone_shut_down__builder.hpp
[4.434s] -- Up-to-date symlink: /home/jakeluo/Documents/MonitoringSystemRos2/src/install/droneinterfaces/include/droneinterfaces/srv/detail/drone_shut_down__struct.hpp
[4.434s] -- Up-to-date symlink: /home/jakeluo/Documents/MonitoringSystemRos2/src/install/droneinterfaces/include/droneinterfaces/srv/detail/drone_shut_down__traits.hpp
[4.434s] -- Up-to-date symlink: /home/jakeluo/Documents/MonitoringSystemRos2/src/install/droneinterfaces/include/droneinterfaces/srv/detail/drone_slam__builder.hpp
[4.434s] -- Up-to-date symlink: /home/jakeluo/Documents/MonitoringSystemRos2/src/install/droneinterfaces/include/droneinterfaces/srv/detail/drone_slam__struct.hpp
[4.434s] -- Up-to-date symlink: /home/jakeluo/Documents/MonitoringSystemRos2/src/install/droneinterfaces/include/droneinterfaces/srv/detail/drone_slam__traits.hpp
[4.434s] -- Up-to-date symlink: /home/jakeluo/Documents/MonitoringSystemRos2/src/install/droneinterfaces/include/droneinterfaces/srv/detail/go_to_point__builder.hpp
[4.434s] -- Up-to-date symlink: /home/jakeluo/Documents/MonitoringSystemRos2/src/install/droneinterfaces/include/droneinterfaces/srv/detail/go_to_point__struct.hpp
[4.435s] -- Up-to-date symlink: /home/jakeluo/Documents/MonitoringSystemRos2/src/install/droneinterfaces/include/droneinterfaces/srv/detail/go_to_point__traits.hpp
[4.435s] -- Up-to-date symlink: /home/jakeluo/Documents/MonitoringSystemRos2/src/install/droneinterfaces/include/droneinterfaces/srv/drone_controller.hpp
[4.435s] -- Up-to-date symlink: /home/jakeluo/Documents/MonitoringSystemRos2/src/install/droneinterfaces/include/droneinterfaces/srv/drone_map.hpp
[4.435s] -- Up-to-date symlink: /home/jakeluo/Documents/MonitoringSystemRos2/src/install/droneinterfaces/include/droneinterfaces/srv/drone_pool_status.hpp
[4.435s] -- Up-to-date symlink: /home/jakeluo/Documents/MonitoringSystemRos2/src/install/droneinterfaces/include/droneinterfaces/srv/drone_register.hpp
[4.435s] -- Up-to-date symlink: /home/jakeluo/Documents/MonitoringSystemRos2/src/install/droneinterfaces/include/droneinterfaces/srv/drone_shut_down.hpp
[4.435s] -- Up-to-date symlink: /home/jakeluo/Documents/MonitoringSystemRos2/src/install/droneinterfaces/include/droneinterfaces/srv/drone_slam.hpp
[4.436s] -- Up-to-date symlink: /home/jakeluo/Documents/MonitoringSystemRos2/src/install/droneinterfaces/include/droneinterfaces/srv/go_to_point.hpp
[4.436s] -- Up-to-date symlink: /home/jakeluo/Documents/MonitoringSystemRos2/src/install/droneinterfaces/include/droneinterfaces/action/detail/go_point__rosidl_typesupport_introspection_cpp.hpp
[4.436s] -- Up-to-date symlink: /home/jakeluo/Documents/MonitoringSystemRos2/src/install/droneinterfaces/include/droneinterfaces/msg/detail/frame_array__rosidl_typesupport_introspection_cpp.hpp
[4.436s] -- Up-to-date symlink: /home/jakeluo/Documents/MonitoringSystemRos2/src/install/droneinterfaces/include/droneinterfaces/msg/detail/human_pose_coor__rosidl_typesupport_introspection_cpp.hpp
[4.437s] -- Up-to-date symlink: /home/jakeluo/Documents/MonitoringSystemRos2/src/install/droneinterfaces/include/droneinterfaces/msg/detail/position_array__rosidl_typesupport_introspection_cpp.hpp
[4.437s] -- Up-to-date symlink: /home/jakeluo/Documents/MonitoringSystemRos2/src/install/droneinterfaces/include/droneinterfaces/msg/detail/target_location__rosidl_typesupport_introspection_cpp.hpp
[4.437s] -- Up-to-date symlink: /home/jakeluo/Documents/MonitoringSystemRos2/src/install/droneinterfaces/include/droneinterfaces/srv/detail/drone_controller__rosidl_typesupport_introspection_cpp.hpp
[4.437s] -- Up-to-date symlink: /home/jakeluo/Documents/MonitoringSystemRos2/src/install/droneinterfaces/include/droneinterfaces/srv/detail/drone_map__rosidl_typesupport_introspection_cpp.hpp
[4.437s] -- Up-to-date symlink: /home/jakeluo/Documents/MonitoringSystemRos2/src/install/droneinterfaces/include/droneinterfaces/srv/detail/drone_pool_status__rosidl_typesupport_introspection_cpp.hpp
[4.437s] -- Up-to-date symlink: /home/jakeluo/Documents/MonitoringSystemRos2/src/install/droneinterfaces/include/droneinterfaces/srv/detail/drone_register__rosidl_typesupport_introspection_cpp.hpp
[4.437s] -- Up-to-date symlink: /home/jakeluo/Documents/MonitoringSystemRos2/src/install/droneinterfaces/include/droneinterfaces/srv/detail/drone_shut_down__rosidl_typesupport_introspection_cpp.hpp
[4.438s] -- Up-to-date symlink: /home/jakeluo/Documents/MonitoringSystemRos2/src/install/droneinterfaces/include/droneinterfaces/srv/detail/drone_slam__rosidl_typesupport_introspection_cpp.hpp
[4.438s] -- Up-to-date symlink: /home/jakeluo/Documents/MonitoringSystemRos2/src/install/droneinterfaces/include/droneinterfaces/srv/detail/go_to_point__rosidl_typesupport_introspection_cpp.hpp
[4.438s] -- Up-to-date symlink: /home/jakeluo/Documents/MonitoringSystemRos2/src/install/droneinterfaces/share/droneinterfaces/environment/pythonpath.sh
[4.438s] -- Up-to-date symlink: /home/jakeluo/Documents/MonitoringSystemRos2/src/install/droneinterfaces/share/droneinterfaces/environment/pythonpath.dsv
[4.439s] -- Up-to-date symlink: /home/jakeluo/Documents/MonitoringSystemRos2/src/install/droneinterfaces/lib/python3.8/site-packages/droneinterfaces-0.0.0-py3.8.egg-info/PKG-INFO
[4.439s] -- Up-to-date symlink: /home/jakeluo/Documents/MonitoringSystemRos2/src/install/droneinterfaces/lib/python3.8/site-packages/droneinterfaces-0.0.0-py3.8.egg-info/SOURCES.txt
[4.439s] -- Up-to-date symlink: /home/jakeluo/Documents/MonitoringSystemRos2/src/install/droneinterfaces/lib/python3.8/site-packages/droneinterfaces-0.0.0-py3.8.egg-info/dependency_links.txt
[4.439s] -- Up-to-date symlink: /home/jakeluo/Documents/MonitoringSystemRos2/src/install/droneinterfaces/lib/python3.8/site-packages/droneinterfaces-0.0.0-py3.8.egg-info/top_level.txt
[4.440s] -- Up-to-date symlink: /home/jakeluo/Documents/MonitoringSystemRos2/src/install/droneinterfaces/lib/python3.8/site-packages/droneinterfaces/__init__.py
[4.440s] -- Up-to-date symlink: /home/jakeluo/Documents/MonitoringSystemRos2/src/install/droneinterfaces/lib/python3.8/site-packages/droneinterfaces/_droneinterfaces_s.ep.rosidl_typesupport_c.c
[4.440s] -- Up-to-date symlink: /home/jakeluo/Documents/MonitoringSystemRos2/src/install/droneinterfaces/lib/python3.8/site-packages/droneinterfaces/_droneinterfaces_s.ep.rosidl_typesupport_fastrtps_c.c
[4.440s] -- Up-to-date symlink: /home/jakeluo/Documents/MonitoringSystemRos2/src/install/droneinterfaces/lib/python3.8/site-packages/droneinterfaces/_droneinterfaces_s.ep.rosidl_typesupport_introspection_c.c
[4.441s] -- Up-to-date symlink: /home/jakeluo/Documents/MonitoringSystemRos2/src/install/droneinterfaces/lib/python3.8/site-packages/droneinterfaces/action/__init__.py
[4.441s] -- Up-to-date symlink: /home/jakeluo/Documents/MonitoringSystemRos2/src/install/droneinterfaces/lib/python3.8/site-packages/droneinterfaces/action/_go_point.py
[4.441s] -- Up-to-date symlink: /home/jakeluo/Documents/MonitoringSystemRos2/src/install/droneinterfaces/lib/python3.8/site-packages/droneinterfaces/action/_go_point_s.c
[4.441s] -- Up-to-date symlink: /home/jakeluo/Documents/MonitoringSystemRos2/src/install/droneinterfaces/lib/python3.8/site-packages/droneinterfaces/droneinterfaces_s__rosidl_typesupport_c.cpython-38-x86_64-linux-gnu.so
[4.441s] -- Up-to-date symlink: /home/jakeluo/Documents/MonitoringSystemRos2/src/install/droneinterfaces/lib/python3.8/site-packages/droneinterfaces/droneinterfaces_s__rosidl_typesupport_fastrtps_c.cpython-38-x86_64-linux-gnu.so
[4.441s] -- Up-to-date symlink: /home/jakeluo/Documents/MonitoringSystemRos2/src/install/droneinterfaces/lib/python3.8/site-packages/droneinterfaces/droneinterfaces_s__rosidl_typesupport_introspection_c.cpython-38-x86_64-linux-gnu.so
[4.441s] -- Up-to-date symlink: /home/jakeluo/Documents/MonitoringSystemRos2/src/install/droneinterfaces/lib/python3.8/site-packages/droneinterfaces/libdroneinterfaces__python.so
[4.442s] -- Up-to-date symlink: /home/jakeluo/Documents/MonitoringSystemRos2/src/install/droneinterfaces/lib/python3.8/site-packages/droneinterfaces/msg/__init__.py
[4.442s] -- Up-to-date symlink: /home/jakeluo/Documents/MonitoringSystemRos2/src/install/droneinterfaces/lib/python3.8/site-packages/droneinterfaces/msg/_frame_array.py
[4.442s] -- Up-to-date symlink: /home/jakeluo/Documents/MonitoringSystemRos2/src/install/droneinterfaces/lib/python3.8/site-packages/droneinterfaces/msg/_frame_array_s.c
[4.442s] -- Up-to-date symlink: /home/jakeluo/Documents/MonitoringSystemRos2/src/install/droneinterfaces/lib/python3.8/site-packages/droneinterfaces/msg/_human_pose_coor.py
[4.442s] -- Up-to-date symlink: /home/jakeluo/Documents/MonitoringSystemRos2/src/install/droneinterfaces/lib/python3.8/site-packages/droneinterfaces/msg/_human_pose_coor_s.c
[4.442s] -- Up-to-date symlink: /home/jakeluo/Documents/MonitoringSystemRos2/src/install/droneinterfaces/lib/python3.8/site-packages/droneinterfaces/msg/_position_array.py
[4.442s] -- Up-to-date symlink: /home/jakeluo/Documents/MonitoringSystemRos2/src/install/droneinterfaces/lib/python3.8/site-packages/droneinterfaces/msg/_position_array_s.c
[4.443s] -- Up-to-date symlink: /home/jakeluo/Documents/MonitoringSystemRos2/src/install/droneinterfaces/lib/python3.8/site-packages/droneinterfaces/msg/_target_location.py
[4.443s] -- Up-to-date symlink: /home/jakeluo/Documents/MonitoringSystemRos2/src/install/droneinterfaces/lib/python3.8/site-packages/droneinterfaces/msg/_target_location_s.c
[4.443s] -- Up-to-date symlink: /home/jakeluo/Documents/MonitoringSystemRos2/src/install/droneinterfaces/lib/python3.8/site-packages/droneinterfaces/srv/__init__.py
[4.443s] -- Up-to-date symlink: /home/jakeluo/Documents/MonitoringSystemRos2/src/install/droneinterfaces/lib/python3.8/site-packages/droneinterfaces/srv/_drone_controller.py
[4.443s] -- Up-to-date symlink: /home/jakeluo/Documents/MonitoringSystemRos2/src/install/droneinterfaces/lib/python3.8/site-packages/droneinterfaces/srv/_drone_controller_s.c
[4.443s] -- Up-to-date symlink: /home/jakeluo/Documents/MonitoringSystemRos2/src/install/droneinterfaces/lib/python3.8/site-packages/droneinterfaces/srv/_drone_map.py
[4.443s] -- Up-to-date symlink: /home/jakeluo/Documents/MonitoringSystemRos2/src/install/droneinterfaces/lib/python3.8/site-packages/droneinterfaces/srv/_drone_map_s.c
[4.444s] -- Up-to-date symlink: /home/jakeluo/Documents/MonitoringSystemRos2/src/install/droneinterfaces/lib/python3.8/site-packages/droneinterfaces/srv/_drone_pool_status.py
[4.444s] -- Up-to-date symlink: /home/jakeluo/Documents/MonitoringSystemRos2/src/install/droneinterfaces/lib/python3.8/site-packages/droneinterfaces/srv/_drone_pool_status_s.c
[4.444s] -- Up-to-date symlink: /home/jakeluo/Documents/MonitoringSystemRos2/src/install/droneinterfaces/lib/python3.8/site-packages/droneinterfaces/srv/_drone_register.py
[4.444s] -- Up-to-date symlink: /home/jakeluo/Documents/MonitoringSystemRos2/src/install/droneinterfaces/lib/python3.8/site-packages/droneinterfaces/srv/_drone_register_s.c
[4.444s] -- Up-to-date symlink: /home/jakeluo/Documents/MonitoringSystemRos2/src/install/droneinterfaces/lib/python3.8/site-packages/droneinterfaces/srv/_drone_shut_down.py
[4.444s] -- Up-to-date symlink: /home/jakeluo/Documents/MonitoringSystemRos2/src/install/droneinterfaces/lib/python3.8/site-packages/droneinterfaces/srv/_drone_shut_down_s.c
[4.444s] -- Up-to-date symlink: /home/jakeluo/Documents/MonitoringSystemRos2/src/install/droneinterfaces/lib/python3.8/site-packages/droneinterfaces/srv/_drone_slam.py
[4.445s] -- Up-to-date symlink: /home/jakeluo/Documents/MonitoringSystemRos2/src/install/droneinterfaces/lib/python3.8/site-packages/droneinterfaces/srv/_drone_slam_s.c
[4.445s] -- Up-to-date symlink: /home/jakeluo/Documents/MonitoringSystemRos2/src/install/droneinterfaces/lib/python3.8/site-packages/droneinterfaces/srv/_go_to_point.py
[4.445s] -- Up-to-date symlink: /home/jakeluo/Documents/MonitoringSystemRos2/src/install/droneinterfaces/lib/python3.8/site-packages/droneinterfaces/srv/_go_to_point_s.c
[4.445s] -- Up-to-date symlink: /home/jakeluo/Documents/MonitoringSystemRos2/src/install/droneinterfaces/lib/python3.8/site-packages/droneinterfaces/droneinterfaces_s__rosidl_typesupport_introspection_c.cpython-38-x86_64-linux-gnu.so
[4.446s] -- Up-to-date symlink: /home/jakeluo/Documents/MonitoringSystemRos2/src/install/droneinterfaces/lib/python3.8/site-packages/droneinterfaces/droneinterfaces_s__rosidl_typesupport_fastrtps_c.cpython-38-x86_64-linux-gnu.so
[4.446s] -- Up-to-date symlink: /home/jakeluo/Documents/MonitoringSystemRos2/src/install/droneinterfaces/lib/python3.8/site-packages/droneinterfaces/droneinterfaces_s__rosidl_typesupport_c.cpython-38-x86_64-linux-gnu.so
[4.446s] -- Up-to-date symlink: /home/jakeluo/Documents/MonitoringSystemRos2/src/install/droneinterfaces/lib/libdroneinterfaces__python.so
[4.447s] -- Up-to-date symlink: /home/jakeluo/Documents/MonitoringSystemRos2/src/install/droneinterfaces/share/droneinterfaces/srv/DroneRegister.idl
[4.447s] -- Up-to-date symlink: /home/jakeluo/Documents/MonitoringSystemRos2/src/install/droneinterfaces/share/droneinterfaces/srv/DroneController.idl
[4.447s] -- Up-to-date symlink: /home/jakeluo/Documents/MonitoringSystemRos2/src/install/droneinterfaces/share/droneinterfaces/srv/DronePoolStatus.idl
[4.447s] -- Up-to-date symlink: /home/jakeluo/Documents/MonitoringSystemRos2/src/install/droneinterfaces/share/droneinterfaces/msg/FrameArray.idl
[4.447s] -- Up-to-date symlink: /home/jakeluo/Documents/MonitoringSystemRos2/src/install/droneinterfaces/share/droneinterfaces/msg/PositionArray.idl
[4.448s] -- Up-to-date symlink: /home/jakeluo/Documents/MonitoringSystemRos2/src/install/droneinterfaces/share/droneinterfaces/srv/DroneShutDown.idl
[4.448s] -- Up-to-date symlink: /home/jakeluo/Documents/MonitoringSystemRos2/src/install/droneinterfaces/share/droneinterfaces/msg/HumanPoseCoor.idl
[4.448s] -- Up-to-date symlink: /home/jakeluo/Documents/MonitoringSystemRos2/src/install/droneinterfaces/share/droneinterfaces/action/GoPoint.idl
[4.448s] -- Up-to-date symlink: /home/jakeluo/Documents/MonitoringSystemRos2/src/install/droneinterfaces/share/droneinterfaces/srv/DroneMap.idl
[4.449s] -- Up-to-date symlink: /home/jakeluo/Documents/MonitoringSystemRos2/src/install/droneinterfaces/share/droneinterfaces/srv/DroneSlam.idl
[4.449s] -- Up-to-date symlink: /home/jakeluo/Documents/MonitoringSystemRos2/src/install/droneinterfaces/share/droneinterfaces/msg/TargetLocation.idl
[4.449s] -- Up-to-date symlink: /home/jakeluo/Documents/MonitoringSystemRos2/src/install/droneinterfaces/share/droneinterfaces/srv/DroneRegister.srv
[4.449s] -- Up-to-date symlink: /home/jakeluo/Documents/MonitoringSystemRos2/src/install/droneinterfaces/share/droneinterfaces/srv/DroneRegister_Request.msg
[4.449s] -- Up-to-date symlink: /home/jakeluo/Documents/MonitoringSystemRos2/src/install/droneinterfaces/share/droneinterfaces/srv/DroneRegister_Response.msg
[4.450s] -- Up-to-date symlink: /home/jakeluo/Documents/MonitoringSystemRos2/src/install/droneinterfaces/share/droneinterfaces/srv/DroneController.srv
[4.450s] -- Up-to-date symlink: /home/jakeluo/Documents/MonitoringSystemRos2/src/install/droneinterfaces/share/droneinterfaces/srv/DroneController_Request.msg
[4.450s] -- Up-to-date symlink: /home/jakeluo/Documents/MonitoringSystemRos2/src/install/droneinterfaces/share/droneinterfaces/srv/DroneController_Response.msg
[4.450s] -- Up-to-date symlink: /home/jakeluo/Documents/MonitoringSystemRos2/src/install/droneinterfaces/share/droneinterfaces/srv/DronePoolStatus.srv
[4.451s] -- Up-to-date symlink: /home/jakeluo/Documents/MonitoringSystemRos2/src/install/droneinterfaces/share/droneinterfaces/srv/DronePoolStatus_Request.msg
[4.451s] -- Up-to-date symlink: /home/jakeluo/Documents/MonitoringSystemRos2/src/install/droneinterfaces/share/droneinterfaces/srv/DronePoolStatus_Response.msg
[4.451s] -- Up-to-date symlink: /home/jakeluo/Documents/MonitoringSystemRos2/src/install/droneinterfaces/share/droneinterfaces/msg/FrameArray.msg
[4.451s] -- Up-to-date symlink: /home/jakeluo/Documents/MonitoringSystemRos2/src/install/droneinterfaces/share/droneinterfaces/msg/PositionArray.msg
[4.451s] -- Up-to-date symlink: /home/jakeluo/Documents/MonitoringSystemRos2/src/install/droneinterfaces/share/droneinterfaces/srv/DroneShutDown.srv
[4.452s] -- Up-to-date symlink: /home/jakeluo/Documents/MonitoringSystemRos2/src/install/droneinterfaces/share/droneinterfaces/srv/DroneShutDown_Request.msg
[4.452s] -- Up-to-date symlink: /home/jakeluo/Documents/MonitoringSystemRos2/src/install/droneinterfaces/share/droneinterfaces/srv/DroneShutDown_Response.msg
[4.452s] -- Up-to-date symlink: /home/jakeluo/Documents/MonitoringSystemRos2/src/install/droneinterfaces/share/droneinterfaces/msg/HumanPoseCoor.msg
[4.452s] -- Up-to-date symlink: /home/jakeluo/Documents/MonitoringSystemRos2/src/install/droneinterfaces/share/droneinterfaces/action/GoPoint.action
[4.452s] -- Up-to-date symlink: /home/jakeluo/Documents/MonitoringSystemRos2/src/install/droneinterfaces/share/droneinterfaces/srv/DroneMap.srv
[4.453s] -- Up-to-date symlink: /home/jakeluo/Documents/MonitoringSystemRos2/src/install/droneinterfaces/share/droneinterfaces/srv/DroneMap_Request.msg
[4.453s] -- Up-to-date symlink: /home/jakeluo/Documents/MonitoringSystemRos2/src/install/droneinterfaces/share/droneinterfaces/srv/DroneMap_Response.msg
[4.453s] -- Up-to-date symlink: /home/jakeluo/Documents/MonitoringSystemRos2/src/install/droneinterfaces/share/droneinterfaces/srv/DroneSlam.srv
[4.453s] -- Up-to-date symlink: /home/jakeluo/Documents/MonitoringSystemRos2/src/install/droneinterfaces/share/droneinterfaces/srv/DroneSlam_Request.msg
[4.454s] -- Up-to-date symlink: /home/jakeluo/Documents/MonitoringSystemRos2/src/install/droneinterfaces/share/droneinterfaces/srv/DroneSlam_Response.msg
[4.454s] -- Up-to-date symlink: /home/jakeluo/Documents/MonitoringSystemRos2/src/install/droneinterfaces/share/droneinterfaces/msg/TargetLocation.msg
[4.454s] -- Up-to-date symlink: /home/jakeluo/Documents/MonitoringSystemRos2/src/install/droneinterfaces/share/ament_index/resource_index/package_run_dependencies/droneinterfaces
[4.454s] -- Up-to-date symlink: /home/jakeluo/Documents/MonitoringSystemRos2/src/install/droneinterfaces/share/ament_index/resource_index/parent_prefix_path/droneinterfaces
[4.455s] -- Up-to-date symlink: /home/jakeluo/Documents/MonitoringSystemRos2/src/install/droneinterfaces/share/droneinterfaces/environment/ament_prefix_path.sh
[4.455s] -- Up-to-date symlink: /home/jakeluo/Documents/MonitoringSystemRos2/src/install/droneinterfaces/share/droneinterfaces/environment/ament_prefix_path.dsv
[4.455s] -- Up-to-date symlink: /home/jakeluo/Documents/MonitoringSystemRos2/src/install/droneinterfaces/share/droneinterfaces/environment/path.sh
[4.455s] -- Up-to-date symlink: /home/jakeluo/Documents/MonitoringSystemRos2/src/install/droneinterfaces/share/droneinterfaces/environment/path.dsv
[4.456s] -- Up-to-date symlink: /home/jakeluo/Documents/MonitoringSystemRos2/src/install/droneinterfaces/share/droneinterfaces/local_setup.bash
[4.456s] -- Up-to-date symlink: /home/jakeluo/Documents/MonitoringSystemRos2/src/install/droneinterfaces/share/droneinterfaces/local_setup.sh
[4.456s] -- Up-to-date symlink: /home/jakeluo/Documents/MonitoringSystemRos2/src/install/droneinterfaces/share/droneinterfaces/local_setup.zsh
[4.457s] -- Up-to-date symlink: /home/jakeluo/Documents/MonitoringSystemRos2/src/install/droneinterfaces/share/droneinterfaces/local_setup.dsv
[4.457s] -- Symlinking: /home/jakeluo/Documents/MonitoringSystemRos2/src/install/droneinterfaces/share/droneinterfaces/package.dsv
[4.474s] -- Up-to-date symlink: /home/jakeluo/Documents/MonitoringSystemRos2/src/install/droneinterfaces/share/ament_index/resource_index/packages/droneinterfaces
[4.474s] -- Up-to-date symlink: /home/jakeluo/Documents/MonitoringSystemRos2/src/install/droneinterfaces/share/droneinterfaces/cmake/rosidl_cmake-extras.cmake
[4.475s] -- Up-to-date symlink: /home/jakeluo/Documents/MonitoringSystemRos2/src/install/droneinterfaces/share/droneinterfaces/cmake/ament_cmake_export_dependencies-extras.cmake
[4.475s] -- Up-to-date symlink: /home/jakeluo/Documents/MonitoringSystemRos2/src/install/droneinterfaces/share/droneinterfaces/cmake/ament_cmake_export_libraries-extras.cmake
[4.475s] -- Up-to-date symlink: /home/jakeluo/Documents/MonitoringSystemRos2/src/install/droneinterfaces/share/droneinterfaces/cmake/ament_cmake_export_targets-extras.cmake
[4.475s] -- Up-to-date symlink: /home/jakeluo/Documents/MonitoringSystemRos2/src/install/droneinterfaces/share/droneinterfaces/cmake/ament_cmake_export_include_directories-extras.cmake
[4.475s] -- Up-to-date symlink: /home/jakeluo/Documents/MonitoringSystemRos2/src/install/droneinterfaces/share/droneinterfaces/cmake/rosidl_cmake_export_typesupport_targets-extras.cmake
[4.476s] -- Up-to-date symlink: /home/jakeluo/Documents/MonitoringSystemRos2/src/install/droneinterfaces/share/droneinterfaces/cmake/rosidl_cmake_export_typesupport_libraries-extras.cmake
[4.476s] -- Up-to-date symlink: /home/jakeluo/Documents/MonitoringSystemRos2/src/install/droneinterfaces/share/droneinterfaces/cmake/droneinterfacesConfig.cmake
[4.476s] -- Up-to-date symlink: /home/jakeluo/Documents/MonitoringSystemRos2/src/install/droneinterfaces/share/droneinterfaces/cmake/droneinterfacesConfig-version.cmake
[4.476s] -- Up-to-date symlink: /home/jakeluo/Documents/MonitoringSystemRos2/src/install/droneinterfaces/share/droneinterfaces/package.xml
[4.477s] -- Up-to-date: /home/jakeluo/Documents/MonitoringSystemRos2/src/install/droneinterfaces/lib/libdroneinterfaces__rosidl_generator_c.so
[4.477s] -- Up-to-date: /home/jakeluo/Documents/MonitoringSystemRos2/src/install/droneinterfaces/lib/libdroneinterfaces__rosidl_typesupport_introspection_c.so
[4.477s] -- Up-to-date: /home/jakeluo/Documents/MonitoringSystemRos2/src/install/droneinterfaces/lib/libdroneinterfaces__rosidl_typesupport_c.so
[4.478s] -- Up-to-date: /home/jakeluo/Documents/MonitoringSystemRos2/src/install/droneinterfaces/lib/libdroneinterfaces__rosidl_typesupport_introspection_cpp.so
[4.478s] -- Up-to-date: /home/jakeluo/Documents/MonitoringSystemRos2/src/install/droneinterfaces/lib/libdroneinterfaces__rosidl_typesupport_cpp.so
[4.583s] Listing '/home/jakeluo/Documents/MonitoringSystemRos2/src/install/droneinterfaces/lib/python3.8/site-packages/droneinterfaces'...
[4.583s] Listing '/home/jakeluo/Documents/MonitoringSystemRos2/src/install/droneinterfaces/lib/python3.8/site-packages/droneinterfaces/action'...
[4.583s] Listing '/home/jakeluo/Documents/MonitoringSystemRos2/src/install/droneinterfaces/lib/python3.8/site-packages/droneinterfaces/msg'...
[4.583s] Listing '/home/jakeluo/Documents/MonitoringSystemRos2/src/install/droneinterfaces/lib/python3.8/site-packages/droneinterfaces/srv'...
[4.586s] -- Up-to-date: /home/jakeluo/Documents/MonitoringSystemRos2/src/install/droneinterfaces/share/droneinterfaces/cmake/droneinterfaces__rosidl_generator_cExport.cmake
[4.587s] -- Up-to-date: /home/jakeluo/Documents/MonitoringSystemRos2/src/install/droneinterfaces/share/droneinterfaces/cmake/droneinterfaces__rosidl_generator_cExport-relwithdebinfo.cmake
[4.587s] -- Up-to-date: /home/jakeluo/Documents/MonitoringSystemRos2/src/install/droneinterfaces/share/droneinterfaces/cmake/droneinterfaces__rosidl_typesupport_introspection_cExport.cmake
[4.587s] -- Up-to-date: /home/jakeluo/Documents/MonitoringSystemRos2/src/install/droneinterfaces/share/droneinterfaces/cmake/droneinterfaces__rosidl_typesupport_introspection_cExport-relwithdebinfo.cmake
[4.587s] -- Up-to-date: /home/jakeluo/Documents/MonitoringSystemRos2/src/install/droneinterfaces/share/droneinterfaces/cmake/droneinterfaces__rosidl_typesupport_cExport.cmake
[4.587s] -- Up-to-date: /home/jakeluo/Documents/MonitoringSystemRos2/src/install/droneinterfaces/share/droneinterfaces/cmake/droneinterfaces__rosidl_typesupport_cExport-relwithdebinfo.cmake
[4.587s] -- Up-to-date: /home/jakeluo/Documents/MonitoringSystemRos2/src/install/droneinterfaces/share/droneinterfaces/cmake/droneinterfaces__rosidl_generator_cppExport.cmake
[4.587s] -- Up-to-date: /home/jakeluo/Documents/MonitoringSystemRos2/src/install/droneinterfaces/share/droneinterfaces/cmake/droneinterfaces__rosidl_typesupport_introspection_cppExport.cmake
[4.587s] -- Up-to-date: /home/jakeluo/Documents/MonitoringSystemRos2/src/install/droneinterfaces/share/droneinterfaces/cmake/droneinterfaces__rosidl_typesupport_introspection_cppExport-relwithdebinfo.cmake
[4.587s] -- Up-to-date: /home/jakeluo/Documents/MonitoringSystemRos2/src/install/droneinterfaces/share/droneinterfaces/cmake/droneinterfaces__rosidl_typesupport_cppExport.cmake
[4.587s] -- Up-to-date: /home/jakeluo/Documents/MonitoringSystemRos2/src/install/droneinterfaces/share/droneinterfaces/cmake/droneinterfaces__rosidl_typesupport_cppExport-relwithdebinfo.cmake
[4.590s] Invoked command in '/home/jakeluo/Documents/MonitoringSystemRos2/src/build/droneinterfaces' returned '0': CMAKE_PREFIX_PATH=${CMAKE_PREFIX_PATH}:/home/jakeluo/Documents/MonitoringSystemRos2/src/install/humanpose:/home/jakeluo/Software/ros2_rolling/install/rqt_bag_plugins:/home/jakeluo/Software/ros2_rolling/install/rqt_bag:/home/jakeluo/Software/ros2_rolling/install/ros2bag:/home/jakeluo/Software/ros2_rolling/install/tracetools_test:/home/jakeluo/Software/ros2_rolling/install/tracetools_launch:/home/jakeluo/Software/ros2_rolling/install/topic_monitor:/home/jakeluo/Software/ros2_rolling/install/tf2_tools:/home/jakeluo/Software/ros2_rolling/install/examples_tf2_py:/home/jakeluo/Software/ros2_rolling/install/tf2_ros_py:/home/jakeluo/Software/ros2_rolling/install/sros2:/home/jakeluo/Software/ros2_rolling/install/rqt_topic:/home/jakeluo/Software/ros2_rolling/install/rqt_top:/home/jakeluo/Software/ros2_rolling/install/rqt_srv:/home/jakeluo/Software/ros2_rolling/install/rqt_shell:/home/jakeluo/Software/ros2_rolling/install/rqt_service_caller:/home/jakeluo/Software/ros2_rolling/install/rqt_reconfigure:/home/jakeluo/Software/ros2_rolling/install/rqt_py_console:/home/jakeluo/Software/ros2_rolling/install/rqt_publisher:/home/jakeluo/Software/ros2_rolling/install/rqt_plot:/home/jakeluo/Software/ros2_rolling/install/rqt_action:/home/jakeluo/Software/ros2_rolling/install/rqt_msg:/home/jakeluo/Software/ros2_rolling/install/rqt_console:/home/jakeluo/Software/ros2_rolling/install/rqt:/home/jakeluo/Software/ros2_rolling/install/rqt_graph:/home/jakeluo/Software/ros2_rolling/install/rqt_gui_py:/home/jakeluo/Software/ros2_rolling/install/rqt_gui:/home/jakeluo/Software/ros2_rolling/install/ros2trace:/home/jakeluo/Software/ros2_rolling/install/ros2topic:/home/jakeluo/Software/ros2_rolling/install/ros2test:/home/jakeluo/Software/ros2_rolling/install/ros2component:/home/jakeluo/Software/ros2_rolling/install/ros2param:/home/jakeluo/Software/ros2_rolling/install/ros2lifecycle:/home/jakeluo/Software/ros2_rolling/install/ros2service:/home/jakeluo/Software/ros2_rolling/install/ros2run:/home/jakeluo/Software/ros2_rolling/install/ros2launch:/home/jakeluo/Software/ros2_rolling/install/ros2pkg:/home/jakeluo/Software/ros2_rolling/install/ros2node:/home/jakeluo/Software/ros2_rolling/install/ros2multicast:/home/jakeluo/Software/ros2_rolling/install/ros2interface:/home/jakeluo/Software/ros2_rolling/install/ros2doctor:/home/jakeluo/Software/ros2_rolling/install/ros2action:/home/jakeluo/Software/ros2_rolling/install/ros2cli:/home/jakeluo/Software/ros2_rolling/install/quality_of_service_demo_py:/home/jakeluo/Software/ros2_rolling/install/launch_testing_ros:/home/jakeluo/Software/ros2_rolling/install/launch_ros:/home/jakeluo/Software/ros2_rolling/install/examples_rclpy_pointcloud_publisher:/home/jakeluo/Software/ros2_rolling/install/examples_rclpy_minimal_subscriber:/home/jakeluo/Software/ros2_rolling/install/examples_rclpy_minimal_service:/home/jakeluo/Software/ros2_rolling/install/examples_rclpy_minimal_publisher:/home/jakeluo/Software/ros2_rolling/install/examples_rclpy_minimal_client:/home/jakeluo/Software/ros2_rolling/install/examples_rclpy_minimal_action_server:/home/jakeluo/Software/ros2_rolling/install/examples_rclpy_minimal_action_client:/home/jakeluo/Software/ros2_rolling/install/examples_rclpy_guard_conditions:/home/jakeluo/Software/ros2_rolling/install/examples_rclpy_executors:/home/jakeluo/Software/ros2_rolling/install/demo_nodes_py:/home/jakeluo/Software/ros2_rolling/install/action_tutorials_py:/home/jakeluo/Software/ros2_rolling/install/ament_uncrustify:/home/jakeluo/Software/ros2_rolling/install/tracetools_trace:/home/jakeluo/Software/ros2_rolling/install/tracetools_read:/home/jakeluo/Software/ros2_rolling/install/test_launch_ros:/home/jakeluo/Software/ros2_rolling/install/sensor_msgs_py:/home/jakeluo/Software/ros2_rolling/install/rpyutils:/home/jakeluo/Software/ros2_rolling/install/rosidl_runtime_py:/home/jakeluo/Software/ros2_rolling/install/rosidl_cli:/home/jakeluo/Software/ros2_rolling/install/launch_yaml:/home/jakeluo/Software/ros2_rolling/install/launch_xml:/home/jakeluo/Software/ros2_rolling/install/launch_testing:/home/jakeluo/Software/ros2_rolling/install/launch:/home/jakeluo/Software/ros2_rolling/install/osrf_pycommon:/home/jakeluo/Software/ros2_rolling/install/domain_coordinator:/home/jakeluo/Software/ros2_rolling/install/ament_xmllint:/home/jakeluo/Software/ros2_rolling/install/ament_pyflakes:/home/jakeluo/Software/ros2_rolling/install/ament_pycodestyle:/home/jakeluo/Software/ros2_rolling/install/ament_pep257:/home/jakeluo/Software/ros2_rolling/install/ament_pclint:/home/jakeluo/Software/ros2_rolling/install/ament_package:/home/jakeluo/Software/ros2_rolling/install/ament_mypy:/home/jakeluo/Software/ros2_rolling/install/ament_lint_cmake:/home/jakeluo/Software/ros2_rolling/install/ament_flake8:/home/jakeluo/Software/ros2_rolling/install/ament_copyright:/home/jakeluo/Software/ros2_rolling/install/ament_lint:/home/jakeluo/Software/ros2_rolling/install/ament_index_python:/home/jakeluo/Software/ros2_rolling/install/ament_cpplint:/home/jakeluo/Software/ros2_rolling/install/ament_cppcheck:/home/jakeluo/Software/ros2_rolling/install/ament_clang_tidy:/home/jakeluo/Software/ros2_rolling/install/ament_clang_format /usr/bin/cmake --install /home/jakeluo/Documents/MonitoringSystemRos2/src/build/droneinterfaces
