[35m[1mScanning dependencies of target estimater[0m
[ 50%] [32mBuilding CXX object CMakeFiles/estimater.dir/src/openpose.cpp.o[0m
[01m[K/home/jakeluo/Documents/MonitoringSystemRos2/src/openpose/src/openpose.cpp:[m[K In constructor ‘[01m[KOpenpose::Openpose(const char*)[m[K’:
[01m[K/home/jakeluo/Documents/MonitoringSystemRos2/src/openpose/src/openpose.cpp:8:14:[m[K [01;31m[Kerror: [m[Kinvalid operands of types ‘[01m[Kconst char*[m[K’ and ‘[01m[Kconst char [12][m[K’ to binary ‘[01m[Koperator+[m[K’
    8 |         [32m[Kname_[m[K[01;31m[K+[m[K[34m[K"_Framearray"[m[K,
      |         [32m[K~~~~~[m[K[01;31m[K^[m[K[34m[K~~~~~~~~~~~~~[m[K
      |         [32m[K|[m[K     [34m[K|[m[K
      |         [32m[K|[m[K     [34m[Kconst char [12][m[K
      |         [32m[Kconst char*[m[K
[01m[K/home/jakeluo/Documents/MonitoringSystemRos2/src/openpose/src/openpose.cpp:[m[K At global scope:
[01m[K/home/jakeluo/Documents/MonitoringSystemRos2/src/openpose/src/openpose.cpp:18:78:[m[K [01;31m[Kerror: [m[KISO C++ forbids declaration of ‘[01m[KframeCallback[m[K’ with no type [[01;31m[K-fpermissive[m[K]
   18 | Openpose::frameCallback(const droneinterfaces::msg::FrameArray::SharedPtr msg[01;31m[K)[m[K
      |                                                                              [01;31m[K^[m[K
[01m[K/home/jakeluo/Documents/MonitoringSystemRos2/src/openpose/src/openpose.cpp:18:1:[m[K [01;31m[Kerror: [m[Kno declaration matches ‘[01m[Kint Openpose::frameCallback(droneinterfaces::msg::FrameArray_<std::allocator<void> >::SharedPtr)[m[K’
   18 | [01;31m[KOpenpose[m[K::frameCallback(const droneinterfaces::msg::FrameArray::SharedPtr msg)
      | [01;31m[K^~~~~~~~[m[K
In file included from [01m[K/home/jakeluo/Documents/MonitoringSystemRos2/src/openpose/src/openpose.cpp:1[m[K:
[01m[K/home/jakeluo/Documents/MonitoringSystemRos2/src/openpose/include/openpose.hpp:39:10:[m[K [01;36m[Knote: [m[Kcandidate is: ‘[01m[Kvoid Openpose::frameCallback(droneinterfaces::msg::FrameArray_<std::allocator<void> >::SharedPtr)[m[K’
   39 |     void [01;36m[KframeCallback[m[K(const droneinterfaces::msg::FrameArray::SharedPtr msg);
      |          [01;36m[K^~~~~~~~~~~~~[m[K
[01m[K/home/jakeluo/Documents/MonitoringSystemRos2/src/openpose/include/openpose.hpp:20:7:[m[K [01;36m[Knote: [m[K‘[01m[Kclass Openpose[m[K’ defined here
   20 | class [01;36m[KOpenpose[m[K
      |       [01;36m[K^~~~~~~~[m[K
make[2]: *** [CMakeFiles/estimater.dir/build.make:63：CMakeFiles/estimater.dir/src/openpose.cpp.o] 错误 1
make[1]: *** [CMakeFiles/Makefile2:78：CMakeFiles/estimater.dir/all] 错误 2
make: *** [Makefile:141：all] 错误 2
