[0.406s] DEBUG:colcon:Command line arguments: ['/usr/bin/colcon', 'build']
[0.406s] DEBUG:colcon:Parsed command line arguments: Namespace(ament_cmake_args=None, base_paths=['.'], build_base='build', catkin_cmake_args=None, catkin_skip_building_tests=False, cmake_args=None, cmake_clean_cache=False, cmake_clean_first=False, cmake_force_configure=False, cmake_target=None, cmake_target_skip_unavailable=False, continue_on_error=False, event_handlers=None, executor='parallel', ignore_user_meta=False, install_base='install', log_base=None, log_level=None, main=<bound method BuildVerb.main of <colcon_core.verb.build.BuildVerb object at 0x7faa72403190>>, merge_install=False, metas=['./colcon.meta'], packages_above=None, packages_above_and_dependencies=None, packages_above_depth=None, packages_end=None, packages_ignore=None, packages_ignore_regex=None, packages_select=None, packages_select_build_failed=False, packages_select_by_dep=None, packages_select_regex=None, packages_select_test_failures=False, packages_skip=None, packages_skip_build_finished=False, packages_skip_by_dep=None, packages_skip_regex=None, packages_skip_test_passed=False, packages_skip_up_to=None, packages_start=None, packages_up_to=None, packages_up_to_regex=None, parallel_workers=12, paths=None, symlink_install=False, test_result_base=None, verb_extension=<colcon_core.verb.build.BuildVerb object at 0x7faa72403190>, verb_name='build', verb_parser=<colcon_defaults.argument_parser.defaults.DefaultArgumentsDecorator object at 0x7faa724036d0>)
[0.416s] Level 1:colcon.colcon_core.package_discovery:discover_packages(colcon_meta) check parameters
[0.416s] Level 1:colcon.colcon_core.package_discovery:discover_packages(recursive) check parameters
[0.416s] Level 1:colcon.colcon_core.package_discovery:discover_packages(ignore) check parameters
[0.416s] Level 1:colcon.colcon_core.package_discovery:discover_packages(path) check parameters
[0.417s] Level 1:colcon.colcon_core.package_discovery:discover_packages(colcon_meta) discover
[0.417s] Level 1:colcon.colcon_core.package_discovery:discover_packages(recursive) discover
[0.417s] INFO:colcon.colcon_core.package_discovery:Crawling recursively for packages in '/home/jakeluo/Documents/MonitoringSystemRos2'
[0.417s] Level 1:colcon.colcon_core.package_identification:_identify(.) by extensions ['ignore', 'ignore_ament_install']
[0.417s] Level 1:colcon.colcon_core.package_identification:_identify(.) by extension 'ignore'
[0.417s] Level 1:colcon.colcon_core.package_identification:_identify(.) by extension 'ignore_ament_install'
[0.417s] Level 1:colcon.colcon_core.package_identification:_identify(.) by extensions ['colcon_pkg']
[0.417s] Level 1:colcon.colcon_core.package_identification:_identify(.) by extension 'colcon_pkg'
[0.417s] Level 1:colcon.colcon_core.package_identification:_identify(.) by extensions ['colcon_meta']
[0.417s] Level 1:colcon.colcon_core.package_identification:_identify(.) by extension 'colcon_meta'
[0.417s] Level 1:colcon.colcon_core.package_identification:_identify(.) by extensions ['ros']
[0.417s] Level 1:colcon.colcon_core.package_identification:_identify(.) by extension 'ros'
[0.427s] Level 1:colcon.colcon_core.package_identification:_identify(.) by extensions ['cmake', 'python']
[0.427s] Level 1:colcon.colcon_core.package_identification:_identify(.) by extension 'cmake'
[0.427s] Level 1:colcon.colcon_core.package_identification:_identify(.) by extension 'python'
[0.428s] Level 1:colcon.colcon_core.package_identification:_identify(.) by extensions ['python_setup_py']
[0.428s] Level 1:colcon.colcon_core.package_identification:_identify(.) by extension 'python_setup_py'
[0.428s] Level 1:colcon.colcon_core.package_identification:_identify(build) by extensions ['ignore', 'ignore_ament_install']
[0.428s] Level 1:colcon.colcon_core.package_identification:_identify(build) by extension 'ignore'
[0.428s] Level 1:colcon.colcon_core.package_identification:_identify(build) ignored
[0.428s] Level 1:colcon.colcon_core.package_identification:_identify(droneinterfaces) by extensions ['ignore', 'ignore_ament_install']
[0.428s] Level 1:colcon.colcon_core.package_identification:_identify(droneinterfaces) by extension 'ignore'
[0.428s] Level 1:colcon.colcon_core.package_identification:_identify(droneinterfaces) by extension 'ignore_ament_install'
[0.428s] Level 1:colcon.colcon_core.package_identification:_identify(droneinterfaces) by extensions ['colcon_pkg']
[0.428s] Level 1:colcon.colcon_core.package_identification:_identify(droneinterfaces) by extension 'colcon_pkg'
[0.428s] Level 1:colcon.colcon_core.package_identification:_identify(droneinterfaces) by extensions ['colcon_meta']
[0.428s] Level 1:colcon.colcon_core.package_identification:_identify(droneinterfaces) by extension 'colcon_meta'
[0.428s] Level 1:colcon.colcon_core.package_identification:_identify(droneinterfaces) by extensions ['ros']
[0.428s] Level 1:colcon.colcon_core.package_identification:_identify(droneinterfaces) by extension 'ros'
[0.430s] DEBUG:colcon.colcon_core.package_identification:Package 'droneinterfaces' with type 'ros.ament_cmake' and name 'droneinterfaces'
[0.430s] Level 1:colcon.colcon_core.package_identification:_identify(install) by extensions ['ignore', 'ignore_ament_install']
[0.430s] Level 1:colcon.colcon_core.package_identification:_identify(install) by extension 'ignore'
[0.430s] Level 1:colcon.colcon_core.package_identification:_identify(install) ignored
[0.431s] Level 1:colcon.colcon_core.package_identification:_identify(log) by extensions ['ignore', 'ignore_ament_install']
[0.431s] Level 1:colcon.colcon_core.package_identification:_identify(log) by extension 'ignore'
[0.431s] Level 1:colcon.colcon_core.package_identification:_identify(log) ignored
[0.431s] Level 1:colcon.colcon_core.package_identification:_identify(src) by extensions ['ignore', 'ignore_ament_install']
[0.431s] Level 1:colcon.colcon_core.package_identification:_identify(src) by extension 'ignore'
[0.431s] Level 1:colcon.colcon_core.package_identification:_identify(src) by extension 'ignore_ament_install'
[0.431s] Level 1:colcon.colcon_core.package_identification:_identify(src) by extensions ['colcon_pkg']
[0.431s] Level 1:colcon.colcon_core.package_identification:_identify(src) by extension 'colcon_pkg'
[0.431s] Level 1:colcon.colcon_core.package_identification:_identify(src) by extensions ['colcon_meta']
[0.431s] Level 1:colcon.colcon_core.package_identification:_identify(src) by extension 'colcon_meta'
[0.431s] Level 1:colcon.colcon_core.package_identification:_identify(src) by extensions ['ros']
[0.431s] Level 1:colcon.colcon_core.package_identification:_identify(src) by extension 'ros'
[0.431s] Level 1:colcon.colcon_core.package_identification:_identify(src) by extensions ['cmake', 'python']
[0.432s] Level 1:colcon.colcon_core.package_identification:_identify(src) by extension 'cmake'
[0.432s] Level 1:colcon.colcon_core.package_identification:_identify(src) by extension 'python'
[0.432s] Level 1:colcon.colcon_core.package_identification:_identify(src) by extensions ['python_setup_py']
[0.432s] Level 1:colcon.colcon_core.package_identification:_identify(src) by extension 'python_setup_py'
[0.432s] Level 1:colcon.colcon_core.package_identification:_identify(src/build) by extensions ['ignore', 'ignore_ament_install']
[0.432s] Level 1:colcon.colcon_core.package_identification:_identify(src/build) by extension 'ignore'
[0.432s] Level 1:colcon.colcon_core.package_identification:_identify(src/build) ignored
[0.432s] Level 1:colcon.colcon_core.package_identification:_identify(src/droneutility) by extensions ['ignore', 'ignore_ament_install']
[0.432s] Level 1:colcon.colcon_core.package_identification:_identify(src/droneutility) by extension 'ignore'
[0.432s] Level 1:colcon.colcon_core.package_identification:_identify(src/droneutility) by extension 'ignore_ament_install'
[0.432s] Level 1:colcon.colcon_core.package_identification:_identify(src/droneutility) by extensions ['colcon_pkg']
[0.432s] Level 1:colcon.colcon_core.package_identification:_identify(src/droneutility) by extension 'colcon_pkg'
[0.432s] Level 1:colcon.colcon_core.package_identification:_identify(src/droneutility) by extensions ['colcon_meta']
[0.432s] Level 1:colcon.colcon_core.package_identification:_identify(src/droneutility) by extension 'colcon_meta'
[0.432s] Level 1:colcon.colcon_core.package_identification:_identify(src/droneutility) by extensions ['ros']
[0.432s] Level 1:colcon.colcon_core.package_identification:_identify(src/droneutility) by extension 'ros'
[0.433s] DEBUG:colcon.colcon_core.package_identification:Package 'src/droneutility' with type 'ros.ament_cmake' and name 'droneutility'
[0.433s] Level 1:colcon.colcon_core.package_identification:_identify(src/install) by extensions ['ignore', 'ignore_ament_install']
[0.433s] Level 1:colcon.colcon_core.package_identification:_identify(src/install) by extension 'ignore'
[0.433s] Level 1:colcon.colcon_core.package_identification:_identify(src/install) ignored
[0.433s] Level 1:colcon.colcon_core.package_identification:_identify(src/log) by extensions ['ignore', 'ignore_ament_install']
[0.433s] Level 1:colcon.colcon_core.package_identification:_identify(src/log) by extension 'ignore'
[0.434s] Level 1:colcon.colcon_core.package_identification:_identify(src/log) ignored
[0.434s] Level 1:colcon.colcon_core.package_discovery:discover_packages(recursive) using defaults
[0.434s] Level 1:colcon.colcon_core.package_discovery:discover_packages(ignore) discover
[0.434s] Level 1:colcon.colcon_core.package_discovery:discover_packages(ignore) using defaults
[0.434s] Level 1:colcon.colcon_core.package_discovery:discover_packages(path) discover
[0.434s] Level 1:colcon.colcon_core.package_discovery:discover_packages(path) using defaults
[0.468s] Level 5:colcon.colcon_core.verb:set package 'droneinterfaces' build argument 'cmake_args' from command line to 'None'
[0.468s] Level 5:colcon.colcon_core.verb:set package 'droneinterfaces' build argument 'cmake_target' from command line to 'None'
[0.468s] Level 5:colcon.colcon_core.verb:set package 'droneinterfaces' build argument 'cmake_target_skip_unavailable' from command line to 'False'
[0.468s] Level 5:colcon.colcon_core.verb:set package 'droneinterfaces' build argument 'cmake_clean_cache' from command line to 'False'
[0.468s] Level 5:colcon.colcon_core.verb:set package 'droneinterfaces' build argument 'cmake_clean_first' from command line to 'False'
[0.468s] Level 5:colcon.colcon_core.verb:set package 'droneinterfaces' build argument 'cmake_force_configure' from command line to 'False'
[0.468s] Level 5:colcon.colcon_core.verb:set package 'droneinterfaces' build argument 'ament_cmake_args' from command line to 'None'
[0.468s] Level 5:colcon.colcon_core.verb:set package 'droneinterfaces' build argument 'catkin_cmake_args' from command line to 'None'
[0.468s] Level 5:colcon.colcon_core.verb:set package 'droneinterfaces' build argument 'catkin_skip_building_tests' from command line to 'False'
[0.468s] DEBUG:colcon.colcon_core.verb:Building package 'droneinterfaces' with the following arguments: {'ament_cmake_args': None, 'build_base': '/home/jakeluo/Documents/MonitoringSystemRos2/build/droneinterfaces', 'catkin_cmake_args': None, 'catkin_skip_building_tests': False, 'cmake_args': None, 'cmake_clean_cache': False, 'cmake_clean_first': False, 'cmake_force_configure': False, 'cmake_target': None, 'cmake_target_skip_unavailable': False, 'install_base': '/home/jakeluo/Documents/MonitoringSystemRos2/install/droneinterfaces', 'merge_install': False, 'path': '/home/jakeluo/Documents/MonitoringSystemRos2/droneinterfaces', 'symlink_install': False, 'test_result_base': None}
[0.472s] Level 5:colcon.colcon_core.verb:set package 'droneutility' build argument 'cmake_args' from command line to 'None'
[0.472s] Level 5:colcon.colcon_core.verb:set package 'droneutility' build argument 'cmake_target' from command line to 'None'
[0.472s] Level 5:colcon.colcon_core.verb:set package 'droneutility' build argument 'cmake_target_skip_unavailable' from command line to 'False'
[0.472s] Level 5:colcon.colcon_core.verb:set package 'droneutility' build argument 'cmake_clean_cache' from command line to 'False'
[0.472s] Level 5:colcon.colcon_core.verb:set package 'droneutility' build argument 'cmake_clean_first' from command line to 'False'
[0.472s] Level 5:colcon.colcon_core.verb:set package 'droneutility' build argument 'cmake_force_configure' from command line to 'False'
[0.472s] Level 5:colcon.colcon_core.verb:set package 'droneutility' build argument 'ament_cmake_args' from command line to 'None'
[0.472s] Level 5:colcon.colcon_core.verb:set package 'droneutility' build argument 'catkin_cmake_args' from command line to 'None'
[0.472s] Level 5:colcon.colcon_core.verb:set package 'droneutility' build argument 'catkin_skip_building_tests' from command line to 'False'
[0.472s] DEBUG:colcon.colcon_core.verb:Building package 'droneutility' with the following arguments: {'ament_cmake_args': None, 'build_base': '/home/jakeluo/Documents/MonitoringSystemRos2/build/droneutility', 'catkin_cmake_args': None, 'catkin_skip_building_tests': False, 'cmake_args': None, 'cmake_clean_cache': False, 'cmake_clean_first': False, 'cmake_force_configure': False, 'cmake_target': None, 'cmake_target_skip_unavailable': False, 'install_base': '/home/jakeluo/Documents/MonitoringSystemRos2/install/droneutility', 'merge_install': False, 'path': '/home/jakeluo/Documents/MonitoringSystemRos2/src/droneutility', 'symlink_install': False, 'test_result_base': None}
[0.473s] INFO:colcon.colcon_core.executor:Executing jobs using 'parallel' executor
[0.475s] DEBUG:colcon.colcon_parallel_executor.executor.parallel:run_until_complete
[0.476s] INFO:colcon.colcon_ros.task.ament_cmake.build:Building ROS package in '/home/jakeluo/Documents/MonitoringSystemRos2/droneinterfaces' with build type 'ament_cmake'
[0.476s] INFO:colcon.colcon_cmake.task.cmake.build:Building CMake package in '/home/jakeluo/Documents/MonitoringSystemRos2/droneinterfaces'
[0.481s] INFO:colcon.colcon_core.plugin_system:Skipping extension 'colcon_core.shell.bat': Not used on non-Windows systems
[0.482s] INFO:colcon.colcon_core.shell:Skip shell extension 'powershell' for command environment: Not usable outside of PowerShell
[0.482s] DEBUG:colcon.colcon_core.shell:Skip shell extension 'dsv' for command environment
[0.502s] DEBUG:colcon.colcon_core.event_handler.log_command:Invoking command in '/home/jakeluo/Documents/MonitoringSystemRos2/build/droneinterfaces': /usr/bin/cmake --build /home/jakeluo/Documents/MonitoringSystemRos2/build/droneinterfaces -- -j12 -l12
[1.144s] DEBUG:colcon.colcon_core.event_handler.log_command:Invoked command in '/home/jakeluo/Documents/MonitoringSystemRos2/build/droneinterfaces' returned '0': /usr/bin/cmake --build /home/jakeluo/Documents/MonitoringSystemRos2/build/droneinterfaces -- -j12 -l12
[1.315s] DEBUG:colcon.colcon_core.event_handler.log_command:Invoking command in '/home/jakeluo/Documents/MonitoringSystemRos2/build/droneinterfaces': /usr/bin/cmake --install /home/jakeluo/Documents/MonitoringSystemRos2/build/droneinterfaces
[1.450s] Level 1:colcon.colcon_core.environment:create_environment_scripts_only(droneinterfaces)
[1.451s] DEBUG:colcon.colcon_core.event_handler.log_command:Invoked command in '/home/jakeluo/Documents/MonitoringSystemRos2/build/droneinterfaces' returned '0': /usr/bin/cmake --install /home/jakeluo/Documents/MonitoringSystemRos2/build/droneinterfaces
[1.457s] Level 1:colcon.colcon_core.environment:checking '/home/jakeluo/Documents/MonitoringSystemRos2/install/droneinterfaces' for CMake module files
[1.458s] Level 1:colcon.colcon_core.environment:checking '/home/jakeluo/Documents/MonitoringSystemRos2/install/droneinterfaces' for CMake config files
[1.458s] Level 1:colcon.colcon_core.shell:create_environment_hook('droneinterfaces', 'cmake_prefix_path')
[1.459s] INFO:colcon.colcon_core.shell:Creating environment hook '/home/jakeluo/Documents/MonitoringSystemRos2/install/droneinterfaces/share/droneinterfaces/hook/cmake_prefix_path.ps1'
[1.460s] INFO:colcon.colcon_core.shell:Creating environment descriptor '/home/jakeluo/Documents/MonitoringSystemRos2/install/droneinterfaces/share/droneinterfaces/hook/cmake_prefix_path.dsv'
[1.460s] INFO:colcon.colcon_core.shell:Creating environment hook '/home/jakeluo/Documents/MonitoringSystemRos2/install/droneinterfaces/share/droneinterfaces/hook/cmake_prefix_path.sh'
[1.461s] Level 1:colcon.colcon_core.environment:checking '/home/jakeluo/Documents/MonitoringSystemRos2/install/droneinterfaces/lib'
[1.461s] Level 1:colcon.colcon_core.shell:create_environment_hook('droneinterfaces', 'ld_library_path_lib')
[1.462s] INFO:colcon.colcon_core.shell:Creating environment hook '/home/jakeluo/Documents/MonitoringSystemRos2/install/droneinterfaces/share/droneinterfaces/hook/ld_library_path_lib.ps1'
[1.462s] INFO:colcon.colcon_core.shell:Creating environment descriptor '/home/jakeluo/Documents/MonitoringSystemRos2/install/droneinterfaces/share/droneinterfaces/hook/ld_library_path_lib.dsv'
[1.462s] INFO:colcon.colcon_core.shell:Creating environment hook '/home/jakeluo/Documents/MonitoringSystemRos2/install/droneinterfaces/share/droneinterfaces/hook/ld_library_path_lib.sh'
[1.463s] Level 1:colcon.colcon_core.environment:checking '/home/jakeluo/Documents/MonitoringSystemRos2/install/droneinterfaces/bin'
[1.463s] Level 1:colcon.colcon_core.environment:checking '/home/jakeluo/Documents/MonitoringSystemRos2/install/droneinterfaces/lib/pkgconfig/droneinterfaces.pc'
[1.463s] Level 1:colcon.colcon_core.environment:checking '/home/jakeluo/Documents/MonitoringSystemRos2/install/droneinterfaces/lib/python3.8/site-packages'
[1.463s] Level 1:colcon.colcon_core.shell:create_environment_hook('droneinterfaces', 'pythonpath')
[1.464s] INFO:colcon.colcon_core.shell:Creating environment hook '/home/jakeluo/Documents/MonitoringSystemRos2/install/droneinterfaces/share/droneinterfaces/hook/pythonpath.ps1'
[1.464s] INFO:colcon.colcon_core.shell:Creating environment descriptor '/home/jakeluo/Documents/MonitoringSystemRos2/install/droneinterfaces/share/droneinterfaces/hook/pythonpath.dsv'
[1.464s] INFO:colcon.colcon_core.shell:Creating environment hook '/home/jakeluo/Documents/MonitoringSystemRos2/install/droneinterfaces/share/droneinterfaces/hook/pythonpath.sh'
[1.465s] INFO:colcon.colcon_core.shell:Creating package script '/home/jakeluo/Documents/MonitoringSystemRos2/install/droneinterfaces/share/droneinterfaces/package.ps1'
[1.466s] INFO:colcon.colcon_core.shell:Creating package descriptor '/home/jakeluo/Documents/MonitoringSystemRos2/install/droneinterfaces/share/droneinterfaces/package.dsv'
[1.466s] INFO:colcon.colcon_core.shell:Creating package script '/home/jakeluo/Documents/MonitoringSystemRos2/install/droneinterfaces/share/droneinterfaces/package.sh'
[1.467s] INFO:colcon.colcon_core.shell:Creating package script '/home/jakeluo/Documents/MonitoringSystemRos2/install/droneinterfaces/share/droneinterfaces/package.bash'
[1.467s] INFO:colcon.colcon_core.shell:Creating package script '/home/jakeluo/Documents/MonitoringSystemRos2/install/droneinterfaces/share/droneinterfaces/package.zsh'
[1.468s] Level 1:colcon.colcon_core.environment:create_file_with_runtime_dependencies(/home/jakeluo/Documents/MonitoringSystemRos2/install/droneinterfaces/share/colcon-core/packages/droneinterfaces)
[1.620s] Level 1:colcon.colcon_core.environment:create_environment_scripts_only(droneinterfaces)
[1.621s] Level 1:colcon.colcon_core.environment:checking '/home/jakeluo/Documents/MonitoringSystemRos2/install/droneinterfaces' for CMake module files
[1.622s] Level 1:colcon.colcon_core.environment:checking '/home/jakeluo/Documents/MonitoringSystemRos2/install/droneinterfaces' for CMake config files
[1.622s] Level 1:colcon.colcon_core.shell:create_environment_hook('droneinterfaces', 'cmake_prefix_path')
[1.623s] INFO:colcon.colcon_core.shell:Creating environment hook '/home/jakeluo/Documents/MonitoringSystemRos2/install/droneinterfaces/share/droneinterfaces/hook/cmake_prefix_path.ps1'
[1.623s] INFO:colcon.colcon_core.shell:Creating environment descriptor '/home/jakeluo/Documents/MonitoringSystemRos2/install/droneinterfaces/share/droneinterfaces/hook/cmake_prefix_path.dsv'
[1.623s] INFO:colcon.colcon_core.shell:Creating environment hook '/home/jakeluo/Documents/MonitoringSystemRos2/install/droneinterfaces/share/droneinterfaces/hook/cmake_prefix_path.sh'
[1.624s] Level 1:colcon.colcon_core.environment:checking '/home/jakeluo/Documents/MonitoringSystemRos2/install/droneinterfaces/lib'
[1.624s] Level 1:colcon.colcon_core.shell:create_environment_hook('droneinterfaces', 'ld_library_path_lib')
[1.625s] INFO:colcon.colcon_core.shell:Creating environment hook '/home/jakeluo/Documents/MonitoringSystemRos2/install/droneinterfaces/share/droneinterfaces/hook/ld_library_path_lib.ps1'
[1.625s] INFO:colcon.colcon_core.shell:Creating environment descriptor '/home/jakeluo/Documents/MonitoringSystemRos2/install/droneinterfaces/share/droneinterfaces/hook/ld_library_path_lib.dsv'
[1.625s] INFO:colcon.colcon_core.shell:Creating environment hook '/home/jakeluo/Documents/MonitoringSystemRos2/install/droneinterfaces/share/droneinterfaces/hook/ld_library_path_lib.sh'
[1.625s] Level 1:colcon.colcon_core.environment:checking '/home/jakeluo/Documents/MonitoringSystemRos2/install/droneinterfaces/bin'
[1.625s] Level 1:colcon.colcon_core.environment:checking '/home/jakeluo/Documents/MonitoringSystemRos2/install/droneinterfaces/lib/pkgconfig/droneinterfaces.pc'
[1.625s] Level 1:colcon.colcon_core.environment:checking '/home/jakeluo/Documents/MonitoringSystemRos2/install/droneinterfaces/lib/python3.8/site-packages'
[1.625s] Level 1:colcon.colcon_core.shell:create_environment_hook('droneinterfaces', 'pythonpath')
[1.626s] INFO:colcon.colcon_core.shell:Creating environment hook '/home/jakeluo/Documents/MonitoringSystemRos2/install/droneinterfaces/share/droneinterfaces/hook/pythonpath.ps1'
[1.627s] INFO:colcon.colcon_core.shell:Creating environment descriptor '/home/jakeluo/Documents/MonitoringSystemRos2/install/droneinterfaces/share/droneinterfaces/hook/pythonpath.dsv'
[1.627s] INFO:colcon.colcon_core.shell:Creating environment hook '/home/jakeluo/Documents/MonitoringSystemRos2/install/droneinterfaces/share/droneinterfaces/hook/pythonpath.sh'
[1.628s] INFO:colcon.colcon_core.shell:Creating package script '/home/jakeluo/Documents/MonitoringSystemRos2/install/droneinterfaces/share/droneinterfaces/package.ps1'
[1.628s] INFO:colcon.colcon_core.shell:Creating package descriptor '/home/jakeluo/Documents/MonitoringSystemRos2/install/droneinterfaces/share/droneinterfaces/package.dsv'
[1.629s] INFO:colcon.colcon_core.shell:Creating package script '/home/jakeluo/Documents/MonitoringSystemRos2/install/droneinterfaces/share/droneinterfaces/package.sh'
[1.629s] INFO:colcon.colcon_core.shell:Creating package script '/home/jakeluo/Documents/MonitoringSystemRos2/install/droneinterfaces/share/droneinterfaces/package.bash'
[1.630s] INFO:colcon.colcon_core.shell:Creating package script '/home/jakeluo/Documents/MonitoringSystemRos2/install/droneinterfaces/share/droneinterfaces/package.zsh'
[1.630s] Level 1:colcon.colcon_core.environment:create_file_with_runtime_dependencies(/home/jakeluo/Documents/MonitoringSystemRos2/install/droneinterfaces/share/colcon-core/packages/droneinterfaces)
[1.630s] INFO:colcon.colcon_ros.task.ament_cmake.build:Building ROS package in '/home/jakeluo/Documents/MonitoringSystemRos2/src/droneutility' with build type 'ament_cmake'
[1.630s] INFO:colcon.colcon_cmake.task.cmake.build:Building CMake package in '/home/jakeluo/Documents/MonitoringSystemRos2/src/droneutility'
[1.631s] INFO:colcon.colcon_core.shell:Skip shell extension 'powershell' for command environment: Not usable outside of PowerShell
[1.631s] DEBUG:colcon.colcon_core.shell:Skip shell extension 'dsv' for command environment
[1.658s] DEBUG:colcon.colcon_core.event_handler.log_command:Invoking command in '/home/jakeluo/Documents/MonitoringSystemRos2/build/droneutility': CMAKE_PREFIX_PATH=/home/jakeluo/Documents/MonitoringSystemRos2/install/droneinterfaces:/home/jakeluo/Documents/MonitoringSystemRos2/install/droneutility LD_LIBRARY_PATH=/home/jakeluo/Documents/MonitoringSystemRos2/install/droneinterfaces/lib:/home/jakeluo/Software/ros2_rolling/install/rosbag2_compression_zstd/lib:/home/jakeluo/Software/ros2_rolling/install/zstd_vendor/lib:/home/jakeluo/Software/ros2_rolling/install/rviz_default_plugins/lib:/home/jakeluo/Software/ros2_rolling/install/rviz_common/lib:/home/jakeluo/Software/ros2_rolling/install/rosbag2_transport/lib:/home/jakeluo/Software/ros2_rolling/install/rosbag2_compression/lib:/home/jakeluo/Software/ros2_rolling/install/rosbag2_cpp/lib:/home/jakeluo/Software/ros2_rolling/install/rosbag2_storage_default_plugins/lib:/home/jakeluo/Software/ros2_rolling/install/rosbag2_storage/lib:/home/jakeluo/Software/ros2_rolling/install/camera_info_manager/lib:/home/jakeluo/Software/ros2_rolling/install/camera_calibration_parsers/lib:/home/jakeluo/Software/ros2_rolling/install/yaml_cpp_vendor/opt/yaml_cpp_vendor/lib:/home/jakeluo/Software/ros2_rolling/install/interactive_markers/lib:/home/jakeluo/Software/ros2_rolling/install/visualization_msgs/lib:/home/jakeluo/Software/ros2_rolling/install/robot_state_publisher/lib:/home/jakeluo/Software/ros2_rolling/install/kdl_parser/lib:/home/jakeluo/Software/ros2_rolling/install/urdf/lib:/home/jakeluo/Software/ros2_rolling/install/urdfdom/lib:/home/jakeluo/Software/ros2_rolling/install/turtlesim/lib:/home/jakeluo/Software/ros2_rolling/install/tf2_ros/lib:/home/jakeluo/Software/ros2_rolling/install/tf2_msgs/lib:/home/jakeluo/Software/ros2_rolling/install/test_msgs/lib:/home/jakeluo/Software/ros2_rolling/install/ros2cli_test_interfaces/lib:/home/jakeluo/Software/ros2_rolling/install/quality_of_service_demo_cpp/lib:/home/jakeluo/Software/ros2_rolling/install/image_transport/lib:/home/jakeluo/Software/ros2_rolling/install/message_filters/lib:/home/jakeluo/Software/ros2_rolling/install/demo_nodes_cpp/lib:/home/jakeluo/Software/ros2_rolling/install/composition/lib:/home/jakeluo/Software/ros2_rolling/install/laser_geometry/lib:/home/jakeluo/Software/ros2_rolling/install/rclpy/lib:/home/jakeluo/Software/ros2_rolling/install/action_tutorials_cpp/lib:/home/jakeluo/Software/ros2_rolling/install/rclcpp_action/lib:/home/jakeluo/Software/ros2_rolling/install/rcl_action/lib:/home/jakeluo/Software/ros2_rolling/install/examples_rclcpp_wait_set/lib:/home/jakeluo/Software/ros2_rolling/install/example_interfaces/lib:/home/jakeluo/Software/ros2_rolling/install/action_tutorials_interfaces/lib:/home/jakeluo/Software/ros2_rolling/install/action_msgs/lib:/home/jakeluo/Software/ros2_rolling/install/unique_identifier_msgs/lib:/home/jakeluo/Software/ros2_rolling/install/trajectory_msgs/lib:/home/jakeluo/Software/ros2_rolling/install/rqt_gui_cpp/lib:/home/jakeluo/Software/ros2_rolling/install/rclcpp_lifecycle/lib:/home/jakeluo/Software/ros2_rolling/install/logging_demo/lib:/home/jakeluo/Software/ros2_rolling/install/image_tools/lib:/home/jakeluo/Software/ros2_rolling/install/examples_rclcpp_minimal_subscriber/lib:/home/jakeluo/Software/ros2_rolling/install/examples_rclcpp_minimal_composition/lib:/home/jakeluo/Software/ros2_rolling/install/demo_nodes_cpp_native/lib:/home/jakeluo/Software/ros2_rolling/install/rclcpp_components/lib:/home/jakeluo/Software/ros2_rolling/install/rclcpp/lib:/home/jakeluo/Software/ros2_rolling/install/rcl_lifecycle/lib:/home/jakeluo/Software/ros2_rolling/install/libstatistics_collector/lib:/home/jakeluo/Software/ros2_rolling/install/rcl/lib:/home/jakeluo/Software/ros2_rolling/install/rmw_implementation/lib:/home/jakeluo/Software/ros2_rolling/install/rmw_cyclonedds_cpp/lib:/home/jakeluo/Software/ros2_rolling/install/tracetools/lib:/home/jakeluo/Software/ros2_rolling/install/tlsf/lib:/home/jakeluo/Software/ros2_rolling/install/qt_gui_cpp/lib:/home/jakeluo/Software/ros2_rolling/install/tf2_eigen_kdl/lib:/home/jakeluo/Software/ros2_rolling/install/tf2/lib:/home/jakeluo/Software/ros2_rolling/install/stereo_msgs/lib:/home/jakeluo/Software/ros2_rolling/install/std_srvs/lib:/home/jakeluo/Software/ros2_rolling/install/shape_msgs/lib:/home/jakeluo/Software/ros2_rolling/install/map_msgs/lib:/home/jakeluo/Software/ros2_rolling/install/sensor_msgs/lib:/home/jakeluo/Software/ros2_rolling/install/nav_msgs/lib:/home/jakeluo/Software/ros2_rolling/install/diagnostic_msgs/lib:/home/jakeluo/Software/ros2_rolling/install/geometry_msgs/lib:/home/jakeluo/Software/ros2_rolling/install/actionlib_msgs/lib:/home/jakeluo/Software/ros2_rolling/install/std_msgs/lib:/home/jakeluo/Software/ros2_rolling/install/statistics_msgs/lib:/home/jakeluo/Software/ros2_rolling/install/rcl_logging_spdlog/lib:/home/jakeluo/Software/ros2_rolling/install/rviz_rendering/lib:/home/jakeluo/Software/ros2_rolling/install/rviz_ogre_vendor/opt/rviz_ogre_vendor/lib:/home/jakeluo/Software/ros2_rolling/install/rttest/lib:/home/jakeluo/Software/ros2_rolling/install/rosgraph_msgs/lib:/home/jakeluo/Software/ros2_rolling/install/rosbag2_interfaces/lib:/home/jakeluo/Software/ros2_rolling/install/rmw_fastrtps_dynamic_cpp/lib:/home/jakeluo/Software/ros2_rolling/install/rmw_fastrtps_cpp/lib:/home/jakeluo/Software/ros2_rolling/install/rmw_fastrtps_shared_cpp/lib:/home/jakeluo/Software/ros2_rolling/install/rmw_dds_common/lib:/home/jakeluo/Software/ros2_rolling/install/composition_interfaces/lib:/home/jakeluo/Software/ros2_rolling/install/rcl_interfaces/lib:/home/jakeluo/Software/ros2_rolling/install/pendulum_msgs/lib:/home/jakeluo/Software/ros2_rolling/install/lifecycle_msgs/lib:/home/jakeluo/Software/ros2_rolling/install/builtin_interfaces/lib:/home/jakeluo/Software/ros2_rolling/install/rosidl_typesupport_cpp/lib:/home/jakeluo/Software/ros2_rolling/install/rosidl_typesupport_introspection_cpp/lib:/home/jakeluo/Software/ros2_rolling/install/rosidl_typesupport_c/lib:/home/jakeluo/Software/ros2_rolling/install/rosidl_typesupport_introspection_c/lib:/home/jakeluo/Software/ros2_rolling/install/rosidl_typesupport_fastrtps_c/lib:/home/jakeluo/Software/ros2_rolling/install/rosidl_typesupport_fastrtps_cpp/lib:/home/jakeluo/Software/ros2_rolling/install/rcl_yaml_param_parser/lib:/home/jakeluo/Software/ros2_rolling/install/rmw/lib:/home/jakeluo/Software/ros2_rolling/install/rosidl_runtime_c/lib:/home/jakeluo/Software/ros2_rolling/install/resource_retriever/lib:/home/jakeluo/Software/ros2_rolling/install/class_loader/lib:/home/jakeluo/Software/ros2_rolling/install/rcpputils/lib:/home/jakeluo/Software/ros2_rolling/install/rcl_logging_noop/lib:/home/jakeluo/Software/ros2_rolling/install/rcl_logging_interface/lib:/home/jakeluo/Software/ros2_rolling/install/rcutils/lib:/home/jakeluo/Software/ros2_rolling/install/performance_test_fixture/lib:/home/jakeluo/Software/ros2_rolling/install/osrf_testing_tools_cpp/lib:/home/jakeluo/Software/ros2_rolling/install/orocos_kdl/lib:/home/jakeluo/Software/ros2_rolling/install/mimick_vendor/lib:/home/jakeluo/Software/ros2_rolling/install/libyaml_vendor/lib:/home/jakeluo/Software/ros2_rolling/install/keyboard_handler/lib:/home/jakeluo/Software/ros2_rolling/install/cyclonedds/lib:/home/jakeluo/Software/ros2_rolling/install/iceoryx_utils/lib:/home/jakeluo/Software/ros2_rolling/install/iceoryx_posh/lib:/home/jakeluo/Software/ros2_rolling/install/iceoryx_binding_c/lib:/home/jakeluo/Software/ros2_rolling/install/google_benchmark_vendor/lib:/home/jakeluo/Software/ros2_rolling/install/fastrtps/lib:/home/jakeluo/Software/ros2_rolling/install/fastcdr/lib:/home/jakeluo/Software/ros2_rolling/install/console_bridge_vendor/lib:/home/jakeluo/Software/ros2_rolling/install/ament_index_cpp/lib:/usr/local/cuda-11.2/targets/x86_64-linux/lib /usr/bin/cmake --build /home/jakeluo/Documents/MonitoringSystemRos2/build/droneutility -- -j12 -l12
[6.004s] DEBUG:colcon.colcon_core.event_handler.log_command:Invoked command in '/home/jakeluo/Documents/MonitoringSystemRos2/build/droneutility' returned '0': CMAKE_PREFIX_PATH=/home/jakeluo/Documents/MonitoringSystemRos2/install/droneinterfaces:/home/jakeluo/Documents/MonitoringSystemRos2/install/droneutility LD_LIBRARY_PATH=/home/jakeluo/Documents/MonitoringSystemRos2/install/droneinterfaces/lib:/home/jakeluo/Software/ros2_rolling/install/rosbag2_compression_zstd/lib:/home/jakeluo/Software/ros2_rolling/install/zstd_vendor/lib:/home/jakeluo/Software/ros2_rolling/install/rviz_default_plugins/lib:/home/jakeluo/Software/ros2_rolling/install/rviz_common/lib:/home/jakeluo/Software/ros2_rolling/install/rosbag2_transport/lib:/home/jakeluo/Software/ros2_rolling/install/rosbag2_compression/lib:/home/jakeluo/Software/ros2_rolling/install/rosbag2_cpp/lib:/home/jakeluo/Software/ros2_rolling/install/rosbag2_storage_default_plugins/lib:/home/jakeluo/Software/ros2_rolling/install/rosbag2_storage/lib:/home/jakeluo/Software/ros2_rolling/install/camera_info_manager/lib:/home/jakeluo/Software/ros2_rolling/install/camera_calibration_parsers/lib:/home/jakeluo/Software/ros2_rolling/install/yaml_cpp_vendor/opt/yaml_cpp_vendor/lib:/home/jakeluo/Software/ros2_rolling/install/interactive_markers/lib:/home/jakeluo/Software/ros2_rolling/install/visualization_msgs/lib:/home/jakeluo/Software/ros2_rolling/install/robot_state_publisher/lib:/home/jakeluo/Software/ros2_rolling/install/kdl_parser/lib:/home/jakeluo/Software/ros2_rolling/install/urdf/lib:/home/jakeluo/Software/ros2_rolling/install/urdfdom/lib:/home/jakeluo/Software/ros2_rolling/install/turtlesim/lib:/home/jakeluo/Software/ros2_rolling/install/tf2_ros/lib:/home/jakeluo/Software/ros2_rolling/install/tf2_msgs/lib:/home/jakeluo/Software/ros2_rolling/install/test_msgs/lib:/home/jakeluo/Software/ros2_rolling/install/ros2cli_test_interfaces/lib:/home/jakeluo/Software/ros2_rolling/install/quality_of_service_demo_cpp/lib:/home/jakeluo/Software/ros2_rolling/install/image_transport/lib:/home/jakeluo/Software/ros2_rolling/install/message_filters/lib:/home/jakeluo/Software/ros2_rolling/install/demo_nodes_cpp/lib:/home/jakeluo/Software/ros2_rolling/install/composition/lib:/home/jakeluo/Software/ros2_rolling/install/laser_geometry/lib:/home/jakeluo/Software/ros2_rolling/install/rclpy/lib:/home/jakeluo/Software/ros2_rolling/install/action_tutorials_cpp/lib:/home/jakeluo/Software/ros2_rolling/install/rclcpp_action/lib:/home/jakeluo/Software/ros2_rolling/install/rcl_action/lib:/home/jakeluo/Software/ros2_rolling/install/examples_rclcpp_wait_set/lib:/home/jakeluo/Software/ros2_rolling/install/example_interfaces/lib:/home/jakeluo/Software/ros2_rolling/install/action_tutorials_interfaces/lib:/home/jakeluo/Software/ros2_rolling/install/action_msgs/lib:/home/jakeluo/Software/ros2_rolling/install/unique_identifier_msgs/lib:/home/jakeluo/Software/ros2_rolling/install/trajectory_msgs/lib:/home/jakeluo/Software/ros2_rolling/install/rqt_gui_cpp/lib:/home/jakeluo/Software/ros2_rolling/install/rclcpp_lifecycle/lib:/home/jakeluo/Software/ros2_rolling/install/logging_demo/lib:/home/jakeluo/Software/ros2_rolling/install/image_tools/lib:/home/jakeluo/Software/ros2_rolling/install/examples_rclcpp_minimal_subscriber/lib:/home/jakeluo/Software/ros2_rolling/install/examples_rclcpp_minimal_composition/lib:/home/jakeluo/Software/ros2_rolling/install/demo_nodes_cpp_native/lib:/home/jakeluo/Software/ros2_rolling/install/rclcpp_components/lib:/home/jakeluo/Software/ros2_rolling/install/rclcpp/lib:/home/jakeluo/Software/ros2_rolling/install/rcl_lifecycle/lib:/home/jakeluo/Software/ros2_rolling/install/libstatistics_collector/lib:/home/jakeluo/Software/ros2_rolling/install/rcl/lib:/home/jakeluo/Software/ros2_rolling/install/rmw_implementation/lib:/home/jakeluo/Software/ros2_rolling/install/rmw_cyclonedds_cpp/lib:/home/jakeluo/Software/ros2_rolling/install/tracetools/lib:/home/jakeluo/Software/ros2_rolling/install/tlsf/lib:/home/jakeluo/Software/ros2_rolling/install/qt_gui_cpp/lib:/home/jakeluo/Software/ros2_rolling/install/tf2_eigen_kdl/lib:/home/jakeluo/Software/ros2_rolling/install/tf2/lib:/home/jakeluo/Software/ros2_rolling/install/stereo_msgs/lib:/home/jakeluo/Software/ros2_rolling/install/std_srvs/lib:/home/jakeluo/Software/ros2_rolling/install/shape_msgs/lib:/home/jakeluo/Software/ros2_rolling/install/map_msgs/lib:/home/jakeluo/Software/ros2_rolling/install/sensor_msgs/lib:/home/jakeluo/Software/ros2_rolling/install/nav_msgs/lib:/home/jakeluo/Software/ros2_rolling/install/diagnostic_msgs/lib:/home/jakeluo/Software/ros2_rolling/install/geometry_msgs/lib:/home/jakeluo/Software/ros2_rolling/install/actionlib_msgs/lib:/home/jakeluo/Software/ros2_rolling/install/std_msgs/lib:/home/jakeluo/Software/ros2_rolling/install/statistics_msgs/lib:/home/jakeluo/Software/ros2_rolling/install/rcl_logging_spdlog/lib:/home/jakeluo/Software/ros2_rolling/install/rviz_rendering/lib:/home/jakeluo/Software/ros2_rolling/install/rviz_ogre_vendor/opt/rviz_ogre_vendor/lib:/home/jakeluo/Software/ros2_rolling/install/rttest/lib:/home/jakeluo/Software/ros2_rolling/install/rosgraph_msgs/lib:/home/jakeluo/Software/ros2_rolling/install/rosbag2_interfaces/lib:/home/jakeluo/Software/ros2_rolling/install/rmw_fastrtps_dynamic_cpp/lib:/home/jakeluo/Software/ros2_rolling/install/rmw_fastrtps_cpp/lib:/home/jakeluo/Software/ros2_rolling/install/rmw_fastrtps_shared_cpp/lib:/home/jakeluo/Software/ros2_rolling/install/rmw_dds_common/lib:/home/jakeluo/Software/ros2_rolling/install/composition_interfaces/lib:/home/jakeluo/Software/ros2_rolling/install/rcl_interfaces/lib:/home/jakeluo/Software/ros2_rolling/install/pendulum_msgs/lib:/home/jakeluo/Software/ros2_rolling/install/lifecycle_msgs/lib:/home/jakeluo/Software/ros2_rolling/install/builtin_interfaces/lib:/home/jakeluo/Software/ros2_rolling/install/rosidl_typesupport_cpp/lib:/home/jakeluo/Software/ros2_rolling/install/rosidl_typesupport_introspection_cpp/lib:/home/jakeluo/Software/ros2_rolling/install/rosidl_typesupport_c/lib:/home/jakeluo/Software/ros2_rolling/install/rosidl_typesupport_introspection_c/lib:/home/jakeluo/Software/ros2_rolling/install/rosidl_typesupport_fastrtps_c/lib:/home/jakeluo/Software/ros2_rolling/install/rosidl_typesupport_fastrtps_cpp/lib:/home/jakeluo/Software/ros2_rolling/install/rcl_yaml_param_parser/lib:/home/jakeluo/Software/ros2_rolling/install/rmw/lib:/home/jakeluo/Software/ros2_rolling/install/rosidl_runtime_c/lib:/home/jakeluo/Software/ros2_rolling/install/resource_retriever/lib:/home/jakeluo/Software/ros2_rolling/install/class_loader/lib:/home/jakeluo/Software/ros2_rolling/install/rcpputils/lib:/home/jakeluo/Software/ros2_rolling/install/rcl_logging_noop/lib:/home/jakeluo/Software/ros2_rolling/install/rcl_logging_interface/lib:/home/jakeluo/Software/ros2_rolling/install/rcutils/lib:/home/jakeluo/Software/ros2_rolling/install/performance_test_fixture/lib:/home/jakeluo/Software/ros2_rolling/install/osrf_testing_tools_cpp/lib:/home/jakeluo/Software/ros2_rolling/install/orocos_kdl/lib:/home/jakeluo/Software/ros2_rolling/install/mimick_vendor/lib:/home/jakeluo/Software/ros2_rolling/install/libyaml_vendor/lib:/home/jakeluo/Software/ros2_rolling/install/keyboard_handler/lib:/home/jakeluo/Software/ros2_rolling/install/cyclonedds/lib:/home/jakeluo/Software/ros2_rolling/install/iceoryx_utils/lib:/home/jakeluo/Software/ros2_rolling/install/iceoryx_posh/lib:/home/jakeluo/Software/ros2_rolling/install/iceoryx_binding_c/lib:/home/jakeluo/Software/ros2_rolling/install/google_benchmark_vendor/lib:/home/jakeluo/Software/ros2_rolling/install/fastrtps/lib:/home/jakeluo/Software/ros2_rolling/install/fastcdr/lib:/home/jakeluo/Software/ros2_rolling/install/console_bridge_vendor/lib:/home/jakeluo/Software/ros2_rolling/install/ament_index_cpp/lib:/usr/local/cuda-11.2/targets/x86_64-linux/lib /usr/bin/cmake --build /home/jakeluo/Documents/MonitoringSystemRos2/build/droneutility -- -j12 -l12
[6.085s] DEBUG:colcon.colcon_core.event_handler.log_command:Invoking command in '/home/jakeluo/Documents/MonitoringSystemRos2/build/droneutility': CMAKE_PREFIX_PATH=/home/jakeluo/Documents/MonitoringSystemRos2/install/droneinterfaces:/home/jakeluo/Documents/MonitoringSystemRos2/install/droneutility LD_LIBRARY_PATH=/home/jakeluo/Documents/MonitoringSystemRos2/install/droneinterfaces/lib:/home/jakeluo/Software/ros2_rolling/install/rosbag2_compression_zstd/lib:/home/jakeluo/Software/ros2_rolling/install/zstd_vendor/lib:/home/jakeluo/Software/ros2_rolling/install/rviz_default_plugins/lib:/home/jakeluo/Software/ros2_rolling/install/rviz_common/lib:/home/jakeluo/Software/ros2_rolling/install/rosbag2_transport/lib:/home/jakeluo/Software/ros2_rolling/install/rosbag2_compression/lib:/home/jakeluo/Software/ros2_rolling/install/rosbag2_cpp/lib:/home/jakeluo/Software/ros2_rolling/install/rosbag2_storage_default_plugins/lib:/home/jakeluo/Software/ros2_rolling/install/rosbag2_storage/lib:/home/jakeluo/Software/ros2_rolling/install/camera_info_manager/lib:/home/jakeluo/Software/ros2_rolling/install/camera_calibration_parsers/lib:/home/jakeluo/Software/ros2_rolling/install/yaml_cpp_vendor/opt/yaml_cpp_vendor/lib:/home/jakeluo/Software/ros2_rolling/install/interactive_markers/lib:/home/jakeluo/Software/ros2_rolling/install/visualization_msgs/lib:/home/jakeluo/Software/ros2_rolling/install/robot_state_publisher/lib:/home/jakeluo/Software/ros2_rolling/install/kdl_parser/lib:/home/jakeluo/Software/ros2_rolling/install/urdf/lib:/home/jakeluo/Software/ros2_rolling/install/urdfdom/lib:/home/jakeluo/Software/ros2_rolling/install/turtlesim/lib:/home/jakeluo/Software/ros2_rolling/install/tf2_ros/lib:/home/jakeluo/Software/ros2_rolling/install/tf2_msgs/lib:/home/jakeluo/Software/ros2_rolling/install/test_msgs/lib:/home/jakeluo/Software/ros2_rolling/install/ros2cli_test_interfaces/lib:/home/jakeluo/Software/ros2_rolling/install/quality_of_service_demo_cpp/lib:/home/jakeluo/Software/ros2_rolling/install/image_transport/lib:/home/jakeluo/Software/ros2_rolling/install/message_filters/lib:/home/jakeluo/Software/ros2_rolling/install/demo_nodes_cpp/lib:/home/jakeluo/Software/ros2_rolling/install/composition/lib:/home/jakeluo/Software/ros2_rolling/install/laser_geometry/lib:/home/jakeluo/Software/ros2_rolling/install/rclpy/lib:/home/jakeluo/Software/ros2_rolling/install/action_tutorials_cpp/lib:/home/jakeluo/Software/ros2_rolling/install/rclcpp_action/lib:/home/jakeluo/Software/ros2_rolling/install/rcl_action/lib:/home/jakeluo/Software/ros2_rolling/install/examples_rclcpp_wait_set/lib:/home/jakeluo/Software/ros2_rolling/install/example_interfaces/lib:/home/jakeluo/Software/ros2_rolling/install/action_tutorials_interfaces/lib:/home/jakeluo/Software/ros2_rolling/install/action_msgs/lib:/home/jakeluo/Software/ros2_rolling/install/unique_identifier_msgs/lib:/home/jakeluo/Software/ros2_rolling/install/trajectory_msgs/lib:/home/jakeluo/Software/ros2_rolling/install/rqt_gui_cpp/lib:/home/jakeluo/Software/ros2_rolling/install/rclcpp_lifecycle/lib:/home/jakeluo/Software/ros2_rolling/install/logging_demo/lib:/home/jakeluo/Software/ros2_rolling/install/image_tools/lib:/home/jakeluo/Software/ros2_rolling/install/examples_rclcpp_minimal_subscriber/lib:/home/jakeluo/Software/ros2_rolling/install/examples_rclcpp_minimal_composition/lib:/home/jakeluo/Software/ros2_rolling/install/demo_nodes_cpp_native/lib:/home/jakeluo/Software/ros2_rolling/install/rclcpp_components/lib:/home/jakeluo/Software/ros2_rolling/install/rclcpp/lib:/home/jakeluo/Software/ros2_rolling/install/rcl_lifecycle/lib:/home/jakeluo/Software/ros2_rolling/install/libstatistics_collector/lib:/home/jakeluo/Software/ros2_rolling/install/rcl/lib:/home/jakeluo/Software/ros2_rolling/install/rmw_implementation/lib:/home/jakeluo/Software/ros2_rolling/install/rmw_cyclonedds_cpp/lib:/home/jakeluo/Software/ros2_rolling/install/tracetools/lib:/home/jakeluo/Software/ros2_rolling/install/tlsf/lib:/home/jakeluo/Software/ros2_rolling/install/qt_gui_cpp/lib:/home/jakeluo/Software/ros2_rolling/install/tf2_eigen_kdl/lib:/home/jakeluo/Software/ros2_rolling/install/tf2/lib:/home/jakeluo/Software/ros2_rolling/install/stereo_msgs/lib:/home/jakeluo/Software/ros2_rolling/install/std_srvs/lib:/home/jakeluo/Software/ros2_rolling/install/shape_msgs/lib:/home/jakeluo/Software/ros2_rolling/install/map_msgs/lib:/home/jakeluo/Software/ros2_rolling/install/sensor_msgs/lib:/home/jakeluo/Software/ros2_rolling/install/nav_msgs/lib:/home/jakeluo/Software/ros2_rolling/install/diagnostic_msgs/lib:/home/jakeluo/Software/ros2_rolling/install/geometry_msgs/lib:/home/jakeluo/Software/ros2_rolling/install/actionlib_msgs/lib:/home/jakeluo/Software/ros2_rolling/install/std_msgs/lib:/home/jakeluo/Software/ros2_rolling/install/statistics_msgs/lib:/home/jakeluo/Software/ros2_rolling/install/rcl_logging_spdlog/lib:/home/jakeluo/Software/ros2_rolling/install/rviz_rendering/lib:/home/jakeluo/Software/ros2_rolling/install/rviz_ogre_vendor/opt/rviz_ogre_vendor/lib:/home/jakeluo/Software/ros2_rolling/install/rttest/lib:/home/jakeluo/Software/ros2_rolling/install/rosgraph_msgs/lib:/home/jakeluo/Software/ros2_rolling/install/rosbag2_interfaces/lib:/home/jakeluo/Software/ros2_rolling/install/rmw_fastrtps_dynamic_cpp/lib:/home/jakeluo/Software/ros2_rolling/install/rmw_fastrtps_cpp/lib:/home/jakeluo/Software/ros2_rolling/install/rmw_fastrtps_shared_cpp/lib:/home/jakeluo/Software/ros2_rolling/install/rmw_dds_common/lib:/home/jakeluo/Software/ros2_rolling/install/composition_interfaces/lib:/home/jakeluo/Software/ros2_rolling/install/rcl_interfaces/lib:/home/jakeluo/Software/ros2_rolling/install/pendulum_msgs/lib:/home/jakeluo/Software/ros2_rolling/install/lifecycle_msgs/lib:/home/jakeluo/Software/ros2_rolling/install/builtin_interfaces/lib:/home/jakeluo/Software/ros2_rolling/install/rosidl_typesupport_cpp/lib:/home/jakeluo/Software/ros2_rolling/install/rosidl_typesupport_introspection_cpp/lib:/home/jakeluo/Software/ros2_rolling/install/rosidl_typesupport_c/lib:/home/jakeluo/Software/ros2_rolling/install/rosidl_typesupport_introspection_c/lib:/home/jakeluo/Software/ros2_rolling/install/rosidl_typesupport_fastrtps_c/lib:/home/jakeluo/Software/ros2_rolling/install/rosidl_typesupport_fastrtps_cpp/lib:/home/jakeluo/Software/ros2_rolling/install/rcl_yaml_param_parser/lib:/home/jakeluo/Software/ros2_rolling/install/rmw/lib:/home/jakeluo/Software/ros2_rolling/install/rosidl_runtime_c/lib:/home/jakeluo/Software/ros2_rolling/install/resource_retriever/lib:/home/jakeluo/Software/ros2_rolling/install/class_loader/lib:/home/jakeluo/Software/ros2_rolling/install/rcpputils/lib:/home/jakeluo/Software/ros2_rolling/install/rcl_logging_noop/lib:/home/jakeluo/Software/ros2_rolling/install/rcl_logging_interface/lib:/home/jakeluo/Software/ros2_rolling/install/rcutils/lib:/home/jakeluo/Software/ros2_rolling/install/performance_test_fixture/lib:/home/jakeluo/Software/ros2_rolling/install/osrf_testing_tools_cpp/lib:/home/jakeluo/Software/ros2_rolling/install/orocos_kdl/lib:/home/jakeluo/Software/ros2_rolling/install/mimick_vendor/lib:/home/jakeluo/Software/ros2_rolling/install/libyaml_vendor/lib:/home/jakeluo/Software/ros2_rolling/install/keyboard_handler/lib:/home/jakeluo/Software/ros2_rolling/install/cyclonedds/lib:/home/jakeluo/Software/ros2_rolling/install/iceoryx_utils/lib:/home/jakeluo/Software/ros2_rolling/install/iceoryx_posh/lib:/home/jakeluo/Software/ros2_rolling/install/iceoryx_binding_c/lib:/home/jakeluo/Software/ros2_rolling/install/google_benchmark_vendor/lib:/home/jakeluo/Software/ros2_rolling/install/fastrtps/lib:/home/jakeluo/Software/ros2_rolling/install/fastcdr/lib:/home/jakeluo/Software/ros2_rolling/install/console_bridge_vendor/lib:/home/jakeluo/Software/ros2_rolling/install/ament_index_cpp/lib:/usr/local/cuda-11.2/targets/x86_64-linux/lib /usr/bin/cmake --install /home/jakeluo/Documents/MonitoringSystemRos2/build/droneutility
[6.105s] Level 1:colcon.colcon_core.environment:create_environment_scripts_only(droneutility)
[6.107s] Level 1:colcon.colcon_core.environment:checking '/home/jakeluo/Documents/MonitoringSystemRos2/install/droneutility' for CMake module files
[6.108s] DEBUG:colcon.colcon_core.event_handler.log_command:Invoked command in '/home/jakeluo/Documents/MonitoringSystemRos2/build/droneutility' returned '0': CMAKE_PREFIX_PATH=/home/jakeluo/Documents/MonitoringSystemRos2/install/droneinterfaces:/home/jakeluo/Documents/MonitoringSystemRos2/install/droneutility LD_LIBRARY_PATH=/home/jakeluo/Documents/MonitoringSystemRos2/install/droneinterfaces/lib:/home/jakeluo/Software/ros2_rolling/install/rosbag2_compression_zstd/lib:/home/jakeluo/Software/ros2_rolling/install/zstd_vendor/lib:/home/jakeluo/Software/ros2_rolling/install/rviz_default_plugins/lib:/home/jakeluo/Software/ros2_rolling/install/rviz_common/lib:/home/jakeluo/Software/ros2_rolling/install/rosbag2_transport/lib:/home/jakeluo/Software/ros2_rolling/install/rosbag2_compression/lib:/home/jakeluo/Software/ros2_rolling/install/rosbag2_cpp/lib:/home/jakeluo/Software/ros2_rolling/install/rosbag2_storage_default_plugins/lib:/home/jakeluo/Software/ros2_rolling/install/rosbag2_storage/lib:/home/jakeluo/Software/ros2_rolling/install/camera_info_manager/lib:/home/jakeluo/Software/ros2_rolling/install/camera_calibration_parsers/lib:/home/jakeluo/Software/ros2_rolling/install/yaml_cpp_vendor/opt/yaml_cpp_vendor/lib:/home/jakeluo/Software/ros2_rolling/install/interactive_markers/lib:/home/jakeluo/Software/ros2_rolling/install/visualization_msgs/lib:/home/jakeluo/Software/ros2_rolling/install/robot_state_publisher/lib:/home/jakeluo/Software/ros2_rolling/install/kdl_parser/lib:/home/jakeluo/Software/ros2_rolling/install/urdf/lib:/home/jakeluo/Software/ros2_rolling/install/urdfdom/lib:/home/jakeluo/Software/ros2_rolling/install/turtlesim/lib:/home/jakeluo/Software/ros2_rolling/install/tf2_ros/lib:/home/jakeluo/Software/ros2_rolling/install/tf2_msgs/lib:/home/jakeluo/Software/ros2_rolling/install/test_msgs/lib:/home/jakeluo/Software/ros2_rolling/install/ros2cli_test_interfaces/lib:/home/jakeluo/Software/ros2_rolling/install/quality_of_service_demo_cpp/lib:/home/jakeluo/Software/ros2_rolling/install/image_transport/lib:/home/jakeluo/Software/ros2_rolling/install/message_filters/lib:/home/jakeluo/Software/ros2_rolling/install/demo_nodes_cpp/lib:/home/jakeluo/Software/ros2_rolling/install/composition/lib:/home/jakeluo/Software/ros2_rolling/install/laser_geometry/lib:/home/jakeluo/Software/ros2_rolling/install/rclpy/lib:/home/jakeluo/Software/ros2_rolling/install/action_tutorials_cpp/lib:/home/jakeluo/Software/ros2_rolling/install/rclcpp_action/lib:/home/jakeluo/Software/ros2_rolling/install/rcl_action/lib:/home/jakeluo/Software/ros2_rolling/install/examples_rclcpp_wait_set/lib:/home/jakeluo/Software/ros2_rolling/install/example_interfaces/lib:/home/jakeluo/Software/ros2_rolling/install/action_tutorials_interfaces/lib:/home/jakeluo/Software/ros2_rolling/install/action_msgs/lib:/home/jakeluo/Software/ros2_rolling/install/unique_identifier_msgs/lib:/home/jakeluo/Software/ros2_rolling/install/trajectory_msgs/lib:/home/jakeluo/Software/ros2_rolling/install/rqt_gui_cpp/lib:/home/jakeluo/Software/ros2_rolling/install/rclcpp_lifecycle/lib:/home/jakeluo/Software/ros2_rolling/install/logging_demo/lib:/home/jakeluo/Software/ros2_rolling/install/image_tools/lib:/home/jakeluo/Software/ros2_rolling/install/examples_rclcpp_minimal_subscriber/lib:/home/jakeluo/Software/ros2_rolling/install/examples_rclcpp_minimal_composition/lib:/home/jakeluo/Software/ros2_rolling/install/demo_nodes_cpp_native/lib:/home/jakeluo/Software/ros2_rolling/install/rclcpp_components/lib:/home/jakeluo/Software/ros2_rolling/install/rclcpp/lib:/home/jakeluo/Software/ros2_rolling/install/rcl_lifecycle/lib:/home/jakeluo/Software/ros2_rolling/install/libstatistics_collector/lib:/home/jakeluo/Software/ros2_rolling/install/rcl/lib:/home/jakeluo/Software/ros2_rolling/install/rmw_implementation/lib:/home/jakeluo/Software/ros2_rolling/install/rmw_cyclonedds_cpp/lib:/home/jakeluo/Software/ros2_rolling/install/tracetools/lib:/home/jakeluo/Software/ros2_rolling/install/tlsf/lib:/home/jakeluo/Software/ros2_rolling/install/qt_gui_cpp/lib:/home/jakeluo/Software/ros2_rolling/install/tf2_eigen_kdl/lib:/home/jakeluo/Software/ros2_rolling/install/tf2/lib:/home/jakeluo/Software/ros2_rolling/install/stereo_msgs/lib:/home/jakeluo/Software/ros2_rolling/install/std_srvs/lib:/home/jakeluo/Software/ros2_rolling/install/shape_msgs/lib:/home/jakeluo/Software/ros2_rolling/install/map_msgs/lib:/home/jakeluo/Software/ros2_rolling/install/sensor_msgs/lib:/home/jakeluo/Software/ros2_rolling/install/nav_msgs/lib:/home/jakeluo/Software/ros2_rolling/install/diagnostic_msgs/lib:/home/jakeluo/Software/ros2_rolling/install/geometry_msgs/lib:/home/jakeluo/Software/ros2_rolling/install/actionlib_msgs/lib:/home/jakeluo/Software/ros2_rolling/install/std_msgs/lib:/home/jakeluo/Software/ros2_rolling/install/statistics_msgs/lib:/home/jakeluo/Software/ros2_rolling/install/rcl_logging_spdlog/lib:/home/jakeluo/Software/ros2_rolling/install/rviz_rendering/lib:/home/jakeluo/Software/ros2_rolling/install/rviz_ogre_vendor/opt/rviz_ogre_vendor/lib:/home/jakeluo/Software/ros2_rolling/install/rttest/lib:/home/jakeluo/Software/ros2_rolling/install/rosgraph_msgs/lib:/home/jakeluo/Software/ros2_rolling/install/rosbag2_interfaces/lib:/home/jakeluo/Software/ros2_rolling/install/rmw_fastrtps_dynamic_cpp/lib:/home/jakeluo/Software/ros2_rolling/install/rmw_fastrtps_cpp/lib:/home/jakeluo/Software/ros2_rolling/install/rmw_fastrtps_shared_cpp/lib:/home/jakeluo/Software/ros2_rolling/install/rmw_dds_common/lib:/home/jakeluo/Software/ros2_rolling/install/composition_interfaces/lib:/home/jakeluo/Software/ros2_rolling/install/rcl_interfaces/lib:/home/jakeluo/Software/ros2_rolling/install/pendulum_msgs/lib:/home/jakeluo/Software/ros2_rolling/install/lifecycle_msgs/lib:/home/jakeluo/Software/ros2_rolling/install/builtin_interfaces/lib:/home/jakeluo/Software/ros2_rolling/install/rosidl_typesupport_cpp/lib:/home/jakeluo/Software/ros2_rolling/install/rosidl_typesupport_introspection_cpp/lib:/home/jakeluo/Software/ros2_rolling/install/rosidl_typesupport_c/lib:/home/jakeluo/Software/ros2_rolling/install/rosidl_typesupport_introspection_c/lib:/home/jakeluo/Software/ros2_rolling/install/rosidl_typesupport_fastrtps_c/lib:/home/jakeluo/Software/ros2_rolling/install/rosidl_typesupport_fastrtps_cpp/lib:/home/jakeluo/Software/ros2_rolling/install/rcl_yaml_param_parser/lib:/home/jakeluo/Software/ros2_rolling/install/rmw/lib:/home/jakeluo/Software/ros2_rolling/install/rosidl_runtime_c/lib:/home/jakeluo/Software/ros2_rolling/install/resource_retriever/lib:/home/jakeluo/Software/ros2_rolling/install/class_loader/lib:/home/jakeluo/Software/ros2_rolling/install/rcpputils/lib:/home/jakeluo/Software/ros2_rolling/install/rcl_logging_noop/lib:/home/jakeluo/Software/ros2_rolling/install/rcl_logging_interface/lib:/home/jakeluo/Software/ros2_rolling/install/rcutils/lib:/home/jakeluo/Software/ros2_rolling/install/performance_test_fixture/lib:/home/jakeluo/Software/ros2_rolling/install/osrf_testing_tools_cpp/lib:/home/jakeluo/Software/ros2_rolling/install/orocos_kdl/lib:/home/jakeluo/Software/ros2_rolling/install/mimick_vendor/lib:/home/jakeluo/Software/ros2_rolling/install/libyaml_vendor/lib:/home/jakeluo/Software/ros2_rolling/install/keyboard_handler/lib:/home/jakeluo/Software/ros2_rolling/install/cyclonedds/lib:/home/jakeluo/Software/ros2_rolling/install/iceoryx_utils/lib:/home/jakeluo/Software/ros2_rolling/install/iceoryx_posh/lib:/home/jakeluo/Software/ros2_rolling/install/iceoryx_binding_c/lib:/home/jakeluo/Software/ros2_rolling/install/google_benchmark_vendor/lib:/home/jakeluo/Software/ros2_rolling/install/fastrtps/lib:/home/jakeluo/Software/ros2_rolling/install/fastcdr/lib:/home/jakeluo/Software/ros2_rolling/install/console_bridge_vendor/lib:/home/jakeluo/Software/ros2_rolling/install/ament_index_cpp/lib:/usr/local/cuda-11.2/targets/x86_64-linux/lib /usr/bin/cmake --install /home/jakeluo/Documents/MonitoringSystemRos2/build/droneutility
[6.108s] Level 1:colcon.colcon_core.environment:checking '/home/jakeluo/Documents/MonitoringSystemRos2/install/droneutility' for CMake config files
[6.108s] Level 1:colcon.colcon_core.shell:create_environment_hook('droneutility', 'cmake_prefix_path')
[6.109s] INFO:colcon.colcon_core.shell:Creating environment hook '/home/jakeluo/Documents/MonitoringSystemRos2/install/droneutility/share/droneutility/hook/cmake_prefix_path.ps1'
[6.110s] INFO:colcon.colcon_core.shell:Creating environment descriptor '/home/jakeluo/Documents/MonitoringSystemRos2/install/droneutility/share/droneutility/hook/cmake_prefix_path.dsv'
[6.110s] INFO:colcon.colcon_core.shell:Creating environment hook '/home/jakeluo/Documents/MonitoringSystemRos2/install/droneutility/share/droneutility/hook/cmake_prefix_path.sh'
[6.110s] Level 1:colcon.colcon_core.environment:checking '/home/jakeluo/Documents/MonitoringSystemRos2/install/droneutility/lib'
[6.110s] Level 1:colcon.colcon_core.environment:checking '/home/jakeluo/Documents/MonitoringSystemRos2/install/droneutility/bin'
[6.111s] Level 1:colcon.colcon_core.environment:checking '/home/jakeluo/Documents/MonitoringSystemRos2/install/droneutility/lib/pkgconfig/droneutility.pc'
[6.111s] Level 1:colcon.colcon_core.environment:checking '/home/jakeluo/Documents/MonitoringSystemRos2/install/droneutility/lib/python3.8/site-packages'
[6.111s] INFO:colcon.colcon_core.shell:Creating package script '/home/jakeluo/Documents/MonitoringSystemRos2/install/droneutility/share/droneutility/package.ps1'
[6.112s] INFO:colcon.colcon_core.shell:Creating package descriptor '/home/jakeluo/Documents/MonitoringSystemRos2/install/droneutility/share/droneutility/package.dsv'
[6.112s] INFO:colcon.colcon_core.shell:Creating package script '/home/jakeluo/Documents/MonitoringSystemRos2/install/droneutility/share/droneutility/package.sh'
[6.112s] INFO:colcon.colcon_core.shell:Creating package script '/home/jakeluo/Documents/MonitoringSystemRos2/install/droneutility/share/droneutility/package.bash'
[6.112s] INFO:colcon.colcon_core.shell:Creating package script '/home/jakeluo/Documents/MonitoringSystemRos2/install/droneutility/share/droneutility/package.zsh'
[6.113s] Level 1:colcon.colcon_core.environment:create_file_with_runtime_dependencies(/home/jakeluo/Documents/MonitoringSystemRos2/install/droneutility/share/colcon-core/packages/droneutility)
[6.195s] Level 1:colcon.colcon_core.environment:create_environment_scripts_only(droneutility)
[6.196s] Level 1:colcon.colcon_core.environment:checking '/home/jakeluo/Documents/MonitoringSystemRos2/install/droneutility' for CMake module files
[6.197s] Level 1:colcon.colcon_core.environment:checking '/home/jakeluo/Documents/MonitoringSystemRos2/install/droneutility' for CMake config files
[6.197s] Level 1:colcon.colcon_core.shell:create_environment_hook('droneutility', 'cmake_prefix_path')
[6.198s] INFO:colcon.colcon_core.shell:Creating environment hook '/home/jakeluo/Documents/MonitoringSystemRos2/install/droneutility/share/droneutility/hook/cmake_prefix_path.ps1'
[6.198s] INFO:colcon.colcon_core.shell:Creating environment descriptor '/home/jakeluo/Documents/MonitoringSystemRos2/install/droneutility/share/droneutility/hook/cmake_prefix_path.dsv'
[6.198s] INFO:colcon.colcon_core.shell:Creating environment hook '/home/jakeluo/Documents/MonitoringSystemRos2/install/droneutility/share/droneutility/hook/cmake_prefix_path.sh'
[6.199s] Level 1:colcon.colcon_core.environment:checking '/home/jakeluo/Documents/MonitoringSystemRos2/install/droneutility/lib'
[6.199s] Level 1:colcon.colcon_core.environment:checking '/home/jakeluo/Documents/MonitoringSystemRos2/install/droneutility/bin'
[6.199s] Level 1:colcon.colcon_core.environment:checking '/home/jakeluo/Documents/MonitoringSystemRos2/install/droneutility/lib/pkgconfig/droneutility.pc'
[6.199s] Level 1:colcon.colcon_core.environment:checking '/home/jakeluo/Documents/MonitoringSystemRos2/install/droneutility/lib/python3.8/site-packages'
[6.200s] INFO:colcon.colcon_core.shell:Creating package script '/home/jakeluo/Documents/MonitoringSystemRos2/install/droneutility/share/droneutility/package.ps1'
[6.200s] INFO:colcon.colcon_core.shell:Creating package descriptor '/home/jakeluo/Documents/MonitoringSystemRos2/install/droneutility/share/droneutility/package.dsv'
[6.200s] INFO:colcon.colcon_core.shell:Creating package script '/home/jakeluo/Documents/MonitoringSystemRos2/install/droneutility/share/droneutility/package.sh'
[6.201s] INFO:colcon.colcon_core.shell:Creating package script '/home/jakeluo/Documents/MonitoringSystemRos2/install/droneutility/share/droneutility/package.bash'
[6.201s] INFO:colcon.colcon_core.shell:Creating package script '/home/jakeluo/Documents/MonitoringSystemRos2/install/droneutility/share/droneutility/package.zsh'
[6.202s] Level 1:colcon.colcon_core.environment:create_file_with_runtime_dependencies(/home/jakeluo/Documents/MonitoringSystemRos2/install/droneutility/share/colcon-core/packages/droneutility)
[6.202s] DEBUG:colcon.colcon_parallel_executor.executor.parallel:closing loop
[6.202s] DEBUG:colcon.colcon_parallel_executor.executor.parallel:loop closed
[6.202s] DEBUG:colcon.colcon_parallel_executor.executor.parallel:run_until_complete finished with '0'
[6.202s] DEBUG:colcon.colcon_core.event_reactor:joining thread
[6.213s] INFO:colcon.colcon_core.plugin_system:Skipping extension 'colcon_notification.desktop_notification.terminal_notifier': Not used on non-Darwin systems
[6.213s] INFO:colcon.colcon_core.plugin_system:Skipping extension 'colcon_notification.desktop_notification.win32': Not used on non-Windows systems
[6.213s] INFO:colcon.colcon_notification.desktop_notification:Sending desktop notification using 'notify2'
[6.225s] DEBUG:colcon.colcon_core.event_reactor:joined thread
[6.226s] INFO:colcon.colcon_core.shell:Creating prefix script '/home/jakeluo/Documents/MonitoringSystemRos2/install/local_setup.ps1'
[6.227s] INFO:colcon.colcon_core.shell:Creating prefix util module '/home/jakeluo/Documents/MonitoringSystemRos2/install/_local_setup_util_ps1.py'
[6.228s] INFO:colcon.colcon_core.shell:Creating prefix chain script '/home/jakeluo/Documents/MonitoringSystemRos2/install/setup.ps1'
[6.230s] INFO:colcon.colcon_core.shell:Creating prefix script '/home/jakeluo/Documents/MonitoringSystemRos2/install/local_setup.sh'
[6.231s] INFO:colcon.colcon_core.shell:Creating prefix util module '/home/jakeluo/Documents/MonitoringSystemRos2/install/_local_setup_util_sh.py'
[6.231s] INFO:colcon.colcon_core.shell:Creating prefix chain script '/home/jakeluo/Documents/MonitoringSystemRos2/install/setup.sh'
[6.234s] INFO:colcon.colcon_core.shell:Creating prefix script '/home/jakeluo/Documents/MonitoringSystemRos2/install/local_setup.bash'
[6.234s] INFO:colcon.colcon_core.shell:Creating prefix chain script '/home/jakeluo/Documents/MonitoringSystemRos2/install/setup.bash'
[6.237s] INFO:colcon.colcon_core.shell:Creating prefix script '/home/jakeluo/Documents/MonitoringSystemRos2/install/local_setup.zsh'
[6.237s] INFO:colcon.colcon_core.shell:Creating prefix chain script '/home/jakeluo/Documents/MonitoringSystemRos2/install/setup.zsh'
