-- Found ament_cmake: 1.1.4 (/home/jakeluo/Software/ros2_rolling/install/ament_cmake/share/ament_cmake/cmake)
-- Override CMake install command with custom implementation using symlinks instead of copying resources
-- Found rclcpp: 13.0.0 (/home/jakeluo/Software/ros2_rolling/install/rclcpp/share/rclcpp/cmake)
-- Using all available rosidl_typesupport_c: rosidl_typesupport_introspection_c;rosidl_typesupport_fastrtps_c
-- Found rosidl_adapter: 2.5.0 (/home/jakeluo/Software/ros2_rolling/install/rosidl_adapter/share/rosidl_adapter/cmake)
-- Using all available rosidl_typesupport_cpp: rosidl_typesupport_introspection_cpp;rosidl_typesupport_fastrtps_cpp
-- Found rmw_implementation_cmake: 5.0.0 (/home/jakeluo/Software/ros2_rolling/install/rmw_implementation_cmake/share/rmw_implementation_cmake/cmake)
-- Found rmw_cyclonedds_cpp: 0.24.0 (/home/jakeluo/Software/ros2_rolling/install/rmw_cyclonedds_cpp/share/rmw_cyclonedds_cpp/cmake)
-- Using RMW implementation 'rmw_cyclonedds_cpp' as default
-- Found droneinterfaces: 0.0.0 (/home/jakeluo/Documents/MonitoringSystemRos2/src/install/droneinterfaces/share/droneinterfaces/cmake)
-- Found rclcpp_action: 13.0.0 (/home/jakeluo/Software/ros2_rolling/install/rclcpp_action/share/rclcpp_action/cmake)
-- Configuring done
-- Generating done
-- Build files have been written to: /home/jakeluo/Documents/MonitoringSystemRos2/src/build/qt
[ 14%] [34m[1mAutomatic MOC and UIC for target gui[0m
[ 14%] Built target gui_autogen
[35m[1mScanning dependencies of target gui[0m
[ 28%] [32mBuilding CXX object CMakeFiles/gui.dir/include/qt/moc_mainwindow.cpp.o[0m
[ 42%] [32mBuilding CXX object CMakeFiles/gui.dir/src/main.cpp.o[0m
[ 57%] [32mBuilding CXX object CMakeFiles/gui.dir/src/mainwindow.cpp.o[0m
[ 71%] [32m[1mLinking CXX executable gui[0m
[100%] Built target gui
-- Install configuration: "RelWithDebInfo"
-- Execute custom install script
-- Up-to-date symlink: /home/jakeluo/Documents/MonitoringSystemRos2/src/install/qt/lib/qt/gui
-- Up-to-date symlink: /home/jakeluo/Documents/MonitoringSystemRos2/src/install/qt/share/ament_index/resource_index/package_run_dependencies/qt
-- Up-to-date symlink: /home/jakeluo/Documents/MonitoringSystemRos2/src/install/qt/share/ament_index/resource_index/parent_prefix_path/qt
-- Up-to-date symlink: /home/jakeluo/Documents/MonitoringSystemRos2/src/install/qt/share/qt/environment/ament_prefix_path.sh
-- Up-to-date symlink: /home/jakeluo/Documents/MonitoringSystemRos2/src/install/qt/share/qt/environment/ament_prefix_path.dsv
-- Up-to-date symlink: /home/jakeluo/Documents/MonitoringSystemRos2/src/install/qt/share/qt/environment/path.sh
-- Up-to-date symlink: /home/jakeluo/Documents/MonitoringSystemRos2/src/install/qt/share/qt/environment/path.dsv
-- Up-to-date symlink: /home/jakeluo/Documents/MonitoringSystemRos2/src/install/qt/share/qt/local_setup.bash
-- Up-to-date symlink: /home/jakeluo/Documents/MonitoringSystemRos2/src/install/qt/share/qt/local_setup.sh
-- Up-to-date symlink: /home/jakeluo/Documents/MonitoringSystemRos2/src/install/qt/share/qt/local_setup.zsh
-- Up-to-date symlink: /home/jakeluo/Documents/MonitoringSystemRos2/src/install/qt/share/qt/local_setup.dsv
-- Symlinking: /home/jakeluo/Documents/MonitoringSystemRos2/src/install/qt/share/qt/package.dsv
-- Up-to-date symlink: /home/jakeluo/Documents/MonitoringSystemRos2/src/install/qt/share/ament_index/resource_index/packages/qt
-- Up-to-date symlink: /home/jakeluo/Documents/MonitoringSystemRos2/src/install/qt/share/qt/cmake/qtConfig.cmake
-- Up-to-date symlink: /home/jakeluo/Documents/MonitoringSystemRos2/src/install/qt/share/qt/cmake/qtConfig-version.cmake
-- Up-to-date symlink: /home/jakeluo/Documents/MonitoringSystemRos2/src/install/qt/share/qt/package.xml
