[ 12%] [34m[1mAutomatic MOC and UIC for target gui[0m
[ 12%] Built target gui_autogen
[ 25%] [34m[1mGenerating include/qt/moc_mainwindow.cpp[0m
[35m[1mScanning dependencies of target gui[0m
[ 37%] [32mBuilding CXX object CMakeFiles/gui.dir/src/main.cpp.o[0m
[ 50%] [32mBuilding CXX object CMakeFiles/gui.dir/src/mainwindow.cpp.o[0m
[ 62%] [32mBuilding CXX object CMakeFiles/gui.dir/include/qt/moc_mainwindow.cpp.o[0m
[ 75%] [32mBuilding CXX object CMakeFiles/gui.dir/src/planning.cpp.o[0m
[01m[K/home/jakeluo/Documents/MonitoringSystemRos2/src/qt/src/planning.cpp:[m[K In member function ‘[01m[Kstd::array<float, 4> Planning::getNewPosition(float, float, float, float, float, float, float)[m[K’:
[01m[K/home/jakeluo/Documents/MonitoringSystemRos2/src/qt/src/planning.cpp:75:105:[m[K [01;35m[Kwarning: [m[Kunused parameter ‘[01m[Kz1[m[K’ [[01;35m[K-Wunused-parameter[m[K]
   75 | std::array<float, 4UL> Planning::getNewPosition(float tx, float ty, float tz, float x1, float y1, [01;35m[Kfloat z1[m[K, float d)
      |                                                                                                   [01;35m[K~~~~~~^~[m[K
[01m[K/home/jakeluo/Documents/MonitoringSystemRos2/src/qt/src/planning.cpp:[m[K In member function ‘[01m[Kstd::array<float, 5> Planning::getCircleIntersection(float, float, float, float, float, float)[m[K’:
[01m[K/home/jakeluo/Documents/MonitoringSystemRos2/src/qt/src/planning.cpp:73:1:[m[K [01;35m[Kwarning: [m[Kcontrol reaches end of non-void function [[01;35m[K-Wreturn-type[m[K]
   73 | [01;35m[K}[m[K
      | [01;35m[K^[m[K
[01m[K/home/jakeluo/Documents/MonitoringSystemRos2/src/qt/src/mainwindow.cpp:[m[K In member function ‘[01m[Kvoid MainWindow::targetLocationCallback(droneinterfaces::msg::TargetLocation_<std::allocator<void> >::SharedPtr)[m[K’:
[01m[K/home/jakeluo/Documents/MonitoringSystemRos2/src/qt/src/mainwindow.cpp:165:27:[m[K [01;31m[Kerror: [m[Kno match for ‘[01m[Koperator=[m[K’ (operand types are ‘[01m[Kstd::array<float, 4>[m[K’ and ‘[01m[Kdroneinterfaces::msg::TargetLocation_<std::allocator<void> >::_location_type[m[K’ {aka ‘[01m[Kstd::array<float, 3>[m[K’})
  165 |     targetLocation = msg->[01;31m[Klocation[m[K;
      |                           [01;31m[K^~~~~~~~[m[K
In file included from [01m[K/usr/include/c++/9/tuple:39[m[K,
                 from [01m[K/usr/include/c++/9/functional:54[m[K,
                 from [01m[K/usr/include/c++/9/pstl/glue_algorithm_defs.h:13[m[K,
                 from [01m[K/usr/include/c++/9/algorithm:71[m[K,
                 from [01m[K/usr/include/x86_64-linux-gnu/qt5/QtCore/qglobal.h:142[m[K,
                 from [01m[K/usr/include/x86_64-linux-gnu/qt5/QtGui/qtguiglobal.h:43[m[K,
                 from [01m[K/usr/include/x86_64-linux-gnu/qt5/QtWidgets/qtwidgetsglobal.h:43[m[K,
                 from [01m[K/usr/include/x86_64-linux-gnu/qt5/QtWidgets/qmainwindow.h:43[m[K,
                 from [01m[K/usr/include/x86_64-linux-gnu/qt5/QtWidgets/QMainWindow:1[m[K,
                 from [01m[K/home/jakeluo/Documents/MonitoringSystemRos2/src/qt/include/qt/mainwindow.h:5[m[K,
                 from [01m[K/home/jakeluo/Documents/MonitoringSystemRos2/src/qt/src/mainwindow.cpp:1[m[K:
[01m[K/usr/include/c++/9/array:94:12:[m[K [01;36m[Knote: [m[Kcandidate: ‘[01m[Kconstexpr std::array<float, 4>& std::array<float, 4>::operator=(const std::array<float, 4>&)[m[K’
   94 |     struct [01;36m[Karray[m[K
      |            [01;36m[K^~~~~[m[K
[01m[K/usr/include/c++/9/array:94:12:[m[K [01;36m[Knote: [m[K  no known conversion for argument 1 from ‘[01m[Kdroneinterfaces::msg::TargetLocation_<std::allocator<void> >::_location_type[m[K’ {aka ‘[01m[Kstd::array<float, 3>[m[K’} to ‘[01m[Kconst std::array<float, 4>&[m[K’
[01m[K/usr/include/c++/9/array:94:12:[m[K [01;36m[Knote: [m[Kcandidate: ‘[01m[Kconstexpr std::array<float, 4>& std::array<float, 4>::operator=(std::array<float, 4>&&)[m[K’
[01m[K/usr/include/c++/9/array:94:12:[m[K [01;36m[Knote: [m[K  no known conversion for argument 1 from ‘[01m[Kdroneinterfaces::msg::TargetLocation_<std::allocator<void> >::_location_type[m[K’ {aka ‘[01m[Kstd::array<float, 3>[m[K’} to ‘[01m[Kstd::array<float, 4>&&[m[K’
[01m[K/home/jakeluo/Documents/MonitoringSystemRos2/src/qt/src/mainwindow.cpp:[m[K In member function ‘[01m[Kvoid MainWindow::feedback_callback(rclcpp_action::ClientGoalHandle<droneinterfaces::action::GoPoint>::SharedPtr, std::shared_ptr<const droneinterfaces::action::GoPoint_Feedback_<std::allocator<void> > >)[m[K’:
[01m[K/home/jakeluo/Documents/MonitoringSystemRos2/src/qt/src/mainwindow.cpp:585:77:[m[K [01;35m[Kwarning: [m[Kunused parameter ‘[01m[Kfeedback[m[K’ [[01;35m[K-Wunused-parameter[m[K]
  585 |     [01;35m[Kconst std::shared_ptr<const droneinterfaces::action::GoPoint::Feedback> feedback[m[K)
      |     [01;35m[K~~~~~~~~~~~~~~~~~~~~~~~~~~~~~~~~~~~~~~~~~~~~~~~~~~~~~~~~~~~~~~~~~~~~~~~~^~~~~~~~[m[K
make[2]: *** [CMakeFiles/gui.dir/build.make:93：CMakeFiles/gui.dir/src/mainwindow.cpp.o] 错误 1
make[1]: *** [CMakeFiles/Makefile2:79：CMakeFiles/gui.dir/all] 错误 2
make: *** [Makefile:141：all] 错误 2
