[0.035s] Invoking command in '/home/jakeluo/Documents/MonitoringSystemRos2/build/droneinterfaces': CMAKE_PREFIX_PATH=${CMAKE_PREFIX_PATH}:/home/jakeluo/Software/ros2_rolling/install/rqt_bag_plugins:/home/jakeluo/Software/ros2_rolling/install/rqt_bag:/home/jakeluo/Software/ros2_rolling/install/ros2bag:/home/jakeluo/Software/ros2_rolling/install/tracetools_test:/home/jakeluo/Software/ros2_rolling/install/tracetools_launch:/home/jakeluo/Software/ros2_rolling/install/topic_monitor:/home/jakeluo/Software/ros2_rolling/install/tf2_tools:/home/jakeluo/Software/ros2_rolling/install/examples_tf2_py:/home/jakeluo/Software/ros2_rolling/install/tf2_ros_py:/home/jakeluo/Software/ros2_rolling/install/sros2:/home/jakeluo/Software/ros2_rolling/install/rqt_topic:/home/jakeluo/Software/ros2_rolling/install/rqt_top:/home/jakeluo/Software/ros2_rolling/install/rqt_srv:/home/jakeluo/Software/ros2_rolling/install/rqt_shell:/home/jakeluo/Software/ros2_rolling/install/rqt_service_caller:/home/jakeluo/Software/ros2_rolling/install/rqt_reconfigure:/home/jakeluo/Software/ros2_rolling/install/rqt_py_console:/home/jakeluo/Software/ros2_rolling/install/rqt_publisher:/home/jakeluo/Software/ros2_rolling/install/rqt_plot:/home/jakeluo/Software/ros2_rolling/install/rqt_action:/home/jakeluo/Software/ros2_rolling/install/rqt_msg:/home/jakeluo/Software/ros2_rolling/install/rqt_console:/home/jakeluo/Software/ros2_rolling/install/rqt:/home/jakeluo/Software/ros2_rolling/install/rqt_graph:/home/jakeluo/Software/ros2_rolling/install/rqt_gui_py:/home/jakeluo/Software/ros2_rolling/install/rqt_gui:/home/jakeluo/Software/ros2_rolling/install/ros2trace:/home/jakeluo/Software/ros2_rolling/install/ros2topic:/home/jakeluo/Software/ros2_rolling/install/ros2test:/home/jakeluo/Software/ros2_rolling/install/ros2component:/home/jakeluo/Software/ros2_rolling/install/ros2param:/home/jakeluo/Software/ros2_rolling/install/ros2lifecycle:/home/jakeluo/Software/ros2_rolling/install/ros2service:/home/jakeluo/Software/ros2_rolling/install/ros2run:/home/jakeluo/Software/ros2_rolling/install/ros2launch:/home/jakeluo/Software/ros2_rolling/install/ros2pkg:/home/jakeluo/Software/ros2_rolling/install/ros2node:/home/jakeluo/Software/ros2_rolling/install/ros2multicast:/home/jakeluo/Software/ros2_rolling/install/ros2interface:/home/jakeluo/Software/ros2_rolling/install/ros2doctor:/home/jakeluo/Software/ros2_rolling/install/ros2action:/home/jakeluo/Software/ros2_rolling/install/ros2cli:/home/jakeluo/Software/ros2_rolling/install/quality_of_service_demo_py:/home/jakeluo/Software/ros2_rolling/install/launch_testing_ros:/home/jakeluo/Software/ros2_rolling/install/launch_ros:/home/jakeluo/Software/ros2_rolling/install/examples_rclpy_pointcloud_publisher:/home/jakeluo/Software/ros2_rolling/install/examples_rclpy_minimal_subscriber:/home/jakeluo/Software/ros2_rolling/install/examples_rclpy_minimal_service:/home/jakeluo/Software/ros2_rolling/install/examples_rclpy_minimal_publisher:/home/jakeluo/Software/ros2_rolling/install/examples_rclpy_minimal_client:/home/jakeluo/Software/ros2_rolling/install/examples_rclpy_minimal_action_server:/home/jakeluo/Software/ros2_rolling/install/examples_rclpy_minimal_action_client:/home/jakeluo/Software/ros2_rolling/install/examples_rclpy_guard_conditions:/home/jakeluo/Software/ros2_rolling/install/examples_rclpy_executors:/home/jakeluo/Software/ros2_rolling/install/demo_nodes_py:/home/jakeluo/Software/ros2_rolling/install/action_tutorials_py:/home/jakeluo/Software/ros2_rolling/install/ament_uncrustify:/home/jakeluo/Software/ros2_rolling/install/tracetools_trace:/home/jakeluo/Software/ros2_rolling/install/tracetools_read:/home/jakeluo/Software/ros2_rolling/install/test_launch_ros:/home/jakeluo/Software/ros2_rolling/install/sensor_msgs_py:/home/jakeluo/Software/ros2_rolling/install/rpyutils:/home/jakeluo/Software/ros2_rolling/install/rosidl_runtime_py:/home/jakeluo/Software/ros2_rolling/install/rosidl_cli:/home/jakeluo/Software/ros2_rolling/install/launch_yaml:/home/jakeluo/Software/ros2_rolling/install/launch_xml:/home/jakeluo/Software/ros2_rolling/install/launch_testing:/home/jakeluo/Software/ros2_rolling/install/launch:/home/jakeluo/Software/ros2_rolling/install/osrf_pycommon:/home/jakeluo/Software/ros2_rolling/install/domain_coordinator:/home/jakeluo/Software/ros2_rolling/install/ament_xmllint:/home/jakeluo/Software/ros2_rolling/install/ament_pyflakes:/home/jakeluo/Software/ros2_rolling/install/ament_pycodestyle:/home/jakeluo/Software/ros2_rolling/install/ament_pep257:/home/jakeluo/Software/ros2_rolling/install/ament_pclint:/home/jakeluo/Software/ros2_rolling/install/ament_package:/home/jakeluo/Software/ros2_rolling/install/ament_mypy:/home/jakeluo/Software/ros2_rolling/install/ament_lint_cmake:/home/jakeluo/Software/ros2_rolling/install/ament_flake8:/home/jakeluo/Software/ros2_rolling/install/ament_copyright:/home/jakeluo/Software/ros2_rolling/install/ament_lint:/home/jakeluo/Software/ros2_rolling/install/ament_index_python:/home/jakeluo/Software/ros2_rolling/install/ament_cpplint:/home/jakeluo/Software/ros2_rolling/install/ament_cppcheck:/home/jakeluo/Software/ros2_rolling/install/ament_clang_tidy:/home/jakeluo/Software/ros2_rolling/install/ament_clang_format /usr/bin/cmake --build /home/jakeluo/Documents/MonitoringSystemRos2/build/droneinterfaces -- -j12 -l12
[0.083s] -- Found ament_cmake: 1.1.4 (/home/jakeluo/Software/ros2_rolling/install/ament_cmake/share/ament_cmake/cmake)
[0.564s] -- Found rosidl_default_generators: 1.1.1 (/home/jakeluo/Software/ros2_rolling/install/rosidl_default_generators/share/rosidl_default_generators/cmake)
[0.672s] -- Using all available rosidl_typesupport_c: rosidl_typesupport_introspection_c;rosidl_typesupport_fastrtps_c
[0.675s] -- Found rosidl_adapter: 2.5.0 (/home/jakeluo/Software/ros2_rolling/install/rosidl_adapter/share/rosidl_adapter/cmake)
[0.750s] -- Using all available rosidl_typesupport_cpp: rosidl_typesupport_introspection_cpp;rosidl_typesupport_fastrtps_cpp
[1.898s] -- Found ament_cmake_ros: 0.9.2 (/home/jakeluo/Software/ros2_rolling/install/ament_cmake_ros/share/ament_cmake_ros/cmake)
[2.933s] -- Using all available rosidl_typesupport_c: rosidl_typesupport_introspection_c;rosidl_typesupport_fastrtps_c
[3.878s] -- Using all available rosidl_typesupport_cpp: rosidl_typesupport_introspection_cpp;rosidl_typesupport_fastrtps_cpp
[4.003s] -- Found python_cmake_module: 0.8.1 (/home/jakeluo/Software/ros2_rolling/install/python_cmake_module/share/python_cmake_module/cmake)
[4.065s] -- Using PYTHON_EXECUTABLE: /usr/bin/python3
[4.066s] -- Using PYTHON_INCLUDE_DIRS: /usr/include/python3.8
[4.066s] -- Using PYTHON_LIBRARIES: /usr/lib/x86_64-linux-gnu/libpython3.8.so
[4.432s] -- Found ament_lint_auto: 0.11.2 (/home/jakeluo/Software/ros2_rolling/install/ament_lint_auto/share/ament_lint_auto/cmake)
[4.440s] -- Added test 'copyright' to check source files copyright and LICENSE
[4.442s] -- Added test 'lint_cmake' to check CMake code style
[4.443s] -- Added test 'xmllint' to check XML markup files
[4.446s] -- Configuring done
[4.476s] -- Generating done
[4.479s] -- Build files have been written to: /home/jakeluo/Documents/MonitoringSystemRos2/build/droneinterfaces
[4.525s] [  2%] [34m[1mGenerating C code for ROS interfaces[0m
[4.525s] [35m[1mScanning dependencies of target droneinterfaces__cpp[0m
[4.547s] [  5%] [34m[1mGenerating C++ code for ROS interfaces[0m
[4.563s] [  5%] Built target ament_cmake_python_symlink_droneinterfaces
[4.929s] [  5%] Built target droneinterfaces__cpp
[4.960s] [  7%] [34m[1mGenerating C++ type support dispatch for ROS interfaces[0m
[4.961s] [ 10%] [34m[1mGenerating C++ type support for eProsima Fast-RTPS[0m
[4.963s] [ 12%] [34m[1mGenerating C++ introspection for ROS interfaces[0m
[5.002s] [35m[1mScanning dependencies of target droneinterfaces__rosidl_generator_c[0m
[5.037s] running egg_info
[5.037s] writing droneinterfaces.egg-info/PKG-INFO
[5.038s] writing dependency_links to droneinterfaces.egg-info/dependency_links.txt
[5.038s] writing top-level names to droneinterfaces.egg-info/top_level.txt
[5.038s] [ 17%] [32mBuilding C object CMakeFiles/droneinterfaces__rosidl_generator_c.dir/rosidl_generator_c/droneinterfaces/srv/detail/drone_register__functions.c.o[0m
[5.039s] [ 17%] [32mBuilding C object CMakeFiles/droneinterfaces__rosidl_generator_c.dir/rosidl_generator_c/droneinterfaces/srv/detail/drone_controller__functions.c.o[0m
[5.044s] reading manifest file 'droneinterfaces.egg-info/SOURCES.txt'
[5.045s] writing manifest file 'droneinterfaces.egg-info/SOURCES.txt'
[5.080s] [ 17%] Built target ament_cmake_python_build_droneinterfaces_egg
[5.121s] [ 20%] [32m[1mLinking C shared library libdroneinterfaces__rosidl_generator_c.so[0m
[5.181s] [ 20%] Built target droneinterfaces__rosidl_generator_c
[5.205s] [ 23%] [34m[1mGenerating C introspection for ROS interfaces[0m
[5.205s] [ 25%] [34m[1mGenerating C type support dispatch for ROS interfaces[0m
[5.319s] [35m[1mScanning dependencies of target droneinterfaces__rosidl_typesupport_cpp[0m
[5.347s] [ 28%] [32mBuilding CXX object CMakeFiles/droneinterfaces__rosidl_typesupport_cpp.dir/rosidl_typesupport_cpp/droneinterfaces/srv/drone_controller__type_support.cpp.o[0m
[5.352s] [ 30%] [32mBuilding CXX object CMakeFiles/droneinterfaces__rosidl_typesupport_cpp.dir/rosidl_typesupport_cpp/droneinterfaces/srv/drone_register__type_support.cpp.o[0m
[5.356s] [35m[1mScanning dependencies of target droneinterfaces__rosidl_typesupport_fastrtps_cpp[0m
[5.388s] [ 33%] [32mBuilding CXX object CMakeFiles/droneinterfaces__rosidl_typesupport_fastrtps_cpp.dir/rosidl_typesupport_fastrtps_cpp/droneinterfaces/srv/detail/dds_fastrtps/drone_register__type_support.cpp.o[0m
[5.394s] [ 35%] [32mBuilding CXX object CMakeFiles/droneinterfaces__rosidl_typesupport_fastrtps_cpp.dir/rosidl_typesupport_fastrtps_cpp/droneinterfaces/srv/detail/dds_fastrtps/drone_controller__type_support.cpp.o[0m
[5.450s] [35m[1mScanning dependencies of target droneinterfaces__rosidl_typesupport_introspection_cpp[0m
[5.489s] [ 38%] [32mBuilding CXX object CMakeFiles/droneinterfaces__rosidl_typesupport_introspection_cpp.dir/rosidl_typesupport_introspection_cpp/droneinterfaces/srv/detail/drone_controller__type_support.cpp.o[0m
[5.492s] [ 41%] [32mBuilding CXX object CMakeFiles/droneinterfaces__rosidl_typesupport_introspection_cpp.dir/rosidl_typesupport_introspection_cpp/droneinterfaces/srv/detail/drone_register__type_support.cpp.o[0m
[5.688s] [35m[1mScanning dependencies of target droneinterfaces__rosidl_typesupport_introspection_c[0m
[5.728s] [ 46%] [32mBuilding C object CMakeFiles/droneinterfaces__rosidl_typesupport_introspection_c.dir/rosidl_typesupport_introspection_c/droneinterfaces/srv/detail/drone_register__type_support.c.o[0m
[5.728s] [ 46%] [32mBuilding C object CMakeFiles/droneinterfaces__rosidl_typesupport_introspection_c.dir/rosidl_typesupport_introspection_c/droneinterfaces/srv/detail/drone_controller__type_support.c.o[0m
[5.739s] [35m[1mScanning dependencies of target droneinterfaces__rosidl_typesupport_c[0m
[5.765s] [ 48%] [32m[1mLinking CXX shared library libdroneinterfaces__rosidl_typesupport_cpp.so[0m
[5.773s] [ 51%] [32mBuilding CXX object CMakeFiles/droneinterfaces__rosidl_typesupport_c.dir/rosidl_typesupport_c/droneinterfaces/srv/drone_register__type_support.cpp.o[0m
[5.774s] [ 53%] [32mBuilding CXX object CMakeFiles/droneinterfaces__rosidl_typesupport_c.dir/rosidl_typesupport_c/droneinterfaces/srv/drone_controller__type_support.cpp.o[0m
[5.803s] [ 56%] [32m[1mLinking C shared library libdroneinterfaces__rosidl_typesupport_introspection_c.so[0m
[5.838s] [ 58%] [32m[1mLinking CXX shared library libdroneinterfaces__rosidl_typesupport_c.so[0m
[5.861s] [ 58%] Built target droneinterfaces__rosidl_typesupport_cpp
[5.880s] [ 58%] Built target droneinterfaces__rosidl_typesupport_introspection_c
[5.902s] [ 61%] [32m[1mLinking CXX shared library libdroneinterfaces__rosidl_typesupport_introspection_cpp.so[0m
[5.905s] [ 61%] Built target droneinterfaces__rosidl_typesupport_c
[5.985s] [ 64%] [32m[1mLinking CXX shared library libdroneinterfaces__rosidl_typesupport_fastrtps_cpp.so[0m
[5.985s] [ 64%] Built target droneinterfaces__rosidl_typesupport_introspection_cpp
[6.074s] [ 64%] Built target droneinterfaces__rosidl_typesupport_fastrtps_cpp
[6.097s] [ 66%] [34m[1mGenerating C type support for eProsima Fast-RTPS[0m
[6.451s] [35m[1mScanning dependencies of target droneinterfaces__rosidl_typesupport_fastrtps_c[0m
[6.479s] [ 69%] [32mBuilding CXX object CMakeFiles/droneinterfaces__rosidl_typesupport_fastrtps_c.dir/rosidl_typesupport_fastrtps_c/droneinterfaces/srv/detail/drone_controller__type_support_c.cpp.o[0m
[6.482s] [ 71%] [32mBuilding CXX object CMakeFiles/droneinterfaces__rosidl_typesupport_fastrtps_c.dir/rosidl_typesupport_fastrtps_c/droneinterfaces/srv/detail/drone_register__type_support_c.cpp.o[0m
[6.809s] [ 74%] [32m[1mLinking CXX shared library libdroneinterfaces__rosidl_typesupport_fastrtps_c.so[0m
[6.893s] [ 74%] Built target droneinterfaces__rosidl_typesupport_fastrtps_c
[6.940s] [ 74%] Built target droneinterfaces
[6.962s] [35m[1mScanning dependencies of target droneinterfaces__py[0m
[6.985s] [ 76%] [34m[1mGenerating Python code for ROS interfaces[0m
[7.639s] [ 76%] Built target droneinterfaces__py
[7.662s] [35m[1mScanning dependencies of target droneinterfaces__python[0m
[7.695s] [ 79%] [32mBuilding C object CMakeFiles/droneinterfaces__python.dir/rosidl_generator_py/droneinterfaces/srv/_drone_register_s.c.o[0m
[7.695s] [ 82%] [32mBuilding C object CMakeFiles/droneinterfaces__python.dir/rosidl_generator_py/droneinterfaces/srv/_drone_controller_s.c.o[0m
[7.792s] [ 84%] [32m[1mLinking C shared library rosidl_generator_py/droneinterfaces/libdroneinterfaces__python.so[0m
[7.852s] [ 84%] Built target droneinterfaces__python
[7.874s] [35m[1mScanning dependencies of target droneinterfaces__rosidl_typesupport_introspection_c__pyext[0m
[7.874s] [35m[1mScanning dependencies of target droneinterfaces__rosidl_typesupport_c__pyext[0m
[7.875s] [35m[1mScanning dependencies of target droneinterfaces__rosidl_typesupport_fastrtps_c__pyext[0m
[7.903s] [ 89%] [32mBuilding C object CMakeFiles/droneinterfaces__rosidl_typesupport_c__pyext.dir/rosidl_generator_py/droneinterfaces/_droneinterfaces_s.ep.rosidl_typesupport_c.c.o[0m
[7.903s] [ 89%] [32mBuilding C object CMakeFiles/droneinterfaces__rosidl_typesupport_fastrtps_c__pyext.dir/rosidl_generator_py/droneinterfaces/_droneinterfaces_s.ep.rosidl_typesupport_fastrtps_c.c.o[0m
[7.904s] [ 92%] [32mBuilding C object CMakeFiles/droneinterfaces__rosidl_typesupport_introspection_c__pyext.dir/rosidl_generator_py/droneinterfaces/_droneinterfaces_s.ep.rosidl_typesupport_introspection_c.c.o[0m
[8.001s] [ 94%] [32m[1mLinking C shared library rosidl_generator_py/droneinterfaces/droneinterfaces_s__rosidl_typesupport_c.cpython-38-x86_64-linux-gnu.so[0m
[8.003s] [ 97%] [32m[1mLinking C shared library rosidl_generator_py/droneinterfaces/droneinterfaces_s__rosidl_typesupport_introspection_c.cpython-38-x86_64-linux-gnu.so[0m
[8.006s] [100%] [32m[1mLinking C shared library rosidl_generator_py/droneinterfaces/droneinterfaces_s__rosidl_typesupport_fastrtps_c.cpython-38-x86_64-linux-gnu.so[0m
[8.059s] [100%] Built target droneinterfaces__rosidl_typesupport_c__pyext
[8.060s] [100%] Built target droneinterfaces__rosidl_typesupport_introspection_c__pyext
[8.063s] [100%] Built target droneinterfaces__rosidl_typesupport_fastrtps_c__pyext
[8.083s] Invoked command in '/home/jakeluo/Documents/MonitoringSystemRos2/build/droneinterfaces' returned '0': CMAKE_PREFIX_PATH=${CMAKE_PREFIX_PATH}:/home/jakeluo/Software/ros2_rolling/install/rqt_bag_plugins:/home/jakeluo/Software/ros2_rolling/install/rqt_bag:/home/jakeluo/Software/ros2_rolling/install/ros2bag:/home/jakeluo/Software/ros2_rolling/install/tracetools_test:/home/jakeluo/Software/ros2_rolling/install/tracetools_launch:/home/jakeluo/Software/ros2_rolling/install/topic_monitor:/home/jakeluo/Software/ros2_rolling/install/tf2_tools:/home/jakeluo/Software/ros2_rolling/install/examples_tf2_py:/home/jakeluo/Software/ros2_rolling/install/tf2_ros_py:/home/jakeluo/Software/ros2_rolling/install/sros2:/home/jakeluo/Software/ros2_rolling/install/rqt_topic:/home/jakeluo/Software/ros2_rolling/install/rqt_top:/home/jakeluo/Software/ros2_rolling/install/rqt_srv:/home/jakeluo/Software/ros2_rolling/install/rqt_shell:/home/jakeluo/Software/ros2_rolling/install/rqt_service_caller:/home/jakeluo/Software/ros2_rolling/install/rqt_reconfigure:/home/jakeluo/Software/ros2_rolling/install/rqt_py_console:/home/jakeluo/Software/ros2_rolling/install/rqt_publisher:/home/jakeluo/Software/ros2_rolling/install/rqt_plot:/home/jakeluo/Software/ros2_rolling/install/rqt_action:/home/jakeluo/Software/ros2_rolling/install/rqt_msg:/home/jakeluo/Software/ros2_rolling/install/rqt_console:/home/jakeluo/Software/ros2_rolling/install/rqt:/home/jakeluo/Software/ros2_rolling/install/rqt_graph:/home/jakeluo/Software/ros2_rolling/install/rqt_gui_py:/home/jakeluo/Software/ros2_rolling/install/rqt_gui:/home/jakeluo/Software/ros2_rolling/install/ros2trace:/home/jakeluo/Software/ros2_rolling/install/ros2topic:/home/jakeluo/Software/ros2_rolling/install/ros2test:/home/jakeluo/Software/ros2_rolling/install/ros2component:/home/jakeluo/Software/ros2_rolling/install/ros2param:/home/jakeluo/Software/ros2_rolling/install/ros2lifecycle:/home/jakeluo/Software/ros2_rolling/install/ros2service:/home/jakeluo/Software/ros2_rolling/install/ros2run:/home/jakeluo/Software/ros2_rolling/install/ros2launch:/home/jakeluo/Software/ros2_rolling/install/ros2pkg:/home/jakeluo/Software/ros2_rolling/install/ros2node:/home/jakeluo/Software/ros2_rolling/install/ros2multicast:/home/jakeluo/Software/ros2_rolling/install/ros2interface:/home/jakeluo/Software/ros2_rolling/install/ros2doctor:/home/jakeluo/Software/ros2_rolling/install/ros2action:/home/jakeluo/Software/ros2_rolling/install/ros2cli:/home/jakeluo/Software/ros2_rolling/install/quality_of_service_demo_py:/home/jakeluo/Software/ros2_rolling/install/launch_testing_ros:/home/jakeluo/Software/ros2_rolling/install/launch_ros:/home/jakeluo/Software/ros2_rolling/install/examples_rclpy_pointcloud_publisher:/home/jakeluo/Software/ros2_rolling/install/examples_rclpy_minimal_subscriber:/home/jakeluo/Software/ros2_rolling/install/examples_rclpy_minimal_service:/home/jakeluo/Software/ros2_rolling/install/examples_rclpy_minimal_publisher:/home/jakeluo/Software/ros2_rolling/install/examples_rclpy_minimal_client:/home/jakeluo/Software/ros2_rolling/install/examples_rclpy_minimal_action_server:/home/jakeluo/Software/ros2_rolling/install/examples_rclpy_minimal_action_client:/home/jakeluo/Software/ros2_rolling/install/examples_rclpy_guard_conditions:/home/jakeluo/Software/ros2_rolling/install/examples_rclpy_executors:/home/jakeluo/Software/ros2_rolling/install/demo_nodes_py:/home/jakeluo/Software/ros2_rolling/install/action_tutorials_py:/home/jakeluo/Software/ros2_rolling/install/ament_uncrustify:/home/jakeluo/Software/ros2_rolling/install/tracetools_trace:/home/jakeluo/Software/ros2_rolling/install/tracetools_read:/home/jakeluo/Software/ros2_rolling/install/test_launch_ros:/home/jakeluo/Software/ros2_rolling/install/sensor_msgs_py:/home/jakeluo/Software/ros2_rolling/install/rpyutils:/home/jakeluo/Software/ros2_rolling/install/rosidl_runtime_py:/home/jakeluo/Software/ros2_rolling/install/rosidl_cli:/home/jakeluo/Software/ros2_rolling/install/launch_yaml:/home/jakeluo/Software/ros2_rolling/install/launch_xml:/home/jakeluo/Software/ros2_rolling/install/launch_testing:/home/jakeluo/Software/ros2_rolling/install/launch:/home/jakeluo/Software/ros2_rolling/install/osrf_pycommon:/home/jakeluo/Software/ros2_rolling/install/domain_coordinator:/home/jakeluo/Software/ros2_rolling/install/ament_xmllint:/home/jakeluo/Software/ros2_rolling/install/ament_pyflakes:/home/jakeluo/Software/ros2_rolling/install/ament_pycodestyle:/home/jakeluo/Software/ros2_rolling/install/ament_pep257:/home/jakeluo/Software/ros2_rolling/install/ament_pclint:/home/jakeluo/Software/ros2_rolling/install/ament_package:/home/jakeluo/Software/ros2_rolling/install/ament_mypy:/home/jakeluo/Software/ros2_rolling/install/ament_lint_cmake:/home/jakeluo/Software/ros2_rolling/install/ament_flake8:/home/jakeluo/Software/ros2_rolling/install/ament_copyright:/home/jakeluo/Software/ros2_rolling/install/ament_lint:/home/jakeluo/Software/ros2_rolling/install/ament_index_python:/home/jakeluo/Software/ros2_rolling/install/ament_cpplint:/home/jakeluo/Software/ros2_rolling/install/ament_cppcheck:/home/jakeluo/Software/ros2_rolling/install/ament_clang_tidy:/home/jakeluo/Software/ros2_rolling/install/ament_clang_format /usr/bin/cmake --build /home/jakeluo/Documents/MonitoringSystemRos2/build/droneinterfaces -- -j12 -l12
[8.314s] Invoking command in '/home/jakeluo/Documents/MonitoringSystemRos2/build/droneinterfaces': CMAKE_PREFIX_PATH=${CMAKE_PREFIX_PATH}:/home/jakeluo/Software/ros2_rolling/install/rqt_bag_plugins:/home/jakeluo/Software/ros2_rolling/install/rqt_bag:/home/jakeluo/Software/ros2_rolling/install/ros2bag:/home/jakeluo/Software/ros2_rolling/install/tracetools_test:/home/jakeluo/Software/ros2_rolling/install/tracetools_launch:/home/jakeluo/Software/ros2_rolling/install/topic_monitor:/home/jakeluo/Software/ros2_rolling/install/tf2_tools:/home/jakeluo/Software/ros2_rolling/install/examples_tf2_py:/home/jakeluo/Software/ros2_rolling/install/tf2_ros_py:/home/jakeluo/Software/ros2_rolling/install/sros2:/home/jakeluo/Software/ros2_rolling/install/rqt_topic:/home/jakeluo/Software/ros2_rolling/install/rqt_top:/home/jakeluo/Software/ros2_rolling/install/rqt_srv:/home/jakeluo/Software/ros2_rolling/install/rqt_shell:/home/jakeluo/Software/ros2_rolling/install/rqt_service_caller:/home/jakeluo/Software/ros2_rolling/install/rqt_reconfigure:/home/jakeluo/Software/ros2_rolling/install/rqt_py_console:/home/jakeluo/Software/ros2_rolling/install/rqt_publisher:/home/jakeluo/Software/ros2_rolling/install/rqt_plot:/home/jakeluo/Software/ros2_rolling/install/rqt_action:/home/jakeluo/Software/ros2_rolling/install/rqt_msg:/home/jakeluo/Software/ros2_rolling/install/rqt_console:/home/jakeluo/Software/ros2_rolling/install/rqt:/home/jakeluo/Software/ros2_rolling/install/rqt_graph:/home/jakeluo/Software/ros2_rolling/install/rqt_gui_py:/home/jakeluo/Software/ros2_rolling/install/rqt_gui:/home/jakeluo/Software/ros2_rolling/install/ros2trace:/home/jakeluo/Software/ros2_rolling/install/ros2topic:/home/jakeluo/Software/ros2_rolling/install/ros2test:/home/jakeluo/Software/ros2_rolling/install/ros2component:/home/jakeluo/Software/ros2_rolling/install/ros2param:/home/jakeluo/Software/ros2_rolling/install/ros2lifecycle:/home/jakeluo/Software/ros2_rolling/install/ros2service:/home/jakeluo/Software/ros2_rolling/install/ros2run:/home/jakeluo/Software/ros2_rolling/install/ros2launch:/home/jakeluo/Software/ros2_rolling/install/ros2pkg:/home/jakeluo/Software/ros2_rolling/install/ros2node:/home/jakeluo/Software/ros2_rolling/install/ros2multicast:/home/jakeluo/Software/ros2_rolling/install/ros2interface:/home/jakeluo/Software/ros2_rolling/install/ros2doctor:/home/jakeluo/Software/ros2_rolling/install/ros2action:/home/jakeluo/Software/ros2_rolling/install/ros2cli:/home/jakeluo/Software/ros2_rolling/install/quality_of_service_demo_py:/home/jakeluo/Software/ros2_rolling/install/launch_testing_ros:/home/jakeluo/Software/ros2_rolling/install/launch_ros:/home/jakeluo/Software/ros2_rolling/install/examples_rclpy_pointcloud_publisher:/home/jakeluo/Software/ros2_rolling/install/examples_rclpy_minimal_subscriber:/home/jakeluo/Software/ros2_rolling/install/examples_rclpy_minimal_service:/home/jakeluo/Software/ros2_rolling/install/examples_rclpy_minimal_publisher:/home/jakeluo/Software/ros2_rolling/install/examples_rclpy_minimal_client:/home/jakeluo/Software/ros2_rolling/install/examples_rclpy_minimal_action_server:/home/jakeluo/Software/ros2_rolling/install/examples_rclpy_minimal_action_client:/home/jakeluo/Software/ros2_rolling/install/examples_rclpy_guard_conditions:/home/jakeluo/Software/ros2_rolling/install/examples_rclpy_executors:/home/jakeluo/Software/ros2_rolling/install/demo_nodes_py:/home/jakeluo/Software/ros2_rolling/install/action_tutorials_py:/home/jakeluo/Software/ros2_rolling/install/ament_uncrustify:/home/jakeluo/Software/ros2_rolling/install/tracetools_trace:/home/jakeluo/Software/ros2_rolling/install/tracetools_read:/home/jakeluo/Software/ros2_rolling/install/test_launch_ros:/home/jakeluo/Software/ros2_rolling/install/sensor_msgs_py:/home/jakeluo/Software/ros2_rolling/install/rpyutils:/home/jakeluo/Software/ros2_rolling/install/rosidl_runtime_py:/home/jakeluo/Software/ros2_rolling/install/rosidl_cli:/home/jakeluo/Software/ros2_rolling/install/launch_yaml:/home/jakeluo/Software/ros2_rolling/install/launch_xml:/home/jakeluo/Software/ros2_rolling/install/launch_testing:/home/jakeluo/Software/ros2_rolling/install/launch:/home/jakeluo/Software/ros2_rolling/install/osrf_pycommon:/home/jakeluo/Software/ros2_rolling/install/domain_coordinator:/home/jakeluo/Software/ros2_rolling/install/ament_xmllint:/home/jakeluo/Software/ros2_rolling/install/ament_pyflakes:/home/jakeluo/Software/ros2_rolling/install/ament_pycodestyle:/home/jakeluo/Software/ros2_rolling/install/ament_pep257:/home/jakeluo/Software/ros2_rolling/install/ament_pclint:/home/jakeluo/Software/ros2_rolling/install/ament_package:/home/jakeluo/Software/ros2_rolling/install/ament_mypy:/home/jakeluo/Software/ros2_rolling/install/ament_lint_cmake:/home/jakeluo/Software/ros2_rolling/install/ament_flake8:/home/jakeluo/Software/ros2_rolling/install/ament_copyright:/home/jakeluo/Software/ros2_rolling/install/ament_lint:/home/jakeluo/Software/ros2_rolling/install/ament_index_python:/home/jakeluo/Software/ros2_rolling/install/ament_cpplint:/home/jakeluo/Software/ros2_rolling/install/ament_cppcheck:/home/jakeluo/Software/ros2_rolling/install/ament_clang_tidy:/home/jakeluo/Software/ros2_rolling/install/ament_clang_format /usr/bin/cmake --install /home/jakeluo/Documents/MonitoringSystemRos2/build/droneinterfaces
[8.331s] -- Install configuration: ""
[8.331s] -- Installing: /home/jakeluo/Documents/MonitoringSystemRos2/install/droneinterfaces/share/ament_index/resource_index/rosidl_interfaces/droneinterfaces
[8.331s] -- Up-to-date: /home/jakeluo/Documents/MonitoringSystemRos2/install/droneinterfaces/include/droneinterfaces
[8.331s] -- Up-to-date: /home/jakeluo/Documents/MonitoringSystemRos2/install/droneinterfaces/include/droneinterfaces/msg
[8.331s] -- Up-to-date: /home/jakeluo/Documents/MonitoringSystemRos2/install/droneinterfaces/include/droneinterfaces/msg/rosidl_generator_c__visibility_control.h
[8.331s] -- Up-to-date: /home/jakeluo/Documents/MonitoringSystemRos2/install/droneinterfaces/include/droneinterfaces/srv
[8.332s] -- Installing: /home/jakeluo/Documents/MonitoringSystemRos2/install/droneinterfaces/include/droneinterfaces/srv/drone_register.h
[8.332s] -- Installing: /home/jakeluo/Documents/MonitoringSystemRos2/install/droneinterfaces/include/droneinterfaces/srv/drone_controller.h
[8.332s] -- Up-to-date: /home/jakeluo/Documents/MonitoringSystemRos2/install/droneinterfaces/include/droneinterfaces/srv/detail
[8.332s] -- Up-to-date: /home/jakeluo/Documents/MonitoringSystemRos2/install/droneinterfaces/include/droneinterfaces/srv/detail/drone_ctrl__functions.h
[8.332s] -- Installing: /home/jakeluo/Documents/MonitoringSystemRos2/install/droneinterfaces/include/droneinterfaces/srv/detail/drone_register__struct.h
[8.332s] -- Installing: /home/jakeluo/Documents/MonitoringSystemRos2/install/droneinterfaces/include/droneinterfaces/srv/detail/drone_register__type_support.h
[8.332s] -- Installing: /home/jakeluo/Documents/MonitoringSystemRos2/install/droneinterfaces/include/droneinterfaces/srv/detail/drone_controller__functions.h
[8.332s] -- Installing: /home/jakeluo/Documents/MonitoringSystemRos2/install/droneinterfaces/include/droneinterfaces/srv/detail/drone_controller__struct.h
[8.332s] -- Installing: /home/jakeluo/Documents/MonitoringSystemRos2/install/droneinterfaces/include/droneinterfaces/srv/detail/drone_register__functions.h
[8.332s] -- Up-to-date: /home/jakeluo/Documents/MonitoringSystemRos2/install/droneinterfaces/include/droneinterfaces/srv/detail/drone_ctrl__type_support.h
[8.332s] -- Installing: /home/jakeluo/Documents/MonitoringSystemRos2/install/droneinterfaces/include/droneinterfaces/srv/detail/drone_register__functions.c
[8.332s] -- Installing: /home/jakeluo/Documents/MonitoringSystemRos2/install/droneinterfaces/include/droneinterfaces/srv/detail/drone_controller__type_support.h
[8.332s] -- Installing: /home/jakeluo/Documents/MonitoringSystemRos2/install/droneinterfaces/include/droneinterfaces/srv/detail/drone_controller__functions.c
[8.332s] -- Up-to-date: /home/jakeluo/Documents/MonitoringSystemRos2/install/droneinterfaces/include/droneinterfaces/srv/detail/drone_ctrl__functions.c
[8.332s] -- Up-to-date: /home/jakeluo/Documents/MonitoringSystemRos2/install/droneinterfaces/include/droneinterfaces/srv/detail/drone_ctrl__struct.h
[8.333s] -- Up-to-date: /home/jakeluo/Documents/MonitoringSystemRos2/install/droneinterfaces/include/droneinterfaces/srv/drone_ctrl.h
[8.333s] -- Up-to-date: /home/jakeluo/Documents/MonitoringSystemRos2/install/droneinterfaces/share/droneinterfaces/environment/library_path.sh
[8.333s] -- Installing: /home/jakeluo/Documents/MonitoringSystemRos2/install/droneinterfaces/share/droneinterfaces/environment/library_path.dsv
[8.333s] -- Installing: /home/jakeluo/Documents/MonitoringSystemRos2/install/droneinterfaces/lib/libdroneinterfaces__rosidl_generator_c.so
[8.333s] -- Set runtime path of "/home/jakeluo/Documents/MonitoringSystemRos2/install/droneinterfaces/lib/libdroneinterfaces__rosidl_generator_c.so" to ""
[8.333s] -- Up-to-date: /home/jakeluo/Documents/MonitoringSystemRos2/install/droneinterfaces/include/droneinterfaces
[8.333s] -- Up-to-date: /home/jakeluo/Documents/MonitoringSystemRos2/install/droneinterfaces/include/droneinterfaces/msg
[8.333s] -- Up-to-date: /home/jakeluo/Documents/MonitoringSystemRos2/install/droneinterfaces/include/droneinterfaces/msg/rosidl_typesupport_introspection_c__visibility_control.h
[8.333s] -- Up-to-date: /home/jakeluo/Documents/MonitoringSystemRos2/install/droneinterfaces/include/droneinterfaces/srv
[8.333s] -- Up-to-date: /home/jakeluo/Documents/MonitoringSystemRos2/install/droneinterfaces/include/droneinterfaces/srv/detail
[8.333s] -- Installing: /home/jakeluo/Documents/MonitoringSystemRos2/install/droneinterfaces/include/droneinterfaces/srv/detail/drone_register__type_support.c
[8.333s] -- Up-to-date: /home/jakeluo/Documents/MonitoringSystemRos2/install/droneinterfaces/include/droneinterfaces/srv/detail/drone_ctrl__type_support.c
[8.333s] -- Up-to-date: /home/jakeluo/Documents/MonitoringSystemRos2/install/droneinterfaces/include/droneinterfaces/srv/detail/drone_ctrl__rosidl_typesupport_introspection_c.h
[8.333s] -- Installing: /home/jakeluo/Documents/MonitoringSystemRos2/install/droneinterfaces/include/droneinterfaces/srv/detail/drone_controller__type_support.c
[8.334s] -- Installing: /home/jakeluo/Documents/MonitoringSystemRos2/install/droneinterfaces/include/droneinterfaces/srv/detail/drone_controller__rosidl_typesupport_introspection_c.h
[8.334s] -- Installing: /home/jakeluo/Documents/MonitoringSystemRos2/install/droneinterfaces/include/droneinterfaces/srv/detail/drone_register__rosidl_typesupport_introspection_c.h
[8.334s] -- Installing: /home/jakeluo/Documents/MonitoringSystemRos2/install/droneinterfaces/lib/libdroneinterfaces__rosidl_typesupport_introspection_c.so
[8.334s] -- Set runtime path of "/home/jakeluo/Documents/MonitoringSystemRos2/install/droneinterfaces/lib/libdroneinterfaces__rosidl_typesupport_introspection_c.so" to ""
[8.334s] -- Up-to-date: /home/jakeluo/Documents/MonitoringSystemRos2/install/droneinterfaces/include/droneinterfaces
[8.334s] -- Up-to-date: /home/jakeluo/Documents/MonitoringSystemRos2/install/droneinterfaces/include/droneinterfaces/msg
[8.334s] -- Up-to-date: /home/jakeluo/Documents/MonitoringSystemRos2/install/droneinterfaces/include/droneinterfaces/msg/rosidl_typesupport_fastrtps_c__visibility_control.h
[8.334s] -- Up-to-date: /home/jakeluo/Documents/MonitoringSystemRos2/install/droneinterfaces/include/droneinterfaces/srv
[8.334s] -- Up-to-date: /home/jakeluo/Documents/MonitoringSystemRos2/install/droneinterfaces/include/droneinterfaces/srv/detail
[8.334s] -- Installing: /home/jakeluo/Documents/MonitoringSystemRos2/install/droneinterfaces/include/droneinterfaces/srv/detail/drone_controller__rosidl_typesupport_fastrtps_c.h
[8.334s] -- Installing: /home/jakeluo/Documents/MonitoringSystemRos2/install/droneinterfaces/include/droneinterfaces/srv/detail/drone_register__rosidl_typesupport_fastrtps_c.h
[8.334s] -- Up-to-date: /home/jakeluo/Documents/MonitoringSystemRos2/install/droneinterfaces/include/droneinterfaces/srv/detail/drone_ctrl__rosidl_typesupport_fastrtps_c.h
[8.334s] -- Installing: /home/jakeluo/Documents/MonitoringSystemRos2/install/droneinterfaces/lib/libdroneinterfaces__rosidl_typesupport_fastrtps_c.so
[8.335s] -- Set runtime path of "/home/jakeluo/Documents/MonitoringSystemRos2/install/droneinterfaces/lib/libdroneinterfaces__rosidl_typesupport_fastrtps_c.so" to ""
[8.335s] -- Up-to-date: /home/jakeluo/Documents/MonitoringSystemRos2/install/droneinterfaces/include/droneinterfaces
[8.335s] -- Up-to-date: /home/jakeluo/Documents/MonitoringSystemRos2/install/droneinterfaces/include/droneinterfaces/msg
[8.335s] -- Up-to-date: /home/jakeluo/Documents/MonitoringSystemRos2/install/droneinterfaces/include/droneinterfaces/msg/rosidl_typesupport_fastrtps_cpp__visibility_control.h
[8.335s] -- Up-to-date: /home/jakeluo/Documents/MonitoringSystemRos2/install/droneinterfaces/include/droneinterfaces/srv
[8.335s] -- Up-to-date: /home/jakeluo/Documents/MonitoringSystemRos2/install/droneinterfaces/include/droneinterfaces/srv/detail
[8.335s] -- Up-to-date: /home/jakeluo/Documents/MonitoringSystemRos2/install/droneinterfaces/include/droneinterfaces/srv/detail/drone_ctrl__rosidl_typesupport_fastrtps_cpp.hpp
[8.335s] -- Installing: /home/jakeluo/Documents/MonitoringSystemRos2/install/droneinterfaces/include/droneinterfaces/srv/detail/drone_register__rosidl_typesupport_fastrtps_cpp.hpp
[8.335s] -- Installing: /home/jakeluo/Documents/MonitoringSystemRos2/install/droneinterfaces/include/droneinterfaces/srv/detail/drone_controller__rosidl_typesupport_fastrtps_cpp.hpp
[8.335s] -- Up-to-date: /home/jakeluo/Documents/MonitoringSystemRos2/install/droneinterfaces/include/droneinterfaces/srv/detail/dds_fastrtps
[8.335s] -- Installing: /home/jakeluo/Documents/MonitoringSystemRos2/install/droneinterfaces/lib/libdroneinterfaces__rosidl_typesupport_fastrtps_cpp.so
[8.335s] -- Set runtime path of "/home/jakeluo/Documents/MonitoringSystemRos2/install/droneinterfaces/lib/libdroneinterfaces__rosidl_typesupport_fastrtps_cpp.so" to ""
[8.336s] -- Installing: /home/jakeluo/Documents/MonitoringSystemRos2/install/droneinterfaces/lib/libdroneinterfaces__rosidl_typesupport_c.so
[8.336s] -- Set runtime path of "/home/jakeluo/Documents/MonitoringSystemRos2/install/droneinterfaces/lib/libdroneinterfaces__rosidl_typesupport_c.so" to ""
[8.336s] -- Up-to-date: /home/jakeluo/Documents/MonitoringSystemRos2/install/droneinterfaces/include/droneinterfaces
[8.336s] -- Up-to-date: /home/jakeluo/Documents/MonitoringSystemRos2/install/droneinterfaces/include/droneinterfaces/srv
[8.336s] -- Installing: /home/jakeluo/Documents/MonitoringSystemRos2/install/droneinterfaces/include/droneinterfaces/srv/drone_register.hpp
[8.336s] -- Up-to-date: /home/jakeluo/Documents/MonitoringSystemRos2/install/droneinterfaces/include/droneinterfaces/srv/drone_ctrl.hpp
[8.336s] -- Installing: /home/jakeluo/Documents/MonitoringSystemRos2/install/droneinterfaces/include/droneinterfaces/srv/drone_controller.hpp
[8.336s] -- Up-to-date: /home/jakeluo/Documents/MonitoringSystemRos2/install/droneinterfaces/include/droneinterfaces/srv/detail
[8.337s] -- Up-to-date: /home/jakeluo/Documents/MonitoringSystemRos2/install/droneinterfaces/include/droneinterfaces/srv/detail/drone_ctrl__traits.hpp
[8.337s] -- Installing: /home/jakeluo/Documents/MonitoringSystemRos2/install/droneinterfaces/include/droneinterfaces/srv/detail/drone_register__struct.hpp
[8.337s] -- Installing: /home/jakeluo/Documents/MonitoringSystemRos2/install/droneinterfaces/include/droneinterfaces/srv/detail/drone_controller__traits.hpp
[8.337s] -- Installing: /home/jakeluo/Documents/MonitoringSystemRos2/install/droneinterfaces/include/droneinterfaces/srv/detail/drone_register__traits.hpp
[8.337s] -- Installing: /home/jakeluo/Documents/MonitoringSystemRos2/install/droneinterfaces/include/droneinterfaces/srv/detail/drone_register__builder.hpp
[8.337s] -- Installing: /home/jakeluo/Documents/MonitoringSystemRos2/install/droneinterfaces/include/droneinterfaces/srv/detail/drone_controller__struct.hpp
[8.337s] -- Up-to-date: /home/jakeluo/Documents/MonitoringSystemRos2/install/droneinterfaces/include/droneinterfaces/srv/detail/drone_ctrl__builder.hpp
[8.337s] -- Up-to-date: /home/jakeluo/Documents/MonitoringSystemRos2/install/droneinterfaces/include/droneinterfaces/srv/detail/drone_ctrl__struct.hpp
[8.337s] -- Installing: /home/jakeluo/Documents/MonitoringSystemRos2/install/droneinterfaces/include/droneinterfaces/srv/detail/drone_controller__builder.hpp
[8.337s] -- Up-to-date: /home/jakeluo/Documents/MonitoringSystemRos2/install/droneinterfaces/include/droneinterfaces
[8.337s] -- Up-to-date: /home/jakeluo/Documents/MonitoringSystemRos2/install/droneinterfaces/include/droneinterfaces/srv
[8.337s] -- Up-to-date: /home/jakeluo/Documents/MonitoringSystemRos2/install/droneinterfaces/include/droneinterfaces/srv/detail
[8.337s] -- Installing: /home/jakeluo/Documents/MonitoringSystemRos2/install/droneinterfaces/include/droneinterfaces/srv/detail/drone_controller__rosidl_typesupport_introspection_cpp.hpp
[8.337s] -- Up-to-date: /home/jakeluo/Documents/MonitoringSystemRos2/install/droneinterfaces/include/droneinterfaces/srv/detail/drone_ctrl__type_support.cpp
[8.338s] -- Installing: /home/jakeluo/Documents/MonitoringSystemRos2/install/droneinterfaces/include/droneinterfaces/srv/detail/drone_register__rosidl_typesupport_introspection_cpp.hpp
[8.338s] -- Installing: /home/jakeluo/Documents/MonitoringSystemRos2/install/droneinterfaces/include/droneinterfaces/srv/detail/drone_controller__type_support.cpp
[8.338s] -- Installing: /home/jakeluo/Documents/MonitoringSystemRos2/install/droneinterfaces/include/droneinterfaces/srv/detail/drone_register__type_support.cpp
[8.338s] -- Up-to-date: /home/jakeluo/Documents/MonitoringSystemRos2/install/droneinterfaces/include/droneinterfaces/srv/detail/drone_ctrl__rosidl_typesupport_introspection_cpp.hpp
[8.338s] -- Installing: /home/jakeluo/Documents/MonitoringSystemRos2/install/droneinterfaces/lib/libdroneinterfaces__rosidl_typesupport_introspection_cpp.so
[8.338s] -- Set runtime path of "/home/jakeluo/Documents/MonitoringSystemRos2/install/droneinterfaces/lib/libdroneinterfaces__rosidl_typesupport_introspection_cpp.so" to ""
[8.338s] -- Installing: /home/jakeluo/Documents/MonitoringSystemRos2/install/droneinterfaces/lib/libdroneinterfaces__rosidl_typesupport_cpp.so
[8.338s] -- Set runtime path of "/home/jakeluo/Documents/MonitoringSystemRos2/install/droneinterfaces/lib/libdroneinterfaces__rosidl_typesupport_cpp.so" to ""
[8.339s] -- Up-to-date: /home/jakeluo/Documents/MonitoringSystemRos2/install/droneinterfaces/share/droneinterfaces/environment/pythonpath.sh
[8.339s] -- Installing: /home/jakeluo/Documents/MonitoringSystemRos2/install/droneinterfaces/share/droneinterfaces/environment/pythonpath.dsv
[8.339s] -- Up-to-date: /home/jakeluo/Documents/MonitoringSystemRos2/install/droneinterfaces/lib/python3.8/site-packages/droneinterfaces-0.0.0-py3.8.egg-info
[8.339s] -- Installing: /home/jakeluo/Documents/MonitoringSystemRos2/install/droneinterfaces/lib/python3.8/site-packages/droneinterfaces-0.0.0-py3.8.egg-info/top_level.txt
[8.339s] -- Installing: /home/jakeluo/Documents/MonitoringSystemRos2/install/droneinterfaces/lib/python3.8/site-packages/droneinterfaces-0.0.0-py3.8.egg-info/dependency_links.txt
[8.339s] -- Installing: /home/jakeluo/Documents/MonitoringSystemRos2/install/droneinterfaces/lib/python3.8/site-packages/droneinterfaces-0.0.0-py3.8.egg-info/PKG-INFO
[8.339s] -- Installing: /home/jakeluo/Documents/MonitoringSystemRos2/install/droneinterfaces/lib/python3.8/site-packages/droneinterfaces-0.0.0-py3.8.egg-info/SOURCES.txt
[8.339s] -- Up-to-date: /home/jakeluo/Documents/MonitoringSystemRos2/install/droneinterfaces/lib/python3.8/site-packages/droneinterfaces
[8.339s] -- Installing: /home/jakeluo/Documents/MonitoringSystemRos2/install/droneinterfaces/lib/python3.8/site-packages/droneinterfaces/libdroneinterfaces__python.so
[8.339s] -- Installing: /home/jakeluo/Documents/MonitoringSystemRos2/install/droneinterfaces/lib/python3.8/site-packages/droneinterfaces/_droneinterfaces_s.ep.rosidl_typesupport_fastrtps_c.c
[8.340s] -- Installing: /home/jakeluo/Documents/MonitoringSystemRos2/install/droneinterfaces/lib/python3.8/site-packages/droneinterfaces/_droneinterfaces_s.ep.rosidl_typesupport_introspection_c.c
[8.340s] -- Installing: /home/jakeluo/Documents/MonitoringSystemRos2/install/droneinterfaces/lib/python3.8/site-packages/droneinterfaces/droneinterfaces_s__rosidl_typesupport_c.cpython-38-x86_64-linux-gnu.so
[8.340s] -- Installing: /home/jakeluo/Documents/MonitoringSystemRos2/install/droneinterfaces/lib/python3.8/site-packages/droneinterfaces/droneinterfaces_s__rosidl_typesupport_fastrtps_c.cpython-38-x86_64-linux-gnu.so
[8.340s] -- Up-to-date: /home/jakeluo/Documents/MonitoringSystemRos2/install/droneinterfaces/lib/python3.8/site-packages/droneinterfaces/srv
[8.340s] -- Installing: /home/jakeluo/Documents/MonitoringSystemRos2/install/droneinterfaces/lib/python3.8/site-packages/droneinterfaces/srv/_drone_register.py
[8.340s] -- Installing: /home/jakeluo/Documents/MonitoringSystemRos2/install/droneinterfaces/lib/python3.8/site-packages/droneinterfaces/srv/_drone_controller_s.c
[8.340s] -- Up-to-date: /home/jakeluo/Documents/MonitoringSystemRos2/install/droneinterfaces/lib/python3.8/site-packages/droneinterfaces/srv/_drone_ctrl_s.c
[8.340s] -- Installing: /home/jakeluo/Documents/MonitoringSystemRos2/install/droneinterfaces/lib/python3.8/site-packages/droneinterfaces/srv/_drone_controller.py
[8.340s] -- Installing: /home/jakeluo/Documents/MonitoringSystemRos2/install/droneinterfaces/lib/python3.8/site-packages/droneinterfaces/srv/_drone_register_s.c
[8.340s] -- Installing: /home/jakeluo/Documents/MonitoringSystemRos2/install/droneinterfaces/lib/python3.8/site-packages/droneinterfaces/srv/__init__.py
[8.340s] -- Up-to-date: /home/jakeluo/Documents/MonitoringSystemRos2/install/droneinterfaces/lib/python3.8/site-packages/droneinterfaces/srv/_drone_ctrl.py
[8.341s] -- Installing: /home/jakeluo/Documents/MonitoringSystemRos2/install/droneinterfaces/lib/python3.8/site-packages/droneinterfaces/droneinterfaces_s__rosidl_typesupport_introspection_c.cpython-38-x86_64-linux-gnu.so
[8.341s] -- Installing: /home/jakeluo/Documents/MonitoringSystemRos2/install/droneinterfaces/lib/python3.8/site-packages/droneinterfaces/__init__.py
[8.341s] -- Installing: /home/jakeluo/Documents/MonitoringSystemRos2/install/droneinterfaces/lib/python3.8/site-packages/droneinterfaces/_droneinterfaces_s.ep.rosidl_typesupport_c.c
[8.454s] Listing '/home/jakeluo/Documents/MonitoringSystemRos2/install/droneinterfaces/lib/python3.8/site-packages/droneinterfaces'...
[8.455s] Compiling '/home/jakeluo/Documents/MonitoringSystemRos2/install/droneinterfaces/lib/python3.8/site-packages/droneinterfaces/__init__.py'...
[8.455s] Listing '/home/jakeluo/Documents/MonitoringSystemRos2/install/droneinterfaces/lib/python3.8/site-packages/droneinterfaces/srv'...
[8.455s] Compiling '/home/jakeluo/Documents/MonitoringSystemRos2/install/droneinterfaces/lib/python3.8/site-packages/droneinterfaces/srv/__init__.py'...
[8.455s] Compiling '/home/jakeluo/Documents/MonitoringSystemRos2/install/droneinterfaces/lib/python3.8/site-packages/droneinterfaces/srv/_drone_controller.py'...
[8.455s] Compiling '/home/jakeluo/Documents/MonitoringSystemRos2/install/droneinterfaces/lib/python3.8/site-packages/droneinterfaces/srv/_drone_register.py'...
[8.459s] -- Installing: /home/jakeluo/Documents/MonitoringSystemRos2/install/droneinterfaces/lib/python3.8/site-packages/droneinterfaces/droneinterfaces_s__rosidl_typesupport_introspection_c.cpython-38-x86_64-linux-gnu.so
[8.459s] -- Set runtime path of "/home/jakeluo/Documents/MonitoringSystemRos2/install/droneinterfaces/lib/python3.8/site-packages/droneinterfaces/droneinterfaces_s__rosidl_typesupport_introspection_c.cpython-38-x86_64-linux-gnu.so" to ""
[8.459s] -- Installing: /home/jakeluo/Documents/MonitoringSystemRos2/install/droneinterfaces/lib/python3.8/site-packages/droneinterfaces/droneinterfaces_s__rosidl_typesupport_fastrtps_c.cpython-38-x86_64-linux-gnu.so
[8.460s] -- Set runtime path of "/home/jakeluo/Documents/MonitoringSystemRos2/install/droneinterfaces/lib/python3.8/site-packages/droneinterfaces/droneinterfaces_s__rosidl_typesupport_fastrtps_c.cpython-38-x86_64-linux-gnu.so" to ""
[8.460s] -- Installing: /home/jakeluo/Documents/MonitoringSystemRos2/install/droneinterfaces/lib/python3.8/site-packages/droneinterfaces/droneinterfaces_s__rosidl_typesupport_c.cpython-38-x86_64-linux-gnu.so
[8.461s] -- Set runtime path of "/home/jakeluo/Documents/MonitoringSystemRos2/install/droneinterfaces/lib/python3.8/site-packages/droneinterfaces/droneinterfaces_s__rosidl_typesupport_c.cpython-38-x86_64-linux-gnu.so" to ""
[8.461s] -- Installing: /home/jakeluo/Documents/MonitoringSystemRos2/install/droneinterfaces/lib/libdroneinterfaces__python.so
[8.461s] -- Set runtime path of "/home/jakeluo/Documents/MonitoringSystemRos2/install/droneinterfaces/lib/libdroneinterfaces__python.so" to ""
[8.461s] -- Up-to-date: /home/jakeluo/Documents/MonitoringSystemRos2/install/droneinterfaces/share/droneinterfaces/srv/DroneRegister.idl
[8.461s] -- Installing: /home/jakeluo/Documents/MonitoringSystemRos2/install/droneinterfaces/share/droneinterfaces/srv/DroneController.idl
[8.462s] -- Up-to-date: /home/jakeluo/Documents/MonitoringSystemRos2/install/droneinterfaces/share/droneinterfaces/srv/DroneRegister.srv
[8.462s] -- Up-to-date: /home/jakeluo/Documents/MonitoringSystemRos2/install/droneinterfaces/share/droneinterfaces/srv/DroneRegister_Request.msg
[8.462s] -- Up-to-date: /home/jakeluo/Documents/MonitoringSystemRos2/install/droneinterfaces/share/droneinterfaces/srv/DroneRegister_Response.msg
[8.462s] -- Installing: /home/jakeluo/Documents/MonitoringSystemRos2/install/droneinterfaces/share/droneinterfaces/srv/DroneController.srv
[8.462s] -- Installing: /home/jakeluo/Documents/MonitoringSystemRos2/install/droneinterfaces/share/droneinterfaces/srv/DroneController_Request.msg
[8.462s] -- Installing: /home/jakeluo/Documents/MonitoringSystemRos2/install/droneinterfaces/share/droneinterfaces/srv/DroneController_Response.msg
[8.462s] -- Up-to-date: /home/jakeluo/Documents/MonitoringSystemRos2/install/droneinterfaces/share/ament_index/resource_index/package_run_dependencies/droneinterfaces
[8.462s] -- Up-to-date: /home/jakeluo/Documents/MonitoringSystemRos2/install/droneinterfaces/share/ament_index/resource_index/parent_prefix_path/droneinterfaces
[8.462s] -- Installing: /home/jakeluo/Documents/MonitoringSystemRos2/install/droneinterfaces/share/droneinterfaces/environment/ament_prefix_path.dsv
[8.462s] -- Installing: /home/jakeluo/Documents/MonitoringSystemRos2/install/droneinterfaces/share/droneinterfaces/environment/path.dsv
[8.462s] -- Up-to-date: /home/jakeluo/Documents/MonitoringSystemRos2/install/droneinterfaces/share/droneinterfaces/local_setup.bash
[8.462s] -- Up-to-date: /home/jakeluo/Documents/MonitoringSystemRos2/install/droneinterfaces/share/droneinterfaces/local_setup.sh
[8.462s] -- Up-to-date: /home/jakeluo/Documents/MonitoringSystemRos2/install/droneinterfaces/share/droneinterfaces/local_setup.zsh
[8.462s] -- Installing: /home/jakeluo/Documents/MonitoringSystemRos2/install/droneinterfaces/share/droneinterfaces/local_setup.dsv
[8.463s] -- Installing: /home/jakeluo/Documents/MonitoringSystemRos2/install/droneinterfaces/share/droneinterfaces/package.dsv
[8.463s] -- Up-to-date: /home/jakeluo/Documents/MonitoringSystemRos2/install/droneinterfaces/share/ament_index/resource_index/packages/droneinterfaces
[8.463s] -- Up-to-date: /home/jakeluo/Documents/MonitoringSystemRos2/install/droneinterfaces/share/droneinterfaces/cmake/droneinterfaces__rosidl_generator_cExport.cmake
[8.463s] -- Installing: /home/jakeluo/Documents/MonitoringSystemRos2/install/droneinterfaces/share/droneinterfaces/cmake/droneinterfaces__rosidl_generator_cExport-noconfig.cmake
[8.463s] -- Up-to-date: /home/jakeluo/Documents/MonitoringSystemRos2/install/droneinterfaces/share/droneinterfaces/cmake/droneinterfaces__rosidl_typesupport_introspection_cExport.cmake
[8.463s] -- Installing: /home/jakeluo/Documents/MonitoringSystemRos2/install/droneinterfaces/share/droneinterfaces/cmake/droneinterfaces__rosidl_typesupport_introspection_cExport-noconfig.cmake
[8.463s] -- Up-to-date: /home/jakeluo/Documents/MonitoringSystemRos2/install/droneinterfaces/share/droneinterfaces/cmake/droneinterfaces__rosidl_typesupport_cExport.cmake
[8.463s] -- Installing: /home/jakeluo/Documents/MonitoringSystemRos2/install/droneinterfaces/share/droneinterfaces/cmake/droneinterfaces__rosidl_typesupport_cExport-noconfig.cmake
[8.463s] -- Up-to-date: /home/jakeluo/Documents/MonitoringSystemRos2/install/droneinterfaces/share/droneinterfaces/cmake/droneinterfaces__rosidl_generator_cppExport.cmake
[8.464s] -- Up-to-date: /home/jakeluo/Documents/MonitoringSystemRos2/install/droneinterfaces/share/droneinterfaces/cmake/droneinterfaces__rosidl_typesupport_introspection_cppExport.cmake
[8.464s] -- Installing: /home/jakeluo/Documents/MonitoringSystemRos2/install/droneinterfaces/share/droneinterfaces/cmake/droneinterfaces__rosidl_typesupport_introspection_cppExport-noconfig.cmake
[8.464s] -- Up-to-date: /home/jakeluo/Documents/MonitoringSystemRos2/install/droneinterfaces/share/droneinterfaces/cmake/droneinterfaces__rosidl_typesupport_cppExport.cmake
[8.464s] -- Installing: /home/jakeluo/Documents/MonitoringSystemRos2/install/droneinterfaces/share/droneinterfaces/cmake/droneinterfaces__rosidl_typesupport_cppExport-noconfig.cmake
[8.464s] -- Installing: /home/jakeluo/Documents/MonitoringSystemRos2/install/droneinterfaces/share/droneinterfaces/cmake/rosidl_cmake-extras.cmake
[8.464s] -- Up-to-date: /home/jakeluo/Documents/MonitoringSystemRos2/install/droneinterfaces/share/droneinterfaces/cmake/ament_cmake_export_dependencies-extras.cmake
[8.464s] -- Up-to-date: /home/jakeluo/Documents/MonitoringSystemRos2/install/droneinterfaces/share/droneinterfaces/cmake/ament_cmake_export_libraries-extras.cmake
[8.464s] -- Up-to-date: /home/jakeluo/Documents/MonitoringSystemRos2/install/droneinterfaces/share/droneinterfaces/cmake/ament_cmake_export_targets-extras.cmake
[8.464s] -- Up-to-date: /home/jakeluo/Documents/MonitoringSystemRos2/install/droneinterfaces/share/droneinterfaces/cmake/ament_cmake_export_include_directories-extras.cmake
[8.465s] -- Up-to-date: /home/jakeluo/Documents/MonitoringSystemRos2/install/droneinterfaces/share/droneinterfaces/cmake/rosidl_cmake_export_typesupport_targets-extras.cmake
[8.465s] -- Up-to-date: /home/jakeluo/Documents/MonitoringSystemRos2/install/droneinterfaces/share/droneinterfaces/cmake/rosidl_cmake_export_typesupport_libraries-extras.cmake
[8.465s] -- Up-to-date: /home/jakeluo/Documents/MonitoringSystemRos2/install/droneinterfaces/share/droneinterfaces/cmake/droneinterfacesConfig.cmake
[8.465s] -- Up-to-date: /home/jakeluo/Documents/MonitoringSystemRos2/install/droneinterfaces/share/droneinterfaces/cmake/droneinterfacesConfig-version.cmake
[8.465s] -- Up-to-date: /home/jakeluo/Documents/MonitoringSystemRos2/install/droneinterfaces/share/droneinterfaces/package.xml
[8.467s] Invoked command in '/home/jakeluo/Documents/MonitoringSystemRos2/build/droneinterfaces' returned '0': CMAKE_PREFIX_PATH=${CMAKE_PREFIX_PATH}:/home/jakeluo/Software/ros2_rolling/install/rqt_bag_plugins:/home/jakeluo/Software/ros2_rolling/install/rqt_bag:/home/jakeluo/Software/ros2_rolling/install/ros2bag:/home/jakeluo/Software/ros2_rolling/install/tracetools_test:/home/jakeluo/Software/ros2_rolling/install/tracetools_launch:/home/jakeluo/Software/ros2_rolling/install/topic_monitor:/home/jakeluo/Software/ros2_rolling/install/tf2_tools:/home/jakeluo/Software/ros2_rolling/install/examples_tf2_py:/home/jakeluo/Software/ros2_rolling/install/tf2_ros_py:/home/jakeluo/Software/ros2_rolling/install/sros2:/home/jakeluo/Software/ros2_rolling/install/rqt_topic:/home/jakeluo/Software/ros2_rolling/install/rqt_top:/home/jakeluo/Software/ros2_rolling/install/rqt_srv:/home/jakeluo/Software/ros2_rolling/install/rqt_shell:/home/jakeluo/Software/ros2_rolling/install/rqt_service_caller:/home/jakeluo/Software/ros2_rolling/install/rqt_reconfigure:/home/jakeluo/Software/ros2_rolling/install/rqt_py_console:/home/jakeluo/Software/ros2_rolling/install/rqt_publisher:/home/jakeluo/Software/ros2_rolling/install/rqt_plot:/home/jakeluo/Software/ros2_rolling/install/rqt_action:/home/jakeluo/Software/ros2_rolling/install/rqt_msg:/home/jakeluo/Software/ros2_rolling/install/rqt_console:/home/jakeluo/Software/ros2_rolling/install/rqt:/home/jakeluo/Software/ros2_rolling/install/rqt_graph:/home/jakeluo/Software/ros2_rolling/install/rqt_gui_py:/home/jakeluo/Software/ros2_rolling/install/rqt_gui:/home/jakeluo/Software/ros2_rolling/install/ros2trace:/home/jakeluo/Software/ros2_rolling/install/ros2topic:/home/jakeluo/Software/ros2_rolling/install/ros2test:/home/jakeluo/Software/ros2_rolling/install/ros2component:/home/jakeluo/Software/ros2_rolling/install/ros2param:/home/jakeluo/Software/ros2_rolling/install/ros2lifecycle:/home/jakeluo/Software/ros2_rolling/install/ros2service:/home/jakeluo/Software/ros2_rolling/install/ros2run:/home/jakeluo/Software/ros2_rolling/install/ros2launch:/home/jakeluo/Software/ros2_rolling/install/ros2pkg:/home/jakeluo/Software/ros2_rolling/install/ros2node:/home/jakeluo/Software/ros2_rolling/install/ros2multicast:/home/jakeluo/Software/ros2_rolling/install/ros2interface:/home/jakeluo/Software/ros2_rolling/install/ros2doctor:/home/jakeluo/Software/ros2_rolling/install/ros2action:/home/jakeluo/Software/ros2_rolling/install/ros2cli:/home/jakeluo/Software/ros2_rolling/install/quality_of_service_demo_py:/home/jakeluo/Software/ros2_rolling/install/launch_testing_ros:/home/jakeluo/Software/ros2_rolling/install/launch_ros:/home/jakeluo/Software/ros2_rolling/install/examples_rclpy_pointcloud_publisher:/home/jakeluo/Software/ros2_rolling/install/examples_rclpy_minimal_subscriber:/home/jakeluo/Software/ros2_rolling/install/examples_rclpy_minimal_service:/home/jakeluo/Software/ros2_rolling/install/examples_rclpy_minimal_publisher:/home/jakeluo/Software/ros2_rolling/install/examples_rclpy_minimal_client:/home/jakeluo/Software/ros2_rolling/install/examples_rclpy_minimal_action_server:/home/jakeluo/Software/ros2_rolling/install/examples_rclpy_minimal_action_client:/home/jakeluo/Software/ros2_rolling/install/examples_rclpy_guard_conditions:/home/jakeluo/Software/ros2_rolling/install/examples_rclpy_executors:/home/jakeluo/Software/ros2_rolling/install/demo_nodes_py:/home/jakeluo/Software/ros2_rolling/install/action_tutorials_py:/home/jakeluo/Software/ros2_rolling/install/ament_uncrustify:/home/jakeluo/Software/ros2_rolling/install/tracetools_trace:/home/jakeluo/Software/ros2_rolling/install/tracetools_read:/home/jakeluo/Software/ros2_rolling/install/test_launch_ros:/home/jakeluo/Software/ros2_rolling/install/sensor_msgs_py:/home/jakeluo/Software/ros2_rolling/install/rpyutils:/home/jakeluo/Software/ros2_rolling/install/rosidl_runtime_py:/home/jakeluo/Software/ros2_rolling/install/rosidl_cli:/home/jakeluo/Software/ros2_rolling/install/launch_yaml:/home/jakeluo/Software/ros2_rolling/install/launch_xml:/home/jakeluo/Software/ros2_rolling/install/launch_testing:/home/jakeluo/Software/ros2_rolling/install/launch:/home/jakeluo/Software/ros2_rolling/install/osrf_pycommon:/home/jakeluo/Software/ros2_rolling/install/domain_coordinator:/home/jakeluo/Software/ros2_rolling/install/ament_xmllint:/home/jakeluo/Software/ros2_rolling/install/ament_pyflakes:/home/jakeluo/Software/ros2_rolling/install/ament_pycodestyle:/home/jakeluo/Software/ros2_rolling/install/ament_pep257:/home/jakeluo/Software/ros2_rolling/install/ament_pclint:/home/jakeluo/Software/ros2_rolling/install/ament_package:/home/jakeluo/Software/ros2_rolling/install/ament_mypy:/home/jakeluo/Software/ros2_rolling/install/ament_lint_cmake:/home/jakeluo/Software/ros2_rolling/install/ament_flake8:/home/jakeluo/Software/ros2_rolling/install/ament_copyright:/home/jakeluo/Software/ros2_rolling/install/ament_lint:/home/jakeluo/Software/ros2_rolling/install/ament_index_python:/home/jakeluo/Software/ros2_rolling/install/ament_cpplint:/home/jakeluo/Software/ros2_rolling/install/ament_cppcheck:/home/jakeluo/Software/ros2_rolling/install/ament_clang_tidy:/home/jakeluo/Software/ros2_rolling/install/ament_clang_format /usr/bin/cmake --install /home/jakeluo/Documents/MonitoringSystemRos2/build/droneinterfaces
