[01m[K/home/jakeluo/Documents/MonitoringSystemRos2/src/qt/src/mainwindow.cpp:[m[K In member function ‘[01m[Kvoid MainWindow::feedback_callback(rclcpp_action::ClientGoalHandle<droneinterfaces::action::GoPoint>::SharedPtr, std::shared_ptr<const droneinterfaces::action::GoPoint_Feedback_<std::allocator<void> > >)[m[K’:
[01m[K/home/jakeluo/Documents/MonitoringSystemRos2/src/qt/src/mainwindow.cpp:585:77:[m[K [01;35m[Kwarning: [m[Kunused parameter ‘[01m[Kfeedback[m[K’ [[01;35m[K-Wunused-parameter[m[K]
  585 |     [01;35m[Kconst std::shared_ptr<const droneinterfaces::action::GoPoint::Feedback> feedback[m[K)
      |     [01;35m[K~~~~~~~~~~~~~~~~~~~~~~~~~~~~~~~~~~~~~~~~~~~~~~~~~~~~~~~~~~~~~~~~~~~~~~~~^~~~~~~~[m[K
In file included from [01m[K/usr/include/string.h:495[m[K,
                 from [01m[K/usr/include/x86_64-linux-gnu/qt5/QtCore/qarraydata.h:44[m[K,
                 from [01m[K/usr/include/x86_64-linux-gnu/qt5/QtCore/qbytearray.h:46[m[K,
                 from [01m[K/usr/include/x86_64-linux-gnu/qt5/QtCore/qstring.h:49[m[K,
                 from [01m[K/usr/include/x86_64-linux-gnu/qt5/QtCore/qobject.h:47[m[K,
                 from [01m[K/usr/include/x86_64-linux-gnu/qt5/QtWidgets/qwidget.h:45[m[K,
                 from [01m[K/usr/include/x86_64-linux-gnu/qt5/QtWidgets/qmainwindow.h:44[m[K,
                 from [01m[K/usr/include/x86_64-linux-gnu/qt5/QtWidgets/QMainWindow:1[m[K,
                 from [01m[K/home/jakeluo/Documents/MonitoringSystemRos2/src/qt/include/qt/mainwindow.h:5[m[K,
                 from [01m[K/home/jakeluo/Documents/MonitoringSystemRos2/src/qt/src/mainwindow.cpp:1[m[K:
In function ‘[01m[Kvoid* memcpy(void*, const void*, size_t)[m[K’,
    inlined from ‘[01m[Kvoid MainWindow::spin()[m[K’ at [01m[K/home/jakeluo/Documents/MonitoringSystemRos2/src/qt/src/mainwindow.cpp:1069:15[m[K:
[01m[K/usr/include/x86_64-linux-gnu/bits/string_fortified.h:34:33:[m[K [01;35m[Kwarning: [m[K‘[01m[Kvoid* __builtin_memcpy(void*, const void*, long unsigned int)[m[K’ offset 64 is out of the bounds [0, 32] of object ‘[01m[Kresult[m[K’ with type ‘[01m[Kstd::array<float, 8>[m[K’ [[01;35m[K-Warray-bounds[m[K]
   34 |   return [01;35m[K__builtin___memcpy_chk (__dest, __src, __len, __bos0 (__dest))[m[K;
      |          [01;35m[K~~~~~~~~~~~~~~~~~~~~~~~^~~~~~~~~~~~~~~~~~~~~~~~~~~~~~~~~~~~~~~[m[K
[01m[K/home/jakeluo/Documents/MonitoringSystemRos2/src/qt/src/mainwindow.cpp:[m[K In member function ‘[01m[Kvoid MainWindow::spin()[m[K’:
[01m[K/home/jakeluo/Documents/MonitoringSystemRos2/src/qt/src/mainwindow.cpp:1067:14:[m[K [01;36m[Knote: [m[K‘[01m[Kresult[m[K’ declared here
 1067 |         auto [01;36m[Kresult[m[K = planner_ -> compute();
      |              [01;36m[K^~~~~~[m[K
