-- Found ament_cmake: 1.1.4 (/home/jakeluo/Software/ros2_rolling/install/ament_cmake/share/ament_cmake/cmake)
-- Found rclcpp: 13.0.0 (/home/jakeluo/Software/ros2_rolling/install/rclcpp/share/rclcpp/cmake)
-- Using all available rosidl_typesupport_c: rosidl_typesupport_introspection_c;rosidl_typesupport_fastrtps_c
-- Found rosidl_adapter: 2.5.0 (/home/jakeluo/Software/ros2_rolling/install/rosidl_adapter/share/rosidl_adapter/cmake)
-- Using all available rosidl_typesupport_cpp: rosidl_typesupport_introspection_cpp;rosidl_typesupport_fastrtps_cpp
-- Found rmw_implementation_cmake: 5.0.0 (/home/jakeluo/Software/ros2_rolling/install/rmw_implementation_cmake/share/rmw_implementation_cmake/cmake)
-- Found rmw_cyclonedds_cpp: 0.24.0 (/home/jakeluo/Software/ros2_rolling/install/rmw_cyclonedds_cpp/share/rmw_cyclonedds_cpp/cmake)
-- Using RMW implementation 'rmw_cyclonedds_cpp' as default
-- Found droneinterfaces: 0.0.0 (/home/jakeluo/Documents/MonitoringSystemRos2/install/droneinterfaces/share/droneinterfaces/cmake)
-- Found ament_lint_auto: 0.11.2 (/home/jakeluo/Software/ros2_rolling/install/ament_lint_auto/share/ament_lint_auto/cmake)
-- Added test 'copyright' to check source files copyright and LICENSE
-- Added test 'cppcheck' to perform static code analysis on C / C++ code
-- Configured cppcheck include dirs: /home/jakeluo/Documents/MonitoringSystemRos2/src/droneutility/../../3rd;$<BUILD_INTERFACE:/home/jakeluo/Documents/MonitoringSystemRos2/src/droneutility/include>
-- Configured cppcheck exclude dirs and/or files: 
-- Added test 'cpplint' to check C / C++ code against the Google style
-- Configured cpplint exclude dirs and/or files: 
-- Added test 'lint_cmake' to check CMake code style
-- Added test 'uncrustify' to check C / C++ code style
-- Configured uncrustify additional arguments: 
-- Added test 'xmllint' to check XML markup files
-- Configuring done
-- Generating done
-- Build files have been written to: /home/jakeluo/Documents/MonitoringSystemRos2/build/droneutility
[ 25%] [32m[1mLinking CXX executable dronemanager[0m
[ 50%] [32m[1mLinking CXX executable drone[0m
[ 75%] Built target drone
/usr/bin/ld: /home/jakeluo/Documents/MonitoringSystemRos2/src/droneutility/../../3rd/libh264decoderlib.a(h264decoder.cpp.o): in function `H264Decoder::H264Decoder()':
/home/jakeluo/Downloads/h264decoder/src/h264decoder.cpp:22: undefined reference to `avcodec_register_all'
/usr/bin/ld: /home/jakeluo/Downloads/h264decoder/src/h264decoder.cpp:24: undefined reference to `avcodec_find_decoder'
/usr/bin/ld: /home/jakeluo/Downloads/h264decoder/src/h264decoder.cpp:28: undefined reference to `avcodec_alloc_context3'
/usr/bin/ld: /home/jakeluo/Downloads/h264decoder/src/h264decoder.cpp:37: undefined reference to `avcodec_open2'
/usr/bin/ld: /home/jakeluo/Downloads/h264decoder/src/h264decoder.cpp:41: undefined reference to `av_parser_init'
/usr/bin/ld: /home/jakeluo/Downloads/h264decoder/src/h264decoder.cpp:45: undefined reference to `av_frame_alloc'
/usr/bin/ld: /home/jakeluo/Downloads/h264decoder/src/h264decoder.cpp:53: undefined reference to `av_init_packet'
/usr/bin/ld: /home/jakeluo/Documents/MonitoringSystemRos2/src/droneutility/../../3rd/libh264decoderlib.a(h264decoder.cpp.o): in function `H264Decoder::~H264Decoder()':
/home/jakeluo/Downloads/h264decoder/src/h264decoder.cpp:60: undefined reference to `av_parser_close'
/usr/bin/ld: /home/jakeluo/Downloads/h264decoder/src/h264decoder.cpp:61: undefined reference to `avcodec_close'
/usr/bin/ld: /home/jakeluo/Downloads/h264decoder/src/h264decoder.cpp:62: undefined reference to `av_free'
/usr/bin/ld: /home/jakeluo/Downloads/h264decoder/src/h264decoder.cpp:63: undefined reference to `av_frame_free'
/usr/bin/ld: /home/jakeluo/Documents/MonitoringSystemRos2/src/droneutility/../../3rd/libh264decoderlib.a(h264decoder.cpp.o): in function `H264Decoder::parse(unsigned char const*, long)':
/home/jakeluo/Downloads/h264decoder/src/h264decoder.cpp:72: undefined reference to `av_parser_parse2'
/usr/bin/ld: /home/jakeluo/Documents/MonitoringSystemRos2/src/droneutility/../../3rd/libh264decoderlib.a(h264decoder.cpp.o): in function `H264Decoder::decode_frame()':
/home/jakeluo/Downloads/h264decoder/src/h264decoder.cpp:90: undefined reference to `avcodec_send_packet'
/usr/bin/ld: /home/jakeluo/Downloads/h264decoder/src/h264decoder.cpp:92: undefined reference to `avcodec_receive_frame'
/usr/bin/ld: /home/jakeluo/Documents/MonitoringSystemRos2/src/droneutility/../../3rd/libh264decoderlib.a(h264decoder.cpp.o): in function `ConverterRGB24::ConverterRGB24()':
/home/jakeluo/Downloads/h264decoder/src/h264decoder.cpp:110: undefined reference to `av_frame_alloc'
/usr/bin/ld: /home/jakeluo/Documents/MonitoringSystemRos2/src/droneutility/../../3rd/libh264decoderlib.a(h264decoder.cpp.o): in function `ConverterRGB24::~ConverterRGB24()':
/home/jakeluo/Downloads/h264decoder/src/h264decoder.cpp:118: undefined reference to `sws_freeContext'
/usr/bin/ld: /home/jakeluo/Downloads/h264decoder/src/h264decoder.cpp:119: undefined reference to `av_frame_free'
/usr/bin/ld: /home/jakeluo/Documents/MonitoringSystemRos2/src/droneutility/../../3rd/libh264decoderlib.a(h264decoder.cpp.o): in function `ConverterRGB24::convert(AVFrame const&, unsigned char*)':
/home/jakeluo/Downloads/h264decoder/src/h264decoder.cpp:129: undefined reference to `sws_getCachedContext'
/usr/bin/ld: /home/jakeluo/Downloads/h264decoder/src/h264decoder.cpp:137: undefined reference to `av_image_fill_arrays'
/usr/bin/ld: /home/jakeluo/Downloads/h264decoder/src/h264decoder.cpp:139: undefined reference to `sws_scale'
/usr/bin/ld: /home/jakeluo/Documents/MonitoringSystemRos2/src/droneutility/../../3rd/libh264decoderlib.a(h264decoder.cpp.o): in function `ConverterRGB24::predict_size(int, int)':
/home/jakeluo/Downloads/h264decoder/src/h264decoder.cpp:156: undefined reference to `av_image_fill_arrays'
/usr/bin/ld: /home/jakeluo/Documents/MonitoringSystemRos2/src/droneutility/../../3rd/libh264decoderlib.a(h264decoder.cpp.o): in function `disable_logging()':
/home/jakeluo/Downloads/h264decoder/src/h264decoder.cpp:174: undefined reference to `av_log_set_level'
collect2: error: ld returned 1 exit status
make[2]: *** [CMakeFiles/dronemanager.dir/build.make:137：dronemanager] 错误 1
make[1]: *** [CMakeFiles/Makefile2:107：CMakeFiles/dronemanager.dir/all] 错误 2
make: *** [Makefile:141：all] 错误 2
