-- Found ament_cmake: 1.1.4 (/home/jakeluo/Software/ros2_rolling/install/ament_cmake/share/ament_cmake/cmake)
-- Found ament_lint_auto: 0.11.2 (/home/jakeluo/Software/ros2_rolling/install/ament_lint_auto/share/ament_lint_auto/cmake)
-- Added test 'copyright' to check source files copyright and LICENSE
-- Added test 'cppcheck' to perform static code analysis on C / C++ code
-- Configured cppcheck include dirs: $<BUILD_INTERFACE:/home/jakeluo/Documents/MonitoringSystemRos2/src/finddrones/include>
-- Configured cppcheck exclude dirs and/or files: 
-- Added test 'cpplint' to check C / C++ code against the Google style
-- Configured cpplint exclude dirs and/or files: 
-- Added test 'lint_cmake' to check CMake code style
-- Added test 'uncrustify' to check C / C++ code style
-- Configured uncrustify additional arguments: 
-- Added test 'xmllint' to check XML markup files
-- Configuring done
-- Generating done
-- Build files have been written to: /home/jakeluo/Documents/MonitoringSystemRos2/build/finddrones
[35m[1mScanning dependencies of target finddrones[0m
[ 50%] [32mBuilding CXX object CMakeFiles/finddrones.dir/src/finddrones.cpp.o[0m
[01m[K/home/jakeluo/Documents/MonitoringSystemRos2/src/finddrones/src/finddrones.cpp:[m[K In function ‘[01m[Kint main(int, char**)[m[K’:
[01m[K/home/jakeluo/Documents/MonitoringSystemRos2/src/finddrones/src/finddrones.cpp:36:14:[m[K [01;35m[Kwarning: [m[Kunused parameter ‘[01m[Kargc[m[K’ [[01;35m[K-Wunused-parameter[m[K]
   36 | int main([01;35m[Kint argc[m[K, char** argv)
      |          [01;35m[K~~~~^~~~[m[K
[01m[K/home/jakeluo/Documents/MonitoringSystemRos2/src/finddrones/src/finddrones.cpp:36:27:[m[K [01;35m[Kwarning: [m[Kunused parameter ‘[01m[Kargv[m[K’ [[01;35m[K-Wunused-parameter[m[K]
   36 | int main(int argc, [01;35m[Kchar** argv[m[K)
      |                    [01;35m[K~~~~~~~^~~~[m[K
[100%] [32m[1mLinking CXX executable finddrones[0m
/usr/bin/ld: CMakeFiles/finddrones.dir/src/finddrones.cpp.o: in function `std::thread::thread<void (&)(int const&), int const&, void>(void (&)(int const&), int const&)':
finddrones.cpp:(.text._ZNSt6threadC2IRFvRKiEJS2_EvEEOT_DpOT0_[_ZNSt6threadC5IRFvRKiEJS2_EvEEOT_DpOT0_]+0x37): undefined reference to `pthread_create'
collect2: error: ld returned 1 exit status
make[2]: *** [CMakeFiles/finddrones.dir/build.make:84：finddrones] 错误 1
make[1]: *** [CMakeFiles/Makefile2:105：CMakeFiles/finddrones.dir/all] 错误 2
make: *** [Makefile:141：all] 错误 2
