[100%] Built target h264decoder
-- Install configuration: ""
-- Up-to-date: /home/jakeluo/Documents/MonitoringSystemRos2/src/install/3rd/share/3rd/environment/library_path.sh
-- Up-to-date: /home/jakeluo/Documents/MonitoringSystemRos2/src/install/3rd/share/3rd/environment/library_path.dsv
-- Up-to-date: /home/jakeluo/Documents/MonitoringSystemRos2/src/install/3rd/lib/libh264decoder.a
-- Up-to-date: /home/jakeluo/Documents/MonitoringSystemRos2/src/install/3rd/share/ament_index/resource_index/package_run_dependencies/3rd
-- Up-to-date: /home/jakeluo/Documents/MonitoringSystemRos2/src/install/3rd/share/ament_index/resource_index/parent_prefix_path/3rd
-- Up-to-date: /home/jakeluo/Documents/MonitoringSystemRos2/src/install/3rd/share/3rd/environment/ament_prefix_path.dsv
-- Up-to-date: /home/jakeluo/Documents/MonitoringSystemRos2/src/install/3rd/share/3rd/environment/path.dsv
-- Up-to-date: /home/jakeluo/Documents/MonitoringSystemRos2/src/install/3rd/share/3rd/local_setup.bash
-- Up-to-date: /home/jakeluo/Documents/MonitoringSystemRos2/src/install/3rd/share/3rd/local_setup.sh
-- Up-to-date: /home/jakeluo/Documents/MonitoringSystemRos2/src/install/3rd/share/3rd/local_setup.zsh
-- Up-to-date: /home/jakeluo/Documents/MonitoringSystemRos2/src/install/3rd/share/3rd/local_setup.dsv
-- Up-to-date: /home/jakeluo/Documents/MonitoringSystemRos2/src/install/3rd/share/3rd/package.dsv
-- Up-to-date: /home/jakeluo/Documents/MonitoringSystemRos2/src/install/3rd/share/ament_index/resource_index/packages/3rd
-- Up-to-date: /home/jakeluo/Documents/MonitoringSystemRos2/src/install/3rd/share/3rd/cmake/h264decoderExport.cmake
-- Up-to-date: /home/jakeluo/Documents/MonitoringSystemRos2/src/install/3rd/share/3rd/cmake/h264decoderExport-noconfig.cmake
-- Up-to-date: /home/jakeluo/Documents/MonitoringSystemRos2/src/install/3rd/share/3rd/cmake/ament_cmake_export_targets-extras.cmake
-- Up-to-date: /home/jakeluo/Documents/MonitoringSystemRos2/src/install/3rd/share/3rd/cmake/3rdConfig.cmake
-- Up-to-date: /home/jakeluo/Documents/MonitoringSystemRos2/src/install/3rd/share/3rd/cmake/3rdConfig-version.cmake
-- Up-to-date: /home/jakeluo/Documents/MonitoringSystemRos2/src/install/3rd/share/3rd/package.xml
