[01m[K/home/jakeluo/Documents/MonitoringSystemRos2/src/droneutility/src/send.cpp:[m[K In function ‘[01m[Kint main(int, char**)[m[K’:
[01m[K/home/jakeluo/Documents/MonitoringSystemRos2/src/droneutility/src/send.cpp:12:14:[m[K [01;35m[Kwarning: [m[Kunused parameter ‘[01m[Kargc[m[K’ [[01;35m[K-Wunused-parameter[m[K]
   12 | int main([01;35m[Kint argc[m[K, char** argv)
      |          [01;35m[K~~~~^~~~[m[K
In file included from [01m[K/home/jakeluo/Software/ros2_rolling/install/rclcpp/include/rclcpp/client.hpp:43[m[K,
                 from [01m[K/home/jakeluo/Software/ros2_rolling/install/rclcpp/include/rclcpp/callback_group.hpp:23[m[K,
                 from [01m[K/home/jakeluo/Software/ros2_rolling/install/rclcpp/include/rclcpp/any_executable.hpp:20[m[K,
                 from [01m[K/home/jakeluo/Software/ros2_rolling/install/rclcpp/include/rclcpp/memory_strategy.hpp:25[m[K,
                 from [01m[K/home/jakeluo/Software/ros2_rolling/install/rclcpp/include/rclcpp/memory_strategies.hpp:18[m[K,
                 from [01m[K/home/jakeluo/Software/ros2_rolling/install/rclcpp/include/rclcpp/executor_options.hpp:20[m[K,
                 from [01m[K/home/jakeluo/Software/ros2_rolling/install/rclcpp/include/rclcpp/executor.hpp:37[m[K,
                 from [01m[K/home/jakeluo/Software/ros2_rolling/install/rclcpp/include/rclcpp/executors/multi_threaded_executor.hpp:25[m[K,
                 from [01m[K/home/jakeluo/Software/ros2_rolling/install/rclcpp/include/rclcpp/executors.hpp:21[m[K,
                 from [01m[K/home/jakeluo/Software/ros2_rolling/install/rclcpp/include/rclcpp/rclcpp.hpp:155[m[K,
                 from [01m[K/home/jakeluo/Documents/MonitoringSystemRos2/src/droneutility/include/drone.hpp:1[m[K,
                 from [01m[K/home/jakeluo/Documents/MonitoringSystemRos2/src/droneutility/src/drone.cpp:1[m[K:
[01m[K/home/jakeluo/Documents/MonitoringSystemRos2/src/droneutility/src/drone.cpp:[m[K In member function ‘[01m[Kvoid dronenamespace::Drone::spin()[m[K’:
[01m[K/home/jakeluo/Documents/MonitoringSystemRos2/src/droneutility/src/drone.cpp:75:51:[m[K [01;35m[Kwarning: [m[Kformat ‘[01m[K%s[m[K’ expects argument of type ‘[01m[Kchar*[m[K’, but argument 5 has type ‘[01m[Kstd::string[m[K’ {aka ‘[01m[Kstd::__cxx11::basic_string<char>[m[K’} [[01;35m[K-Wformat=[m[K]
   75 |         RCLCPP_INFO(rclcpp::get_logger("rclcpp"), [01;35m[K"drone node-%s started."[m[K, name);
      |                                                   [01;35m[K^~~~~~~~~~~~~~~~~~~~~~~~[m[K
[01m[K/home/jakeluo/Documents/MonitoringSystemRos2/src/droneutility/src/drone.cpp:75:64:[m[K [01;36m[Knote: [m[Kformat string is defined here
   75 |         RCLCPP_INFO(rclcpp::get_logger("rclcpp"), "drone node-[01;36m[K%s[m[K started.", name);
      |                                                               [01;36m[K~^[m[K
      |                                                                [01;36m[K|[m[K
      |                                                                [01;36m[Kchar*[m[K
In file included from [01m[K/home/jakeluo/Software/ros2_rolling/install/rclcpp/include/rclcpp/client.hpp:43[m[K,
                 from [01m[K/home/jakeluo/Software/ros2_rolling/install/rclcpp/include/rclcpp/callback_group.hpp:23[m[K,
                 from [01m[K/home/jakeluo/Software/ros2_rolling/install/rclcpp/include/rclcpp/any_executable.hpp:20[m[K,
                 from [01m[K/home/jakeluo/Software/ros2_rolling/install/rclcpp/include/rclcpp/memory_strategy.hpp:25[m[K,
                 from [01m[K/home/jakeluo/Software/ros2_rolling/install/rclcpp/include/rclcpp/memory_strategies.hpp:18[m[K,
                 from [01m[K/home/jakeluo/Software/ros2_rolling/install/rclcpp/include/rclcpp/executor_options.hpp:20[m[K,
                 from [01m[K/home/jakeluo/Software/ros2_rolling/install/rclcpp/include/rclcpp/executor.hpp:37[m[K,
                 from [01m[K/home/jakeluo/Software/ros2_rolling/install/rclcpp/include/rclcpp/executors/multi_threaded_executor.hpp:25[m[K,
                 from [01m[K/home/jakeluo/Software/ros2_rolling/install/rclcpp/include/rclcpp/executors.hpp:21[m[K,
                 from [01m[K/home/jakeluo/Software/ros2_rolling/install/rclcpp/include/rclcpp/rclcpp.hpp:155[m[K,
                 from [01m[K/home/jakeluo/Documents/MonitoringSystemRos2/src/droneutility/include/drone.hpp:1[m[K,
                 from [01m[K/home/jakeluo/Documents/MonitoringSystemRos2/src/droneutility/src/drone.cpp:1[m[K:
[01m[K/home/jakeluo/Documents/MonitoringSystemRos2/src/droneutility/src/drone.cpp:78:51:[m[K [01;35m[Kwarning: [m[Kformat ‘[01m[K%s[m[K’ expects argument of type ‘[01m[Kchar*[m[K’, but argument 5 has type ‘[01m[Kstd::string[m[K’ {aka ‘[01m[Kstd::__cxx11::basic_string<char>[m[K’} [[01;35m[K-Wformat=[m[K]
   78 |         RCLCPP_INFO(rclcpp::get_logger("rclcpp"), [01;35m[K"drone node-%s not started."[m[K, name);
      |                                                   [01;35m[K^~~~~~~~~~~~~~~~~~~~~~~~~~~~[m[K
[01m[K/home/jakeluo/Documents/MonitoringSystemRos2/src/droneutility/src/drone.cpp:78:64:[m[K [01;36m[Knote: [m[Kformat string is defined here
   78 |         RCLCPP_INFO(rclcpp::get_logger("rclcpp"), "drone node-[01;36m[K%s[m[K not started.", name);
      |                                                               [01;36m[K~^[m[K
      |                                                                [01;36m[K|[m[K
      |                                                                [01;36m[Kchar*[m[K
