/usr/bin/ld: CMakeFiles/dronemanager.dir/src/droneManager.cpp.o: in function `dronenamespace::DroneManager::recvVideoThread(std::__cxx11::basic_string<char, std::char_traits<char>, std::allocator<char> >)':
/home/jakeluo/Documents/MonitoringSystemRos2/src/droneutility/src/droneManager.cpp:155: undefined reference to `ORB_SLAM2::System::System(std::__cxx11::basic_string<char, std::char_traits<char>, std::allocator<char> > const&, std::__cxx11::basic_string<char, std::char_traits<char>, std::allocator<char> > const&, ORB_SLAM2::System::eSensor, bool)'
/usr/bin/ld: /home/jakeluo/Documents/MonitoringSystemRos2/src/droneutility/src/droneManager.cpp:205: undefined reference to `ORB_SLAM2::System::TrackMonocular(cv::Mat const&, double const&)'
/usr/bin/ld: /home/jakeluo/Documents/MonitoringSystemRos2/src/droneutility/src/droneManager.cpp:233: undefined reference to `ORB_SLAM2::System::Shutdown()'
/usr/bin/ld: CMakeFiles/dronemanager.dir/src/droneManager.cpp.o: in function `pangolin::GlTexture::Reinitialise(int, int, int, bool, int, unsigned int, unsigned int, void*)':
/usr/local/include/pangolin/gl/gl.hpp:171: undefined reference to `glGenTextures'
/usr/bin/ld: CMakeFiles/dronemanager.dir/src/droneManager.cpp.o: in function `pangolin::GlTexture::Bind() const':
/usr/local/include/pangolin/gl/gl.hpp:153: undefined reference to `glBindTexture'
/usr/bin/ld: CMakeFiles/dronemanager.dir/src/droneManager.cpp.o: in function `pangolin::GlTexture::Reinitialise(int, int, int, bool, int, unsigned int, unsigned int, void*)':
/usr/local/include/pangolin/gl/gl.hpp:176: undefined reference to `glTexImage2D'
/usr/bin/ld: /usr/local/include/pangolin/gl/gl.hpp:179: undefined reference to `glTexParameteri'
/usr/bin/ld: /usr/local/include/pangolin/gl/gl.hpp:180: undefined reference to `glTexParameteri'
/usr/bin/ld: /usr/local/include/pangolin/gl/gl.hpp:186: undefined reference to `glTexParameteri'
/usr/bin/ld: /usr/local/include/pangolin/gl/gl.hpp:187: undefined reference to `glTexParameteri'
/usr/bin/ld: CMakeFiles/dronemanager.dir/src/droneManager.cpp.o: in function `pangolin::_CheckGlDieOnError(char const*, int)':
/usr/local/include/pangolin/gl/glinclude.h:41: undefined reference to `glGetError'
/usr/bin/ld: CMakeFiles/dronemanager.dir/src/droneManager.cpp.o: in function `pangolin::GlTexture::Reinitialise(int, int, int, bool, int, unsigned int, unsigned int, void*)':
/usr/local/include/pangolin/gl/gl.hpp:182: undefined reference to `glTexParameteri'
/usr/bin/ld: /usr/local/include/pangolin/gl/gl.hpp:183: undefined reference to `glTexParameteri'
/usr/bin/ld: /usr/local/include/pangolin/gl/gl.hpp:164: undefined reference to `glDeleteTextures'
/usr/bin/ld: CMakeFiles/dronemanager.dir/src/droneManager.cpp.o: in function `pangolin::_CheckGlDieOnError(char const*, int)':
/usr/local/include/pangolin/gl/glinclude.h:43: undefined reference to `pangolin::glErrorString(unsigned int)'
/usr/bin/ld: CMakeFiles/dronemanager.dir/src/droneManager.cpp.o: in function `pangolin::GlTexture::~GlTexture()':
/usr/local/include/pangolin/gl/gl.hpp:146: undefined reference to `pangolin::ShouldQuit()'
/usr/bin/ld: /usr/local/include/pangolin/gl/gl.hpp:147: undefined reference to `glDeleteTextures'
/usr/bin/ld: CMakeFiles/dronemanager.dir/src/droneManager.cpp.o: in function `pangolin::GlTexture::~GlTexture()':
/usr/local/include/pangolin/gl/gl.hpp:146: undefined reference to `pangolin::ShouldQuit()'
/usr/bin/ld: /usr/local/include/pangolin/gl/gl.hpp:147: undefined reference to `glDeleteTextures'
/usr/bin/ld: CMakeFiles/dronemanager.dir/src/droneManager.cpp.o:(.data.rel+0x0): undefined reference to `vtable for pangolin::HandlerScroll'
/usr/bin/ld: CMakeFiles/dronemanager.dir/src/droneManager.cpp.o:(.data.rel+0x8): undefined reference to `vtable for pangolin::Handler'
collect2: error: ld returned 1 exit status
make[2]: *** [CMakeFiles/dronemanager.dir/build.make:157：dronemanager] 错误 1
make[1]: *** [CMakeFiles/Makefile2:107：CMakeFiles/dronemanager.dir/all] 错误 2
make: *** [Makefile:141：all] 错误 2
