[ 12%] [34m[1mAutomatic MOC and UIC for target gui[0m
[ 12%] Built target gui_autogen
[35m[1mScanning dependencies of target gui[0m
[ 25%] [32mBuilding CXX object CMakeFiles/gui.dir/src/2DMovementKalmanFilter.cpp.o[0m
[ 50%] [32mBuilding CXX object CMakeFiles/gui.dir/src/main.cpp.o[0m
[ 50%] [32mBuilding CXX object CMakeFiles/gui.dir/src/mainwindow.cpp.o[0m
[ 62%] [32mBuilding CXX object CMakeFiles/gui.dir/include/qt/moc_mainwindow.cpp.o[0m
[01m[K/home/jakeluo/Documents/MonitoringSystemRos2/src/qt/src/mainwindow.cpp:[m[K In member function ‘[01m[Kvoid MainWindow::feedback_callback(rclcpp_action::ClientGoalHandle<droneinterfaces::action::GoPoint>::SharedPtr, std::shared_ptr<const droneinterfaces::action::GoPoint_Feedback_<std::allocator<void> > >)[m[K’:
[01m[K/home/jakeluo/Documents/MonitoringSystemRos2/src/qt/src/mainwindow.cpp:504:77:[m[K [01;35m[Kwarning: [m[Kunused parameter ‘[01m[Kfeedback[m[K’ [[01;35m[K-Wunused-parameter[m[K]
  504 |     [01;35m[Kconst std::shared_ptr<const droneinterfaces::action::GoPoint::Feedback> feedback[m[K)
      |     [01;35m[K~~~~~~~~~~~~~~~~~~~~~~~~~~~~~~~~~~~~~~~~~~~~~~~~~~~~~~~~~~~~~~~~~~~~~~~~^~~~~~~~[m[K
[01m[K/home/jakeluo/Documents/MonitoringSystemRos2/src/qt/src/mainwindow.cpp:[m[K In member function ‘[01m[Kvoid MainWindow::frameCallback1(droneinterfaces::msg::FrameArray_<std::allocator<void> >::SharedPtr)[m[K’:
[01m[K/home/jakeluo/Documents/MonitoringSystemRos2/src/qt/src/mainwindow.cpp:945:42:[m[K [01;31m[Kerror: [m[Kexpected ‘[01m[K)[m[K’ before ‘[01m[K:[m[K’ token
  945 |     kalmanFilter->update(humanPoseCoor1[34m[K([m[K0[01;31m[K:[m[K2));
      |                                        [34m[K~[m[K [01;31m[K^[m[K
      |                                          [32m[K)[m[K
[01m[K/home/jakeluo/Documents/MonitoringSystemRos2/src/qt/src/mainwindow.cpp:945:44:[m[K [01;31m[Kerror: [m[Kno match for call to ‘[01m[K(std::array<int, 10>) (int)[m[K’
  945 |     kalmanFilter->update(humanPoseCoor1(0:2[01;31m[K)[m[K);
      |                                            [01;31m[K^[m[K
make[2]: *** [CMakeFiles/gui.dir/build.make:93：CMakeFiles/gui.dir/src/mainwindow.cpp.o] 错误 1
make[1]: *** [CMakeFiles/Makefile2:79：CMakeFiles/gui.dir/all] 错误 2
make: *** [Makefile:141：all] 错误 2
