[01m[K/home/jakeluo/Documents/MonitoringSystemRos2/src/openpose/src/openpose.cpp:[m[K In constructor ‘[01m[KOpenpose::Openpose(const char*)[m[K’:
[01m[K/home/jakeluo/Documents/MonitoringSystemRos2/src/openpose/src/openpose.cpp:8:9:[m[K [01;31m[Kerror: [m[K‘[01m[Kstring[m[K’ was not declared in this scope
    8 |         [01;31m[Kstring[m[K(name_)+"_Framearray",
      |         [01;31m[K^~~~~~[m[K
[01m[K/home/jakeluo/Documents/MonitoringSystemRos2/src/openpose/src/openpose.cpp:8:9:[m[K [01;36m[Knote: [m[Ksuggested alternatives:
In file included from [01m[K/usr/include/c++/9/string:39[m[K,
                 from [01m[K/usr/include/c++/9/stdexcept:39[m[K,
                 from [01m[K/usr/include/c++/9/array:39[m[K,
                 from [01m[K/usr/local/include/opencv2/core/cvdef.h:474[m[K,
                 from [01m[K/usr/local/include/opencv2/core.hpp:52[m[K,
                 from [01m[K/usr/local/include/opencv2/opencv.hpp:52[m[K,
                 from [01m[K/home/jakeluo/Documents/MonitoringSystemRos2/src/openpose/include/openpose.hpp:3[m[K,
                 from [01m[K/home/jakeluo/Documents/MonitoringSystemRos2/src/openpose/src/openpose.cpp:1[m[K:
[01m[K/usr/include/c++/9/bits/stringfwd.h:79:33:[m[K [01;36m[Knote: [m[K  ‘[01m[Kstd::string[m[K’
   79 |   typedef basic_string<char>    [01;36m[Kstring[m[K;
      |                                 [01;36m[K^~~~~~[m[K
In file included from [01m[K/usr/include/c++/9/stdexcept:39[m[K,
                 from [01m[K/usr/include/c++/9/array:39[m[K,
                 from [01m[K/usr/local/include/opencv2/core/cvdef.h:474[m[K,
                 from [01m[K/usr/local/include/opencv2/core.hpp:52[m[K,
                 from [01m[K/usr/local/include/opencv2/opencv.hpp:52[m[K,
                 from [01m[K/home/jakeluo/Documents/MonitoringSystemRos2/src/openpose/include/openpose.hpp:3[m[K,
                 from [01m[K/home/jakeluo/Documents/MonitoringSystemRos2/src/openpose/src/openpose.cpp:1[m[K:
[01m[K/usr/include/c++/9/string:67:11:[m[K [01;36m[Knote: [m[K  ‘[01m[Kstd::pmr::string[m[K’
   67 |     using [01;36m[Kstring[m[K    = basic_string<char>;
      |           [01;36m[K^~~~~~[m[K
make[2]: *** [CMakeFiles/estimater.dir/build.make:63：CMakeFiles/estimater.dir/src/openpose.cpp.o] 错误 1
make[1]: *** [CMakeFiles/Makefile2:78：CMakeFiles/estimater.dir/all] 错误 2
make: *** [Makefile:141：all] 错误 2
