-- The C compiler identification is GNU 9.3.0
-- The CXX compiler identification is GNU 9.3.0
-- Check for working C compiler: /usr/bin/cc
-- Check for working C compiler: /usr/bin/cc -- works
-- Detecting C compiler ABI info
-- Detecting C compiler ABI info - done
-- Detecting C compile features
-- Detecting C compile features - done
-- Check for working CXX compiler: /usr/bin/c++
-- Check for working CXX compiler: /usr/bin/c++ -- works
-- Detecting CXX compiler ABI info
-- Detecting CXX compiler ABI info - done
-- Detecting CXX compile features
-- Detecting CXX compile features - done
-- Found ament_cmake: 1.1.4 (/home/jakeluo/Software/ros2_rolling/install/ament_cmake/share/ament_cmake/cmake)
-- Found Python3: /usr/bin/python3.8 (found version "3.8.10") found components: Interpreter 
-- Found PkgConfig: /usr/bin/pkg-config (found version "0.29.1") 
-- Checking for module 'eigen3'
--   Found eigen3, version 3.2.10
-- Found droneinterfaces: 0.0.0 (/home/jakeluo/Documents/MonitoringSystemRos2/src/install/droneinterfaces/share/droneinterfaces/cmake)
-- Using all available rosidl_typesupport_c: rosidl_typesupport_introspection_c;rosidl_typesupport_fastrtps_c
-- Found rosidl_adapter: 2.5.0 (/home/jakeluo/Software/ros2_rolling/install/rosidl_adapter/share/rosidl_adapter/cmake)
-- Using all available rosidl_typesupport_cpp: rosidl_typesupport_introspection_cpp;rosidl_typesupport_fastrtps_cpp
-- Found OpenCV: /usr/local (found suitable version "3.4.3", minimum required is "3.0") 
-- Found rclcpp_action: 13.0.0 (/home/jakeluo/Software/ros2_rolling/install/rclcpp_action/share/rclcpp_action/cmake)
-- Found rmw_implementation_cmake: 5.0.0 (/home/jakeluo/Software/ros2_rolling/install/rmw_implementation_cmake/share/rmw_implementation_cmake/cmake)
-- Found rmw_cyclonedds_cpp: 0.24.0 (/home/jakeluo/Software/ros2_rolling/install/rmw_cyclonedds_cpp/share/rmw_cyclonedds_cpp/cmake)
-- Using RMW implementation 'rmw_cyclonedds_cpp' as default
-- Looking for pthread.h
-- Looking for pthread.h - found
-- Performing Test CMAKE_HAVE_LIBC_PTHREAD
-- Performing Test CMAKE_HAVE_LIBC_PTHREAD - Failed
-- Looking for pthread_create in pthreads
-- Looking for pthread_create in pthreads - not found
-- Looking for pthread_create in pthread
-- Looking for pthread_create in pthread - found
-- Found Threads: TRUE  
-- Found ament_lint_auto: 0.11.2 (/home/jakeluo/Software/ros2_rolling/install/ament_lint_auto/share/ament_lint_auto/cmake)
-- Added test 'copyright' to check source files copyright and LICENSE
-- Added test 'cppcheck' to perform static code analysis on C / C++ code
-- Configured cppcheck include dirs: /home/jakeluo/Documents/MonitoringSystemRos2/src/positioning/include;$<BUILD_INTERFACE:/home/jakeluo/Documents/MonitoringSystemRos2/src/positioning/include>
-- Configured cppcheck exclude dirs and/or files: 
-- Added test 'cpplint' to check C / C++ code against the Google style
-- Configured cpplint exclude dirs and/or files: 
-- Added test 'lint_cmake' to check CMake code style
-- Added test 'uncrustify' to check C / C++ code style
-- Configured uncrustify additional arguments: 
-- Added test 'xmllint' to check XML markup files
-- Configuring done
-- Generating done
-- Build files have been written to: /home/jakeluo/Documents/MonitoringSystemRos2/src/build/positioning
[35m[1mScanning dependencies of target positioning[0m
[ 33%] [32mBuilding CXX object CMakeFiles/positioning.dir/src/positioning.cpp.o[0m
[ 66%] [32mBuilding CXX object CMakeFiles/positioning.dir/src/ThreeDMovementKalmanFilter.cpp.o[0m
[100%] [32m[1mLinking CXX executable positioning[0m
[100%] Built target positioning
-- Install configuration: ""
-- Installing: /home/jakeluo/Documents/MonitoringSystemRos2/src/install/positioning/lib/positioning/positioning
-- Set runtime path of "/home/jakeluo/Documents/MonitoringSystemRos2/src/install/positioning/lib/positioning/positioning" to ""
-- Installing: /home/jakeluo/Documents/MonitoringSystemRos2/src/install/positioning/share/ament_index/resource_index/package_run_dependencies/positioning
-- Installing: /home/jakeluo/Documents/MonitoringSystemRos2/src/install/positioning/share/ament_index/resource_index/parent_prefix_path/positioning
-- Installing: /home/jakeluo/Documents/MonitoringSystemRos2/src/install/positioning/share/positioning/environment/ament_prefix_path.sh
-- Installing: /home/jakeluo/Documents/MonitoringSystemRos2/src/install/positioning/share/positioning/environment/ament_prefix_path.dsv
-- Installing: /home/jakeluo/Documents/MonitoringSystemRos2/src/install/positioning/share/positioning/environment/path.sh
-- Installing: /home/jakeluo/Documents/MonitoringSystemRos2/src/install/positioning/share/positioning/environment/path.dsv
-- Installing: /home/jakeluo/Documents/MonitoringSystemRos2/src/install/positioning/share/positioning/local_setup.bash
-- Installing: /home/jakeluo/Documents/MonitoringSystemRos2/src/install/positioning/share/positioning/local_setup.sh
-- Installing: /home/jakeluo/Documents/MonitoringSystemRos2/src/install/positioning/share/positioning/local_setup.zsh
-- Installing: /home/jakeluo/Documents/MonitoringSystemRos2/src/install/positioning/share/positioning/local_setup.dsv
-- Installing: /home/jakeluo/Documents/MonitoringSystemRos2/src/install/positioning/share/positioning/package.dsv
-- Installing: /home/jakeluo/Documents/MonitoringSystemRos2/src/install/positioning/share/ament_index/resource_index/packages/positioning
-- Installing: /home/jakeluo/Documents/MonitoringSystemRos2/src/install/positioning/share/positioning/cmake/positioningConfig.cmake
-- Installing: /home/jakeluo/Documents/MonitoringSystemRos2/src/install/positioning/share/positioning/cmake/positioningConfig-version.cmake
-- Installing: /home/jakeluo/Documents/MonitoringSystemRos2/src/install/positioning/share/positioning/package.xml
