[01m[K/home/jakeluo/Documents/MonitoringSystemRos2/src/qt/src/mainwindow.cpp:[m[K In constructor ‘[01m[KMainWindow::MainWindow(QWidget*)[m[K’:
[01m[K/home/jakeluo/Documents/MonitoringSystemRos2/src/qt/src/mainwindow.cpp:6:28:[m[K [01;31m[Kerror: [m[Kno matching function for call to ‘[01m[KTwoDMovementKalmanFilter::TwoDMovementKalmanFilter()[m[K’
    6 |     , ui(new Ui::MainWindow[01;31m[K)[m[K
      |                            [01;31m[K^[m[K
In file included from [01m[K/home/jakeluo/Documents/MonitoringSystemRos2/src/qt/include/qt/mainwindow.h:35[m[K,
                 from [01m[K/home/jakeluo/Documents/MonitoringSystemRos2/src/qt/src/mainwindow.cpp:1[m[K:
[01m[K/home/jakeluo/Documents/MonitoringSystemRos2/src/qt/include/2DMovementKalmanFilter.h:8:5:[m[K [01;36m[Knote: [m[Kcandidate: ‘[01m[KTwoDMovementKalmanFilter::TwoDMovementKalmanFilter(float, int*, int, float, int)[m[K’
    8 |     [01;36m[KTwoDMovementKalmanFilter[m[K(float samplingTime,
      |     [01;36m[K^~~~~~~~~~~~~~~~~~~~~~~~[m[K
[01m[K/home/jakeluo/Documents/MonitoringSystemRos2/src/qt/include/2DMovementKalmanFilter.h:8:5:[m[K [01;36m[Knote: [m[K  candidate expects 5 arguments, 0 provided
[01m[K/home/jakeluo/Documents/MonitoringSystemRos2/src/qt/include/2DMovementKalmanFilter.h:5:7:[m[K [01;36m[Knote: [m[Kcandidate: ‘[01m[KTwoDMovementKalmanFilter::TwoDMovementKalmanFilter(const TwoDMovementKalmanFilter&)[m[K’
    5 | class [01;36m[KTwoDMovementKalmanFilter[m[K
      |       [01;36m[K^~~~~~~~~~~~~~~~~~~~~~~~[m[K
[01m[K/home/jakeluo/Documents/MonitoringSystemRos2/src/qt/include/2DMovementKalmanFilter.h:5:7:[m[K [01;36m[Knote: [m[K  candidate expects 1 argument, 0 provided
[01m[K/home/jakeluo/Documents/MonitoringSystemRos2/src/qt/src/mainwindow.cpp:6:28:[m[K [01;31m[Kerror: [m[Kno matching function for call to ‘[01m[KTwoDMovementKalmanFilter::TwoDMovementKalmanFilter()[m[K’
    6 |     , ui(new Ui::MainWindow[01;31m[K)[m[K
      |                            [01;31m[K^[m[K
In file included from [01m[K/home/jakeluo/Documents/MonitoringSystemRos2/src/qt/include/qt/mainwindow.h:35[m[K,
                 from [01m[K/home/jakeluo/Documents/MonitoringSystemRos2/src/qt/src/mainwindow.cpp:1[m[K:
[01m[K/home/jakeluo/Documents/MonitoringSystemRos2/src/qt/include/2DMovementKalmanFilter.h:8:5:[m[K [01;36m[Knote: [m[Kcandidate: ‘[01m[KTwoDMovementKalmanFilter::TwoDMovementKalmanFilter(float, int*, int, float, int)[m[K’
    8 |     [01;36m[KTwoDMovementKalmanFilter[m[K(float samplingTime,
      |     [01;36m[K^~~~~~~~~~~~~~~~~~~~~~~~[m[K
[01m[K/home/jakeluo/Documents/MonitoringSystemRos2/src/qt/include/2DMovementKalmanFilter.h:8:5:[m[K [01;36m[Knote: [m[K  candidate expects 5 arguments, 0 provided
[01m[K/home/jakeluo/Documents/MonitoringSystemRos2/src/qt/include/2DMovementKalmanFilter.h:5:7:[m[K [01;36m[Knote: [m[Kcandidate: ‘[01m[KTwoDMovementKalmanFilter::TwoDMovementKalmanFilter(const TwoDMovementKalmanFilter&)[m[K’
    5 | class [01;36m[KTwoDMovementKalmanFilter[m[K
      |       [01;36m[K^~~~~~~~~~~~~~~~~~~~~~~~[m[K
[01m[K/home/jakeluo/Documents/MonitoringSystemRos2/src/qt/include/2DMovementKalmanFilter.h:5:7:[m[K [01;36m[Knote: [m[K  candidate expects 1 argument, 0 provided
[01m[K/home/jakeluo/Documents/MonitoringSystemRos2/src/qt/src/mainwindow.cpp:10:83:[m[K [01;31m[Kerror: [m[Kno match for ‘[01m[Koperator=[m[K’ (operand types are ‘[01m[KTwoDMovementKalmanFilter[m[K’ and ‘[01m[KTwoDMovementKalmanFilter*[m[K’)
   10 |     kalmanFilter2 = new TwoDMovementKalmanFilter(1.0/24.0, location, 100, 4000, 10[01;31m[K)[m[K;
      |                                                                                   [01;31m[K^[m[K
In file included from [01m[K/home/jakeluo/Documents/MonitoringSystemRos2/src/qt/include/qt/mainwindow.h:35[m[K,
                 from [01m[K/home/jakeluo/Documents/MonitoringSystemRos2/src/qt/src/mainwindow.cpp:1[m[K:
[01m[K/home/jakeluo/Documents/MonitoringSystemRos2/src/qt/include/2DMovementKalmanFilter.h:5:7:[m[K [01;36m[Knote: [m[Kcandidate: ‘[01m[KTwoDMovementKalmanFilter& TwoDMovementKalmanFilter::operator=(const TwoDMovementKalmanFilter&)[m[K’
    5 | class [01;36m[KTwoDMovementKalmanFilter[m[K
      |       [01;36m[K^~~~~~~~~~~~~~~~~~~~~~~~[m[K
[01m[K/home/jakeluo/Documents/MonitoringSystemRos2/src/qt/include/2DMovementKalmanFilter.h:5:7:[m[K [01;36m[Knote: [m[K  no known conversion for argument 1 from ‘[01m[KTwoDMovementKalmanFilter*[m[K’ to ‘[01m[Kconst TwoDMovementKalmanFilter&[m[K’
[01m[K/home/jakeluo/Documents/MonitoringSystemRos2/src/qt/src/mainwindow.cpp:11:83:[m[K [01;31m[Kerror: [m[Kno match for ‘[01m[Koperator=[m[K’ (operand types are ‘[01m[KTwoDMovementKalmanFilter[m[K’ and ‘[01m[KTwoDMovementKalmanFilter*[m[K’)
   11 |     kalmanFilter3 = new TwoDMovementKalmanFilter(1.0/24.0, location, 100, 4000, 10[01;31m[K)[m[K;
      |                                                                                   [01;31m[K^[m[K
In file included from [01m[K/home/jakeluo/Documents/MonitoringSystemRos2/src/qt/include/qt/mainwindow.h:35[m[K,
                 from [01m[K/home/jakeluo/Documents/MonitoringSystemRos2/src/qt/src/mainwindow.cpp:1[m[K:
[01m[K/home/jakeluo/Documents/MonitoringSystemRos2/src/qt/include/2DMovementKalmanFilter.h:5:7:[m[K [01;36m[Knote: [m[Kcandidate: ‘[01m[KTwoDMovementKalmanFilter& TwoDMovementKalmanFilter::operator=(const TwoDMovementKalmanFilter&)[m[K’
    5 | class [01;36m[KTwoDMovementKalmanFilter[m[K
      |       [01;36m[K^~~~~~~~~~~~~~~~~~~~~~~~[m[K
[01m[K/home/jakeluo/Documents/MonitoringSystemRos2/src/qt/include/2DMovementKalmanFilter.h:5:7:[m[K [01;36m[Knote: [m[K  no known conversion for argument 1 from ‘[01m[KTwoDMovementKalmanFilter*[m[K’ to ‘[01m[Kconst TwoDMovementKalmanFilter&[m[K’
[01m[K/home/jakeluo/Documents/MonitoringSystemRos2/src/qt/src/mainwindow.cpp:[m[K In member function ‘[01m[Kvoid MainWindow::feedback_callback(rclcpp_action::ClientGoalHandle<droneinterfaces::action::GoPoint>::SharedPtr, std::shared_ptr<const droneinterfaces::action::GoPoint_Feedback_<std::allocator<void> > >)[m[K’:
[01m[K/home/jakeluo/Documents/MonitoringSystemRos2/src/qt/src/mainwindow.cpp:506:77:[m[K [01;35m[Kwarning: [m[Kunused parameter ‘[01m[Kfeedback[m[K’ [[01;35m[K-Wunused-parameter[m[K]
  506 |     [01;35m[Kconst std::shared_ptr<const droneinterfaces::action::GoPoint::Feedback> feedback[m[K)
      |     [01;35m[K~~~~~~~~~~~~~~~~~~~~~~~~~~~~~~~~~~~~~~~~~~~~~~~~~~~~~~~~~~~~~~~~~~~~~~~~^~~~~~~~[m[K
[01m[K/home/jakeluo/Documents/MonitoringSystemRos2/src/qt/src/mainwindow.cpp:[m[K In destructor ‘[01m[Kvirtual MainWindow::~MainWindow()[m[K’:
[01m[K/home/jakeluo/Documents/MonitoringSystemRos2/src/qt/src/mainwindow.cpp:778:12:[m[K [01;31m[Kerror: [m[K‘[01m[KkalmanFilter[m[K’ was not declared in this scope; did you mean ‘[01m[KkalmanFilter1[m[K’?
  778 |     delete [01;31m[KkalmanFilter[m[K;
      |            [01;31m[K^~~~~~~~~~~~[m[K
      |            [32m[KkalmanFilter1[m[K
[01m[K/home/jakeluo/Documents/MonitoringSystemRos2/src/qt/src/mainwindow.cpp:[m[K In member function ‘[01m[Kvoid MainWindow::frameCallback1(droneinterfaces::msg::FrameArray_<std::allocator<void> >::SharedPtr)[m[K’:
[01m[K/home/jakeluo/Documents/MonitoringSystemRos2/src/qt/src/mainwindow.cpp:959:21:[m[K [01;31m[Kerror: [m[K‘[01m[KkalmanFilter[m[K’ was not declared in this scope; did you mean ‘[01m[KkalmanFilter1[m[K’?
  959 |     predictResult = [01;31m[KkalmanFilter[m[K->predict();
      |                     [01;31m[K^~~~~~~~~~~~[m[K
      |                     [32m[KkalmanFilter1[m[K
make[2]: *** [CMakeFiles/gui.dir/build.make:93：CMakeFiles/gui.dir/src/mainwindow.cpp.o] 错误 1
make[1]: *** [CMakeFiles/Makefile2:79：CMakeFiles/gui.dir/all] 错误 2
make: *** [Makefile:141：all] 错误 2
