[0.012s] Invoking command in '/home/jakeluo/Documents/MonitoringSystemRos2/src/build/droneinterfaces': /usr/bin/cmake --build /home/jakeluo/Documents/MonitoringSystemRos2/src/build/droneinterfaces -- -j12 -l12
[0.054s] [  0%] Built target droneinterfaces__cpp
[0.057s] [ 12%] Built target droneinterfaces__rosidl_generator_c
[0.060s] [ 12%] Built target ament_cmake_python_symlink_droneinterfaces
[0.074s] [ 36%] Built target droneinterfaces__rosidl_typesupport_cpp
[0.074s] [ 36%] Built target droneinterfaces__rosidl_typesupport_introspection_cpp
[0.076s] [ 48%] Built target droneinterfaces__rosidl_typesupport_c
[0.077s] [ 70%] Built target droneinterfaces__rosidl_typesupport_fastrtps_cpp
[0.078s] [ 71%] Built target droneinterfaces__rosidl_typesupport_introspection_c
[0.101s] [ 83%] Built target droneinterfaces__rosidl_typesupport_fastrtps_c
[0.118s] [ 83%] Built target droneinterfaces
[0.136s] [ 84%] Built target droneinterfaces__py
[0.161s] [ 95%] Built target droneinterfaces__python
[0.182s] [ 99%] Built target droneinterfaces__rosidl_typesupport_introspection_c__pyext
[0.182s] [ 99%] Built target droneinterfaces__rosidl_typesupport_fastrtps_c__pyext
[0.182s] [100%] Built target droneinterfaces__rosidl_typesupport_c__pyext
[0.274s] running egg_info
[0.274s] writing droneinterfaces.egg-info/PKG-INFO
[0.274s] writing dependency_links to droneinterfaces.egg-info/dependency_links.txt
[0.275s] writing top-level names to droneinterfaces.egg-info/top_level.txt
[3.660s] writing manifest file 'droneinterfaces.egg-info/SOURCES.txt'
[3.682s] [100%] Built target ament_cmake_python_build_droneinterfaces_egg
[3.693s] Invoked command in '/home/jakeluo/Documents/MonitoringSystemRos2/src/build/droneinterfaces' returned '0': /usr/bin/cmake --build /home/jakeluo/Documents/MonitoringSystemRos2/src/build/droneinterfaces -- -j12 -l12
[3.834s] Invoking command in '/home/jakeluo/Documents/MonitoringSystemRos2/src/build/droneinterfaces': /usr/bin/cmake --install /home/jakeluo/Documents/MonitoringSystemRos2/src/build/droneinterfaces
[3.841s] -- Install configuration: "RelWithDebInfo"
[3.842s] -- Execute custom install script
[3.842s] -- Up-to-date symlink: /home/jakeluo/Documents/MonitoringSystemRos2/src/install/droneinterfaces/share/ament_index/resource_index/rosidl_interfaces/droneinterfaces
[3.844s] -- Up-to-date symlink: /home/jakeluo/Documents/MonitoringSystemRos2/src/install/droneinterfaces/include/droneinterfaces/action/detail/go_point__functions.h
[3.844s] -- Up-to-date symlink: /home/jakeluo/Documents/MonitoringSystemRos2/src/install/droneinterfaces/include/droneinterfaces/action/detail/go_point__struct.h
[3.844s] -- Up-to-date symlink: /home/jakeluo/Documents/MonitoringSystemRos2/src/install/droneinterfaces/include/droneinterfaces/action/detail/go_point__type_support.h
[3.844s] -- Up-to-date symlink: /home/jakeluo/Documents/MonitoringSystemRos2/src/install/droneinterfaces/include/droneinterfaces/action/go_point.h
[3.844s] -- Up-to-date symlink: /home/jakeluo/Documents/MonitoringSystemRos2/src/install/droneinterfaces/include/droneinterfaces/msg/detail/frame_array__functions.h
[3.845s] -- Up-to-date symlink: /home/jakeluo/Documents/MonitoringSystemRos2/src/install/droneinterfaces/include/droneinterfaces/msg/detail/frame_array__struct.h
[3.845s] -- Up-to-date symlink: /home/jakeluo/Documents/MonitoringSystemRos2/src/install/droneinterfaces/include/droneinterfaces/msg/detail/frame_array__type_support.h
[3.845s] -- Up-to-date symlink: /home/jakeluo/Documents/MonitoringSystemRos2/src/install/droneinterfaces/include/droneinterfaces/msg/detail/human_box__functions.h
[3.845s] -- Up-to-date symlink: /home/jakeluo/Documents/MonitoringSystemRos2/src/install/droneinterfaces/include/droneinterfaces/msg/detail/human_box__struct.h
[3.845s] -- Up-to-date symlink: /home/jakeluo/Documents/MonitoringSystemRos2/src/install/droneinterfaces/include/droneinterfaces/msg/detail/human_box__type_support.h
[3.845s] -- Up-to-date symlink: /home/jakeluo/Documents/MonitoringSystemRos2/src/install/droneinterfaces/include/droneinterfaces/msg/detail/human_pose_coor__functions.h
[3.845s] -- Up-to-date symlink: /home/jakeluo/Documents/MonitoringSystemRos2/src/install/droneinterfaces/include/droneinterfaces/msg/detail/human_pose_coor__struct.h
[3.845s] -- Up-to-date symlink: /home/jakeluo/Documents/MonitoringSystemRos2/src/install/droneinterfaces/include/droneinterfaces/msg/detail/human_pose_coor__type_support.h
[3.846s] -- Up-to-date symlink: /home/jakeluo/Documents/MonitoringSystemRos2/src/install/droneinterfaces/include/droneinterfaces/msg/detail/position_array__functions.h
[3.846s] -- Up-to-date symlink: /home/jakeluo/Documents/MonitoringSystemRos2/src/install/droneinterfaces/include/droneinterfaces/msg/detail/position_array__struct.h
[3.846s] -- Up-to-date symlink: /home/jakeluo/Documents/MonitoringSystemRos2/src/install/droneinterfaces/include/droneinterfaces/msg/detail/position_array__type_support.h
[3.846s] -- Up-to-date symlink: /home/jakeluo/Documents/MonitoringSystemRos2/src/install/droneinterfaces/include/droneinterfaces/msg/detail/target_location__functions.h
[3.846s] -- Up-to-date symlink: /home/jakeluo/Documents/MonitoringSystemRos2/src/install/droneinterfaces/include/droneinterfaces/msg/detail/target_location__struct.h
[3.847s] -- Up-to-date symlink: /home/jakeluo/Documents/MonitoringSystemRos2/src/install/droneinterfaces/include/droneinterfaces/msg/detail/target_location__type_support.h
[3.847s] -- Up-to-date symlink: /home/jakeluo/Documents/MonitoringSystemRos2/src/install/droneinterfaces/include/droneinterfaces/msg/frame_array.h
[3.847s] -- Up-to-date symlink: /home/jakeluo/Documents/MonitoringSystemRos2/src/install/droneinterfaces/include/droneinterfaces/msg/human_box.h
[3.847s] -- Up-to-date symlink: /home/jakeluo/Documents/MonitoringSystemRos2/src/install/droneinterfaces/include/droneinterfaces/msg/human_pose_coor.h
[3.847s] -- Up-to-date symlink: /home/jakeluo/Documents/MonitoringSystemRos2/src/install/droneinterfaces/include/droneinterfaces/msg/position_array.h
[3.847s] -- Up-to-date symlink: /home/jakeluo/Documents/MonitoringSystemRos2/src/install/droneinterfaces/include/droneinterfaces/msg/rosidl_generator_c__visibility_control.h
[3.848s] -- Up-to-date symlink: /home/jakeluo/Documents/MonitoringSystemRos2/src/install/droneinterfaces/include/droneinterfaces/msg/target_location.h
[3.848s] -- Up-to-date symlink: /home/jakeluo/Documents/MonitoringSystemRos2/src/install/droneinterfaces/include/droneinterfaces/srv/detail/drone_controller__functions.h
[3.848s] -- Up-to-date symlink: /home/jakeluo/Documents/MonitoringSystemRos2/src/install/droneinterfaces/include/droneinterfaces/srv/detail/drone_controller__struct.h
[3.848s] -- Up-to-date symlink: /home/jakeluo/Documents/MonitoringSystemRos2/src/install/droneinterfaces/include/droneinterfaces/srv/detail/drone_controller__type_support.h
[3.848s] -- Up-to-date symlink: /home/jakeluo/Documents/MonitoringSystemRos2/src/install/droneinterfaces/include/droneinterfaces/srv/detail/drone_map__functions.h
[3.848s] -- Up-to-date symlink: /home/jakeluo/Documents/MonitoringSystemRos2/src/install/droneinterfaces/include/droneinterfaces/srv/detail/drone_map__struct.h
[3.848s] -- Up-to-date symlink: /home/jakeluo/Documents/MonitoringSystemRos2/src/install/droneinterfaces/include/droneinterfaces/srv/detail/drone_map__type_support.h
[3.848s] -- Up-to-date symlink: /home/jakeluo/Documents/MonitoringSystemRos2/src/install/droneinterfaces/include/droneinterfaces/srv/detail/drone_pool_status__functions.h
[3.849s] -- Up-to-date symlink: /home/jakeluo/Documents/MonitoringSystemRos2/src/install/droneinterfaces/include/droneinterfaces/srv/detail/drone_pool_status__struct.h
[3.849s] -- Up-to-date symlink: /home/jakeluo/Documents/MonitoringSystemRos2/src/install/droneinterfaces/include/droneinterfaces/srv/detail/drone_pool_status__type_support.h
[3.849s] -- Up-to-date symlink: /home/jakeluo/Documents/MonitoringSystemRos2/src/install/droneinterfaces/include/droneinterfaces/srv/detail/drone_register__functions.h
[3.849s] -- Up-to-date symlink: /home/jakeluo/Documents/MonitoringSystemRos2/src/install/droneinterfaces/include/droneinterfaces/srv/detail/drone_register__struct.h
[3.849s] -- Up-to-date symlink: /home/jakeluo/Documents/MonitoringSystemRos2/src/install/droneinterfaces/include/droneinterfaces/srv/detail/drone_register__type_support.h
[3.849s] -- Up-to-date symlink: /home/jakeluo/Documents/MonitoringSystemRos2/src/install/droneinterfaces/include/droneinterfaces/srv/detail/drone_shut_down__functions.h
[3.850s] -- Up-to-date symlink: /home/jakeluo/Documents/MonitoringSystemRos2/src/install/droneinterfaces/include/droneinterfaces/srv/detail/drone_shut_down__struct.h
[3.850s] -- Up-to-date symlink: /home/jakeluo/Documents/MonitoringSystemRos2/src/install/droneinterfaces/include/droneinterfaces/srv/detail/drone_shut_down__type_support.h
[3.850s] -- Up-to-date symlink: /home/jakeluo/Documents/MonitoringSystemRos2/src/install/droneinterfaces/include/droneinterfaces/srv/detail/drone_slam__functions.h
[3.850s] -- Up-to-date symlink: /home/jakeluo/Documents/MonitoringSystemRos2/src/install/droneinterfaces/include/droneinterfaces/srv/detail/drone_slam__struct.h
[3.850s] -- Up-to-date symlink: /home/jakeluo/Documents/MonitoringSystemRos2/src/install/droneinterfaces/include/droneinterfaces/srv/detail/drone_slam__type_support.h
[3.850s] -- Up-to-date symlink: /home/jakeluo/Documents/MonitoringSystemRos2/src/install/droneinterfaces/include/droneinterfaces/srv/detail/go_to_point__functions.h
[3.851s] -- Up-to-date symlink: /home/jakeluo/Documents/MonitoringSystemRos2/src/install/droneinterfaces/include/droneinterfaces/srv/detail/go_to_point__struct.h
[3.851s] -- Up-to-date symlink: /home/jakeluo/Documents/MonitoringSystemRos2/src/install/droneinterfaces/include/droneinterfaces/srv/detail/go_to_point__type_support.h
[3.851s] -- Up-to-date symlink: /home/jakeluo/Documents/MonitoringSystemRos2/src/install/droneinterfaces/include/droneinterfaces/srv/drone_controller.h
[3.851s] -- Up-to-date symlink: /home/jakeluo/Documents/MonitoringSystemRos2/src/install/droneinterfaces/include/droneinterfaces/srv/drone_map.h
[3.851s] -- Up-to-date symlink: /home/jakeluo/Documents/MonitoringSystemRos2/src/install/droneinterfaces/include/droneinterfaces/srv/drone_pool_status.h
[3.851s] -- Up-to-date symlink: /home/jakeluo/Documents/MonitoringSystemRos2/src/install/droneinterfaces/include/droneinterfaces/srv/drone_register.h
[3.851s] -- Up-to-date symlink: /home/jakeluo/Documents/MonitoringSystemRos2/src/install/droneinterfaces/include/droneinterfaces/srv/drone_shut_down.h
[3.851s] -- Up-to-date symlink: /home/jakeluo/Documents/MonitoringSystemRos2/src/install/droneinterfaces/include/droneinterfaces/srv/drone_slam.h
[3.852s] -- Up-to-date symlink: /home/jakeluo/Documents/MonitoringSystemRos2/src/install/droneinterfaces/include/droneinterfaces/srv/go_to_point.h
[3.852s] -- Up-to-date symlink: /home/jakeluo/Documents/MonitoringSystemRos2/src/install/droneinterfaces/share/droneinterfaces/environment/library_path.sh
[3.852s] -- Up-to-date symlink: /home/jakeluo/Documents/MonitoringSystemRos2/src/install/droneinterfaces/share/droneinterfaces/environment/library_path.dsv
[3.853s] -- Up-to-date symlink: /home/jakeluo/Documents/MonitoringSystemRos2/src/install/droneinterfaces/include/droneinterfaces/action/detail/go_point__rosidl_typesupport_introspection_c.h
[3.853s] -- Up-to-date symlink: /home/jakeluo/Documents/MonitoringSystemRos2/src/install/droneinterfaces/include/droneinterfaces/msg/detail/frame_array__rosidl_typesupport_introspection_c.h
[3.853s] -- Up-to-date symlink: /home/jakeluo/Documents/MonitoringSystemRos2/src/install/droneinterfaces/include/droneinterfaces/msg/detail/human_box__rosidl_typesupport_introspection_c.h
[3.853s] -- Up-to-date symlink: /home/jakeluo/Documents/MonitoringSystemRos2/src/install/droneinterfaces/include/droneinterfaces/msg/detail/human_pose_coor__rosidl_typesupport_introspection_c.h
[3.853s] -- Up-to-date symlink: /home/jakeluo/Documents/MonitoringSystemRos2/src/install/droneinterfaces/include/droneinterfaces/msg/detail/position_array__rosidl_typesupport_introspection_c.h
[3.854s] -- Up-to-date symlink: /home/jakeluo/Documents/MonitoringSystemRos2/src/install/droneinterfaces/include/droneinterfaces/msg/detail/target_location__rosidl_typesupport_introspection_c.h
[3.854s] -- Up-to-date symlink: /home/jakeluo/Documents/MonitoringSystemRos2/src/install/droneinterfaces/include/droneinterfaces/msg/rosidl_typesupport_introspection_c__visibility_control.h
[3.854s] -- Up-to-date symlink: /home/jakeluo/Documents/MonitoringSystemRos2/src/install/droneinterfaces/include/droneinterfaces/srv/detail/drone_controller__rosidl_typesupport_introspection_c.h
[3.854s] -- Up-to-date symlink: /home/jakeluo/Documents/MonitoringSystemRos2/src/install/droneinterfaces/include/droneinterfaces/srv/detail/drone_map__rosidl_typesupport_introspection_c.h
[3.854s] -- Up-to-date symlink: /home/jakeluo/Documents/MonitoringSystemRos2/src/install/droneinterfaces/include/droneinterfaces/srv/detail/drone_pool_status__rosidl_typesupport_introspection_c.h
[3.854s] -- Up-to-date symlink: /home/jakeluo/Documents/MonitoringSystemRos2/src/install/droneinterfaces/include/droneinterfaces/srv/detail/drone_register__rosidl_typesupport_introspection_c.h
[3.854s] -- Up-to-date symlink: /home/jakeluo/Documents/MonitoringSystemRos2/src/install/droneinterfaces/include/droneinterfaces/srv/detail/drone_shut_down__rosidl_typesupport_introspection_c.h
[3.855s] -- Up-to-date symlink: /home/jakeluo/Documents/MonitoringSystemRos2/src/install/droneinterfaces/include/droneinterfaces/srv/detail/drone_slam__rosidl_typesupport_introspection_c.h
[3.855s] -- Up-to-date symlink: /home/jakeluo/Documents/MonitoringSystemRos2/src/install/droneinterfaces/include/droneinterfaces/srv/detail/go_to_point__rosidl_typesupport_introspection_c.h
[3.856s] -- Up-to-date symlink: /home/jakeluo/Documents/MonitoringSystemRos2/src/install/droneinterfaces/include/droneinterfaces/action/detail/go_point__rosidl_typesupport_fastrtps_c.h
[3.856s] -- Up-to-date symlink: /home/jakeluo/Documents/MonitoringSystemRos2/src/install/droneinterfaces/include/droneinterfaces/msg/detail/frame_array__rosidl_typesupport_fastrtps_c.h
[3.856s] -- Up-to-date symlink: /home/jakeluo/Documents/MonitoringSystemRos2/src/install/droneinterfaces/include/droneinterfaces/msg/detail/human_box__rosidl_typesupport_fastrtps_c.h
[3.856s] -- Up-to-date symlink: /home/jakeluo/Documents/MonitoringSystemRos2/src/install/droneinterfaces/include/droneinterfaces/msg/detail/human_pose_coor__rosidl_typesupport_fastrtps_c.h
[3.856s] -- Up-to-date symlink: /home/jakeluo/Documents/MonitoringSystemRos2/src/install/droneinterfaces/include/droneinterfaces/msg/detail/position_array__rosidl_typesupport_fastrtps_c.h
[3.856s] -- Up-to-date symlink: /home/jakeluo/Documents/MonitoringSystemRos2/src/install/droneinterfaces/include/droneinterfaces/msg/detail/target_location__rosidl_typesupport_fastrtps_c.h
[3.857s] -- Up-to-date symlink: /home/jakeluo/Documents/MonitoringSystemRos2/src/install/droneinterfaces/include/droneinterfaces/msg/rosidl_typesupport_fastrtps_c__visibility_control.h
[3.857s] -- Up-to-date symlink: /home/jakeluo/Documents/MonitoringSystemRos2/src/install/droneinterfaces/include/droneinterfaces/srv/detail/drone_controller__rosidl_typesupport_fastrtps_c.h
[3.857s] -- Up-to-date symlink: /home/jakeluo/Documents/MonitoringSystemRos2/src/install/droneinterfaces/include/droneinterfaces/srv/detail/drone_map__rosidl_typesupport_fastrtps_c.h
[3.857s] -- Up-to-date symlink: /home/jakeluo/Documents/MonitoringSystemRos2/src/install/droneinterfaces/include/droneinterfaces/srv/detail/drone_pool_status__rosidl_typesupport_fastrtps_c.h
[3.857s] -- Up-to-date symlink: /home/jakeluo/Documents/MonitoringSystemRos2/src/install/droneinterfaces/include/droneinterfaces/srv/detail/drone_register__rosidl_typesupport_fastrtps_c.h
[3.857s] -- Up-to-date symlink: /home/jakeluo/Documents/MonitoringSystemRos2/src/install/droneinterfaces/include/droneinterfaces/srv/detail/drone_shut_down__rosidl_typesupport_fastrtps_c.h
[3.857s] -- Up-to-date symlink: /home/jakeluo/Documents/MonitoringSystemRos2/src/install/droneinterfaces/include/droneinterfaces/srv/detail/drone_slam__rosidl_typesupport_fastrtps_c.h
[3.858s] -- Up-to-date symlink: /home/jakeluo/Documents/MonitoringSystemRos2/src/install/droneinterfaces/include/droneinterfaces/srv/detail/go_to_point__rosidl_typesupport_fastrtps_c.h
[3.858s] -- Up-to-date symlink: /home/jakeluo/Documents/MonitoringSystemRos2/src/install/droneinterfaces/lib/libdroneinterfaces__rosidl_typesupport_fastrtps_c.so
[3.859s] -- Up-to-date symlink: /home/jakeluo/Documents/MonitoringSystemRos2/src/install/droneinterfaces/include/droneinterfaces/action/detail/go_point__rosidl_typesupport_fastrtps_cpp.hpp
[3.859s] -- Up-to-date symlink: /home/jakeluo/Documents/MonitoringSystemRos2/src/install/droneinterfaces/include/droneinterfaces/msg/detail/frame_array__rosidl_typesupport_fastrtps_cpp.hpp
[3.859s] -- Up-to-date symlink: /home/jakeluo/Documents/MonitoringSystemRos2/src/install/droneinterfaces/include/droneinterfaces/msg/detail/human_box__rosidl_typesupport_fastrtps_cpp.hpp
[3.859s] -- Up-to-date symlink: /home/jakeluo/Documents/MonitoringSystemRos2/src/install/droneinterfaces/include/droneinterfaces/msg/detail/human_pose_coor__rosidl_typesupport_fastrtps_cpp.hpp
[3.859s] -- Up-to-date symlink: /home/jakeluo/Documents/MonitoringSystemRos2/src/install/droneinterfaces/include/droneinterfaces/msg/detail/position_array__rosidl_typesupport_fastrtps_cpp.hpp
[3.860s] -- Up-to-date symlink: /home/jakeluo/Documents/MonitoringSystemRos2/src/install/droneinterfaces/include/droneinterfaces/msg/detail/target_location__rosidl_typesupport_fastrtps_cpp.hpp
[3.860s] -- Up-to-date symlink: /home/jakeluo/Documents/MonitoringSystemRos2/src/install/droneinterfaces/include/droneinterfaces/msg/rosidl_typesupport_fastrtps_cpp__visibility_control.h
[3.860s] -- Up-to-date symlink: /home/jakeluo/Documents/MonitoringSystemRos2/src/install/droneinterfaces/include/droneinterfaces/srv/detail/drone_controller__rosidl_typesupport_fastrtps_cpp.hpp
[3.860s] -- Up-to-date symlink: /home/jakeluo/Documents/MonitoringSystemRos2/src/install/droneinterfaces/include/droneinterfaces/srv/detail/drone_map__rosidl_typesupport_fastrtps_cpp.hpp
[3.860s] -- Up-to-date symlink: /home/jakeluo/Documents/MonitoringSystemRos2/src/install/droneinterfaces/include/droneinterfaces/srv/detail/drone_pool_status__rosidl_typesupport_fastrtps_cpp.hpp
[3.860s] -- Up-to-date symlink: /home/jakeluo/Documents/MonitoringSystemRos2/src/install/droneinterfaces/include/droneinterfaces/srv/detail/drone_register__rosidl_typesupport_fastrtps_cpp.hpp
[3.861s] -- Up-to-date symlink: /home/jakeluo/Documents/MonitoringSystemRos2/src/install/droneinterfaces/include/droneinterfaces/srv/detail/drone_shut_down__rosidl_typesupport_fastrtps_cpp.hpp
[3.861s] -- Up-to-date symlink: /home/jakeluo/Documents/MonitoringSystemRos2/src/install/droneinterfaces/include/droneinterfaces/srv/detail/drone_slam__rosidl_typesupport_fastrtps_cpp.hpp
[3.861s] -- Up-to-date symlink: /home/jakeluo/Documents/MonitoringSystemRos2/src/install/droneinterfaces/include/droneinterfaces/srv/detail/go_to_point__rosidl_typesupport_fastrtps_cpp.hpp
[3.861s] -- Up-to-date symlink: /home/jakeluo/Documents/MonitoringSystemRos2/src/install/droneinterfaces/lib/libdroneinterfaces__rosidl_typesupport_fastrtps_cpp.so
[3.862s] -- Up-to-date symlink: /home/jakeluo/Documents/MonitoringSystemRos2/src/install/droneinterfaces/include/droneinterfaces/action/detail/go_point__builder.hpp
[3.862s] -- Up-to-date symlink: /home/jakeluo/Documents/MonitoringSystemRos2/src/install/droneinterfaces/include/droneinterfaces/action/detail/go_point__struct.hpp
[3.862s] -- Up-to-date symlink: /home/jakeluo/Documents/MonitoringSystemRos2/src/install/droneinterfaces/include/droneinterfaces/action/detail/go_point__traits.hpp
[3.862s] -- Up-to-date symlink: /home/jakeluo/Documents/MonitoringSystemRos2/src/install/droneinterfaces/include/droneinterfaces/action/go_point.hpp
[3.863s] -- Up-to-date symlink: /home/jakeluo/Documents/MonitoringSystemRos2/src/install/droneinterfaces/include/droneinterfaces/msg/detail/frame_array__builder.hpp
[3.863s] -- Up-to-date symlink: /home/jakeluo/Documents/MonitoringSystemRos2/src/install/droneinterfaces/include/droneinterfaces/msg/detail/frame_array__struct.hpp
[3.863s] -- Up-to-date symlink: /home/jakeluo/Documents/MonitoringSystemRos2/src/install/droneinterfaces/include/droneinterfaces/msg/detail/frame_array__traits.hpp
[3.863s] -- Up-to-date symlink: /home/jakeluo/Documents/MonitoringSystemRos2/src/install/droneinterfaces/include/droneinterfaces/msg/detail/human_box__builder.hpp
[3.863s] -- Up-to-date symlink: /home/jakeluo/Documents/MonitoringSystemRos2/src/install/droneinterfaces/include/droneinterfaces/msg/detail/human_box__struct.hpp
[3.863s] -- Up-to-date symlink: /home/jakeluo/Documents/MonitoringSystemRos2/src/install/droneinterfaces/include/droneinterfaces/msg/detail/human_box__traits.hpp
[3.863s] -- Up-to-date symlink: /home/jakeluo/Documents/MonitoringSystemRos2/src/install/droneinterfaces/include/droneinterfaces/msg/detail/human_pose_coor__builder.hpp
[3.864s] -- Up-to-date symlink: /home/jakeluo/Documents/MonitoringSystemRos2/src/install/droneinterfaces/include/droneinterfaces/msg/detail/human_pose_coor__struct.hpp
[3.864s] -- Up-to-date symlink: /home/jakeluo/Documents/MonitoringSystemRos2/src/install/droneinterfaces/include/droneinterfaces/msg/detail/human_pose_coor__traits.hpp
[3.864s] -- Up-to-date symlink: /home/jakeluo/Documents/MonitoringSystemRos2/src/install/droneinterfaces/include/droneinterfaces/msg/detail/position_array__builder.hpp
[3.864s] -- Up-to-date symlink: /home/jakeluo/Documents/MonitoringSystemRos2/src/install/droneinterfaces/include/droneinterfaces/msg/detail/position_array__struct.hpp
[3.864s] -- Up-to-date symlink: /home/jakeluo/Documents/MonitoringSystemRos2/src/install/droneinterfaces/include/droneinterfaces/msg/detail/position_array__traits.hpp
[3.864s] -- Up-to-date symlink: /home/jakeluo/Documents/MonitoringSystemRos2/src/install/droneinterfaces/include/droneinterfaces/msg/detail/target_location__builder.hpp
[3.864s] -- Up-to-date symlink: /home/jakeluo/Documents/MonitoringSystemRos2/src/install/droneinterfaces/include/droneinterfaces/msg/detail/target_location__struct.hpp
[3.865s] -- Up-to-date symlink: /home/jakeluo/Documents/MonitoringSystemRos2/src/install/droneinterfaces/include/droneinterfaces/msg/detail/target_location__traits.hpp
[3.865s] -- Up-to-date symlink: /home/jakeluo/Documents/MonitoringSystemRos2/src/install/droneinterfaces/include/droneinterfaces/msg/frame_array.hpp
[3.865s] -- Up-to-date symlink: /home/jakeluo/Documents/MonitoringSystemRos2/src/install/droneinterfaces/include/droneinterfaces/msg/human_box.hpp
[3.865s] -- Up-to-date symlink: /home/jakeluo/Documents/MonitoringSystemRos2/src/install/droneinterfaces/include/droneinterfaces/msg/human_pose_coor.hpp
[3.865s] -- Up-to-date symlink: /home/jakeluo/Documents/MonitoringSystemRos2/src/install/droneinterfaces/include/droneinterfaces/msg/position_array.hpp
[3.865s] -- Up-to-date symlink: /home/jakeluo/Documents/MonitoringSystemRos2/src/install/droneinterfaces/include/droneinterfaces/msg/target_location.hpp
[3.866s] -- Up-to-date symlink: /home/jakeluo/Documents/MonitoringSystemRos2/src/install/droneinterfaces/include/droneinterfaces/srv/detail/drone_controller__builder.hpp
[3.866s] -- Up-to-date symlink: /home/jakeluo/Documents/MonitoringSystemRos2/src/install/droneinterfaces/include/droneinterfaces/srv/detail/drone_controller__struct.hpp
[3.866s] -- Up-to-date symlink: /home/jakeluo/Documents/MonitoringSystemRos2/src/install/droneinterfaces/include/droneinterfaces/srv/detail/drone_controller__traits.hpp
[3.866s] -- Up-to-date symlink: /home/jakeluo/Documents/MonitoringSystemRos2/src/install/droneinterfaces/include/droneinterfaces/srv/detail/drone_map__builder.hpp
[3.866s] -- Up-to-date symlink: /home/jakeluo/Documents/MonitoringSystemRos2/src/install/droneinterfaces/include/droneinterfaces/srv/detail/drone_map__struct.hpp
[3.866s] -- Up-to-date symlink: /home/jakeluo/Documents/MonitoringSystemRos2/src/install/droneinterfaces/include/droneinterfaces/srv/detail/drone_map__traits.hpp
[3.867s] -- Up-to-date symlink: /home/jakeluo/Documents/MonitoringSystemRos2/src/install/droneinterfaces/include/droneinterfaces/srv/detail/drone_pool_status__builder.hpp
[3.867s] -- Up-to-date symlink: /home/jakeluo/Documents/MonitoringSystemRos2/src/install/droneinterfaces/include/droneinterfaces/srv/detail/drone_pool_status__struct.hpp
[3.867s] -- Up-to-date symlink: /home/jakeluo/Documents/MonitoringSystemRos2/src/install/droneinterfaces/include/droneinterfaces/srv/detail/drone_pool_status__traits.hpp
[3.867s] -- Up-to-date symlink: /home/jakeluo/Documents/MonitoringSystemRos2/src/install/droneinterfaces/include/droneinterfaces/srv/detail/drone_register__builder.hpp
[3.867s] -- Up-to-date symlink: /home/jakeluo/Documents/MonitoringSystemRos2/src/install/droneinterfaces/include/droneinterfaces/srv/detail/drone_register__struct.hpp
[3.867s] -- Up-to-date symlink: /home/jakeluo/Documents/MonitoringSystemRos2/src/install/droneinterfaces/include/droneinterfaces/srv/detail/drone_register__traits.hpp
[3.867s] -- Up-to-date symlink: /home/jakeluo/Documents/MonitoringSystemRos2/src/install/droneinterfaces/include/droneinterfaces/srv/detail/drone_shut_down__builder.hpp
[3.868s] -- Up-to-date symlink: /home/jakeluo/Documents/MonitoringSystemRos2/src/install/droneinterfaces/include/droneinterfaces/srv/detail/drone_shut_down__struct.hpp
[3.868s] -- Up-to-date symlink: /home/jakeluo/Documents/MonitoringSystemRos2/src/install/droneinterfaces/include/droneinterfaces/srv/detail/drone_shut_down__traits.hpp
[3.868s] -- Up-to-date symlink: /home/jakeluo/Documents/MonitoringSystemRos2/src/install/droneinterfaces/include/droneinterfaces/srv/detail/drone_slam__builder.hpp
[3.868s] -- Up-to-date symlink: /home/jakeluo/Documents/MonitoringSystemRos2/src/install/droneinterfaces/include/droneinterfaces/srv/detail/drone_slam__struct.hpp
[3.868s] -- Up-to-date symlink: /home/jakeluo/Documents/MonitoringSystemRos2/src/install/droneinterfaces/include/droneinterfaces/srv/detail/drone_slam__traits.hpp
[3.868s] -- Up-to-date symlink: /home/jakeluo/Documents/MonitoringSystemRos2/src/install/droneinterfaces/include/droneinterfaces/srv/detail/go_to_point__builder.hpp
[3.868s] -- Up-to-date symlink: /home/jakeluo/Documents/MonitoringSystemRos2/src/install/droneinterfaces/include/droneinterfaces/srv/detail/go_to_point__struct.hpp
[3.869s] -- Up-to-date symlink: /home/jakeluo/Documents/MonitoringSystemRos2/src/install/droneinterfaces/include/droneinterfaces/srv/detail/go_to_point__traits.hpp
[3.869s] -- Up-to-date symlink: /home/jakeluo/Documents/MonitoringSystemRos2/src/install/droneinterfaces/include/droneinterfaces/srv/drone_controller.hpp
[3.869s] -- Up-to-date symlink: /home/jakeluo/Documents/MonitoringSystemRos2/src/install/droneinterfaces/include/droneinterfaces/srv/drone_map.hpp
[3.869s] -- Up-to-date symlink: /home/jakeluo/Documents/MonitoringSystemRos2/src/install/droneinterfaces/include/droneinterfaces/srv/drone_pool_status.hpp
[3.869s] -- Up-to-date symlink: /home/jakeluo/Documents/MonitoringSystemRos2/src/install/droneinterfaces/include/droneinterfaces/srv/drone_register.hpp
[3.869s] -- Up-to-date symlink: /home/jakeluo/Documents/MonitoringSystemRos2/src/install/droneinterfaces/include/droneinterfaces/srv/drone_shut_down.hpp
[3.869s] -- Up-to-date symlink: /home/jakeluo/Documents/MonitoringSystemRos2/src/install/droneinterfaces/include/droneinterfaces/srv/drone_slam.hpp
[3.870s] -- Up-to-date symlink: /home/jakeluo/Documents/MonitoringSystemRos2/src/install/droneinterfaces/include/droneinterfaces/srv/go_to_point.hpp
[3.870s] -- Up-to-date symlink: /home/jakeluo/Documents/MonitoringSystemRos2/src/install/droneinterfaces/include/droneinterfaces/action/detail/go_point__rosidl_typesupport_introspection_cpp.hpp
[3.870s] -- Up-to-date symlink: /home/jakeluo/Documents/MonitoringSystemRos2/src/install/droneinterfaces/include/droneinterfaces/msg/detail/frame_array__rosidl_typesupport_introspection_cpp.hpp
[3.870s] -- Up-to-date symlink: /home/jakeluo/Documents/MonitoringSystemRos2/src/install/droneinterfaces/include/droneinterfaces/msg/detail/human_box__rosidl_typesupport_introspection_cpp.hpp
[3.871s] -- Up-to-date symlink: /home/jakeluo/Documents/MonitoringSystemRos2/src/install/droneinterfaces/include/droneinterfaces/msg/detail/human_pose_coor__rosidl_typesupport_introspection_cpp.hpp
[3.871s] -- Up-to-date symlink: /home/jakeluo/Documents/MonitoringSystemRos2/src/install/droneinterfaces/include/droneinterfaces/msg/detail/position_array__rosidl_typesupport_introspection_cpp.hpp
[3.871s] -- Up-to-date symlink: /home/jakeluo/Documents/MonitoringSystemRos2/src/install/droneinterfaces/include/droneinterfaces/msg/detail/target_location__rosidl_typesupport_introspection_cpp.hpp
[3.871s] -- Up-to-date symlink: /home/jakeluo/Documents/MonitoringSystemRos2/src/install/droneinterfaces/include/droneinterfaces/srv/detail/drone_controller__rosidl_typesupport_introspection_cpp.hpp
[3.871s] -- Up-to-date symlink: /home/jakeluo/Documents/MonitoringSystemRos2/src/install/droneinterfaces/include/droneinterfaces/srv/detail/drone_map__rosidl_typesupport_introspection_cpp.hpp
[3.871s] -- Up-to-date symlink: /home/jakeluo/Documents/MonitoringSystemRos2/src/install/droneinterfaces/include/droneinterfaces/srv/detail/drone_pool_status__rosidl_typesupport_introspection_cpp.hpp
[3.871s] -- Up-to-date symlink: /home/jakeluo/Documents/MonitoringSystemRos2/src/install/droneinterfaces/include/droneinterfaces/srv/detail/drone_register__rosidl_typesupport_introspection_cpp.hpp
[3.872s] -- Up-to-date symlink: /home/jakeluo/Documents/MonitoringSystemRos2/src/install/droneinterfaces/include/droneinterfaces/srv/detail/drone_shut_down__rosidl_typesupport_introspection_cpp.hpp
[3.872s] -- Up-to-date symlink: /home/jakeluo/Documents/MonitoringSystemRos2/src/install/droneinterfaces/include/droneinterfaces/srv/detail/drone_slam__rosidl_typesupport_introspection_cpp.hpp
[3.872s] -- Up-to-date symlink: /home/jakeluo/Documents/MonitoringSystemRos2/src/install/droneinterfaces/include/droneinterfaces/srv/detail/go_to_point__rosidl_typesupport_introspection_cpp.hpp
[3.872s] -- Up-to-date symlink: /home/jakeluo/Documents/MonitoringSystemRos2/src/install/droneinterfaces/share/droneinterfaces/environment/pythonpath.sh
[3.872s] -- Up-to-date symlink: /home/jakeluo/Documents/MonitoringSystemRos2/src/install/droneinterfaces/share/droneinterfaces/environment/pythonpath.dsv
[3.873s] -- Up-to-date symlink: /home/jakeluo/Documents/MonitoringSystemRos2/src/install/droneinterfaces/lib/python3.8/site-packages/droneinterfaces-0.0.0-py3.8.egg-info/PKG-INFO
[3.873s] -- Up-to-date symlink: /home/jakeluo/Documents/MonitoringSystemRos2/src/install/droneinterfaces/lib/python3.8/site-packages/droneinterfaces-0.0.0-py3.8.egg-info/SOURCES.txt
[3.873s] -- Up-to-date symlink: /home/jakeluo/Documents/MonitoringSystemRos2/src/install/droneinterfaces/lib/python3.8/site-packages/droneinterfaces-0.0.0-py3.8.egg-info/dependency_links.txt
[3.873s] -- Up-to-date symlink: /home/jakeluo/Documents/MonitoringSystemRos2/src/install/droneinterfaces/lib/python3.8/site-packages/droneinterfaces-0.0.0-py3.8.egg-info/top_level.txt
[3.875s] -- Up-to-date symlink: /home/jakeluo/Documents/MonitoringSystemRos2/src/install/droneinterfaces/lib/python3.8/site-packages/droneinterfaces/__init__.py
[3.875s] -- Up-to-date symlink: /home/jakeluo/Documents/MonitoringSystemRos2/src/install/droneinterfaces/lib/python3.8/site-packages/droneinterfaces/_droneinterfaces_s.ep.rosidl_typesupport_c.c
[3.875s] -- Up-to-date symlink: /home/jakeluo/Documents/MonitoringSystemRos2/src/install/droneinterfaces/lib/python3.8/site-packages/droneinterfaces/_droneinterfaces_s.ep.rosidl_typesupport_fastrtps_c.c
[3.875s] -- Up-to-date symlink: /home/jakeluo/Documents/MonitoringSystemRos2/src/install/droneinterfaces/lib/python3.8/site-packages/droneinterfaces/_droneinterfaces_s.ep.rosidl_typesupport_introspection_c.c
[3.875s] -- Up-to-date symlink: /home/jakeluo/Documents/MonitoringSystemRos2/src/install/droneinterfaces/lib/python3.8/site-packages/droneinterfaces/action/__init__.py
[3.876s] -- Up-to-date symlink: /home/jakeluo/Documents/MonitoringSystemRos2/src/install/droneinterfaces/lib/python3.8/site-packages/droneinterfaces/action/_go_point.py
[3.876s] -- Up-to-date symlink: /home/jakeluo/Documents/MonitoringSystemRos2/src/install/droneinterfaces/lib/python3.8/site-packages/droneinterfaces/action/_go_point_s.c
[3.876s] -- Up-to-date symlink: /home/jakeluo/Documents/MonitoringSystemRos2/src/install/droneinterfaces/lib/python3.8/site-packages/droneinterfaces/droneinterfaces_s__rosidl_typesupport_c.cpython-38-x86_64-linux-gnu.so
[3.876s] -- Up-to-date symlink: /home/jakeluo/Documents/MonitoringSystemRos2/src/install/droneinterfaces/lib/python3.8/site-packages/droneinterfaces/droneinterfaces_s__rosidl_typesupport_fastrtps_c.cpython-38-x86_64-linux-gnu.so
[3.876s] -- Up-to-date symlink: /home/jakeluo/Documents/MonitoringSystemRos2/src/install/droneinterfaces/lib/python3.8/site-packages/droneinterfaces/droneinterfaces_s__rosidl_typesupport_introspection_c.cpython-38-x86_64-linux-gnu.so
[3.876s] -- Up-to-date symlink: /home/jakeluo/Documents/MonitoringSystemRos2/src/install/droneinterfaces/lib/python3.8/site-packages/droneinterfaces/libdroneinterfaces__python.so
[3.877s] -- Up-to-date symlink: /home/jakeluo/Documents/MonitoringSystemRos2/src/install/droneinterfaces/lib/python3.8/site-packages/droneinterfaces/msg/__init__.py
[3.877s] -- Up-to-date symlink: /home/jakeluo/Documents/MonitoringSystemRos2/src/install/droneinterfaces/lib/python3.8/site-packages/droneinterfaces/msg/_frame_array.py
[3.877s] -- Up-to-date symlink: /home/jakeluo/Documents/MonitoringSystemRos2/src/install/droneinterfaces/lib/python3.8/site-packages/droneinterfaces/msg/_frame_array_s.c
[3.877s] -- Up-to-date symlink: /home/jakeluo/Documents/MonitoringSystemRos2/src/install/droneinterfaces/lib/python3.8/site-packages/droneinterfaces/msg/_human_box.py
[3.877s] -- Up-to-date symlink: /home/jakeluo/Documents/MonitoringSystemRos2/src/install/droneinterfaces/lib/python3.8/site-packages/droneinterfaces/msg/_human_box_s.c
[3.877s] -- Up-to-date symlink: /home/jakeluo/Documents/MonitoringSystemRos2/src/install/droneinterfaces/lib/python3.8/site-packages/droneinterfaces/msg/_human_pose_coor.py
[3.877s] -- Up-to-date symlink: /home/jakeluo/Documents/MonitoringSystemRos2/src/install/droneinterfaces/lib/python3.8/site-packages/droneinterfaces/msg/_human_pose_coor_s.c
[3.878s] -- Up-to-date symlink: /home/jakeluo/Documents/MonitoringSystemRos2/src/install/droneinterfaces/lib/python3.8/site-packages/droneinterfaces/msg/_position_array.py
[3.878s] -- Up-to-date symlink: /home/jakeluo/Documents/MonitoringSystemRos2/src/install/droneinterfaces/lib/python3.8/site-packages/droneinterfaces/msg/_position_array_s.c
[3.878s] -- Up-to-date symlink: /home/jakeluo/Documents/MonitoringSystemRos2/src/install/droneinterfaces/lib/python3.8/site-packages/droneinterfaces/msg/_target_location.py
[3.878s] -- Up-to-date symlink: /home/jakeluo/Documents/MonitoringSystemRos2/src/install/droneinterfaces/lib/python3.8/site-packages/droneinterfaces/msg/_target_location_s.c
[3.878s] -- Up-to-date symlink: /home/jakeluo/Documents/MonitoringSystemRos2/src/install/droneinterfaces/lib/python3.8/site-packages/droneinterfaces/srv/__init__.py
[3.878s] -- Up-to-date symlink: /home/jakeluo/Documents/MonitoringSystemRos2/src/install/droneinterfaces/lib/python3.8/site-packages/droneinterfaces/srv/_drone_controller.py
[3.879s] -- Up-to-date symlink: /home/jakeluo/Documents/MonitoringSystemRos2/src/install/droneinterfaces/lib/python3.8/site-packages/droneinterfaces/srv/_drone_controller_s.c
[3.879s] -- Up-to-date symlink: /home/jakeluo/Documents/MonitoringSystemRos2/src/install/droneinterfaces/lib/python3.8/site-packages/droneinterfaces/srv/_drone_map.py
[3.879s] -- Up-to-date symlink: /home/jakeluo/Documents/MonitoringSystemRos2/src/install/droneinterfaces/lib/python3.8/site-packages/droneinterfaces/srv/_drone_map_s.c
[3.879s] -- Up-to-date symlink: /home/jakeluo/Documents/MonitoringSystemRos2/src/install/droneinterfaces/lib/python3.8/site-packages/droneinterfaces/srv/_drone_pool_status.py
[3.879s] -- Up-to-date symlink: /home/jakeluo/Documents/MonitoringSystemRos2/src/install/droneinterfaces/lib/python3.8/site-packages/droneinterfaces/srv/_drone_pool_status_s.c
[3.879s] -- Up-to-date symlink: /home/jakeluo/Documents/MonitoringSystemRos2/src/install/droneinterfaces/lib/python3.8/site-packages/droneinterfaces/srv/_drone_register.py
[3.879s] -- Up-to-date symlink: /home/jakeluo/Documents/MonitoringSystemRos2/src/install/droneinterfaces/lib/python3.8/site-packages/droneinterfaces/srv/_drone_register_s.c
[3.879s] -- Up-to-date symlink: /home/jakeluo/Documents/MonitoringSystemRos2/src/install/droneinterfaces/lib/python3.8/site-packages/droneinterfaces/srv/_drone_shut_down.py
[3.880s] -- Up-to-date symlink: /home/jakeluo/Documents/MonitoringSystemRos2/src/install/droneinterfaces/lib/python3.8/site-packages/droneinterfaces/srv/_drone_shut_down_s.c
[3.880s] -- Up-to-date symlink: /home/jakeluo/Documents/MonitoringSystemRos2/src/install/droneinterfaces/lib/python3.8/site-packages/droneinterfaces/srv/_drone_slam.py
[3.880s] -- Up-to-date symlink: /home/jakeluo/Documents/MonitoringSystemRos2/src/install/droneinterfaces/lib/python3.8/site-packages/droneinterfaces/srv/_drone_slam_s.c
[3.880s] -- Up-to-date symlink: /home/jakeluo/Documents/MonitoringSystemRos2/src/install/droneinterfaces/lib/python3.8/site-packages/droneinterfaces/srv/_go_to_point.py
[3.880s] -- Up-to-date symlink: /home/jakeluo/Documents/MonitoringSystemRos2/src/install/droneinterfaces/lib/python3.8/site-packages/droneinterfaces/srv/_go_to_point_s.c
[3.881s] -- Up-to-date symlink: /home/jakeluo/Documents/MonitoringSystemRos2/src/install/droneinterfaces/lib/python3.8/site-packages/droneinterfaces/droneinterfaces_s__rosidl_typesupport_introspection_c.cpython-38-x86_64-linux-gnu.so
[3.881s] -- Up-to-date symlink: /home/jakeluo/Documents/MonitoringSystemRos2/src/install/droneinterfaces/lib/python3.8/site-packages/droneinterfaces/droneinterfaces_s__rosidl_typesupport_fastrtps_c.cpython-38-x86_64-linux-gnu.so
[3.881s] -- Up-to-date symlink: /home/jakeluo/Documents/MonitoringSystemRos2/src/install/droneinterfaces/lib/python3.8/site-packages/droneinterfaces/droneinterfaces_s__rosidl_typesupport_c.cpython-38-x86_64-linux-gnu.so
[3.882s] -- Up-to-date symlink: /home/jakeluo/Documents/MonitoringSystemRos2/src/install/droneinterfaces/lib/libdroneinterfaces__python.so
[3.882s] -- Up-to-date symlink: /home/jakeluo/Documents/MonitoringSystemRos2/src/install/droneinterfaces/share/droneinterfaces/srv/DroneRegister.idl
[3.882s] -- Up-to-date symlink: /home/jakeluo/Documents/MonitoringSystemRos2/src/install/droneinterfaces/share/droneinterfaces/srv/DroneController.idl
[3.883s] -- Up-to-date symlink: /home/jakeluo/Documents/MonitoringSystemRos2/src/install/droneinterfaces/share/droneinterfaces/srv/DronePoolStatus.idl
[3.883s] -- Up-to-date symlink: /home/jakeluo/Documents/MonitoringSystemRos2/src/install/droneinterfaces/share/droneinterfaces/msg/FrameArray.idl
[3.883s] -- Up-to-date symlink: /home/jakeluo/Documents/MonitoringSystemRos2/src/install/droneinterfaces/share/droneinterfaces/msg/PositionArray.idl
[3.884s] -- Up-to-date symlink: /home/jakeluo/Documents/MonitoringSystemRos2/src/install/droneinterfaces/share/droneinterfaces/srv/DroneShutDown.idl
[3.884s] -- Up-to-date symlink: /home/jakeluo/Documents/MonitoringSystemRos2/src/install/droneinterfaces/share/droneinterfaces/msg/HumanPoseCoor.idl
[3.884s] -- Up-to-date symlink: /home/jakeluo/Documents/MonitoringSystemRos2/src/install/droneinterfaces/share/droneinterfaces/action/GoPoint.idl
[3.884s] -- Up-to-date symlink: /home/jakeluo/Documents/MonitoringSystemRos2/src/install/droneinterfaces/share/droneinterfaces/srv/DroneMap.idl
[3.885s] -- Up-to-date symlink: /home/jakeluo/Documents/MonitoringSystemRos2/src/install/droneinterfaces/share/droneinterfaces/srv/DroneSlam.idl
[3.885s] -- Up-to-date symlink: /home/jakeluo/Documents/MonitoringSystemRos2/src/install/droneinterfaces/share/droneinterfaces/msg/TargetLocation.idl
[3.885s] -- Up-to-date symlink: /home/jakeluo/Documents/MonitoringSystemRos2/src/install/droneinterfaces/share/droneinterfaces/msg/HumanBox.idl
[3.885s] -- Up-to-date symlink: /home/jakeluo/Documents/MonitoringSystemRos2/src/install/droneinterfaces/share/droneinterfaces/srv/DroneRegister.srv
[3.886s] -- Up-to-date symlink: /home/jakeluo/Documents/MonitoringSystemRos2/src/install/droneinterfaces/share/droneinterfaces/srv/DroneRegister_Request.msg
[3.886s] -- Up-to-date symlink: /home/jakeluo/Documents/MonitoringSystemRos2/src/install/droneinterfaces/share/droneinterfaces/srv/DroneRegister_Response.msg
[3.886s] -- Up-to-date symlink: /home/jakeluo/Documents/MonitoringSystemRos2/src/install/droneinterfaces/share/droneinterfaces/srv/DroneController.srv
[3.887s] -- Up-to-date symlink: /home/jakeluo/Documents/MonitoringSystemRos2/src/install/droneinterfaces/share/droneinterfaces/srv/DroneController_Request.msg
[3.887s] -- Up-to-date symlink: /home/jakeluo/Documents/MonitoringSystemRos2/src/install/droneinterfaces/share/droneinterfaces/srv/DroneController_Response.msg
[3.887s] -- Up-to-date symlink: /home/jakeluo/Documents/MonitoringSystemRos2/src/install/droneinterfaces/share/droneinterfaces/srv/DronePoolStatus.srv
[3.887s] -- Up-to-date symlink: /home/jakeluo/Documents/MonitoringSystemRos2/src/install/droneinterfaces/share/droneinterfaces/srv/DronePoolStatus_Request.msg
[3.888s] -- Up-to-date symlink: /home/jakeluo/Documents/MonitoringSystemRos2/src/install/droneinterfaces/share/droneinterfaces/srv/DronePoolStatus_Response.msg
[3.888s] -- Up-to-date symlink: /home/jakeluo/Documents/MonitoringSystemRos2/src/install/droneinterfaces/share/droneinterfaces/msg/FrameArray.msg
[3.888s] -- Up-to-date symlink: /home/jakeluo/Documents/MonitoringSystemRos2/src/install/droneinterfaces/share/droneinterfaces/msg/PositionArray.msg
[3.888s] -- Up-to-date symlink: /home/jakeluo/Documents/MonitoringSystemRos2/src/install/droneinterfaces/share/droneinterfaces/srv/DroneShutDown.srv
[3.888s] -- Up-to-date symlink: /home/jakeluo/Documents/MonitoringSystemRos2/src/install/droneinterfaces/share/droneinterfaces/srv/DroneShutDown_Request.msg
[3.889s] -- Up-to-date symlink: /home/jakeluo/Documents/MonitoringSystemRos2/src/install/droneinterfaces/share/droneinterfaces/srv/DroneShutDown_Response.msg
[3.889s] -- Up-to-date symlink: /home/jakeluo/Documents/MonitoringSystemRos2/src/install/droneinterfaces/share/droneinterfaces/msg/HumanPoseCoor.msg
[3.889s] -- Up-to-date symlink: /home/jakeluo/Documents/MonitoringSystemRos2/src/install/droneinterfaces/share/droneinterfaces/action/GoPoint.action
[3.889s] -- Up-to-date symlink: /home/jakeluo/Documents/MonitoringSystemRos2/src/install/droneinterfaces/share/droneinterfaces/srv/DroneMap.srv
[3.890s] -- Up-to-date symlink: /home/jakeluo/Documents/MonitoringSystemRos2/src/install/droneinterfaces/share/droneinterfaces/srv/DroneMap_Request.msg
[3.890s] -- Up-to-date symlink: /home/jakeluo/Documents/MonitoringSystemRos2/src/install/droneinterfaces/share/droneinterfaces/srv/DroneMap_Response.msg
[3.890s] -- Up-to-date symlink: /home/jakeluo/Documents/MonitoringSystemRos2/src/install/droneinterfaces/share/droneinterfaces/srv/DroneSlam.srv
[3.891s] -- Up-to-date symlink: /home/jakeluo/Documents/MonitoringSystemRos2/src/install/droneinterfaces/share/droneinterfaces/srv/DroneSlam_Request.msg
[3.891s] -- Up-to-date symlink: /home/jakeluo/Documents/MonitoringSystemRos2/src/install/droneinterfaces/share/droneinterfaces/srv/DroneSlam_Response.msg
[3.891s] -- Up-to-date symlink: /home/jakeluo/Documents/MonitoringSystemRos2/src/install/droneinterfaces/share/droneinterfaces/msg/TargetLocation.msg
[3.891s] -- Up-to-date symlink: /home/jakeluo/Documents/MonitoringSystemRos2/src/install/droneinterfaces/share/droneinterfaces/msg/HumanBox.msg
[3.892s] -- Up-to-date symlink: /home/jakeluo/Documents/MonitoringSystemRos2/src/install/droneinterfaces/share/ament_index/resource_index/package_run_dependencies/droneinterfaces
[3.892s] -- Up-to-date symlink: /home/jakeluo/Documents/MonitoringSystemRos2/src/install/droneinterfaces/share/ament_index/resource_index/parent_prefix_path/droneinterfaces
[3.892s] -- Up-to-date symlink: /home/jakeluo/Documents/MonitoringSystemRos2/src/install/droneinterfaces/share/droneinterfaces/environment/ament_prefix_path.sh
[3.892s] -- Up-to-date symlink: /home/jakeluo/Documents/MonitoringSystemRos2/src/install/droneinterfaces/share/droneinterfaces/environment/ament_prefix_path.dsv
[3.893s] -- Up-to-date symlink: /home/jakeluo/Documents/MonitoringSystemRos2/src/install/droneinterfaces/share/droneinterfaces/environment/path.sh
[3.893s] -- Up-to-date symlink: /home/jakeluo/Documents/MonitoringSystemRos2/src/install/droneinterfaces/share/droneinterfaces/environment/path.dsv
[3.893s] -- Up-to-date symlink: /home/jakeluo/Documents/MonitoringSystemRos2/src/install/droneinterfaces/share/droneinterfaces/local_setup.bash
[3.893s] -- Up-to-date symlink: /home/jakeluo/Documents/MonitoringSystemRos2/src/install/droneinterfaces/share/droneinterfaces/local_setup.sh
[3.894s] -- Up-to-date symlink: /home/jakeluo/Documents/MonitoringSystemRos2/src/install/droneinterfaces/share/droneinterfaces/local_setup.zsh
[3.894s] -- Up-to-date symlink: /home/jakeluo/Documents/MonitoringSystemRos2/src/install/droneinterfaces/share/droneinterfaces/local_setup.dsv
[3.894s] -- Symlinking: /home/jakeluo/Documents/MonitoringSystemRos2/src/install/droneinterfaces/share/droneinterfaces/package.dsv
[3.902s] -- Up-to-date symlink: /home/jakeluo/Documents/MonitoringSystemRos2/src/install/droneinterfaces/share/ament_index/resource_index/packages/droneinterfaces
[3.902s] -- Up-to-date symlink: /home/jakeluo/Documents/MonitoringSystemRos2/src/install/droneinterfaces/share/droneinterfaces/cmake/rosidl_cmake-extras.cmake
[3.902s] -- Up-to-date symlink: /home/jakeluo/Documents/MonitoringSystemRos2/src/install/droneinterfaces/share/droneinterfaces/cmake/ament_cmake_export_dependencies-extras.cmake
[3.903s] -- Up-to-date symlink: /home/jakeluo/Documents/MonitoringSystemRos2/src/install/droneinterfaces/share/droneinterfaces/cmake/ament_cmake_export_libraries-extras.cmake
[3.903s] -- Up-to-date symlink: /home/jakeluo/Documents/MonitoringSystemRos2/src/install/droneinterfaces/share/droneinterfaces/cmake/ament_cmake_export_targets-extras.cmake
[3.903s] -- Up-to-date symlink: /home/jakeluo/Documents/MonitoringSystemRos2/src/install/droneinterfaces/share/droneinterfaces/cmake/ament_cmake_export_include_directories-extras.cmake
[3.904s] -- Up-to-date symlink: /home/jakeluo/Documents/MonitoringSystemRos2/src/install/droneinterfaces/share/droneinterfaces/cmake/rosidl_cmake_export_typesupport_targets-extras.cmake
[3.904s] -- Up-to-date symlink: /home/jakeluo/Documents/MonitoringSystemRos2/src/install/droneinterfaces/share/droneinterfaces/cmake/rosidl_cmake_export_typesupport_libraries-extras.cmake
[3.904s] -- Up-to-date symlink: /home/jakeluo/Documents/MonitoringSystemRos2/src/install/droneinterfaces/share/droneinterfaces/cmake/droneinterfacesConfig.cmake
[3.904s] -- Up-to-date symlink: /home/jakeluo/Documents/MonitoringSystemRos2/src/install/droneinterfaces/share/droneinterfaces/cmake/droneinterfacesConfig-version.cmake
[3.905s] -- Up-to-date symlink: /home/jakeluo/Documents/MonitoringSystemRos2/src/install/droneinterfaces/share/droneinterfaces/package.xml
[3.905s] -- Up-to-date: /home/jakeluo/Documents/MonitoringSystemRos2/src/install/droneinterfaces/lib/libdroneinterfaces__rosidl_generator_c.so
[3.905s] -- Up-to-date: /home/jakeluo/Documents/MonitoringSystemRos2/src/install/droneinterfaces/lib/libdroneinterfaces__rosidl_typesupport_introspection_c.so
[3.906s] -- Up-to-date: /home/jakeluo/Documents/MonitoringSystemRos2/src/install/droneinterfaces/lib/libdroneinterfaces__rosidl_typesupport_c.so
[3.906s] -- Up-to-date: /home/jakeluo/Documents/MonitoringSystemRos2/src/install/droneinterfaces/lib/libdroneinterfaces__rosidl_typesupport_introspection_cpp.so
[3.907s] -- Up-to-date: /home/jakeluo/Documents/MonitoringSystemRos2/src/install/droneinterfaces/lib/libdroneinterfaces__rosidl_typesupport_cpp.so
[3.930s] Listing '/home/jakeluo/Documents/MonitoringSystemRos2/src/install/droneinterfaces/lib/python3.8/site-packages/droneinterfaces'...
[3.930s] Listing '/home/jakeluo/Documents/MonitoringSystemRos2/src/install/droneinterfaces/lib/python3.8/site-packages/droneinterfaces/action'...
[3.930s] Listing '/home/jakeluo/Documents/MonitoringSystemRos2/src/install/droneinterfaces/lib/python3.8/site-packages/droneinterfaces/msg'...
[3.930s] Listing '/home/jakeluo/Documents/MonitoringSystemRos2/src/install/droneinterfaces/lib/python3.8/site-packages/droneinterfaces/srv'...
[3.934s] -- Up-to-date: /home/jakeluo/Documents/MonitoringSystemRos2/src/install/droneinterfaces/share/droneinterfaces/cmake/droneinterfaces__rosidl_generator_cExport.cmake
[3.934s] -- Up-to-date: /home/jakeluo/Documents/MonitoringSystemRos2/src/install/droneinterfaces/share/droneinterfaces/cmake/droneinterfaces__rosidl_generator_cExport-relwithdebinfo.cmake
[3.934s] -- Up-to-date: /home/jakeluo/Documents/MonitoringSystemRos2/src/install/droneinterfaces/share/droneinterfaces/cmake/droneinterfaces__rosidl_typesupport_introspection_cExport.cmake
[3.934s] -- Up-to-date: /home/jakeluo/Documents/MonitoringSystemRos2/src/install/droneinterfaces/share/droneinterfaces/cmake/droneinterfaces__rosidl_typesupport_introspection_cExport-relwithdebinfo.cmake
[3.934s] -- Up-to-date: /home/jakeluo/Documents/MonitoringSystemRos2/src/install/droneinterfaces/share/droneinterfaces/cmake/droneinterfaces__rosidl_typesupport_cExport.cmake
[3.934s] -- Up-to-date: /home/jakeluo/Documents/MonitoringSystemRos2/src/install/droneinterfaces/share/droneinterfaces/cmake/droneinterfaces__rosidl_typesupport_cExport-relwithdebinfo.cmake
[3.935s] -- Up-to-date: /home/jakeluo/Documents/MonitoringSystemRos2/src/install/droneinterfaces/share/droneinterfaces/cmake/droneinterfaces__rosidl_generator_cppExport.cmake
[3.935s] -- Up-to-date: /home/jakeluo/Documents/MonitoringSystemRos2/src/install/droneinterfaces/share/droneinterfaces/cmake/droneinterfaces__rosidl_typesupport_introspection_cppExport.cmake
[3.935s] -- Up-to-date: /home/jakeluo/Documents/MonitoringSystemRos2/src/install/droneinterfaces/share/droneinterfaces/cmake/droneinterfaces__rosidl_typesupport_introspection_cppExport-relwithdebinfo.cmake
[3.935s] -- Up-to-date: /home/jakeluo/Documents/MonitoringSystemRos2/src/install/droneinterfaces/share/droneinterfaces/cmake/droneinterfaces__rosidl_typesupport_cppExport.cmake
[3.935s] -- Up-to-date: /home/jakeluo/Documents/MonitoringSystemRos2/src/install/droneinterfaces/share/droneinterfaces/cmake/droneinterfaces__rosidl_typesupport_cppExport-relwithdebinfo.cmake
[3.938s] Invoked command in '/home/jakeluo/Documents/MonitoringSystemRos2/src/build/droneinterfaces' returned '0': /usr/bin/cmake --install /home/jakeluo/Documents/MonitoringSystemRos2/src/build/droneinterfaces
