[0.024s] Invoking command in '/home/jakeluo/Documents/MonitoringSystemRos2/build/droneutility': /usr/bin/cmake --build /home/jakeluo/Documents/MonitoringSystemRos2/build/droneutility -- -j12 -l12
[0.110s] [35m[1mScanning dependencies of target send[0m
[0.132s] [ 75%] Built target recv
[0.132s] [ 75%] [32mBuilding CXX object CMakeFiles/send.dir/src/send.cpp.o[0m
[0.321s] [01m[K/home/jakeluo/Documents/MonitoringSystemRos2/src/droneutility/src/send.cpp:[m[K In function ‘[01m[Kint main(int, char**)[m[K’:
[0.321s] [01m[K/home/jakeluo/Documents/MonitoringSystemRos2/src/droneutility/src/send.cpp:51:22:[m[K [01;35m[Kwarning: [m[Kformat not a string literal and no format arguments [[01;35m[K-Wformat-security[m[K]
[0.321s]    51 |   std::printf(argv[1][01;35m[K)[m[K;
[0.321s]       |                      [01;35m[K^[m[K
[0.321s] [01m[K/home/jakeluo/Documents/MonitoringSystemRos2/src/droneutility/src/send.cpp:12:14:[m[K [01;35m[Kwarning: [m[Kunused parameter ‘[01m[Kargc[m[K’ [[01;35m[K-Wunused-parameter[m[K]
[0.321s]    12 | int main([01;35m[Kint argc[m[K, char** argv)
[0.322s]       |          [01;35m[K~~~~^~~~[m[K
[0.378s] [100%] [32m[1mLinking CXX executable send[0m
[0.459s] [100%] Built target send
[0.478s] Invoked command in '/home/jakeluo/Documents/MonitoringSystemRos2/build/droneutility' returned '0': /usr/bin/cmake --build /home/jakeluo/Documents/MonitoringSystemRos2/build/droneutility -- -j12 -l12
[0.565s] Invoking command in '/home/jakeluo/Documents/MonitoringSystemRos2/build/droneutility': /usr/bin/cmake --install /home/jakeluo/Documents/MonitoringSystemRos2/build/droneutility
[0.581s] -- Install configuration: ""
[0.582s] -- Up-to-date: /home/jakeluo/Documents/MonitoringSystemRos2/install/droneutility/lib/droneutility/recv
[0.582s] -- Installing: /home/jakeluo/Documents/MonitoringSystemRos2/install/droneutility/lib/droneutility/send
[0.582s] -- Up-to-date: /home/jakeluo/Documents/MonitoringSystemRos2/install/droneutility/share/ament_index/resource_index/package_run_dependencies/droneutility
[0.582s] -- Up-to-date: /home/jakeluo/Documents/MonitoringSystemRos2/install/droneutility/share/ament_index/resource_index/parent_prefix_path/droneutility
[0.582s] -- Up-to-date: /home/jakeluo/Documents/MonitoringSystemRos2/install/droneutility/share/droneutility/environment/ament_prefix_path.dsv
[0.582s] -- Up-to-date: /home/jakeluo/Documents/MonitoringSystemRos2/install/droneutility/share/droneutility/environment/path.dsv
[0.582s] -- Up-to-date: /home/jakeluo/Documents/MonitoringSystemRos2/install/droneutility/share/droneutility/local_setup.bash
[0.582s] -- Up-to-date: /home/jakeluo/Documents/MonitoringSystemRos2/install/droneutility/share/droneutility/local_setup.sh
[0.582s] -- Up-to-date: /home/jakeluo/Documents/MonitoringSystemRos2/install/droneutility/share/droneutility/local_setup.zsh
[0.583s] -- Up-to-date: /home/jakeluo/Documents/MonitoringSystemRos2/install/droneutility/share/droneutility/local_setup.dsv
[0.583s] -- Installing: /home/jakeluo/Documents/MonitoringSystemRos2/install/droneutility/share/droneutility/package.dsv
[0.583s] -- Up-to-date: /home/jakeluo/Documents/MonitoringSystemRos2/install/droneutility/share/ament_index/resource_index/packages/droneutility
[0.583s] -- Up-to-date: /home/jakeluo/Documents/MonitoringSystemRos2/install/droneutility/share/droneutility/cmake/droneutilityConfig.cmake
[0.583s] -- Up-to-date: /home/jakeluo/Documents/MonitoringSystemRos2/install/droneutility/share/droneutility/cmake/droneutilityConfig-version.cmake
[0.583s] -- Up-to-date: /home/jakeluo/Documents/MonitoringSystemRos2/install/droneutility/share/droneutility/package.xml
[0.585s] Invoked command in '/home/jakeluo/Documents/MonitoringSystemRos2/build/droneutility' returned '0': /usr/bin/cmake --install /home/jakeluo/Documents/MonitoringSystemRos2/build/droneutility
