running develop
Removing /home/jakeluo/Documents/MonitoringSystemRos2/src/install/humandetection/lib/python3.8/site-packages/humandetection.egg-link (link to .)
running egg_info
writing ../build/humandetection/humandetection.egg-info/PKG-INFO
writing dependency_links to ../build/humandetection/humandetection.egg-info/dependency_links.txt
writing entry points to ../build/humandetection/humandetection.egg-info/entry_points.txt
writing requirements to ../build/humandetection/humandetection.egg-info/requires.txt
writing top-level names to ../build/humandetection/humandetection.egg-info/top_level.txt
writing manifest file '../build/humandetection/humandetection.egg-info/SOURCES.txt'
running build
running build_py
running install
running install_lib
copying /home/jakeluo/Documents/MonitoringSystemRos2/src/build/humandetection/build/lib/humandetection/detector.py -> /home/jakeluo/Documents/MonitoringSystemRos2/src/install/humandetection/lib/python3.8/site-packages/humandetection
copying /home/jakeluo/Documents/MonitoringSystemRos2/src/build/humandetection/build/lib/humandetection/__init__.py -> /home/jakeluo/Documents/MonitoringSystemRos2/src/install/humandetection/lib/python3.8/site-packages/humandetection
byte-compiling /home/jakeluo/Documents/MonitoringSystemRos2/src/install/humandetection/lib/python3.8/site-packages/humandetection/detector.py to detector.cpython-38.pyc
byte-compiling /home/jakeluo/Documents/MonitoringSystemRos2/src/install/humandetection/lib/python3.8/site-packages/humandetection/__init__.py to __init__.cpython-38.pyc
running install_data
running install_egg_info
Copying ../build/humandetection/humandetection.egg-info to /home/jakeluo/Documents/MonitoringSystemRos2/src/install/humandetection/lib/python3.8/site-packages/humandetection-0.0.0-py3.8.egg-info
running install_scripts
Installing detecter script to /home/jakeluo/Documents/MonitoringSystemRos2/src/install/humandetection/lib/humandetection
writing list of installed files to '/home/jakeluo/Documents/MonitoringSystemRos2/src/build/humandetection/install.log'
