[01m[K/home/jakeluo/Documents/MonitoringSystemRos2/src/droneutility/src/droneManager.cpp:[m[K In member function ‘[01m[Kvoid dronenamespace::DroneManager::recvVideoThread(std::string)[m[K’:
[01m[K/home/jakeluo/Documents/MonitoringSystemRos2/src/droneutility/src/droneManager.cpp:170:13:[m[K [01;35m[Kwarning: [m[Kunused variable ‘[01m[Kframe[m[K’ [[01;35m[K-Wunused-variable[m[K]
  170 |     AVFrame [01;35m[Kframe[m[K;
      |             [01;35m[K^~~~~[m[K
In file included from [01m[K/home/jakeluo/Software/ORB_SLAM2/Thirdparty/g2o/g2o/types/types_six_dof_expmap.h:41[m[K,
                 from [01m[K/home/jakeluo/Software/ORB_SLAM2/Thirdparty/g2o/g2o/types/types_seven_dof_expmap.h:36[m[K,
                 from [01m[K/home/jakeluo/Software/ORB_SLAM2/include/LoopClosing.h:34[m[K,
                 from [01m[K/home/jakeluo/Software/ORB_SLAM2/include/LocalMapping.h:26[m[K,
                 from [01m[K/home/jakeluo/Software/ORB_SLAM2/include/Tracking.h:31[m[K,
                 from [01m[K/home/jakeluo/Software/ORB_SLAM2/include/System.h:29[m[K,
                 from [01m[K/home/jakeluo/Documents/MonitoringSystemRos2/src/droneutility/include/drone.hpp:11[m[K,
                 from [01m[K/home/jakeluo/Documents/MonitoringSystemRos2/src/droneutility/src/drone.cpp:1[m[K:
[01m[K/home/jakeluo/Software/ORB_SLAM2/Thirdparty/g2o/g2o/types/se3quat.h:43:38:[m[K [01;35m[Kwarning: [m[Kextra ‘[01m[K;[m[K’ [[01;35m[K-Wpedantic[m[K]
   43 |       EIGEN_MAKE_ALIGNED_OPERATOR_NEW[01;35m[K;[m[K
      |                                      [01;35m[K^[m[K
      |                                      [31m[K-[m[K
[01m[K/home/jakeluo/Documents/MonitoringSystemRos2/src/droneutility/src/drone.cpp:[m[K In member function ‘[01m[Kvoid dronenamespace::Drone::track(const char*, const char*)[m[K’:
[01m[K/home/jakeluo/Documents/MonitoringSystemRos2/src/droneutility/src/drone.cpp:54:31:[m[K [01;35m[Kwarning: [m[Kunused parameter ‘[01m[Kpath_to_vocaulary[m[K’ [[01;35m[K-Wunused-parameter[m[K]
   54 | void Drone::track([01;35m[Kconst char* path_to_vocaulary[m[K, const char* path_to_setting)
      |                   [01;35m[K~~~~~~~~~~~~^~~~~~~~~~~~~~~~~[m[K
[01m[K/home/jakeluo/Documents/MonitoringSystemRos2/src/droneutility/src/drone.cpp:54:62:[m[K [01;35m[Kwarning: [m[Kunused parameter ‘[01m[Kpath_to_setting[m[K’ [[01;35m[K-Wunused-parameter[m[K]
   54 | void Drone::track(const char* path_to_vocaulary, [01;35m[Kconst char* path_to_setting[m[K)
      |                                                  [01;35m[K~~~~~~~~~~~~^~~~~~~~~~~~~~~[m[K
