[0.279s] Invoking command in '/home/jakeluo/Documents/MonitoringSystemRos2/src/humandetection': AMENT_PREFIX_PATH=/home/jakeluo/Documents/MonitoringSystemRos2/src/install/droneinterfaces CMAKE_PREFIX_PATH=/home/jakeluo/Documents/MonitoringSystemRos2/src/install/droneinterfaces LD_LIBRARY_PATH=/home/jakeluo/Documents/MonitoringSystemRos2/src/install/droneinterfaces/lib${LD_LIBRARY_PATH} PYTHONPATH=/home/jakeluo/Documents/MonitoringSystemRos2/src/install/humandetection/lib/python3.8/site-packages:/home/jakeluo/Documents/MonitoringSystemRos2/src/install/droneinterfaces/lib/python3.8/site-packages /usr/bin/python3 setup.py egg_info --egg-base ../build/humandetection build --build-base /home/jakeluo/Documents/MonitoringSystemRos2/src/build/humandetection/build install --prefix /home/jakeluo/Documents/MonitoringSystemRos2/src/install/humandetection --record /home/jakeluo/Documents/MonitoringSystemRos2/src/build/humandetection/install.log --single-version-externally-managed
[0.578s] running egg_info
[0.578s] writing ../build/humandetection/humandetection.egg-info/PKG-INFO
[0.579s] writing dependency_links to ../build/humandetection/humandetection.egg-info/dependency_links.txt
[0.579s] writing entry points to ../build/humandetection/humandetection.egg-info/entry_points.txt
[0.579s] writing requirements to ../build/humandetection/humandetection.egg-info/requires.txt
[0.579s] writing top-level names to ../build/humandetection/humandetection.egg-info/top_level.txt
[4.082s] writing manifest file '../build/humandetection/humandetection.egg-info/SOURCES.txt'
[4.082s] running build
[4.082s] running build_py
[4.082s] running install
[4.084s] running install_lib
[4.086s] running install_data
[4.087s] running install_egg_info
[4.088s] removing '/home/jakeluo/Documents/MonitoringSystemRos2/src/install/humandetection/lib/python3.8/site-packages/humandetection-0.0.0-py3.8.egg-info' (and everything under it)
[4.088s] Copying ../build/humandetection/humandetection.egg-info to /home/jakeluo/Documents/MonitoringSystemRos2/src/install/humandetection/lib/python3.8/site-packages/humandetection-0.0.0-py3.8.egg-info
[4.090s] running install_scripts
[4.106s] Installing detecter script to /home/jakeluo/Documents/MonitoringSystemRos2/src/install/humandetection/lib/humandetection
[4.106s] writing list of installed files to '/home/jakeluo/Documents/MonitoringSystemRos2/src/build/humandetection/install.log'
[4.127s] Invoked command in '/home/jakeluo/Documents/MonitoringSystemRos2/src/humandetection' returned '0': AMENT_PREFIX_PATH=/home/jakeluo/Documents/MonitoringSystemRos2/src/install/droneinterfaces CMAKE_PREFIX_PATH=/home/jakeluo/Documents/MonitoringSystemRos2/src/install/droneinterfaces LD_LIBRARY_PATH=/home/jakeluo/Documents/MonitoringSystemRos2/src/install/droneinterfaces/lib${LD_LIBRARY_PATH} PYTHONPATH=/home/jakeluo/Documents/MonitoringSystemRos2/src/install/humandetection/lib/python3.8/site-packages:/home/jakeluo/Documents/MonitoringSystemRos2/src/install/droneinterfaces/lib/python3.8/site-packages /usr/bin/python3 setup.py egg_info --egg-base ../build/humandetection build --build-base /home/jakeluo/Documents/MonitoringSystemRos2/src/build/humandetection/build install --prefix /home/jakeluo/Documents/MonitoringSystemRos2/src/install/humandetection --record /home/jakeluo/Documents/MonitoringSystemRos2/src/build/humandetection/install.log --single-version-externally-managed
