[0.580s] Invoking command in '/home/jakeluo/Documents/MonitoringSystemRos2/src/humandetection': PYTHONPATH=/home/jakeluo/Documents/MonitoringSystemRos2/src/install/humandetection/lib/python3.8/site-packages:${PYTHONPATH} /usr/bin/python3 setup.py egg_info --egg-base ../build/humandetection build --build-base /home/jakeluo/Documents/MonitoringSystemRos2/src/build/humandetection/build install --prefix /home/jakeluo/Documents/MonitoringSystemRos2/src/install/humandetection --record /home/jakeluo/Documents/MonitoringSystemRos2/src/build/humandetection/install.log --single-version-externally-managed
[1.042s] running egg_info
[1.042s] writing ../build/humandetection/humandetection.egg-info/PKG-INFO
[1.042s] writing dependency_links to ../build/humandetection/humandetection.egg-info/dependency_links.txt
[1.042s] writing entry points to ../build/humandetection/humandetection.egg-info/entry_points.txt
[1.043s] writing requirements to ../build/humandetection/humandetection.egg-info/requires.txt
[1.043s] writing top-level names to ../build/humandetection/humandetection.egg-info/top_level.txt
[4.569s] reading manifest file '../build/humandetection/humandetection.egg-info/SOURCES.txt'
[4.570s] writing manifest file '../build/humandetection/humandetection.egg-info/SOURCES.txt'
[4.570s] running build
[4.570s] running build_py
[4.571s] copying humandetection/models/experimental.py -> /home/jakeluo/Documents/MonitoringSystemRos2/src/build/humandetection/build/lib/humandetection/models
[4.571s] running install
[4.574s] running install_lib
[4.575s] copying /home/jakeluo/Documents/MonitoringSystemRos2/src/build/humandetection/build/lib/humandetection/models/experimental.py -> /home/jakeluo/Documents/MonitoringSystemRos2/src/install/humandetection/lib/python3.8/site-packages/humandetection/models
[4.577s] byte-compiling /home/jakeluo/Documents/MonitoringSystemRos2/src/install/humandetection/lib/python3.8/site-packages/humandetection/models/experimental.py to experimental.cpython-38.pyc
[4.578s]   File "/home/jakeluo/Documents/MonitoringSystemRos2/src/install/humandetection/lib/python3.8/site-packages/humandetection/models/experimental.py", line 139
[4.578s]     if len(model) == 1:
[4.578s]                       ^
[4.578s] SyntaxError: invalid syntax
[4.578s] 
[4.578s] running install_data
[4.579s] running install_egg_info
[4.580s] removing '/home/jakeluo/Documents/MonitoringSystemRos2/src/install/humandetection/lib/python3.8/site-packages/humandetection-0.0.0-py3.8.egg-info' (and everything under it)
[4.580s] Copying ../build/humandetection/humandetection.egg-info to /home/jakeluo/Documents/MonitoringSystemRos2/src/install/humandetection/lib/python3.8/site-packages/humandetection-0.0.0-py3.8.egg-info
[4.581s] running install_scripts
[4.609s] Installing detecter script to /home/jakeluo/Documents/MonitoringSystemRos2/src/install/humandetection/lib/humandetection
[4.610s] writing list of installed files to '/home/jakeluo/Documents/MonitoringSystemRos2/src/build/humandetection/install.log'
[4.633s] Invoked command in '/home/jakeluo/Documents/MonitoringSystemRos2/src/humandetection' returned '0': PYTHONPATH=/home/jakeluo/Documents/MonitoringSystemRos2/src/install/humandetection/lib/python3.8/site-packages:${PYTHONPATH} /usr/bin/python3 setup.py egg_info --egg-base ../build/humandetection build --build-base /home/jakeluo/Documents/MonitoringSystemRos2/src/build/humandetection/build install --prefix /home/jakeluo/Documents/MonitoringSystemRos2/src/install/humandetection --record /home/jakeluo/Documents/MonitoringSystemRos2/src/build/humandetection/install.log --single-version-externally-managed
