[35m[1mScanning dependencies of target estimater[0m
[ 50%] [32mBuilding CXX object CMakeFiles/estimater.dir/src/openpose.cpp.o[0m
In file included from [01m[K/home/jakeluo/Documents/MonitoringSystemRos2/src/openpose/src/openpose.cpp:1[m[K:
[01m[K/home/jakeluo/Documents/MonitoringSystemRos2/src/openpose/include/openpose.hpp:40:49:[m[K [01;31m[Kerror: [m[Kexpected ‘[01m[K;[m[K’ at end of member declaration
   40 |     void configureWrapper(op::Wrapper& opWrapper[01;31m[K)[m[K
      |                                                 [01;31m[K^[m[K
      |                                                  [32m[K;[m[K
[01m[K/home/jakeluo/Documents/MonitoringSystemRos2/src/openpose/src/openpose.cpp:[m[K In member function ‘[01m[Kvoid Openpose::configureWrapper(op::Wrapper&)[m[K’:
[01m[K/home/jakeluo/Documents/MonitoringSystemRos2/src/openpose/src/openpose.cpp:35:24:[m[K [01;31m[Kerror: [m[K‘[01m[KFLAGS_image_dir[m[K’ was not declared in this scope
   35 |             op::String([01;31m[KFLAGS_image_dir[m[K), op::String(FLAGS_video), op::String(FLAGS_ip_camera), FLAGS_camera,
      |                        [01;31m[K^~~~~~~~~~~~~~~[m[K
[01m[K/home/jakeluo/Documents/MonitoringSystemRos2/src/openpose/src/openpose.cpp:35:53:[m[K [01;31m[Kerror: [m[K‘[01m[KFLAGS_video[m[K’ was not declared in this scope
   35 |             op::String(FLAGS_image_dir), op::String([01;31m[KFLAGS_video[m[K), op::String(FLAGS_ip_camera), FLAGS_camera,
      |                                                     [01;31m[K^~~~~~~~~~~[m[K
[01m[K/home/jakeluo/Documents/MonitoringSystemRos2/src/openpose/src/openpose.cpp:35:78:[m[K [01;31m[Kerror: [m[K‘[01m[KFLAGS_ip_camera[m[K’ was not declared in this scope
   35 | String(FLAGS_image_dir), op::String(FLAGS_video), op::String([01;31m[KFLAGS_ip_camera[m[K), FLAGS_camera,
      |                                                              [01;31m[K^~~~~~~~~~~~~~~[m[K

[01m[K/home/jakeluo/Documents/MonitoringSystemRos2/src/openpose/src/openpose.cpp:35:96:[m[K [01;31m[Kerror: [m[K‘[01m[KFLAGS_camera[m[K’ was not declared in this scope
   35 | image_dir), op::String(FLAGS_video), op::String(FLAGS_ip_camera), [01;31m[KFLAGS_camera[m[K,
      |                                                                   [01;31m[K^~~~~~~~~~~~[m[K

[01m[K/home/jakeluo/Documents/MonitoringSystemRos2/src/openpose/src/openpose.cpp:36:13:[m[K [01;31m[Kerror: [m[K‘[01m[KFLAGS_flir_camera[m[K’ was not declared in this scope
   36 |             [01;31m[KFLAGS_flir_camera[m[K, FLAGS_flir_camera_index);
      |             [01;31m[K^~~~~~~~~~~~~~~~~[m[K
[01m[K/home/jakeluo/Documents/MonitoringSystemRos2/src/openpose/src/openpose.cpp:36:32:[m[K [01;31m[Kerror: [m[K‘[01m[KFLAGS_flir_camera_index[m[K’ was not declared in this scope
   36 |             FLAGS_flir_camera, [01;31m[KFLAGS_flir_camera_index[m[K);
      |                                [01;31m[K^~~~~~~~~~~~~~~~~~~~~~~[m[K
[01m[K/home/jakeluo/Documents/MonitoringSystemRos2/src/openpose/src/openpose.cpp:38:61:[m[K [01;31m[Kerror: [m[K‘[01m[KFLAGS_camera_resolution[m[K’ was not declared in this scope
   38 |         const auto cameraSize = op::flagsToPoint(op::String([01;31m[KFLAGS_camera_resolution[m[K), "-1x-1");
      |                                                             [01;31m[K^~~~~~~~~~~~~~~~~~~~~~~[m[K
[01m[K/home/jakeluo/Documents/MonitoringSystemRos2/src/openpose/src/openpose.cpp:40:61:[m[K [01;31m[Kerror: [m[K‘[01m[KFLAGS_output_resolution[m[K’ was not declared in this scope
   40 |         const auto outputSize = op::flagsToPoint(op::String([01;31m[KFLAGS_output_resolution[m[K), "-1x-1");
      |                                                             [01;31m[K^~~~~~~~~~~~~~~~~~~~~~~[m[K
[01m[K/home/jakeluo/Documents/MonitoringSystemRos2/src/openpose/src/openpose.cpp:42:63:[m[K [01;31m[Kerror: [m[K‘[01m[KFLAGS_net_resolution[m[K’ was not declared in this scope
   42 |        const auto netInputSize = op::flagsToPoint(op::String([01;31m[KFLAGS_net_resolution[m[K), "-1x368");
      |                                                              [01;31m[K^~~~~~~~~~~~~~~~~~~~[m[K

[01m[K/home/jakeluo/Documents/MonitoringSystemRos2/src/openpose/src/openpose.cpp:44:67:[m[K [01;31m[Kerror: [m[K‘[01m[KFLAGS_face_net_resolution[m[K’ was not declared in this scope
   44 |    const auto faceNetInputSize = op::flagsToPoint(op::String([01;31m[KFLAGS_face_net_resolution[m[K), "368x368 (multiples of 16)");
      |                                                              [01;31m[K^~~~~~~~~~~~~~~~~~~~~~~~~[m[K

[01m[K/home/jakeluo/Documents/MonitoringSystemRos2/src/openpose/src/openpose.cpp:46:67:[m[K [01;31m[Kerror: [m[K‘[01m[KFLAGS_hand_net_resolution[m[K’ was not declared in this scope
   46 |    const auto handNetInputSize = op::flagsToPoint(op::String([01;31m[KFLAGS_hand_net_resolution[m[K), "368x368 (multiples of 16)");
      |                                                              [01;31m[K^~~~~~~~~~~~~~~~~~~~~~~~~[m[K

[01m[K/home/jakeluo/Documents/MonitoringSystemRos2/src/openpose/src/openpose.cpp:48:51:[m[K [01;31m[Kerror: [m[K‘[01m[KFLAGS_body[m[K’ was not declared in this scope
   48 |         const auto poseMode = op::flagsToPoseMode([01;31m[KFLAGS_body[m[K);
      |                                                   [01;31m[K^~~~~~~~~~[m[K
[01m[K/home/jakeluo/Documents/MonitoringSystemRos2/src/openpose/src/openpose.cpp:50:64:[m[K [01;31m[Kerror: [m[K‘[01m[KFLAGS_model_pose[m[K’ was not declared in this scope
   50 |       const auto poseModel = op::flagsToPoseModel(op::String([01;31m[KFLAGS_model_pose[m[K));
      |                                                              [01;31m[K^~~~~~~~~~~~~~~~[m[K

[01m[K/home/jakeluo/Documents/MonitoringSystemRos2/src/openpose/src/openpose.cpp:52:14:[m[K [01;31m[Kerror: [m[K‘[01m[KFLAGS_write_keypoint[m[K’ was not declared in this scope
   52 |         if (![01;31m[KFLAGS_write_keypoint[m[K.empty())
      |              [01;31m[K^~~~~~~~~~~~~~~~~~~~[m[K
[01m[K/home/jakeluo/Documents/MonitoringSystemRos2/src/openpose/src/openpose.cpp:57:61:[m[K [01;31m[Kerror: [m[K‘[01m[KFLAGS_keypoint_scale[m[K’ was not declared in this scope
   57 |         const auto keypointScaleMode = op::flagsToScaleMode([01;31m[KFLAGS_keypoint_scale[m[K);
      |                                                             [01;31m[K^~~~~~~~~~~~~~~~~~~~[m[K
[01m[K/home/jakeluo/Documents/MonitoringSystemRos2/src/openpose/src/openpose.cpp:59:55:[m[K [01;31m[Kerror: [m[K‘[01m[KFLAGS_heatmaps_add_parts[m[K’ was not declared in this scope
   59 |         const auto heatMapTypes = op::flagsToHeatMaps([01;31m[KFLAGS_heatmaps_add_parts[m[K, FLAGS_heatmaps_add_bkg,
      |                                                       [01;31m[K^~~~~~~~~~~~~~~~~~~~~~~~[m[K
[01m[K/home/jakeluo/Documents/MonitoringSystemRos2/src/openpose/src/openpose.cpp:59:81:[m[K [01;31m[Kerror: [m[K‘[01m[KFLAGS_heatmaps_add_bkg[m[K’ was not declared in this scope
   59 | heatMapTypes = op::flagsToHeatMaps(FLAGS_heatmaps_add_parts, [01;31m[KFLAGS_heatmaps_add_bkg[m[K,
      |                                                              [01;31m[K^~~~~~~~~~~~~~~~~~~~~~[m[K

[01m[K/home/jakeluo/Documents/MonitoringSystemRos2/src/openpose/src/openpose.cpp:60:55:[m[K [01;31m[Kerror: [m[K‘[01m[KFLAGS_heatmaps_add_PAFs[m[K’ was not declared in this scope
   60 |                                                       [01;31m[KFLAGS_heatmaps_add_PAFs[m[K);
      |                                                       [01;31m[K^~~~~~~~~~~~~~~~~~~~~~~[m[K
[01m[K/home/jakeluo/Documents/MonitoringSystemRos2/src/openpose/src/openpose.cpp:61:67:[m[K [01;31m[Kerror: [m[K‘[01m[KFLAGS_heatmaps_scale[m[K’ was not declared in this scope
   61 |    const auto heatMapScaleMode = op::flagsToHeatMapScaleMode([01;31m[KFLAGS_heatmaps_scale[m[K);
      |                                                              [01;31m[K^~~~~~~~~~~~~~~~~~~~[m[K

[01m[K/home/jakeluo/Documents/MonitoringSystemRos2/src/openpose/src/openpose.cpp:63:36:[m[K [01;31m[Kerror: [m[K‘[01m[KFLAGS_3d[m[K’ was not declared in this scope
   63 |         const auto multipleView = ([01;31m[KFLAGS_3d[m[K || FLAGS_3d_views > 1 || FLAGS_flir_camera);
      |                                    [01;31m[K^~~~~~~~[m[K
[01m[K/home/jakeluo/Documents/MonitoringSystemRos2/src/openpose/src/openpose.cpp:63:48:[m[K [01;31m[Kerror: [m[K‘[01m[KFLAGS_3d_views[m[K’ was not declared in this scope
   63 |         const auto multipleView = (FLAGS_3d || [01;31m[KFLAGS_3d_views[m[K > 1 || FLAGS_flir_camera);
      |                                                [01;31m[K^~~~~~~~~~~~~~[m[K
[01m[K/home/jakeluo/Documents/MonitoringSystemRos2/src/openpose/src/openpose.cpp:65:55:[m[K [01;31m[Kerror: [m[K‘[01m[KFLAGS_face_detector[m[K’ was not declared in this scope
   65 |         const auto faceDetector = op::flagsToDetector([01;31m[KFLAGS_face_detector[m[K);
      |                                                       [01;31m[K^~~~~~~~~~~~~~~~~~~[m[K
[01m[K/home/jakeluo/Documents/MonitoringSystemRos2/src/openpose/src/openpose.cpp:66:55:[m[K [01;31m[Kerror: [m[K‘[01m[KFLAGS_hand_detector[m[K’ was not declared in this scope
   66 |         const auto handDetector = op::flagsToDetector([01;31m[KFLAGS_hand_detector[m[K);
      |                                                       [01;31m[K^~~~~~~~~~~~~~~~~~~[m[K
[01m[K/home/jakeluo/Documents/MonitoringSystemRos2/src/openpose/src/openpose.cpp:72:37:[m[K [01;31m[Kerror: [m[K‘[01m[KFLAGS_net_resolution_dynamic[m[K’ was not declared in this scope
   72 |             poseMode, netInputSize, [01;31m[KFLAGS_net_resolution_dynamic[m[K, outputSize, keypointScaleMode, FLAGS_num_gpu,
      |                                     [01;31m[K^~~~~~~~~~~~~~~~~~~~~~~~~~~~[m[K
[01m[K/home/jakeluo/Documents/MonitoringSystemRos2/src/openpose/src/openpose.cpp:72:98:[m[K [01;31m[Kerror: [m[K‘[01m[KFLAGS_num_gpu[m[K’ was not declared in this scope
   72 | ze, FLAGS_net_resolution_dynamic, outputSize, keypointScaleMode, [01;31m[KFLAGS_num_gpu[m[K,
      |                                                                  [01;31m[K^~~~~~~~~~~~~[m[K

[01m[K/home/jakeluo/Documents/MonitoringSystemRos2/src/openpose/src/openpose.cpp:73:13:[m[K [01;31m[Kerror: [m[K‘[01m[KFLAGS_num_gpu_start[m[K’ was not declared in this scope
   73 |             [01;31m[KFLAGS_num_gpu_start[m[K, FLAGS_scale_number, (float)FLAGS_scale_gap,
      |             [01;31m[K^~~~~~~~~~~~~~~~~~~[m[K
[01m[K/home/jakeluo/Documents/MonitoringSystemRos2/src/openpose/src/openpose.cpp:73:34:[m[K [01;31m[Kerror: [m[K‘[01m[KFLAGS_scale_number[m[K’ was not declared in this scope
   73 |             FLAGS_num_gpu_start, [01;31m[KFLAGS_scale_number[m[K, (float)FLAGS_scale_gap,
      |                                  [01;31m[K^~~~~~~~~~~~~~~~~~[m[K
[01m[K/home/jakeluo/Documents/MonitoringSystemRos2/src/openpose/src/openpose.cpp:73:61:[m[K [01;31m[Kerror: [m[K‘[01m[KFLAGS_scale_gap[m[K’ was not declared in this scope
   73 |             FLAGS_num_gpu_start, FLAGS_scale_number, (float)[01;31m[KFLAGS_scale_gap[m[K,
      |                                                             [01;31m[K^~~~~~~~~~~~~~~[m[K
[01m[K/home/jakeluo/Documents/MonitoringSystemRos2/src/openpose/src/openpose.cpp:74:35:[m[K [01;31m[Kerror: [m[K‘[01m[KFLAGS_render_pose[m[K’ was not declared in this scope
   74 |             op::flagsToRenderMode([01;31m[KFLAGS_render_pose[m[K, multipleView), poseModel, !FLAGS_disable_blending,
      |                                   [01;31m[K^~~~~~~~~~~~~~~~~[m[K
[01m[K/home/jakeluo/Documents/MonitoringSystemRos2/src/openpose/src/openpose.cpp:74:81:[m[K [01;31m[Kerror: [m[K‘[01m[KFLAGS_disable_blending[m[K’ was not declared in this scope
   74 | gsToRenderMode(FLAGS_render_pose, multipleView), poseModel, ![01;31m[KFLAGS_disable_blending[m[K,
      |                                                              [01;31m[K^~~~~~~~~~~~~~~~~~~~~~[m[K

[01m[K/home/jakeluo/Documents/MonitoringSystemRos2/src/openpose/src/openpose.cpp:75:20:[m[K [01;31m[Kerror: [m[K‘[01m[KFLAGS_alpha_pose[m[K’ was not declared in this scope
   75 |             (float)[01;31m[KFLAGS_alpha_pose[m[K, (float)FLAGS_alpha_heatmap, FLAGS_part_to_show, op::String(FLAGS_model_folder),
      |                    [01;31m[K^~~~~~~~~~~~~~~~[m[K
[01m[K/home/jakeluo/Documents/MonitoringSystemRos2/src/openpose/src/openpose.cpp:75:45:[m[K [01;31m[Kerror: [m[K‘[01m[KFLAGS_alpha_heatmap[m[K’ was not declared in this scope
   75 |             (float)FLAGS_alpha_pose, (float)[01;31m[KFLAGS_alpha_heatmap[m[K, FLAGS_part_to_show, op::String(FLAGS_model_folder),
      |                                             [01;31m[K^~~~~~~~~~~~~~~~~~~[m[K
[01m[K/home/jakeluo/Documents/MonitoringSystemRos2/src/openpose/src/openpose.cpp:75:66:[m[K [01;31m[Kerror: [m[K‘[01m[KFLAGS_part_to_show[m[K’ was not declared in this scope
   75 |         (float)FLAGS_alpha_pose, (float)FLAGS_alpha_heatmap, [01;31m[KFLAGS_part_to_show[m[K, op::String(FLAGS_model_folder),
      |                                                              [01;31m[K^~~~~~~~~~~~~~~~~~[m[K

[01m[K/home/jakeluo/Documents/MonitoringSystemRos2/src/openpose/src/openpose.cpp:75:97:[m[K [01;31m[Kerror: [m[K‘[01m[KFLAGS_model_folder[m[K’ was not declared in this scope
   75 | , (float)FLAGS_alpha_heatmap, FLAGS_part_to_show, op::String([01;31m[KFLAGS_model_folder[m[K),
      |                                                              [01;31m[K^~~~~~~~~~~~~~~~~~[m[K

[01m[K/home/jakeluo/Documents/MonitoringSystemRos2/src/openpose/src/openpose.cpp:76:45:[m[K [01;31m[Kerror: [m[K‘[01m[KFLAGS_part_candidates[m[K’ was not declared in this scope
   76 |             heatMapTypes, heatMapScaleMode, [01;31m[KFLAGS_part_candidates[m[K, (float)FLAGS_render_threshold,
      |                                             [01;31m[K^~~~~~~~~~~~~~~~~~~~~[m[K
[01m[K/home/jakeluo/Documents/MonitoringSystemRos2/src/openpose/src/openpose.cpp:76:75:[m[K [01;31m[Kerror: [m[K‘[01m[KFLAGS_render_threshold[m[K’ was not declared in this scope
   76 | eatMapTypes, heatMapScaleMode, FLAGS_part_candidates, (float)[01;31m[KFLAGS_render_threshold[m[K,
      |                                                              [01;31m[K^~~~~~~~~~~~~~~~~~~~~~[m[K

[01m[K/home/jakeluo/Documents/MonitoringSystemRos2/src/openpose/src/openpose.cpp:77:13:[m[K [01;31m[Kerror: [m[K‘[01m[KFLAGS_number_people_max[m[K’ was not declared in this scope
   77 |             [01;31m[KFLAGS_number_people_max[m[K, FLAGS_maximize_positives, FLAGS_fps_max, op::String(FLAGS_prototxt_path),
      |             [01;31m[K^~~~~~~~~~~~~~~~~~~~~~~[m[K
[01m[K/home/jakeluo/Documents/MonitoringSystemRos2/src/openpose/src/openpose.cpp:77:38:[m[K [01;31m[Kerror: [m[K‘[01m[KFLAGS_maximize_positives[m[K’ was not declared in this scope
   77 |             FLAGS_number_people_max, [01;31m[KFLAGS_maximize_positives[m[K, FLAGS_fps_max, op::String(FLAGS_prototxt_path),
      |                                      [01;31m[K^~~~~~~~~~~~~~~~~~~~~~~~[m[K
[01m[K/home/jakeluo/Documents/MonitoringSystemRos2/src/openpose/src/openpose.cpp:77:64:[m[K [01;31m[Kerror: [m[K‘[01m[KFLAGS_fps_max[m[K’ was not declared in this scope
   77 |           FLAGS_number_people_max, FLAGS_maximize_positives, [01;31m[KFLAGS_fps_max[m[K, op::String(FLAGS_prototxt_path),
      |                                                              [01;31m[K^~~~~~~~~~~~~[m[K

[01m[K/home/jakeluo/Documents/MonitoringSystemRos2/src/openpose/src/openpose.cpp:77:90:[m[K [01;31m[Kerror: [m[K‘[01m[KFLAGS_prototxt_path[m[K’ was not declared in this scope
   77 | ple_max, FLAGS_maximize_positives, FLAGS_fps_max, op::String([01;31m[KFLAGS_prototxt_path[m[K),
      |                                                              [01;31m[K^~~~~~~~~~~~~~~~~~~[m[K

[01m[K/home/jakeluo/Documents/MonitoringSystemRos2/src/openpose/src/openpose.cpp:78:24:[m[K [01;31m[Kerror: [m[K‘[01m[KFLAGS_caffemodel_path[m[K’ was not declared in this scope
   78 |             op::String([01;31m[KFLAGS_caffemodel_path[m[K), (float)FLAGS_upsampling_ratio, enableGoogleLogging};
      |                        [01;31m[K^~~~~~~~~~~~~~~~~~~~~[m[K
[01m[K/home/jakeluo/Documents/MonitoringSystemRos2/src/openpose/src/openpose.cpp:78:55:[m[K [01;31m[Kerror: [m[K‘[01m[KFLAGS_upsampling_ratio[m[K’ was not declared in this scope
   78 |             op::String(FLAGS_caffemodel_path), (float)[01;31m[KFLAGS_upsampling_ratio[m[K, enableGoogleLogging};
      |                                                       [01;31m[K^~~~~~~~~~~~~~~~~~~~~~[m[K
[01m[K/home/jakeluo/Documents/MonitoringSystemRos2/src/openpose/src/openpose.cpp:78:98:[m[K [01;31m[Kerror: [m[Kno matching function for call to ‘[01m[Kop::WrapperStructPose::WrapperStructPose(<brace-enclosed initializer list>)[m[K’
   78 | del_path), (float)FLAGS_upsampling_ratio, enableGoogleLogging[01;31m[K}[m[K;
      |                                                              [01;31m[K^[m[K

In file included from [01m[K/home/jakeluo/Documents/MonitoringSystemRos2/src/openpose/include/openpose/wrapper/wrapper.hpp:13[m[K,
                 from [01m[K/home/jakeluo/Documents/MonitoringSystemRos2/src/openpose/include/openpose/wrapper/headers.hpp:6[m[K,
                 from [01m[K/home/jakeluo/Documents/MonitoringSystemRos2/src/openpose/include/openpose/headers.hpp:47[m[K,
                 from [01m[K/home/jakeluo/Documents/MonitoringSystemRos2/src/openpose/include/openpose.hpp:8[m[K,
                 from [01m[K/home/jakeluo/Documents/MonitoringSystemRos2/src/openpose/src/openpose.cpp:1[m[K:
[01m[K/home/jakeluo/Documents/MonitoringSystemRos2/src/openpose/include/openpose/wrapper/wrapperStructPose.hpp:221:9:[m[K [01;36m[Knote: [m[Kcandidate: ‘[01m[Kop::WrapperStructPose::WrapperStructPose(op::PoseMode, const op::Point<int>&, double, const op::Point<int>&, op::ScaleMode, int, int, int, float, op::RenderMode, op::PoseModel, bool, float, float, int, const op::String&, const std::vector<op::HeatMapType>&, op::ScaleMode, bool, float, int, bool, double, const op::String&, const op::String&, float, bool)[m[K’
  221 |         [01;36m[KWrapperStructPose[m[K(
      |         [01;36m[K^~~~~~~~~~~~~~~~~[m[K
[01m[K/home/jakeluo/Documents/MonitoringSystemRos2/src/openpose/include/openpose/wrapper/wrapperStructPose.hpp:221:9:[m[K [01;36m[Knote: [m[K  conversion of argument 1 would be ill-formed:
[01m[K/home/jakeluo/Documents/MonitoringSystemRos2/src/openpose/include/openpose/wrapper/wrapperStructPose.hpp:18:19:[m[K [01;36m[Knote: [m[Kcandidate: ‘[01m[Kop::WrapperStructPose::WrapperStructPose(const op::WrapperStructPose&)[m[K’
   18 |     struct OP_API [01;36m[KWrapperStructPose[m[K
      |                   [01;36m[K^~~~~~~~~~~~~~~~~[m[K
[01m[K/home/jakeluo/Documents/MonitoringSystemRos2/src/openpose/include/openpose/wrapper/wrapperStructPose.hpp:18:19:[m[K [01;36m[Knote: [m[K  candidate expects 1 argument, 27 provided
[01m[K/home/jakeluo/Documents/MonitoringSystemRos2/src/openpose/include/openpose/wrapper/wrapperStructPose.hpp:18:19:[m[K [01;36m[Knote: [m[Kcandidate: ‘[01m[Kop::WrapperStructPose::WrapperStructPose(op::WrapperStructPose&&)[m[K’
[01m[K/home/jakeluo/Documents/MonitoringSystemRos2/src/openpose/include/openpose/wrapper/wrapperStructPose.hpp:18:19:[m[K [01;36m[Knote: [m[K  candidate expects 1 argument, 27 provided
[01m[K/home/jakeluo/Documents/MonitoringSystemRos2/src/openpose/src/openpose.cpp:82:13:[m[K [01;31m[Kerror: [m[K‘[01m[KFLAGS_face[m[K’ was not declared in this scope
   82 |             [01;31m[KFLAGS_face[m[K, faceDetector, faceNetInputSize,
      |             [01;31m[K^~~~~~~~~~[m[K
[01m[K/home/jakeluo/Documents/MonitoringSystemRos2/src/openpose/src/openpose.cpp:83:35:[m[K [01;31m[Kerror: [m[K‘[01m[KFLAGS_face_render[m[K’ was not declared in this scope
   83 |             op::flagsToRenderMode([01;31m[KFLAGS_face_render[m[K, multipleView, FLAGS_render_pose),
      |                                   [01;31m[K^~~~~~~~~~~~~~~~~[m[K
[01m[K/home/jakeluo/Documents/MonitoringSystemRos2/src/openpose/src/openpose.cpp:84:20:[m[K [01;31m[Kerror: [m[K‘[01m[KFLAGS_face_alpha_pose[m[K’ was not declared in this scope
   84 |             (float)[01;31m[KFLAGS_face_alpha_pose[m[K, (float)FLAGS_face_alpha_heatmap, (float)FLAGS_face_render_threshold};
      |                    [01;31m[K^~~~~~~~~~~~~~~~~~~~~[m[K
[01m[K/home/jakeluo/Documents/MonitoringSystemRos2/src/openpose/src/openpose.cpp:84:50:[m[K [01;31m[Kerror: [m[K‘[01m[KFLAGS_face_alpha_heatmap[m[K’ was not declared in this scope
   84 |             (float)FLAGS_face_alpha_pose, (float)[01;31m[KFLAGS_face_alpha_heatmap[m[K, (float)FLAGS_face_render_threshold};
      |                                                  [01;31m[K^~~~~~~~~~~~~~~~~~~~~~~~[m[K
[01m[K/home/jakeluo/Documents/MonitoringSystemRos2/src/openpose/src/openpose.cpp:84:83:[m[K [01;31m[Kerror: [m[K‘[01m[KFLAGS_face_render_threshold[m[K’ was not declared in this scope
   84 | AGS_face_alpha_pose, (float)FLAGS_face_alpha_heatmap, (float)[01;31m[KFLAGS_face_render_threshold[m[K};
      |                                                              [01;31m[K^~~~~~~~~~~~~~~~~~~~~~~~~~~[m[K

[01m[K/home/jakeluo/Documents/MonitoringSystemRos2/src/openpose/src/openpose.cpp:84:110:[m[K [01;31m[Kerror: [m[Kno matching function for call to ‘[01m[Kop::WrapperStructFace::WrapperStructFace(<brace-enclosed initializer list>)[m[K’
   84 | )FLAGS_face_alpha_heatmap, (float)FLAGS_face_render_threshold[01;31m[K}[m[K;
      |                                                              [01;31m[K^[m[K

In file included from [01m[K/home/jakeluo/Documents/MonitoringSystemRos2/src/openpose/include/openpose/wrapper/wrapper.hpp:8[m[K,
                 from [01m[K/home/jakeluo/Documents/MonitoringSystemRos2/src/openpose/include/openpose/wrapper/headers.hpp:6[m[K,
                 from [01m[K/home/jakeluo/Documents/MonitoringSystemRos2/src/openpose/include/openpose/headers.hpp:47[m[K,
                 from [01m[K/home/jakeluo/Documents/MonitoringSystemRos2/src/openpose/include/openpose.hpp:8[m[K,
                 from [01m[K/home/jakeluo/Documents/MonitoringSystemRos2/src/openpose/src/openpose.cpp:1[m[K:
[01m[K/home/jakeluo/Documents/MonitoringSystemRos2/src/openpose/include/openpose/wrapper/wrapperStructFace.hpp:69:9:[m[K [01;36m[Knote: [m[Kcandidate: ‘[01m[Kop::WrapperStructFace::WrapperStructFace(bool, op::Detector, const op::Point<int>&, op::RenderMode, float, float, float)[m[K’
   69 |         [01;36m[KWrapperStructFace[m[K(
      |         [01;36m[K^~~~~~~~~~~~~~~~~[m[K
[01m[K/home/jakeluo/Documents/MonitoringSystemRos2/src/openpose/include/openpose/wrapper/wrapperStructFace.hpp:69:9:[m[K [01;36m[Knote: [m[K  conversion of argument 1 would be ill-formed:
[01m[K/home/jakeluo/Documents/MonitoringSystemRos2/src/openpose/include/openpose/wrapper/wrapperStructFace.hpp:16:19:[m[K [01;36m[Knote: [m[Kcandidate: ‘[01m[Kop::WrapperStructFace::WrapperStructFace(const op::WrapperStructFace&)[m[K’
   16 |     struct OP_API [01;36m[KWrapperStructFace[m[K
      |                   [01;36m[K^~~~~~~~~~~~~~~~~[m[K
[01m[K/home/jakeluo/Documents/MonitoringSystemRos2/src/openpose/include/openpose/wrapper/wrapperStructFace.hpp:16:19:[m[K [01;36m[Knote: [m[K  candidate expects 1 argument, 7 provided
[01m[K/home/jakeluo/Documents/MonitoringSystemRos2/src/openpose/include/openpose/wrapper/wrapperStructFace.hpp:16:19:[m[K [01;36m[Knote: [m[Kcandidate: ‘[01m[Kop::WrapperStructFace::WrapperStructFace(op::WrapperStructFace&&)[m[K’
[01m[K/home/jakeluo/Documents/MonitoringSystemRos2/src/openpose/include/openpose/wrapper/wrapperStructFace.hpp:16:19:[m[K [01;36m[Knote: [m[K  candidate expects 1 argument, 7 provided
[01m[K/home/jakeluo/Documents/MonitoringSystemRos2/src/openpose/src/openpose.cpp:88:13:[m[K [01;31m[Kerror: [m[K‘[01m[KFLAGS_hand[m[K’ was not declared in this scope
   88 |             [01;31m[KFLAGS_hand[m[K, handDetector, handNetInputSize, FLAGS_hand_scale_number, (float)FLAGS_hand_scale_range,
      |             [01;31m[K^~~~~~~~~~[m[K
[01m[K/home/jakeluo/Documents/MonitoringSystemRos2/src/openpose/src/openpose.cpp:88:57:[m[K [01;31m[Kerror: [m[K‘[01m[KFLAGS_hand_scale_number[m[K’ was not declared in this scope
   88 |             FLAGS_hand, handDetector, handNetInputSize, [01;31m[KFLAGS_hand_scale_number[m[K, (float)FLAGS_hand_scale_range,
      |                                                         [01;31m[K^~~~~~~~~~~~~~~~~~~~~~~[m[K
[01m[K/home/jakeluo/Documents/MonitoringSystemRos2/src/openpose/src/openpose.cpp:88:89:[m[K [01;31m[Kerror: [m[K‘[01m[KFLAGS_hand_scale_range[m[K’ was not declared in this scope
   88 | dDetector, handNetInputSize, FLAGS_hand_scale_number, (float)[01;31m[KFLAGS_hand_scale_range[m[K,
      |                                                              [01;31m[K^~~~~~~~~~~~~~~~~~~~~~[m[K

[01m[K/home/jakeluo/Documents/MonitoringSystemRos2/src/openpose/src/openpose.cpp:89:35:[m[K [01;31m[Kerror: [m[K‘[01m[KFLAGS_hand_render[m[K’ was not declared in this scope
   89 |             op::flagsToRenderMode([01;31m[KFLAGS_hand_render[m[K, multipleView, FLAGS_render_pose), (float)FLAGS_hand_alpha_pose,
      |                                   [01;31m[K^~~~~~~~~~~~~~~~~[m[K
[01m[K/home/jakeluo/Documents/MonitoringSystemRos2/src/openpose/src/openpose.cpp:89:95:[m[K [01;31m[Kerror: [m[K‘[01m[KFLAGS_hand_alpha_pose[m[K’ was not declared in this scope
   89 | (FLAGS_hand_render, multipleView, FLAGS_render_pose), (float)[01;31m[KFLAGS_hand_alpha_pose[m[K,
      |                                                              [01;31m[K^~~~~~~~~~~~~~~~~~~~~[m[K

[01m[K/home/jakeluo/Documents/MonitoringSystemRos2/src/openpose/src/openpose.cpp:90:20:[m[K [01;31m[Kerror: [m[K‘[01m[KFLAGS_hand_alpha_heatmap[m[K’ was not declared in this scope
   90 |             (float)[01;31m[KFLAGS_hand_alpha_heatmap[m[K, (float)FLAGS_hand_render_threshold};
      |                    [01;31m[K^~~~~~~~~~~~~~~~~~~~~~~~[m[K
[01m[K/home/jakeluo/Documents/MonitoringSystemRos2/src/openpose/src/openpose.cpp:90:53:[m[K [01;31m[Kerror: [m[K‘[01m[KFLAGS_hand_render_threshold[m[K’ was not declared in this scope
   90 |             (float)FLAGS_hand_alpha_heatmap, (float)[01;31m[KFLAGS_hand_render_threshold[m[K};
      |                                                     [01;31m[K^~~~~~~~~~~~~~~~~~~~~~~~~~~[m[K
[01m[K/home/jakeluo/Documents/MonitoringSystemRos2/src/openpose/src/openpose.cpp:90:80:[m[K [01;31m[Kerror: [m[Kno matching function for call to ‘[01m[Kop::WrapperStructHand::WrapperStructHand(<brace-enclosed initializer list>)[m[K’
   90 | )FLAGS_hand_alpha_heatmap, (float)FLAGS_hand_render_threshold[01;31m[K}[m[K;
      |                                                              [01;31m[K^[m[K

In file included from [01m[K/home/jakeluo/Documents/MonitoringSystemRos2/src/openpose/include/openpose/wrapper/wrapper.hpp:10[m[K,
                 from [01m[K/home/jakeluo/Documents/MonitoringSystemRos2/src/openpose/include/openpose/wrapper/headers.hpp:6[m[K,
                 from [01m[K/home/jakeluo/Documents/MonitoringSystemRos2/src/openpose/include/openpose/headers.hpp:47[m[K,
                 from [01m[K/home/jakeluo/Documents/MonitoringSystemRos2/src/openpose/include/openpose.hpp:8[m[K,
                 from [01m[K/home/jakeluo/Documents/MonitoringSystemRos2/src/openpose/src/openpose.cpp:1[m[K:
[01m[K/home/jakeluo/Documents/MonitoringSystemRos2/src/openpose/include/openpose/wrapper/wrapperStructHand.hpp:88:9:[m[K [01;36m[Knote: [m[Kcandidate: ‘[01m[Kop::WrapperStructHand::WrapperStructHand(bool, op::Detector, const op::Point<int>&, int, float, op::RenderMode, float, float, float)[m[K’
   88 |         [01;36m[KWrapperStructHand[m[K(
      |         [01;36m[K^~~~~~~~~~~~~~~~~[m[K
[01m[K/home/jakeluo/Documents/MonitoringSystemRos2/src/openpose/include/openpose/wrapper/wrapperStructHand.hpp:88:9:[m[K [01;36m[Knote: [m[K  conversion of argument 1 would be ill-formed:
[01m[K/home/jakeluo/Documents/MonitoringSystemRos2/src/openpose/include/openpose/wrapper/wrapperStructHand.hpp:16:19:[m[K [01;36m[Knote: [m[Kcandidate: ‘[01m[Kop::WrapperStructHand::WrapperStructHand(const op::WrapperStructHand&)[m[K’
   16 |     struct OP_API [01;36m[KWrapperStructHand[m[K
      |                   [01;36m[K^~~~~~~~~~~~~~~~~[m[K
[01m[K/home/jakeluo/Documents/MonitoringSystemRos2/src/openpose/include/openpose/wrapper/wrapperStructHand.hpp:16:19:[m[K [01;36m[Knote: [m[K  candidate expects 1 argument, 9 provided
[01m[K/home/jakeluo/Documents/MonitoringSystemRos2/src/openpose/include/openpose/wrapper/wrapperStructHand.hpp:16:19:[m[K [01;36m[Knote: [m[Kcandidate: ‘[01m[Kop::WrapperStructHand::WrapperStructHand(op::WrapperStructHand&&)[m[K’
[01m[K/home/jakeluo/Documents/MonitoringSystemRos2/src/openpose/include/openpose/wrapper/wrapperStructHand.hpp:16:19:[m[K [01;36m[Knote: [m[K  candidate expects 1 argument, 9 provided
[01m[K/home/jakeluo/Documents/MonitoringSystemRos2/src/openpose/src/openpose.cpp:94:23:[m[K [01;31m[Kerror: [m[K‘[01m[KFLAGS_3d_min_views[m[K’ was not declared in this scope
   94 |             FLAGS_3d, [01;31m[KFLAGS_3d_min_views[m[K, FLAGS_identification, FLAGS_tracking, FLAGS_ik_threads};
      |                       [01;31m[K^~~~~~~~~~~~~~~~~~[m[K
[01m[K/home/jakeluo/Documents/MonitoringSystemRos2/src/openpose/src/openpose.cpp:94:43:[m[K [01;31m[Kerror: [m[K‘[01m[KFLAGS_identification[m[K’ was not declared in this scope
   94 |             FLAGS_3d, FLAGS_3d_min_views, [01;31m[KFLAGS_identification[m[K, FLAGS_tracking, FLAGS_ik_threads};
      |                                           [01;31m[K^~~~~~~~~~~~~~~~~~~~[m[K
[01m[K/home/jakeluo/Documents/MonitoringSystemRos2/src/openpose/src/openpose.cpp:94:65:[m[K [01;31m[Kerror: [m[K‘[01m[KFLAGS_tracking[m[K’ was not declared in this scope
   94 |          FLAGS_3d, FLAGS_3d_min_views, FLAGS_identification, [01;31m[KFLAGS_tracking[m[K, FLAGS_ik_threads};
      |                                                              [01;31m[K^~~~~~~~~~~~~~[m[K

[01m[K/home/jakeluo/Documents/MonitoringSystemRos2/src/openpose/src/openpose.cpp:94:81:[m[K [01;31m[Kerror: [m[K‘[01m[KFLAGS_ik_threads[m[K’ was not declared in this scope
   94 | d, FLAGS_3d_min_views, FLAGS_identification, FLAGS_tracking, [01;31m[KFLAGS_ik_threads[m[K};
      |                                                              [01;31m[K^~~~~~~~~~~~~~~~[m[K

[01m[K/home/jakeluo/Documents/MonitoringSystemRos2/src/openpose/src/openpose.cpp:94:97:[m[K [01;31m[Kerror: [m[Kno matching function for call to ‘[01m[Kop::WrapperStructExtra::WrapperStructExtra(<brace-enclosed initializer list>)[m[K’
   94 | views, FLAGS_identification, FLAGS_tracking, FLAGS_ik_threads[01;31m[K}[m[K;
      |                                                              [01;31m[K^[m[K

In file included from [01m[K/home/jakeluo/Documents/MonitoringSystemRos2/src/openpose/include/openpose/wrapper/wrapper.hpp:7[m[K,
                 from [01m[K/home/jakeluo/Documents/MonitoringSystemRos2/src/openpose/include/openpose/wrapper/headers.hpp:6[m[K,
                 from [01m[K/home/jakeluo/Documents/MonitoringSystemRos2/src/openpose/include/openpose/headers.hpp:47[m[K,
                 from [01m[K/home/jakeluo/Documents/MonitoringSystemRos2/src/openpose/include/openpose.hpp:8[m[K,
                 from [01m[K/home/jakeluo/Documents/MonitoringSystemRos2/src/openpose/src/openpose.cpp:1[m[K:
[01m[K/home/jakeluo/Documents/MonitoringSystemRos2/src/openpose/include/openpose/wrapper/wrapperStructExtra.hpp:54:9:[m[K [01;36m[Knote: [m[Kcandidate: ‘[01m[Kop::WrapperStructExtra::WrapperStructExtra(bool, int, bool, int, int)[m[K’
   54 |         [01;36m[KWrapperStructExtra[m[K(
      |         [01;36m[K^~~~~~~~~~~~~~~~~~[m[K
[01m[K/home/jakeluo/Documents/MonitoringSystemRos2/src/openpose/include/openpose/wrapper/wrapperStructExtra.hpp:54:9:[m[K [01;36m[Knote: [m[K  conversion of argument 1 would be ill-formed:
[01m[K/home/jakeluo/Documents/MonitoringSystemRos2/src/openpose/include/openpose/wrapper/wrapperStructExtra.hpp:13:19:[m[K [01;36m[Knote: [m[Kcandidate: ‘[01m[Kconstexpr op::WrapperStructExtra::WrapperStructExtra(const op::WrapperStructExtra&)[m[K’
   13 |     struct OP_API [01;36m[KWrapperStructExtra[m[K
      |                   [01;36m[K^~~~~~~~~~~~~~~~~~[m[K
[01m[K/home/jakeluo/Documents/MonitoringSystemRos2/src/openpose/include/openpose/wrapper/wrapperStructExtra.hpp:13:19:[m[K [01;36m[Knote: [m[K  candidate expects 1 argument, 5 provided
[01m[K/home/jakeluo/Documents/MonitoringSystemRos2/src/openpose/include/openpose/wrapper/wrapperStructExtra.hpp:13:19:[m[K [01;36m[Knote: [m[Kcandidate: ‘[01m[Kconstexpr op::WrapperStructExtra::WrapperStructExtra(op::WrapperStructExtra&&)[m[K’
[01m[K/home/jakeluo/Documents/MonitoringSystemRos2/src/openpose/include/openpose/wrapper/wrapperStructExtra.hpp:13:19:[m[K [01;36m[Knote: [m[K  candidate expects 1 argument, 5 provided
[01m[K/home/jakeluo/Documents/MonitoringSystemRos2/src/openpose/src/openpose.cpp:98:43:[m[K [01;31m[Kerror: [m[K‘[01m[KFLAGS_frame_first[m[K’ was not declared in this scope
   98 |             producerType, producerString, [01;31m[KFLAGS_frame_first[m[K, FLAGS_frame_step, FLAGS_frame_last,
      |                                           [01;31m[K^~~~~~~~~~~~~~~~~[m[K
[01m[K/home/jakeluo/Documents/MonitoringSystemRos2/src/openpose/src/openpose.cpp:98:62:[m[K [01;31m[Kerror: [m[K‘[01m[KFLAGS_frame_step[m[K’ was not declared in this scope
   98 |             producerType, producerString, FLAGS_frame_first, [01;31m[KFLAGS_frame_step[m[K, FLAGS_frame_last,
      |                                                              [01;31m[K^~~~~~~~~~~~~~~~[m[K
[01m[K/home/jakeluo/Documents/MonitoringSystemRos2/src/openpose/src/openpose.cpp:98:80:[m[K [01;31m[Kerror: [m[K‘[01m[KFLAGS_frame_last[m[K’ was not declared in this scope
   98 | cerType, producerString, FLAGS_frame_first, FLAGS_frame_step, [01;31m[KFLAGS_frame_last[m[K,
      |                                                               [01;31m[K^~~~~~~~~~~~~~~~[m[K

[01m[K/home/jakeluo/Documents/MonitoringSystemRos2/src/openpose/src/openpose.cpp:99:13:[m[K [01;31m[Kerror: [m[K‘[01m[KFLAGS_process_real_time[m[K’ was not declared in this scope
   99 |             [01;31m[KFLAGS_process_real_time[m[K, FLAGS_frame_flip, FLAGS_frame_rotate, FLAGS_frames_repeat,
      |             [01;31m[K^~~~~~~~~~~~~~~~~~~~~~~[m[K
[01m[K/home/jakeluo/Documents/MonitoringSystemRos2/src/openpose/src/openpose.cpp:99:38:[m[K [01;31m[Kerror: [m[K‘[01m[KFLAGS_frame_flip[m[K’ was not declared in this scope
   99 |             FLAGS_process_real_time, [01;31m[KFLAGS_frame_flip[m[K, FLAGS_frame_rotate, FLAGS_frames_repeat,
      |                                      [01;31m[K^~~~~~~~~~~~~~~~[m[K
[01m[K/home/jakeluo/Documents/MonitoringSystemRos2/src/openpose/src/openpose.cpp:99:56:[m[K [01;31m[Kerror: [m[K‘[01m[KFLAGS_frame_rotate[m[K’ was not declared in this scope
   99 |             FLAGS_process_real_time, FLAGS_frame_flip, [01;31m[KFLAGS_frame_rotate[m[K, FLAGS_frames_repeat,
      |                                                        [01;31m[K^~~~~~~~~~~~~~~~~~[m[K
[01m[K/home/jakeluo/Documents/MonitoringSystemRos2/src/openpose/src/openpose.cpp:99:76:[m[K [01;31m[Kerror: [m[K‘[01m[KFLAGS_frames_repeat[m[K’ was not declared in this scope
   99 | AGS_process_real_time, FLAGS_frame_flip, FLAGS_frame_rotate, [01;31m[KFLAGS_frames_repeat[m[K,
      |                                                              [01;31m[K^~~~~~~~~~~~~~~~~~~[m[K

[01m[K/home/jakeluo/Documents/MonitoringSystemRos2/src/openpose/src/openpose.cpp:100:36:[m[K [01;31m[Kerror: [m[K‘[01m[KFLAGS_camera_parameter_path[m[K’ was not declared in this scope
  100 |             cameraSize, op::String([01;31m[KFLAGS_camera_parameter_path[m[K), FLAGS_frame_undistort, FLAGS_3d_views};
      |                                    [01;31m[K^~~~~~~~~~~~~~~~~~~~~~~~~~~[m[K
[01m[K/home/jakeluo/Documents/MonitoringSystemRos2/src/openpose/src/openpose.cpp:100:66:[m[K [01;31m[Kerror: [m[K‘[01m[KFLAGS_frame_undistort[m[K’ was not declared in this scope
  100 |         cameraSize, op::String(FLAGS_camera_parameter_path), [01;31m[KFLAGS_frame_undistort[m[K, FLAGS_3d_views};
      |                                                              [01;31m[K^~~~~~~~~~~~~~~~~~~~~[m[K

[01m[K/home/jakeluo/Documents/MonitoringSystemRos2/src/openpose/src/openpose.cpp:100:103:[m[K [01;31m[Kerror: [m[Kno matching function for call to ‘[01m[Kop::WrapperStructInput::WrapperStructInput(<brace-enclosed initializer list>)[m[K’
  100 | camera_parameter_path), FLAGS_frame_undistort, FLAGS_3d_views[01;31m[K}[m[K;
      |                                                              [01;31m[K^[m[K

In file included from [01m[K/home/jakeluo/Documents/MonitoringSystemRos2/src/openpose/include/openpose/wrapper/wrapper.hpp:11[m[K,
                 from [01m[K/home/jakeluo/Documents/MonitoringSystemRos2/src/openpose/include/openpose/wrapper/headers.hpp:6[m[K,
                 from [01m[K/home/jakeluo/Documents/MonitoringSystemRos2/src/openpose/include/openpose/headers.hpp:47[m[K,
                 from [01m[K/home/jakeluo/Documents/MonitoringSystemRos2/src/openpose/include/openpose.hpp:8[m[K,
                 from [01m[K/home/jakeluo/Documents/MonitoringSystemRos2/src/openpose/src/openpose.cpp:1[m[K:
[01m[K/home/jakeluo/Documents/MonitoringSystemRos2/src/openpose/include/openpose/wrapper/wrapperStructInput.hpp:99:9:[m[K [01;36m[Knote: [m[Kcandidate: ‘[01m[Kop::WrapperStructInput::WrapperStructInput(op::ProducerType, const op::String&, long long unsigned int, long long unsigned int, long long unsigned int, bool, bool, int, bool, const op::Point<int>&, const op::String&, bool, int)[m[K’
   99 |         [01;36m[KWrapperStructInput[m[K(
      |         [01;36m[K^~~~~~~~~~~~~~~~~~[m[K
[01m[K/home/jakeluo/Documents/MonitoringSystemRos2/src/openpose/include/openpose/wrapper/wrapperStructInput.hpp:99:9:[m[K [01;36m[Knote: [m[K  conversion of argument 3 would be ill-formed:
[01m[K/home/jakeluo/Documents/MonitoringSystemRos2/src/openpose/include/openpose/wrapper/wrapperStructInput.hpp:14:19:[m[K [01;36m[Knote: [m[Kcandidate: ‘[01m[Kop::WrapperStructInput::WrapperStructInput(const op::WrapperStructInput&)[m[K’
   14 |     struct OP_API [01;36m[KWrapperStructInput[m[K
      |                   [01;36m[K^~~~~~~~~~~~~~~~~~[m[K
[01m[K/home/jakeluo/Documents/MonitoringSystemRos2/src/openpose/include/openpose/wrapper/wrapperStructInput.hpp:14:19:[m[K [01;36m[Knote: [m[K  candidate expects 1 argument, 13 provided
[01m[K/home/jakeluo/Documents/MonitoringSystemRos2/src/openpose/include/openpose/wrapper/wrapperStructInput.hpp:14:19:[m[K [01;36m[Knote: [m[Kcandidate: ‘[01m[Kop::WrapperStructInput::WrapperStructInput(op::WrapperStructInput&&)[m[K’
[01m[K/home/jakeluo/Documents/MonitoringSystemRos2/src/openpose/include/openpose/wrapper/wrapperStructInput.hpp:14:19:[m[K [01;36m[Knote: [m[K  candidate expects 1 argument, 13 provided
[01m[K/home/jakeluo/Documents/MonitoringSystemRos2/src/openpose/src/openpose.cpp:104:13:[m[K [01;31m[Kerror: [m[K‘[01m[KFLAGS_cli_verbose[m[K’ was not declared in this scope
  104 |             [01;31m[KFLAGS_cli_verbose[m[K, op::String(FLAGS_write_keypoint), op::stringToDataFormat(FLAGS_write_keypoint_format),
      |             [01;31m[K^~~~~~~~~~~~~~~~~[m[K
[01m[K/home/jakeluo/Documents/MonitoringSystemRos2/src/openpose/src/openpose.cpp:104:43:[m[K [01;31m[Kerror: [m[K‘[01m[KFLAGS_write_keypoint[m[K’ was not declared in this scope
  104 |             FLAGS_cli_verbose, op::String([01;31m[KFLAGS_write_keypoint[m[K), op::stringToDataFormat(FLAGS_write_keypoint_format),
      |                                           [01;31m[K^~~~~~~~~~~~~~~~~~~~[m[K
[01m[K/home/jakeluo/Documents/MonitoringSystemRos2/src/openpose/src/openpose.cpp:104:89:[m[K [01;31m[Kerror: [m[K‘[01m[KFLAGS_write_keypoint_format[m[K’ was not declared in this scope
  104 | se, op::String(FLAGS_write_keypoint), op::stringToDataFormat([01;31m[KFLAGS_write_keypoint_format[m[K),
      |                                                              [01;31m[K^~~~~~~~~~~~~~~~~~~~~~~~~~~[m[K

[01m[K/home/jakeluo/Documents/MonitoringSystemRos2/src/openpose/src/openpose.cpp:105:24:[m[K [01;31m[Kerror: [m[K‘[01m[KFLAGS_write_json[m[K’ was not declared in this scope
  105 |             op::String([01;31m[KFLAGS_write_json[m[K), op::String(FLAGS_write_coco_json), FLAGS_write_coco_json_variants,
      |                        [01;31m[K^~~~~~~~~~~~~~~~[m[K
[01m[K/home/jakeluo/Documents/MonitoringSystemRos2/src/openpose/src/openpose.cpp:105:54:[m[K [01;31m[Kerror: [m[K‘[01m[KFLAGS_write_coco_json[m[K’ was not declared in this scope
  105 |             op::String(FLAGS_write_json), op::String([01;31m[KFLAGS_write_coco_json[m[K), FLAGS_write_coco_json_variants,
      |                                                      [01;31m[K^~~~~~~~~~~~~~~~~~~~~[m[K
[01m[K/home/jakeluo/Documents/MonitoringSystemRos2/src/openpose/src/openpose.cpp:105:78:[m[K [01;31m[Kerror: [m[K‘[01m[KFLAGS_write_coco_json_variants[m[K’ was not declared in this scope
  105 | String(FLAGS_write_json), op::String(FLAGS_write_coco_json), [01;31m[KFLAGS_write_coco_json_variants[m[K,
      |                                                              [01;31m[K^~~~~~~~~~~~~~~~~~~~~~~~~~~~~~[m[K

[01m[K/home/jakeluo/Documents/MonitoringSystemRos2/src/openpose/src/openpose.cpp:106:13:[m[K [01;31m[Kerror: [m[K‘[01m[KFLAGS_write_coco_json_variant[m[K’ was not declared in this scope
  106 |             [01;31m[KFLAGS_write_coco_json_variant[m[K, op::String(FLAGS_write_images), op::String(FLAGS_write_images_format),
      |             [01;31m[K^~~~~~~~~~~~~~~~~~~~~~~~~~~~~[m[K
[01m[K/home/jakeluo/Documents/MonitoringSystemRos2/src/openpose/src/openpose.cpp:106:55:[m[K [01;31m[Kerror: [m[K‘[01m[KFLAGS_write_images[m[K’ was not declared in this scope
  106 |             FLAGS_write_coco_json_variant, op::String([01;31m[KFLAGS_write_images[m[K), op::String(FLAGS_write_images_format),
      |                                                       [01;31m[K^~~~~~~~~~~~~~~~~~[m[K
[01m[K/home/jakeluo/Documents/MonitoringSystemRos2/src/openpose/src/openpose.cpp:106:87:[m[K [01;31m[Kerror: [m[K‘[01m[KFLAGS_write_images_format[m[K’ was not declared in this scope
  106 | oco_json_variant, op::String(FLAGS_write_images), op::String([01;31m[KFLAGS_write_images_format[m[K),
      |                                                              [01;31m[K^~~~~~~~~~~~~~~~~~~~~~~~~[m[K

[01m[K/home/jakeluo/Documents/MonitoringSystemRos2/src/openpose/src/openpose.cpp:107:24:[m[K [01;31m[Kerror: [m[K‘[01m[KFLAGS_write_video[m[K’ was not declared in this scope
  107 |             op::String([01;31m[KFLAGS_write_video[m[K), FLAGS_write_video_fps, FLAGS_write_video_with_audio,
      |                        [01;31m[K^~~~~~~~~~~~~~~~~[m[K
[01m[K/home/jakeluo/Documents/MonitoringSystemRos2/src/openpose/src/openpose.cpp:107:44:[m[K [01;31m[Kerror: [m[K‘[01m[KFLAGS_write_video_fps[m[K’ was not declared in this scope
  107 |             op::String(FLAGS_write_video), [01;31m[KFLAGS_write_video_fps[m[K, FLAGS_write_video_with_audio,
      |                                            [01;31m[K^~~~~~~~~~~~~~~~~~~~~[m[K
[01m[K/home/jakeluo/Documents/MonitoringSystemRos2/src/openpose/src/openpose.cpp:107:67:[m[K [01;31m[Kerror: [m[K‘[01m[KFLAGS_write_video_with_audio[m[K’ was not declared in this scope
  107 |        op::String(FLAGS_write_video), FLAGS_write_video_fps, [01;31m[KFLAGS_write_video_with_audio[m[K,
      |                                                              [01;31m[K^~~~~~~~~~~~~~~~~~~~~~~~~~~~[m[K

[01m[K/home/jakeluo/Documents/MonitoringSystemRos2/src/openpose/src/openpose.cpp:108:24:[m[K [01;31m[Kerror: [m[K‘[01m[KFLAGS_write_heatmaps[m[K’ was not declared in this scope
  108 |             op::String([01;31m[KFLAGS_write_heatmaps[m[K), op::String(FLAGS_write_heatmaps_format), op::String(FLAGS_write_video_3d),
      |                        [01;31m[K^~~~~~~~~~~~~~~~~~~~[m[K
[01m[K/home/jakeluo/Documents/MonitoringSystemRos2/src/openpose/src/openpose.cpp:108:58:[m[K [01;31m[Kerror: [m[K‘[01m[KFLAGS_write_heatmaps_format[m[K’ was not declared in this scope
  108 |             op::String(FLAGS_write_heatmaps), op::String([01;31m[KFLAGS_write_heatmaps_format[m[K), op::String(FLAGS_write_video_3d),
      |                                                          [01;31m[K^~~~~~~~~~~~~~~~~~~~~~~~~~~[m[K
[01m[K/home/jakeluo/Documents/MonitoringSystemRos2/src/openpose/src/openpose.cpp:108:99:[m[K [01;31m[Kerror: [m[K‘[01m[KFLAGS_write_video_3d[m[K’ was not declared in this scope
  108 | atmaps), op::String(FLAGS_write_heatmaps_format), op::String([01;31m[KFLAGS_write_video_3d[m[K),
      |                                                              [01;31m[K^~~~~~~~~~~~~~~~~~~~[m[K

[01m[K/home/jakeluo/Documents/MonitoringSystemRos2/src/openpose/src/openpose.cpp:109:24:[m[K [01;31m[Kerror: [m[K‘[01m[KFLAGS_write_video_adam[m[K’ was not declared in this scope
  109 |             op::String([01;31m[KFLAGS_write_video_adam[m[K), op::String(FLAGS_write_bvh), op::String(FLAGS_udp_host),
      |                        [01;31m[K^~~~~~~~~~~~~~~~~~~~~~[m[K
[01m[K/home/jakeluo/Documents/MonitoringSystemRos2/src/openpose/src/openpose.cpp:109:60:[m[K [01;31m[Kerror: [m[K‘[01m[KFLAGS_write_bvh[m[K’ was not declared in this scope
  109 |             op::String(FLAGS_write_video_adam), op::String([01;31m[KFLAGS_write_bvh[m[K), op::String(FLAGS_udp_host),
      |                                                            [01;31m[K^~~~~~~~~~~~~~~[m[K
[01m[K/home/jakeluo/Documents/MonitoringSystemRos2/src/openpose/src/openpose.cpp:109:89:[m[K [01;31m[Kerror: [m[K‘[01m[KFLAGS_udp_host[m[K’ was not declared in this scope
  109 | AGS_write_video_adam), op::String(FLAGS_write_bvh), op::String([01;31m[KFLAGS_udp_host[m[K),
      |                                                                [01;31m[K^~~~~~~~~~~~~~[m[K

[01m[K/home/jakeluo/Documents/MonitoringSystemRos2/src/openpose/src/openpose.cpp:110:24:[m[K [01;31m[Kerror: [m[K‘[01m[KFLAGS_udp_port[m[K’ was not declared in this scope
  110 |             op::String([01;31m[KFLAGS_udp_port[m[K)};
      |                        [01;31m[K^~~~~~~~~~~~~~[m[K
[01m[K/home/jakeluo/Documents/MonitoringSystemRos2/src/openpose/src/openpose.cpp:110:39:[m[K [01;31m[Kerror: [m[Kno matching function for call to ‘[01m[Kop::WrapperStructOutput::WrapperStructOutput(<brace-enclosed initializer list>)[m[K’
  110 |             op::String(FLAGS_udp_port)[01;31m[K}[m[K;
      |                                       [01;31m[K^[m[K
In file included from [01m[K/home/jakeluo/Documents/MonitoringSystemRos2/src/openpose/include/openpose/wrapper/wrapper.hpp:12[m[K,
                 from [01m[K/home/jakeluo/Documents/MonitoringSystemRos2/src/openpose/include/openpose/wrapper/headers.hpp:6[m[K,
                 from [01m[K/home/jakeluo/Documents/MonitoringSystemRos2/src/openpose/include/openpose/headers.hpp:47[m[K,
                 from [01m[K/home/jakeluo/Documents/MonitoringSystemRos2/src/openpose/include/openpose.hpp:8[m[K,
                 from [01m[K/home/jakeluo/Documents/MonitoringSystemRos2/src/openpose/src/openpose.cpp:1[m[K:
[01m[K/home/jakeluo/Documents/MonitoringSystemRos2/src/openpose/include/openpose/wrapper/wrapperStructOutput.hpp:150:9:[m[K [01;36m[Knote: [m[Kcandidate: ‘[01m[Kop::WrapperStructOutput::WrapperStructOutput(double, const op::String&, op::DataFormat, const op::String&, const op::String&, int, int, const op::String&, const op::String&, const op::String&, double, bool, const op::String&, const op::String&, const op::String&, const op::String&, const op::String&, const op::String&, const op::String&)[m[K’
  150 |         [01;36m[KWrapperStructOutput[m[K(
      |         [01;36m[K^~~~~~~~~~~~~~~~~~~[m[K
[01m[K/home/jakeluo/Documents/MonitoringSystemRos2/src/openpose/include/openpose/wrapper/wrapperStructOutput.hpp:150:9:[m[K [01;36m[Knote: [m[K  conversion of argument 1 would be ill-formed:
[01m[K/home/jakeluo/Documents/MonitoringSystemRos2/src/openpose/include/openpose/wrapper/wrapperStructOutput.hpp:13:19:[m[K [01;36m[Knote: [m[Kcandidate: ‘[01m[Kop::WrapperStructOutput::WrapperStructOutput(const op::WrapperStructOutput&)[m[K’
   13 |     struct OP_API [01;36m[KWrapperStructOutput[m[K
      |                   [01;36m[K^~~~~~~~~~~~~~~~~~~[m[K
[01m[K/home/jakeluo/Documents/MonitoringSystemRos2/src/openpose/include/openpose/wrapper/wrapperStructOutput.hpp:13:19:[m[K [01;36m[Knote: [m[K  candidate expects 1 argument, 19 provided
[01m[K/home/jakeluo/Documents/MonitoringSystemRos2/src/openpose/include/openpose/wrapper/wrapperStructOutput.hpp:13:19:[m[K [01;36m[Knote: [m[Kcandidate: ‘[01m[Kop::WrapperStructOutput::WrapperStructOutput(op::WrapperStructOutput&&)[m[K’
[01m[K/home/jakeluo/Documents/MonitoringSystemRos2/src/openpose/include/openpose/wrapper/wrapperStructOutput.hpp:13:19:[m[K [01;36m[Knote: [m[K  candidate expects 1 argument, 19 provided
[01m[K/home/jakeluo/Documents/MonitoringSystemRos2/src/openpose/src/openpose.cpp:114:49:[m[K [01;31m[Kerror: [m[K‘[01m[Kno_gui_verbose[m[K’ was not declared in this scope
  114 |             op::flagsToDisplayMode(-1, false), ![01;31m[Kno_gui_verbose[m[K, fullscreen};
      |                                                 [01;31m[K^~~~~~~~~~~~~~[m[K
[01m[K/home/jakeluo/Documents/MonitoringSystemRos2/src/openpose/src/openpose.cpp:114:65:[m[K [01;31m[Kerror: [m[K‘[01m[Kfullscreen[m[K’ was not declared in this scope
  114 |             op::flagsToDisplayMode(-1, false), !no_gui_verbose, [01;31m[Kfullscreen[m[K};
      |                                                                 [01;31m[K^~~~~~~~~~[m[K
[01m[K/home/jakeluo/Documents/MonitoringSystemRos2/src/openpose/src/openpose.cpp:114:75:[m[K [01;31m[Kerror: [m[Kno matching function for call to ‘[01m[Kop::WrapperStructGui::WrapperStructGui(<brace-enclosed initializer list>)[m[K’
  114 |             op::flagsToDisplayMode(-1, false), !no_gui_verbose, fullscreen[01;31m[K}[m[K;
      |                                                                           [01;31m[K^[m[K
In file included from [01m[K/home/jakeluo/Documents/MonitoringSystemRos2/src/openpose/include/openpose/wrapper/wrapper.hpp:9[m[K,
                 from [01m[K/home/jakeluo/Documents/MonitoringSystemRos2/src/openpose/include/openpose/wrapper/headers.hpp:6[m[K,
                 from [01m[K/home/jakeluo/Documents/MonitoringSystemRos2/src/openpose/include/openpose/headers.hpp:47[m[K,
                 from [01m[K/home/jakeluo/Documents/MonitoringSystemRos2/src/openpose/include/openpose.hpp:8[m[K,
                 from [01m[K/home/jakeluo/Documents/MonitoringSystemRos2/src/openpose/src/openpose.cpp:1[m[K:
[01m[K/home/jakeluo/Documents/MonitoringSystemRos2/src/openpose/include/openpose/wrapper/wrapperStructGui.hpp:42:9:[m[K [01;36m[Knote: [m[Kcandidate: ‘[01m[Kop::WrapperStructGui::WrapperStructGui(op::DisplayMode, bool, bool)[m[K’
   42 |         [01;36m[KWrapperStructGui[m[K(
      |         [01;36m[K^~~~~~~~~~~~~~~~[m[K
[01m[K/home/jakeluo/Documents/MonitoringSystemRos2/src/openpose/include/openpose/wrapper/wrapperStructGui.hpp:42:9:[m[K [01;36m[Knote: [m[K  conversion of argument 2 would be ill-formed:
[01m[K/home/jakeluo/Documents/MonitoringSystemRos2/src/openpose/include/openpose/wrapper/wrapperStructGui.hpp:12:19:[m[K [01;36m[Knote: [m[Kcandidate: ‘[01m[Kconstexpr op::WrapperStructGui::WrapperStructGui(const op::WrapperStructGui&)[m[K’
   12 |     struct OP_API [01;36m[KWrapperStructGui[m[K
      |                   [01;36m[K^~~~~~~~~~~~~~~~[m[K
[01m[K/home/jakeluo/Documents/MonitoringSystemRos2/src/openpose/include/openpose/wrapper/wrapperStructGui.hpp:12:19:[m[K [01;36m[Knote: [m[K  candidate expects 1 argument, 3 provided
[01m[K/home/jakeluo/Documents/MonitoringSystemRos2/src/openpose/include/openpose/wrapper/wrapperStructGui.hpp:12:19:[m[K [01;36m[Knote: [m[Kcandidate: ‘[01m[Kconstexpr op::WrapperStructGui::WrapperStructGui(op::WrapperStructGui&&)[m[K’
[01m[K/home/jakeluo/Documents/MonitoringSystemRos2/src/openpose/include/openpose/wrapper/wrapperStructGui.hpp:12:19:[m[K [01;36m[Knote: [m[K  candidate expects 1 argument, 3 provided
make[2]: *** [CMakeFiles/estimater.dir/build.make:63：CMakeFiles/estimater.dir/src/openpose.cpp.o] 错误 1
make[1]: *** [CMakeFiles/Makefile2:78：CMakeFiles/estimater.dir/all] 错误 2
make: *** [Makefile:141：all] 错误 2
