[0.598s] Invoking command in '/home/jakeluo/Documents/MonitoringSystemRos2/src/humandetection': PYTHONPATH=/home/jakeluo/Documents/MonitoringSystemRos2/src/install/humandetection/lib/python3.8/site-packages:${PYTHONPATH} /usr/bin/python3 setup.py egg_info --egg-base ../build/humandetection build --build-base /home/jakeluo/Documents/MonitoringSystemRos2/src/build/humandetection/build install --prefix /home/jakeluo/Documents/MonitoringSystemRos2/src/install/humandetection --record /home/jakeluo/Documents/MonitoringSystemRos2/src/build/humandetection/install.log --single-version-externally-managed
[1.045s] running egg_info
[1.046s] writing ../build/humandetection/humandetection.egg-info/PKG-INFO
[1.046s] writing dependency_links to ../build/humandetection/humandetection.egg-info/dependency_links.txt
[1.046s] writing entry points to ../build/humandetection/humandetection.egg-info/entry_points.txt
[1.046s] writing requirements to ../build/humandetection/humandetection.egg-info/requires.txt
[1.046s] writing top-level names to ../build/humandetection/humandetection.egg-info/top_level.txt
[4.578s] reading manifest file '../build/humandetection/humandetection.egg-info/SOURCES.txt'
[4.579s] writing manifest file '../build/humandetection/humandetection.egg-info/SOURCES.txt'
[4.579s] running build
[4.579s] running build_py
[4.579s] copying humandetection/models/experimental.py -> /home/jakeluo/Documents/MonitoringSystemRos2/src/build/humandetection/build/lib/humandetection/models
[4.580s] running install
[4.583s] running install_lib
[4.584s] copying /home/jakeluo/Documents/MonitoringSystemRos2/src/build/humandetection/build/lib/humandetection/models/experimental.py -> /home/jakeluo/Documents/MonitoringSystemRos2/src/install/humandetection/lib/python3.8/site-packages/humandetection/models
[4.586s] byte-compiling /home/jakeluo/Documents/MonitoringSystemRos2/src/install/humandetection/lib/python3.8/site-packages/humandetection/models/experimental.py to experimental.cpython-38.pyc
[4.588s] running install_data
[4.589s] running install_egg_info
[4.590s] removing '/home/jakeluo/Documents/MonitoringSystemRos2/src/install/humandetection/lib/python3.8/site-packages/humandetection-0.0.0-py3.8.egg-info' (and everything under it)
[4.590s] Copying ../build/humandetection/humandetection.egg-info to /home/jakeluo/Documents/MonitoringSystemRos2/src/install/humandetection/lib/python3.8/site-packages/humandetection-0.0.0-py3.8.egg-info
[4.591s] running install_scripts
[4.621s] Installing detecter script to /home/jakeluo/Documents/MonitoringSystemRos2/src/install/humandetection/lib/humandetection
[4.621s] writing list of installed files to '/home/jakeluo/Documents/MonitoringSystemRos2/src/build/humandetection/install.log'
[4.643s] Invoked command in '/home/jakeluo/Documents/MonitoringSystemRos2/src/humandetection' returned '0': PYTHONPATH=/home/jakeluo/Documents/MonitoringSystemRos2/src/install/humandetection/lib/python3.8/site-packages:${PYTHONPATH} /usr/bin/python3 setup.py egg_info --egg-base ../build/humandetection build --build-base /home/jakeluo/Documents/MonitoringSystemRos2/src/build/humandetection/build install --prefix /home/jakeluo/Documents/MonitoringSystemRos2/src/install/humandetection --record /home/jakeluo/Documents/MonitoringSystemRos2/src/build/humandetection/install.log --single-version-externally-managed
