[35m[1mScanning dependencies of target dronemanager[0m
[35m[1mScanning dependencies of target drone[0m
[ 25%] [32mBuilding CXX object CMakeFiles/drone.dir/src/drone.cpp.o[0m
[ 50%] [32mBuilding CXX object CMakeFiles/dronemanager.dir/src/droneManager.cpp.o[0m
In file included from [01m[K/home/jakeluo/Documents/ORBSLAM_MapSave/Thirdparty/g2o/g2o/types/types_six_dof_expmap.h:41[m[K,
                 from [01m[K/home/jakeluo/Documents/ORBSLAM_MapSave/Thirdparty/g2o/g2o/types/types_seven_dof_expmap.h:36[m[K,
                 from [01m[K/home/jakeluo/Documents/ORBSLAM_MapSave/include/LoopClosing.h:34[m[K,
                 from [01m[K/home/jakeluo/Documents/ORBSLAM_MapSave/include/LocalMapping.h:26[m[K,
                 from [01m[K/home/jakeluo/Documents/ORBSLAM_MapSave/include/Tracking.h:32[m[K,
                 from [01m[K/home/jakeluo/Documents/ORBSLAM_MapSave/include/System.h:35[m[K,
                 from [01m[K/home/jakeluo/Documents/MonitoringSystemRos2/src/droneutility/include/drone.hpp:11[m[K,
                 from [01m[K/home/jakeluo/Documents/MonitoringSystemRos2/src/droneutility/src/drone.cpp:1[m[K:
[01m[K/home/jakeluo/Documents/ORBSLAM_MapSave/Thirdparty/g2o/g2o/types/se3quat.h:43:38:[m[K [01;35m[Kwarning: [m[Kextra ‘[01m[K;[m[K’ [[01;35m[K-Wpedantic[m[K]
   43 |       EIGEN_MAKE_ALIGNED_OPERATOR_NEW[01;35m[K;[m[K
      |                                      [01;35m[K^[m[K
      |                                      [31m[K-[m[K
In file included from [01m[K/home/jakeluo/Documents/ORBSLAM_MapSave/Thirdparty/g2o/g2o/types/types_six_dof_expmap.h:41[m[K,
                 from [01m[K/home/jakeluo/Documents/ORBSLAM_MapSave/Thirdparty/g2o/g2o/types/types_seven_dof_expmap.h:36[m[K,
                 from [01m[K/home/jakeluo/Documents/ORBSLAM_MapSave/include/LoopClosing.h:34[m[K,
                 from [01m[K/home/jakeluo/Documents/ORBSLAM_MapSave/include/LocalMapping.h:26[m[K,
                 from [01m[K/home/jakeluo/Documents/ORBSLAM_MapSave/include/Tracking.h:32[m[K,
                 from [01m[K/home/jakeluo/Documents/ORBSLAM_MapSave/include/System.h:35[m[K,
                 from [01m[K/home/jakeluo/Documents/MonitoringSystemRos2/src/droneutility/include/droneManager.hpp:24[m[K,
                 from [01m[K/home/jakeluo/Documents/MonitoringSystemRos2/src/droneutility/src/droneManager.cpp:1[m[K:
[01m[K/home/jakeluo/Documents/ORBSLAM_MapSave/Thirdparty/g2o/g2o/types/se3quat.h:43:38:[m[K [01;35m[Kwarning: [m[Kextra ‘[01m[K;[m[K’ [[01;35m[K-Wpedantic[m[K]
   43 |       EIGEN_MAKE_ALIGNED_OPERATOR_NEW[01;35m[K;[m[K
      |                                      [01;35m[K^[m[K
      |                                      [31m[K-[m[K
[ 75%] [32m[1mLinking CXX executable dronemanager[0m
[ 75%] Built target dronemanager
[100%] [32m[1mLinking CXX executable drone[0m
[100%] Built target drone
-- Install configuration: "RelWithDebInfo"
-- Execute custom install script
-- Up-to-date symlink: /home/jakeluo/Documents/MonitoringSystemRos2/src/install/droneutility/lib/droneutility/dronemanager
-- Up-to-date symlink: /home/jakeluo/Documents/MonitoringSystemRos2/src/install/droneutility/lib/droneutility/drone
-- Up-to-date symlink: /home/jakeluo/Documents/MonitoringSystemRos2/src/install/droneutility/share/ament_index/resource_index/package_run_dependencies/droneutility
-- Up-to-date symlink: /home/jakeluo/Documents/MonitoringSystemRos2/src/install/droneutility/share/ament_index/resource_index/parent_prefix_path/droneutility
-- Up-to-date symlink: /home/jakeluo/Documents/MonitoringSystemRos2/src/install/droneutility/share/droneutility/environment/ament_prefix_path.sh
-- Up-to-date symlink: /home/jakeluo/Documents/MonitoringSystemRos2/src/install/droneutility/share/droneutility/environment/ament_prefix_path.dsv
-- Up-to-date symlink: /home/jakeluo/Documents/MonitoringSystemRos2/src/install/droneutility/share/droneutility/environment/path.sh
-- Up-to-date symlink: /home/jakeluo/Documents/MonitoringSystemRos2/src/install/droneutility/share/droneutility/environment/path.dsv
-- Up-to-date symlink: /home/jakeluo/Documents/MonitoringSystemRos2/src/install/droneutility/share/droneutility/local_setup.bash
-- Up-to-date symlink: /home/jakeluo/Documents/MonitoringSystemRos2/src/install/droneutility/share/droneutility/local_setup.sh
-- Up-to-date symlink: /home/jakeluo/Documents/MonitoringSystemRos2/src/install/droneutility/share/droneutility/local_setup.zsh
-- Up-to-date symlink: /home/jakeluo/Documents/MonitoringSystemRos2/src/install/droneutility/share/droneutility/local_setup.dsv
-- Symlinking: /home/jakeluo/Documents/MonitoringSystemRos2/src/install/droneutility/share/droneutility/package.dsv
-- Up-to-date symlink: /home/jakeluo/Documents/MonitoringSystemRos2/src/install/droneutility/share/ament_index/resource_index/packages/droneutility
-- Up-to-date symlink: /home/jakeluo/Documents/MonitoringSystemRos2/src/install/droneutility/share/droneutility/cmake/droneutilityConfig.cmake
-- Up-to-date symlink: /home/jakeluo/Documents/MonitoringSystemRos2/src/install/droneutility/share/droneutility/cmake/droneutilityConfig-version.cmake
-- Up-to-date symlink: /home/jakeluo/Documents/MonitoringSystemRos2/src/install/droneutility/share/droneutility/package.xml
