[35m[1mScanning dependencies of target dronemanager[0m
[ 50%] Built target drone
[ 75%] [32mBuilding CXX object CMakeFiles/dronemanager.dir/src/droneManager.cpp.o[0m
[01m[K/home/jakeluo/Documents/MonitoringSystemRos2/src/droneutility/src/droneManager.cpp:[m[K In member function ‘[01m[Kvoid dronenamespace::DroneManager::recvVideoThread(std::string)[m[K’:
[01m[K/home/jakeluo/Documents/MonitoringSystemRos2/src/droneutility/src/droneManager.cpp:170:13:[m[K [01;35m[Kwarning: [m[Kunused variable ‘[01m[Kframe[m[K’ [[01;35m[K-Wunused-variable[m[K]
  170 |     AVFrame [01;35m[Kframe[m[K;
      |             [01;35m[K^~~~~[m[K
[100%] [32m[1mLinking CXX executable dronemanager[0m
[100%] Built target dronemanager
-- Install configuration: "RelWithDebInfo"
-- Execute custom install script
-- Up-to-date symlink: /home/jakeluo/Documents/MonitoringSystemRos2/src/install/droneutility/lib/droneutility/dronemanager
-- Up-to-date symlink: /home/jakeluo/Documents/MonitoringSystemRos2/src/install/droneutility/lib/droneutility/drone
-- Up-to-date symlink: /home/jakeluo/Documents/MonitoringSystemRos2/src/install/droneutility/share/ament_index/resource_index/package_run_dependencies/droneutility
-- Up-to-date symlink: /home/jakeluo/Documents/MonitoringSystemRos2/src/install/droneutility/share/ament_index/resource_index/parent_prefix_path/droneutility
-- Up-to-date symlink: /home/jakeluo/Documents/MonitoringSystemRos2/src/install/droneutility/share/droneutility/environment/ament_prefix_path.sh
-- Up-to-date symlink: /home/jakeluo/Documents/MonitoringSystemRos2/src/install/droneutility/share/droneutility/environment/ament_prefix_path.dsv
-- Up-to-date symlink: /home/jakeluo/Documents/MonitoringSystemRos2/src/install/droneutility/share/droneutility/environment/path.sh
-- Up-to-date symlink: /home/jakeluo/Documents/MonitoringSystemRos2/src/install/droneutility/share/droneutility/environment/path.dsv
-- Up-to-date symlink: /home/jakeluo/Documents/MonitoringSystemRos2/src/install/droneutility/share/droneutility/local_setup.bash
-- Up-to-date symlink: /home/jakeluo/Documents/MonitoringSystemRos2/src/install/droneutility/share/droneutility/local_setup.sh
-- Up-to-date symlink: /home/jakeluo/Documents/MonitoringSystemRos2/src/install/droneutility/share/droneutility/local_setup.zsh
-- Up-to-date symlink: /home/jakeluo/Documents/MonitoringSystemRos2/src/install/droneutility/share/droneutility/local_setup.dsv
-- Symlinking: /home/jakeluo/Documents/MonitoringSystemRos2/src/install/droneutility/share/droneutility/package.dsv
-- Up-to-date symlink: /home/jakeluo/Documents/MonitoringSystemRos2/src/install/droneutility/share/ament_index/resource_index/packages/droneutility
-- Up-to-date symlink: /home/jakeluo/Documents/MonitoringSystemRos2/src/install/droneutility/share/droneutility/cmake/droneutilityConfig.cmake
-- Up-to-date symlink: /home/jakeluo/Documents/MonitoringSystemRos2/src/install/droneutility/share/droneutility/cmake/droneutilityConfig-version.cmake
-- Up-to-date symlink: /home/jakeluo/Documents/MonitoringSystemRos2/src/install/droneutility/share/droneutility/package.xml
