-- Found ament_cmake: 1.1.4 (/home/jakeluo/Software/ros2_rolling/install/ament_cmake/share/ament_cmake/cmake)
-- Found rosidl_default_generators: 1.1.1 (/home/jakeluo/Software/ros2_rolling/install/rosidl_default_generators/share/rosidl_default_generators/cmake)
-- Using all available rosidl_typesupport_c: rosidl_typesupport_introspection_c;rosidl_typesupport_fastrtps_c
-- Found rosidl_adapter: 2.5.0 (/home/jakeluo/Software/ros2_rolling/install/rosidl_adapter/share/rosidl_adapter/cmake)
-- Using all available rosidl_typesupport_cpp: rosidl_typesupport_introspection_cpp;rosidl_typesupport_fastrtps_cpp
-- Found ament_cmake_ros: 0.9.2 (/home/jakeluo/Software/ros2_rolling/install/ament_cmake_ros/share/ament_cmake_ros/cmake)
-- Using all available rosidl_typesupport_c: rosidl_typesupport_introspection_c;rosidl_typesupport_fastrtps_c
-- Using all available rosidl_typesupport_cpp: rosidl_typesupport_introspection_cpp;rosidl_typesupport_fastrtps_cpp
-- Found python_cmake_module: 0.8.1 (/home/jakeluo/Software/ros2_rolling/install/python_cmake_module/share/python_cmake_module/cmake)
-- Using PYTHON_EXECUTABLE: /usr/bin/python3
-- Using PYTHON_INCLUDE_DIRS: /usr/include/python3.8
-- Using PYTHON_LIBRARIES: /usr/lib/x86_64-linux-gnu/libpython3.8.so
-- Found ament_lint_auto: 0.11.2 (/home/jakeluo/Software/ros2_rolling/install/ament_lint_auto/share/ament_lint_auto/cmake)
-- Added test 'copyright' to check source files copyright and LICENSE
-- Added test 'lint_cmake' to check CMake code style
-- Added test 'xmllint' to check XML markup files
-- Configuring done
-- Generating done
-- Build files have been written to: /home/jakeluo/Documents/MonitoringSystemRos2/build/droneinterfaces
[  2%] [34m[1mGenerating C code for ROS interfaces[0m
[35m[1mScanning dependencies of target droneinterfaces__cpp[0m
[  5%] [34m[1mGenerating C++ code for ROS interfaces[0m
[  5%] Built target ament_cmake_python_symlink_droneinterfaces
[35m[1mScanning dependencies of target droneinterfaces__rosidl_generator_c[0m
[  5%] Built target droneinterfaces__cpp
[ 10%] [32mBuilding C object CMakeFiles/droneinterfaces__rosidl_generator_c.dir/rosidl_generator_c/droneinterfaces/srv/detail/drone_ctrl__functions.c.o[0m
[ 10%] [32mBuilding C object CMakeFiles/droneinterfaces__rosidl_generator_c.dir/rosidl_generator_c/droneinterfaces/srv/detail/drone_register__functions.c.o[0m
[ 12%] [34m[1mGenerating C++ type support for eProsima Fast-RTPS[0m
[ 15%] [34m[1mGenerating C++ type support dispatch for ROS interfaces[0m
[ 17%] [34m[1mGenerating C++ introspection for ROS interfaces[0m
[ 20%] [32m[1mLinking C shared library libdroneinterfaces__rosidl_generator_c.so[0m
running egg_info
writing droneinterfaces.egg-info/PKG-INFO
writing dependency_links to droneinterfaces.egg-info/dependency_links.txt
writing top-level names to droneinterfaces.egg-info/top_level.txt
reading manifest file 'droneinterfaces.egg-info/SOURCES.txt'
writing manifest file 'droneinterfaces.egg-info/SOURCES.txt'
[ 20%] Built target droneinterfaces__rosidl_generator_c
[ 25%] [34m[1mGenerating C type support dispatch for ROS interfaces[0m
[ 25%] [34m[1mGenerating C introspection for ROS interfaces[0m
[ 25%] Built target ament_cmake_python_build_droneinterfaces_egg
[35m[1mScanning dependencies of target droneinterfaces__rosidl_typesupport_fastrtps_cpp[0m
[ 28%] [32mBuilding CXX object CMakeFiles/droneinterfaces__rosidl_typesupport_fastrtps_cpp.dir/rosidl_typesupport_fastrtps_cpp/droneinterfaces/srv/detail/dds_fastrtps/drone_register__type_support.cpp.o[0m
[ 30%] [32mBuilding CXX object CMakeFiles/droneinterfaces__rosidl_typesupport_fastrtps_cpp.dir/rosidl_typesupport_fastrtps_cpp/droneinterfaces/srv/detail/dds_fastrtps/drone_ctrl__type_support.cpp.o[0m
[35m[1mScanning dependencies of target droneinterfaces__rosidl_typesupport_c[0m
[35m[1mScanning dependencies of target droneinterfaces__rosidl_typesupport_cpp[0m
[ 35%] [32mBuilding CXX object CMakeFiles/droneinterfaces__rosidl_typesupport_c.dir/rosidl_typesupport_c/droneinterfaces/srv/drone_ctrl__type_support.cpp.o[0m
[ 35%] [32mBuilding CXX object CMakeFiles/droneinterfaces__rosidl_typesupport_c.dir/rosidl_typesupport_c/droneinterfaces/srv/drone_register__type_support.cpp.o[0m
[35m[1mScanning dependencies of target droneinterfaces__rosidl_typesupport_introspection_cpp[0m
[ 38%] [32mBuilding CXX object CMakeFiles/droneinterfaces__rosidl_typesupport_cpp.dir/rosidl_typesupport_cpp/droneinterfaces/srv/drone_register__type_support.cpp.o[0m
[ 41%] [32mBuilding CXX object CMakeFiles/droneinterfaces__rosidl_typesupport_cpp.dir/rosidl_typesupport_cpp/droneinterfaces/srv/drone_ctrl__type_support.cpp.o[0m
[ 43%] [32mBuilding CXX object CMakeFiles/droneinterfaces__rosidl_typesupport_introspection_cpp.dir/rosidl_typesupport_introspection_cpp/droneinterfaces/srv/detail/drone_register__type_support.cpp.o[0m
[ 46%] [32mBuilding CXX object CMakeFiles/droneinterfaces__rosidl_typesupport_introspection_cpp.dir/rosidl_typesupport_introspection_cpp/droneinterfaces/srv/detail/drone_ctrl__type_support.cpp.o[0m
[ 48%] [32m[1mLinking CXX shared library libdroneinterfaces__rosidl_typesupport_c.so[0m
[35m[1mScanning dependencies of target droneinterfaces__rosidl_typesupport_introspection_c[0m
[ 51%] [32mBuilding C object CMakeFiles/droneinterfaces__rosidl_typesupport_introspection_c.dir/rosidl_typesupport_introspection_c/droneinterfaces/srv/detail/drone_register__type_support.c.o[0m
[ 53%] [32mBuilding C object CMakeFiles/droneinterfaces__rosidl_typesupport_introspection_c.dir/rosidl_typesupport_introspection_c/droneinterfaces/srv/detail/drone_ctrl__type_support.c.o[0m
[ 53%] Built target droneinterfaces__rosidl_typesupport_c
[ 56%] [32m[1mLinking C shared library libdroneinterfaces__rosidl_typesupport_introspection_c.so[0m
[ 56%] Built target droneinterfaces__rosidl_typesupport_introspection_c
[ 58%] [32m[1mLinking CXX shared library libdroneinterfaces__rosidl_typesupport_introspection_cpp.so[0m
[ 61%] [32m[1mLinking CXX shared library libdroneinterfaces__rosidl_typesupport_cpp.so[0m
[ 61%] Built target droneinterfaces__rosidl_typesupport_introspection_cpp
[ 64%] [32m[1mLinking CXX shared library libdroneinterfaces__rosidl_typesupport_fastrtps_cpp.so[0m
[ 64%] Built target droneinterfaces__rosidl_typesupport_cpp
[ 64%] Built target droneinterfaces__rosidl_typesupport_fastrtps_cpp
[ 66%] [34m[1mGenerating C type support for eProsima Fast-RTPS[0m
[35m[1mScanning dependencies of target droneinterfaces__rosidl_typesupport_fastrtps_c[0m
[ 69%] [32mBuilding CXX object CMakeFiles/droneinterfaces__rosidl_typesupport_fastrtps_c.dir/rosidl_typesupport_fastrtps_c/droneinterfaces/srv/detail/drone_register__type_support_c.cpp.o[0m
[ 71%] [32mBuilding CXX object CMakeFiles/droneinterfaces__rosidl_typesupport_fastrtps_c.dir/rosidl_typesupport_fastrtps_c/droneinterfaces/srv/detail/drone_ctrl__type_support_c.cpp.o[0m
[ 74%] [32m[1mLinking CXX shared library libdroneinterfaces__rosidl_typesupport_fastrtps_c.so[0m
[ 74%] Built target droneinterfaces__rosidl_typesupport_fastrtps_c
[ 74%] Built target droneinterfaces
[35m[1mScanning dependencies of target droneinterfaces__py[0m
[ 76%] [34m[1mGenerating Python code for ROS interfaces[0m
[ 76%] Built target droneinterfaces__py
[35m[1mScanning dependencies of target droneinterfaces__python[0m
[ 82%] [32mBuilding C object CMakeFiles/droneinterfaces__python.dir/rosidl_generator_py/droneinterfaces/srv/_drone_register_s.c.o[0m
[ 82%] [32mBuilding C object CMakeFiles/droneinterfaces__python.dir/rosidl_generator_py/droneinterfaces/srv/_drone_ctrl_s.c.o[0m
[ 84%] [32m[1mLinking C shared library rosidl_generator_py/droneinterfaces/libdroneinterfaces__python.so[0m
[ 84%] Built target droneinterfaces__python
[35m[1mScanning dependencies of target droneinterfaces__rosidl_typesupport_introspection_c__pyext[0m
[35m[1mScanning dependencies of target droneinterfaces__rosidl_typesupport_c__pyext[0m
[35m[1mScanning dependencies of target droneinterfaces__rosidl_typesupport_fastrtps_c__pyext[0m
[ 89%] [32mBuilding C object CMakeFiles/droneinterfaces__rosidl_typesupport_fastrtps_c__pyext.dir/rosidl_generator_py/droneinterfaces/_droneinterfaces_s.ep.rosidl_typesupport_fastrtps_c.c.o[0m
[ 89%] [32mBuilding C object CMakeFiles/droneinterfaces__rosidl_typesupport_c__pyext.dir/rosidl_generator_py/droneinterfaces/_droneinterfaces_s.ep.rosidl_typesupport_c.c.o[0m
[ 92%] [32mBuilding C object CMakeFiles/droneinterfaces__rosidl_typesupport_introspection_c__pyext.dir/rosidl_generator_py/droneinterfaces/_droneinterfaces_s.ep.rosidl_typesupport_introspection_c.c.o[0m
[ 94%] [32m[1mLinking C shared library rosidl_generator_py/droneinterfaces/droneinterfaces_s__rosidl_typesupport_c.cpython-38-x86_64-linux-gnu.so[0m
[ 97%] [32m[1mLinking C shared library rosidl_generator_py/droneinterfaces/droneinterfaces_s__rosidl_typesupport_fastrtps_c.cpython-38-x86_64-linux-gnu.so[0m
[100%] [32m[1mLinking C shared library rosidl_generator_py/droneinterfaces/droneinterfaces_s__rosidl_typesupport_introspection_c.cpython-38-x86_64-linux-gnu.so[0m
[100%] Built target droneinterfaces__rosidl_typesupport_c__pyext
[100%] Built target droneinterfaces__rosidl_typesupport_fastrtps_c__pyext
[100%] Built target droneinterfaces__rosidl_typesupport_introspection_c__pyext
-- Install configuration: ""
-- Installing: /home/jakeluo/Documents/MonitoringSystemRos2/install/droneinterfaces/share/ament_index/resource_index/rosidl_interfaces/droneinterfaces
-- Up-to-date: /home/jakeluo/Documents/MonitoringSystemRos2/install/droneinterfaces/include/droneinterfaces
-- Up-to-date: /home/jakeluo/Documents/MonitoringSystemRos2/install/droneinterfaces/include/droneinterfaces/msg
-- Up-to-date: /home/jakeluo/Documents/MonitoringSystemRos2/install/droneinterfaces/include/droneinterfaces/msg/rosidl_generator_c__visibility_control.h
-- Up-to-date: /home/jakeluo/Documents/MonitoringSystemRos2/install/droneinterfaces/include/droneinterfaces/srv
-- Installing: /home/jakeluo/Documents/MonitoringSystemRos2/install/droneinterfaces/include/droneinterfaces/srv/drone_register.h
-- Up-to-date: /home/jakeluo/Documents/MonitoringSystemRos2/install/droneinterfaces/include/droneinterfaces/srv/detail
-- Installing: /home/jakeluo/Documents/MonitoringSystemRos2/install/droneinterfaces/include/droneinterfaces/srv/detail/drone_ctrl__functions.h
-- Installing: /home/jakeluo/Documents/MonitoringSystemRos2/install/droneinterfaces/include/droneinterfaces/srv/detail/drone_register__struct.h
-- Installing: /home/jakeluo/Documents/MonitoringSystemRos2/install/droneinterfaces/include/droneinterfaces/srv/detail/drone_register__type_support.h
-- Installing: /home/jakeluo/Documents/MonitoringSystemRos2/install/droneinterfaces/include/droneinterfaces/srv/detail/drone_register__functions.h
-- Installing: /home/jakeluo/Documents/MonitoringSystemRos2/install/droneinterfaces/include/droneinterfaces/srv/detail/drone_ctrl__type_support.h
-- Installing: /home/jakeluo/Documents/MonitoringSystemRos2/install/droneinterfaces/include/droneinterfaces/srv/detail/drone_register__functions.c
-- Installing: /home/jakeluo/Documents/MonitoringSystemRos2/install/droneinterfaces/include/droneinterfaces/srv/detail/drone_ctrl__functions.c
-- Installing: /home/jakeluo/Documents/MonitoringSystemRos2/install/droneinterfaces/include/droneinterfaces/srv/detail/drone_ctrl__struct.h
-- Installing: /home/jakeluo/Documents/MonitoringSystemRos2/install/droneinterfaces/include/droneinterfaces/srv/drone_ctrl.h
-- Up-to-date: /home/jakeluo/Documents/MonitoringSystemRos2/install/droneinterfaces/share/droneinterfaces/environment/library_path.sh
-- Installing: /home/jakeluo/Documents/MonitoringSystemRos2/install/droneinterfaces/share/droneinterfaces/environment/library_path.dsv
-- Installing: /home/jakeluo/Documents/MonitoringSystemRos2/install/droneinterfaces/lib/libdroneinterfaces__rosidl_generator_c.so
-- Set runtime path of "/home/jakeluo/Documents/MonitoringSystemRos2/install/droneinterfaces/lib/libdroneinterfaces__rosidl_generator_c.so" to ""
-- Up-to-date: /home/jakeluo/Documents/MonitoringSystemRos2/install/droneinterfaces/include/droneinterfaces
-- Up-to-date: /home/jakeluo/Documents/MonitoringSystemRos2/install/droneinterfaces/include/droneinterfaces/msg
-- Up-to-date: /home/jakeluo/Documents/MonitoringSystemRos2/install/droneinterfaces/include/droneinterfaces/msg/rosidl_typesupport_introspection_c__visibility_control.h
-- Up-to-date: /home/jakeluo/Documents/MonitoringSystemRos2/install/droneinterfaces/include/droneinterfaces/srv
-- Up-to-date: /home/jakeluo/Documents/MonitoringSystemRos2/install/droneinterfaces/include/droneinterfaces/srv/detail
-- Installing: /home/jakeluo/Documents/MonitoringSystemRos2/install/droneinterfaces/include/droneinterfaces/srv/detail/drone_register__type_support.c
-- Installing: /home/jakeluo/Documents/MonitoringSystemRos2/install/droneinterfaces/include/droneinterfaces/srv/detail/drone_ctrl__type_support.c
-- Installing: /home/jakeluo/Documents/MonitoringSystemRos2/install/droneinterfaces/include/droneinterfaces/srv/detail/drone_ctrl__rosidl_typesupport_introspection_c.h
-- Installing: /home/jakeluo/Documents/MonitoringSystemRos2/install/droneinterfaces/include/droneinterfaces/srv/detail/drone_register__rosidl_typesupport_introspection_c.h
-- Installing: /home/jakeluo/Documents/MonitoringSystemRos2/install/droneinterfaces/lib/libdroneinterfaces__rosidl_typesupport_introspection_c.so
-- Set runtime path of "/home/jakeluo/Documents/MonitoringSystemRos2/install/droneinterfaces/lib/libdroneinterfaces__rosidl_typesupport_introspection_c.so" to ""
-- Up-to-date: /home/jakeluo/Documents/MonitoringSystemRos2/install/droneinterfaces/include/droneinterfaces
-- Up-to-date: /home/jakeluo/Documents/MonitoringSystemRos2/install/droneinterfaces/include/droneinterfaces/msg
-- Up-to-date: /home/jakeluo/Documents/MonitoringSystemRos2/install/droneinterfaces/include/droneinterfaces/msg/rosidl_typesupport_fastrtps_c__visibility_control.h
-- Up-to-date: /home/jakeluo/Documents/MonitoringSystemRos2/install/droneinterfaces/include/droneinterfaces/srv
-- Up-to-date: /home/jakeluo/Documents/MonitoringSystemRos2/install/droneinterfaces/include/droneinterfaces/srv/detail
-- Installing: /home/jakeluo/Documents/MonitoringSystemRos2/install/droneinterfaces/include/droneinterfaces/srv/detail/drone_register__rosidl_typesupport_fastrtps_c.h
-- Installing: /home/jakeluo/Documents/MonitoringSystemRos2/install/droneinterfaces/include/droneinterfaces/srv/detail/drone_ctrl__rosidl_typesupport_fastrtps_c.h
-- Installing: /home/jakeluo/Documents/MonitoringSystemRos2/install/droneinterfaces/lib/libdroneinterfaces__rosidl_typesupport_fastrtps_c.so
-- Set runtime path of "/home/jakeluo/Documents/MonitoringSystemRos2/install/droneinterfaces/lib/libdroneinterfaces__rosidl_typesupport_fastrtps_c.so" to ""
-- Up-to-date: /home/jakeluo/Documents/MonitoringSystemRos2/install/droneinterfaces/include/droneinterfaces
-- Up-to-date: /home/jakeluo/Documents/MonitoringSystemRos2/install/droneinterfaces/include/droneinterfaces/msg
-- Up-to-date: /home/jakeluo/Documents/MonitoringSystemRos2/install/droneinterfaces/include/droneinterfaces/msg/rosidl_typesupport_fastrtps_cpp__visibility_control.h
-- Up-to-date: /home/jakeluo/Documents/MonitoringSystemRos2/install/droneinterfaces/include/droneinterfaces/srv
-- Up-to-date: /home/jakeluo/Documents/MonitoringSystemRos2/install/droneinterfaces/include/droneinterfaces/srv/detail
-- Installing: /home/jakeluo/Documents/MonitoringSystemRos2/install/droneinterfaces/include/droneinterfaces/srv/detail/drone_ctrl__rosidl_typesupport_fastrtps_cpp.hpp
-- Installing: /home/jakeluo/Documents/MonitoringSystemRos2/install/droneinterfaces/include/droneinterfaces/srv/detail/drone_register__rosidl_typesupport_fastrtps_cpp.hpp
-- Up-to-date: /home/jakeluo/Documents/MonitoringSystemRos2/install/droneinterfaces/include/droneinterfaces/srv/detail/dds_fastrtps
-- Installing: /home/jakeluo/Documents/MonitoringSystemRos2/install/droneinterfaces/lib/libdroneinterfaces__rosidl_typesupport_fastrtps_cpp.so
-- Set runtime path of "/home/jakeluo/Documents/MonitoringSystemRos2/install/droneinterfaces/lib/libdroneinterfaces__rosidl_typesupport_fastrtps_cpp.so" to ""
-- Installing: /home/jakeluo/Documents/MonitoringSystemRos2/install/droneinterfaces/lib/libdroneinterfaces__rosidl_typesupport_c.so
-- Set runtime path of "/home/jakeluo/Documents/MonitoringSystemRos2/install/droneinterfaces/lib/libdroneinterfaces__rosidl_typesupport_c.so" to ""
-- Up-to-date: /home/jakeluo/Documents/MonitoringSystemRos2/install/droneinterfaces/include/droneinterfaces
-- Up-to-date: /home/jakeluo/Documents/MonitoringSystemRos2/install/droneinterfaces/include/droneinterfaces/srv
-- Installing: /home/jakeluo/Documents/MonitoringSystemRos2/install/droneinterfaces/include/droneinterfaces/srv/drone_register.hpp
-- Installing: /home/jakeluo/Documents/MonitoringSystemRos2/install/droneinterfaces/include/droneinterfaces/srv/drone_ctrl.hpp
-- Up-to-date: /home/jakeluo/Documents/MonitoringSystemRos2/install/droneinterfaces/include/droneinterfaces/srv/detail
-- Installing: /home/jakeluo/Documents/MonitoringSystemRos2/install/droneinterfaces/include/droneinterfaces/srv/detail/drone_ctrl__traits.hpp
-- Installing: /home/jakeluo/Documents/MonitoringSystemRos2/install/droneinterfaces/include/droneinterfaces/srv/detail/drone_register__struct.hpp
-- Installing: /home/jakeluo/Documents/MonitoringSystemRos2/install/droneinterfaces/include/droneinterfaces/srv/detail/drone_register__traits.hpp
-- Installing: /home/jakeluo/Documents/MonitoringSystemRos2/install/droneinterfaces/include/droneinterfaces/srv/detail/drone_register__builder.hpp
-- Installing: /home/jakeluo/Documents/MonitoringSystemRos2/install/droneinterfaces/include/droneinterfaces/srv/detail/drone_ctrl__builder.hpp
-- Installing: /home/jakeluo/Documents/MonitoringSystemRos2/install/droneinterfaces/include/droneinterfaces/srv/detail/drone_ctrl__struct.hpp
-- Up-to-date: /home/jakeluo/Documents/MonitoringSystemRos2/install/droneinterfaces/include/droneinterfaces
-- Up-to-date: /home/jakeluo/Documents/MonitoringSystemRos2/install/droneinterfaces/include/droneinterfaces/srv
-- Up-to-date: /home/jakeluo/Documents/MonitoringSystemRos2/install/droneinterfaces/include/droneinterfaces/srv/detail
-- Installing: /home/jakeluo/Documents/MonitoringSystemRos2/install/droneinterfaces/include/droneinterfaces/srv/detail/drone_ctrl__type_support.cpp
-- Installing: /home/jakeluo/Documents/MonitoringSystemRos2/install/droneinterfaces/include/droneinterfaces/srv/detail/drone_register__rosidl_typesupport_introspection_cpp.hpp
-- Installing: /home/jakeluo/Documents/MonitoringSystemRos2/install/droneinterfaces/include/droneinterfaces/srv/detail/drone_register__type_support.cpp
-- Installing: /home/jakeluo/Documents/MonitoringSystemRos2/install/droneinterfaces/include/droneinterfaces/srv/detail/drone_ctrl__rosidl_typesupport_introspection_cpp.hpp
-- Installing: /home/jakeluo/Documents/MonitoringSystemRos2/install/droneinterfaces/lib/libdroneinterfaces__rosidl_typesupport_introspection_cpp.so
-- Set runtime path of "/home/jakeluo/Documents/MonitoringSystemRos2/install/droneinterfaces/lib/libdroneinterfaces__rosidl_typesupport_introspection_cpp.so" to ""
-- Installing: /home/jakeluo/Documents/MonitoringSystemRos2/install/droneinterfaces/lib/libdroneinterfaces__rosidl_typesupport_cpp.so
-- Set runtime path of "/home/jakeluo/Documents/MonitoringSystemRos2/install/droneinterfaces/lib/libdroneinterfaces__rosidl_typesupport_cpp.so" to ""
-- Up-to-date: /home/jakeluo/Documents/MonitoringSystemRos2/install/droneinterfaces/share/droneinterfaces/environment/pythonpath.sh
-- Installing: /home/jakeluo/Documents/MonitoringSystemRos2/install/droneinterfaces/share/droneinterfaces/environment/pythonpath.dsv
-- Up-to-date: /home/jakeluo/Documents/MonitoringSystemRos2/install/droneinterfaces/lib/python3.8/site-packages/droneinterfaces-0.0.0-py3.8.egg-info
-- Installing: /home/jakeluo/Documents/MonitoringSystemRos2/install/droneinterfaces/lib/python3.8/site-packages/droneinterfaces-0.0.0-py3.8.egg-info/top_level.txt
-- Installing: /home/jakeluo/Documents/MonitoringSystemRos2/install/droneinterfaces/lib/python3.8/site-packages/droneinterfaces-0.0.0-py3.8.egg-info/dependency_links.txt
-- Installing: /home/jakeluo/Documents/MonitoringSystemRos2/install/droneinterfaces/lib/python3.8/site-packages/droneinterfaces-0.0.0-py3.8.egg-info/PKG-INFO
-- Installing: /home/jakeluo/Documents/MonitoringSystemRos2/install/droneinterfaces/lib/python3.8/site-packages/droneinterfaces-0.0.0-py3.8.egg-info/SOURCES.txt
-- Up-to-date: /home/jakeluo/Documents/MonitoringSystemRos2/install/droneinterfaces/lib/python3.8/site-packages/droneinterfaces
-- Installing: /home/jakeluo/Documents/MonitoringSystemRos2/install/droneinterfaces/lib/python3.8/site-packages/droneinterfaces/libdroneinterfaces__python.so
-- Installing: /home/jakeluo/Documents/MonitoringSystemRos2/install/droneinterfaces/lib/python3.8/site-packages/droneinterfaces/_droneinterfaces_s.ep.rosidl_typesupport_fastrtps_c.c
-- Installing: /home/jakeluo/Documents/MonitoringSystemRos2/install/droneinterfaces/lib/python3.8/site-packages/droneinterfaces/_droneinterfaces_s.ep.rosidl_typesupport_introspection_c.c
-- Installing: /home/jakeluo/Documents/MonitoringSystemRos2/install/droneinterfaces/lib/python3.8/site-packages/droneinterfaces/droneinterfaces_s__rosidl_typesupport_c.cpython-38-x86_64-linux-gnu.so
-- Installing: /home/jakeluo/Documents/MonitoringSystemRos2/install/droneinterfaces/lib/python3.8/site-packages/droneinterfaces/droneinterfaces_s__rosidl_typesupport_fastrtps_c.cpython-38-x86_64-linux-gnu.so
-- Up-to-date: /home/jakeluo/Documents/MonitoringSystemRos2/install/droneinterfaces/lib/python3.8/site-packages/droneinterfaces/srv
-- Installing: /home/jakeluo/Documents/MonitoringSystemRos2/install/droneinterfaces/lib/python3.8/site-packages/droneinterfaces/srv/_drone_register.py
-- Installing: /home/jakeluo/Documents/MonitoringSystemRos2/install/droneinterfaces/lib/python3.8/site-packages/droneinterfaces/srv/_drone_ctrl_s.c
-- Installing: /home/jakeluo/Documents/MonitoringSystemRos2/install/droneinterfaces/lib/python3.8/site-packages/droneinterfaces/srv/_drone_register_s.c
-- Installing: /home/jakeluo/Documents/MonitoringSystemRos2/install/droneinterfaces/lib/python3.8/site-packages/droneinterfaces/srv/__init__.py
-- Installing: /home/jakeluo/Documents/MonitoringSystemRos2/install/droneinterfaces/lib/python3.8/site-packages/droneinterfaces/srv/_drone_ctrl.py
-- Installing: /home/jakeluo/Documents/MonitoringSystemRos2/install/droneinterfaces/lib/python3.8/site-packages/droneinterfaces/droneinterfaces_s__rosidl_typesupport_introspection_c.cpython-38-x86_64-linux-gnu.so
-- Installing: /home/jakeluo/Documents/MonitoringSystemRos2/install/droneinterfaces/lib/python3.8/site-packages/droneinterfaces/__init__.py
-- Installing: /home/jakeluo/Documents/MonitoringSystemRos2/install/droneinterfaces/lib/python3.8/site-packages/droneinterfaces/_droneinterfaces_s.ep.rosidl_typesupport_c.c
Listing '/home/jakeluo/Documents/MonitoringSystemRos2/install/droneinterfaces/lib/python3.8/site-packages/droneinterfaces'...
Compiling '/home/jakeluo/Documents/MonitoringSystemRos2/install/droneinterfaces/lib/python3.8/site-packages/droneinterfaces/__init__.py'...
Listing '/home/jakeluo/Documents/MonitoringSystemRos2/install/droneinterfaces/lib/python3.8/site-packages/droneinterfaces/srv'...
Compiling '/home/jakeluo/Documents/MonitoringSystemRos2/install/droneinterfaces/lib/python3.8/site-packages/droneinterfaces/srv/__init__.py'...
Compiling '/home/jakeluo/Documents/MonitoringSystemRos2/install/droneinterfaces/lib/python3.8/site-packages/droneinterfaces/srv/_drone_ctrl.py'...
Compiling '/home/jakeluo/Documents/MonitoringSystemRos2/install/droneinterfaces/lib/python3.8/site-packages/droneinterfaces/srv/_drone_register.py'...
-- Installing: /home/jakeluo/Documents/MonitoringSystemRos2/install/droneinterfaces/lib/python3.8/site-packages/droneinterfaces/droneinterfaces_s__rosidl_typesupport_introspection_c.cpython-38-x86_64-linux-gnu.so
-- Set runtime path of "/home/jakeluo/Documents/MonitoringSystemRos2/install/droneinterfaces/lib/python3.8/site-packages/droneinterfaces/droneinterfaces_s__rosidl_typesupport_introspection_c.cpython-38-x86_64-linux-gnu.so" to ""
-- Installing: /home/jakeluo/Documents/MonitoringSystemRos2/install/droneinterfaces/lib/python3.8/site-packages/droneinterfaces/droneinterfaces_s__rosidl_typesupport_fastrtps_c.cpython-38-x86_64-linux-gnu.so
-- Set runtime path of "/home/jakeluo/Documents/MonitoringSystemRos2/install/droneinterfaces/lib/python3.8/site-packages/droneinterfaces/droneinterfaces_s__rosidl_typesupport_fastrtps_c.cpython-38-x86_64-linux-gnu.so" to ""
-- Installing: /home/jakeluo/Documents/MonitoringSystemRos2/install/droneinterfaces/lib/python3.8/site-packages/droneinterfaces/droneinterfaces_s__rosidl_typesupport_c.cpython-38-x86_64-linux-gnu.so
-- Set runtime path of "/home/jakeluo/Documents/MonitoringSystemRos2/install/droneinterfaces/lib/python3.8/site-packages/droneinterfaces/droneinterfaces_s__rosidl_typesupport_c.cpython-38-x86_64-linux-gnu.so" to ""
-- Installing: /home/jakeluo/Documents/MonitoringSystemRos2/install/droneinterfaces/lib/libdroneinterfaces__python.so
-- Set runtime path of "/home/jakeluo/Documents/MonitoringSystemRos2/install/droneinterfaces/lib/libdroneinterfaces__python.so" to ""
-- Up-to-date: /home/jakeluo/Documents/MonitoringSystemRos2/install/droneinterfaces/share/droneinterfaces/srv/DroneRegister.idl
-- Installing: /home/jakeluo/Documents/MonitoringSystemRos2/install/droneinterfaces/share/droneinterfaces/srv/DroneCtrl.idl
-- Up-to-date: /home/jakeluo/Documents/MonitoringSystemRos2/install/droneinterfaces/share/droneinterfaces/srv/DroneRegister.srv
-- Up-to-date: /home/jakeluo/Documents/MonitoringSystemRos2/install/droneinterfaces/share/droneinterfaces/srv/DroneRegister_Request.msg
-- Up-to-date: /home/jakeluo/Documents/MonitoringSystemRos2/install/droneinterfaces/share/droneinterfaces/srv/DroneRegister_Response.msg
-- Installing: /home/jakeluo/Documents/MonitoringSystemRos2/install/droneinterfaces/share/droneinterfaces/srv/DroneCtrl.srv
-- Installing: /home/jakeluo/Documents/MonitoringSystemRos2/install/droneinterfaces/share/droneinterfaces/srv/DroneCtrl_Request.msg
-- Installing: /home/jakeluo/Documents/MonitoringSystemRos2/install/droneinterfaces/share/droneinterfaces/srv/DroneCtrl_Response.msg
-- Up-to-date: /home/jakeluo/Documents/MonitoringSystemRos2/install/droneinterfaces/share/ament_index/resource_index/package_run_dependencies/droneinterfaces
-- Installing: /home/jakeluo/Documents/MonitoringSystemRos2/install/droneinterfaces/share/ament_index/resource_index/parent_prefix_path/droneinterfaces
-- Installing: /home/jakeluo/Documents/MonitoringSystemRos2/install/droneinterfaces/share/droneinterfaces/environment/ament_prefix_path.dsv
-- Installing: /home/jakeluo/Documents/MonitoringSystemRos2/install/droneinterfaces/share/droneinterfaces/environment/path.dsv
-- Up-to-date: /home/jakeluo/Documents/MonitoringSystemRos2/install/droneinterfaces/share/droneinterfaces/local_setup.bash
-- Up-to-date: /home/jakeluo/Documents/MonitoringSystemRos2/install/droneinterfaces/share/droneinterfaces/local_setup.sh
-- Up-to-date: /home/jakeluo/Documents/MonitoringSystemRos2/install/droneinterfaces/share/droneinterfaces/local_setup.zsh
-- Installing: /home/jakeluo/Documents/MonitoringSystemRos2/install/droneinterfaces/share/droneinterfaces/local_setup.dsv
-- Installing: /home/jakeluo/Documents/MonitoringSystemRos2/install/droneinterfaces/share/droneinterfaces/package.dsv
-- Up-to-date: /home/jakeluo/Documents/MonitoringSystemRos2/install/droneinterfaces/share/ament_index/resource_index/packages/droneinterfaces
-- Up-to-date: /home/jakeluo/Documents/MonitoringSystemRos2/install/droneinterfaces/share/droneinterfaces/cmake/droneinterfaces__rosidl_generator_cExport.cmake
-- Installing: /home/jakeluo/Documents/MonitoringSystemRos2/install/droneinterfaces/share/droneinterfaces/cmake/droneinterfaces__rosidl_generator_cExport-noconfig.cmake
-- Up-to-date: /home/jakeluo/Documents/MonitoringSystemRos2/install/droneinterfaces/share/droneinterfaces/cmake/droneinterfaces__rosidl_typesupport_introspection_cExport.cmake
-- Installing: /home/jakeluo/Documents/MonitoringSystemRos2/install/droneinterfaces/share/droneinterfaces/cmake/droneinterfaces__rosidl_typesupport_introspection_cExport-noconfig.cmake
-- Up-to-date: /home/jakeluo/Documents/MonitoringSystemRos2/install/droneinterfaces/share/droneinterfaces/cmake/droneinterfaces__rosidl_typesupport_cExport.cmake
-- Installing: /home/jakeluo/Documents/MonitoringSystemRos2/install/droneinterfaces/share/droneinterfaces/cmake/droneinterfaces__rosidl_typesupport_cExport-noconfig.cmake
-- Up-to-date: /home/jakeluo/Documents/MonitoringSystemRos2/install/droneinterfaces/share/droneinterfaces/cmake/droneinterfaces__rosidl_generator_cppExport.cmake
-- Up-to-date: /home/jakeluo/Documents/MonitoringSystemRos2/install/droneinterfaces/share/droneinterfaces/cmake/droneinterfaces__rosidl_typesupport_introspection_cppExport.cmake
-- Installing: /home/jakeluo/Documents/MonitoringSystemRos2/install/droneinterfaces/share/droneinterfaces/cmake/droneinterfaces__rosidl_typesupport_introspection_cppExport-noconfig.cmake
-- Up-to-date: /home/jakeluo/Documents/MonitoringSystemRos2/install/droneinterfaces/share/droneinterfaces/cmake/droneinterfaces__rosidl_typesupport_cppExport.cmake
-- Installing: /home/jakeluo/Documents/MonitoringSystemRos2/install/droneinterfaces/share/droneinterfaces/cmake/droneinterfaces__rosidl_typesupport_cppExport-noconfig.cmake
-- Installing: /home/jakeluo/Documents/MonitoringSystemRos2/install/droneinterfaces/share/droneinterfaces/cmake/rosidl_cmake-extras.cmake
-- Up-to-date: /home/jakeluo/Documents/MonitoringSystemRos2/install/droneinterfaces/share/droneinterfaces/cmake/ament_cmake_export_dependencies-extras.cmake
-- Up-to-date: /home/jakeluo/Documents/MonitoringSystemRos2/install/droneinterfaces/share/droneinterfaces/cmake/ament_cmake_export_libraries-extras.cmake
-- Up-to-date: /home/jakeluo/Documents/MonitoringSystemRos2/install/droneinterfaces/share/droneinterfaces/cmake/ament_cmake_export_targets-extras.cmake
-- Up-to-date: /home/jakeluo/Documents/MonitoringSystemRos2/install/droneinterfaces/share/droneinterfaces/cmake/ament_cmake_export_include_directories-extras.cmake
-- Up-to-date: /home/jakeluo/Documents/MonitoringSystemRos2/install/droneinterfaces/share/droneinterfaces/cmake/rosidl_cmake_export_typesupport_targets-extras.cmake
-- Up-to-date: /home/jakeluo/Documents/MonitoringSystemRos2/install/droneinterfaces/share/droneinterfaces/cmake/rosidl_cmake_export_typesupport_libraries-extras.cmake
-- Up-to-date: /home/jakeluo/Documents/MonitoringSystemRos2/install/droneinterfaces/share/droneinterfaces/cmake/droneinterfacesConfig.cmake
-- Up-to-date: /home/jakeluo/Documents/MonitoringSystemRos2/install/droneinterfaces/share/droneinterfaces/cmake/droneinterfacesConfig-version.cmake
-- Installing: /home/jakeluo/Documents/MonitoringSystemRos2/install/droneinterfaces/share/droneinterfaces/package.xml
