[0.037s] Invoking command in '/home/jakeluo/Documents/MonitoringSystemRos2/build/droneinterfaces': CMAKE_PREFIX_PATH=${CMAKE_PREFIX_PATH}:/home/jakeluo/Software/ros2_rolling/install/rqt_bag_plugins:/home/jakeluo/Software/ros2_rolling/install/rqt_bag:/home/jakeluo/Software/ros2_rolling/install/ros2bag:/home/jakeluo/Software/ros2_rolling/install/tracetools_test:/home/jakeluo/Software/ros2_rolling/install/tracetools_launch:/home/jakeluo/Software/ros2_rolling/install/topic_monitor:/home/jakeluo/Software/ros2_rolling/install/tf2_tools:/home/jakeluo/Software/ros2_rolling/install/examples_tf2_py:/home/jakeluo/Software/ros2_rolling/install/tf2_ros_py:/home/jakeluo/Software/ros2_rolling/install/sros2:/home/jakeluo/Software/ros2_rolling/install/rqt_topic:/home/jakeluo/Software/ros2_rolling/install/rqt_top:/home/jakeluo/Software/ros2_rolling/install/rqt_srv:/home/jakeluo/Software/ros2_rolling/install/rqt_shell:/home/jakeluo/Software/ros2_rolling/install/rqt_service_caller:/home/jakeluo/Software/ros2_rolling/install/rqt_reconfigure:/home/jakeluo/Software/ros2_rolling/install/rqt_py_console:/home/jakeluo/Software/ros2_rolling/install/rqt_publisher:/home/jakeluo/Software/ros2_rolling/install/rqt_plot:/home/jakeluo/Software/ros2_rolling/install/rqt_action:/home/jakeluo/Software/ros2_rolling/install/rqt_msg:/home/jakeluo/Software/ros2_rolling/install/rqt_console:/home/jakeluo/Software/ros2_rolling/install/rqt:/home/jakeluo/Software/ros2_rolling/install/rqt_graph:/home/jakeluo/Software/ros2_rolling/install/rqt_gui_py:/home/jakeluo/Software/ros2_rolling/install/rqt_gui:/home/jakeluo/Software/ros2_rolling/install/ros2trace:/home/jakeluo/Software/ros2_rolling/install/ros2topic:/home/jakeluo/Software/ros2_rolling/install/ros2test:/home/jakeluo/Software/ros2_rolling/install/ros2component:/home/jakeluo/Software/ros2_rolling/install/ros2param:/home/jakeluo/Software/ros2_rolling/install/ros2lifecycle:/home/jakeluo/Software/ros2_rolling/install/ros2service:/home/jakeluo/Software/ros2_rolling/install/ros2run:/home/jakeluo/Software/ros2_rolling/install/ros2launch:/home/jakeluo/Software/ros2_rolling/install/ros2pkg:/home/jakeluo/Software/ros2_rolling/install/ros2node:/home/jakeluo/Software/ros2_rolling/install/ros2multicast:/home/jakeluo/Software/ros2_rolling/install/ros2interface:/home/jakeluo/Software/ros2_rolling/install/ros2doctor:/home/jakeluo/Software/ros2_rolling/install/ros2action:/home/jakeluo/Software/ros2_rolling/install/ros2cli:/home/jakeluo/Software/ros2_rolling/install/quality_of_service_demo_py:/home/jakeluo/Software/ros2_rolling/install/launch_testing_ros:/home/jakeluo/Software/ros2_rolling/install/launch_ros:/home/jakeluo/Software/ros2_rolling/install/examples_rclpy_pointcloud_publisher:/home/jakeluo/Software/ros2_rolling/install/examples_rclpy_minimal_subscriber:/home/jakeluo/Software/ros2_rolling/install/examples_rclpy_minimal_service:/home/jakeluo/Software/ros2_rolling/install/examples_rclpy_minimal_publisher:/home/jakeluo/Software/ros2_rolling/install/examples_rclpy_minimal_client:/home/jakeluo/Software/ros2_rolling/install/examples_rclpy_minimal_action_server:/home/jakeluo/Software/ros2_rolling/install/examples_rclpy_minimal_action_client:/home/jakeluo/Software/ros2_rolling/install/examples_rclpy_guard_conditions:/home/jakeluo/Software/ros2_rolling/install/examples_rclpy_executors:/home/jakeluo/Software/ros2_rolling/install/demo_nodes_py:/home/jakeluo/Software/ros2_rolling/install/action_tutorials_py:/home/jakeluo/Software/ros2_rolling/install/ament_uncrustify:/home/jakeluo/Software/ros2_rolling/install/tracetools_trace:/home/jakeluo/Software/ros2_rolling/install/tracetools_read:/home/jakeluo/Software/ros2_rolling/install/test_launch_ros:/home/jakeluo/Software/ros2_rolling/install/sensor_msgs_py:/home/jakeluo/Software/ros2_rolling/install/rpyutils:/home/jakeluo/Software/ros2_rolling/install/rosidl_runtime_py:/home/jakeluo/Software/ros2_rolling/install/rosidl_cli:/home/jakeluo/Software/ros2_rolling/install/launch_yaml:/home/jakeluo/Software/ros2_rolling/install/launch_xml:/home/jakeluo/Software/ros2_rolling/install/launch_testing:/home/jakeluo/Software/ros2_rolling/install/launch:/home/jakeluo/Software/ros2_rolling/install/osrf_pycommon:/home/jakeluo/Software/ros2_rolling/install/domain_coordinator:/home/jakeluo/Software/ros2_rolling/install/ament_xmllint:/home/jakeluo/Software/ros2_rolling/install/ament_pyflakes:/home/jakeluo/Software/ros2_rolling/install/ament_pycodestyle:/home/jakeluo/Software/ros2_rolling/install/ament_pep257:/home/jakeluo/Software/ros2_rolling/install/ament_pclint:/home/jakeluo/Software/ros2_rolling/install/ament_package:/home/jakeluo/Software/ros2_rolling/install/ament_mypy:/home/jakeluo/Software/ros2_rolling/install/ament_lint_cmake:/home/jakeluo/Software/ros2_rolling/install/ament_flake8:/home/jakeluo/Software/ros2_rolling/install/ament_copyright:/home/jakeluo/Software/ros2_rolling/install/ament_lint:/home/jakeluo/Software/ros2_rolling/install/ament_index_python:/home/jakeluo/Software/ros2_rolling/install/ament_cpplint:/home/jakeluo/Software/ros2_rolling/install/ament_cppcheck:/home/jakeluo/Software/ros2_rolling/install/ament_clang_tidy:/home/jakeluo/Software/ros2_rolling/install/ament_clang_format /usr/bin/cmake --build /home/jakeluo/Documents/MonitoringSystemRos2/build/droneinterfaces -- -j12 -l12
[0.090s] -- Found ament_cmake: 1.1.4 (/home/jakeluo/Software/ros2_rolling/install/ament_cmake/share/ament_cmake/cmake)
[0.568s] -- Found rosidl_default_generators: 1.1.1 (/home/jakeluo/Software/ros2_rolling/install/rosidl_default_generators/share/rosidl_default_generators/cmake)
[0.682s] -- Using all available rosidl_typesupport_c: rosidl_typesupport_introspection_c;rosidl_typesupport_fastrtps_c
[0.685s] -- Found rosidl_adapter: 2.5.0 (/home/jakeluo/Software/ros2_rolling/install/rosidl_adapter/share/rosidl_adapter/cmake)
[0.763s] -- Using all available rosidl_typesupport_cpp: rosidl_typesupport_introspection_cpp;rosidl_typesupport_fastrtps_cpp
[1.897s] -- Found ament_cmake_ros: 0.9.2 (/home/jakeluo/Software/ros2_rolling/install/ament_cmake_ros/share/ament_cmake_ros/cmake)
[2.867s] -- Using all available rosidl_typesupport_c: rosidl_typesupport_introspection_c;rosidl_typesupport_fastrtps_c
[3.756s] -- Using all available rosidl_typesupport_cpp: rosidl_typesupport_introspection_cpp;rosidl_typesupport_fastrtps_cpp
[3.884s] -- Found python_cmake_module: 0.8.1 (/home/jakeluo/Software/ros2_rolling/install/python_cmake_module/share/python_cmake_module/cmake)
[3.946s] -- Using PYTHON_EXECUTABLE: /usr/bin/python3
[3.946s] -- Using PYTHON_INCLUDE_DIRS: /usr/include/python3.8
[3.946s] -- Using PYTHON_LIBRARIES: /usr/lib/x86_64-linux-gnu/libpython3.8.so
[4.310s] -- Found ament_lint_auto: 0.11.2 (/home/jakeluo/Software/ros2_rolling/install/ament_lint_auto/share/ament_lint_auto/cmake)
[4.319s] -- Added test 'copyright' to check source files copyright and LICENSE
[4.320s] -- Added test 'lint_cmake' to check CMake code style
[4.321s] -- Added test 'xmllint' to check XML markup files
[4.325s] -- Configuring done
[4.353s] -- Generating done
[4.356s] -- Build files have been written to: /home/jakeluo/Documents/MonitoringSystemRos2/build/droneinterfaces
[4.401s] [  2%] [34m[1mGenerating C code for ROS interfaces[0m
[4.402s] [35m[1mScanning dependencies of target droneinterfaces__cpp[0m
[4.423s] [  5%] [34m[1mGenerating C++ code for ROS interfaces[0m
[4.441s] [  5%] Built target ament_cmake_python_symlink_droneinterfaces
[4.808s] [35m[1mScanning dependencies of target droneinterfaces__rosidl_generator_c[0m
[4.828s] [  5%] Built target droneinterfaces__cpp
[4.834s] [ 10%] [32mBuilding C object CMakeFiles/droneinterfaces__rosidl_generator_c.dir/rosidl_generator_c/droneinterfaces/srv/detail/drone_ctrl__functions.c.o[0m
[4.834s] [ 10%] [32mBuilding C object CMakeFiles/droneinterfaces__rosidl_generator_c.dir/rosidl_generator_c/droneinterfaces/srv/detail/drone_register__functions.c.o[0m
[4.852s] [ 12%] [34m[1mGenerating C++ type support for eProsima Fast-RTPS[0m
[4.852s] [ 15%] [34m[1mGenerating C++ type support dispatch for ROS interfaces[0m
[4.862s] [ 17%] [34m[1mGenerating C++ introspection for ROS interfaces[0m
[4.904s] [ 20%] [32m[1mLinking C shared library libdroneinterfaces__rosidl_generator_c.so[0m
[4.942s] running egg_info
[4.942s] writing droneinterfaces.egg-info/PKG-INFO
[4.942s] writing dependency_links to droneinterfaces.egg-info/dependency_links.txt
[4.942s] writing top-level names to droneinterfaces.egg-info/top_level.txt
[4.947s] reading manifest file 'droneinterfaces.egg-info/SOURCES.txt'
[4.948s] writing manifest file 'droneinterfaces.egg-info/SOURCES.txt'
[4.959s] [ 20%] Built target droneinterfaces__rosidl_generator_c
[4.983s] [ 25%] [34m[1mGenerating C type support dispatch for ROS interfaces[0m
[4.983s] [ 25%] [34m[1mGenerating C introspection for ROS interfaces[0m
[4.987s] [ 25%] Built target ament_cmake_python_build_droneinterfaces_egg
[5.294s] [35m[1mScanning dependencies of target droneinterfaces__rosidl_typesupport_fastrtps_cpp[0m
[5.335s] [ 28%] [32mBuilding CXX object CMakeFiles/droneinterfaces__rosidl_typesupport_fastrtps_cpp.dir/rosidl_typesupport_fastrtps_cpp/droneinterfaces/srv/detail/dds_fastrtps/drone_register__type_support.cpp.o[0m
[5.336s] [ 30%] [32mBuilding CXX object CMakeFiles/droneinterfaces__rosidl_typesupport_fastrtps_cpp.dir/rosidl_typesupport_fastrtps_cpp/droneinterfaces/srv/detail/dds_fastrtps/drone_ctrl__type_support.cpp.o[0m
[5.405s] [35m[1mScanning dependencies of target droneinterfaces__rosidl_typesupport_c[0m
[5.412s] [35m[1mScanning dependencies of target droneinterfaces__rosidl_typesupport_cpp[0m
[5.443s] [ 35%] [32mBuilding CXX object CMakeFiles/droneinterfaces__rosidl_typesupport_c.dir/rosidl_typesupport_c/droneinterfaces/srv/drone_ctrl__type_support.cpp.o[0m
[5.443s] [ 35%] [32mBuilding CXX object CMakeFiles/droneinterfaces__rosidl_typesupport_c.dir/rosidl_typesupport_c/droneinterfaces/srv/drone_register__type_support.cpp.o[0m
[5.446s] [35m[1mScanning dependencies of target droneinterfaces__rosidl_typesupport_introspection_cpp[0m
[5.451s] [ 38%] [32mBuilding CXX object CMakeFiles/droneinterfaces__rosidl_typesupport_cpp.dir/rosidl_typesupport_cpp/droneinterfaces/srv/drone_register__type_support.cpp.o[0m
[5.464s] [ 41%] [32mBuilding CXX object CMakeFiles/droneinterfaces__rosidl_typesupport_cpp.dir/rosidl_typesupport_cpp/droneinterfaces/srv/drone_ctrl__type_support.cpp.o[0m
[5.481s] [ 43%] [32mBuilding CXX object CMakeFiles/droneinterfaces__rosidl_typesupport_introspection_cpp.dir/rosidl_typesupport_introspection_cpp/droneinterfaces/srv/detail/drone_register__type_support.cpp.o[0m
[5.482s] [ 46%] [32mBuilding CXX object CMakeFiles/droneinterfaces__rosidl_typesupport_introspection_cpp.dir/rosidl_typesupport_introspection_cpp/droneinterfaces/srv/detail/drone_ctrl__type_support.cpp.o[0m
[5.528s] [ 48%] [32m[1mLinking CXX shared library libdroneinterfaces__rosidl_typesupport_c.so[0m
[5.537s] [35m[1mScanning dependencies of target droneinterfaces__rosidl_typesupport_introspection_c[0m
[5.575s] [ 51%] [32mBuilding C object CMakeFiles/droneinterfaces__rosidl_typesupport_introspection_c.dir/rosidl_typesupport_introspection_c/droneinterfaces/srv/detail/drone_register__type_support.c.o[0m
[5.590s] [ 53%] [32mBuilding C object CMakeFiles/droneinterfaces__rosidl_typesupport_introspection_c.dir/rosidl_typesupport_introspection_c/droneinterfaces/srv/detail/drone_ctrl__type_support.c.o[0m
[5.633s] [ 53%] Built target droneinterfaces__rosidl_typesupport_c
[5.669s] [ 56%] [32m[1mLinking C shared library libdroneinterfaces__rosidl_typesupport_introspection_c.so[0m
[5.750s] [ 56%] Built target droneinterfaces__rosidl_typesupport_introspection_c
[5.839s] [ 58%] [32m[1mLinking CXX shared library libdroneinterfaces__rosidl_typesupport_introspection_cpp.so[0m
[5.885s] [ 61%] [32m[1mLinking CXX shared library libdroneinterfaces__rosidl_typesupport_cpp.so[0m
[5.920s] [ 61%] Built target droneinterfaces__rosidl_typesupport_introspection_cpp
[5.924s] [ 64%] [32m[1mLinking CXX shared library libdroneinterfaces__rosidl_typesupport_fastrtps_cpp.so[0m
[5.954s] [ 64%] Built target droneinterfaces__rosidl_typesupport_cpp
[6.012s] [ 64%] Built target droneinterfaces__rosidl_typesupport_fastrtps_cpp
[6.034s] [ 66%] [34m[1mGenerating C type support for eProsima Fast-RTPS[0m
[6.383s] [35m[1mScanning dependencies of target droneinterfaces__rosidl_typesupport_fastrtps_c[0m
[6.411s] [ 69%] [32mBuilding CXX object CMakeFiles/droneinterfaces__rosidl_typesupport_fastrtps_c.dir/rosidl_typesupport_fastrtps_c/droneinterfaces/srv/detail/drone_register__type_support_c.cpp.o[0m
[6.412s] [ 71%] [32mBuilding CXX object CMakeFiles/droneinterfaces__rosidl_typesupport_fastrtps_c.dir/rosidl_typesupport_fastrtps_c/droneinterfaces/srv/detail/drone_ctrl__type_support_c.cpp.o[0m
[6.717s] [ 74%] [32m[1mLinking CXX shared library libdroneinterfaces__rosidl_typesupport_fastrtps_c.so[0m
[6.797s] [ 74%] Built target droneinterfaces__rosidl_typesupport_fastrtps_c
[6.838s] [ 74%] Built target droneinterfaces
[6.862s] [35m[1mScanning dependencies of target droneinterfaces__py[0m
[6.887s] [ 76%] [34m[1mGenerating Python code for ROS interfaces[0m
[7.517s] [ 76%] Built target droneinterfaces__py
[7.540s] [35m[1mScanning dependencies of target droneinterfaces__python[0m
[7.570s] [ 82%] [32mBuilding C object CMakeFiles/droneinterfaces__python.dir/rosidl_generator_py/droneinterfaces/srv/_drone_register_s.c.o[0m
[7.570s] [ 82%] [32mBuilding C object CMakeFiles/droneinterfaces__python.dir/rosidl_generator_py/droneinterfaces/srv/_drone_ctrl_s.c.o[0m
[7.665s] [ 84%] [32m[1mLinking C shared library rosidl_generator_py/droneinterfaces/libdroneinterfaces__python.so[0m
[7.722s] [ 84%] Built target droneinterfaces__python
[7.745s] [35m[1mScanning dependencies of target droneinterfaces__rosidl_typesupport_introspection_c__pyext[0m
[7.745s] [35m[1mScanning dependencies of target droneinterfaces__rosidl_typesupport_c__pyext[0m
[7.745s] [35m[1mScanning dependencies of target droneinterfaces__rosidl_typesupport_fastrtps_c__pyext[0m
[7.774s] [ 89%] [32mBuilding C object CMakeFiles/droneinterfaces__rosidl_typesupport_fastrtps_c__pyext.dir/rosidl_generator_py/droneinterfaces/_droneinterfaces_s.ep.rosidl_typesupport_fastrtps_c.c.o[0m
[7.775s] [ 89%] [32mBuilding C object CMakeFiles/droneinterfaces__rosidl_typesupport_c__pyext.dir/rosidl_generator_py/droneinterfaces/_droneinterfaces_s.ep.rosidl_typesupport_c.c.o[0m
[7.781s] [ 92%] [32mBuilding C object CMakeFiles/droneinterfaces__rosidl_typesupport_introspection_c__pyext.dir/rosidl_generator_py/droneinterfaces/_droneinterfaces_s.ep.rosidl_typesupport_introspection_c.c.o[0m
[7.869s] [ 94%] [32m[1mLinking C shared library rosidl_generator_py/droneinterfaces/droneinterfaces_s__rosidl_typesupport_c.cpython-38-x86_64-linux-gnu.so[0m
[7.873s] [ 97%] [32m[1mLinking C shared library rosidl_generator_py/droneinterfaces/droneinterfaces_s__rosidl_typesupport_fastrtps_c.cpython-38-x86_64-linux-gnu.so[0m
[7.880s] [100%] [32m[1mLinking C shared library rosidl_generator_py/droneinterfaces/droneinterfaces_s__rosidl_typesupport_introspection_c.cpython-38-x86_64-linux-gnu.so[0m
[7.930s] [100%] Built target droneinterfaces__rosidl_typesupport_c__pyext
[7.933s] [100%] Built target droneinterfaces__rosidl_typesupport_fastrtps_c__pyext
[7.941s] [100%] Built target droneinterfaces__rosidl_typesupport_introspection_c__pyext
[7.962s] Invoked command in '/home/jakeluo/Documents/MonitoringSystemRos2/build/droneinterfaces' returned '0': CMAKE_PREFIX_PATH=${CMAKE_PREFIX_PATH}:/home/jakeluo/Software/ros2_rolling/install/rqt_bag_plugins:/home/jakeluo/Software/ros2_rolling/install/rqt_bag:/home/jakeluo/Software/ros2_rolling/install/ros2bag:/home/jakeluo/Software/ros2_rolling/install/tracetools_test:/home/jakeluo/Software/ros2_rolling/install/tracetools_launch:/home/jakeluo/Software/ros2_rolling/install/topic_monitor:/home/jakeluo/Software/ros2_rolling/install/tf2_tools:/home/jakeluo/Software/ros2_rolling/install/examples_tf2_py:/home/jakeluo/Software/ros2_rolling/install/tf2_ros_py:/home/jakeluo/Software/ros2_rolling/install/sros2:/home/jakeluo/Software/ros2_rolling/install/rqt_topic:/home/jakeluo/Software/ros2_rolling/install/rqt_top:/home/jakeluo/Software/ros2_rolling/install/rqt_srv:/home/jakeluo/Software/ros2_rolling/install/rqt_shell:/home/jakeluo/Software/ros2_rolling/install/rqt_service_caller:/home/jakeluo/Software/ros2_rolling/install/rqt_reconfigure:/home/jakeluo/Software/ros2_rolling/install/rqt_py_console:/home/jakeluo/Software/ros2_rolling/install/rqt_publisher:/home/jakeluo/Software/ros2_rolling/install/rqt_plot:/home/jakeluo/Software/ros2_rolling/install/rqt_action:/home/jakeluo/Software/ros2_rolling/install/rqt_msg:/home/jakeluo/Software/ros2_rolling/install/rqt_console:/home/jakeluo/Software/ros2_rolling/install/rqt:/home/jakeluo/Software/ros2_rolling/install/rqt_graph:/home/jakeluo/Software/ros2_rolling/install/rqt_gui_py:/home/jakeluo/Software/ros2_rolling/install/rqt_gui:/home/jakeluo/Software/ros2_rolling/install/ros2trace:/home/jakeluo/Software/ros2_rolling/install/ros2topic:/home/jakeluo/Software/ros2_rolling/install/ros2test:/home/jakeluo/Software/ros2_rolling/install/ros2component:/home/jakeluo/Software/ros2_rolling/install/ros2param:/home/jakeluo/Software/ros2_rolling/install/ros2lifecycle:/home/jakeluo/Software/ros2_rolling/install/ros2service:/home/jakeluo/Software/ros2_rolling/install/ros2run:/home/jakeluo/Software/ros2_rolling/install/ros2launch:/home/jakeluo/Software/ros2_rolling/install/ros2pkg:/home/jakeluo/Software/ros2_rolling/install/ros2node:/home/jakeluo/Software/ros2_rolling/install/ros2multicast:/home/jakeluo/Software/ros2_rolling/install/ros2interface:/home/jakeluo/Software/ros2_rolling/install/ros2doctor:/home/jakeluo/Software/ros2_rolling/install/ros2action:/home/jakeluo/Software/ros2_rolling/install/ros2cli:/home/jakeluo/Software/ros2_rolling/install/quality_of_service_demo_py:/home/jakeluo/Software/ros2_rolling/install/launch_testing_ros:/home/jakeluo/Software/ros2_rolling/install/launch_ros:/home/jakeluo/Software/ros2_rolling/install/examples_rclpy_pointcloud_publisher:/home/jakeluo/Software/ros2_rolling/install/examples_rclpy_minimal_subscriber:/home/jakeluo/Software/ros2_rolling/install/examples_rclpy_minimal_service:/home/jakeluo/Software/ros2_rolling/install/examples_rclpy_minimal_publisher:/home/jakeluo/Software/ros2_rolling/install/examples_rclpy_minimal_client:/home/jakeluo/Software/ros2_rolling/install/examples_rclpy_minimal_action_server:/home/jakeluo/Software/ros2_rolling/install/examples_rclpy_minimal_action_client:/home/jakeluo/Software/ros2_rolling/install/examples_rclpy_guard_conditions:/home/jakeluo/Software/ros2_rolling/install/examples_rclpy_executors:/home/jakeluo/Software/ros2_rolling/install/demo_nodes_py:/home/jakeluo/Software/ros2_rolling/install/action_tutorials_py:/home/jakeluo/Software/ros2_rolling/install/ament_uncrustify:/home/jakeluo/Software/ros2_rolling/install/tracetools_trace:/home/jakeluo/Software/ros2_rolling/install/tracetools_read:/home/jakeluo/Software/ros2_rolling/install/test_launch_ros:/home/jakeluo/Software/ros2_rolling/install/sensor_msgs_py:/home/jakeluo/Software/ros2_rolling/install/rpyutils:/home/jakeluo/Software/ros2_rolling/install/rosidl_runtime_py:/home/jakeluo/Software/ros2_rolling/install/rosidl_cli:/home/jakeluo/Software/ros2_rolling/install/launch_yaml:/home/jakeluo/Software/ros2_rolling/install/launch_xml:/home/jakeluo/Software/ros2_rolling/install/launch_testing:/home/jakeluo/Software/ros2_rolling/install/launch:/home/jakeluo/Software/ros2_rolling/install/osrf_pycommon:/home/jakeluo/Software/ros2_rolling/install/domain_coordinator:/home/jakeluo/Software/ros2_rolling/install/ament_xmllint:/home/jakeluo/Software/ros2_rolling/install/ament_pyflakes:/home/jakeluo/Software/ros2_rolling/install/ament_pycodestyle:/home/jakeluo/Software/ros2_rolling/install/ament_pep257:/home/jakeluo/Software/ros2_rolling/install/ament_pclint:/home/jakeluo/Software/ros2_rolling/install/ament_package:/home/jakeluo/Software/ros2_rolling/install/ament_mypy:/home/jakeluo/Software/ros2_rolling/install/ament_lint_cmake:/home/jakeluo/Software/ros2_rolling/install/ament_flake8:/home/jakeluo/Software/ros2_rolling/install/ament_copyright:/home/jakeluo/Software/ros2_rolling/install/ament_lint:/home/jakeluo/Software/ros2_rolling/install/ament_index_python:/home/jakeluo/Software/ros2_rolling/install/ament_cpplint:/home/jakeluo/Software/ros2_rolling/install/ament_cppcheck:/home/jakeluo/Software/ros2_rolling/install/ament_clang_tidy:/home/jakeluo/Software/ros2_rolling/install/ament_clang_format /usr/bin/cmake --build /home/jakeluo/Documents/MonitoringSystemRos2/build/droneinterfaces -- -j12 -l12
[8.197s] Invoking command in '/home/jakeluo/Documents/MonitoringSystemRos2/build/droneinterfaces': CMAKE_PREFIX_PATH=${CMAKE_PREFIX_PATH}:/home/jakeluo/Software/ros2_rolling/install/rqt_bag_plugins:/home/jakeluo/Software/ros2_rolling/install/rqt_bag:/home/jakeluo/Software/ros2_rolling/install/ros2bag:/home/jakeluo/Software/ros2_rolling/install/tracetools_test:/home/jakeluo/Software/ros2_rolling/install/tracetools_launch:/home/jakeluo/Software/ros2_rolling/install/topic_monitor:/home/jakeluo/Software/ros2_rolling/install/tf2_tools:/home/jakeluo/Software/ros2_rolling/install/examples_tf2_py:/home/jakeluo/Software/ros2_rolling/install/tf2_ros_py:/home/jakeluo/Software/ros2_rolling/install/sros2:/home/jakeluo/Software/ros2_rolling/install/rqt_topic:/home/jakeluo/Software/ros2_rolling/install/rqt_top:/home/jakeluo/Software/ros2_rolling/install/rqt_srv:/home/jakeluo/Software/ros2_rolling/install/rqt_shell:/home/jakeluo/Software/ros2_rolling/install/rqt_service_caller:/home/jakeluo/Software/ros2_rolling/install/rqt_reconfigure:/home/jakeluo/Software/ros2_rolling/install/rqt_py_console:/home/jakeluo/Software/ros2_rolling/install/rqt_publisher:/home/jakeluo/Software/ros2_rolling/install/rqt_plot:/home/jakeluo/Software/ros2_rolling/install/rqt_action:/home/jakeluo/Software/ros2_rolling/install/rqt_msg:/home/jakeluo/Software/ros2_rolling/install/rqt_console:/home/jakeluo/Software/ros2_rolling/install/rqt:/home/jakeluo/Software/ros2_rolling/install/rqt_graph:/home/jakeluo/Software/ros2_rolling/install/rqt_gui_py:/home/jakeluo/Software/ros2_rolling/install/rqt_gui:/home/jakeluo/Software/ros2_rolling/install/ros2trace:/home/jakeluo/Software/ros2_rolling/install/ros2topic:/home/jakeluo/Software/ros2_rolling/install/ros2test:/home/jakeluo/Software/ros2_rolling/install/ros2component:/home/jakeluo/Software/ros2_rolling/install/ros2param:/home/jakeluo/Software/ros2_rolling/install/ros2lifecycle:/home/jakeluo/Software/ros2_rolling/install/ros2service:/home/jakeluo/Software/ros2_rolling/install/ros2run:/home/jakeluo/Software/ros2_rolling/install/ros2launch:/home/jakeluo/Software/ros2_rolling/install/ros2pkg:/home/jakeluo/Software/ros2_rolling/install/ros2node:/home/jakeluo/Software/ros2_rolling/install/ros2multicast:/home/jakeluo/Software/ros2_rolling/install/ros2interface:/home/jakeluo/Software/ros2_rolling/install/ros2doctor:/home/jakeluo/Software/ros2_rolling/install/ros2action:/home/jakeluo/Software/ros2_rolling/install/ros2cli:/home/jakeluo/Software/ros2_rolling/install/quality_of_service_demo_py:/home/jakeluo/Software/ros2_rolling/install/launch_testing_ros:/home/jakeluo/Software/ros2_rolling/install/launch_ros:/home/jakeluo/Software/ros2_rolling/install/examples_rclpy_pointcloud_publisher:/home/jakeluo/Software/ros2_rolling/install/examples_rclpy_minimal_subscriber:/home/jakeluo/Software/ros2_rolling/install/examples_rclpy_minimal_service:/home/jakeluo/Software/ros2_rolling/install/examples_rclpy_minimal_publisher:/home/jakeluo/Software/ros2_rolling/install/examples_rclpy_minimal_client:/home/jakeluo/Software/ros2_rolling/install/examples_rclpy_minimal_action_server:/home/jakeluo/Software/ros2_rolling/install/examples_rclpy_minimal_action_client:/home/jakeluo/Software/ros2_rolling/install/examples_rclpy_guard_conditions:/home/jakeluo/Software/ros2_rolling/install/examples_rclpy_executors:/home/jakeluo/Software/ros2_rolling/install/demo_nodes_py:/home/jakeluo/Software/ros2_rolling/install/action_tutorials_py:/home/jakeluo/Software/ros2_rolling/install/ament_uncrustify:/home/jakeluo/Software/ros2_rolling/install/tracetools_trace:/home/jakeluo/Software/ros2_rolling/install/tracetools_read:/home/jakeluo/Software/ros2_rolling/install/test_launch_ros:/home/jakeluo/Software/ros2_rolling/install/sensor_msgs_py:/home/jakeluo/Software/ros2_rolling/install/rpyutils:/home/jakeluo/Software/ros2_rolling/install/rosidl_runtime_py:/home/jakeluo/Software/ros2_rolling/install/rosidl_cli:/home/jakeluo/Software/ros2_rolling/install/launch_yaml:/home/jakeluo/Software/ros2_rolling/install/launch_xml:/home/jakeluo/Software/ros2_rolling/install/launch_testing:/home/jakeluo/Software/ros2_rolling/install/launch:/home/jakeluo/Software/ros2_rolling/install/osrf_pycommon:/home/jakeluo/Software/ros2_rolling/install/domain_coordinator:/home/jakeluo/Software/ros2_rolling/install/ament_xmllint:/home/jakeluo/Software/ros2_rolling/install/ament_pyflakes:/home/jakeluo/Software/ros2_rolling/install/ament_pycodestyle:/home/jakeluo/Software/ros2_rolling/install/ament_pep257:/home/jakeluo/Software/ros2_rolling/install/ament_pclint:/home/jakeluo/Software/ros2_rolling/install/ament_package:/home/jakeluo/Software/ros2_rolling/install/ament_mypy:/home/jakeluo/Software/ros2_rolling/install/ament_lint_cmake:/home/jakeluo/Software/ros2_rolling/install/ament_flake8:/home/jakeluo/Software/ros2_rolling/install/ament_copyright:/home/jakeluo/Software/ros2_rolling/install/ament_lint:/home/jakeluo/Software/ros2_rolling/install/ament_index_python:/home/jakeluo/Software/ros2_rolling/install/ament_cpplint:/home/jakeluo/Software/ros2_rolling/install/ament_cppcheck:/home/jakeluo/Software/ros2_rolling/install/ament_clang_tidy:/home/jakeluo/Software/ros2_rolling/install/ament_clang_format /usr/bin/cmake --install /home/jakeluo/Documents/MonitoringSystemRos2/build/droneinterfaces
[8.216s] -- Install configuration: ""
[8.216s] -- Installing: /home/jakeluo/Documents/MonitoringSystemRos2/install/droneinterfaces/share/ament_index/resource_index/rosidl_interfaces/droneinterfaces
[8.216s] -- Up-to-date: /home/jakeluo/Documents/MonitoringSystemRos2/install/droneinterfaces/include/droneinterfaces
[8.216s] -- Up-to-date: /home/jakeluo/Documents/MonitoringSystemRos2/install/droneinterfaces/include/droneinterfaces/msg
[8.216s] -- Up-to-date: /home/jakeluo/Documents/MonitoringSystemRos2/install/droneinterfaces/include/droneinterfaces/msg/rosidl_generator_c__visibility_control.h
[8.217s] -- Up-to-date: /home/jakeluo/Documents/MonitoringSystemRos2/install/droneinterfaces/include/droneinterfaces/srv
[8.217s] -- Installing: /home/jakeluo/Documents/MonitoringSystemRos2/install/droneinterfaces/include/droneinterfaces/srv/drone_register.h
[8.217s] -- Up-to-date: /home/jakeluo/Documents/MonitoringSystemRos2/install/droneinterfaces/include/droneinterfaces/srv/detail
[8.217s] -- Installing: /home/jakeluo/Documents/MonitoringSystemRos2/install/droneinterfaces/include/droneinterfaces/srv/detail/drone_ctrl__functions.h
[8.217s] -- Installing: /home/jakeluo/Documents/MonitoringSystemRos2/install/droneinterfaces/include/droneinterfaces/srv/detail/drone_register__struct.h
[8.217s] -- Installing: /home/jakeluo/Documents/MonitoringSystemRos2/install/droneinterfaces/include/droneinterfaces/srv/detail/drone_register__type_support.h
[8.217s] -- Installing: /home/jakeluo/Documents/MonitoringSystemRos2/install/droneinterfaces/include/droneinterfaces/srv/detail/drone_register__functions.h
[8.217s] -- Installing: /home/jakeluo/Documents/MonitoringSystemRos2/install/droneinterfaces/include/droneinterfaces/srv/detail/drone_ctrl__type_support.h
[8.217s] -- Installing: /home/jakeluo/Documents/MonitoringSystemRos2/install/droneinterfaces/include/droneinterfaces/srv/detail/drone_register__functions.c
[8.217s] -- Installing: /home/jakeluo/Documents/MonitoringSystemRos2/install/droneinterfaces/include/droneinterfaces/srv/detail/drone_ctrl__functions.c
[8.217s] -- Installing: /home/jakeluo/Documents/MonitoringSystemRos2/install/droneinterfaces/include/droneinterfaces/srv/detail/drone_ctrl__struct.h
[8.217s] -- Installing: /home/jakeluo/Documents/MonitoringSystemRos2/install/droneinterfaces/include/droneinterfaces/srv/drone_ctrl.h
[8.218s] -- Up-to-date: /home/jakeluo/Documents/MonitoringSystemRos2/install/droneinterfaces/share/droneinterfaces/environment/library_path.sh
[8.218s] -- Installing: /home/jakeluo/Documents/MonitoringSystemRos2/install/droneinterfaces/share/droneinterfaces/environment/library_path.dsv
[8.218s] -- Installing: /home/jakeluo/Documents/MonitoringSystemRos2/install/droneinterfaces/lib/libdroneinterfaces__rosidl_generator_c.so
[8.218s] -- Set runtime path of "/home/jakeluo/Documents/MonitoringSystemRos2/install/droneinterfaces/lib/libdroneinterfaces__rosidl_generator_c.so" to ""
[8.218s] -- Up-to-date: /home/jakeluo/Documents/MonitoringSystemRos2/install/droneinterfaces/include/droneinterfaces
[8.218s] -- Up-to-date: /home/jakeluo/Documents/MonitoringSystemRos2/install/droneinterfaces/include/droneinterfaces/msg
[8.218s] -- Up-to-date: /home/jakeluo/Documents/MonitoringSystemRos2/install/droneinterfaces/include/droneinterfaces/msg/rosidl_typesupport_introspection_c__visibility_control.h
[8.219s] -- Up-to-date: /home/jakeluo/Documents/MonitoringSystemRos2/install/droneinterfaces/include/droneinterfaces/srv
[8.219s] -- Up-to-date: /home/jakeluo/Documents/MonitoringSystemRos2/install/droneinterfaces/include/droneinterfaces/srv/detail
[8.219s] -- Installing: /home/jakeluo/Documents/MonitoringSystemRos2/install/droneinterfaces/include/droneinterfaces/srv/detail/drone_register__type_support.c
[8.219s] -- Installing: /home/jakeluo/Documents/MonitoringSystemRos2/install/droneinterfaces/include/droneinterfaces/srv/detail/drone_ctrl__type_support.c
[8.219s] -- Installing: /home/jakeluo/Documents/MonitoringSystemRos2/install/droneinterfaces/include/droneinterfaces/srv/detail/drone_ctrl__rosidl_typesupport_introspection_c.h
[8.219s] -- Installing: /home/jakeluo/Documents/MonitoringSystemRos2/install/droneinterfaces/include/droneinterfaces/srv/detail/drone_register__rosidl_typesupport_introspection_c.h
[8.219s] -- Installing: /home/jakeluo/Documents/MonitoringSystemRos2/install/droneinterfaces/lib/libdroneinterfaces__rosidl_typesupport_introspection_c.so
[8.219s] -- Set runtime path of "/home/jakeluo/Documents/MonitoringSystemRos2/install/droneinterfaces/lib/libdroneinterfaces__rosidl_typesupport_introspection_c.so" to ""
[8.219s] -- Up-to-date: /home/jakeluo/Documents/MonitoringSystemRos2/install/droneinterfaces/include/droneinterfaces
[8.219s] -- Up-to-date: /home/jakeluo/Documents/MonitoringSystemRos2/install/droneinterfaces/include/droneinterfaces/msg
[8.220s] -- Up-to-date: /home/jakeluo/Documents/MonitoringSystemRos2/install/droneinterfaces/include/droneinterfaces/msg/rosidl_typesupport_fastrtps_c__visibility_control.h
[8.220s] -- Up-to-date: /home/jakeluo/Documents/MonitoringSystemRos2/install/droneinterfaces/include/droneinterfaces/srv
[8.220s] -- Up-to-date: /home/jakeluo/Documents/MonitoringSystemRos2/install/droneinterfaces/include/droneinterfaces/srv/detail
[8.220s] -- Installing: /home/jakeluo/Documents/MonitoringSystemRos2/install/droneinterfaces/include/droneinterfaces/srv/detail/drone_register__rosidl_typesupport_fastrtps_c.h
[8.220s] -- Installing: /home/jakeluo/Documents/MonitoringSystemRos2/install/droneinterfaces/include/droneinterfaces/srv/detail/drone_ctrl__rosidl_typesupport_fastrtps_c.h
[8.220s] -- Installing: /home/jakeluo/Documents/MonitoringSystemRos2/install/droneinterfaces/lib/libdroneinterfaces__rosidl_typesupport_fastrtps_c.so
[8.220s] -- Set runtime path of "/home/jakeluo/Documents/MonitoringSystemRos2/install/droneinterfaces/lib/libdroneinterfaces__rosidl_typesupport_fastrtps_c.so" to ""
[8.220s] -- Up-to-date: /home/jakeluo/Documents/MonitoringSystemRos2/install/droneinterfaces/include/droneinterfaces
[8.220s] -- Up-to-date: /home/jakeluo/Documents/MonitoringSystemRos2/install/droneinterfaces/include/droneinterfaces/msg
[8.220s] -- Up-to-date: /home/jakeluo/Documents/MonitoringSystemRos2/install/droneinterfaces/include/droneinterfaces/msg/rosidl_typesupport_fastrtps_cpp__visibility_control.h
[8.221s] -- Up-to-date: /home/jakeluo/Documents/MonitoringSystemRos2/install/droneinterfaces/include/droneinterfaces/srv
[8.221s] -- Up-to-date: /home/jakeluo/Documents/MonitoringSystemRos2/install/droneinterfaces/include/droneinterfaces/srv/detail
[8.221s] -- Installing: /home/jakeluo/Documents/MonitoringSystemRos2/install/droneinterfaces/include/droneinterfaces/srv/detail/drone_ctrl__rosidl_typesupport_fastrtps_cpp.hpp
[8.221s] -- Installing: /home/jakeluo/Documents/MonitoringSystemRos2/install/droneinterfaces/include/droneinterfaces/srv/detail/drone_register__rosidl_typesupport_fastrtps_cpp.hpp
[8.221s] -- Up-to-date: /home/jakeluo/Documents/MonitoringSystemRos2/install/droneinterfaces/include/droneinterfaces/srv/detail/dds_fastrtps
[8.221s] -- Installing: /home/jakeluo/Documents/MonitoringSystemRos2/install/droneinterfaces/lib/libdroneinterfaces__rosidl_typesupport_fastrtps_cpp.so
[8.221s] -- Set runtime path of "/home/jakeluo/Documents/MonitoringSystemRos2/install/droneinterfaces/lib/libdroneinterfaces__rosidl_typesupport_fastrtps_cpp.so" to ""
[8.221s] -- Installing: /home/jakeluo/Documents/MonitoringSystemRos2/install/droneinterfaces/lib/libdroneinterfaces__rosidl_typesupport_c.so
[8.222s] -- Set runtime path of "/home/jakeluo/Documents/MonitoringSystemRos2/install/droneinterfaces/lib/libdroneinterfaces__rosidl_typesupport_c.so" to ""
[8.222s] -- Up-to-date: /home/jakeluo/Documents/MonitoringSystemRos2/install/droneinterfaces/include/droneinterfaces
[8.222s] -- Up-to-date: /home/jakeluo/Documents/MonitoringSystemRos2/install/droneinterfaces/include/droneinterfaces/srv
[8.222s] -- Installing: /home/jakeluo/Documents/MonitoringSystemRos2/install/droneinterfaces/include/droneinterfaces/srv/drone_register.hpp
[8.222s] -- Installing: /home/jakeluo/Documents/MonitoringSystemRos2/install/droneinterfaces/include/droneinterfaces/srv/drone_ctrl.hpp
[8.222s] -- Up-to-date: /home/jakeluo/Documents/MonitoringSystemRos2/install/droneinterfaces/include/droneinterfaces/srv/detail
[8.222s] -- Installing: /home/jakeluo/Documents/MonitoringSystemRos2/install/droneinterfaces/include/droneinterfaces/srv/detail/drone_ctrl__traits.hpp
[8.222s] -- Installing: /home/jakeluo/Documents/MonitoringSystemRos2/install/droneinterfaces/include/droneinterfaces/srv/detail/drone_register__struct.hpp
[8.222s] -- Installing: /home/jakeluo/Documents/MonitoringSystemRos2/install/droneinterfaces/include/droneinterfaces/srv/detail/drone_register__traits.hpp
[8.222s] -- Installing: /home/jakeluo/Documents/MonitoringSystemRos2/install/droneinterfaces/include/droneinterfaces/srv/detail/drone_register__builder.hpp
[8.222s] -- Installing: /home/jakeluo/Documents/MonitoringSystemRos2/install/droneinterfaces/include/droneinterfaces/srv/detail/drone_ctrl__builder.hpp
[8.223s] -- Installing: /home/jakeluo/Documents/MonitoringSystemRos2/install/droneinterfaces/include/droneinterfaces/srv/detail/drone_ctrl__struct.hpp
[8.223s] -- Up-to-date: /home/jakeluo/Documents/MonitoringSystemRos2/install/droneinterfaces/include/droneinterfaces
[8.223s] -- Up-to-date: /home/jakeluo/Documents/MonitoringSystemRos2/install/droneinterfaces/include/droneinterfaces/srv
[8.223s] -- Up-to-date: /home/jakeluo/Documents/MonitoringSystemRos2/install/droneinterfaces/include/droneinterfaces/srv/detail
[8.223s] -- Installing: /home/jakeluo/Documents/MonitoringSystemRos2/install/droneinterfaces/include/droneinterfaces/srv/detail/drone_ctrl__type_support.cpp
[8.223s] -- Installing: /home/jakeluo/Documents/MonitoringSystemRos2/install/droneinterfaces/include/droneinterfaces/srv/detail/drone_register__rosidl_typesupport_introspection_cpp.hpp
[8.223s] -- Installing: /home/jakeluo/Documents/MonitoringSystemRos2/install/droneinterfaces/include/droneinterfaces/srv/detail/drone_register__type_support.cpp
[8.223s] -- Installing: /home/jakeluo/Documents/MonitoringSystemRos2/install/droneinterfaces/include/droneinterfaces/srv/detail/drone_ctrl__rosidl_typesupport_introspection_cpp.hpp
[8.223s] -- Installing: /home/jakeluo/Documents/MonitoringSystemRos2/install/droneinterfaces/lib/libdroneinterfaces__rosidl_typesupport_introspection_cpp.so
[8.224s] -- Set runtime path of "/home/jakeluo/Documents/MonitoringSystemRos2/install/droneinterfaces/lib/libdroneinterfaces__rosidl_typesupport_introspection_cpp.so" to ""
[8.224s] -- Installing: /home/jakeluo/Documents/MonitoringSystemRos2/install/droneinterfaces/lib/libdroneinterfaces__rosidl_typesupport_cpp.so
[8.224s] -- Set runtime path of "/home/jakeluo/Documents/MonitoringSystemRos2/install/droneinterfaces/lib/libdroneinterfaces__rosidl_typesupport_cpp.so" to ""
[8.224s] -- Up-to-date: /home/jakeluo/Documents/MonitoringSystemRos2/install/droneinterfaces/share/droneinterfaces/environment/pythonpath.sh
[8.224s] -- Installing: /home/jakeluo/Documents/MonitoringSystemRos2/install/droneinterfaces/share/droneinterfaces/environment/pythonpath.dsv
[8.225s] -- Up-to-date: /home/jakeluo/Documents/MonitoringSystemRos2/install/droneinterfaces/lib/python3.8/site-packages/droneinterfaces-0.0.0-py3.8.egg-info
[8.225s] -- Installing: /home/jakeluo/Documents/MonitoringSystemRos2/install/droneinterfaces/lib/python3.8/site-packages/droneinterfaces-0.0.0-py3.8.egg-info/top_level.txt
[8.225s] -- Installing: /home/jakeluo/Documents/MonitoringSystemRos2/install/droneinterfaces/lib/python3.8/site-packages/droneinterfaces-0.0.0-py3.8.egg-info/dependency_links.txt
[8.225s] -- Installing: /home/jakeluo/Documents/MonitoringSystemRos2/install/droneinterfaces/lib/python3.8/site-packages/droneinterfaces-0.0.0-py3.8.egg-info/PKG-INFO
[8.225s] -- Installing: /home/jakeluo/Documents/MonitoringSystemRos2/install/droneinterfaces/lib/python3.8/site-packages/droneinterfaces-0.0.0-py3.8.egg-info/SOURCES.txt
[8.225s] -- Up-to-date: /home/jakeluo/Documents/MonitoringSystemRos2/install/droneinterfaces/lib/python3.8/site-packages/droneinterfaces
[8.225s] -- Installing: /home/jakeluo/Documents/MonitoringSystemRos2/install/droneinterfaces/lib/python3.8/site-packages/droneinterfaces/libdroneinterfaces__python.so
[8.225s] -- Installing: /home/jakeluo/Documents/MonitoringSystemRos2/install/droneinterfaces/lib/python3.8/site-packages/droneinterfaces/_droneinterfaces_s.ep.rosidl_typesupport_fastrtps_c.c
[8.225s] -- Installing: /home/jakeluo/Documents/MonitoringSystemRos2/install/droneinterfaces/lib/python3.8/site-packages/droneinterfaces/_droneinterfaces_s.ep.rosidl_typesupport_introspection_c.c
[8.226s] -- Installing: /home/jakeluo/Documents/MonitoringSystemRos2/install/droneinterfaces/lib/python3.8/site-packages/droneinterfaces/droneinterfaces_s__rosidl_typesupport_c.cpython-38-x86_64-linux-gnu.so
[8.226s] -- Installing: /home/jakeluo/Documents/MonitoringSystemRos2/install/droneinterfaces/lib/python3.8/site-packages/droneinterfaces/droneinterfaces_s__rosidl_typesupport_fastrtps_c.cpython-38-x86_64-linux-gnu.so
[8.226s] -- Up-to-date: /home/jakeluo/Documents/MonitoringSystemRos2/install/droneinterfaces/lib/python3.8/site-packages/droneinterfaces/srv
[8.226s] -- Installing: /home/jakeluo/Documents/MonitoringSystemRos2/install/droneinterfaces/lib/python3.8/site-packages/droneinterfaces/srv/_drone_register.py
[8.226s] -- Installing: /home/jakeluo/Documents/MonitoringSystemRos2/install/droneinterfaces/lib/python3.8/site-packages/droneinterfaces/srv/_drone_ctrl_s.c
[8.226s] -- Installing: /home/jakeluo/Documents/MonitoringSystemRos2/install/droneinterfaces/lib/python3.8/site-packages/droneinterfaces/srv/_drone_register_s.c
[8.226s] -- Installing: /home/jakeluo/Documents/MonitoringSystemRos2/install/droneinterfaces/lib/python3.8/site-packages/droneinterfaces/srv/__init__.py
[8.226s] -- Installing: /home/jakeluo/Documents/MonitoringSystemRos2/install/droneinterfaces/lib/python3.8/site-packages/droneinterfaces/srv/_drone_ctrl.py
[8.226s] -- Installing: /home/jakeluo/Documents/MonitoringSystemRos2/install/droneinterfaces/lib/python3.8/site-packages/droneinterfaces/droneinterfaces_s__rosidl_typesupport_introspection_c.cpython-38-x86_64-linux-gnu.so
[8.227s] -- Installing: /home/jakeluo/Documents/MonitoringSystemRos2/install/droneinterfaces/lib/python3.8/site-packages/droneinterfaces/__init__.py
[8.227s] -- Installing: /home/jakeluo/Documents/MonitoringSystemRos2/install/droneinterfaces/lib/python3.8/site-packages/droneinterfaces/_droneinterfaces_s.ep.rosidl_typesupport_c.c
[8.341s] Listing '/home/jakeluo/Documents/MonitoringSystemRos2/install/droneinterfaces/lib/python3.8/site-packages/droneinterfaces'...
[8.341s] Compiling '/home/jakeluo/Documents/MonitoringSystemRos2/install/droneinterfaces/lib/python3.8/site-packages/droneinterfaces/__init__.py'...
[8.341s] Listing '/home/jakeluo/Documents/MonitoringSystemRos2/install/droneinterfaces/lib/python3.8/site-packages/droneinterfaces/srv'...
[8.341s] Compiling '/home/jakeluo/Documents/MonitoringSystemRos2/install/droneinterfaces/lib/python3.8/site-packages/droneinterfaces/srv/__init__.py'...
[8.341s] Compiling '/home/jakeluo/Documents/MonitoringSystemRos2/install/droneinterfaces/lib/python3.8/site-packages/droneinterfaces/srv/_drone_ctrl.py'...
[8.341s] Compiling '/home/jakeluo/Documents/MonitoringSystemRos2/install/droneinterfaces/lib/python3.8/site-packages/droneinterfaces/srv/_drone_register.py'...
[8.345s] -- Installing: /home/jakeluo/Documents/MonitoringSystemRos2/install/droneinterfaces/lib/python3.8/site-packages/droneinterfaces/droneinterfaces_s__rosidl_typesupport_introspection_c.cpython-38-x86_64-linux-gnu.so
[8.345s] -- Set runtime path of "/home/jakeluo/Documents/MonitoringSystemRos2/install/droneinterfaces/lib/python3.8/site-packages/droneinterfaces/droneinterfaces_s__rosidl_typesupport_introspection_c.cpython-38-x86_64-linux-gnu.so" to ""
[8.346s] -- Installing: /home/jakeluo/Documents/MonitoringSystemRos2/install/droneinterfaces/lib/python3.8/site-packages/droneinterfaces/droneinterfaces_s__rosidl_typesupport_fastrtps_c.cpython-38-x86_64-linux-gnu.so
[8.347s] -- Set runtime path of "/home/jakeluo/Documents/MonitoringSystemRos2/install/droneinterfaces/lib/python3.8/site-packages/droneinterfaces/droneinterfaces_s__rosidl_typesupport_fastrtps_c.cpython-38-x86_64-linux-gnu.so" to ""
[8.347s] -- Installing: /home/jakeluo/Documents/MonitoringSystemRos2/install/droneinterfaces/lib/python3.8/site-packages/droneinterfaces/droneinterfaces_s__rosidl_typesupport_c.cpython-38-x86_64-linux-gnu.so
[8.348s] -- Set runtime path of "/home/jakeluo/Documents/MonitoringSystemRos2/install/droneinterfaces/lib/python3.8/site-packages/droneinterfaces/droneinterfaces_s__rosidl_typesupport_c.cpython-38-x86_64-linux-gnu.so" to ""
[8.348s] -- Installing: /home/jakeluo/Documents/MonitoringSystemRos2/install/droneinterfaces/lib/libdroneinterfaces__python.so
[8.348s] -- Set runtime path of "/home/jakeluo/Documents/MonitoringSystemRos2/install/droneinterfaces/lib/libdroneinterfaces__python.so" to ""
[8.348s] -- Up-to-date: /home/jakeluo/Documents/MonitoringSystemRos2/install/droneinterfaces/share/droneinterfaces/srv/DroneRegister.idl
[8.349s] -- Installing: /home/jakeluo/Documents/MonitoringSystemRos2/install/droneinterfaces/share/droneinterfaces/srv/DroneCtrl.idl
[8.349s] -- Up-to-date: /home/jakeluo/Documents/MonitoringSystemRos2/install/droneinterfaces/share/droneinterfaces/srv/DroneRegister.srv
[8.349s] -- Up-to-date: /home/jakeluo/Documents/MonitoringSystemRos2/install/droneinterfaces/share/droneinterfaces/srv/DroneRegister_Request.msg
[8.349s] -- Up-to-date: /home/jakeluo/Documents/MonitoringSystemRos2/install/droneinterfaces/share/droneinterfaces/srv/DroneRegister_Response.msg
[8.349s] -- Installing: /home/jakeluo/Documents/MonitoringSystemRos2/install/droneinterfaces/share/droneinterfaces/srv/DroneCtrl.srv
[8.349s] -- Installing: /home/jakeluo/Documents/MonitoringSystemRos2/install/droneinterfaces/share/droneinterfaces/srv/DroneCtrl_Request.msg
[8.349s] -- Installing: /home/jakeluo/Documents/MonitoringSystemRos2/install/droneinterfaces/share/droneinterfaces/srv/DroneCtrl_Response.msg
[8.349s] -- Up-to-date: /home/jakeluo/Documents/MonitoringSystemRos2/install/droneinterfaces/share/ament_index/resource_index/package_run_dependencies/droneinterfaces
[8.350s] -- Installing: /home/jakeluo/Documents/MonitoringSystemRos2/install/droneinterfaces/share/ament_index/resource_index/parent_prefix_path/droneinterfaces
[8.350s] -- Installing: /home/jakeluo/Documents/MonitoringSystemRos2/install/droneinterfaces/share/droneinterfaces/environment/ament_prefix_path.dsv
[8.350s] -- Installing: /home/jakeluo/Documents/MonitoringSystemRos2/install/droneinterfaces/share/droneinterfaces/environment/path.dsv
[8.350s] -- Up-to-date: /home/jakeluo/Documents/MonitoringSystemRos2/install/droneinterfaces/share/droneinterfaces/local_setup.bash
[8.350s] -- Up-to-date: /home/jakeluo/Documents/MonitoringSystemRos2/install/droneinterfaces/share/droneinterfaces/local_setup.sh
[8.350s] -- Up-to-date: /home/jakeluo/Documents/MonitoringSystemRos2/install/droneinterfaces/share/droneinterfaces/local_setup.zsh
[8.350s] -- Installing: /home/jakeluo/Documents/MonitoringSystemRos2/install/droneinterfaces/share/droneinterfaces/local_setup.dsv
[8.351s] -- Installing: /home/jakeluo/Documents/MonitoringSystemRos2/install/droneinterfaces/share/droneinterfaces/package.dsv
[8.351s] -- Up-to-date: /home/jakeluo/Documents/MonitoringSystemRos2/install/droneinterfaces/share/ament_index/resource_index/packages/droneinterfaces
[8.351s] -- Up-to-date: /home/jakeluo/Documents/MonitoringSystemRos2/install/droneinterfaces/share/droneinterfaces/cmake/droneinterfaces__rosidl_generator_cExport.cmake
[8.351s] -- Installing: /home/jakeluo/Documents/MonitoringSystemRos2/install/droneinterfaces/share/droneinterfaces/cmake/droneinterfaces__rosidl_generator_cExport-noconfig.cmake
[8.351s] -- Up-to-date: /home/jakeluo/Documents/MonitoringSystemRos2/install/droneinterfaces/share/droneinterfaces/cmake/droneinterfaces__rosidl_typesupport_introspection_cExport.cmake
[8.351s] -- Installing: /home/jakeluo/Documents/MonitoringSystemRos2/install/droneinterfaces/share/droneinterfaces/cmake/droneinterfaces__rosidl_typesupport_introspection_cExport-noconfig.cmake
[8.351s] -- Up-to-date: /home/jakeluo/Documents/MonitoringSystemRos2/install/droneinterfaces/share/droneinterfaces/cmake/droneinterfaces__rosidl_typesupport_cExport.cmake
[8.351s] -- Installing: /home/jakeluo/Documents/MonitoringSystemRos2/install/droneinterfaces/share/droneinterfaces/cmake/droneinterfaces__rosidl_typesupport_cExport-noconfig.cmake
[8.351s] -- Up-to-date: /home/jakeluo/Documents/MonitoringSystemRos2/install/droneinterfaces/share/droneinterfaces/cmake/droneinterfaces__rosidl_generator_cppExport.cmake
[8.352s] -- Up-to-date: /home/jakeluo/Documents/MonitoringSystemRos2/install/droneinterfaces/share/droneinterfaces/cmake/droneinterfaces__rosidl_typesupport_introspection_cppExport.cmake
[8.352s] -- Installing: /home/jakeluo/Documents/MonitoringSystemRos2/install/droneinterfaces/share/droneinterfaces/cmake/droneinterfaces__rosidl_typesupport_introspection_cppExport-noconfig.cmake
[8.352s] -- Up-to-date: /home/jakeluo/Documents/MonitoringSystemRos2/install/droneinterfaces/share/droneinterfaces/cmake/droneinterfaces__rosidl_typesupport_cppExport.cmake
[8.352s] -- Installing: /home/jakeluo/Documents/MonitoringSystemRos2/install/droneinterfaces/share/droneinterfaces/cmake/droneinterfaces__rosidl_typesupport_cppExport-noconfig.cmake
[8.352s] -- Installing: /home/jakeluo/Documents/MonitoringSystemRos2/install/droneinterfaces/share/droneinterfaces/cmake/rosidl_cmake-extras.cmake
[8.352s] -- Up-to-date: /home/jakeluo/Documents/MonitoringSystemRos2/install/droneinterfaces/share/droneinterfaces/cmake/ament_cmake_export_dependencies-extras.cmake
[8.352s] -- Up-to-date: /home/jakeluo/Documents/MonitoringSystemRos2/install/droneinterfaces/share/droneinterfaces/cmake/ament_cmake_export_libraries-extras.cmake
[8.352s] -- Up-to-date: /home/jakeluo/Documents/MonitoringSystemRos2/install/droneinterfaces/share/droneinterfaces/cmake/ament_cmake_export_targets-extras.cmake
[8.352s] -- Up-to-date: /home/jakeluo/Documents/MonitoringSystemRos2/install/droneinterfaces/share/droneinterfaces/cmake/ament_cmake_export_include_directories-extras.cmake
[8.353s] -- Up-to-date: /home/jakeluo/Documents/MonitoringSystemRos2/install/droneinterfaces/share/droneinterfaces/cmake/rosidl_cmake_export_typesupport_targets-extras.cmake
[8.353s] -- Up-to-date: /home/jakeluo/Documents/MonitoringSystemRos2/install/droneinterfaces/share/droneinterfaces/cmake/rosidl_cmake_export_typesupport_libraries-extras.cmake
[8.353s] -- Up-to-date: /home/jakeluo/Documents/MonitoringSystemRos2/install/droneinterfaces/share/droneinterfaces/cmake/droneinterfacesConfig.cmake
[8.353s] -- Up-to-date: /home/jakeluo/Documents/MonitoringSystemRos2/install/droneinterfaces/share/droneinterfaces/cmake/droneinterfacesConfig-version.cmake
[8.353s] -- Installing: /home/jakeluo/Documents/MonitoringSystemRos2/install/droneinterfaces/share/droneinterfaces/package.xml
[8.355s] Invoked command in '/home/jakeluo/Documents/MonitoringSystemRos2/build/droneinterfaces' returned '0': CMAKE_PREFIX_PATH=${CMAKE_PREFIX_PATH}:/home/jakeluo/Software/ros2_rolling/install/rqt_bag_plugins:/home/jakeluo/Software/ros2_rolling/install/rqt_bag:/home/jakeluo/Software/ros2_rolling/install/ros2bag:/home/jakeluo/Software/ros2_rolling/install/tracetools_test:/home/jakeluo/Software/ros2_rolling/install/tracetools_launch:/home/jakeluo/Software/ros2_rolling/install/topic_monitor:/home/jakeluo/Software/ros2_rolling/install/tf2_tools:/home/jakeluo/Software/ros2_rolling/install/examples_tf2_py:/home/jakeluo/Software/ros2_rolling/install/tf2_ros_py:/home/jakeluo/Software/ros2_rolling/install/sros2:/home/jakeluo/Software/ros2_rolling/install/rqt_topic:/home/jakeluo/Software/ros2_rolling/install/rqt_top:/home/jakeluo/Software/ros2_rolling/install/rqt_srv:/home/jakeluo/Software/ros2_rolling/install/rqt_shell:/home/jakeluo/Software/ros2_rolling/install/rqt_service_caller:/home/jakeluo/Software/ros2_rolling/install/rqt_reconfigure:/home/jakeluo/Software/ros2_rolling/install/rqt_py_console:/home/jakeluo/Software/ros2_rolling/install/rqt_publisher:/home/jakeluo/Software/ros2_rolling/install/rqt_plot:/home/jakeluo/Software/ros2_rolling/install/rqt_action:/home/jakeluo/Software/ros2_rolling/install/rqt_msg:/home/jakeluo/Software/ros2_rolling/install/rqt_console:/home/jakeluo/Software/ros2_rolling/install/rqt:/home/jakeluo/Software/ros2_rolling/install/rqt_graph:/home/jakeluo/Software/ros2_rolling/install/rqt_gui_py:/home/jakeluo/Software/ros2_rolling/install/rqt_gui:/home/jakeluo/Software/ros2_rolling/install/ros2trace:/home/jakeluo/Software/ros2_rolling/install/ros2topic:/home/jakeluo/Software/ros2_rolling/install/ros2test:/home/jakeluo/Software/ros2_rolling/install/ros2component:/home/jakeluo/Software/ros2_rolling/install/ros2param:/home/jakeluo/Software/ros2_rolling/install/ros2lifecycle:/home/jakeluo/Software/ros2_rolling/install/ros2service:/home/jakeluo/Software/ros2_rolling/install/ros2run:/home/jakeluo/Software/ros2_rolling/install/ros2launch:/home/jakeluo/Software/ros2_rolling/install/ros2pkg:/home/jakeluo/Software/ros2_rolling/install/ros2node:/home/jakeluo/Software/ros2_rolling/install/ros2multicast:/home/jakeluo/Software/ros2_rolling/install/ros2interface:/home/jakeluo/Software/ros2_rolling/install/ros2doctor:/home/jakeluo/Software/ros2_rolling/install/ros2action:/home/jakeluo/Software/ros2_rolling/install/ros2cli:/home/jakeluo/Software/ros2_rolling/install/quality_of_service_demo_py:/home/jakeluo/Software/ros2_rolling/install/launch_testing_ros:/home/jakeluo/Software/ros2_rolling/install/launch_ros:/home/jakeluo/Software/ros2_rolling/install/examples_rclpy_pointcloud_publisher:/home/jakeluo/Software/ros2_rolling/install/examples_rclpy_minimal_subscriber:/home/jakeluo/Software/ros2_rolling/install/examples_rclpy_minimal_service:/home/jakeluo/Software/ros2_rolling/install/examples_rclpy_minimal_publisher:/home/jakeluo/Software/ros2_rolling/install/examples_rclpy_minimal_client:/home/jakeluo/Software/ros2_rolling/install/examples_rclpy_minimal_action_server:/home/jakeluo/Software/ros2_rolling/install/examples_rclpy_minimal_action_client:/home/jakeluo/Software/ros2_rolling/install/examples_rclpy_guard_conditions:/home/jakeluo/Software/ros2_rolling/install/examples_rclpy_executors:/home/jakeluo/Software/ros2_rolling/install/demo_nodes_py:/home/jakeluo/Software/ros2_rolling/install/action_tutorials_py:/home/jakeluo/Software/ros2_rolling/install/ament_uncrustify:/home/jakeluo/Software/ros2_rolling/install/tracetools_trace:/home/jakeluo/Software/ros2_rolling/install/tracetools_read:/home/jakeluo/Software/ros2_rolling/install/test_launch_ros:/home/jakeluo/Software/ros2_rolling/install/sensor_msgs_py:/home/jakeluo/Software/ros2_rolling/install/rpyutils:/home/jakeluo/Software/ros2_rolling/install/rosidl_runtime_py:/home/jakeluo/Software/ros2_rolling/install/rosidl_cli:/home/jakeluo/Software/ros2_rolling/install/launch_yaml:/home/jakeluo/Software/ros2_rolling/install/launch_xml:/home/jakeluo/Software/ros2_rolling/install/launch_testing:/home/jakeluo/Software/ros2_rolling/install/launch:/home/jakeluo/Software/ros2_rolling/install/osrf_pycommon:/home/jakeluo/Software/ros2_rolling/install/domain_coordinator:/home/jakeluo/Software/ros2_rolling/install/ament_xmllint:/home/jakeluo/Software/ros2_rolling/install/ament_pyflakes:/home/jakeluo/Software/ros2_rolling/install/ament_pycodestyle:/home/jakeluo/Software/ros2_rolling/install/ament_pep257:/home/jakeluo/Software/ros2_rolling/install/ament_pclint:/home/jakeluo/Software/ros2_rolling/install/ament_package:/home/jakeluo/Software/ros2_rolling/install/ament_mypy:/home/jakeluo/Software/ros2_rolling/install/ament_lint_cmake:/home/jakeluo/Software/ros2_rolling/install/ament_flake8:/home/jakeluo/Software/ros2_rolling/install/ament_copyright:/home/jakeluo/Software/ros2_rolling/install/ament_lint:/home/jakeluo/Software/ros2_rolling/install/ament_index_python:/home/jakeluo/Software/ros2_rolling/install/ament_cpplint:/home/jakeluo/Software/ros2_rolling/install/ament_cppcheck:/home/jakeluo/Software/ros2_rolling/install/ament_clang_tidy:/home/jakeluo/Software/ros2_rolling/install/ament_clang_format /usr/bin/cmake --install /home/jakeluo/Documents/MonitoringSystemRos2/build/droneinterfaces
