[0.023s] Invoking command in '/home/jakeluo/Documents/MonitoringSystemRos2/build/droneinterfaces': /usr/bin/cmake /home/jakeluo/Documents/MonitoringSystemRos2/droneinterfaces -DCMAKE_INSTALL_PREFIX=/home/jakeluo/Documents/MonitoringSystemRos2/install/droneinterfaces
[0.100s] -- The C compiler identification is GNU 9.3.0
[0.153s] -- The CXX compiler identification is GNU 9.3.0
[0.158s] -- Check for working C compiler: /usr/bin/cc
[0.262s] -- Check for working C compiler: /usr/bin/cc -- works
[0.262s] -- Detecting C compiler ABI info
[0.362s] -- Detecting C compiler ABI info - done
[0.371s] -- Detecting C compile features
[0.372s] -- Detecting C compile features - done
[0.375s] -- Check for working CXX compiler: /usr/bin/c++
[0.483s] -- Check for working CXX compiler: /usr/bin/c++ -- works
[0.484s] -- Detecting CXX compiler ABI info
[0.596s] -- Detecting CXX compiler ABI info - done
[0.606s] -- Detecting CXX compile features
[0.606s] -- Detecting CXX compile features - done
[0.626s] CMake Error at CMakeLists.txt:9 (find_package):
[0.626s]   By not providing "Findament_cmake.cmake" in CMAKE_MODULE_PATH this project
[0.627s]   has asked CMake to find a package configuration file provided by
[0.627s]   "ament_cmake", but CMake did not find one.
[0.627s] 
[0.627s]   Could not find a package configuration file provided by "ament_cmake" with
[0.627s]   any of the following names:
[0.627s] 
[0.627s]     ament_cmakeConfig.cmake
[0.627s]     ament_cmake-config.cmake
[0.627s] 
[0.627s]   Add the installation prefix of "ament_cmake" to CMAKE_PREFIX_PATH or set
[0.627s]   "ament_cmake_DIR" to a directory containing one of the above files.  If
[0.627s]   "ament_cmake" provides a separate development package or SDK, be sure it
[0.627s]   has been installed.
[0.627s] 
[0.627s] 
[0.627s] -- Configuring incomplete, errors occurred!
[0.628s] See also "/home/jakeluo/Documents/MonitoringSystemRos2/build/droneinterfaces/CMakeFiles/CMakeOutput.log".
[0.630s] Invoked command in '/home/jakeluo/Documents/MonitoringSystemRos2/build/droneinterfaces' returned '1': /usr/bin/cmake /home/jakeluo/Documents/MonitoringSystemRos2/droneinterfaces -DCMAKE_INSTALL_PREFIX=/home/jakeluo/Documents/MonitoringSystemRos2/install/droneinterfaces
