CMake Error at CMakeLists.txt:35 (add_executable):
  add_executable cannot create target "openpose" because an imported target
  with the same name already exists.


CMake Error at CMakeLists.txt:40 (target_include_directories):
  target_include_directories may only set INTERFACE properties on IMPORTED
  targets


CMake Error at CMakeLists.txt:43 (target_compile_features):
  target_compile_features may only set INTERFACE properties on IMPORTED
  targets


CMake Error at CMakeLists.txt:45 (target_link_libraries):
  IMPORTED library can only be used with the INTERFACE keyword of
  target_link_libraries


CMake Error at /home/jakeluo/Software/ros2_rolling/install/ament_cmake_target_dependencies/share/ament_cmake_target_dependencies/cmake/ament_target_dependencies.cmake:141 (target_include_directories):
  target_include_directories may only set INTERFACE properties on IMPORTED
  targets
Call Stack (most recent call first):
  CMakeLists.txt:53 (ament_target_dependencies)


CMake Error at /home/jakeluo/Software/ros2_rolling/install/ament_cmake_target_dependencies/share/ament_cmake_target_dependencies/cmake/ament_target_dependencies.cmake:145 (target_link_libraries):
  IMPORTED library can only be used with the INTERFACE keyword of
  target_link_libraries
Call Stack (most recent call first):
  CMakeLists.txt:53 (ament_target_dependencies)


CMake Error at CMakeLists.txt:55 (install):
  install TARGETS given target "test11" which does not exist.


