-- Found ament_cmake: 1.1.4 (/home/jakeluo/Software/ros2_rolling/install/ament_cmake/share/ament_cmake/cmake)
-- Found rclcpp: 13.0.0 (/home/jakeluo/Software/ros2_rolling/install/rclcpp/share/rclcpp/cmake)
-- Using all available rosidl_typesupport_c: rosidl_typesupport_introspection_c;rosidl_typesupport_fastrtps_c
-- Found rosidl_adapter: 2.5.0 (/home/jakeluo/Software/ros2_rolling/install/rosidl_adapter/share/rosidl_adapter/cmake)
-- Using all available rosidl_typesupport_cpp: rosidl_typesupport_introspection_cpp;rosidl_typesupport_fastrtps_cpp
-- Found rmw_implementation_cmake: 5.0.0 (/home/jakeluo/Software/ros2_rolling/install/rmw_implementation_cmake/share/rmw_implementation_cmake/cmake)
-- Found rmw_cyclonedds_cpp: 0.24.0 (/home/jakeluo/Software/ros2_rolling/install/rmw_cyclonedds_cpp/share/rmw_cyclonedds_cpp/cmake)
-- Using RMW implementation 'rmw_cyclonedds_cpp' as default
-- Found gflags  (include: /usr/include, library: /usr/lib/x86_64-linux-gnu/libgflags.so)
-- Found glog    (include: /usr/include, library: /usr/lib/x86_64-linux-gnu/libglog.so)
-- Found OpenMP_C: -fopenmp  
-- Found OpenMP_CXX: -fopenmp  
-- Found OpenMP: TRUE   
CMake Error at CMakeLists.txt:55 (install):
  install TARGETS given target "test11" which does not exist.


-- Found ament_lint_auto: 0.11.2 (/home/jakeluo/Software/ros2_rolling/install/ament_lint_auto/share/ament_lint_auto/cmake)
-- Added test 'copyright' to check source files copyright and LICENSE
-- Added test 'cppcheck' to perform static code analysis on C / C++ code
-- Configured cppcheck include dirs: /home/jakeluo/Documents/MonitoringSystemRos2/src/openpose/include;/home/jakeluo/Documents/MonitoringSystemRos2/src/openpose/include/openpose;$<BUILD_INTERFACE:/home/jakeluo/Documents/MonitoringSystemRos2/src/openpose/include>
-- Configured cppcheck exclude dirs and/or files: 
-- Added test 'cpplint' to check C / C++ code against the Google style
-- Configured cpplint exclude dirs and/or files: 
-- Added test 'lint_cmake' to check CMake code style
-- Added test 'uncrustify' to check C / C++ code style
-- Configured uncrustify additional arguments: 
-- Added test 'xmllint' to check XML markup files
-- Configuring incomplete, errors occurred!
See also "/home/jakeluo/Documents/MonitoringSystemRos2/src/build/openpose/CMakeFiles/CMakeOutput.log".
See also "/home/jakeluo/Documents/MonitoringSystemRos2/src/build/openpose/CMakeFiles/CMakeError.log".
