[35m[1mScanning dependencies of target dronemanager[0m
[ 50%] Built target drone
[ 75%] [32mBuilding CXX object CMakeFiles/dronemanager.dir/src/droneManager.cpp.o[0m
[100%] [32m[1mLinking CXX executable dronemanager[0m
/usr/bin/ld: CMakeFiles/dronemanager.dir/src/droneManager.cpp.o: in function `dronenamespace::DroneManager::recvVideoThread(std::__cxx11::basic_string<char, std::char_traits<char>, std::allocator<char> >)':
droneManager.cpp:(.text+0x1a47): undefined reference to `cv::imshow(cv::String const&, cv::_InputArray const&)'
/usr/bin/ld: droneManager.cpp:(.text+0x1a6f): undefined reference to `cv::waitKey(int)'
/usr/bin/ld: CMakeFiles/dronemanager.dir/src/droneManager.cpp.o: in function `cv::String::~String()':
droneManager.cpp:(.text._ZN2cv6StringD2Ev[_ZN2cv6StringD5Ev]+0x18): undefined reference to `cv::String::deallocate()'
/usr/bin/ld: CMakeFiles/dronemanager.dir/src/droneManager.cpp.o: in function `cv::Mat::~Mat()':
droneManager.cpp:(.text._ZN2cv3MatD2Ev[_ZN2cv3MatD5Ev]+0x3d): undefined reference to `cv::fastFree(void*)'
/usr/bin/ld: CMakeFiles/dronemanager.dir/src/droneManager.cpp.o: in function `cv::Mat::create(int, int, int)':
droneManager.cpp:(.text._ZN2cv3Mat6createEiii[_ZN2cv3Mat6createEiii]+0xa1): undefined reference to `cv::Mat::create(int, int const*, int)'
/usr/bin/ld: CMakeFiles/dronemanager.dir/src/droneManager.cpp.o: in function `cv::Mat::release()':
droneManager.cpp:(.text._ZN2cv3Mat7releaseEv[_ZN2cv3Mat7releaseEv]+0x4f): undefined reference to `cv::Mat::deallocate()'
/usr/bin/ld: CMakeFiles/dronemanager.dir/src/droneManager.cpp.o: in function `cv::String::String(std::__cxx11::basic_string<char, std::char_traits<char>, std::allocator<char> > const&)':
droneManager.cpp:(.text._ZN2cv6StringC2ERKNSt7__cxx1112basic_stringIcSt11char_traitsIcESaIcEEE[_ZN2cv6StringC5ERKNSt7__cxx1112basic_stringIcSt11char_traitsIcESaIcEEE]+0x61): undefined reference to `cv::String::allocate(unsigned long)'
collect2: error: ld returned 1 exit status
make[2]: *** [CMakeFiles/dronemanager.dir/build.make:140：dronemanager] 错误 1
make[1]: *** [CMakeFiles/Makefile2:107：CMakeFiles/dronemanager.dir/all] 错误 2
make: *** [Makefile:141：all] 错误 2
