[ 11%] [34m[1mAutomatic MOC and UIC for target gui[0m
[ 11%] Built target gui_autogen
[35m[1mScanning dependencies of target gui[0m
[ 22%] [32mBuilding CXX object CMakeFiles/gui.dir/src/mainwindow.cpp.o[0m
In file included from [01m[K/home/jakeluo/Documents/MonitoringSystemRos2/src/qt/include/qt/mainwindow.h:36[m[K,
                 from [01m[K/home/jakeluo/Documents/MonitoringSystemRos2/src/qt/src/mainwindow.cpp:1[m[K:
[01m[K/home/jakeluo/Documents/MonitoringSystemRos2/src/qt/include/targetPosition.h:1:[m[K [01;35m[Kwarning: [m[Kignoring #pragma   [[01;35m[K-Wunknown-pragmas[m[K]
    1 | #pragma
      | 
[01m[K/home/jakeluo/Documents/MonitoringSystemRos2/src/qt/src/mainwindow.cpp:[m[K In member function ‘[01m[Kvoid MainWindow::feedback_callback(rclcpp_action::ClientGoalHandle<droneinterfaces::action::GoPoint>::SharedPtr, std::shared_ptr<const droneinterfaces::action::GoPoint_Feedback_<std::allocator<void> > >)[m[K’:
[01m[K/home/jakeluo/Documents/MonitoringSystemRos2/src/qt/src/mainwindow.cpp:514:77:[m[K [01;35m[Kwarning: [m[Kunused parameter ‘[01m[Kfeedback[m[K’ [[01;35m[K-Wunused-parameter[m[K]
  514 | [01;35m[Knst std::shared_ptr<const droneinterfaces::action::GoPoint::Feedback> feedback[m[K)
      | [01;35m[K~~~~~~~~~~~~~~~~~~~~~~~~~~~~~~~~~~~~~~~~~~~~~~~~~~~~~~~~~~~~~~~~~~~~~~^~~~~~~~[m[K

[01m[K/home/jakeluo/Documents/MonitoringSystemRos2/src/qt/src/mainwindow.cpp:[m[K In member function ‘[01m[Kvoid MainWindow::frameCallback1(droneinterfaces::msg::FrameArray_<std::allocator<void> >::SharedPtr)[m[K’:
[01m[K/home/jakeluo/Documents/MonitoringSystemRos2/src/qt/src/mainwindow.cpp:1017:36:[m[K [01;35m[Kwarning: [m[Kunknown conversion type character ‘[01m[KY[m[K’ in format [[01;35m[K-Wformat=[m[K]
 1017 |         sprintf(time_string1, "t1-%[01;35m[KY[m[K-%B-%d-%T.jpg", curr_tm1);
      |                                    [01;35m[K^[m[K
[01m[K/home/jakeluo/Documents/MonitoringSystemRos2/src/qt/src/mainwindow.cpp:1017:39:[m[K [01;35m[Kwarning: [m[Kunknown conversion type character ‘[01m[KB[m[K’ in format [[01;35m[K-Wformat=[m[K]
 1017 |         sprintf(time_string1, "t1-%Y-%[01;35m[KB[m[K-%d-%T.jpg", curr_tm1);
      |                                       [01;35m[K^[m[K
[01m[K/home/jakeluo/Documents/MonitoringSystemRos2/src/qt/src/mainwindow.cpp:1017:42:[m[K [01;35m[Kwarning: [m[Kformat ‘[01m[K%d[m[K’ expects argument of type ‘[01m[Kint[m[K’, but argument 3 has type ‘[01m[Ktm*[m[K’ [[01;35m[K-Wformat=[m[K]
 1017 |         sprintf(time_string1, "t1-%Y-%B-[01;35m[K%d[m[K-%T.jpg", [32m[Kcurr_tm1[m[K);
      |                                         [01;35m[K~^[m[K          [32m[K~~~~~~~~[m[K
      |                                          [01;35m[K|[m[K          [32m[K|[m[K
      |                                          [01;35m[Kint[m[K        [32m[Ktm*[m[K
[01m[K/home/jakeluo/Documents/MonitoringSystemRos2/src/qt/src/mainwindow.cpp:1017:45:[m[K [01;35m[Kwarning: [m[Kunknown conversion type character ‘[01m[KT[m[K’ in format [[01;35m[K-Wformat=[m[K]
 1017 |         sprintf(time_string1, "t1-%Y-%B-%d-%[01;35m[KT[m[K.jpg", curr_tm1);
      |                                             [01;35m[K^[m[K
[01m[K/home/jakeluo/Documents/MonitoringSystemRos2/src/qt/src/mainwindow.cpp:[m[K In member function ‘[01m[Kvoid MainWindow::frameCallback2(droneinterfaces::msg::FrameArray_<std::allocator<void> >::SharedPtr)[m[K’:
[01m[K/home/jakeluo/Documents/MonitoringSystemRos2/src/qt/src/mainwindow.cpp:1080:38:[m[K [01;31m[Kerror: [m[Kno match for ‘[01m[Koperator=[m[K’ (operand types are ‘[01m[Ktm[m[K’ and ‘[01m[Ktm*[m[K’)
 1080 |      curr_tm2 = localtime(&curr_time2[01;31m[K)[m[K;
      |                                      [01;31m[K^[m[K
In file included from [01m[K/usr/include/time.h:39[m[K,
                 from [01m[K/usr/include/pthread.h:23[m[K,
                 from [01m[K/usr/include/x86_64-linux-gnu/c++/9/bits/gthr-default.h:35[m[K,
                 from [01m[K/usr/include/x86_64-linux-gnu/c++/9/bits/gthr.h:148[m[K,
                 from [01m[K/usr/include/c++/9/ext/atomicity.h:35[m[K,
                 from [01m[K/usr/include/c++/9/bits/basic_string.h:39[m[K,
                 from [01m[K/usr/include/c++/9/string:55[m[K,
                 from [01m[K/usr/include/c++/9/stdexcept:39[m[K,
                 from [01m[K/usr/include/c++/9/array:39[m[K,
                 from [01m[K/usr/include/c++/9/tuple:39[m[K,
                 from [01m[K/usr/include/c++/9/functional:54[m[K,
                 from [01m[K/usr/include/c++/9/pstl/glue_algorithm_defs.h:13[m[K,
                 from [01m[K/usr/include/c++/9/algorithm:71[m[K,
                 from [01m[K/usr/include/x86_64-linux-gnu/qt5/QtCore/qglobal.h:142[m[K,
                 from [01m[K/usr/include/x86_64-linux-gnu/qt5/QtGui/qtguiglobal.h:43[m[K,
                 from [01m[K/usr/include/x86_64-linux-gnu/qt5/QtWidgets/qtwidgetsglobal.h:43[m[K,
                 from [01m[K/usr/include/x86_64-linux-gnu/qt5/QtWidgets/qmainwindow.h:43[m[K,
                 from [01m[K/usr/include/x86_64-linux-gnu/qt5/QtWidgets/QMainWindow:1[m[K,
                 from [01m[K/home/jakeluo/Documents/MonitoringSystemRos2/src/qt/include/qt/mainwindow.h:4[m[K,
                 from [01m[K/home/jakeluo/Documents/MonitoringSystemRos2/src/qt/src/mainwindow.cpp:1[m[K:
[01m[K/usr/include/x86_64-linux-gnu/bits/types/struct_tm.h:7:8:[m[K [01;36m[Knote: [m[Kcandidate: ‘[01m[Kconstexpr tm& tm::operator=(const tm&)[m[K’
    7 | struct [01;36m[Ktm[m[K
      |        [01;36m[K^~[m[K
[01m[K/usr/include/x86_64-linux-gnu/bits/types/struct_tm.h:7:8:[m[K [01;36m[Knote: [m[K  no known conversion for argument 1 from ‘[01m[Ktm*[m[K’ to ‘[01m[Kconst tm&[m[K’
[01m[K/usr/include/x86_64-linux-gnu/bits/types/struct_tm.h:7:8:[m[K [01;36m[Knote: [m[Kcandidate: ‘[01m[Kconstexpr tm& tm::operator=(tm&&)[m[K’
[01m[K/usr/include/x86_64-linux-gnu/bits/types/struct_tm.h:7:8:[m[K [01;36m[Knote: [m[K  no known conversion for argument 1 from ‘[01m[Ktm*[m[K’ to ‘[01m[Ktm&&[m[K’
[01m[K/home/jakeluo/Documents/MonitoringSystemRos2/src/qt/src/mainwindow.cpp:1081:36:[m[K [01;35m[Kwarning: [m[Kunknown conversion type character ‘[01m[KY[m[K’ in format [[01;35m[K-Wformat=[m[K]
 1081 |         sprintf(time_string2, "t2-%[01;35m[KY[m[K-%B-%d-%T.jpg", curr_tm2);
      |                                    [01;35m[K^[m[K
[01m[K/home/jakeluo/Documents/MonitoringSystemRos2/src/qt/src/mainwindow.cpp:1081:39:[m[K [01;35m[Kwarning: [m[Kunknown conversion type character ‘[01m[KB[m[K’ in format [[01;35m[K-Wformat=[m[K]
 1081 |         sprintf(time_string2, "t2-%Y-%[01;35m[KB[m[K-%d-%T.jpg", curr_tm2);
      |                                       [01;35m[K^[m[K
[01m[K/home/jakeluo/Documents/MonitoringSystemRos2/src/qt/src/mainwindow.cpp:1081:42:[m[K [01;35m[Kwarning: [m[Kformat ‘[01m[K%d[m[K’ expects argument of type ‘[01m[Kint[m[K’, but argument 3 has type ‘[01m[Ktm[m[K’ [[01;35m[K-Wformat=[m[K]
 1081 |         sprintf(time_string2, "t2-%Y-%B-[01;35m[K%d[m[K-%T.jpg", [32m[Kcurr_tm2[m[K);
      |                                         [01;35m[K~^[m[K          [32m[K~~~~~~~~[m[K
      |                                          [01;35m[K|[m[K          [32m[K|[m[K
      |                                          [01;35m[Kint[m[K        [32m[Ktm[m[K
[01m[K/home/jakeluo/Documents/MonitoringSystemRos2/src/qt/src/mainwindow.cpp:1081:45:[m[K [01;35m[Kwarning: [m[Kunknown conversion type character ‘[01m[KT[m[K’ in format [[01;35m[K-Wformat=[m[K]
 1081 |         sprintf(time_string2, "t2-%Y-%B-%d-%[01;35m[KT[m[K.jpg", curr_tm2);
      |                                             [01;35m[K^[m[K
make[2]: *** [CMakeFiles/gui.dir/build.make:93：CMakeFiles/gui.dir/src/mainwindow.cpp.o] 错误 1
make[1]: *** [CMakeFiles/Makefile2:79：CMakeFiles/gui.dir/all] 错误 2
make: *** [Makefile:141：all] 错误 2
