-- Found ament_cmake: 1.1.4 (/home/jakeluo/Software/ros2_rolling/install/ament_cmake/share/ament_cmake/cmake)
-- Found ament_lint_auto: 0.11.2 (/home/jakeluo/Software/ros2_rolling/install/ament_lint_auto/share/ament_lint_auto/cmake)
-- Added test 'copyright' to check source files copyright and LICENSE
-- Added test 'cppcheck' to perform static code analysis on C / C++ code
-- Configured cppcheck include dirs: $<BUILD_INTERFACE:/home/jakeluo/Documents/MonitoringSystemRos2/src/dronemanager/include>
-- Configured cppcheck exclude dirs and/or files: 
-- Added test 'cpplint' to check C / C++ code against the Google style
-- Configured cpplint exclude dirs and/or files: 
-- Added test 'lint_cmake' to check CMake code style
-- Added test 'uncrustify' to check C / C++ code style
-- Configured uncrustify additional arguments: 
-- Added test 'xmllint' to check XML markup files
-- Configuring done
-- Generating done
-- Build files have been written to: /home/jakeluo/Documents/MonitoringSystemRos2/build/dronemanager
[ 50%] [32m[1mLinking CXX executable scandrone[0m
[100%] Built target scandrone
-- Install configuration: ""
-- Installing: /home/jakeluo/Documents/MonitoringSystemRos2/install/dronemanager/lib/dronemanager/scandrone
-- Up-to-date: /home/jakeluo/Documents/MonitoringSystemRos2/install/dronemanager/share/ament_index/resource_index/package_run_dependencies/dronemanager
-- Up-to-date: /home/jakeluo/Documents/MonitoringSystemRos2/install/dronemanager/share/ament_index/resource_index/parent_prefix_path/dronemanager
-- Installing: /home/jakeluo/Documents/MonitoringSystemRos2/install/dronemanager/share/dronemanager/environment/ament_prefix_path.dsv
-- Installing: /home/jakeluo/Documents/MonitoringSystemRos2/install/dronemanager/share/dronemanager/environment/path.dsv
-- Up-to-date: /home/jakeluo/Documents/MonitoringSystemRos2/install/dronemanager/share/dronemanager/local_setup.bash
-- Up-to-date: /home/jakeluo/Documents/MonitoringSystemRos2/install/dronemanager/share/dronemanager/local_setup.sh
-- Up-to-date: /home/jakeluo/Documents/MonitoringSystemRos2/install/dronemanager/share/dronemanager/local_setup.zsh
-- Installing: /home/jakeluo/Documents/MonitoringSystemRos2/install/dronemanager/share/dronemanager/local_setup.dsv
-- Installing: /home/jakeluo/Documents/MonitoringSystemRos2/install/dronemanager/share/dronemanager/package.dsv
-- Up-to-date: /home/jakeluo/Documents/MonitoringSystemRos2/install/dronemanager/share/ament_index/resource_index/packages/dronemanager
-- Up-to-date: /home/jakeluo/Documents/MonitoringSystemRos2/install/dronemanager/share/dronemanager/cmake/dronemanagerConfig.cmake
-- Up-to-date: /home/jakeluo/Documents/MonitoringSystemRos2/install/dronemanager/share/dronemanager/cmake/dronemanagerConfig-version.cmake
-- Up-to-date: /home/jakeluo/Documents/MonitoringSystemRos2/install/dronemanager/share/dronemanager/package.xml
