-- Found ament_cmake: 1.1.4 (/home/jakeluo/Software/ros2_rolling/install/ament_cmake/share/ament_cmake/cmake)
-- Override CMake install command with custom implementation using symlinks instead of copying resources
-- Found rclcpp: 13.0.0 (/home/jakeluo/Software/ros2_rolling/install/rclcpp/share/rclcpp/cmake)
-- Using all available rosidl_typesupport_c: rosidl_typesupport_introspection_c;rosidl_typesupport_fastrtps_c
-- Found rosidl_adapter: 2.5.0 (/home/jakeluo/Software/ros2_rolling/install/rosidl_adapter/share/rosidl_adapter/cmake)
-- Using all available rosidl_typesupport_cpp: rosidl_typesupport_introspection_cpp;rosidl_typesupport_fastrtps_cpp
-- Found rmw_implementation_cmake: 5.0.0 (/home/jakeluo/Software/ros2_rolling/install/rmw_implementation_cmake/share/rmw_implementation_cmake/cmake)
-- Found rmw_cyclonedds_cpp: 0.24.0 (/home/jakeluo/Software/ros2_rolling/install/rmw_cyclonedds_cpp/share/rmw_cyclonedds_cpp/cmake)
-- Using RMW implementation 'rmw_cyclonedds_cpp' as default
-- Found droneinterfaces: 0.0.0 (/home/jakeluo/Documents/MonitoringSystemRos2/src/install/droneinterfaces/share/droneinterfaces/cmake)
-- Found rclcpp_action: 13.0.0 (/home/jakeluo/Software/ros2_rolling/install/rclcpp_action/share/rclcpp_action/cmake)
-- Found ament_lint_auto: 0.11.2 (/home/jakeluo/Software/ros2_rolling/install/ament_lint_auto/share/ament_lint_auto/cmake)
-- Added test 'copyright' to check source files copyright and LICENSE
-- Added test 'cppcheck' to perform static code analysis on C / C++ code
-- Configured cppcheck include dirs: /home/jakeluo/Documents/MonitoringSystemRos2/src/droneutility/include;$<BUILD_INTERFACE:/home/jakeluo/Documents/MonitoringSystemRos2/src/droneutility/include>
-- Configured cppcheck exclude dirs and/or files: 
-- Added test 'cpplint' to check C / C++ code against the Google style
-- Configured cpplint exclude dirs and/or files: 
-- Added test 'lint_cmake' to check CMake code style
-- Added test 'uncrustify' to check C / C++ code style
-- Configured uncrustify additional arguments: 
-- Added test 'xmllint' to check XML markup files
-- Configuring done
-- Generating done
-- Build files have been written to: /home/jakeluo/Documents/MonitoringSystemRos2/src/build/droneutility
[35m[1mScanning dependencies of target drone[0m
[ 40%] Built target dronemanager
[ 60%] [32mBuilding CXX object CMakeFiles/drone.dir/src/drone.cpp.o[0m
[ 80%] [32m[1mLinking CXX executable drone[0m
[100%] Built target drone
-- Install configuration: "RelWithDebInfo"
-- Execute custom install script
-- Up-to-date symlink: /home/jakeluo/Documents/MonitoringSystemRos2/src/install/droneutility/lib/droneutility/dronemanager
-- Up-to-date symlink: /home/jakeluo/Documents/MonitoringSystemRos2/src/install/droneutility/lib/droneutility/drone
-- Up-to-date symlink: /home/jakeluo/Documents/MonitoringSystemRos2/src/install/droneutility/share/ament_index/resource_index/package_run_dependencies/droneutility
-- Up-to-date symlink: /home/jakeluo/Documents/MonitoringSystemRos2/src/install/droneutility/share/ament_index/resource_index/parent_prefix_path/droneutility
-- Up-to-date symlink: /home/jakeluo/Documents/MonitoringSystemRos2/src/install/droneutility/share/droneutility/environment/ament_prefix_path.sh
-- Up-to-date symlink: /home/jakeluo/Documents/MonitoringSystemRos2/src/install/droneutility/share/droneutility/environment/ament_prefix_path.dsv
-- Up-to-date symlink: /home/jakeluo/Documents/MonitoringSystemRos2/src/install/droneutility/share/droneutility/environment/path.sh
-- Up-to-date symlink: /home/jakeluo/Documents/MonitoringSystemRos2/src/install/droneutility/share/droneutility/environment/path.dsv
-- Up-to-date symlink: /home/jakeluo/Documents/MonitoringSystemRos2/src/install/droneutility/share/droneutility/local_setup.bash
-- Up-to-date symlink: /home/jakeluo/Documents/MonitoringSystemRos2/src/install/droneutility/share/droneutility/local_setup.sh
-- Up-to-date symlink: /home/jakeluo/Documents/MonitoringSystemRos2/src/install/droneutility/share/droneutility/local_setup.zsh
-- Up-to-date symlink: /home/jakeluo/Documents/MonitoringSystemRos2/src/install/droneutility/share/droneutility/local_setup.dsv
-- Symlinking: /home/jakeluo/Documents/MonitoringSystemRos2/src/install/droneutility/share/droneutility/package.dsv
-- Up-to-date symlink: /home/jakeluo/Documents/MonitoringSystemRos2/src/install/droneutility/share/ament_index/resource_index/packages/droneutility
-- Up-to-date symlink: /home/jakeluo/Documents/MonitoringSystemRos2/src/install/droneutility/share/droneutility/cmake/droneutilityConfig.cmake
-- Up-to-date symlink: /home/jakeluo/Documents/MonitoringSystemRos2/src/install/droneutility/share/droneutility/cmake/droneutilityConfig-version.cmake
-- Up-to-date symlink: /home/jakeluo/Documents/MonitoringSystemRos2/src/install/droneutility/share/droneutility/package.xml
