running develop
Removing /home/jakeluo/Documents/MonitoringSystemRos2/src/install/humanpose/lib/python3.8/site-packages/humanpose.egg-link (link to .)
running egg_info
writing ../build/humanpose/humanpose.egg-info/PKG-INFO
writing dependency_links to ../build/humanpose/humanpose.egg-info/dependency_links.txt
writing entry points to ../build/humanpose/humanpose.egg-info/entry_points.txt
writing requirements to ../build/humanpose/humanpose.egg-info/requires.txt
writing top-level names to ../build/humanpose/humanpose.egg-info/top_level.txt
writing manifest file '../build/humanpose/humanpose.egg-info/SOURCES.txt'
running build
running build_py
running install
running install_lib
copying /home/jakeluo/Documents/MonitoringSystemRos2/src/build/humanpose/build/lib/humanpose/estimater.py -> /home/jakeluo/Documents/MonitoringSystemRos2/src/install/humanpose/lib/python3.8/site-packages/humanpose
copying /home/jakeluo/Documents/MonitoringSystemRos2/src/build/humanpose/build/lib/humanpose/networks/MobileNetV2.py -> /home/jakeluo/Documents/MonitoringSystemRos2/src/install/humanpose/lib/python3.8/site-packages/humanpose/networks
copying /home/jakeluo/Documents/MonitoringSystemRos2/src/build/humanpose/build/lib/humanpose/networks/u_net.py -> /home/jakeluo/Documents/MonitoringSystemRos2/src/install/humanpose/lib/python3.8/site-packages/humanpose/networks
copying /home/jakeluo/Documents/MonitoringSystemRos2/src/build/humanpose/build/lib/humanpose/networks/fcn16s.py -> /home/jakeluo/Documents/MonitoringSystemRos2/src/install/humanpose/lib/python3.8/site-packages/humanpose/networks
copying /home/jakeluo/Documents/MonitoringSystemRos2/src/build/humanpose/build/lib/humanpose/networks/fcn8s.py -> /home/jakeluo/Documents/MonitoringSystemRos2/src/install/humanpose/lib/python3.8/site-packages/humanpose/networks
copying /home/jakeluo/Documents/MonitoringSystemRos2/src/build/humanpose/build/lib/humanpose/networks/gcn.py -> /home/jakeluo/Documents/MonitoringSystemRos2/src/install/humanpose/lib/python3.8/site-packages/humanpose/networks
copying /home/jakeluo/Documents/MonitoringSystemRos2/src/build/humanpose/build/lib/humanpose/networks/squeezenet.py -> /home/jakeluo/Documents/MonitoringSystemRos2/src/install/humanpose/lib/python3.8/site-packages/humanpose/networks
copying /home/jakeluo/Documents/MonitoringSystemRos2/src/build/humanpose/build/lib/humanpose/networks/fcn32s.py -> /home/jakeluo/Documents/MonitoringSystemRos2/src/install/humanpose/lib/python3.8/site-packages/humanpose/networks
copying /home/jakeluo/Documents/MonitoringSystemRos2/src/build/humanpose/build/lib/humanpose/networks/duc_hdc.py -> /home/jakeluo/Documents/MonitoringSystemRos2/src/install/humanpose/lib/python3.8/site-packages/humanpose/networks
copying /home/jakeluo/Documents/MonitoringSystemRos2/src/build/humanpose/build/lib/humanpose/networks/psp_net.py -> /home/jakeluo/Documents/MonitoringSystemRos2/src/install/humanpose/lib/python3.8/site-packages/humanpose/networks
copying /home/jakeluo/Documents/MonitoringSystemRos2/src/build/humanpose/build/lib/humanpose/networks/DUC.py -> /home/jakeluo/Documents/MonitoringSystemRos2/src/install/humanpose/lib/python3.8/site-packages/humanpose/networks
copying /home/jakeluo/Documents/MonitoringSystemRos2/src/build/humanpose/build/lib/humanpose/networks/seg_net.py -> /home/jakeluo/Documents/MonitoringSystemRos2/src/install/humanpose/lib/python3.8/site-packages/humanpose/networks
copying /home/jakeluo/Documents/MonitoringSystemRos2/src/build/humanpose/build/lib/humanpose/networks/resnet.py -> /home/jakeluo/Documents/MonitoringSystemRos2/src/install/humanpose/lib/python3.8/site-packages/humanpose/networks
copying /home/jakeluo/Documents/MonitoringSystemRos2/src/build/humanpose/build/lib/humanpose/networks/config.py -> /home/jakeluo/Documents/MonitoringSystemRos2/src/install/humanpose/lib/python3.8/site-packages/humanpose/networks
copying /home/jakeluo/Documents/MonitoringSystemRos2/src/build/humanpose/build/lib/humanpose/networks/__init__.py -> /home/jakeluo/Documents/MonitoringSystemRos2/src/install/humanpose/lib/python3.8/site-packages/humanpose/networks
copying /home/jakeluo/Documents/MonitoringSystemRos2/src/build/humanpose/build/lib/humanpose/networks/ShuffleNetV2.py -> /home/jakeluo/Documents/MonitoringSystemRos2/src/install/humanpose/lib/python3.8/site-packages/humanpose/networks
copying /home/jakeluo/Documents/MonitoringSystemRos2/src/build/humanpose/build/lib/humanpose/network.py -> /home/jakeluo/Documents/MonitoringSystemRos2/src/install/humanpose/lib/python3.8/site-packages/humanpose
copying /home/jakeluo/Documents/MonitoringSystemRos2/src/build/humanpose/build/lib/humanpose/__init__.py -> /home/jakeluo/Documents/MonitoringSystemRos2/src/install/humanpose/lib/python3.8/site-packages/humanpose
byte-compiling /home/jakeluo/Documents/MonitoringSystemRos2/src/install/humanpose/lib/python3.8/site-packages/humanpose/estimater.py to estimater.cpython-38.pyc
byte-compiling /home/jakeluo/Documents/MonitoringSystemRos2/src/install/humanpose/lib/python3.8/site-packages/humanpose/networks/MobileNetV2.py to MobileNetV2.cpython-38.pyc
byte-compiling /home/jakeluo/Documents/MonitoringSystemRos2/src/install/humanpose/lib/python3.8/site-packages/humanpose/networks/u_net.py to u_net.cpython-38.pyc
byte-compiling /home/jakeluo/Documents/MonitoringSystemRos2/src/install/humanpose/lib/python3.8/site-packages/humanpose/networks/fcn16s.py to fcn16s.cpython-38.pyc
byte-compiling /home/jakeluo/Documents/MonitoringSystemRos2/src/install/humanpose/lib/python3.8/site-packages/humanpose/networks/fcn8s.py to fcn8s.cpython-38.pyc
byte-compiling /home/jakeluo/Documents/MonitoringSystemRos2/src/install/humanpose/lib/python3.8/site-packages/humanpose/networks/gcn.py to gcn.cpython-38.pyc
byte-compiling /home/jakeluo/Documents/MonitoringSystemRos2/src/install/humanpose/lib/python3.8/site-packages/humanpose/networks/squeezenet.py to squeezenet.cpython-38.pyc
byte-compiling /home/jakeluo/Documents/MonitoringSystemRos2/src/install/humanpose/lib/python3.8/site-packages/humanpose/networks/fcn32s.py to fcn32s.cpython-38.pyc
byte-compiling /home/jakeluo/Documents/MonitoringSystemRos2/src/install/humanpose/lib/python3.8/site-packages/humanpose/networks/duc_hdc.py to duc_hdc.cpython-38.pyc
byte-compiling /home/jakeluo/Documents/MonitoringSystemRos2/src/install/humanpose/lib/python3.8/site-packages/humanpose/networks/psp_net.py to psp_net.cpython-38.pyc
byte-compiling /home/jakeluo/Documents/MonitoringSystemRos2/src/install/humanpose/lib/python3.8/site-packages/humanpose/networks/DUC.py to DUC.cpython-38.pyc
byte-compiling /home/jakeluo/Documents/MonitoringSystemRos2/src/install/humanpose/lib/python3.8/site-packages/humanpose/networks/seg_net.py to seg_net.cpython-38.pyc
byte-compiling /home/jakeluo/Documents/MonitoringSystemRos2/src/install/humanpose/lib/python3.8/site-packages/humanpose/networks/resnet.py to resnet.cpython-38.pyc
byte-compiling /home/jakeluo/Documents/MonitoringSystemRos2/src/install/humanpose/lib/python3.8/site-packages/humanpose/networks/config.py to config.cpython-38.pyc
byte-compiling /home/jakeluo/Documents/MonitoringSystemRos2/src/install/humanpose/lib/python3.8/site-packages/humanpose/networks/__init__.py to __init__.cpython-38.pyc
byte-compiling /home/jakeluo/Documents/MonitoringSystemRos2/src/install/humanpose/lib/python3.8/site-packages/humanpose/networks/ShuffleNetV2.py to ShuffleNetV2.cpython-38.pyc
byte-compiling /home/jakeluo/Documents/MonitoringSystemRos2/src/install/humanpose/lib/python3.8/site-packages/humanpose/network.py to network.cpython-38.pyc
byte-compiling /home/jakeluo/Documents/MonitoringSystemRos2/src/install/humanpose/lib/python3.8/site-packages/humanpose/__init__.py to __init__.cpython-38.pyc
running install_data
running install_egg_info
Copying ../build/humanpose/humanpose.egg-info to /home/jakeluo/Documents/MonitoringSystemRos2/src/install/humanpose/lib/python3.8/site-packages/humanpose-0.0.0-py3.8.egg-info
running install_scripts
Installing estimater script to /home/jakeluo/Documents/MonitoringSystemRos2/src/install/humanpose/lib/humanpose
writing list of installed files to '/home/jakeluo/Documents/MonitoringSystemRos2/src/build/humanpose/install.log'
