In file included from [01m[K/home/jakeluo/Documents/MonitoringSystemRos2/src/droneutility/src/droneManager.cpp:6[m[K:
[01m[K/home/jakeluo/Documents/MonitoringSystemRos2/src/droneutility/include/threadsafequeue.hpp:7:7:[m[K [01;31m[Kerror: [m[Kredefinition of ‘[01m[Kclass ThreadSafeQueue<T>[m[K’
    7 | class [01;31m[KThreadSafeQueue[m[K
      |       [01;31m[K^~~~~~~~~~~~~~~[m[K
In file included from [01m[K/home/jakeluo/Documents/MonitoringSystemRos2/src/droneutility/include/droneManager.hpp:19[m[K,
                 from [01m[K/home/jakeluo/Documents/MonitoringSystemRos2/src/droneutility/src/droneManager.cpp:1[m[K:
[01m[K/home/jakeluo/Documents/MonitoringSystemRos2/src/droneutility/include/threadsafequeue.hpp:7:7:[m[K [01;36m[Knote: [m[Kprevious definition of ‘[01m[Kclass ThreadSafeQueue<T>[m[K’
    7 | class [01;36m[KThreadSafeQueue[m[K
      |       [01;36m[K^~~~~~~~~~~~~~~[m[K
[01m[K/home/jakeluo/Documents/MonitoringSystemRos2/src/droneutility/src/droneManager.cpp:11:1:[m[K [01;31m[Kerror: [m[Kredefinition of ‘[01m[KThreadSafeQueue<T>::ThreadSafeQueue(_InputIterator, _InputIterator)[m[K’
   11 | [01;31m[KThreadSafeQueue<T>[m[K::ThreadSafeQueue(_InputIterator first, _InputIterator last)
      | [01;31m[K^~~~~~~~~~~~~~~~~~[m[K
In file included from [01m[K/home/jakeluo/Documents/MonitoringSystemRos2/src/droneutility/src/droneManager.cpp:1[m[K:
[01m[K/home/jakeluo/Documents/MonitoringSystemRos2/src/droneutility/include/droneManager.hpp:73:1:[m[K [01;36m[Knote: [m[K‘[01m[KThreadSafeQueue<T>::ThreadSafeQueue(_InputIterator, _InputIterator)[m[K’ previously declared here
   73 | [01;36m[KThreadSafeQueue<T>[m[K::ThreadSafeQueue(_InputIterator first, _InputIterator last)
      | [01;36m[K^~~~~~~~~~~~~~~~~~[m[K
[01m[K/home/jakeluo/Documents/MonitoringSystemRos2/src/droneutility/src/droneManager.cpp:20:1:[m[K [01;31m[Kerror: [m[Kredefinition of ‘[01m[KThreadSafeQueue<T>::ThreadSafeQueue(const container_type&)[m[K’
   20 | [01;31m[KThreadSafeQueue<T>[m[K::ThreadSafeQueue(const container_type &c):data_queue(c){}
      | [01;31m[K^~~~~~~~~~~~~~~~~~[m[K
In file included from [01m[K/home/jakeluo/Documents/MonitoringSystemRos2/src/droneutility/src/droneManager.cpp:1[m[K:
[01m[K/home/jakeluo/Documents/MonitoringSystemRos2/src/droneutility/include/droneManager.hpp:82:1:[m[K [01;36m[Knote: [m[K‘[01m[KThreadSafeQueue<T>::ThreadSafeQueue(const container_type&)[m[K’ previously declared here
   82 | [01;36m[KThreadSafeQueue<T>[m[K::ThreadSafeQueue(const container_type &c):data_queue(c){}
      | [01;36m[K^~~~~~~~~~~~~~~~~~[m[K
[01m[K/home/jakeluo/Documents/MonitoringSystemRos2/src/droneutility/src/droneManager.cpp:23:1:[m[K [01;31m[Kerror: [m[Kredefinition of ‘[01m[KThreadSafeQueue<T>::ThreadSafeQueue(std::initializer_list<typename std::queue<T>::value_type>)[m[K’
   23 | [01;31m[KThreadSafeQueue<T>[m[K::ThreadSafeQueue(std::initializer_list<value_type> list):ThreadSafeQueue(list.begin(), list.end()){}
      | [01;31m[K^~~~~~~~~~~~~~~~~~[m[K
In file included from [01m[K/home/jakeluo/Documents/MonitoringSystemRos2/src/droneutility/src/droneManager.cpp:1[m[K:
[01m[K/home/jakeluo/Documents/MonitoringSystemRos2/src/droneutility/include/droneManager.hpp:85:1:[m[K [01;36m[Knote: [m[K‘[01m[KThreadSafeQueue<T>::ThreadSafeQueue(std::initializer_list<typename std::queue<T>::value_type>)[m[K’ previously declared here
   85 | [01;36m[KThreadSafeQueue<T>[m[K::ThreadSafeQueue(std::initializer_list<value_type> list):ThreadSafeQueue(list.begin(), list.end()){}
      | [01;36m[K^~~~~~~~~~~~~~~~~~[m[K
[01m[K/home/jakeluo/Documents/MonitoringSystemRos2/src/droneutility/src/droneManager.cpp:26:6:[m[K [01;31m[Kerror: [m[Kredefinition of ‘[01m[Kvoid ThreadSafeQueue<T>::push(const value_type&)[m[K’
   26 | void [01;31m[KThreadSafeQueue<T>[m[K::push(const value_type& new_value)
      |      [01;31m[K^~~~~~~~~~~~~~~~~~[m[K
In file included from [01m[K/home/jakeluo/Documents/MonitoringSystemRos2/src/droneutility/src/droneManager.cpp:1[m[K:
[01m[K/home/jakeluo/Documents/MonitoringSystemRos2/src/droneutility/include/droneManager.hpp:88:6:[m[K [01;36m[Knote: [m[K‘[01m[Kvoid ThreadSafeQueue<T>::push(const value_type&)[m[K’ previously declared here
   88 | void [01;36m[KThreadSafeQueue<T>[m[K::push(const value_type& new_value)
      |      [01;36m[K^~~~~~~~~~~~~~~~~~[m[K
[01m[K/home/jakeluo/Documents/MonitoringSystemRos2/src/droneutility/src/droneManager.cpp:34:6:[m[K [01;31m[Kerror: [m[Kredefinition of ‘[01m[Kauto ThreadSafeQueue<T>::wait_and_pop()[m[K’
   34 | auto [01;31m[KThreadSafeQueue<T>[m[K::wait_and_pop()
      |      [01;31m[K^~~~~~~~~~~~~~~~~~[m[K
In file included from [01m[K/home/jakeluo/Documents/MonitoringSystemRos2/src/droneutility/src/droneManager.cpp:1[m[K:
[01m[K/home/jakeluo/Documents/MonitoringSystemRos2/src/droneutility/include/droneManager.hpp:96:6:[m[K [01;36m[Knote: [m[K‘[01m[Kauto ThreadSafeQueue<T>::wait_and_pop()[m[K’ previously declared here
   96 | auto [01;36m[KThreadSafeQueue<T>[m[K::wait_and_pop()
      |      [01;36m[K^~~~~~~~~~~~~~~~~~[m[K
[01m[K/home/jakeluo/Documents/MonitoringSystemRos2/src/droneutility/src/droneManager.cpp:44:6:[m[K [01;31m[Kerror: [m[Kredefinition of ‘[01m[Kbool ThreadSafeQueue<T>::try_pop(ThreadSafeQueue<T>::value_type&)[m[K’
   44 | bool [01;31m[KThreadSafeQueue<T>[m[K::try_pop(value_type& value)
      |      [01;31m[K^~~~~~~~~~~~~~~~~~[m[K
In file included from [01m[K/home/jakeluo/Documents/MonitoringSystemRos2/src/droneutility/src/droneManager.cpp:1[m[K:
[01m[K/home/jakeluo/Documents/MonitoringSystemRos2/src/droneutility/include/droneManager.hpp:106:6:[m[K [01;36m[Knote: [m[K‘[01m[Kbool ThreadSafeQueue<T>::try_pop(ThreadSafeQueue<T>::value_type&)[m[K’ previously declared here
  106 | bool [01;36m[KThreadSafeQueue<T>[m[K::try_pop(value_type& value)
      |      [01;36m[K^~~~~~~~~~~~~~~~~~[m[K
[01m[K/home/jakeluo/Documents/MonitoringSystemRos2/src/droneutility/src/droneManager.cpp:57:6:[m[K [01;31m[Kerror: [m[Kredefinition of ‘[01m[Kdecltype (((const ThreadSafeQueue<T>*)this)->ThreadSafeQueue<T>::data_queue.empty()) ThreadSafeQueue<T>::empty() const[m[K’
   57 | auto [01;31m[KThreadSafeQueue<T>[m[K::empty() const->decltype(data_queue.empty())
      |      [01;31m[K^~~~~~~~~~~~~~~~~~[m[K
In file included from [01m[K/home/jakeluo/Documents/MonitoringSystemRos2/src/droneutility/src/droneManager.cpp:1[m[K:
[01m[K/home/jakeluo/Documents/MonitoringSystemRos2/src/droneutility/include/droneManager.hpp:119:6:[m[K [01;36m[Knote: [m[K‘[01m[Kdecltype (((const ThreadSafeQueue<T>*)this)->ThreadSafeQueue<T>::data_queue.empty()) ThreadSafeQueue<T>::empty() const[m[K’ previously declared here
  119 | auto [01;36m[KThreadSafeQueue<T>[m[K::empty() const->decltype(data_queue.empty())
      |      [01;36m[K^~~~~~~~~~~~~~~~~~[m[K
[01m[K/home/jakeluo/Documents/MonitoringSystemRos2/src/droneutility/src/droneManager.cpp:64:6:[m[K [01;31m[Kerror: [m[Kredefinition of ‘[01m[Kdecltype (((const ThreadSafeQueue<T>*)this)->ThreadSafeQueue<T>::data_queue.size()) ThreadSafeQueue<T>::size() const[m[K’
   64 | auto [01;31m[KThreadSafeQueue<T>[m[K::size() const->decltype(data_queue.size())
      |      [01;31m[K^~~~~~~~~~~~~~~~~~[m[K
In file included from [01m[K/home/jakeluo/Documents/MonitoringSystemRos2/src/droneutility/src/droneManager.cpp:1[m[K:
[01m[K/home/jakeluo/Documents/MonitoringSystemRos2/src/droneutility/include/droneManager.hpp:126:6:[m[K [01;36m[Knote: [m[K‘[01m[Kdecltype (((const ThreadSafeQueue<T>*)this)->ThreadSafeQueue<T>::data_queue.size()) ThreadSafeQueue<T>::size() const[m[K’ previously declared here
  126 | auto [01;36m[KThreadSafeQueue<T>[m[K::size() const->decltype(data_queue.size())
      |      [01;36m[K^~~~~~~~~~~~~~~~~~[m[K
In file included from [01m[K/home/jakeluo/Software/ros2_rolling/install/rclcpp/include/rclcpp/client.hpp:43[m[K,
                 from [01m[K/home/jakeluo/Software/ros2_rolling/install/rclcpp/include/rclcpp/callback_group.hpp:23[m[K,
                 from [01m[K/home/jakeluo/Software/ros2_rolling/install/rclcpp/include/rclcpp/any_executable.hpp:20[m[K,
                 from [01m[K/home/jakeluo/Software/ros2_rolling/install/rclcpp/include/rclcpp/memory_strategy.hpp:25[m[K,
                 from [01m[K/home/jakeluo/Software/ros2_rolling/install/rclcpp/include/rclcpp/memory_strategies.hpp:18[m[K,
                 from [01m[K/home/jakeluo/Software/ros2_rolling/install/rclcpp/include/rclcpp/executor_options.hpp:20[m[K,
                 from [01m[K/home/jakeluo/Software/ros2_rolling/install/rclcpp/include/rclcpp/executor.hpp:37[m[K,
                 from [01m[K/home/jakeluo/Software/ros2_rolling/install/rclcpp/include/rclcpp/executors/multi_threaded_executor.hpp:25[m[K,
                 from [01m[K/home/jakeluo/Software/ros2_rolling/install/rclcpp/include/rclcpp/executors.hpp:21[m[K,
                 from [01m[K/home/jakeluo/Software/ros2_rolling/install/rclcpp/include/rclcpp/rclcpp.hpp:155[m[K,
                 from [01m[K/home/jakeluo/Documents/MonitoringSystemRos2/src/droneutility/include/droneManager.hpp:1[m[K,
                 from [01m[K/home/jakeluo/Documents/MonitoringSystemRos2/src/droneutility/src/droneManager.cpp:1[m[K:
[01m[K/home/jakeluo/Documents/MonitoringSystemRos2/src/droneutility/src/droneManager.cpp:[m[K In member function ‘[01m[Kvoid dronenamespace::DroneManager::recvVideoThread(std::string)[m[K’:
[01m[K/home/jakeluo/Documents/MonitoringSystemRos2/src/droneutility/src/droneManager.cpp:292:51:[m[K [01;35m[Kwarning: [m[Kformat ‘[01m[K%s[m[K’ expects argument of type ‘[01m[Kchar*[m[K’, but argument 5 has type ‘[01m[Kstd::string[m[K’ {aka ‘[01m[Kstd::__cxx11::basic_string<char>[m[K’} [[01;35m[K-Wformat=[m[K]
  292 |                     RCLCPP_INFO(nh_->get_logger(),[01;35m[K"size of images of %s:%ld\n"[m[K, dronepool[ip].name, imagequeuepool[ip]->size());
      |                                                   [01;35m[K^~~~~~~~~~~~~~~~~~~~~~~~~~~~[m[K
[01m[K/home/jakeluo/Documents/MonitoringSystemRos2/src/droneutility/src/droneManager.cpp:292:71:[m[K [01;36m[Knote: [m[Kformat string is defined here
  292 |                     RCLCPP_INFO(nh_->get_logger(),"size of images of [01;36m[K%s[m[K:%ld\n", dronepool[ip].name, imagequeuepool[ip]->size());
      |                                                                      [01;36m[K~^[m[K
      |                                                                       [01;36m[K|[m[K
      |                                                                       [01;36m[Kchar*[m[K
make[2]: *** [CMakeFiles/dronemanager.dir/build.make:63：CMakeFiles/dronemanager.dir/src/droneManager.cpp.o] 错误 1
make[1]: *** [CMakeFiles/Makefile2:107：CMakeFiles/dronemanager.dir/all] 错误 2
make: *** [Makefile:141：all] 错误 2
