-- Found ament_cmake: 1.1.4 (/home/jakeluo/Software/ros2_rolling/install/ament_cmake/share/ament_cmake/cmake)
-- Found rclcpp: 13.0.0 (/home/jakeluo/Software/ros2_rolling/install/rclcpp/share/rclcpp/cmake)
-- Using all available rosidl_typesupport_c: rosidl_typesupport_introspection_c;rosidl_typesupport_fastrtps_c
-- Found rosidl_adapter: 2.5.0 (/home/jakeluo/Software/ros2_rolling/install/rosidl_adapter/share/rosidl_adapter/cmake)
-- Using all available rosidl_typesupport_cpp: rosidl_typesupport_introspection_cpp;rosidl_typesupport_fastrtps_cpp
-- Found rmw_implementation_cmake: 5.0.0 (/home/jakeluo/Software/ros2_rolling/install/rmw_implementation_cmake/share/rmw_implementation_cmake/cmake)
-- Found rmw_cyclonedds_cpp: 0.24.0 (/home/jakeluo/Software/ros2_rolling/install/rmw_cyclonedds_cpp/share/rmw_cyclonedds_cpp/cmake)
-- Using RMW implementation 'rmw_cyclonedds_cpp' as default
-- Found droneinterfaces: 0.0.0 (/home/jakeluo/Documents/MonitoringSystemRos2/src/install/droneinterfaces/share/droneinterfaces/cmake)
-- Found ament_lint_auto: 0.11.2 (/home/jakeluo/Software/ros2_rolling/install/ament_lint_auto/share/ament_lint_auto/cmake)
-- Added test 'copyright' to check source files copyright and LICENSE
-- Added test 'cppcheck' to perform static code analysis on C / C++ code
-- Configured cppcheck include dirs: /home/jakeluo/Documents/MonitoringSystemRos2/src/droneutility/include;$<BUILD_INTERFACE:/home/jakeluo/Documents/MonitoringSystemRos2/src/droneutility/include>
-- Configured cppcheck exclude dirs and/or files: 
-- Added test 'cpplint' to check C / C++ code against the Google style
-- Configured cpplint exclude dirs and/or files: 
-- Added test 'lint_cmake' to check CMake code style
-- Added test 'uncrustify' to check C / C++ code style
-- Configured uncrustify additional arguments: 
-- Added test 'xmllint' to check XML markup files
-- Configuring done
-- Generating done
-- Build files have been written to: /home/jakeluo/Documents/MonitoringSystemRos2/src/build/droneutility
[35m[1mScanning dependencies of target dronemanager[0m
[ 50%] Built target drone
[ 75%] [32mBuilding CXX object CMakeFiles/dronemanager.dir/src/droneManager.cpp.o[0m
In file included from [01m[K/home/jakeluo/Documents/MonitoringSystemRos2/src/droneutility/src/droneManager.cpp:6[m[K:
[01m[K/home/jakeluo/Documents/MonitoringSystemRos2/src/droneutility/include/threadsafequeue.hpp:7:7:[m[K [01;31m[Kerror: [m[Kredefinition of ‘[01m[Kclass ThreadSafeQueue<T>[m[K’
    7 | class [01;31m[KThreadSafeQueue[m[K
      |       [01;31m[K^~~~~~~~~~~~~~~[m[K
In file included from [01m[K/home/jakeluo/Documents/MonitoringSystemRos2/src/droneutility/include/droneManager.hpp:19[m[K,
                 from [01m[K/home/jakeluo/Documents/MonitoringSystemRos2/src/droneutility/src/droneManager.cpp:1[m[K:
[01m[K/home/jakeluo/Documents/MonitoringSystemRos2/src/droneutility/include/threadsafequeue.hpp:7:7:[m[K [01;36m[Knote: [m[Kprevious definition of ‘[01m[Kclass ThreadSafeQueue<T>[m[K’
    7 | class [01;36m[KThreadSafeQueue[m[K
      |       [01;36m[K^~~~~~~~~~~~~~~[m[K
[01m[K/home/jakeluo/Documents/MonitoringSystemRos2/src/droneutility/src/droneManager.cpp:11:1:[m[K [01;31m[Kerror: [m[Kredefinition of ‘[01m[KThreadSafeQueue<T>::ThreadSafeQueue(_InputIterator, _InputIterator)[m[K’
   11 | [01;31m[KThreadSafeQueue<T>[m[K::ThreadSafeQueue(_InputIterator first, _InputIterator last)
      | [01;31m[K^~~~~~~~~~~~~~~~~~[m[K
In file included from [01m[K/home/jakeluo/Documents/MonitoringSystemRos2/src/droneutility/src/droneManager.cpp:1[m[K:
[01m[K/home/jakeluo/Documents/MonitoringSystemRos2/src/droneutility/include/droneManager.hpp:73:1:[m[K [01;36m[Knote: [m[K‘[01m[KThreadSafeQueue<T>::ThreadSafeQueue(_InputIterator, _InputIterator)[m[K’ previously declared here
   73 | [01;36m[KThreadSafeQueue<T>[m[K::ThreadSafeQueue(_InputIterator first, _InputIterator last)
      | [01;36m[K^~~~~~~~~~~~~~~~~~[m[K
[01m[K/home/jakeluo/Documents/MonitoringSystemRos2/src/droneutility/src/droneManager.cpp:20:1:[m[K [01;31m[Kerror: [m[Kredefinition of ‘[01m[KThreadSafeQueue<T>::ThreadSafeQueue(const container_type&)[m[K’
   20 | [01;31m[KThreadSafeQueue<T>[m[K::ThreadSafeQueue(const container_type &c):data_queue(c){}
      | [01;31m[K^~~~~~~~~~~~~~~~~~[m[K
In file included from [01m[K/home/jakeluo/Documents/MonitoringSystemRos2/src/droneutility/src/droneManager.cpp:1[m[K:
[01m[K/home/jakeluo/Documents/MonitoringSystemRos2/src/droneutility/include/droneManager.hpp:82:1:[m[K [01;36m[Knote: [m[K‘[01m[KThreadSafeQueue<T>::ThreadSafeQueue(const container_type&)[m[K’ previously declared here
   82 | [01;36m[KThreadSafeQueue<T>[m[K::ThreadSafeQueue(const container_type &c):data_queue(c){}
      | [01;36m[K^~~~~~~~~~~~~~~~~~[m[K
[01m[K/home/jakeluo/Documents/MonitoringSystemRos2/src/droneutility/src/droneManager.cpp:23:1:[m[K [01;31m[Kerror: [m[Kredefinition of ‘[01m[KThreadSafeQueue<T>::ThreadSafeQueue(std::initializer_list<typename std::queue<T>::value_type>)[m[K’
   23 | [01;31m[KThreadSafeQueue<T>[m[K::ThreadSafeQueue(std::initializer_list<value_type> list):ThreadSafeQueue(list.begin(), list.end()){}
      | [01;31m[K^~~~~~~~~~~~~~~~~~[m[K
In file included from [01m[K/home/jakeluo/Documents/MonitoringSystemRos2/src/droneutility/src/droneManager.cpp:1[m[K:
[01m[K/home/jakeluo/Documents/MonitoringSystemRos2/src/droneutility/include/droneManager.hpp:85:1:[m[K [01;36m[Knote: [m[K‘[01m[KThreadSafeQueue<T>::ThreadSafeQueue(std::initializer_list<typename std::queue<T>::value_type>)[m[K’ previously declared here
   85 | [01;36m[KThreadSafeQueue<T>[m[K::ThreadSafeQueue(std::initializer_list<value_type> list):ThreadSafeQueue(list.begin(), list.end()){}
      | [01;36m[K^~~~~~~~~~~~~~~~~~[m[K
[01m[K/home/jakeluo/Documents/MonitoringSystemRos2/src/droneutility/src/droneManager.cpp:26:6:[m[K [01;31m[Kerror: [m[Kredefinition of ‘[01m[Kvoid ThreadSafeQueue<T>::push(const value_type&)[m[K’
   26 | void [01;31m[KThreadSafeQueue<T>[m[K::push(const value_type& new_value)
      |      [01;31m[K^~~~~~~~~~~~~~~~~~[m[K
In file included from [01m[K/home/jakeluo/Documents/MonitoringSystemRos2/src/droneutility/src/droneManager.cpp:1[m[K:
[01m[K/home/jakeluo/Documents/MonitoringSystemRos2/src/droneutility/include/droneManager.hpp:88:6:[m[K [01;36m[Knote: [m[K‘[01m[Kvoid ThreadSafeQueue<T>::push(const value_type&)[m[K’ previously declared here
   88 | void [01;36m[KThreadSafeQueue<T>[m[K::push(const value_type& new_value)
      |      [01;36m[K^~~~~~~~~~~~~~~~~~[m[K
[01m[K/home/jakeluo/Documents/MonitoringSystemRos2/src/droneutility/src/droneManager.cpp:34:6:[m[K [01;31m[Kerror: [m[Kredefinition of ‘[01m[Kauto ThreadSafeQueue<T>::wait_and_pop()[m[K’
   34 | auto [01;31m[KThreadSafeQueue<T>[m[K::wait_and_pop()
      |      [01;31m[K^~~~~~~~~~~~~~~~~~[m[K
In file included from [01m[K/home/jakeluo/Documents/MonitoringSystemRos2/src/droneutility/src/droneManager.cpp:1[m[K:
[01m[K/home/jakeluo/Documents/MonitoringSystemRos2/src/droneutility/include/droneManager.hpp:96:6:[m[K [01;36m[Knote: [m[K‘[01m[Kauto ThreadSafeQueue<T>::wait_and_pop()[m[K’ previously declared here
   96 | auto [01;36m[KThreadSafeQueue<T>[m[K::wait_and_pop()
      |      [01;36m[K^~~~~~~~~~~~~~~~~~[m[K
[01m[K/home/jakeluo/Documents/MonitoringSystemRos2/src/droneutility/src/droneManager.cpp:44:6:[m[K [01;31m[Kerror: [m[Kredefinition of ‘[01m[Kbool ThreadSafeQueue<T>::try_pop(ThreadSafeQueue<T>::value_type&)[m[K’
   44 | bool [01;31m[KThreadSafeQueue<T>[m[K::try_pop(value_type& value)
      |      [01;31m[K^~~~~~~~~~~~~~~~~~[m[K
In file included from [01m[K/home/jakeluo/Documents/MonitoringSystemRos2/src/droneutility/src/droneManager.cpp:1[m[K:
[01m[K/home/jakeluo/Documents/MonitoringSystemRos2/src/droneutility/include/droneManager.hpp:106:6:[m[K [01;36m[Knote: [m[K‘[01m[Kbool ThreadSafeQueue<T>::try_pop(ThreadSafeQueue<T>::value_type&)[m[K’ previously declared here
  106 | bool [01;36m[KThreadSafeQueue<T>[m[K::try_pop(value_type& value)
      |      [01;36m[K^~~~~~~~~~~~~~~~~~[m[K
[01m[K/home/jakeluo/Documents/MonitoringSystemRos2/src/droneutility/src/droneManager.cpp:57:6:[m[K [01;31m[Kerror: [m[Kredefinition of ‘[01m[Kdecltype (((const ThreadSafeQueue<T>*)this)->ThreadSafeQueue<T>::data_queue.empty()) ThreadSafeQueue<T>::empty() const[m[K’
   57 | auto [01;31m[KThreadSafeQueue<T>[m[K::empty() const->decltype(data_queue.empty())
      |      [01;31m[K^~~~~~~~~~~~~~~~~~[m[K
In file included from [01m[K/home/jakeluo/Documents/MonitoringSystemRos2/src/droneutility/src/droneManager.cpp:1[m[K:
[01m[K/home/jakeluo/Documents/MonitoringSystemRos2/src/droneutility/include/droneManager.hpp:119:6:[m[K [01;36m[Knote: [m[K‘[01m[Kdecltype (((const ThreadSafeQueue<T>*)this)->ThreadSafeQueue<T>::data_queue.empty()) ThreadSafeQueue<T>::empty() const[m[K’ previously declared here
  119 | auto [01;36m[KThreadSafeQueue<T>[m[K::empty() const->decltype(data_queue.empty())
      |      [01;36m[K^~~~~~~~~~~~~~~~~~[m[K
[01m[K/home/jakeluo/Documents/MonitoringSystemRos2/src/droneutility/src/droneManager.cpp:64:6:[m[K [01;31m[Kerror: [m[Kredefinition of ‘[01m[Kdecltype (((const ThreadSafeQueue<T>*)this)->ThreadSafeQueue<T>::data_queue.size()) ThreadSafeQueue<T>::size() const[m[K’
   64 | auto [01;31m[KThreadSafeQueue<T>[m[K::size() const->decltype(data_queue.size())
      |      [01;31m[K^~~~~~~~~~~~~~~~~~[m[K
In file included from [01m[K/home/jakeluo/Documents/MonitoringSystemRos2/src/droneutility/src/droneManager.cpp:1[m[K:
[01m[K/home/jakeluo/Documents/MonitoringSystemRos2/src/droneutility/include/droneManager.hpp:126:6:[m[K [01;36m[Knote: [m[K‘[01m[Kdecltype (((const ThreadSafeQueue<T>*)this)->ThreadSafeQueue<T>::data_queue.size()) ThreadSafeQueue<T>::size() const[m[K’ previously declared here
  126 | auto [01;36m[KThreadSafeQueue<T>[m[K::size() const->decltype(data_queue.size())
      |      [01;36m[K^~~~~~~~~~~~~~~~~~[m[K
In file included from [01m[K/home/jakeluo/Software/ros2_rolling/install/rclcpp/include/rclcpp/client.hpp:43[m[K,
                 from [01m[K/home/jakeluo/Software/ros2_rolling/install/rclcpp/include/rclcpp/callback_group.hpp:23[m[K,
                 from [01m[K/home/jakeluo/Software/ros2_rolling/install/rclcpp/include/rclcpp/any_executable.hpp:20[m[K,
                 from [01m[K/home/jakeluo/Software/ros2_rolling/install/rclcpp/include/rclcpp/memory_strategy.hpp:25[m[K,
                 from [01m[K/home/jakeluo/Software/ros2_rolling/install/rclcpp/include/rclcpp/memory_strategies.hpp:18[m[K,
                 from [01m[K/home/jakeluo/Software/ros2_rolling/install/rclcpp/include/rclcpp/executor_options.hpp:20[m[K,
                 from [01m[K/home/jakeluo/Software/ros2_rolling/install/rclcpp/include/rclcpp/executor.hpp:37[m[K,
                 from [01m[K/home/jakeluo/Software/ros2_rolling/install/rclcpp/include/rclcpp/executors/multi_threaded_executor.hpp:25[m[K,
                 from [01m[K/home/jakeluo/Software/ros2_rolling/install/rclcpp/include/rclcpp/executors.hpp:21[m[K,
                 from [01m[K/home/jakeluo/Software/ros2_rolling/install/rclcpp/include/rclcpp/rclcpp.hpp:155[m[K,
                 from [01m[K/home/jakeluo/Documents/MonitoringSystemRos2/src/droneutility/include/droneManager.hpp:1[m[K,
                 from [01m[K/home/jakeluo/Documents/MonitoringSystemRos2/src/droneutility/src/droneManager.cpp:1[m[K:
[01m[K/home/jakeluo/Documents/MonitoringSystemRos2/src/droneutility/src/droneManager.cpp:[m[K In member function ‘[01m[Kvoid dronenamespace::DroneManager::recvVideoThread(std::string)[m[K’:
[01m[K/home/jakeluo/Documents/MonitoringSystemRos2/src/droneutility/src/droneManager.cpp:292:51:[m[K [01;35m[Kwarning: [m[Kformat ‘[01m[K%s[m[K’ expects argument of type ‘[01m[Kchar*[m[K’, but argument 5 has type ‘[01m[Kstd::string[m[K’ {aka ‘[01m[Kstd::__cxx11::basic_string<char>[m[K’} [[01;35m[K-Wformat=[m[K]
  292 |                     RCLCPP_INFO(nh_->get_logger(),[01;35m[K"size of images of %s:%ld\n"[m[K, dronepool[ip].name, imagequeuepool[ip]->size());
      |                                                   [01;35m[K^~~~~~~~~~~~~~~~~~~~~~~~~~~~[m[K
[01m[K/home/jakeluo/Documents/MonitoringSystemRos2/src/droneutility/src/droneManager.cpp:292:71:[m[K [01;36m[Knote: [m[Kformat string is defined here
  292 |                     RCLCPP_INFO(nh_->get_logger(),"size of images of [01;36m[K%s[m[K:%ld\n", dronepool[ip].name, imagequeuepool[ip]->size());
      |                                                                      [01;36m[K~^[m[K
      |                                                                       [01;36m[K|[m[K
      |                                                                       [01;36m[Kchar*[m[K
make[2]: *** [CMakeFiles/dronemanager.dir/build.make:63：CMakeFiles/dronemanager.dir/src/droneManager.cpp.o] 错误 1
make[1]: *** [CMakeFiles/Makefile2:107：CMakeFiles/dronemanager.dir/all] 错误 2
make: *** [Makefile:141：all] 错误 2
