/home/jakeluo/Documents/MonitoringSystemRos2/src/install/humanpose/lib/python3.8/site-packages/humanpose/estimater.py
/home/jakeluo/Documents/MonitoringSystemRos2/src/install/humanpose/lib/python3.8/site-packages/humanpose/network.py
/home/jakeluo/Documents/MonitoringSystemRos2/src/install/humanpose/lib/python3.8/site-packages/humanpose/__init__.py
/home/jakeluo/Documents/MonitoringSystemRos2/src/install/humanpose/lib/python3.8/site-packages/humanpose/networks/MobileNetV2.py
/home/jakeluo/Documents/MonitoringSystemRos2/src/install/humanpose/lib/python3.8/site-packages/humanpose/networks/u_net.py
/home/jakeluo/Documents/MonitoringSystemRos2/src/install/humanpose/lib/python3.8/site-packages/humanpose/networks/fcn16s.py
/home/jakeluo/Documents/MonitoringSystemRos2/src/install/humanpose/lib/python3.8/site-packages/humanpose/networks/fcn8s.py
/home/jakeluo/Documents/MonitoringSystemRos2/src/install/humanpose/lib/python3.8/site-packages/humanpose/networks/gcn.py
/home/jakeluo/Documents/MonitoringSystemRos2/src/install/humanpose/lib/python3.8/site-packages/humanpose/networks/squeezenet.py
/home/jakeluo/Documents/MonitoringSystemRos2/src/install/humanpose/lib/python3.8/site-packages/humanpose/networks/fcn32s.py
/home/jakeluo/Documents/MonitoringSystemRos2/src/install/humanpose/lib/python3.8/site-packages/humanpose/networks/duc_hdc.py
/home/jakeluo/Documents/MonitoringSystemRos2/src/install/humanpose/lib/python3.8/site-packages/humanpose/networks/psp_net.py
/home/jakeluo/Documents/MonitoringSystemRos2/src/install/humanpose/lib/python3.8/site-packages/humanpose/networks/DUC.py
/home/jakeluo/Documents/MonitoringSystemRos2/src/install/humanpose/lib/python3.8/site-packages/humanpose/networks/seg_net.py
/home/jakeluo/Documents/MonitoringSystemRos2/src/install/humanpose/lib/python3.8/site-packages/humanpose/networks/resnet.py
/home/jakeluo/Documents/MonitoringSystemRos2/src/install/humanpose/lib/python3.8/site-packages/humanpose/networks/config.py
/home/jakeluo/Documents/MonitoringSystemRos2/src/install/humanpose/lib/python3.8/site-packages/humanpose/networks/__init__.py
/home/jakeluo/Documents/MonitoringSystemRos2/src/install/humanpose/lib/python3.8/site-packages/humanpose/networks/ShuffleNetV2.py
/home/jakeluo/Documents/MonitoringSystemRos2/src/install/humanpose/lib/python3.8/site-packages/humanpose/__pycache__/estimater.cpython-38.pyc
/home/jakeluo/Documents/MonitoringSystemRos2/src/install/humanpose/lib/python3.8/site-packages/humanpose/__pycache__/network.cpython-38.pyc
/home/jakeluo/Documents/MonitoringSystemRos2/src/install/humanpose/lib/python3.8/site-packages/humanpose/__pycache__/__init__.cpython-38.pyc
/home/jakeluo/Documents/MonitoringSystemRos2/src/install/humanpose/lib/python3.8/site-packages/humanpose/networks/__pycache__/MobileNetV2.cpython-38.pyc
/home/jakeluo/Documents/MonitoringSystemRos2/src/install/humanpose/lib/python3.8/site-packages/humanpose/networks/__pycache__/u_net.cpython-38.pyc
/home/jakeluo/Documents/MonitoringSystemRos2/src/install/humanpose/lib/python3.8/site-packages/humanpose/networks/__pycache__/fcn16s.cpython-38.pyc
/home/jakeluo/Documents/MonitoringSystemRos2/src/install/humanpose/lib/python3.8/site-packages/humanpose/networks/__pycache__/fcn8s.cpython-38.pyc
/home/jakeluo/Documents/MonitoringSystemRos2/src/install/humanpose/lib/python3.8/site-packages/humanpose/networks/__pycache__/gcn.cpython-38.pyc
/home/jakeluo/Documents/MonitoringSystemRos2/src/install/humanpose/lib/python3.8/site-packages/humanpose/networks/__pycache__/squeezenet.cpython-38.pyc
/home/jakeluo/Documents/MonitoringSystemRos2/src/install/humanpose/lib/python3.8/site-packages/humanpose/networks/__pycache__/fcn32s.cpython-38.pyc
/home/jakeluo/Documents/MonitoringSystemRos2/src/install/humanpose/lib/python3.8/site-packages/humanpose/networks/__pycache__/duc_hdc.cpython-38.pyc
/home/jakeluo/Documents/MonitoringSystemRos2/src/install/humanpose/lib/python3.8/site-packages/humanpose/networks/__pycache__/psp_net.cpython-38.pyc
/home/jakeluo/Documents/MonitoringSystemRos2/src/install/humanpose/lib/python3.8/site-packages/humanpose/networks/__pycache__/DUC.cpython-38.pyc
/home/jakeluo/Documents/MonitoringSystemRos2/src/install/humanpose/lib/python3.8/site-packages/humanpose/networks/__pycache__/seg_net.cpython-38.pyc
/home/jakeluo/Documents/MonitoringSystemRos2/src/install/humanpose/lib/python3.8/site-packages/humanpose/networks/__pycache__/resnet.cpython-38.pyc
/home/jakeluo/Documents/MonitoringSystemRos2/src/install/humanpose/lib/python3.8/site-packages/humanpose/networks/__pycache__/config.cpython-38.pyc
/home/jakeluo/Documents/MonitoringSystemRos2/src/install/humanpose/lib/python3.8/site-packages/humanpose/networks/__pycache__/__init__.cpython-38.pyc
/home/jakeluo/Documents/MonitoringSystemRos2/src/install/humanpose/lib/python3.8/site-packages/humanpose/networks/__pycache__/ShuffleNetV2.cpython-38.pyc
/home/jakeluo/Documents/MonitoringSystemRos2/src/install/humanpose/share/ament_index/resource_index/packages/humanpose
/home/jakeluo/Documents/MonitoringSystemRos2/src/install/humanpose/share/humanpose/package.xml
/home/jakeluo/Documents/MonitoringSystemRos2/src/install/humanpose/lib/python3.8/site-packages/humanpose-0.0.0-py3.8.egg-info/entry_points.txt
/home/jakeluo/Documents/MonitoringSystemRos2/src/install/humanpose/lib/python3.8/site-packages/humanpose-0.0.0-py3.8.egg-info/top_level.txt
/home/jakeluo/Documents/MonitoringSystemRos2/src/install/humanpose/lib/python3.8/site-packages/humanpose-0.0.0-py3.8.egg-info/requires.txt
/home/jakeluo/Documents/MonitoringSystemRos2/src/install/humanpose/lib/python3.8/site-packages/humanpose-0.0.0-py3.8.egg-info/zip-safe
/home/jakeluo/Documents/MonitoringSystemRos2/src/install/humanpose/lib/python3.8/site-packages/humanpose-0.0.0-py3.8.egg-info/dependency_links.txt
/home/jakeluo/Documents/MonitoringSystemRos2/src/install/humanpose/lib/python3.8/site-packages/humanpose-0.0.0-py3.8.egg-info/PKG-INFO
/home/jakeluo/Documents/MonitoringSystemRos2/src/install/humanpose/lib/python3.8/site-packages/humanpose-0.0.0-py3.8.egg-info/SOURCES.txt
/home/jakeluo/Documents/MonitoringSystemRos2/src/install/humanpose/lib/humanpose/estimater
