-- The C compiler identification is GNU 9.4.0
-- The CXX compiler identification is GNU 9.4.0
-- Check for working C compiler: /usr/bin/cc
-- Check for working C compiler: /usr/bin/cc -- works
-- Detecting C compiler ABI info
-- Detecting C compiler ABI info - done
-- Detecting C compile features
-- Detecting C compile features - done
-- Check for working CXX compiler: /usr/bin/c++
-- Check for working CXX compiler: /usr/bin/c++ -- works
-- Detecting CXX compiler ABI info
-- Detecting CXX compiler ABI info - done
-- Detecting CXX compile features
-- Detecting CXX compile features - done
-- Found ament_cmake: 1.1.4 (/home/jakeluo/Software/ros2_rolling/install/ament_cmake/share/ament_cmake/cmake)
-- Found Python3: /usr/bin/python3.8 (found version "3.8.10") found components: Interpreter 
-- Found rclcpp: 13.0.0 (/home/jakeluo/Software/ros2_rolling/install/rclcpp/share/rclcpp/cmake)
-- Using all available rosidl_typesupport_c: rosidl_typesupport_introspection_c;rosidl_typesupport_fastrtps_c
-- Found rosidl_adapter: 2.5.0 (/home/jakeluo/Software/ros2_rolling/install/rosidl_adapter/share/rosidl_adapter/cmake)
-- Using all available rosidl_typesupport_cpp: rosidl_typesupport_introspection_cpp;rosidl_typesupport_fastrtps_cpp
-- Found rmw_implementation_cmake: 5.0.0 (/home/jakeluo/Software/ros2_rolling/install/rmw_implementation_cmake/share/rmw_implementation_cmake/cmake)
-- Found rmw_cyclonedds_cpp: 0.24.0 (/home/jakeluo/Software/ros2_rolling/install/rmw_cyclonedds_cpp/share/rmw_cyclonedds_cpp/cmake)
-- Using RMW implementation 'rmw_cyclonedds_cpp' as default
-- Looking for pthread.h
-- Looking for pthread.h - found
-- Performing Test CMAKE_HAVE_LIBC_PTHREAD
-- Performing Test CMAKE_HAVE_LIBC_PTHREAD - Failed
-- Looking for pthread_create in pthreads
-- Looking for pthread_create in pthreads - not found
-- Looking for pthread_create in pthread
-- Looking for pthread_create in pthread - found
-- Found Threads: TRUE  
-- Found droneinterfaces: 0.0.0 (/home/jakeluo/Documents/MonitoringSystemRos2/src/install/droneinterfaces/share/droneinterfaces/cmake)
-- Found Boost: /usr/lib/x86_64-linux-gnu/cmake/Boost-1.71.0/BoostConfig.cmake (found version "1.71.0")  
-- Found OpenCV: /usr/local (found suitable version "3.4.3", minimum required is "3.0") 
-- Found rclcpp_action: 13.0.0 (/home/jakeluo/Software/ros2_rolling/install/rclcpp_action/share/rclcpp_action/cmake)
-- Found PkgConfig: /usr/bin/pkg-config (found version "0.29.1") 
-- Checking for module 'eigen3'
--   Found eigen3, version 3.2.10
-- Configuring done
-- Generating done
-- Build files have been written to: /home/jakeluo/Documents/MonitoringSystemRos2/src/build/qt
[35m[1mScanning dependencies of target gui_autogen[0m
[ 12%] [34m[1mAutomatic MOC and UIC for target gui[0m
[ 12%] Built target gui_autogen
[ 25%] [34m[1mGenerating include/qt/moc_mainwindow.cpp[0m
[35m[1mScanning dependencies of target gui[0m
[ 37%] [32mBuilding CXX object CMakeFiles/gui.dir/gui_autogen/mocs_compilation.cpp.o[0m
[ 50%] [32mBuilding CXX object CMakeFiles/gui.dir/src/main.cpp.o[0m
[ 62%] [32mBuilding CXX object CMakeFiles/gui.dir/src/planning.cpp.o[0m
[ 75%] [32mBuilding CXX object CMakeFiles/gui.dir/src/mainwindow.cpp.o[0m
[ 87%] [32mBuilding CXX object CMakeFiles/gui.dir/include/qt/moc_mainwindow.cpp.o[0m
[100%] [32m[1mLinking CXX executable gui[0m
[100%] Built target gui
-- Install configuration: ""
-- Installing: /home/jakeluo/Documents/MonitoringSystemRos2/src/install/qt/share/qt/package.dsv
