[ 11%] [34m[1mAutomatic MOC and UIC for target gui[0m
[ 11%] Built target gui_autogen
[ 22%] [34m[1mGenerating include/qt/moc_mainwindow.cpp[0m
[35m[1mScanning dependencies of target gui[0m
[ 33%] [32mBuilding CXX object CMakeFiles/gui.dir/src/main.cpp.o[0m
[ 44%] [32mBuilding CXX object CMakeFiles/gui.dir/src/mainwindow.cpp.o[0m
[ 55%] [32mBuilding CXX object CMakeFiles/gui.dir/include/qt/moc_mainwindow.cpp.o[0m
In file included from [01m[K/home/jakeluo/Documents/MonitoringSystemRos2/src/qt/include/qt/mainwindow.h:36[m[K,
                 from [01m[K/home/jakeluo/Documents/MonitoringSystemRos2/src/qt/src/mainwindow.cpp:1[m[K:
[01m[K/home/jakeluo/Documents/MonitoringSystemRos2/src/qt/include/targetPosition.h:1:[m[K [01;35m[Kwarning: [m[Kignoring #pragma   [[01;35m[K-Wunknown-pragmas[m[K]
    1 | #pragma
      | 
In file included from [01m[K/home/jakeluo/Documents/MonitoringSystemRos2/src/qt/include/qt/mainwindow.h:36[m[K,
                 from [01m[K/home/jakeluo/Documents/MonitoringSystemRos2/src/qt/src/main.cpp:1[m[K:
[01m[K/home/jakeluo/Documents/MonitoringSystemRos2/src/qt/include/targetPosition.h:1:[m[K [01;35m[Kwarning: [m[Kignoring #pragma   [[01;35m[K-Wunknown-pragmas[m[K]
    1 | #pragma
      | 
In file included from [01m[K/home/jakeluo/Documents/MonitoringSystemRos2/src/build/qt/include/qt/../../../../qt/include/qt/mainwindow.h:36[m[K,
                 from [01m[K/home/jakeluo/Documents/MonitoringSystemRos2/src/build/qt/include/qt/moc_mainwindow.cpp:9[m[K:
[01m[K/home/jakeluo/Documents/MonitoringSystemRos2/src/qt/include/targetPosition.h:1:[m[K [01;35m[Kwarning: [m[Kignoring #pragma   [[01;35m[K-Wunknown-pragmas[m[K]
    1 | #pragma
      | 
[01m[K/home/jakeluo/Documents/MonitoringSystemRos2/src/qt/src/mainwindow.cpp:[m[K In member function ‘[01m[Kvoid MainWindow::feedback_callback(rclcpp_action::ClientGoalHandle<droneinterfaces::action::GoPoint>::SharedPtr, std::shared_ptr<const droneinterfaces::action::GoPoint_Feedback_<std::allocator<void> > >)[m[K’:
[01m[K/home/jakeluo/Documents/MonitoringSystemRos2/src/qt/src/mainwindow.cpp:546:77:[m[K [01;35m[Kwarning: [m[Kunused parameter ‘[01m[Kfeedback[m[K’ [[01;35m[K-Wunused-parameter[m[K]
  546 |     [01;35m[Kconst std::shared_ptr<const droneinterfaces::action::GoPoint::Feedback> feedback[m[K)
      |     [01;35m[K~~~~~~~~~~~~~~~~~~~~~~~~~~~~~~~~~~~~~~~~~~~~~~~~~~~~~~~~~~~~~~~~~~~~~~~~^~~~~~~~[m[K
[01m[K/home/jakeluo/Documents/MonitoringSystemRos2/src/qt/src/mainwindow.cpp:[m[K In member function ‘[01m[Kvoid MainWindow::frameCallback1(droneinterfaces::msg::FrameArray_<std::allocator<void> >::SharedPtr)[m[K’:
[01m[K/home/jakeluo/Documents/MonitoringSystemRos2/src/qt/src/mainwindow.cpp:1049:36:[m[K [01;35m[Kwarning: [m[Kunknown conversion type character ‘[01m[KY[m[K’ in format [[01;35m[K-Wformat=[m[K]
 1049 |         sprintf(time_string1, "t1-%[01;35m[KY[m[K-%B-%d-%T.jpg", curr_tm1);
      |                                    [01;35m[K^[m[K
[01m[K/home/jakeluo/Documents/MonitoringSystemRos2/src/qt/src/mainwindow.cpp:1049:39:[m[K [01;35m[Kwarning: [m[Kunknown conversion type character ‘[01m[KB[m[K’ in format [[01;35m[K-Wformat=[m[K]
 1049 |         sprintf(time_string1, "t1-%Y-%[01;35m[KB[m[K-%d-%T.jpg", curr_tm1);
      |                                       [01;35m[K^[m[K
[01m[K/home/jakeluo/Documents/MonitoringSystemRos2/src/qt/src/mainwindow.cpp:1049:42:[m[K [01;35m[Kwarning: [m[Kformat ‘[01m[K%d[m[K’ expects argument of type ‘[01m[Kint[m[K’, but argument 3 has type ‘[01m[Ktm*[m[K’ [[01;35m[K-Wformat=[m[K]
 1049 |         sprintf(time_string1, "t1-%Y-%B-[01;35m[K%d[m[K-%T.jpg", [32m[Kcurr_tm1[m[K);
      |                                         [01;35m[K~^[m[K          [32m[K~~~~~~~~[m[K
      |                                          [01;35m[K|[m[K          [32m[K|[m[K
      |                                          [01;35m[Kint[m[K        [32m[Ktm*[m[K
[01m[K/home/jakeluo/Documents/MonitoringSystemRos2/src/qt/src/mainwindow.cpp:1049:45:[m[K [01;35m[Kwarning: [m[Kunknown conversion type character ‘[01m[KT[m[K’ in format [[01;35m[K-Wformat=[m[K]
 1049 |         sprintf(time_string1, "t1-%Y-%B-%d-%[01;35m[KT[m[K.jpg", curr_tm1);
      |                                             [01;35m[K^[m[K
[01m[K/home/jakeluo/Documents/MonitoringSystemRos2/src/qt/src/mainwindow.cpp:[m[K In member function ‘[01m[Kvoid MainWindow::frameCallback2(droneinterfaces::msg::FrameArray_<std::allocator<void> >::SharedPtr)[m[K’:
[01m[K/home/jakeluo/Documents/MonitoringSystemRos2/src/qt/src/mainwindow.cpp:1113:36:[m[K [01;35m[Kwarning: [m[Kunknown conversion type character ‘[01m[KY[m[K’ in format [[01;35m[K-Wformat=[m[K]
 1113 |         sprintf(time_string2, "t2-%[01;35m[KY[m[K-%B-%d-%T.jpg", curr_tm2);
      |                                    [01;35m[K^[m[K
[01m[K/home/jakeluo/Documents/MonitoringSystemRos2/src/qt/src/mainwindow.cpp:1113:39:[m[K [01;35m[Kwarning: [m[Kunknown conversion type character ‘[01m[KB[m[K’ in format [[01;35m[K-Wformat=[m[K]
 1113 |         sprintf(time_string2, "t2-%Y-%[01;35m[KB[m[K-%d-%T.jpg", curr_tm2);
      |                                       [01;35m[K^[m[K
[01m[K/home/jakeluo/Documents/MonitoringSystemRos2/src/qt/src/mainwindow.cpp:1113:42:[m[K [01;35m[Kwarning: [m[Kformat ‘[01m[K%d[m[K’ expects argument of type ‘[01m[Kint[m[K’, but argument 3 has type ‘[01m[Ktm*[m[K’ [[01;35m[K-Wformat=[m[K]
 1113 |         sprintf(time_string2, "t2-%Y-%B-[01;35m[K%d[m[K-%T.jpg", [32m[Kcurr_tm2[m[K);
      |                                         [01;35m[K~^[m[K          [32m[K~~~~~~~~[m[K
      |                                          [01;35m[K|[m[K          [32m[K|[m[K
      |                                          [01;35m[Kint[m[K        [32m[Ktm*[m[K
[01m[K/home/jakeluo/Documents/MonitoringSystemRos2/src/qt/src/mainwindow.cpp:1113:45:[m[K [01;35m[Kwarning: [m[Kunknown conversion type character ‘[01m[KT[m[K’ in format [[01;35m[K-Wformat=[m[K]
 1113 |         sprintf(time_string2, "t2-%Y-%B-%d-%[01;35m[KT[m[K.jpg", curr_tm2);
      |                                             [01;35m[K^[m[K
[ 66%] [32m[1mLinking CXX executable gui[0m
[100%] Built target gui
-- Install configuration: "RelWithDebInfo"
-- Execute custom install script
-- Up-to-date symlink: /home/jakeluo/Documents/MonitoringSystemRos2/src/install/qt/lib/qt/gui
-- Up-to-date symlink: /home/jakeluo/Documents/MonitoringSystemRos2/src/install/qt/share/ament_index/resource_index/package_run_dependencies/qt
-- Up-to-date symlink: /home/jakeluo/Documents/MonitoringSystemRos2/src/install/qt/share/ament_index/resource_index/parent_prefix_path/qt
-- Up-to-date symlink: /home/jakeluo/Documents/MonitoringSystemRos2/src/install/qt/share/qt/environment/ament_prefix_path.sh
-- Up-to-date symlink: /home/jakeluo/Documents/MonitoringSystemRos2/src/install/qt/share/qt/environment/ament_prefix_path.dsv
-- Up-to-date symlink: /home/jakeluo/Documents/MonitoringSystemRos2/src/install/qt/share/qt/environment/path.sh
-- Up-to-date symlink: /home/jakeluo/Documents/MonitoringSystemRos2/src/install/qt/share/qt/environment/path.dsv
-- Up-to-date symlink: /home/jakeluo/Documents/MonitoringSystemRos2/src/install/qt/share/qt/local_setup.bash
-- Up-to-date symlink: /home/jakeluo/Documents/MonitoringSystemRos2/src/install/qt/share/qt/local_setup.sh
-- Up-to-date symlink: /home/jakeluo/Documents/MonitoringSystemRos2/src/install/qt/share/qt/local_setup.zsh
-- Up-to-date symlink: /home/jakeluo/Documents/MonitoringSystemRos2/src/install/qt/share/qt/local_setup.dsv
-- Symlinking: /home/jakeluo/Documents/MonitoringSystemRos2/src/install/qt/share/qt/package.dsv
-- Up-to-date symlink: /home/jakeluo/Documents/MonitoringSystemRos2/src/install/qt/share/ament_index/resource_index/packages/qt
-- Up-to-date symlink: /home/jakeluo/Documents/MonitoringSystemRos2/src/install/qt/share/qt/cmake/qtConfig.cmake
-- Up-to-date symlink: /home/jakeluo/Documents/MonitoringSystemRos2/src/install/qt/share/qt/cmake/qtConfig-version.cmake
-- Up-to-date symlink: /home/jakeluo/Documents/MonitoringSystemRos2/src/install/qt/share/qt/package.xml
