[ 12%] [34m[1mAutomatic MOC and UIC for target gui[0m
[ 12%] Built target gui_autogen
[35m[1mScanning dependencies of target gui[0m
[ 25%] [32mBuilding CXX object CMakeFiles/gui.dir/src/mainwindow.cpp.o[0m
In file included from [01m[K/home/jakeluo/Documents/MonitoringSystemRos2/src/qt/include/qt/mainwindow.h:36[m[K,
                 from [01m[K/home/jakeluo/Documents/MonitoringSystemRos2/src/qt/src/mainwindow.cpp:1[m[K:
[01m[K/home/jakeluo/Documents/MonitoringSystemRos2/src/qt/include/targetPosition.h:1:[m[K [01;35m[Kwarning: [m[Kignoring #pragma   [[01;35m[K-Wunknown-pragmas[m[K]
    1 | #pragma
      | 
[01m[K/home/jakeluo/Documents/MonitoringSystemRos2/src/qt/src/mainwindow.cpp:[m[K In member function ‘[01m[Kvoid MainWindow::feedback_callback(rclcpp_action::ClientGoalHandle<droneinterfaces::action::GoPoint>::SharedPtr, std::shared_ptr<const droneinterfaces::action::GoPoint_Feedback_<std::allocator<void> > >)[m[K’:
[01m[K/home/jakeluo/Documents/MonitoringSystemRos2/src/qt/src/mainwindow.cpp:514:77:[m[K [01;35m[Kwarning: [m[Kunused parameter ‘[01m[Kfeedback[m[K’ [[01;35m[K-Wunused-parameter[m[K]
  514 | [01;35m[Knst std::shared_ptr<const droneinterfaces::action::GoPoint::Feedback> feedback[m[K)
      | [01;35m[K~~~~~~~~~~~~~~~~~~~~~~~~~~~~~~~~~~~~~~~~~~~~~~~~~~~~~~~~~~~~~~~~~~~~~~^~~~~~~~[m[K

[ 37%] [32m[1mLinking CXX executable gui[0m
/usr/bin/ld: CMakeFiles/gui.dir/src/mainwindow.cpp.o: in function `MainWindow::~MainWindow()':
/home/jakeluo/Documents/MonitoringSystemRos2/src/qt/src/mainwindow.cpp:792: undefined reference to `TargetPosition::~TargetPosition()'
/usr/bin/ld: CMakeFiles/gui.dir/src/mainwindow.cpp.o: in function `MainWindow::MainWindow(QWidget*)':
/home/jakeluo/Documents/MonitoringSystemRos2/src/qt/src/mainwindow.cpp:19: undefined reference to `TargetPosition::TargetPosition(Eigen::Matrix<float, 4, 4, 0, 4, 4>)'
collect2: error: ld returned 1 exit status
make[2]: *** [CMakeFiles/gui.dir/build.make:233：gui] 错误 1
make[1]: *** [CMakeFiles/Makefile2:79：CMakeFiles/gui.dir/all] 错误 2
make: *** [Makefile:141：all] 错误 2
