In file included from [01m[K/usr/include/c++/9/memory:62[m[K,
                 from [01m[K/home/jakeluo/Software/ros2_rolling/install/rclcpp/include/rclcpp/rclcpp.hpp:153[m[K,
                 from [01m[K/home/jakeluo/Documents/MonitoringSystemRos2/src/droneutility/include/droneManager.hpp:1[m[K,
                 from [01m[K/home/jakeluo/Documents/MonitoringSystemRos2/src/droneutility/src/droneManager.cpp:1[m[K:
/usr/include/c++/9/bits/stl_algobase.h: In instantiation of ‘[01m[K_OI std::__copy_move_a(_II, _II, _OI) [with bool _IsMove = false; _II = unsigned char*; _OI = droneinterfaces::msg::FrameArray_<std::allocator<void> >][m[K’:
[01m[K/usr/include/c++/9/bits/stl_algobase.h:441:30:[m[K   required from ‘[01m[K_OI std::__copy_move_a2(_II, _II, _OI) [with bool _IsMove = false; _II = __gnu_cxx::__normal_iterator<unsigned char*, std::vector<unsigned char, std::allocator<unsigned char> > >; _OI = droneinterfaces::msg::FrameArray_<std::allocator<void> >][m[K’
[01m[K/usr/include/c++/9/bits/stl_algobase.h:474:7:[m[K   required from ‘[01m[K_OI std::copy(_II, _II, _OI) [with _II = __gnu_cxx::__normal_iterator<unsigned char*, std::vector<unsigned char, std::allocator<unsigned char> > >; _OI = droneinterfaces::msg::FrameArray_<std::allocator<void> >][m[K’
[01m[K/home/jakeluo/Documents/MonitoringSystemRos2/src/droneutility/src/droneManager.cpp:204:81:[m[K   required from here
[01m[K/usr/include/c++/9/bits/stl_algobase.h:396:57:[m[K [01;31m[Kerror: [m[Kno type named ‘[01m[Kvalue_type[m[K’ in ‘[01m[Kstruct std::iterator_traits<droneinterfaces::msg::FrameArray_<std::allocator<void> > >[m[K’
  396 |       typedef typename iterator_traits<_OI>::value_type [01;31m[K_ValueTypeO[m[K;
      |                                                         [01;31m[K^~~~~~~~~~~[m[K
[01m[K/usr/include/c++/9/bits/stl_algobase.h:401:9:[m[K [01;31m[Kerror: [m[Kno type named ‘[01m[Kvalue_type[m[K’ in ‘[01m[Kstruct std::iterator_traits<droneinterfaces::msg::FrameArray_<std::allocator<void> > >[m[K’
  398 |       const bool __simple = [01;31m[K(__is_trivially_copyable(_ValueTypeI)[m[K
      |                             [01;31m[K~~~~~~~~~~~~~~~~~~~~~~~~~~~~~~~~~~~~~[m[K
  399 | [01;31m[K        && __is_pointer<_II>::__value[m[K
      |         [01;31m[K~~~~~~~~~~~~~~~~~~~~~~~~~~~~~[m[K
  400 | [01;31m[K        && __is_pointer<_OI>::__value[m[K
      |         [01;31m[K~~~~~~~~~~~~~~~~~~~~~~~~~~~~~[m[K
  401 | [01;31m[K        && __are_same<_ValueTypeI, _ValueTypeO>::__value)[m[K;
      |         [01;31m[K^~~~~~~~~~~~~~~~~~~~~~~~~~~~~~~~~~~~~~~~~~~~~~~~~[m[K
make[2]: *** [CMakeFiles/dronemanager.dir/build.make:63：CMakeFiles/dronemanager.dir/src/droneManager.cpp.o] 错误 1
make[1]: *** [CMakeFiles/Makefile2:107：CMakeFiles/dronemanager.dir/all] 错误 2
make: *** [Makefile:141：all] 错误 2
