[0.238s] DEBUG:colcon:Command line arguments: ['/usr/bin/colcon', 'build']
[0.238s] DEBUG:colcon:Parsed command line arguments: Namespace(ament_cmake_args=None, base_paths=['.'], build_base='build', catkin_cmake_args=None, catkin_skip_building_tests=False, cmake_args=None, cmake_clean_cache=False, cmake_clean_first=False, cmake_force_configure=False, cmake_target=None, cmake_target_skip_unavailable=False, continue_on_error=False, event_handlers=None, executor='parallel', ignore_user_meta=False, install_base='install', log_base=None, log_level=None, main=<bound method BuildVerb.main of <colcon_core.verb.build.BuildVerb object at 0x7fa2de407af0>>, merge_install=False, metas=['./colcon.meta'], packages_above=None, packages_above_and_dependencies=None, packages_above_depth=None, packages_end=None, packages_ignore=None, packages_ignore_regex=None, packages_select=None, packages_select_build_failed=False, packages_select_by_dep=None, packages_select_regex=None, packages_select_test_failures=False, packages_skip=None, packages_skip_build_finished=False, packages_skip_by_dep=None, packages_skip_regex=None, packages_skip_test_passed=False, packages_skip_up_to=None, packages_start=None, packages_up_to=None, packages_up_to_regex=None, parallel_workers=12, paths=None, symlink_install=False, test_result_base=None, verb_extension=<colcon_core.verb.build.BuildVerb object at 0x7fa2de407af0>, verb_name='build', verb_parser=<colcon_defaults.argument_parser.defaults.DefaultArgumentsDecorator object at 0x7fa2de4110a0>)
[0.242s] Level 1:colcon.colcon_core.package_discovery:discover_packages(colcon_meta) check parameters
[0.242s] Level 1:colcon.colcon_core.package_discovery:discover_packages(recursive) check parameters
[0.242s] Level 1:colcon.colcon_core.package_discovery:discover_packages(ignore) check parameters
[0.243s] Level 1:colcon.colcon_core.package_discovery:discover_packages(path) check parameters
[0.243s] Level 1:colcon.colcon_core.package_discovery:discover_packages(colcon_meta) discover
[0.243s] Level 1:colcon.colcon_core.package_discovery:discover_packages(recursive) discover
[0.243s] INFO:colcon.colcon_core.package_discovery:Crawling recursively for packages in '/home/jakeluo/Documents/MonitoringSystemRos2/src'
[0.243s] Level 1:colcon.colcon_core.package_identification:_identify(.) by extensions ['ignore', 'ignore_ament_install']
[0.243s] Level 1:colcon.colcon_core.package_identification:_identify(.) by extension 'ignore'
[0.243s] Level 1:colcon.colcon_core.package_identification:_identify(.) by extension 'ignore_ament_install'
[0.243s] Level 1:colcon.colcon_core.package_identification:_identify(.) by extensions ['colcon_pkg']
[0.243s] Level 1:colcon.colcon_core.package_identification:_identify(.) by extension 'colcon_pkg'
[0.243s] Level 1:colcon.colcon_core.package_identification:_identify(.) by extensions ['colcon_meta']
[0.243s] Level 1:colcon.colcon_core.package_identification:_identify(.) by extension 'colcon_meta'
[0.243s] Level 1:colcon.colcon_core.package_identification:_identify(.) by extensions ['ros']
[0.243s] Level 1:colcon.colcon_core.package_identification:_identify(.) by extension 'ros'
[0.253s] Level 1:colcon.colcon_core.package_identification:_identify(.) by extensions ['cmake', 'python']
[0.253s] Level 1:colcon.colcon_core.package_identification:_identify(.) by extension 'cmake'
[0.253s] Level 1:colcon.colcon_core.package_identification:_identify(.) by extension 'python'
[0.253s] Level 1:colcon.colcon_core.package_identification:_identify(.) by extensions ['python_setup_py']
[0.253s] Level 1:colcon.colcon_core.package_identification:_identify(.) by extension 'python_setup_py'
[0.253s] Level 1:colcon.colcon_core.package_identification:_identify(build) by extensions ['ignore', 'ignore_ament_install']
[0.253s] Level 1:colcon.colcon_core.package_identification:_identify(build) by extension 'ignore'
[0.253s] Level 1:colcon.colcon_core.package_identification:_identify(build) ignored
[0.253s] Level 1:colcon.colcon_core.package_identification:_identify(data) by extensions ['ignore', 'ignore_ament_install']
[0.253s] Level 1:colcon.colcon_core.package_identification:_identify(data) by extension 'ignore'
[0.253s] Level 1:colcon.colcon_core.package_identification:_identify(data) by extension 'ignore_ament_install'
[0.253s] Level 1:colcon.colcon_core.package_identification:_identify(data) by extensions ['colcon_pkg']
[0.254s] Level 1:colcon.colcon_core.package_identification:_identify(data) by extension 'colcon_pkg'
[0.254s] Level 1:colcon.colcon_core.package_identification:_identify(data) by extensions ['colcon_meta']
[0.254s] Level 1:colcon.colcon_core.package_identification:_identify(data) by extension 'colcon_meta'
[0.254s] Level 1:colcon.colcon_core.package_identification:_identify(data) by extensions ['ros']
[0.254s] Level 1:colcon.colcon_core.package_identification:_identify(data) by extension 'ros'
[0.254s] Level 1:colcon.colcon_core.package_identification:_identify(data) by extensions ['cmake', 'python']
[0.254s] Level 1:colcon.colcon_core.package_identification:_identify(data) by extension 'cmake'
[0.254s] Level 1:colcon.colcon_core.package_identification:_identify(data) by extension 'python'
[0.254s] Level 1:colcon.colcon_core.package_identification:_identify(data) by extensions ['python_setup_py']
[0.254s] Level 1:colcon.colcon_core.package_identification:_identify(data) by extension 'python_setup_py'
[0.254s] Level 1:colcon.colcon_core.package_identification:_identify(data/labels) by extensions ['ignore', 'ignore_ament_install']
[0.254s] Level 1:colcon.colcon_core.package_identification:_identify(data/labels) by extension 'ignore'
[0.254s] Level 1:colcon.colcon_core.package_identification:_identify(data/labels) by extension 'ignore_ament_install'
[0.255s] Level 1:colcon.colcon_core.package_identification:_identify(data/labels) by extensions ['colcon_pkg']
[0.255s] Level 1:colcon.colcon_core.package_identification:_identify(data/labels) by extension 'colcon_pkg'
[0.255s] Level 1:colcon.colcon_core.package_identification:_identify(data/labels) by extensions ['colcon_meta']
[0.255s] Level 1:colcon.colcon_core.package_identification:_identify(data/labels) by extension 'colcon_meta'
[0.255s] Level 1:colcon.colcon_core.package_identification:_identify(data/labels) by extensions ['ros']
[0.255s] Level 1:colcon.colcon_core.package_identification:_identify(data/labels) by extension 'ros'
[0.255s] Level 1:colcon.colcon_core.package_identification:_identify(data/labels) by extensions ['cmake', 'python']
[0.255s] Level 1:colcon.colcon_core.package_identification:_identify(data/labels) by extension 'cmake'
[0.255s] Level 1:colcon.colcon_core.package_identification:_identify(data/labels) by extension 'python'
[0.255s] Level 1:colcon.colcon_core.package_identification:_identify(data/labels) by extensions ['python_setup_py']
[0.255s] Level 1:colcon.colcon_core.package_identification:_identify(data/labels) by extension 'python_setup_py'
[0.255s] Level 1:colcon.colcon_core.package_identification:_identify(droneinterfaces) by extensions ['ignore', 'ignore_ament_install']
[0.255s] Level 1:colcon.colcon_core.package_identification:_identify(droneinterfaces) by extension 'ignore'
[0.255s] Level 1:colcon.colcon_core.package_identification:_identify(droneinterfaces) by extension 'ignore_ament_install'
[0.255s] Level 1:colcon.colcon_core.package_identification:_identify(droneinterfaces) by extensions ['colcon_pkg']
[0.255s] Level 1:colcon.colcon_core.package_identification:_identify(droneinterfaces) by extension 'colcon_pkg'
[0.255s] Level 1:colcon.colcon_core.package_identification:_identify(droneinterfaces) by extensions ['colcon_meta']
[0.255s] Level 1:colcon.colcon_core.package_identification:_identify(droneinterfaces) by extension 'colcon_meta'
[0.255s] Level 1:colcon.colcon_core.package_identification:_identify(droneinterfaces) by extensions ['ros']
[0.255s] Level 1:colcon.colcon_core.package_identification:_identify(droneinterfaces) by extension 'ros'
[0.257s] DEBUG:colcon.colcon_core.package_identification:Package 'droneinterfaces' with type 'ros.ament_cmake' and name 'droneinterfaces'
[0.257s] Level 1:colcon.colcon_core.package_identification:_identify(droneutility) by extensions ['ignore', 'ignore_ament_install']
[0.257s] Level 1:colcon.colcon_core.package_identification:_identify(droneutility) by extension 'ignore'
[0.257s] Level 1:colcon.colcon_core.package_identification:_identify(droneutility) by extension 'ignore_ament_install'
[0.257s] Level 1:colcon.colcon_core.package_identification:_identify(droneutility) by extensions ['colcon_pkg']
[0.257s] Level 1:colcon.colcon_core.package_identification:_identify(droneutility) by extension 'colcon_pkg'
[0.257s] Level 1:colcon.colcon_core.package_identification:_identify(droneutility) by extensions ['colcon_meta']
[0.257s] Level 1:colcon.colcon_core.package_identification:_identify(droneutility) by extension 'colcon_meta'
[0.257s] Level 1:colcon.colcon_core.package_identification:_identify(droneutility) by extensions ['ros']
[0.257s] Level 1:colcon.colcon_core.package_identification:_identify(droneutility) by extension 'ros'
[0.258s] DEBUG:colcon.colcon_core.package_identification:Package 'droneutility' with type 'ros.ament_cmake' and name 'droneutility'
[0.258s] Level 1:colcon.colcon_core.package_identification:_identify(humandetection) by extensions ['ignore', 'ignore_ament_install']
[0.258s] Level 1:colcon.colcon_core.package_identification:_identify(humandetection) by extension 'ignore'
[0.258s] Level 1:colcon.colcon_core.package_identification:_identify(humandetection) by extension 'ignore_ament_install'
[0.258s] Level 1:colcon.colcon_core.package_identification:_identify(humandetection) by extensions ['colcon_pkg']
[0.258s] Level 1:colcon.colcon_core.package_identification:_identify(humandetection) by extension 'colcon_pkg'
[0.258s] Level 1:colcon.colcon_core.package_identification:_identify(humandetection) by extensions ['colcon_meta']
[0.258s] Level 1:colcon.colcon_core.package_identification:_identify(humandetection) by extension 'colcon_meta'
[0.258s] Level 1:colcon.colcon_core.package_identification:_identify(humandetection) by extensions ['ros']
[0.258s] Level 1:colcon.colcon_core.package_identification:_identify(humandetection) by extension 'ros'
[0.259s] DEBUG:colcon.colcon_core.package_identification:Package 'humandetection' with type 'ros.ament_python' and name 'humandetection'
[0.259s] Level 1:colcon.colcon_core.package_identification:_identify(install) by extensions ['ignore', 'ignore_ament_install']
[0.259s] Level 1:colcon.colcon_core.package_identification:_identify(install) by extension 'ignore'
[0.259s] Level 1:colcon.colcon_core.package_identification:_identify(install) ignored
[0.259s] Level 1:colcon.colcon_core.package_identification:_identify(log) by extensions ['ignore', 'ignore_ament_install']
[0.259s] Level 1:colcon.colcon_core.package_identification:_identify(log) by extension 'ignore'
[0.259s] Level 1:colcon.colcon_core.package_identification:_identify(log) ignored
[0.260s] Level 1:colcon.colcon_core.package_identification:_identify(positioning) by extensions ['ignore', 'ignore_ament_install']
[0.260s] Level 1:colcon.colcon_core.package_identification:_identify(positioning) by extension 'ignore'
[0.260s] Level 1:colcon.colcon_core.package_identification:_identify(positioning) by extension 'ignore_ament_install'
[0.260s] Level 1:colcon.colcon_core.package_identification:_identify(positioning) by extensions ['colcon_pkg']
[0.260s] Level 1:colcon.colcon_core.package_identification:_identify(positioning) by extension 'colcon_pkg'
[0.260s] Level 1:colcon.colcon_core.package_identification:_identify(positioning) by extensions ['colcon_meta']
[0.260s] Level 1:colcon.colcon_core.package_identification:_identify(positioning) by extension 'colcon_meta'
[0.260s] Level 1:colcon.colcon_core.package_identification:_identify(positioning) by extensions ['ros']
[0.260s] Level 1:colcon.colcon_core.package_identification:_identify(positioning) by extension 'ros'
[0.260s] DEBUG:colcon.colcon_core.package_identification:Package 'positioning' with type 'ros.ament_cmake' and name 'positioning'
[0.261s] Level 1:colcon.colcon_core.package_identification:_identify(qt) by extensions ['ignore', 'ignore_ament_install']
[0.261s] Level 1:colcon.colcon_core.package_identification:_identify(qt) by extension 'ignore'
[0.261s] Level 1:colcon.colcon_core.package_identification:_identify(qt) by extension 'ignore_ament_install'
[0.261s] Level 1:colcon.colcon_core.package_identification:_identify(qt) by extensions ['colcon_pkg']
[0.261s] Level 1:colcon.colcon_core.package_identification:_identify(qt) by extension 'colcon_pkg'
[0.261s] Level 1:colcon.colcon_core.package_identification:_identify(qt) by extensions ['colcon_meta']
[0.261s] Level 1:colcon.colcon_core.package_identification:_identify(qt) by extension 'colcon_meta'
[0.261s] Level 1:colcon.colcon_core.package_identification:_identify(qt) by extensions ['ros']
[0.261s] Level 1:colcon.colcon_core.package_identification:_identify(qt) by extension 'ros'
[0.262s] DEBUG:colcon.colcon_core.package_identification:Package 'qt' with type 'ros.ament_cmake' and name 'qt'
[0.262s] Level 1:colcon.colcon_core.package_discovery:discover_packages(recursive) using defaults
[0.262s] Level 1:colcon.colcon_core.package_discovery:discover_packages(ignore) discover
[0.262s] Level 1:colcon.colcon_core.package_discovery:discover_packages(ignore) using defaults
[0.262s] Level 1:colcon.colcon_core.package_discovery:discover_packages(path) discover
[0.262s] Level 1:colcon.colcon_core.package_discovery:discover_packages(path) using defaults
[0.279s] Level 5:colcon.colcon_core.verb:set package 'droneinterfaces' build argument 'cmake_args' from command line to 'None'
[0.279s] Level 5:colcon.colcon_core.verb:set package 'droneinterfaces' build argument 'cmake_target' from command line to 'None'
[0.280s] Level 5:colcon.colcon_core.verb:set package 'droneinterfaces' build argument 'cmake_target_skip_unavailable' from command line to 'False'
[0.280s] Level 5:colcon.colcon_core.verb:set package 'droneinterfaces' build argument 'cmake_clean_cache' from command line to 'False'
[0.280s] Level 5:colcon.colcon_core.verb:set package 'droneinterfaces' build argument 'cmake_clean_first' from command line to 'False'
[0.280s] Level 5:colcon.colcon_core.verb:set package 'droneinterfaces' build argument 'cmake_force_configure' from command line to 'False'
[0.280s] Level 5:colcon.colcon_core.verb:set package 'droneinterfaces' build argument 'ament_cmake_args' from command line to 'None'
[0.280s] Level 5:colcon.colcon_core.verb:set package 'droneinterfaces' build argument 'catkin_cmake_args' from command line to 'None'
[0.280s] Level 5:colcon.colcon_core.verb:set package 'droneinterfaces' build argument 'catkin_skip_building_tests' from command line to 'False'
[0.280s] DEBUG:colcon.colcon_core.verb:Building package 'droneinterfaces' with the following arguments: {'ament_cmake_args': None, 'build_base': '/home/jakeluo/Documents/MonitoringSystemRos2/src/build/droneinterfaces', 'catkin_cmake_args': None, 'catkin_skip_building_tests': False, 'cmake_args': None, 'cmake_clean_cache': False, 'cmake_clean_first': False, 'cmake_force_configure': False, 'cmake_target': None, 'cmake_target_skip_unavailable': False, 'install_base': '/home/jakeluo/Documents/MonitoringSystemRos2/src/install/droneinterfaces', 'merge_install': False, 'path': '/home/jakeluo/Documents/MonitoringSystemRos2/src/droneinterfaces', 'symlink_install': False, 'test_result_base': None}
[0.282s] Level 5:colcon.colcon_core.verb:set package 'droneutility' build argument 'cmake_args' from command line to 'None'
[0.282s] Level 5:colcon.colcon_core.verb:set package 'droneutility' build argument 'cmake_target' from command line to 'None'
[0.282s] Level 5:colcon.colcon_core.verb:set package 'droneutility' build argument 'cmake_target_skip_unavailable' from command line to 'False'
[0.282s] Level 5:colcon.colcon_core.verb:set package 'droneutility' build argument 'cmake_clean_cache' from command line to 'False'
[0.282s] Level 5:colcon.colcon_core.verb:set package 'droneutility' build argument 'cmake_clean_first' from command line to 'False'
[0.282s] Level 5:colcon.colcon_core.verb:set package 'droneutility' build argument 'cmake_force_configure' from command line to 'False'
[0.282s] Level 5:colcon.colcon_core.verb:set package 'droneutility' build argument 'ament_cmake_args' from command line to 'None'
[0.282s] Level 5:colcon.colcon_core.verb:set package 'droneutility' build argument 'catkin_cmake_args' from command line to 'None'
[0.282s] Level 5:colcon.colcon_core.verb:set package 'droneutility' build argument 'catkin_skip_building_tests' from command line to 'False'
[0.282s] DEBUG:colcon.colcon_core.verb:Building package 'droneutility' with the following arguments: {'ament_cmake_args': None, 'build_base': '/home/jakeluo/Documents/MonitoringSystemRos2/src/build/droneutility', 'catkin_cmake_args': None, 'catkin_skip_building_tests': False, 'cmake_args': None, 'cmake_clean_cache': False, 'cmake_clean_first': False, 'cmake_force_configure': False, 'cmake_target': None, 'cmake_target_skip_unavailable': False, 'install_base': '/home/jakeluo/Documents/MonitoringSystemRos2/src/install/droneutility', 'merge_install': False, 'path': '/home/jakeluo/Documents/MonitoringSystemRos2/src/droneutility', 'symlink_install': False, 'test_result_base': None}
[0.285s] Level 5:colcon.colcon_core.verb:set package 'humandetection' build argument 'cmake_args' from command line to 'None'
[0.285s] Level 5:colcon.colcon_core.verb:set package 'humandetection' build argument 'cmake_target' from command line to 'None'
[0.285s] Level 5:colcon.colcon_core.verb:set package 'humandetection' build argument 'cmake_target_skip_unavailable' from command line to 'False'
[0.285s] Level 5:colcon.colcon_core.verb:set package 'humandetection' build argument 'cmake_clean_cache' from command line to 'False'
[0.285s] Level 5:colcon.colcon_core.verb:set package 'humandetection' build argument 'cmake_clean_first' from command line to 'False'
[0.285s] Level 5:colcon.colcon_core.verb:set package 'humandetection' build argument 'cmake_force_configure' from command line to 'False'
[0.285s] Level 5:colcon.colcon_core.verb:set package 'humandetection' build argument 'ament_cmake_args' from command line to 'None'
[0.285s] Level 5:colcon.colcon_core.verb:set package 'humandetection' build argument 'catkin_cmake_args' from command line to 'None'
[0.285s] Level 5:colcon.colcon_core.verb:set package 'humandetection' build argument 'catkin_skip_building_tests' from command line to 'False'
[0.285s] DEBUG:colcon.colcon_core.verb:Building package 'humandetection' with the following arguments: {'ament_cmake_args': None, 'build_base': '/home/jakeluo/Documents/MonitoringSystemRos2/src/build/humandetection', 'catkin_cmake_args': None, 'catkin_skip_building_tests': False, 'cmake_args': None, 'cmake_clean_cache': False, 'cmake_clean_first': False, 'cmake_force_configure': False, 'cmake_target': None, 'cmake_target_skip_unavailable': False, 'install_base': '/home/jakeluo/Documents/MonitoringSystemRos2/src/install/humandetection', 'merge_install': False, 'path': '/home/jakeluo/Documents/MonitoringSystemRos2/src/humandetection', 'symlink_install': False, 'test_result_base': None}
[0.288s] Level 5:colcon.colcon_core.verb:set package 'positioning' build argument 'cmake_args' from command line to 'None'
[0.288s] Level 5:colcon.colcon_core.verb:set package 'positioning' build argument 'cmake_target' from command line to 'None'
[0.288s] Level 5:colcon.colcon_core.verb:set package 'positioning' build argument 'cmake_target_skip_unavailable' from command line to 'False'
[0.288s] Level 5:colcon.colcon_core.verb:set package 'positioning' build argument 'cmake_clean_cache' from command line to 'False'
[0.288s] Level 5:colcon.colcon_core.verb:set package 'positioning' build argument 'cmake_clean_first' from command line to 'False'
[0.288s] Level 5:colcon.colcon_core.verb:set package 'positioning' build argument 'cmake_force_configure' from command line to 'False'
[0.288s] Level 5:colcon.colcon_core.verb:set package 'positioning' build argument 'ament_cmake_args' from command line to 'None'
[0.288s] Level 5:colcon.colcon_core.verb:set package 'positioning' build argument 'catkin_cmake_args' from command line to 'None'
[0.288s] Level 5:colcon.colcon_core.verb:set package 'positioning' build argument 'catkin_skip_building_tests' from command line to 'False'
[0.288s] DEBUG:colcon.colcon_core.verb:Building package 'positioning' with the following arguments: {'ament_cmake_args': None, 'build_base': '/home/jakeluo/Documents/MonitoringSystemRos2/src/build/positioning', 'catkin_cmake_args': None, 'catkin_skip_building_tests': False, 'cmake_args': None, 'cmake_clean_cache': False, 'cmake_clean_first': False, 'cmake_force_configure': False, 'cmake_target': None, 'cmake_target_skip_unavailable': False, 'install_base': '/home/jakeluo/Documents/MonitoringSystemRos2/src/install/positioning', 'merge_install': False, 'path': '/home/jakeluo/Documents/MonitoringSystemRos2/src/positioning', 'symlink_install': False, 'test_result_base': None}
[0.290s] Level 5:colcon.colcon_core.verb:set package 'qt' build argument 'cmake_args' from command line to 'None'
[0.290s] Level 5:colcon.colcon_core.verb:set package 'qt' build argument 'cmake_target' from command line to 'None'
[0.290s] Level 5:colcon.colcon_core.verb:set package 'qt' build argument 'cmake_target_skip_unavailable' from command line to 'False'
[0.290s] Level 5:colcon.colcon_core.verb:set package 'qt' build argument 'cmake_clean_cache' from command line to 'False'
[0.290s] Level 5:colcon.colcon_core.verb:set package 'qt' build argument 'cmake_clean_first' from command line to 'False'
[0.290s] Level 5:colcon.colcon_core.verb:set package 'qt' build argument 'cmake_force_configure' from command line to 'False'
[0.290s] Level 5:colcon.colcon_core.verb:set package 'qt' build argument 'ament_cmake_args' from command line to 'None'
[0.291s] Level 5:colcon.colcon_core.verb:set package 'qt' build argument 'catkin_cmake_args' from command line to 'None'
[0.291s] Level 5:colcon.colcon_core.verb:set package 'qt' build argument 'catkin_skip_building_tests' from command line to 'False'
[0.291s] DEBUG:colcon.colcon_core.verb:Building package 'qt' with the following arguments: {'ament_cmake_args': None, 'build_base': '/home/jakeluo/Documents/MonitoringSystemRos2/src/build/qt', 'catkin_cmake_args': None, 'catkin_skip_building_tests': False, 'cmake_args': None, 'cmake_clean_cache': False, 'cmake_clean_first': False, 'cmake_force_configure': False, 'cmake_target': None, 'cmake_target_skip_unavailable': False, 'install_base': '/home/jakeluo/Documents/MonitoringSystemRos2/src/install/qt', 'merge_install': False, 'path': '/home/jakeluo/Documents/MonitoringSystemRos2/src/qt', 'symlink_install': False, 'test_result_base': None}
[0.291s] INFO:colcon.colcon_core.executor:Executing jobs using 'parallel' executor
[0.293s] DEBUG:colcon.colcon_parallel_executor.executor.parallel:run_until_complete
[0.293s] INFO:colcon.colcon_ros.task.ament_cmake.build:Building ROS package in '/home/jakeluo/Documents/MonitoringSystemRos2/src/droneinterfaces' with build type 'ament_cmake'
[0.294s] INFO:colcon.colcon_cmake.task.cmake.build:Building CMake package in '/home/jakeluo/Documents/MonitoringSystemRos2/src/droneinterfaces'
[0.297s] INFO:colcon.colcon_core.plugin_system:Skipping extension 'colcon_core.shell.bat': Not used on non-Windows systems
[0.297s] INFO:colcon.colcon_core.shell:Skip shell extension 'powershell' for command environment: Not usable outside of PowerShell
[0.297s] DEBUG:colcon.colcon_core.shell:Skip shell extension 'dsv' for command environment
[0.306s] DEBUG:colcon.colcon_core.event_handler.log_command:Invoking command in '/home/jakeluo/Documents/MonitoringSystemRos2/src/build/droneinterfaces': /usr/bin/cmake --build /home/jakeluo/Documents/MonitoringSystemRos2/src/build/droneinterfaces -- -j12 -l12
[4.015s] DEBUG:colcon.colcon_core.event_handler.log_command:Invoked command in '/home/jakeluo/Documents/MonitoringSystemRos2/src/build/droneinterfaces' returned '0': /usr/bin/cmake --build /home/jakeluo/Documents/MonitoringSystemRos2/src/build/droneinterfaces -- -j12 -l12
[4.152s] DEBUG:colcon.colcon_core.event_handler.log_command:Invoking command in '/home/jakeluo/Documents/MonitoringSystemRos2/src/build/droneinterfaces': /usr/bin/cmake --install /home/jakeluo/Documents/MonitoringSystemRos2/src/build/droneinterfaces
[4.255s] Level 1:colcon.colcon_core.environment:create_environment_scripts_only(droneinterfaces)
[4.255s] DEBUG:colcon.colcon_core.event_handler.log_command:Invoked command in '/home/jakeluo/Documents/MonitoringSystemRos2/src/build/droneinterfaces' returned '0': /usr/bin/cmake --install /home/jakeluo/Documents/MonitoringSystemRos2/src/build/droneinterfaces
[4.258s] Level 1:colcon.colcon_core.environment:checking '/home/jakeluo/Documents/MonitoringSystemRos2/src/install/droneinterfaces' for CMake module files
[4.258s] Level 1:colcon.colcon_core.environment:checking '/home/jakeluo/Documents/MonitoringSystemRos2/src/install/droneinterfaces' for CMake config files
[4.259s] Level 1:colcon.colcon_core.shell:create_environment_hook('droneinterfaces', 'cmake_prefix_path')
[4.259s] INFO:colcon.colcon_core.shell:Creating environment hook '/home/jakeluo/Documents/MonitoringSystemRos2/src/install/droneinterfaces/share/droneinterfaces/hook/cmake_prefix_path.ps1'
[4.260s] INFO:colcon.colcon_core.shell:Creating environment descriptor '/home/jakeluo/Documents/MonitoringSystemRos2/src/install/droneinterfaces/share/droneinterfaces/hook/cmake_prefix_path.dsv'
[4.260s] INFO:colcon.colcon_core.shell:Creating environment hook '/home/jakeluo/Documents/MonitoringSystemRos2/src/install/droneinterfaces/share/droneinterfaces/hook/cmake_prefix_path.sh'
[4.261s] Level 1:colcon.colcon_core.environment:checking '/home/jakeluo/Documents/MonitoringSystemRos2/src/install/droneinterfaces/lib'
[4.261s] Level 1:colcon.colcon_core.shell:create_environment_hook('droneinterfaces', 'ld_library_path_lib')
[4.261s] INFO:colcon.colcon_core.shell:Creating environment hook '/home/jakeluo/Documents/MonitoringSystemRos2/src/install/droneinterfaces/share/droneinterfaces/hook/ld_library_path_lib.ps1'
[4.261s] INFO:colcon.colcon_core.shell:Creating environment descriptor '/home/jakeluo/Documents/MonitoringSystemRos2/src/install/droneinterfaces/share/droneinterfaces/hook/ld_library_path_lib.dsv'
[4.262s] INFO:colcon.colcon_core.shell:Creating environment hook '/home/jakeluo/Documents/MonitoringSystemRos2/src/install/droneinterfaces/share/droneinterfaces/hook/ld_library_path_lib.sh'
[4.262s] Level 1:colcon.colcon_core.environment:checking '/home/jakeluo/Documents/MonitoringSystemRos2/src/install/droneinterfaces/bin'
[4.262s] Level 1:colcon.colcon_core.environment:checking '/home/jakeluo/Documents/MonitoringSystemRos2/src/install/droneinterfaces/lib/pkgconfig/droneinterfaces.pc'
[4.262s] Level 1:colcon.colcon_core.environment:checking '/home/jakeluo/Documents/MonitoringSystemRos2/src/install/droneinterfaces/lib/python3.8/site-packages'
[4.262s] Level 1:colcon.colcon_core.shell:create_environment_hook('droneinterfaces', 'pythonpath')
[4.263s] INFO:colcon.colcon_core.shell:Creating environment hook '/home/jakeluo/Documents/MonitoringSystemRos2/src/install/droneinterfaces/share/droneinterfaces/hook/pythonpath.ps1'
[4.263s] INFO:colcon.colcon_core.shell:Creating environment descriptor '/home/jakeluo/Documents/MonitoringSystemRos2/src/install/droneinterfaces/share/droneinterfaces/hook/pythonpath.dsv'
[4.263s] INFO:colcon.colcon_core.shell:Creating environment hook '/home/jakeluo/Documents/MonitoringSystemRos2/src/install/droneinterfaces/share/droneinterfaces/hook/pythonpath.sh'
[4.264s] INFO:colcon.colcon_core.shell:Creating package script '/home/jakeluo/Documents/MonitoringSystemRos2/src/install/droneinterfaces/share/droneinterfaces/package.ps1'
[4.265s] INFO:colcon.colcon_core.shell:Creating package descriptor '/home/jakeluo/Documents/MonitoringSystemRos2/src/install/droneinterfaces/share/droneinterfaces/package.dsv'
[4.265s] INFO:colcon.colcon_core.shell:Creating package script '/home/jakeluo/Documents/MonitoringSystemRos2/src/install/droneinterfaces/share/droneinterfaces/package.sh'
[4.266s] INFO:colcon.colcon_core.shell:Creating package script '/home/jakeluo/Documents/MonitoringSystemRos2/src/install/droneinterfaces/share/droneinterfaces/package.bash'
[4.266s] INFO:colcon.colcon_core.shell:Creating package script '/home/jakeluo/Documents/MonitoringSystemRos2/src/install/droneinterfaces/share/droneinterfaces/package.zsh'
[4.267s] Level 1:colcon.colcon_core.environment:create_file_with_runtime_dependencies(/home/jakeluo/Documents/MonitoringSystemRos2/src/install/droneinterfaces/share/colcon-core/packages/droneinterfaces)
[4.393s] Level 1:colcon.colcon_core.environment:create_environment_scripts_only(droneinterfaces)
[4.394s] Level 1:colcon.colcon_core.environment:checking '/home/jakeluo/Documents/MonitoringSystemRos2/src/install/droneinterfaces' for CMake module files
[4.395s] Level 1:colcon.colcon_core.environment:checking '/home/jakeluo/Documents/MonitoringSystemRos2/src/install/droneinterfaces' for CMake config files
[4.395s] Level 1:colcon.colcon_core.shell:create_environment_hook('droneinterfaces', 'cmake_prefix_path')
[4.396s] INFO:colcon.colcon_core.shell:Creating environment hook '/home/jakeluo/Documents/MonitoringSystemRos2/src/install/droneinterfaces/share/droneinterfaces/hook/cmake_prefix_path.ps1'
[4.396s] INFO:colcon.colcon_core.shell:Creating environment descriptor '/home/jakeluo/Documents/MonitoringSystemRos2/src/install/droneinterfaces/share/droneinterfaces/hook/cmake_prefix_path.dsv'
[4.397s] INFO:colcon.colcon_core.shell:Creating environment hook '/home/jakeluo/Documents/MonitoringSystemRos2/src/install/droneinterfaces/share/droneinterfaces/hook/cmake_prefix_path.sh'
[4.397s] Level 1:colcon.colcon_core.environment:checking '/home/jakeluo/Documents/MonitoringSystemRos2/src/install/droneinterfaces/lib'
[4.397s] Level 1:colcon.colcon_core.shell:create_environment_hook('droneinterfaces', 'ld_library_path_lib')
[4.398s] INFO:colcon.colcon_core.shell:Creating environment hook '/home/jakeluo/Documents/MonitoringSystemRos2/src/install/droneinterfaces/share/droneinterfaces/hook/ld_library_path_lib.ps1'
[4.398s] INFO:colcon.colcon_core.shell:Creating environment descriptor '/home/jakeluo/Documents/MonitoringSystemRos2/src/install/droneinterfaces/share/droneinterfaces/hook/ld_library_path_lib.dsv'
[4.398s] INFO:colcon.colcon_core.shell:Creating environment hook '/home/jakeluo/Documents/MonitoringSystemRos2/src/install/droneinterfaces/share/droneinterfaces/hook/ld_library_path_lib.sh'
[4.399s] Level 1:colcon.colcon_core.environment:checking '/home/jakeluo/Documents/MonitoringSystemRos2/src/install/droneinterfaces/bin'
[4.399s] Level 1:colcon.colcon_core.environment:checking '/home/jakeluo/Documents/MonitoringSystemRos2/src/install/droneinterfaces/lib/pkgconfig/droneinterfaces.pc'
[4.399s] Level 1:colcon.colcon_core.environment:checking '/home/jakeluo/Documents/MonitoringSystemRos2/src/install/droneinterfaces/lib/python3.8/site-packages'
[4.399s] Level 1:colcon.colcon_core.shell:create_environment_hook('droneinterfaces', 'pythonpath')
[4.399s] INFO:colcon.colcon_core.shell:Creating environment hook '/home/jakeluo/Documents/MonitoringSystemRos2/src/install/droneinterfaces/share/droneinterfaces/hook/pythonpath.ps1'
[4.400s] INFO:colcon.colcon_core.shell:Creating environment descriptor '/home/jakeluo/Documents/MonitoringSystemRos2/src/install/droneinterfaces/share/droneinterfaces/hook/pythonpath.dsv'
[4.400s] INFO:colcon.colcon_core.shell:Creating environment hook '/home/jakeluo/Documents/MonitoringSystemRos2/src/install/droneinterfaces/share/droneinterfaces/hook/pythonpath.sh'
[4.401s] INFO:colcon.colcon_core.shell:Creating package script '/home/jakeluo/Documents/MonitoringSystemRos2/src/install/droneinterfaces/share/droneinterfaces/package.ps1'
[4.402s] INFO:colcon.colcon_core.shell:Creating package descriptor '/home/jakeluo/Documents/MonitoringSystemRos2/src/install/droneinterfaces/share/droneinterfaces/package.dsv'
[4.402s] INFO:colcon.colcon_core.shell:Creating package script '/home/jakeluo/Documents/MonitoringSystemRos2/src/install/droneinterfaces/share/droneinterfaces/package.sh'
[4.402s] INFO:colcon.colcon_core.shell:Creating package script '/home/jakeluo/Documents/MonitoringSystemRos2/src/install/droneinterfaces/share/droneinterfaces/package.bash'
[4.403s] INFO:colcon.colcon_core.shell:Creating package script '/home/jakeluo/Documents/MonitoringSystemRos2/src/install/droneinterfaces/share/droneinterfaces/package.zsh'
[4.403s] Level 1:colcon.colcon_core.environment:create_file_with_runtime_dependencies(/home/jakeluo/Documents/MonitoringSystemRos2/src/install/droneinterfaces/share/colcon-core/packages/droneinterfaces)
[4.403s] INFO:colcon.colcon_ros.task.ament_cmake.build:Building ROS package in '/home/jakeluo/Documents/MonitoringSystemRos2/src/droneutility' with build type 'ament_cmake'
[4.404s] INFO:colcon.colcon_cmake.task.cmake.build:Building CMake package in '/home/jakeluo/Documents/MonitoringSystemRos2/src/droneutility'
[4.404s] INFO:colcon.colcon_core.shell:Skip shell extension 'powershell' for command environment: Not usable outside of PowerShell
[4.404s] DEBUG:colcon.colcon_core.shell:Skip shell extension 'dsv' for command environment
[4.408s] INFO:colcon.colcon_ros.task.ament_python.build:Building ROS package in '/home/jakeluo/Documents/MonitoringSystemRos2/src/humandetection' with build type 'ament_python'
[4.409s] Level 1:colcon.colcon_core.shell:create_environment_hook('humandetection', 'ament_prefix_path')
[4.410s] INFO:colcon.colcon_core.shell:Creating environment hook '/home/jakeluo/Documents/MonitoringSystemRos2/src/install/humandetection/share/humandetection/hook/ament_prefix_path.ps1'
[4.411s] INFO:colcon.colcon_core.shell:Creating environment descriptor '/home/jakeluo/Documents/MonitoringSystemRos2/src/install/humandetection/share/humandetection/hook/ament_prefix_path.dsv'
[4.411s] INFO:colcon.colcon_core.shell:Creating environment hook '/home/jakeluo/Documents/MonitoringSystemRos2/src/install/humandetection/share/humandetection/hook/ament_prefix_path.sh'
[4.412s] INFO:colcon.colcon_core.shell:Skip shell extension 'powershell' for command environment: Not usable outside of PowerShell
[4.413s] DEBUG:colcon.colcon_core.shell:Skip shell extension 'dsv' for command environment
[4.417s] INFO:colcon.colcon_ros.task.ament_cmake.build:Building ROS package in '/home/jakeluo/Documents/MonitoringSystemRos2/src/positioning' with build type 'ament_cmake'
[4.418s] INFO:colcon.colcon_cmake.task.cmake.build:Building CMake package in '/home/jakeluo/Documents/MonitoringSystemRos2/src/positioning'
[4.419s] INFO:colcon.colcon_core.shell:Skip shell extension 'powershell' for command environment: Not usable outside of PowerShell
[4.419s] DEBUG:colcon.colcon_core.shell:Skip shell extension 'dsv' for command environment
[4.423s] INFO:colcon.colcon_ros.task.ament_cmake.build:Building ROS package in '/home/jakeluo/Documents/MonitoringSystemRos2/src/qt' with build type 'ament_cmake'
[4.424s] INFO:colcon.colcon_cmake.task.cmake.build:Building CMake package in '/home/jakeluo/Documents/MonitoringSystemRos2/src/qt'
[4.425s] INFO:colcon.colcon_core.shell:Skip shell extension 'powershell' for command environment: Not usable outside of PowerShell
[4.425s] DEBUG:colcon.colcon_core.shell:Skip shell extension 'dsv' for command environment
[4.436s] DEBUG:colcon.colcon_core.event_handler.log_command:Invoking command in '/home/jakeluo/Documents/MonitoringSystemRos2/src/build/droneutility': AMENT_PREFIX_PATH=/home/jakeluo/Documents/MonitoringSystemRos2/src/install/droneinterfaces CMAKE_PREFIX_PATH=/home/jakeluo/Documents/MonitoringSystemRos2/src/install/droneinterfaces LD_LIBRARY_PATH=/home/jakeluo/Documents/MonitoringSystemRos2/src/install/droneinterfaces/lib${LD_LIBRARY_PATH} PYTHONPATH=/home/jakeluo/Documents/MonitoringSystemRos2/src/install/droneinterfaces/lib/python3.8/site-packages /usr/bin/cmake --build /home/jakeluo/Documents/MonitoringSystemRos2/src/build/droneutility -- -j12 -l12
[4.679s] INFO:colcon.colcon_core.task.python.build:Building Python package in '/home/jakeluo/Documents/MonitoringSystemRos2/src/humandetection'
[4.680s] INFO:colcon.colcon_core.shell:Skip shell extension 'powershell' for command environment: Not usable outside of PowerShell
[4.681s] DEBUG:colcon.colcon_core.shell:Skip shell extension 'dsv' for command environment
[4.688s] DEBUG:colcon.colcon_core.event_handler.log_command:Invoking command in '/home/jakeluo/Documents/MonitoringSystemRos2/src/build/positioning': AMENT_PREFIX_PATH=/home/jakeluo/Documents/MonitoringSystemRos2/src/install/droneinterfaces CMAKE_PREFIX_PATH=/home/jakeluo/Documents/MonitoringSystemRos2/src/install/droneinterfaces LD_LIBRARY_PATH=/home/jakeluo/Documents/MonitoringSystemRos2/src/install/droneinterfaces/lib${LD_LIBRARY_PATH} PYTHONPATH=/home/jakeluo/Documents/MonitoringSystemRos2/src/install/droneinterfaces/lib/python3.8/site-packages /usr/bin/cmake --build /home/jakeluo/Documents/MonitoringSystemRos2/src/build/positioning -- -j12 -l12
[4.691s] DEBUG:colcon.colcon_core.event_handler.log_command:Invoked command in '/home/jakeluo/Documents/MonitoringSystemRos2/src/build/droneutility' returned '0': AMENT_PREFIX_PATH=/home/jakeluo/Documents/MonitoringSystemRos2/src/install/droneinterfaces CMAKE_PREFIX_PATH=/home/jakeluo/Documents/MonitoringSystemRos2/src/install/droneinterfaces LD_LIBRARY_PATH=/home/jakeluo/Documents/MonitoringSystemRos2/src/install/droneinterfaces/lib${LD_LIBRARY_PATH} PYTHONPATH=/home/jakeluo/Documents/MonitoringSystemRos2/src/install/droneinterfaces/lib/python3.8/site-packages /usr/bin/cmake --build /home/jakeluo/Documents/MonitoringSystemRos2/src/build/droneutility -- -j12 -l12
[4.698s] DEBUG:colcon.colcon_core.event_handler.log_command:Invoking command in '/home/jakeluo/Documents/MonitoringSystemRos2/src/build/qt': AMENT_PREFIX_PATH=/home/jakeluo/Documents/MonitoringSystemRos2/src/install/droneinterfaces CMAKE_PREFIX_PATH=/home/jakeluo/Documents/MonitoringSystemRos2/src/install/droneinterfaces LD_LIBRARY_PATH=/home/jakeluo/Documents/MonitoringSystemRos2/src/install/droneinterfaces/lib${LD_LIBRARY_PATH} PYTHONPATH=/home/jakeluo/Documents/MonitoringSystemRos2/src/install/droneinterfaces/lib/python3.8/site-packages /usr/bin/cmake --build /home/jakeluo/Documents/MonitoringSystemRos2/src/build/qt -- -j12 -l12
[4.703s] DEBUG:colcon.colcon_core.event_handler.log_command:Invoking command in '/home/jakeluo/Documents/MonitoringSystemRos2/src/humandetection': AMENT_PREFIX_PATH=/home/jakeluo/Documents/MonitoringSystemRos2/src/install/droneinterfaces CMAKE_PREFIX_PATH=/home/jakeluo/Documents/MonitoringSystemRos2/src/install/droneinterfaces LD_LIBRARY_PATH=/home/jakeluo/Documents/MonitoringSystemRos2/src/install/droneinterfaces/lib${LD_LIBRARY_PATH} PYTHONPATH=/home/jakeluo/Documents/MonitoringSystemRos2/src/install/humandetection/lib/python3.8/site-packages:/home/jakeluo/Documents/MonitoringSystemRos2/src/install/droneinterfaces/lib/python3.8/site-packages /usr/bin/python3 setup.py egg_info --egg-base ../build/humandetection build --build-base /home/jakeluo/Documents/MonitoringSystemRos2/src/build/humandetection/build install --prefix /home/jakeluo/Documents/MonitoringSystemRos2/src/install/humandetection --record /home/jakeluo/Documents/MonitoringSystemRos2/src/build/humandetection/install.log --single-version-externally-managed
[4.714s] DEBUG:colcon.colcon_core.event_handler.log_command:Invoking command in '/home/jakeluo/Documents/MonitoringSystemRos2/src/build/droneutility': AMENT_PREFIX_PATH=/home/jakeluo/Documents/MonitoringSystemRos2/src/install/droneinterfaces CMAKE_PREFIX_PATH=/home/jakeluo/Documents/MonitoringSystemRos2/src/install/droneinterfaces LD_LIBRARY_PATH=/home/jakeluo/Documents/MonitoringSystemRos2/src/install/droneinterfaces/lib${LD_LIBRARY_PATH} PYTHONPATH=/home/jakeluo/Documents/MonitoringSystemRos2/src/install/droneinterfaces/lib/python3.8/site-packages /usr/bin/cmake --install /home/jakeluo/Documents/MonitoringSystemRos2/src/build/droneutility
[4.738s] Level 1:colcon.colcon_core.environment:create_environment_scripts_only(droneutility)
[4.740s] Level 1:colcon.colcon_core.environment:checking '/home/jakeluo/Documents/MonitoringSystemRos2/src/install/droneutility' for CMake module files
[4.740s] DEBUG:colcon.colcon_core.event_handler.log_command:Invoked command in '/home/jakeluo/Documents/MonitoringSystemRos2/src/build/droneutility' returned '0': AMENT_PREFIX_PATH=/home/jakeluo/Documents/MonitoringSystemRos2/src/install/droneinterfaces CMAKE_PREFIX_PATH=/home/jakeluo/Documents/MonitoringSystemRos2/src/install/droneinterfaces LD_LIBRARY_PATH=/home/jakeluo/Documents/MonitoringSystemRos2/src/install/droneinterfaces/lib${LD_LIBRARY_PATH} PYTHONPATH=/home/jakeluo/Documents/MonitoringSystemRos2/src/install/droneinterfaces/lib/python3.8/site-packages /usr/bin/cmake --install /home/jakeluo/Documents/MonitoringSystemRos2/src/build/droneutility
[4.741s] Level 1:colcon.colcon_core.environment:checking '/home/jakeluo/Documents/MonitoringSystemRos2/src/install/droneutility' for CMake config files
[4.741s] Level 1:colcon.colcon_core.shell:create_environment_hook('droneutility', 'cmake_prefix_path')
[4.741s] INFO:colcon.colcon_core.shell:Creating environment hook '/home/jakeluo/Documents/MonitoringSystemRos2/src/install/droneutility/share/droneutility/hook/cmake_prefix_path.ps1'
[4.742s] INFO:colcon.colcon_core.shell:Creating environment descriptor '/home/jakeluo/Documents/MonitoringSystemRos2/src/install/droneutility/share/droneutility/hook/cmake_prefix_path.dsv'
[4.742s] INFO:colcon.colcon_core.shell:Creating environment hook '/home/jakeluo/Documents/MonitoringSystemRos2/src/install/droneutility/share/droneutility/hook/cmake_prefix_path.sh'
[4.742s] Level 1:colcon.colcon_core.environment:checking '/home/jakeluo/Documents/MonitoringSystemRos2/src/install/droneutility/lib'
[4.743s] Level 1:colcon.colcon_core.environment:checking '/home/jakeluo/Documents/MonitoringSystemRos2/src/install/droneutility/bin'
[4.743s] Level 1:colcon.colcon_core.environment:checking '/home/jakeluo/Documents/MonitoringSystemRos2/src/install/droneutility/lib/pkgconfig/droneutility.pc'
[4.743s] Level 1:colcon.colcon_core.environment:checking '/home/jakeluo/Documents/MonitoringSystemRos2/src/install/droneutility/lib/python3.8/site-packages'
[4.743s] INFO:colcon.colcon_core.shell:Creating package script '/home/jakeluo/Documents/MonitoringSystemRos2/src/install/droneutility/share/droneutility/package.ps1'
[4.744s] INFO:colcon.colcon_core.shell:Creating package descriptor '/home/jakeluo/Documents/MonitoringSystemRos2/src/install/droneutility/share/droneutility/package.dsv'
[4.744s] INFO:colcon.colcon_core.shell:Creating package script '/home/jakeluo/Documents/MonitoringSystemRos2/src/install/droneutility/share/droneutility/package.sh'
[4.745s] INFO:colcon.colcon_core.shell:Creating package script '/home/jakeluo/Documents/MonitoringSystemRos2/src/install/droneutility/share/droneutility/package.bash'
[4.745s] INFO:colcon.colcon_core.shell:Creating package script '/home/jakeluo/Documents/MonitoringSystemRos2/src/install/droneutility/share/droneutility/package.zsh'
[4.745s] Level 1:colcon.colcon_core.environment:create_file_with_runtime_dependencies(/home/jakeluo/Documents/MonitoringSystemRos2/src/install/droneutility/share/colcon-core/packages/droneutility)
[4.761s] DEBUG:colcon.colcon_core.event_handler.log_command:Invoked command in '/home/jakeluo/Documents/MonitoringSystemRos2/src/build/positioning' returned '0': AMENT_PREFIX_PATH=/home/jakeluo/Documents/MonitoringSystemRos2/src/install/droneinterfaces CMAKE_PREFIX_PATH=/home/jakeluo/Documents/MonitoringSystemRos2/src/install/droneinterfaces LD_LIBRARY_PATH=/home/jakeluo/Documents/MonitoringSystemRos2/src/install/droneinterfaces/lib${LD_LIBRARY_PATH} PYTHONPATH=/home/jakeluo/Documents/MonitoringSystemRos2/src/install/droneinterfaces/lib/python3.8/site-packages /usr/bin/cmake --build /home/jakeluo/Documents/MonitoringSystemRos2/src/build/positioning -- -j12 -l12
[4.768s] Level 1:colcon.colcon_core.environment:create_environment_scripts_only(droneutility)
[4.769s] Level 1:colcon.colcon_core.environment:checking '/home/jakeluo/Documents/MonitoringSystemRos2/src/install/droneutility' for CMake module files
[4.770s] Level 1:colcon.colcon_core.environment:checking '/home/jakeluo/Documents/MonitoringSystemRos2/src/install/droneutility' for CMake config files
[4.770s] Level 1:colcon.colcon_core.shell:create_environment_hook('droneutility', 'cmake_prefix_path')
[4.770s] INFO:colcon.colcon_core.shell:Creating environment hook '/home/jakeluo/Documents/MonitoringSystemRos2/src/install/droneutility/share/droneutility/hook/cmake_prefix_path.ps1'
[4.771s] INFO:colcon.colcon_core.shell:Creating environment descriptor '/home/jakeluo/Documents/MonitoringSystemRos2/src/install/droneutility/share/droneutility/hook/cmake_prefix_path.dsv'
[4.771s] INFO:colcon.colcon_core.shell:Creating environment hook '/home/jakeluo/Documents/MonitoringSystemRos2/src/install/droneutility/share/droneutility/hook/cmake_prefix_path.sh'
[4.772s] Level 1:colcon.colcon_core.environment:checking '/home/jakeluo/Documents/MonitoringSystemRos2/src/install/droneutility/lib'
[4.772s] Level 1:colcon.colcon_core.environment:checking '/home/jakeluo/Documents/MonitoringSystemRos2/src/install/droneutility/bin'
[4.772s] Level 1:colcon.colcon_core.environment:checking '/home/jakeluo/Documents/MonitoringSystemRos2/src/install/droneutility/lib/pkgconfig/droneutility.pc'
[4.772s] Level 1:colcon.colcon_core.environment:checking '/home/jakeluo/Documents/MonitoringSystemRos2/src/install/droneutility/lib/python3.8/site-packages'
[4.773s] INFO:colcon.colcon_core.shell:Creating package script '/home/jakeluo/Documents/MonitoringSystemRos2/src/install/droneutility/share/droneutility/package.ps1'
[4.773s] INFO:colcon.colcon_core.shell:Creating package descriptor '/home/jakeluo/Documents/MonitoringSystemRos2/src/install/droneutility/share/droneutility/package.dsv'
[4.773s] INFO:colcon.colcon_core.shell:Creating package script '/home/jakeluo/Documents/MonitoringSystemRos2/src/install/droneutility/share/droneutility/package.sh'
[4.774s] INFO:colcon.colcon_core.shell:Creating package script '/home/jakeluo/Documents/MonitoringSystemRos2/src/install/droneutility/share/droneutility/package.bash'
[4.774s] INFO:colcon.colcon_core.shell:Creating package script '/home/jakeluo/Documents/MonitoringSystemRos2/src/install/droneutility/share/droneutility/package.zsh'
[4.774s] Level 1:colcon.colcon_core.environment:create_file_with_runtime_dependencies(/home/jakeluo/Documents/MonitoringSystemRos2/src/install/droneutility/share/colcon-core/packages/droneutility)
[4.784s] DEBUG:colcon.colcon_core.event_handler.log_command:Invoking command in '/home/jakeluo/Documents/MonitoringSystemRos2/src/build/positioning': AMENT_PREFIX_PATH=/home/jakeluo/Documents/MonitoringSystemRos2/src/install/droneinterfaces CMAKE_PREFIX_PATH=/home/jakeluo/Documents/MonitoringSystemRos2/src/install/droneinterfaces LD_LIBRARY_PATH=/home/jakeluo/Documents/MonitoringSystemRos2/src/install/droneinterfaces/lib${LD_LIBRARY_PATH} PYTHONPATH=/home/jakeluo/Documents/MonitoringSystemRos2/src/install/droneinterfaces/lib/python3.8/site-packages /usr/bin/cmake --install /home/jakeluo/Documents/MonitoringSystemRos2/src/build/positioning
[4.805s] Level 1:colcon.colcon_core.environment:create_environment_scripts_only(positioning)
[4.806s] Level 1:colcon.colcon_core.environment:checking '/home/jakeluo/Documents/MonitoringSystemRos2/src/install/positioning' for CMake module files
[4.807s] DEBUG:colcon.colcon_core.event_handler.log_command:Invoked command in '/home/jakeluo/Documents/MonitoringSystemRos2/src/build/positioning' returned '0': AMENT_PREFIX_PATH=/home/jakeluo/Documents/MonitoringSystemRos2/src/install/droneinterfaces CMAKE_PREFIX_PATH=/home/jakeluo/Documents/MonitoringSystemRos2/src/install/droneinterfaces LD_LIBRARY_PATH=/home/jakeluo/Documents/MonitoringSystemRos2/src/install/droneinterfaces/lib${LD_LIBRARY_PATH} PYTHONPATH=/home/jakeluo/Documents/MonitoringSystemRos2/src/install/droneinterfaces/lib/python3.8/site-packages /usr/bin/cmake --install /home/jakeluo/Documents/MonitoringSystemRos2/src/build/positioning
[4.807s] Level 1:colcon.colcon_core.environment:checking '/home/jakeluo/Documents/MonitoringSystemRos2/src/install/positioning' for CMake config files
[4.807s] Level 1:colcon.colcon_core.shell:create_environment_hook('positioning', 'cmake_prefix_path')
[4.808s] INFO:colcon.colcon_core.shell:Creating environment hook '/home/jakeluo/Documents/MonitoringSystemRos2/src/install/positioning/share/positioning/hook/cmake_prefix_path.ps1'
[4.809s] INFO:colcon.colcon_core.shell:Creating environment descriptor '/home/jakeluo/Documents/MonitoringSystemRos2/src/install/positioning/share/positioning/hook/cmake_prefix_path.dsv'
[4.809s] INFO:colcon.colcon_core.shell:Creating environment hook '/home/jakeluo/Documents/MonitoringSystemRos2/src/install/positioning/share/positioning/hook/cmake_prefix_path.sh'
[4.809s] Level 1:colcon.colcon_core.environment:checking '/home/jakeluo/Documents/MonitoringSystemRos2/src/install/positioning/lib'
[4.809s] Level 1:colcon.colcon_core.environment:checking '/home/jakeluo/Documents/MonitoringSystemRos2/src/install/positioning/bin'
[4.810s] Level 1:colcon.colcon_core.environment:checking '/home/jakeluo/Documents/MonitoringSystemRos2/src/install/positioning/lib/pkgconfig/positioning.pc'
[4.810s] Level 1:colcon.colcon_core.environment:checking '/home/jakeluo/Documents/MonitoringSystemRos2/src/install/positioning/lib/python3.8/site-packages'
[4.810s] INFO:colcon.colcon_core.shell:Creating package script '/home/jakeluo/Documents/MonitoringSystemRos2/src/install/positioning/share/positioning/package.ps1'
[4.811s] INFO:colcon.colcon_core.shell:Creating package descriptor '/home/jakeluo/Documents/MonitoringSystemRos2/src/install/positioning/share/positioning/package.dsv'
[4.811s] INFO:colcon.colcon_core.shell:Creating package script '/home/jakeluo/Documents/MonitoringSystemRos2/src/install/positioning/share/positioning/package.sh'
[4.812s] INFO:colcon.colcon_core.shell:Creating package script '/home/jakeluo/Documents/MonitoringSystemRos2/src/install/positioning/share/positioning/package.bash'
[4.812s] INFO:colcon.colcon_core.shell:Creating package script '/home/jakeluo/Documents/MonitoringSystemRos2/src/install/positioning/share/positioning/package.zsh'
[4.813s] Level 1:colcon.colcon_core.environment:create_file_with_runtime_dependencies(/home/jakeluo/Documents/MonitoringSystemRos2/src/install/positioning/share/colcon-core/packages/positioning)
[4.833s] Level 1:colcon.colcon_core.environment:create_environment_scripts_only(positioning)
[4.834s] Level 1:colcon.colcon_core.environment:checking '/home/jakeluo/Documents/MonitoringSystemRos2/src/install/positioning' for CMake module files
[4.835s] Level 1:colcon.colcon_core.environment:checking '/home/jakeluo/Documents/MonitoringSystemRos2/src/install/positioning' for CMake config files
[4.835s] Level 1:colcon.colcon_core.shell:create_environment_hook('positioning', 'cmake_prefix_path')
[4.835s] INFO:colcon.colcon_core.shell:Creating environment hook '/home/jakeluo/Documents/MonitoringSystemRos2/src/install/positioning/share/positioning/hook/cmake_prefix_path.ps1'
[4.836s] INFO:colcon.colcon_core.shell:Creating environment descriptor '/home/jakeluo/Documents/MonitoringSystemRos2/src/install/positioning/share/positioning/hook/cmake_prefix_path.dsv'
[4.836s] INFO:colcon.colcon_core.shell:Creating environment hook '/home/jakeluo/Documents/MonitoringSystemRos2/src/install/positioning/share/positioning/hook/cmake_prefix_path.sh'
[4.837s] Level 1:colcon.colcon_core.environment:checking '/home/jakeluo/Documents/MonitoringSystemRos2/src/install/positioning/lib'
[4.837s] Level 1:colcon.colcon_core.environment:checking '/home/jakeluo/Documents/MonitoringSystemRos2/src/install/positioning/bin'
[4.837s] Level 1:colcon.colcon_core.environment:checking '/home/jakeluo/Documents/MonitoringSystemRos2/src/install/positioning/lib/pkgconfig/positioning.pc'
[4.837s] Level 1:colcon.colcon_core.environment:checking '/home/jakeluo/Documents/MonitoringSystemRos2/src/install/positioning/lib/python3.8/site-packages'
[4.838s] INFO:colcon.colcon_core.shell:Creating package script '/home/jakeluo/Documents/MonitoringSystemRos2/src/install/positioning/share/positioning/package.ps1'
[4.838s] INFO:colcon.colcon_core.shell:Creating package descriptor '/home/jakeluo/Documents/MonitoringSystemRos2/src/install/positioning/share/positioning/package.dsv'
[4.838s] INFO:colcon.colcon_core.shell:Creating package script '/home/jakeluo/Documents/MonitoringSystemRos2/src/install/positioning/share/positioning/package.sh'
[4.839s] INFO:colcon.colcon_core.shell:Creating package script '/home/jakeluo/Documents/MonitoringSystemRos2/src/install/positioning/share/positioning/package.bash'
[4.839s] INFO:colcon.colcon_core.shell:Creating package script '/home/jakeluo/Documents/MonitoringSystemRos2/src/install/positioning/share/positioning/package.zsh'
[4.839s] Level 1:colcon.colcon_core.environment:create_file_with_runtime_dependencies(/home/jakeluo/Documents/MonitoringSystemRos2/src/install/positioning/share/colcon-core/packages/positioning)
[4.962s] DEBUG:colcon.colcon_core.event_handler.log_command:Invoked command in '/home/jakeluo/Documents/MonitoringSystemRos2/src/build/qt' returned '2': AMENT_PREFIX_PATH=/home/jakeluo/Documents/MonitoringSystemRos2/src/install/droneinterfaces CMAKE_PREFIX_PATH=/home/jakeluo/Documents/MonitoringSystemRos2/src/install/droneinterfaces LD_LIBRARY_PATH=/home/jakeluo/Documents/MonitoringSystemRos2/src/install/droneinterfaces/lib${LD_LIBRARY_PATH} PYTHONPATH=/home/jakeluo/Documents/MonitoringSystemRos2/src/install/droneinterfaces/lib/python3.8/site-packages /usr/bin/cmake --build /home/jakeluo/Documents/MonitoringSystemRos2/src/build/qt -- -j12 -l12
[4.987s] Level 1:colcon.colcon_core.environment:create_environment_scripts_only(qt)
[4.988s] Level 1:colcon.colcon_core.environment:checking '/home/jakeluo/Documents/MonitoringSystemRos2/src/install/qt' for CMake module files
[4.990s] Level 1:colcon.colcon_core.environment:checking '/home/jakeluo/Documents/MonitoringSystemRos2/src/install/qt' for CMake config files
[4.990s] Level 1:colcon.colcon_core.shell:create_environment_hook('qt', 'cmake_prefix_path')
[4.991s] INFO:colcon.colcon_core.shell:Creating environment hook '/home/jakeluo/Documents/MonitoringSystemRos2/src/install/qt/share/qt/hook/cmake_prefix_path.ps1'
[4.992s] INFO:colcon.colcon_core.shell:Creating environment descriptor '/home/jakeluo/Documents/MonitoringSystemRos2/src/install/qt/share/qt/hook/cmake_prefix_path.dsv'
[4.992s] INFO:colcon.colcon_core.shell:Creating environment hook '/home/jakeluo/Documents/MonitoringSystemRos2/src/install/qt/share/qt/hook/cmake_prefix_path.sh'
[4.993s] Level 1:colcon.colcon_core.environment:checking '/home/jakeluo/Documents/MonitoringSystemRos2/src/install/qt/lib'
[4.993s] Level 1:colcon.colcon_core.environment:checking '/home/jakeluo/Documents/MonitoringSystemRos2/src/install/qt/bin'
[4.993s] Level 1:colcon.colcon_core.environment:checking '/home/jakeluo/Documents/MonitoringSystemRos2/src/install/qt/lib/pkgconfig/qt.pc'
[4.993s] Level 1:colcon.colcon_core.environment:checking '/home/jakeluo/Documents/MonitoringSystemRos2/src/install/qt/lib/python3.8/site-packages'
[4.995s] INFO:colcon.colcon_core.shell:Creating package script '/home/jakeluo/Documents/MonitoringSystemRos2/src/install/qt/share/qt/package.ps1'
[4.995s] INFO:colcon.colcon_core.shell:Creating package descriptor '/home/jakeluo/Documents/MonitoringSystemRos2/src/install/qt/share/qt/package.dsv'
[4.996s] INFO:colcon.colcon_core.shell:Creating package script '/home/jakeluo/Documents/MonitoringSystemRos2/src/install/qt/share/qt/package.sh'
[4.996s] INFO:colcon.colcon_core.shell:Creating package script '/home/jakeluo/Documents/MonitoringSystemRos2/src/install/qt/share/qt/package.bash'
[4.997s] INFO:colcon.colcon_core.shell:Creating package script '/home/jakeluo/Documents/MonitoringSystemRos2/src/install/qt/share/qt/package.zsh'
[4.998s] Level 1:colcon.colcon_core.environment:create_file_with_runtime_dependencies(/home/jakeluo/Documents/MonitoringSystemRos2/src/install/qt/share/colcon-core/packages/qt)
[8.484s] DEBUG:colcon.colcon_parallel_executor.executor.parallel:closing loop
[8.484s] DEBUG:colcon.colcon_parallel_executor.executor.parallel:loop closed
[8.484s] DEBUG:colcon.colcon_parallel_executor.executor.parallel:run_until_complete finished with '2'
[8.484s] DEBUG:colcon.colcon_core.event_reactor:joining thread
[8.489s] INFO:colcon.colcon_core.plugin_system:Skipping extension 'colcon_notification.desktop_notification.terminal_notifier': Not used on non-Darwin systems
[8.489s] INFO:colcon.colcon_core.plugin_system:Skipping extension 'colcon_notification.desktop_notification.win32': Not used on non-Windows systems
[8.489s] INFO:colcon.colcon_notification.desktop_notification:Sending desktop notification using 'notify2'
[8.501s] DEBUG:colcon.colcon_core.event_reactor:joined thread
[8.501s] INFO:colcon.colcon_core.shell:Creating prefix script '/home/jakeluo/Documents/MonitoringSystemRos2/src/install/local_setup.ps1'
[8.502s] INFO:colcon.colcon_core.shell:Creating prefix util module '/home/jakeluo/Documents/MonitoringSystemRos2/src/install/_local_setup_util_ps1.py'
[8.503s] INFO:colcon.colcon_core.shell:Creating prefix chain script '/home/jakeluo/Documents/MonitoringSystemRos2/src/install/setup.ps1'
[8.505s] INFO:colcon.colcon_core.shell:Creating prefix script '/home/jakeluo/Documents/MonitoringSystemRos2/src/install/local_setup.sh'
[8.505s] INFO:colcon.colcon_core.shell:Creating prefix util module '/home/jakeluo/Documents/MonitoringSystemRos2/src/install/_local_setup_util_sh.py'
[8.506s] INFO:colcon.colcon_core.shell:Creating prefix chain script '/home/jakeluo/Documents/MonitoringSystemRos2/src/install/setup.sh'
[8.507s] INFO:colcon.colcon_core.shell:Creating prefix script '/home/jakeluo/Documents/MonitoringSystemRos2/src/install/local_setup.bash'
[8.508s] INFO:colcon.colcon_core.shell:Creating prefix chain script '/home/jakeluo/Documents/MonitoringSystemRos2/src/install/setup.bash'
[8.509s] INFO:colcon.colcon_core.shell:Creating prefix script '/home/jakeluo/Documents/MonitoringSystemRos2/src/install/local_setup.zsh'
[8.510s] INFO:colcon.colcon_core.shell:Creating prefix chain script '/home/jakeluo/Documents/MonitoringSystemRos2/src/install/setup.zsh'
