[0.259s] Invoking command in '/home/jakeluo/Documents/MonitoringSystemRos2/src/build/positioning': AMENT_PREFIX_PATH=/home/jakeluo/Documents/MonitoringSystemRos2/src/install/droneinterfaces CMAKE_PREFIX_PATH=/home/jakeluo/Documents/MonitoringSystemRos2/src/install/droneinterfaces LD_LIBRARY_PATH=/home/jakeluo/Documents/MonitoringSystemRos2/src/install/droneinterfaces/lib${LD_LIBRARY_PATH} PYTHONPATH=/home/jakeluo/Documents/MonitoringSystemRos2/src/install/droneinterfaces/lib/python3.8/site-packages /usr/bin/cmake --build /home/jakeluo/Documents/MonitoringSystemRos2/src/build/positioning -- -j12 -l12
[0.317s] [100%] Built target positioning
[0.327s] Invoked command in '/home/jakeluo/Documents/MonitoringSystemRos2/src/build/positioning' returned '0': AMENT_PREFIX_PATH=/home/jakeluo/Documents/MonitoringSystemRos2/src/install/droneinterfaces CMAKE_PREFIX_PATH=/home/jakeluo/Documents/MonitoringSystemRos2/src/install/droneinterfaces LD_LIBRARY_PATH=/home/jakeluo/Documents/MonitoringSystemRos2/src/install/droneinterfaces/lib${LD_LIBRARY_PATH} PYTHONPATH=/home/jakeluo/Documents/MonitoringSystemRos2/src/install/droneinterfaces/lib/python3.8/site-packages /usr/bin/cmake --build /home/jakeluo/Documents/MonitoringSystemRos2/src/build/positioning -- -j12 -l12
[0.352s] Invoking command in '/home/jakeluo/Documents/MonitoringSystemRos2/src/build/positioning': AMENT_PREFIX_PATH=/home/jakeluo/Documents/MonitoringSystemRos2/src/install/droneinterfaces CMAKE_PREFIX_PATH=/home/jakeluo/Documents/MonitoringSystemRos2/src/install/droneinterfaces LD_LIBRARY_PATH=/home/jakeluo/Documents/MonitoringSystemRos2/src/install/droneinterfaces/lib${LD_LIBRARY_PATH} PYTHONPATH=/home/jakeluo/Documents/MonitoringSystemRos2/src/install/droneinterfaces/lib/python3.8/site-packages /usr/bin/cmake --install /home/jakeluo/Documents/MonitoringSystemRos2/src/build/positioning
[0.358s] -- Install configuration: "RelWithDebInfo"
[0.359s] -- Execute custom install script
[0.359s] -- Up-to-date symlink: /home/jakeluo/Documents/MonitoringSystemRos2/src/install/positioning/lib/positioning/positioning
[0.360s] -- Up-to-date symlink: /home/jakeluo/Documents/MonitoringSystemRos2/src/install/positioning/share/ament_index/resource_index/package_run_dependencies/positioning
[0.360s] -- Up-to-date symlink: /home/jakeluo/Documents/MonitoringSystemRos2/src/install/positioning/share/ament_index/resource_index/parent_prefix_path/positioning
[0.360s] -- Up-to-date symlink: /home/jakeluo/Documents/MonitoringSystemRos2/src/install/positioning/share/positioning/environment/ament_prefix_path.sh
[0.361s] -- Up-to-date symlink: /home/jakeluo/Documents/MonitoringSystemRos2/src/install/positioning/share/positioning/environment/ament_prefix_path.dsv
[0.361s] -- Up-to-date symlink: /home/jakeluo/Documents/MonitoringSystemRos2/src/install/positioning/share/positioning/environment/path.sh
[0.361s] -- Up-to-date symlink: /home/jakeluo/Documents/MonitoringSystemRos2/src/install/positioning/share/positioning/environment/path.dsv
[0.361s] -- Up-to-date symlink: /home/jakeluo/Documents/MonitoringSystemRos2/src/install/positioning/share/positioning/local_setup.bash
[0.362s] -- Up-to-date symlink: /home/jakeluo/Documents/MonitoringSystemRos2/src/install/positioning/share/positioning/local_setup.sh
[0.362s] -- Up-to-date symlink: /home/jakeluo/Documents/MonitoringSystemRos2/src/install/positioning/share/positioning/local_setup.zsh
[0.362s] -- Up-to-date symlink: /home/jakeluo/Documents/MonitoringSystemRos2/src/install/positioning/share/positioning/local_setup.dsv
[0.362s] -- Symlinking: /home/jakeluo/Documents/MonitoringSystemRos2/src/install/positioning/share/positioning/package.dsv
[0.370s] -- Up-to-date symlink: /home/jakeluo/Documents/MonitoringSystemRos2/src/install/positioning/share/ament_index/resource_index/packages/positioning
[0.370s] -- Up-to-date symlink: /home/jakeluo/Documents/MonitoringSystemRos2/src/install/positioning/share/positioning/cmake/positioningConfig.cmake
[0.370s] -- Up-to-date symlink: /home/jakeluo/Documents/MonitoringSystemRos2/src/install/positioning/share/positioning/cmake/positioningConfig-version.cmake
[0.371s] -- Up-to-date symlink: /home/jakeluo/Documents/MonitoringSystemRos2/src/install/positioning/share/positioning/package.xml
[0.375s] Invoked command in '/home/jakeluo/Documents/MonitoringSystemRos2/src/build/positioning' returned '0': AMENT_PREFIX_PATH=/home/jakeluo/Documents/MonitoringSystemRos2/src/install/droneinterfaces CMAKE_PREFIX_PATH=/home/jakeluo/Documents/MonitoringSystemRos2/src/install/droneinterfaces LD_LIBRARY_PATH=/home/jakeluo/Documents/MonitoringSystemRos2/src/install/droneinterfaces/lib${LD_LIBRARY_PATH} PYTHONPATH=/home/jakeluo/Documents/MonitoringSystemRos2/src/install/droneinterfaces/lib/python3.8/site-packages /usr/bin/cmake --install /home/jakeluo/Documents/MonitoringSystemRos2/src/build/positioning
