In file included from [01m[K/home/jakeluo/Documents/MonitoringSystemRos2/src/build/qt/include/qt/moc_mainwindow.cpp:9[m[K:
[01m[K/home/jakeluo/Documents/MonitoringSystemRos2/src/build/qt/include/qt/../../../../qt/include/qt/mainwindow.h:3:[m[K [01;35m[Kwarning: [m[Kignoring #pragma   [[01;35m[K-Wunknown-pragmas[m[K]
    3 | #pragma
      | 
In file included from [01m[K/home/jakeluo/Documents/MonitoringSystemRos2/src/qt/src/main.cpp:1[m[K:
[01m[K/home/jakeluo/Documents/MonitoringSystemRos2/src/qt/include/qt/mainwindow.h:3:[m[K [01;35m[Kwarning: [m[Kignoring #pragma   [[01;35m[K-Wunknown-pragmas[m[K]
    3 | #pragma
      | 
In file included from [01m[K/home/jakeluo/Documents/MonitoringSystemRos2/src/qt/src/mainwindow.cpp:1[m[K:
[01m[K/home/jakeluo/Documents/MonitoringSystemRos2/src/qt/include/qt/mainwindow.h:3:[m[K [01;35m[Kwarning: [m[Kignoring #pragma   [[01;35m[K-Wunknown-pragmas[m[K]
    3 | #pragma
      | 
[01m[K/home/jakeluo/Documents/MonitoringSystemRos2/src/qt/src/mainwindow.cpp:[m[K In member function ‘[01m[Kvoid MainWindow::feedback_callback(rclcpp_action::ClientGoalHandle<droneinterfaces::action::GoPoint>::SharedPtr, std::shared_ptr<const droneinterfaces::action::GoPoint_Feedback_<std::allocator<void> > >)[m[K’:
[01m[K/home/jakeluo/Documents/MonitoringSystemRos2/src/qt/src/mainwindow.cpp:571:77:[m[K [01;35m[Kwarning: [m[Kunused parameter ‘[01m[Kfeedback[m[K’ [[01;35m[K-Wunused-parameter[m[K]
  571 |     [01;35m[Kconst std::shared_ptr<const droneinterfaces::action::GoPoint::Feedback> feedback[m[K)
      |     [01;35m[K~~~~~~~~~~~~~~~~~~~~~~~~~~~~~~~~~~~~~~~~~~~~~~~~~~~~~~~~~~~~~~~~~~~~~~~~^~~~~~~~[m[K
/usr/bin/ld: CMakeFiles/gui.dir/src/mainwindow.cpp.o: in function `void __gnu_cxx::new_allocator<Planning>::construct<Planning>(Planning*)':
/usr/include/c++/9/new:174: undefined reference to `Planning::Planning()'
/usr/bin/ld: CMakeFiles/gui.dir/src/mainwindow.cpp.o: in function `void __gnu_cxx::new_allocator<Planning>::destroy<Planning>(Planning*)':
/usr/include/c++/9/ext/new_allocator.h:152: undefined reference to `Planning::~Planning()'
collect2: error: ld returned 1 exit status
make[2]: *** [CMakeFiles/gui.dir/build.make:218：gui] 错误 1
make[1]: *** [CMakeFiles/Makefile2:79：CMakeFiles/gui.dir/all] 错误 2
make: *** [Makefile:141：all] 错误 2
