-- Found ament_cmake: 1.1.4 (/home/jakeluo/Software/ros2_rolling/install/ament_cmake/share/ament_cmake/cmake)
-- Found ament_lint_auto: 0.11.2 (/home/jakeluo/Software/ros2_rolling/install/ament_lint_auto/share/ament_lint_auto/cmake)
WARNING: Package name "3rd" does not follow the naming conventions. It should start with a lower case letter and only contain lower case letters, digits, underscores, and dashes.
-- Added test 'copyright' to check source files copyright and LICENSE
-- Added test 'cppcheck' to perform static code analysis on C / C++ code
-- Configured cppcheck include dirs: /home/jakeluo/Documents/MonitoringSystemRos2/src/3rd/include/3rd
-- Configured cppcheck exclude dirs and/or files: 
-- Added test 'cpplint' to check C / C++ code against the Google style
-- Configured cpplint exclude dirs and/or files: 
-- Added test 'lint_cmake' to check CMake code style
-- Added test 'uncrustify' to check C / C++ code style
-- Configured uncrustify additional arguments: 
-- Added test 'xmllint' to check XML markup files
-- Configuring done
-- Generating done
-- Build files have been written to: /home/jakeluo/Documents/MonitoringSystemRos2/src/build/3rd
[35m[1mScanning dependencies of target h264decoder[0m
[ 50%] [32mBuilding CXX object CMakeFiles/h264decoder.dir/src/h264decoder.cpp.o[0m
[01m[K/home/jakeluo/Documents/MonitoringSystemRos2/src/3rd/src/h264decoder.cpp:[m[K In constructor ‘[01m[KH264Decoder::H264Decoder()[m[K’:
[01m[K/home/jakeluo/Documents/MonitoringSystemRos2/src/3rd/src/h264decoder.cpp:22:24:[m[K [01;35m[Kwarning: [m[K‘[01m[Kvoid avcodec_register_all()[m[K’ is deprecated [[01;35m[K-Wdeprecated-declarations[m[K]
   22 |   avcodec_register_all([01;35m[K)[m[K;
      |                        [01;35m[K^[m[K
In file included from [01m[K/home/jakeluo/Documents/MonitoringSystemRos2/src/3rd/src/h264decoder.cpp:2[m[K:
[01m[K/usr/include/x86_64-linux-gnu/libavcodec/avcodec.h:4159:6:[m[K [01;36m[Knote: [m[Kdeclared here
 4159 | void [01;36m[Kavcodec_register_all[m[K(void);
      |      [01;36m[K^~~~~~~~~~~~~~~~~~~~[m[K
[01m[K/home/jakeluo/Documents/MonitoringSystemRos2/src/3rd/src/h264decoder.cpp:22:24:[m[K [01;35m[Kwarning: [m[K‘[01m[Kvoid avcodec_register_all()[m[K’ is deprecated [[01;35m[K-Wdeprecated-declarations[m[K]
   22 |   avcodec_register_all([01;35m[K)[m[K;
      |                        [01;35m[K^[m[K
In file included from [01m[K/home/jakeluo/Documents/MonitoringSystemRos2/src/3rd/src/h264decoder.cpp:2[m[K:
[01m[K/usr/include/x86_64-linux-gnu/libavcodec/avcodec.h:4159:6:[m[K [01;36m[Knote: [m[Kdeclared here
 4159 | void [01;36m[Kavcodec_register_all[m[K(void);
      |      [01;36m[K^~~~~~~~~~~~~~~~~~~~[m[K
[100%] [32m[1mLinking CXX static library libh264decoder.a[0m
[100%] Built target h264decoder
-- Install configuration: ""
-- Installing: /home/jakeluo/Documents/MonitoringSystemRos2/src/install/3rd/share/3rd/environment/library_path.sh
-- Installing: /home/jakeluo/Documents/MonitoringSystemRos2/src/install/3rd/share/3rd/environment/library_path.dsv
-- Installing: /home/jakeluo/Documents/MonitoringSystemRos2/src/install/3rd/lib/libh264decoder.a
-- Installing: /home/jakeluo/Documents/MonitoringSystemRos2/src/install/3rd/share/ament_index/resource_index/package_run_dependencies/3rd
-- Installing: /home/jakeluo/Documents/MonitoringSystemRos2/src/install/3rd/share/ament_index/resource_index/parent_prefix_path/3rd
-- Installing: /home/jakeluo/Documents/MonitoringSystemRos2/src/install/3rd/share/3rd/environment/ament_prefix_path.sh
-- Installing: /home/jakeluo/Documents/MonitoringSystemRos2/src/install/3rd/share/3rd/environment/ament_prefix_path.dsv
-- Installing: /home/jakeluo/Documents/MonitoringSystemRos2/src/install/3rd/share/3rd/environment/path.sh
-- Installing: /home/jakeluo/Documents/MonitoringSystemRos2/src/install/3rd/share/3rd/environment/path.dsv
-- Installing: /home/jakeluo/Documents/MonitoringSystemRos2/src/install/3rd/share/3rd/local_setup.bash
-- Installing: /home/jakeluo/Documents/MonitoringSystemRos2/src/install/3rd/share/3rd/local_setup.sh
-- Installing: /home/jakeluo/Documents/MonitoringSystemRos2/src/install/3rd/share/3rd/local_setup.zsh
-- Installing: /home/jakeluo/Documents/MonitoringSystemRos2/src/install/3rd/share/3rd/local_setup.dsv
-- Installing: /home/jakeluo/Documents/MonitoringSystemRos2/src/install/3rd/share/3rd/package.dsv
-- Installing: /home/jakeluo/Documents/MonitoringSystemRos2/src/install/3rd/share/ament_index/resource_index/packages/3rd
-- Installing: /home/jakeluo/Documents/MonitoringSystemRos2/src/install/3rd/share/3rd/cmake/h264decoderExport.cmake
-- Installing: /home/jakeluo/Documents/MonitoringSystemRos2/src/install/3rd/share/3rd/cmake/h264decoderExport-noconfig.cmake
-- Installing: /home/jakeluo/Documents/MonitoringSystemRos2/src/install/3rd/share/3rd/cmake/ament_cmake_export_targets-extras.cmake
-- Installing: /home/jakeluo/Documents/MonitoringSystemRos2/src/install/3rd/share/3rd/cmake/3rdConfig.cmake
-- Installing: /home/jakeluo/Documents/MonitoringSystemRos2/src/install/3rd/share/3rd/cmake/3rdConfig-version.cmake
-- Installing: /home/jakeluo/Documents/MonitoringSystemRos2/src/install/3rd/share/3rd/package.xml
