In file included from [01m[K/home/jakeluo/Documents/MonitoringSystemRos2/src/droneutility/src/dataManager.cpp:1[m[K:
[01m[K/home/jakeluo/Documents/MonitoringSystemRos2/src/droneutility/include/dataManager.hpp:48:49:[m[K [01;31m[Kerror: [m[K‘[01m[Kdroneutility[m[K’ was not declared in this scope
   48 |         int droneRegister(const std::shared_ptr<[01;31m[Kdroneutility[m[K::srv::DroneRegister::Request> request,
      |                                                 [01;31m[K^~~~~~~~~~~~[m[K
[01m[K/home/jakeluo/Documents/MonitoringSystemRos2/src/droneutility/include/dataManager.hpp:48:90:[m[K [01;31m[Kerror: [m[Ktemplate argument 1 is invalid
   48 | onst std::shared_ptr<droneutility::srv::DroneRegister::Request[01;31m[K>[m[K request,
      |                                                               [01;31m[K^[m[K

[01m[K/home/jakeluo/Documents/MonitoringSystemRos2/src/droneutility/include/dataManager.hpp:48:49:[m[K [01;31m[Kerror: [m[K‘[01m[Kdroneutility[m[K’ was not declared in this scope
   48 |         int droneRegister(const std::shared_ptr<[01;31m[Kdroneutility[m[K::srv::DroneRegister::Request> request,
      |                                                 [01;31m[K^~~~~~~~~~~~[m[K
[01m[K/home/jakeluo/Documents/MonitoringSystemRos2/src/droneutility/include/dataManager.hpp:48:90:[m[K [01;31m[Kerror: [m[Ktemplate argument 1 is invalid
   48 | onst std::shared_ptr<droneutility::srv::DroneRegister::Request[01;31m[K>[m[K request,
      |                                                               [01;31m[K^[m[K

[01m[K/home/jakeluo/Documents/MonitoringSystemRos2/src/droneutility/include/dataManager.hpp:48:49:[m[K [01;31m[Kerror: [m[K‘[01m[Kdroneutility[m[K’ was not declared in this scope
   48 |         int droneRegister(const std::shared_ptr<[01;31m[Kdroneutility[m[K::srv::DroneRegister::Request> request,
      |                                                 [01;31m[K^~~~~~~~~~~~[m[K
[01m[K/home/jakeluo/Documents/MonitoringSystemRos2/src/droneutility/include/dataManager.hpp:48:90:[m[K [01;31m[Kerror: [m[Ktemplate argument 1 is invalid
   48 | onst std::shared_ptr<droneutility::srv::DroneRegister::Request[01;31m[K>[m[K request,
      |                                                               [01;31m[K^[m[K

[01m[K/home/jakeluo/Documents/MonitoringSystemRos2/src/droneutility/include/dataManager.hpp:48:49:[m[K [01;31m[Kerror: [m[K‘[01m[Kdroneutility[m[K’ was not declared in this scope
   48 |         int droneRegister(const std::shared_ptr<[01;31m[Kdroneutility[m[K::srv::DroneRegister::Request> request,
      |                                                 [01;31m[K^~~~~~~~~~~~[m[K
[01m[K/home/jakeluo/Documents/MonitoringSystemRos2/src/droneutility/include/dataManager.hpp:48:90:[m[K [01;31m[Kerror: [m[Ktemplate argument 1 is invalid
   48 | onst std::shared_ptr<droneutility::srv::DroneRegister::Request[01;31m[K>[m[K request,
      |                                                               [01;31m[K^[m[K

[01m[K/home/jakeluo/Documents/MonitoringSystemRos2/src/droneutility/include/dataManager.hpp:48:33:[m[K [01;31m[Kerror: [m[Kinvalid template-id
   48 |         int droneRegister(const [01;31m[Kstd[m[K::shared_ptr<droneutility::srv::DroneRegister::Request> request,
      |                                 [01;31m[K^~~[m[K
[01m[K/home/jakeluo/Documents/MonitoringSystemRos2/src/droneutility/include/dataManager.hpp:48:49:[m[K [01;31m[Kerror: [m[K‘[01m[Kdroneutility[m[K’ has not been declared
   48 |         int droneRegister(const std::shared_ptr<[01;31m[Kdroneutility[m[K::srv::DroneRegister::Request> request,
      |                                                 [01;31m[K^~~~~~~~~~~~[m[K
[01m[K/home/jakeluo/Documents/MonitoringSystemRos2/src/droneutility/include/dataManager.hpp:48:92:[m[K [01;31m[Kerror: [m[K‘[01m[Kauto[m[K’ parameter not permitted in this context
   48 | onst std::shared_ptr<droneutility::srv::DroneRegister::Request> [01;31m[Krequest[m[K,
      |                                                                 [01;31m[K^~~~~~~[m[K

[01m[K/home/jakeluo/Documents/MonitoringSystemRos2/src/droneutility/include/dataManager.hpp:49:25:[m[K [01;31m[Kerror: [m[K‘[01m[Kdroneutility[m[K’ was not declared in this scope
   49 |         std::shared_ptr<[01;31m[Kdroneutility[m[K::srv::DroneRegister::Response> response);
      |                         [01;31m[K^~~~~~~~~~~~[m[K
[01m[K/home/jakeluo/Documents/MonitoringSystemRos2/src/droneutility/include/dataManager.hpp:49:67:[m[K [01;31m[Kerror: [m[Ktemplate argument 1 is invalid
   49 |   std::shared_ptr<droneutility::srv::DroneRegister::Response[01;31m[K>[m[K response);
      |                                                             [01;31m[K^[m[K

[01m[K/home/jakeluo/Documents/MonitoringSystemRos2/src/droneutility/include/dataManager.hpp:49:25:[m[K [01;31m[Kerror: [m[K‘[01m[Kdroneutility[m[K’ was not declared in this scope
   49 |         std::shared_ptr<[01;31m[Kdroneutility[m[K::srv::DroneRegister::Response> response);
      |                         [01;31m[K^~~~~~~~~~~~[m[K
[01m[K/home/jakeluo/Documents/MonitoringSystemRos2/src/droneutility/include/dataManager.hpp:49:67:[m[K [01;31m[Kerror: [m[Ktemplate argument 1 is invalid
   49 |   std::shared_ptr<droneutility::srv::DroneRegister::Response[01;31m[K>[m[K response);
      |                                                             [01;31m[K^[m[K

[01m[K/home/jakeluo/Documents/MonitoringSystemRos2/src/droneutility/include/dataManager.hpp:49:25:[m[K [01;31m[Kerror: [m[K‘[01m[Kdroneutility[m[K’ was not declared in this scope
   49 |         std::shared_ptr<[01;31m[Kdroneutility[m[K::srv::DroneRegister::Response> response);
      |                         [01;31m[K^~~~~~~~~~~~[m[K
[01m[K/home/jakeluo/Documents/MonitoringSystemRos2/src/droneutility/include/dataManager.hpp:49:67:[m[K [01;31m[Kerror: [m[Ktemplate argument 1 is invalid
   49 |   std::shared_ptr<droneutility::srv::DroneRegister::Response[01;31m[K>[m[K response);
      |                                                             [01;31m[K^[m[K

[01m[K/home/jakeluo/Documents/MonitoringSystemRos2/src/droneutility/include/dataManager.hpp:49:25:[m[K [01;31m[Kerror: [m[K‘[01m[Kdroneutility[m[K’ was not declared in this scope
   49 |         std::shared_ptr<[01;31m[Kdroneutility[m[K::srv::DroneRegister::Response> response);
      |                         [01;31m[K^~~~~~~~~~~~[m[K
[01m[K/home/jakeluo/Documents/MonitoringSystemRos2/src/droneutility/include/dataManager.hpp:49:67:[m[K [01;31m[Kerror: [m[Ktemplate argument 1 is invalid
   49 |   std::shared_ptr<droneutility::srv::DroneRegister::Response[01;31m[K>[m[K response);
      |                                                             [01;31m[K^[m[K

[01m[K/home/jakeluo/Documents/MonitoringSystemRos2/src/droneutility/include/dataManager.hpp:49:9:[m[K [01;31m[Kerror: [m[Kinvalid template-id
   49 |         [01;31m[Kstd[m[K::shared_ptr<droneutility::srv::DroneRegister::Response> response);
      |         [01;31m[K^~~[m[K
[01m[K/home/jakeluo/Documents/MonitoringSystemRos2/src/droneutility/include/dataManager.hpp:49:25:[m[K [01;31m[Kerror: [m[K‘[01m[Kdroneutility[m[K’ has not been declared
   49 |         std::shared_ptr<[01;31m[Kdroneutility[m[K::srv::DroneRegister::Response> response);
      |                         [01;31m[K^~~~~~~~~~~~[m[K
[01m[K/home/jakeluo/Documents/MonitoringSystemRos2/src/droneutility/include/dataManager.hpp:49:69:[m[K [01;31m[Kerror: [m[K‘[01m[Kauto[m[K’ parameter not permitted in this context
   49 |   std::shared_ptr<droneutility::srv::DroneRegister::Response> [01;31m[Kresponse[m[K);
      |                                                               [01;31m[K^~~~~~~~[m[K

[01m[K/home/jakeluo/Documents/MonitoringSystemRos2/src/droneutility/src/dataManager.cpp:51:55:[m[K [01;31m[Kerror: [m[K‘[01m[Kdroneutility[m[K’ was not declared in this scope
   51 | int DroneManager::droneRegister(const std::shared_ptr<[01;31m[Kdroneutility[m[K::srv::DroneRegister::Request> request,
      |                                                       [01;31m[K^~~~~~~~~~~~[m[K
[01m[K/home/jakeluo/Documents/MonitoringSystemRos2/src/droneutility/src/dataManager.cpp:51:96:[m[K [01;31m[Kerror: [m[Ktemplate argument 1 is invalid
   51 | onst std::shared_ptr<droneutility::srv::DroneRegister::Request[01;31m[K>[m[K request,
      |                                                               [01;31m[K^[m[K

[01m[K/home/jakeluo/Documents/MonitoringSystemRos2/src/droneutility/src/dataManager.cpp:51:55:[m[K [01;31m[Kerror: [m[K‘[01m[Kdroneutility[m[K’ was not declared in this scope
   51 | int DroneManager::droneRegister(const std::shared_ptr<[01;31m[Kdroneutility[m[K::srv::DroneRegister::Request> request,
      |                                                       [01;31m[K^~~~~~~~~~~~[m[K
[01m[K/home/jakeluo/Documents/MonitoringSystemRos2/src/droneutility/src/dataManager.cpp:51:96:[m[K [01;31m[Kerror: [m[Ktemplate argument 1 is invalid
   51 | onst std::shared_ptr<droneutility::srv::DroneRegister::Request[01;31m[K>[m[K request,
      |                                                               [01;31m[K^[m[K

[01m[K/home/jakeluo/Documents/MonitoringSystemRos2/src/droneutility/src/dataManager.cpp:51:55:[m[K [01;31m[Kerror: [m[K‘[01m[Kdroneutility[m[K’ was not declared in this scope
   51 | int DroneManager::droneRegister(const std::shared_ptr<[01;31m[Kdroneutility[m[K::srv::DroneRegister::Request> request,
      |                                                       [01;31m[K^~~~~~~~~~~~[m[K
[01m[K/home/jakeluo/Documents/MonitoringSystemRos2/src/droneutility/src/dataManager.cpp:51:96:[m[K [01;31m[Kerror: [m[Ktemplate argument 1 is invalid
   51 | onst std::shared_ptr<droneutility::srv::DroneRegister::Request[01;31m[K>[m[K request,
      |                                                               [01;31m[K^[m[K

[01m[K/home/jakeluo/Documents/MonitoringSystemRos2/src/droneutility/src/dataManager.cpp:51:55:[m[K [01;31m[Kerror: [m[K‘[01m[Kdroneutility[m[K’ was not declared in this scope
   51 | int DroneManager::droneRegister(const std::shared_ptr<[01;31m[Kdroneutility[m[K::srv::DroneRegister::Request> request,
      |                                                       [01;31m[K^~~~~~~~~~~~[m[K
[01m[K/home/jakeluo/Documents/MonitoringSystemRos2/src/droneutility/src/dataManager.cpp:51:96:[m[K [01;31m[Kerror: [m[Ktemplate argument 1 is invalid
   51 | onst std::shared_ptr<droneutility::srv::DroneRegister::Request[01;31m[K>[m[K request,
      |                                                               [01;31m[K^[m[K

[01m[K/home/jakeluo/Documents/MonitoringSystemRos2/src/droneutility/src/dataManager.cpp:51:39:[m[K [01;31m[Kerror: [m[Kinvalid template-id
   51 | int DroneManager::droneRegister(const [01;31m[Kstd[m[K::shared_ptr<droneutility::srv::DroneRegister::Request> request,
      |                                       [01;31m[K^~~[m[K
[01m[K/home/jakeluo/Documents/MonitoringSystemRos2/src/droneutility/src/dataManager.cpp:51:55:[m[K [01;31m[Kerror: [m[K‘[01m[Kdroneutility[m[K’ was not declared in this scope
   51 | int DroneManager::droneRegister(const std::shared_ptr<[01;31m[Kdroneutility[m[K::srv::DroneRegister::Request> request,
      |                                                       [01;31m[K^~~~~~~~~~~~[m[K
[01m[K/home/jakeluo/Documents/MonitoringSystemRos2/src/droneutility/src/dataManager.cpp:51:5:[m[K [01;31m[Kerror: [m[K‘[01m[Kint droneManager::DroneManager::droneRegister[m[K’ is not a static data member of ‘[01m[Kclass droneManager::DroneManager[m[K’
   51 | int [01;31m[KDroneManager[m[K::droneRegister(const std::shared_ptr<droneutility::srv::DroneRegister::Request> request,
      |     [01;31m[K^~~~~~~~~~~~[m[K
[01m[K/home/jakeluo/Documents/MonitoringSystemRos2/src/droneutility/src/dataManager.cpp:51:33:[m[K [01;31m[Kerror: [m[Kexpected primary-expression before ‘[01m[Kconst[m[K’
   51 | int DroneManager::droneRegister([01;31m[Kconst[m[K std::shared_ptr<droneutility::srv::DroneRegister::Request> request,
      |                                 [01;31m[K^~~~~[m[K
[01m[K/home/jakeluo/Documents/MonitoringSystemRos2/src/droneutility/src/dataManager.cpp:52:17:[m[K [01;31m[Kerror: [m[K‘[01m[Kdroneutility[m[K’ was not declared in this scope
   52 | std::shared_ptr<[01;31m[Kdroneutility[m[K::srv::DroneRegister::Response> response)
      |                 [01;31m[K^~~~~~~~~~~~[m[K
[01m[K/home/jakeluo/Documents/MonitoringSystemRos2/src/droneutility/src/dataManager.cpp:52:59:[m[K [01;31m[Kerror: [m[Ktemplate argument 1 is invalid
   52 | std::shared_ptr<droneutility::srv::DroneRegister::Response[01;31m[K>[m[K response)
      |                                                           [01;31m[K^[m[K
[01m[K/home/jakeluo/Documents/MonitoringSystemRos2/src/droneutility/src/dataManager.cpp:52:69:[m[K [01;31m[Kerror: [m[Kexpression list treated as compound expression in initializer [[01;31m[K-fpermissive[m[K]
   52 | std::shared_ptr<droneutility::srv::DroneRegister::Response> response[01;31m[K)[m[K
      |                                                                     [01;31m[K^[m[K
[01m[K/home/jakeluo/Documents/MonitoringSystemRos2/src/droneutility/src/dataManager.cpp:[m[K In member function ‘[01m[Kvoid droneManager::DroneManager::printDrone()[m[K’:
[01m[K/home/jakeluo/Documents/MonitoringSystemRos2/src/droneutility/src/dataManager.cpp:135:34:[m[K [01;35m[Kwarning: [m[Kformat ‘[01m[K%s[m[K’ expects argument of type ‘[01m[Kchar*[m[K’, but argument 2 has type ‘[01m[Kstd::string[m[K’ {aka ‘[01m[Kstd::__cxx11::basic_string<char>[m[K’} [[01;35m[K-Wformat=[m[K]
  135 |         std::printf("name      :[01;35m[K%s[m[K\nip       :%s\ncmdport  :%d\nvideoport:%d\n", it.name, it.ip, it.sercmdport, it.servideoport);
      |                                 [01;35m[K~^[m[K
      |                                  [01;35m[K|[m[K
      |                                  [01;35m[Kchar*[m[K
[01m[K/home/jakeluo/Documents/MonitoringSystemRos2/src/droneutility/src/dataManager.cpp:135:48:[m[K [01;35m[Kwarning: [m[Kformat ‘[01m[K%s[m[K’ expects argument of type ‘[01m[Kchar*[m[K’, but argument 3 has type ‘[01m[Kstd::string[m[K’ {aka ‘[01m[Kstd::__cxx11::basic_string<char>[m[K’} [[01;35m[K-Wformat=[m[K]
  135 |         std::printf("name      :%s\nip       :[01;35m[K%s[m[K\ncmdport  :%d\nvideoport:%d\n", it.name, it.ip, it.sercmdport, it.servideoport);
      |                                               [01;35m[K~^[m[K
      |                                                [01;35m[K|[m[K
      |                                                [01;35m[Kchar*[m[K
make[2]: *** [CMakeFiles/datamanager.dir/build.make:63：CMakeFiles/datamanager.dir/src/dataManager.cpp.o] 错误 1
make[1]: *** [CMakeFiles/Makefile2:111：CMakeFiles/datamanager.dir/all] 错误 2
make: *** [Makefile:141：all] 错误 2
