CMake Warning (dev) at /usr/share/cmake-3.16/Modules/FindOpenGL.cmake:275 (message):
  Policy CMP0072 is not set: FindOpenGL prefers GLVND by default when
  available.  Run "cmake --help-policy CMP0072" for policy details.  Use the
  cmake_policy command to set the policy and suppress this warning.

  FindOpenGL found both a legacy GL library:

    OPENGL_gl_LIBRARY: /usr/lib/x86_64-linux-gnu/libGL.so

  and GLVND libraries for OpenGL and GLX:

    OPENGL_opengl_LIBRARY: /usr/lib/x86_64-linux-gnu/libOpenGL.so
    OPENGL_glx_LIBRARY: /usr/lib/x86_64-linux-gnu/libGLX.so

  OpenGL_GL_PREFERENCE has not been set to "GLVND" or "LEGACY", so for
  compatibility with CMake 3.10 and below the legacy GL library will be used.
Call Stack (most recent call first):
  CMakeLists.txt:29 (find_package)
This warning is for project developers.  Use -Wno-dev to suppress it.

/usr/bin/ld: CMakeFiles/drone.dir/src/drone.cpp.o: in function `dronenamespace::Drone::Drone(char const*, char const*, char const*, char const*)':
/home/jakeluo/Documents/MonitoringSystemRos2/src/droneutility/src/drone.cpp:33: undefined reference to `ORB_SLAM2::System::System(std::__cxx11::basic_string<char, std::char_traits<char>, std::allocator<char> > const&, std::__cxx11::basic_string<char, std::char_traits<char>, std::allocator<char> > const&, ORB_SLAM2::System::eSensor, bool)'
/usr/bin/ld: CMakeFiles/drone.dir/src/drone.cpp.o: in function `pangolin::GlTexture::Reinitialise(int, int, int, bool, int, unsigned int, unsigned int, void*)':
/usr/local/include/pangolin/gl/gl.hpp:171: undefined reference to `glGenTextures'
/usr/bin/ld: CMakeFiles/drone.dir/src/drone.cpp.o: in function `pangolin::GlTexture::Bind() const':
/usr/local/include/pangolin/gl/gl.hpp:153: undefined reference to `glBindTexture'
/usr/bin/ld: CMakeFiles/drone.dir/src/drone.cpp.o: in function `pangolin::GlTexture::Reinitialise(int, int, int, bool, int, unsigned int, unsigned int, void*)':
/usr/local/include/pangolin/gl/gl.hpp:176: undefined reference to `glTexImage2D'
/usr/bin/ld: /usr/local/include/pangolin/gl/gl.hpp:179: undefined reference to `glTexParameteri'
/usr/bin/ld: /usr/local/include/pangolin/gl/gl.hpp:180: undefined reference to `glTexParameteri'
/usr/bin/ld: /usr/local/include/pangolin/gl/gl.hpp:186: undefined reference to `glTexParameteri'
/usr/bin/ld: /usr/local/include/pangolin/gl/gl.hpp:187: undefined reference to `glTexParameteri'
/usr/bin/ld: CMakeFiles/drone.dir/src/drone.cpp.o: in function `pangolin::_CheckGlDieOnError(char const*, int)':
/usr/local/include/pangolin/gl/glinclude.h:41: undefined reference to `glGetError'
/usr/bin/ld: CMakeFiles/drone.dir/src/drone.cpp.o: in function `pangolin::GlTexture::Reinitialise(int, int, int, bool, int, unsigned int, unsigned int, void*)':
/usr/local/include/pangolin/gl/gl.hpp:182: undefined reference to `glTexParameteri'
/usr/bin/ld: /usr/local/include/pangolin/gl/gl.hpp:183: undefined reference to `glTexParameteri'
/usr/bin/ld: /usr/local/include/pangolin/gl/gl.hpp:164: undefined reference to `glDeleteTextures'
/usr/bin/ld: CMakeFiles/drone.dir/src/drone.cpp.o: in function `pangolin::_CheckGlDieOnError(char const*, int)':
/usr/local/include/pangolin/gl/glinclude.h:43: undefined reference to `pangolin::glErrorString(unsigned int)'
/usr/bin/ld: CMakeFiles/drone.dir/src/drone.cpp.o: in function `pangolin::GlTexture::~GlTexture()':
/usr/local/include/pangolin/gl/gl.hpp:146: undefined reference to `pangolin::ShouldQuit()'
/usr/bin/ld: /usr/local/include/pangolin/gl/gl.hpp:147: undefined reference to `glDeleteTextures'
/usr/bin/ld: CMakeFiles/drone.dir/src/drone.cpp.o: in function `cv::String::~String()':
/usr/local/include/opencv2/core/cvstd.hpp:648: undefined reference to `cv::String::deallocate()'
/usr/bin/ld: /usr/local/include/opencv2/core/cvstd.hpp:648: undefined reference to `cv::String::deallocate()'
/usr/bin/ld: CMakeFiles/drone.dir/src/drone.cpp.o: in function `cv::String::operator=(cv::String const&)':
/usr/local/include/opencv2/core/cvstd.hpp:656: undefined reference to `cv::String::deallocate()'
/usr/bin/ld: CMakeFiles/drone.dir/src/drone.cpp.o: in function `pangolin::GlTexture::~GlTexture()':
/usr/local/include/pangolin/gl/gl.hpp:146: undefined reference to `pangolin::ShouldQuit()'
/usr/bin/ld: /usr/local/include/pangolin/gl/gl.hpp:147: undefined reference to `glDeleteTextures'
/usr/bin/ld: CMakeFiles/drone.dir/src/drone.cpp.o:(.data.rel+0x0): undefined reference to `vtable for pangolin::HandlerScroll'
/usr/bin/ld: CMakeFiles/drone.dir/src/drone.cpp.o:(.data.rel+0x8): undefined reference to `vtable for pangolin::Handler'
collect2: error: ld returned 1 exit status
make[2]: *** [CMakeFiles/drone.dir/build.make:137：drone] 错误 1
make[1]: *** [CMakeFiles/Makefile2:80：CMakeFiles/drone.dir/all] 错误 2
make: *** [Makefile:141：all] 错误 2
