[0.035s] Invoking command in '/home/jakeluo/Documents/MonitoringSystemRos2/build/droneinterfaces': CMAKE_PREFIX_PATH=${CMAKE_PREFIX_PATH}:/home/jakeluo/Software/ros2_rolling/install/rqt_bag_plugins:/home/jakeluo/Software/ros2_rolling/install/rqt_bag:/home/jakeluo/Software/ros2_rolling/install/ros2bag:/home/jakeluo/Software/ros2_rolling/install/tracetools_test:/home/jakeluo/Software/ros2_rolling/install/tracetools_launch:/home/jakeluo/Software/ros2_rolling/install/topic_monitor:/home/jakeluo/Software/ros2_rolling/install/tf2_tools:/home/jakeluo/Software/ros2_rolling/install/examples_tf2_py:/home/jakeluo/Software/ros2_rolling/install/tf2_ros_py:/home/jakeluo/Software/ros2_rolling/install/sros2:/home/jakeluo/Software/ros2_rolling/install/rqt_topic:/home/jakeluo/Software/ros2_rolling/install/rqt_top:/home/jakeluo/Software/ros2_rolling/install/rqt_srv:/home/jakeluo/Software/ros2_rolling/install/rqt_shell:/home/jakeluo/Software/ros2_rolling/install/rqt_service_caller:/home/jakeluo/Software/ros2_rolling/install/rqt_reconfigure:/home/jakeluo/Software/ros2_rolling/install/rqt_py_console:/home/jakeluo/Software/ros2_rolling/install/rqt_publisher:/home/jakeluo/Software/ros2_rolling/install/rqt_plot:/home/jakeluo/Software/ros2_rolling/install/rqt_action:/home/jakeluo/Software/ros2_rolling/install/rqt_msg:/home/jakeluo/Software/ros2_rolling/install/rqt_console:/home/jakeluo/Software/ros2_rolling/install/rqt:/home/jakeluo/Software/ros2_rolling/install/rqt_graph:/home/jakeluo/Software/ros2_rolling/install/rqt_gui_py:/home/jakeluo/Software/ros2_rolling/install/rqt_gui:/home/jakeluo/Software/ros2_rolling/install/ros2trace:/home/jakeluo/Software/ros2_rolling/install/ros2topic:/home/jakeluo/Software/ros2_rolling/install/ros2test:/home/jakeluo/Software/ros2_rolling/install/ros2component:/home/jakeluo/Software/ros2_rolling/install/ros2param:/home/jakeluo/Software/ros2_rolling/install/ros2lifecycle:/home/jakeluo/Software/ros2_rolling/install/ros2service:/home/jakeluo/Software/ros2_rolling/install/ros2run:/home/jakeluo/Software/ros2_rolling/install/ros2launch:/home/jakeluo/Software/ros2_rolling/install/ros2pkg:/home/jakeluo/Software/ros2_rolling/install/ros2node:/home/jakeluo/Software/ros2_rolling/install/ros2multicast:/home/jakeluo/Software/ros2_rolling/install/ros2interface:/home/jakeluo/Software/ros2_rolling/install/ros2doctor:/home/jakeluo/Software/ros2_rolling/install/ros2action:/home/jakeluo/Software/ros2_rolling/install/ros2cli:/home/jakeluo/Software/ros2_rolling/install/quality_of_service_demo_py:/home/jakeluo/Software/ros2_rolling/install/launch_testing_ros:/home/jakeluo/Software/ros2_rolling/install/launch_ros:/home/jakeluo/Software/ros2_rolling/install/examples_rclpy_pointcloud_publisher:/home/jakeluo/Software/ros2_rolling/install/examples_rclpy_minimal_subscriber:/home/jakeluo/Software/ros2_rolling/install/examples_rclpy_minimal_service:/home/jakeluo/Software/ros2_rolling/install/examples_rclpy_minimal_publisher:/home/jakeluo/Software/ros2_rolling/install/examples_rclpy_minimal_client:/home/jakeluo/Software/ros2_rolling/install/examples_rclpy_minimal_action_server:/home/jakeluo/Software/ros2_rolling/install/examples_rclpy_minimal_action_client:/home/jakeluo/Software/ros2_rolling/install/examples_rclpy_guard_conditions:/home/jakeluo/Software/ros2_rolling/install/examples_rclpy_executors:/home/jakeluo/Software/ros2_rolling/install/demo_nodes_py:/home/jakeluo/Software/ros2_rolling/install/action_tutorials_py:/home/jakeluo/Software/ros2_rolling/install/ament_uncrustify:/home/jakeluo/Software/ros2_rolling/install/tracetools_trace:/home/jakeluo/Software/ros2_rolling/install/tracetools_read:/home/jakeluo/Software/ros2_rolling/install/test_launch_ros:/home/jakeluo/Software/ros2_rolling/install/sensor_msgs_py:/home/jakeluo/Software/ros2_rolling/install/rpyutils:/home/jakeluo/Software/ros2_rolling/install/rosidl_runtime_py:/home/jakeluo/Software/ros2_rolling/install/rosidl_cli:/home/jakeluo/Software/ros2_rolling/install/launch_yaml:/home/jakeluo/Software/ros2_rolling/install/launch_xml:/home/jakeluo/Software/ros2_rolling/install/launch_testing:/home/jakeluo/Software/ros2_rolling/install/launch:/home/jakeluo/Software/ros2_rolling/install/osrf_pycommon:/home/jakeluo/Software/ros2_rolling/install/domain_coordinator:/home/jakeluo/Software/ros2_rolling/install/ament_xmllint:/home/jakeluo/Software/ros2_rolling/install/ament_pyflakes:/home/jakeluo/Software/ros2_rolling/install/ament_pycodestyle:/home/jakeluo/Software/ros2_rolling/install/ament_pep257:/home/jakeluo/Software/ros2_rolling/install/ament_pclint:/home/jakeluo/Software/ros2_rolling/install/ament_package:/home/jakeluo/Software/ros2_rolling/install/ament_mypy:/home/jakeluo/Software/ros2_rolling/install/ament_lint_cmake:/home/jakeluo/Software/ros2_rolling/install/ament_flake8:/home/jakeluo/Software/ros2_rolling/install/ament_copyright:/home/jakeluo/Software/ros2_rolling/install/ament_lint:/home/jakeluo/Software/ros2_rolling/install/ament_index_python:/home/jakeluo/Software/ros2_rolling/install/ament_cpplint:/home/jakeluo/Software/ros2_rolling/install/ament_cppcheck:/home/jakeluo/Software/ros2_rolling/install/ament_clang_tidy:/home/jakeluo/Software/ros2_rolling/install/ament_clang_format /usr/bin/cmake --build /home/jakeluo/Documents/MonitoringSystemRos2/build/droneinterfaces -- -j12 -l12
[0.143s] [  9%] Built target droneinterfaces__rosidl_generator_c
[0.144s] [ 12%] Built target droneinterfaces__cpp
[0.163s] [ 12%] Built target ament_cmake_python_symlink_droneinterfaces
[0.193s] [ 22%] Built target droneinterfaces__rosidl_typesupport_fastrtps_cpp
[0.194s] [ 32%] Built target droneinterfaces__rosidl_typesupport_introspection_cpp
[0.195s] [ 41%] Built target droneinterfaces__rosidl_typesupport_cpp
[0.202s] [ 51%] Built target droneinterfaces__rosidl_typesupport_introspection_c
[0.206s] [ 61%] Built target droneinterfaces__rosidl_typesupport_c
[0.242s] [ 70%] Built target droneinterfaces__rosidl_typesupport_fastrtps_c
[0.286s] [ 70%] Built target droneinterfaces
[0.329s] [ 74%] Built target droneinterfaces__py
[0.374s] [ 80%] Built target droneinterfaces__python
[0.420s] [ 93%] Built target droneinterfaces__rosidl_typesupport_introspection_c__pyext
[0.421s] [ 93%] Built target droneinterfaces__rosidl_typesupport_c__pyext
[0.421s] [100%] Built target droneinterfaces__rosidl_typesupport_fastrtps_c__pyext
[0.628s] running egg_info
[0.629s] writing droneinterfaces.egg-info/PKG-INFO
[0.629s] writing dependency_links to droneinterfaces.egg-info/dependency_links.txt
[0.629s] writing top-level names to droneinterfaces.egg-info/top_level.txt
[0.633s] reading manifest file 'droneinterfaces.egg-info/SOURCES.txt'
[0.634s] writing manifest file 'droneinterfaces.egg-info/SOURCES.txt'
[0.664s] [100%] Built target ament_cmake_python_build_droneinterfaces_egg
[0.683s] Invoked command in '/home/jakeluo/Documents/MonitoringSystemRos2/build/droneinterfaces' returned '0': CMAKE_PREFIX_PATH=${CMAKE_PREFIX_PATH}:/home/jakeluo/Software/ros2_rolling/install/rqt_bag_plugins:/home/jakeluo/Software/ros2_rolling/install/rqt_bag:/home/jakeluo/Software/ros2_rolling/install/ros2bag:/home/jakeluo/Software/ros2_rolling/install/tracetools_test:/home/jakeluo/Software/ros2_rolling/install/tracetools_launch:/home/jakeluo/Software/ros2_rolling/install/topic_monitor:/home/jakeluo/Software/ros2_rolling/install/tf2_tools:/home/jakeluo/Software/ros2_rolling/install/examples_tf2_py:/home/jakeluo/Software/ros2_rolling/install/tf2_ros_py:/home/jakeluo/Software/ros2_rolling/install/sros2:/home/jakeluo/Software/ros2_rolling/install/rqt_topic:/home/jakeluo/Software/ros2_rolling/install/rqt_top:/home/jakeluo/Software/ros2_rolling/install/rqt_srv:/home/jakeluo/Software/ros2_rolling/install/rqt_shell:/home/jakeluo/Software/ros2_rolling/install/rqt_service_caller:/home/jakeluo/Software/ros2_rolling/install/rqt_reconfigure:/home/jakeluo/Software/ros2_rolling/install/rqt_py_console:/home/jakeluo/Software/ros2_rolling/install/rqt_publisher:/home/jakeluo/Software/ros2_rolling/install/rqt_plot:/home/jakeluo/Software/ros2_rolling/install/rqt_action:/home/jakeluo/Software/ros2_rolling/install/rqt_msg:/home/jakeluo/Software/ros2_rolling/install/rqt_console:/home/jakeluo/Software/ros2_rolling/install/rqt:/home/jakeluo/Software/ros2_rolling/install/rqt_graph:/home/jakeluo/Software/ros2_rolling/install/rqt_gui_py:/home/jakeluo/Software/ros2_rolling/install/rqt_gui:/home/jakeluo/Software/ros2_rolling/install/ros2trace:/home/jakeluo/Software/ros2_rolling/install/ros2topic:/home/jakeluo/Software/ros2_rolling/install/ros2test:/home/jakeluo/Software/ros2_rolling/install/ros2component:/home/jakeluo/Software/ros2_rolling/install/ros2param:/home/jakeluo/Software/ros2_rolling/install/ros2lifecycle:/home/jakeluo/Software/ros2_rolling/install/ros2service:/home/jakeluo/Software/ros2_rolling/install/ros2run:/home/jakeluo/Software/ros2_rolling/install/ros2launch:/home/jakeluo/Software/ros2_rolling/install/ros2pkg:/home/jakeluo/Software/ros2_rolling/install/ros2node:/home/jakeluo/Software/ros2_rolling/install/ros2multicast:/home/jakeluo/Software/ros2_rolling/install/ros2interface:/home/jakeluo/Software/ros2_rolling/install/ros2doctor:/home/jakeluo/Software/ros2_rolling/install/ros2action:/home/jakeluo/Software/ros2_rolling/install/ros2cli:/home/jakeluo/Software/ros2_rolling/install/quality_of_service_demo_py:/home/jakeluo/Software/ros2_rolling/install/launch_testing_ros:/home/jakeluo/Software/ros2_rolling/install/launch_ros:/home/jakeluo/Software/ros2_rolling/install/examples_rclpy_pointcloud_publisher:/home/jakeluo/Software/ros2_rolling/install/examples_rclpy_minimal_subscriber:/home/jakeluo/Software/ros2_rolling/install/examples_rclpy_minimal_service:/home/jakeluo/Software/ros2_rolling/install/examples_rclpy_minimal_publisher:/home/jakeluo/Software/ros2_rolling/install/examples_rclpy_minimal_client:/home/jakeluo/Software/ros2_rolling/install/examples_rclpy_minimal_action_server:/home/jakeluo/Software/ros2_rolling/install/examples_rclpy_minimal_action_client:/home/jakeluo/Software/ros2_rolling/install/examples_rclpy_guard_conditions:/home/jakeluo/Software/ros2_rolling/install/examples_rclpy_executors:/home/jakeluo/Software/ros2_rolling/install/demo_nodes_py:/home/jakeluo/Software/ros2_rolling/install/action_tutorials_py:/home/jakeluo/Software/ros2_rolling/install/ament_uncrustify:/home/jakeluo/Software/ros2_rolling/install/tracetools_trace:/home/jakeluo/Software/ros2_rolling/install/tracetools_read:/home/jakeluo/Software/ros2_rolling/install/test_launch_ros:/home/jakeluo/Software/ros2_rolling/install/sensor_msgs_py:/home/jakeluo/Software/ros2_rolling/install/rpyutils:/home/jakeluo/Software/ros2_rolling/install/rosidl_runtime_py:/home/jakeluo/Software/ros2_rolling/install/rosidl_cli:/home/jakeluo/Software/ros2_rolling/install/launch_yaml:/home/jakeluo/Software/ros2_rolling/install/launch_xml:/home/jakeluo/Software/ros2_rolling/install/launch_testing:/home/jakeluo/Software/ros2_rolling/install/launch:/home/jakeluo/Software/ros2_rolling/install/osrf_pycommon:/home/jakeluo/Software/ros2_rolling/install/domain_coordinator:/home/jakeluo/Software/ros2_rolling/install/ament_xmllint:/home/jakeluo/Software/ros2_rolling/install/ament_pyflakes:/home/jakeluo/Software/ros2_rolling/install/ament_pycodestyle:/home/jakeluo/Software/ros2_rolling/install/ament_pep257:/home/jakeluo/Software/ros2_rolling/install/ament_pclint:/home/jakeluo/Software/ros2_rolling/install/ament_package:/home/jakeluo/Software/ros2_rolling/install/ament_mypy:/home/jakeluo/Software/ros2_rolling/install/ament_lint_cmake:/home/jakeluo/Software/ros2_rolling/install/ament_flake8:/home/jakeluo/Software/ros2_rolling/install/ament_copyright:/home/jakeluo/Software/ros2_rolling/install/ament_lint:/home/jakeluo/Software/ros2_rolling/install/ament_index_python:/home/jakeluo/Software/ros2_rolling/install/ament_cpplint:/home/jakeluo/Software/ros2_rolling/install/ament_cppcheck:/home/jakeluo/Software/ros2_rolling/install/ament_clang_tidy:/home/jakeluo/Software/ros2_rolling/install/ament_clang_format /usr/bin/cmake --build /home/jakeluo/Documents/MonitoringSystemRos2/build/droneinterfaces -- -j12 -l12
[0.855s] Invoking command in '/home/jakeluo/Documents/MonitoringSystemRos2/build/droneinterfaces': CMAKE_PREFIX_PATH=${CMAKE_PREFIX_PATH}:/home/jakeluo/Software/ros2_rolling/install/rqt_bag_plugins:/home/jakeluo/Software/ros2_rolling/install/rqt_bag:/home/jakeluo/Software/ros2_rolling/install/ros2bag:/home/jakeluo/Software/ros2_rolling/install/tracetools_test:/home/jakeluo/Software/ros2_rolling/install/tracetools_launch:/home/jakeluo/Software/ros2_rolling/install/topic_monitor:/home/jakeluo/Software/ros2_rolling/install/tf2_tools:/home/jakeluo/Software/ros2_rolling/install/examples_tf2_py:/home/jakeluo/Software/ros2_rolling/install/tf2_ros_py:/home/jakeluo/Software/ros2_rolling/install/sros2:/home/jakeluo/Software/ros2_rolling/install/rqt_topic:/home/jakeluo/Software/ros2_rolling/install/rqt_top:/home/jakeluo/Software/ros2_rolling/install/rqt_srv:/home/jakeluo/Software/ros2_rolling/install/rqt_shell:/home/jakeluo/Software/ros2_rolling/install/rqt_service_caller:/home/jakeluo/Software/ros2_rolling/install/rqt_reconfigure:/home/jakeluo/Software/ros2_rolling/install/rqt_py_console:/home/jakeluo/Software/ros2_rolling/install/rqt_publisher:/home/jakeluo/Software/ros2_rolling/install/rqt_plot:/home/jakeluo/Software/ros2_rolling/install/rqt_action:/home/jakeluo/Software/ros2_rolling/install/rqt_msg:/home/jakeluo/Software/ros2_rolling/install/rqt_console:/home/jakeluo/Software/ros2_rolling/install/rqt:/home/jakeluo/Software/ros2_rolling/install/rqt_graph:/home/jakeluo/Software/ros2_rolling/install/rqt_gui_py:/home/jakeluo/Software/ros2_rolling/install/rqt_gui:/home/jakeluo/Software/ros2_rolling/install/ros2trace:/home/jakeluo/Software/ros2_rolling/install/ros2topic:/home/jakeluo/Software/ros2_rolling/install/ros2test:/home/jakeluo/Software/ros2_rolling/install/ros2component:/home/jakeluo/Software/ros2_rolling/install/ros2param:/home/jakeluo/Software/ros2_rolling/install/ros2lifecycle:/home/jakeluo/Software/ros2_rolling/install/ros2service:/home/jakeluo/Software/ros2_rolling/install/ros2run:/home/jakeluo/Software/ros2_rolling/install/ros2launch:/home/jakeluo/Software/ros2_rolling/install/ros2pkg:/home/jakeluo/Software/ros2_rolling/install/ros2node:/home/jakeluo/Software/ros2_rolling/install/ros2multicast:/home/jakeluo/Software/ros2_rolling/install/ros2interface:/home/jakeluo/Software/ros2_rolling/install/ros2doctor:/home/jakeluo/Software/ros2_rolling/install/ros2action:/home/jakeluo/Software/ros2_rolling/install/ros2cli:/home/jakeluo/Software/ros2_rolling/install/quality_of_service_demo_py:/home/jakeluo/Software/ros2_rolling/install/launch_testing_ros:/home/jakeluo/Software/ros2_rolling/install/launch_ros:/home/jakeluo/Software/ros2_rolling/install/examples_rclpy_pointcloud_publisher:/home/jakeluo/Software/ros2_rolling/install/examples_rclpy_minimal_subscriber:/home/jakeluo/Software/ros2_rolling/install/examples_rclpy_minimal_service:/home/jakeluo/Software/ros2_rolling/install/examples_rclpy_minimal_publisher:/home/jakeluo/Software/ros2_rolling/install/examples_rclpy_minimal_client:/home/jakeluo/Software/ros2_rolling/install/examples_rclpy_minimal_action_server:/home/jakeluo/Software/ros2_rolling/install/examples_rclpy_minimal_action_client:/home/jakeluo/Software/ros2_rolling/install/examples_rclpy_guard_conditions:/home/jakeluo/Software/ros2_rolling/install/examples_rclpy_executors:/home/jakeluo/Software/ros2_rolling/install/demo_nodes_py:/home/jakeluo/Software/ros2_rolling/install/action_tutorials_py:/home/jakeluo/Software/ros2_rolling/install/ament_uncrustify:/home/jakeluo/Software/ros2_rolling/install/tracetools_trace:/home/jakeluo/Software/ros2_rolling/install/tracetools_read:/home/jakeluo/Software/ros2_rolling/install/test_launch_ros:/home/jakeluo/Software/ros2_rolling/install/sensor_msgs_py:/home/jakeluo/Software/ros2_rolling/install/rpyutils:/home/jakeluo/Software/ros2_rolling/install/rosidl_runtime_py:/home/jakeluo/Software/ros2_rolling/install/rosidl_cli:/home/jakeluo/Software/ros2_rolling/install/launch_yaml:/home/jakeluo/Software/ros2_rolling/install/launch_xml:/home/jakeluo/Software/ros2_rolling/install/launch_testing:/home/jakeluo/Software/ros2_rolling/install/launch:/home/jakeluo/Software/ros2_rolling/install/osrf_pycommon:/home/jakeluo/Software/ros2_rolling/install/domain_coordinator:/home/jakeluo/Software/ros2_rolling/install/ament_xmllint:/home/jakeluo/Software/ros2_rolling/install/ament_pyflakes:/home/jakeluo/Software/ros2_rolling/install/ament_pycodestyle:/home/jakeluo/Software/ros2_rolling/install/ament_pep257:/home/jakeluo/Software/ros2_rolling/install/ament_pclint:/home/jakeluo/Software/ros2_rolling/install/ament_package:/home/jakeluo/Software/ros2_rolling/install/ament_mypy:/home/jakeluo/Software/ros2_rolling/install/ament_lint_cmake:/home/jakeluo/Software/ros2_rolling/install/ament_flake8:/home/jakeluo/Software/ros2_rolling/install/ament_copyright:/home/jakeluo/Software/ros2_rolling/install/ament_lint:/home/jakeluo/Software/ros2_rolling/install/ament_index_python:/home/jakeluo/Software/ros2_rolling/install/ament_cpplint:/home/jakeluo/Software/ros2_rolling/install/ament_cppcheck:/home/jakeluo/Software/ros2_rolling/install/ament_clang_tidy:/home/jakeluo/Software/ros2_rolling/install/ament_clang_format /usr/bin/cmake --install /home/jakeluo/Documents/MonitoringSystemRos2/build/droneinterfaces
[0.873s] -- Install configuration: ""
[0.873s] -- Up-to-date: /home/jakeluo/Documents/MonitoringSystemRos2/install/droneinterfaces/share/ament_index/resource_index/rosidl_interfaces/droneinterfaces
[0.873s] -- Up-to-date: /home/jakeluo/Documents/MonitoringSystemRos2/install/droneinterfaces/include/droneinterfaces
[0.873s] -- Up-to-date: /home/jakeluo/Documents/MonitoringSystemRos2/install/droneinterfaces/include/droneinterfaces/msg
[0.873s] -- Up-to-date: /home/jakeluo/Documents/MonitoringSystemRos2/install/droneinterfaces/include/droneinterfaces/msg/rosidl_generator_c__visibility_control.h
[0.874s] -- Up-to-date: /home/jakeluo/Documents/MonitoringSystemRos2/install/droneinterfaces/include/droneinterfaces/srv
[0.874s] -- Up-to-date: /home/jakeluo/Documents/MonitoringSystemRos2/install/droneinterfaces/include/droneinterfaces/srv/drone_register.h
[0.874s] -- Up-to-date: /home/jakeluo/Documents/MonitoringSystemRos2/install/droneinterfaces/include/droneinterfaces/srv/detail
[0.874s] -- Up-to-date: /home/jakeluo/Documents/MonitoringSystemRos2/install/droneinterfaces/include/droneinterfaces/srv/detail/drone_register__struct.h
[0.874s] -- Up-to-date: /home/jakeluo/Documents/MonitoringSystemRos2/install/droneinterfaces/include/droneinterfaces/srv/detail/drone_register__type_support.h
[0.874s] -- Up-to-date: /home/jakeluo/Documents/MonitoringSystemRos2/install/droneinterfaces/include/droneinterfaces/srv/detail/drone_register__functions.h
[0.874s] -- Up-to-date: /home/jakeluo/Documents/MonitoringSystemRos2/install/droneinterfaces/include/droneinterfaces/srv/detail/drone_register__functions.c
[0.874s] -- Up-to-date: /home/jakeluo/Documents/MonitoringSystemRos2/install/droneinterfaces/share/droneinterfaces/environment/library_path.sh
[0.874s] -- Up-to-date: /home/jakeluo/Documents/MonitoringSystemRos2/install/droneinterfaces/share/droneinterfaces/environment/library_path.dsv
[0.874s] -- Up-to-date: /home/jakeluo/Documents/MonitoringSystemRos2/install/droneinterfaces/lib/libdroneinterfaces__rosidl_generator_c.so
[0.874s] -- Up-to-date: /home/jakeluo/Documents/MonitoringSystemRos2/install/droneinterfaces/include/droneinterfaces
[0.874s] -- Up-to-date: /home/jakeluo/Documents/MonitoringSystemRos2/install/droneinterfaces/include/droneinterfaces/msg
[0.874s] -- Up-to-date: /home/jakeluo/Documents/MonitoringSystemRos2/install/droneinterfaces/include/droneinterfaces/msg/rosidl_typesupport_introspection_c__visibility_control.h
[0.874s] -- Up-to-date: /home/jakeluo/Documents/MonitoringSystemRos2/install/droneinterfaces/include/droneinterfaces/srv
[0.874s] -- Up-to-date: /home/jakeluo/Documents/MonitoringSystemRos2/install/droneinterfaces/include/droneinterfaces/srv/detail
[0.875s] -- Up-to-date: /home/jakeluo/Documents/MonitoringSystemRos2/install/droneinterfaces/include/droneinterfaces/srv/detail/drone_register__type_support.c
[0.875s] -- Up-to-date: /home/jakeluo/Documents/MonitoringSystemRos2/install/droneinterfaces/include/droneinterfaces/srv/detail/drone_register__rosidl_typesupport_introspection_c.h
[0.875s] -- Up-to-date: /home/jakeluo/Documents/MonitoringSystemRos2/install/droneinterfaces/lib/libdroneinterfaces__rosidl_typesupport_introspection_c.so
[0.875s] -- Up-to-date: /home/jakeluo/Documents/MonitoringSystemRos2/install/droneinterfaces/include/droneinterfaces
[0.875s] -- Up-to-date: /home/jakeluo/Documents/MonitoringSystemRos2/install/droneinterfaces/include/droneinterfaces/msg
[0.875s] -- Up-to-date: /home/jakeluo/Documents/MonitoringSystemRos2/install/droneinterfaces/include/droneinterfaces/msg/rosidl_typesupport_fastrtps_c__visibility_control.h
[0.875s] -- Up-to-date: /home/jakeluo/Documents/MonitoringSystemRos2/install/droneinterfaces/include/droneinterfaces/srv
[0.875s] -- Up-to-date: /home/jakeluo/Documents/MonitoringSystemRos2/install/droneinterfaces/include/droneinterfaces/srv/detail
[0.875s] -- Up-to-date: /home/jakeluo/Documents/MonitoringSystemRos2/install/droneinterfaces/include/droneinterfaces/srv/detail/drone_register__rosidl_typesupport_fastrtps_c.h
[0.875s] -- Up-to-date: /home/jakeluo/Documents/MonitoringSystemRos2/install/droneinterfaces/lib/libdroneinterfaces__rosidl_typesupport_fastrtps_c.so
[0.875s] -- Up-to-date: /home/jakeluo/Documents/MonitoringSystemRos2/install/droneinterfaces/include/droneinterfaces
[0.875s] -- Up-to-date: /home/jakeluo/Documents/MonitoringSystemRos2/install/droneinterfaces/include/droneinterfaces/msg
[0.875s] -- Up-to-date: /home/jakeluo/Documents/MonitoringSystemRos2/install/droneinterfaces/include/droneinterfaces/msg/rosidl_typesupport_fastrtps_cpp__visibility_control.h
[0.875s] -- Up-to-date: /home/jakeluo/Documents/MonitoringSystemRos2/install/droneinterfaces/include/droneinterfaces/srv
[0.876s] -- Up-to-date: /home/jakeluo/Documents/MonitoringSystemRos2/install/droneinterfaces/include/droneinterfaces/srv/detail
[0.876s] -- Up-to-date: /home/jakeluo/Documents/MonitoringSystemRos2/install/droneinterfaces/include/droneinterfaces/srv/detail/drone_register__rosidl_typesupport_fastrtps_cpp.hpp
[0.876s] -- Up-to-date: /home/jakeluo/Documents/MonitoringSystemRos2/install/droneinterfaces/include/droneinterfaces/srv/detail/dds_fastrtps
[0.876s] -- Up-to-date: /home/jakeluo/Documents/MonitoringSystemRos2/install/droneinterfaces/lib/libdroneinterfaces__rosidl_typesupport_fastrtps_cpp.so
[0.876s] -- Up-to-date: /home/jakeluo/Documents/MonitoringSystemRos2/install/droneinterfaces/lib/libdroneinterfaces__rosidl_typesupport_c.so
[0.876s] -- Up-to-date: /home/jakeluo/Documents/MonitoringSystemRos2/install/droneinterfaces/include/droneinterfaces
[0.876s] -- Up-to-date: /home/jakeluo/Documents/MonitoringSystemRos2/install/droneinterfaces/include/droneinterfaces/srv
[0.876s] -- Up-to-date: /home/jakeluo/Documents/MonitoringSystemRos2/install/droneinterfaces/include/droneinterfaces/srv/drone_register.hpp
[0.876s] -- Up-to-date: /home/jakeluo/Documents/MonitoringSystemRos2/install/droneinterfaces/include/droneinterfaces/srv/detail
[0.876s] -- Up-to-date: /home/jakeluo/Documents/MonitoringSystemRos2/install/droneinterfaces/include/droneinterfaces/srv/detail/drone_register__struct.hpp
[0.876s] -- Up-to-date: /home/jakeluo/Documents/MonitoringSystemRos2/install/droneinterfaces/include/droneinterfaces/srv/detail/drone_register__traits.hpp
[0.876s] -- Up-to-date: /home/jakeluo/Documents/MonitoringSystemRos2/install/droneinterfaces/include/droneinterfaces/srv/detail/drone_register__builder.hpp
[0.876s] -- Up-to-date: /home/jakeluo/Documents/MonitoringSystemRos2/install/droneinterfaces/include/droneinterfaces
[0.876s] -- Up-to-date: /home/jakeluo/Documents/MonitoringSystemRos2/install/droneinterfaces/include/droneinterfaces/srv
[0.877s] -- Up-to-date: /home/jakeluo/Documents/MonitoringSystemRos2/install/droneinterfaces/include/droneinterfaces/srv/detail
[0.877s] -- Up-to-date: /home/jakeluo/Documents/MonitoringSystemRos2/install/droneinterfaces/include/droneinterfaces/srv/detail/drone_register__rosidl_typesupport_introspection_cpp.hpp
[0.877s] -- Up-to-date: /home/jakeluo/Documents/MonitoringSystemRos2/install/droneinterfaces/include/droneinterfaces/srv/detail/drone_register__type_support.cpp
[0.877s] -- Up-to-date: /home/jakeluo/Documents/MonitoringSystemRos2/install/droneinterfaces/lib/libdroneinterfaces__rosidl_typesupport_introspection_cpp.so
[0.877s] -- Up-to-date: /home/jakeluo/Documents/MonitoringSystemRos2/install/droneinterfaces/lib/libdroneinterfaces__rosidl_typesupport_cpp.so
[0.877s] -- Up-to-date: /home/jakeluo/Documents/MonitoringSystemRos2/install/droneinterfaces/share/droneinterfaces/environment/pythonpath.sh
[0.877s] -- Up-to-date: /home/jakeluo/Documents/MonitoringSystemRos2/install/droneinterfaces/share/droneinterfaces/environment/pythonpath.dsv
[0.877s] -- Up-to-date: /home/jakeluo/Documents/MonitoringSystemRos2/install/droneinterfaces/lib/python3.8/site-packages/droneinterfaces-0.0.0-py3.8.egg-info
[0.877s] -- Installing: /home/jakeluo/Documents/MonitoringSystemRos2/install/droneinterfaces/lib/python3.8/site-packages/droneinterfaces-0.0.0-py3.8.egg-info/top_level.txt
[0.877s] -- Installing: /home/jakeluo/Documents/MonitoringSystemRos2/install/droneinterfaces/lib/python3.8/site-packages/droneinterfaces-0.0.0-py3.8.egg-info/dependency_links.txt
[0.877s] -- Installing: /home/jakeluo/Documents/MonitoringSystemRos2/install/droneinterfaces/lib/python3.8/site-packages/droneinterfaces-0.0.0-py3.8.egg-info/PKG-INFO
[0.877s] -- Installing: /home/jakeluo/Documents/MonitoringSystemRos2/install/droneinterfaces/lib/python3.8/site-packages/droneinterfaces-0.0.0-py3.8.egg-info/SOURCES.txt
[0.877s] -- Up-to-date: /home/jakeluo/Documents/MonitoringSystemRos2/install/droneinterfaces/lib/python3.8/site-packages/droneinterfaces
[0.877s] -- Up-to-date: /home/jakeluo/Documents/MonitoringSystemRos2/install/droneinterfaces/lib/python3.8/site-packages/droneinterfaces/libdroneinterfaces__python.so
[0.878s] -- Up-to-date: /home/jakeluo/Documents/MonitoringSystemRos2/install/droneinterfaces/lib/python3.8/site-packages/droneinterfaces/_droneinterfaces_s.ep.rosidl_typesupport_fastrtps_c.c
[0.878s] -- Up-to-date: /home/jakeluo/Documents/MonitoringSystemRos2/install/droneinterfaces/lib/python3.8/site-packages/droneinterfaces/_droneinterfaces_s.ep.rosidl_typesupport_introspection_c.c
[0.878s] -- Up-to-date: /home/jakeluo/Documents/MonitoringSystemRos2/install/droneinterfaces/lib/python3.8/site-packages/droneinterfaces/droneinterfaces_s__rosidl_typesupport_c.cpython-38-x86_64-linux-gnu.so
[0.878s] -- Up-to-date: /home/jakeluo/Documents/MonitoringSystemRos2/install/droneinterfaces/lib/python3.8/site-packages/droneinterfaces/droneinterfaces_s__rosidl_typesupport_fastrtps_c.cpython-38-x86_64-linux-gnu.so
[0.878s] -- Up-to-date: /home/jakeluo/Documents/MonitoringSystemRos2/install/droneinterfaces/lib/python3.8/site-packages/droneinterfaces/srv
[0.878s] -- Up-to-date: /home/jakeluo/Documents/MonitoringSystemRos2/install/droneinterfaces/lib/python3.8/site-packages/droneinterfaces/srv/_drone_register.py
[0.878s] -- Up-to-date: /home/jakeluo/Documents/MonitoringSystemRos2/install/droneinterfaces/lib/python3.8/site-packages/droneinterfaces/srv/_drone_register_s.c
[0.878s] -- Up-to-date: /home/jakeluo/Documents/MonitoringSystemRos2/install/droneinterfaces/lib/python3.8/site-packages/droneinterfaces/srv/__init__.py
[0.878s] -- Up-to-date: /home/jakeluo/Documents/MonitoringSystemRos2/install/droneinterfaces/lib/python3.8/site-packages/droneinterfaces/droneinterfaces_s__rosidl_typesupport_introspection_c.cpython-38-x86_64-linux-gnu.so
[0.878s] -- Up-to-date: /home/jakeluo/Documents/MonitoringSystemRos2/install/droneinterfaces/lib/python3.8/site-packages/droneinterfaces/__init__.py
[0.878s] -- Up-to-date: /home/jakeluo/Documents/MonitoringSystemRos2/install/droneinterfaces/lib/python3.8/site-packages/droneinterfaces/_droneinterfaces_s.ep.rosidl_typesupport_c.c
[0.980s] Listing '/home/jakeluo/Documents/MonitoringSystemRos2/install/droneinterfaces/lib/python3.8/site-packages/droneinterfaces'...
[0.980s] Listing '/home/jakeluo/Documents/MonitoringSystemRos2/install/droneinterfaces/lib/python3.8/site-packages/droneinterfaces/srv'...
[0.983s] -- Up-to-date: /home/jakeluo/Documents/MonitoringSystemRos2/install/droneinterfaces/lib/python3.8/site-packages/droneinterfaces/droneinterfaces_s__rosidl_typesupport_introspection_c.cpython-38-x86_64-linux-gnu.so
[0.984s] -- Up-to-date: /home/jakeluo/Documents/MonitoringSystemRos2/install/droneinterfaces/lib/python3.8/site-packages/droneinterfaces/droneinterfaces_s__rosidl_typesupport_fastrtps_c.cpython-38-x86_64-linux-gnu.so
[0.984s] -- Up-to-date: /home/jakeluo/Documents/MonitoringSystemRos2/install/droneinterfaces/lib/python3.8/site-packages/droneinterfaces/droneinterfaces_s__rosidl_typesupport_c.cpython-38-x86_64-linux-gnu.so
[0.985s] -- Up-to-date: /home/jakeluo/Documents/MonitoringSystemRos2/install/droneinterfaces/lib/libdroneinterfaces__python.so
[0.985s] -- Up-to-date: /home/jakeluo/Documents/MonitoringSystemRos2/install/droneinterfaces/share/droneinterfaces/srv/DroneRegister.idl
[0.985s] -- Up-to-date: /home/jakeluo/Documents/MonitoringSystemRos2/install/droneinterfaces/share/droneinterfaces/srv/DroneRegister.srv
[0.985s] -- Up-to-date: /home/jakeluo/Documents/MonitoringSystemRos2/install/droneinterfaces/share/droneinterfaces/srv/DroneRegister_Request.msg
[0.985s] -- Up-to-date: /home/jakeluo/Documents/MonitoringSystemRos2/install/droneinterfaces/share/droneinterfaces/srv/DroneRegister_Response.msg
[0.986s] -- Up-to-date: /home/jakeluo/Documents/MonitoringSystemRos2/install/droneinterfaces/share/ament_index/resource_index/package_run_dependencies/droneinterfaces
[0.986s] -- Up-to-date: /home/jakeluo/Documents/MonitoringSystemRos2/install/droneinterfaces/share/ament_index/resource_index/parent_prefix_path/droneinterfaces
[0.986s] -- Up-to-date: /home/jakeluo/Documents/MonitoringSystemRos2/install/droneinterfaces/share/droneinterfaces/environment/ament_prefix_path.dsv
[0.986s] -- Up-to-date: /home/jakeluo/Documents/MonitoringSystemRos2/install/droneinterfaces/share/droneinterfaces/environment/path.dsv
[0.986s] -- Up-to-date: /home/jakeluo/Documents/MonitoringSystemRos2/install/droneinterfaces/share/droneinterfaces/local_setup.bash
[0.986s] -- Up-to-date: /home/jakeluo/Documents/MonitoringSystemRos2/install/droneinterfaces/share/droneinterfaces/local_setup.sh
[0.986s] -- Up-to-date: /home/jakeluo/Documents/MonitoringSystemRos2/install/droneinterfaces/share/droneinterfaces/local_setup.zsh
[0.986s] -- Up-to-date: /home/jakeluo/Documents/MonitoringSystemRos2/install/droneinterfaces/share/droneinterfaces/local_setup.dsv
[0.986s] -- Installing: /home/jakeluo/Documents/MonitoringSystemRos2/install/droneinterfaces/share/droneinterfaces/package.dsv
[0.987s] -- Up-to-date: /home/jakeluo/Documents/MonitoringSystemRos2/install/droneinterfaces/share/ament_index/resource_index/packages/droneinterfaces
[0.987s] -- Up-to-date: /home/jakeluo/Documents/MonitoringSystemRos2/install/droneinterfaces/share/droneinterfaces/cmake/droneinterfaces__rosidl_generator_cExport.cmake
[0.987s] -- Up-to-date: /home/jakeluo/Documents/MonitoringSystemRos2/install/droneinterfaces/share/droneinterfaces/cmake/droneinterfaces__rosidl_generator_cExport-noconfig.cmake
[0.987s] -- Up-to-date: /home/jakeluo/Documents/MonitoringSystemRos2/install/droneinterfaces/share/droneinterfaces/cmake/droneinterfaces__rosidl_typesupport_introspection_cExport.cmake
[0.987s] -- Up-to-date: /home/jakeluo/Documents/MonitoringSystemRos2/install/droneinterfaces/share/droneinterfaces/cmake/droneinterfaces__rosidl_typesupport_introspection_cExport-noconfig.cmake
[0.987s] -- Up-to-date: /home/jakeluo/Documents/MonitoringSystemRos2/install/droneinterfaces/share/droneinterfaces/cmake/droneinterfaces__rosidl_typesupport_cExport.cmake
[0.987s] -- Up-to-date: /home/jakeluo/Documents/MonitoringSystemRos2/install/droneinterfaces/share/droneinterfaces/cmake/droneinterfaces__rosidl_typesupport_cExport-noconfig.cmake
[0.987s] -- Up-to-date: /home/jakeluo/Documents/MonitoringSystemRos2/install/droneinterfaces/share/droneinterfaces/cmake/droneinterfaces__rosidl_generator_cppExport.cmake
[0.987s] -- Up-to-date: /home/jakeluo/Documents/MonitoringSystemRos2/install/droneinterfaces/share/droneinterfaces/cmake/droneinterfaces__rosidl_typesupport_introspection_cppExport.cmake
[0.987s] -- Up-to-date: /home/jakeluo/Documents/MonitoringSystemRos2/install/droneinterfaces/share/droneinterfaces/cmake/droneinterfaces__rosidl_typesupport_introspection_cppExport-noconfig.cmake
[0.988s] -- Up-to-date: /home/jakeluo/Documents/MonitoringSystemRos2/install/droneinterfaces/share/droneinterfaces/cmake/droneinterfaces__rosidl_typesupport_cppExport.cmake
[0.988s] -- Up-to-date: /home/jakeluo/Documents/MonitoringSystemRos2/install/droneinterfaces/share/droneinterfaces/cmake/droneinterfaces__rosidl_typesupport_cppExport-noconfig.cmake
[0.988s] -- Up-to-date: /home/jakeluo/Documents/MonitoringSystemRos2/install/droneinterfaces/share/droneinterfaces/cmake/rosidl_cmake-extras.cmake
[0.988s] -- Up-to-date: /home/jakeluo/Documents/MonitoringSystemRos2/install/droneinterfaces/share/droneinterfaces/cmake/ament_cmake_export_dependencies-extras.cmake
[0.988s] -- Up-to-date: /home/jakeluo/Documents/MonitoringSystemRos2/install/droneinterfaces/share/droneinterfaces/cmake/ament_cmake_export_libraries-extras.cmake
[0.988s] -- Up-to-date: /home/jakeluo/Documents/MonitoringSystemRos2/install/droneinterfaces/share/droneinterfaces/cmake/ament_cmake_export_targets-extras.cmake
[0.988s] -- Up-to-date: /home/jakeluo/Documents/MonitoringSystemRos2/install/droneinterfaces/share/droneinterfaces/cmake/ament_cmake_export_include_directories-extras.cmake
[0.988s] -- Up-to-date: /home/jakeluo/Documents/MonitoringSystemRos2/install/droneinterfaces/share/droneinterfaces/cmake/rosidl_cmake_export_typesupport_targets-extras.cmake
[0.988s] -- Up-to-date: /home/jakeluo/Documents/MonitoringSystemRos2/install/droneinterfaces/share/droneinterfaces/cmake/rosidl_cmake_export_typesupport_libraries-extras.cmake
[0.988s] -- Up-to-date: /home/jakeluo/Documents/MonitoringSystemRos2/install/droneinterfaces/share/droneinterfaces/cmake/droneinterfacesConfig.cmake
[0.988s] -- Up-to-date: /home/jakeluo/Documents/MonitoringSystemRos2/install/droneinterfaces/share/droneinterfaces/cmake/droneinterfacesConfig-version.cmake
[0.988s] -- Up-to-date: /home/jakeluo/Documents/MonitoringSystemRos2/install/droneinterfaces/share/droneinterfaces/package.xml
[0.990s] Invoked command in '/home/jakeluo/Documents/MonitoringSystemRos2/build/droneinterfaces' returned '0': CMAKE_PREFIX_PATH=${CMAKE_PREFIX_PATH}:/home/jakeluo/Software/ros2_rolling/install/rqt_bag_plugins:/home/jakeluo/Software/ros2_rolling/install/rqt_bag:/home/jakeluo/Software/ros2_rolling/install/ros2bag:/home/jakeluo/Software/ros2_rolling/install/tracetools_test:/home/jakeluo/Software/ros2_rolling/install/tracetools_launch:/home/jakeluo/Software/ros2_rolling/install/topic_monitor:/home/jakeluo/Software/ros2_rolling/install/tf2_tools:/home/jakeluo/Software/ros2_rolling/install/examples_tf2_py:/home/jakeluo/Software/ros2_rolling/install/tf2_ros_py:/home/jakeluo/Software/ros2_rolling/install/sros2:/home/jakeluo/Software/ros2_rolling/install/rqt_topic:/home/jakeluo/Software/ros2_rolling/install/rqt_top:/home/jakeluo/Software/ros2_rolling/install/rqt_srv:/home/jakeluo/Software/ros2_rolling/install/rqt_shell:/home/jakeluo/Software/ros2_rolling/install/rqt_service_caller:/home/jakeluo/Software/ros2_rolling/install/rqt_reconfigure:/home/jakeluo/Software/ros2_rolling/install/rqt_py_console:/home/jakeluo/Software/ros2_rolling/install/rqt_publisher:/home/jakeluo/Software/ros2_rolling/install/rqt_plot:/home/jakeluo/Software/ros2_rolling/install/rqt_action:/home/jakeluo/Software/ros2_rolling/install/rqt_msg:/home/jakeluo/Software/ros2_rolling/install/rqt_console:/home/jakeluo/Software/ros2_rolling/install/rqt:/home/jakeluo/Software/ros2_rolling/install/rqt_graph:/home/jakeluo/Software/ros2_rolling/install/rqt_gui_py:/home/jakeluo/Software/ros2_rolling/install/rqt_gui:/home/jakeluo/Software/ros2_rolling/install/ros2trace:/home/jakeluo/Software/ros2_rolling/install/ros2topic:/home/jakeluo/Software/ros2_rolling/install/ros2test:/home/jakeluo/Software/ros2_rolling/install/ros2component:/home/jakeluo/Software/ros2_rolling/install/ros2param:/home/jakeluo/Software/ros2_rolling/install/ros2lifecycle:/home/jakeluo/Software/ros2_rolling/install/ros2service:/home/jakeluo/Software/ros2_rolling/install/ros2run:/home/jakeluo/Software/ros2_rolling/install/ros2launch:/home/jakeluo/Software/ros2_rolling/install/ros2pkg:/home/jakeluo/Software/ros2_rolling/install/ros2node:/home/jakeluo/Software/ros2_rolling/install/ros2multicast:/home/jakeluo/Software/ros2_rolling/install/ros2interface:/home/jakeluo/Software/ros2_rolling/install/ros2doctor:/home/jakeluo/Software/ros2_rolling/install/ros2action:/home/jakeluo/Software/ros2_rolling/install/ros2cli:/home/jakeluo/Software/ros2_rolling/install/quality_of_service_demo_py:/home/jakeluo/Software/ros2_rolling/install/launch_testing_ros:/home/jakeluo/Software/ros2_rolling/install/launch_ros:/home/jakeluo/Software/ros2_rolling/install/examples_rclpy_pointcloud_publisher:/home/jakeluo/Software/ros2_rolling/install/examples_rclpy_minimal_subscriber:/home/jakeluo/Software/ros2_rolling/install/examples_rclpy_minimal_service:/home/jakeluo/Software/ros2_rolling/install/examples_rclpy_minimal_publisher:/home/jakeluo/Software/ros2_rolling/install/examples_rclpy_minimal_client:/home/jakeluo/Software/ros2_rolling/install/examples_rclpy_minimal_action_server:/home/jakeluo/Software/ros2_rolling/install/examples_rclpy_minimal_action_client:/home/jakeluo/Software/ros2_rolling/install/examples_rclpy_guard_conditions:/home/jakeluo/Software/ros2_rolling/install/examples_rclpy_executors:/home/jakeluo/Software/ros2_rolling/install/demo_nodes_py:/home/jakeluo/Software/ros2_rolling/install/action_tutorials_py:/home/jakeluo/Software/ros2_rolling/install/ament_uncrustify:/home/jakeluo/Software/ros2_rolling/install/tracetools_trace:/home/jakeluo/Software/ros2_rolling/install/tracetools_read:/home/jakeluo/Software/ros2_rolling/install/test_launch_ros:/home/jakeluo/Software/ros2_rolling/install/sensor_msgs_py:/home/jakeluo/Software/ros2_rolling/install/rpyutils:/home/jakeluo/Software/ros2_rolling/install/rosidl_runtime_py:/home/jakeluo/Software/ros2_rolling/install/rosidl_cli:/home/jakeluo/Software/ros2_rolling/install/launch_yaml:/home/jakeluo/Software/ros2_rolling/install/launch_xml:/home/jakeluo/Software/ros2_rolling/install/launch_testing:/home/jakeluo/Software/ros2_rolling/install/launch:/home/jakeluo/Software/ros2_rolling/install/osrf_pycommon:/home/jakeluo/Software/ros2_rolling/install/domain_coordinator:/home/jakeluo/Software/ros2_rolling/install/ament_xmllint:/home/jakeluo/Software/ros2_rolling/install/ament_pyflakes:/home/jakeluo/Software/ros2_rolling/install/ament_pycodestyle:/home/jakeluo/Software/ros2_rolling/install/ament_pep257:/home/jakeluo/Software/ros2_rolling/install/ament_pclint:/home/jakeluo/Software/ros2_rolling/install/ament_package:/home/jakeluo/Software/ros2_rolling/install/ament_mypy:/home/jakeluo/Software/ros2_rolling/install/ament_lint_cmake:/home/jakeluo/Software/ros2_rolling/install/ament_flake8:/home/jakeluo/Software/ros2_rolling/install/ament_copyright:/home/jakeluo/Software/ros2_rolling/install/ament_lint:/home/jakeluo/Software/ros2_rolling/install/ament_index_python:/home/jakeluo/Software/ros2_rolling/install/ament_cpplint:/home/jakeluo/Software/ros2_rolling/install/ament_cppcheck:/home/jakeluo/Software/ros2_rolling/install/ament_clang_tidy:/home/jakeluo/Software/ros2_rolling/install/ament_clang_format /usr/bin/cmake --install /home/jakeluo/Documents/MonitoringSystemRos2/build/droneinterfaces
