In file included from [01m[K/home/jakeluo/Documents/ORBSLAM_MapSave/include/MapPoint.h:24[m[K,
                 from [01m[K/home/jakeluo/Documents/ORBSLAM_MapSave/include/FrameDrawer.h:25[m[K,
                 from [01m[K/home/jakeluo/Documents/ORBSLAM_MapSave/include/Viewer.h:25[m[K,
                 from [01m[K/home/jakeluo/Documents/ORBSLAM_MapSave/include/Tracking.h:29[m[K,
                 from [01m[K/home/jakeluo/Documents/ORBSLAM_MapSave/include/System.h:35[m[K,
                 from [01m[K/home/jakeluo/Documents/MonitoringSystemRos2/src/droneutility/include/drone.hpp:11[m[K,
                 from [01m[K/home/jakeluo/Documents/MonitoringSystemRos2/src/droneutility/src/drone.cpp:1[m[K:
[01m[K/home/jakeluo/Documents/ORBSLAM_MapSave/include/KeyFrame.h:26:10:[m[K [01;31m[Kfatal error: [m[KThirdparty/DBoW2/DBoW2/BowVector.h: æ²¡æœ‰é‚£ä¸ªæ–‡ä»¶æˆ–ç›®å½•
   26 | #include [01;31m[K"Thirdparty/DBoW2/DBoW2/BowVector.h"[m[K
      |          [01;31m[K^~~~~~~~~~~~~~~~~~~~~~~~~~~~~~~~~~~~[m[K
compilation terminated.
make[2]: *** [CMakeFiles/drone.dir/build.make:63ï¼šCMakeFiles/drone.dir/src/drone.cpp.o] é”™è¯¯ 1
make[1]: *** [CMakeFiles/Makefile2:80ï¼šCMakeFiles/drone.dir/all] é”™è¯¯ 2
make[1]: *** æ­£åœ¨ç­‰å¾…æœªå®Œæˆçš„ä»»åŠ¡....
In file included from [01m[K/home/jakeluo/Documents/ORBSLAM_MapSave/include/MapPoint.h:24[m[K,
                 from [01m[K/home/jakeluo/Documents/ORBSLAM_MapSave/include/FrameDrawer.h:25[m[K,
                 from [01m[K/home/jakeluo/Documents/ORBSLAM_MapSave/include/Viewer.h:25[m[K,
                 from [01m[K/home/jakeluo/Documents/ORBSLAM_MapSave/include/Tracking.h:29[m[K,
                 from [01m[K/home/jakeluo/Documents/ORBSLAM_MapSave/include/System.h:35[m[K,
                 from [01m[K/home/jakeluo/Documents/MonitoringSystemRos2/src/droneutility/include/droneManager.hpp:24[m[K,
                 from [01m[K/home/jakeluo/Documents/MonitoringSystemRos2/src/droneutility/src/droneManager.cpp:1[m[K:
[01m[K/home/jakeluo/Documents/ORBSLAM_MapSave/include/KeyFrame.h:26:10:[m[K [01;31m[Kfatal error: [m[KThirdparty/DBoW2/DBoW2/BowVector.h: æ²¡æœ‰é‚£ä¸ªæ–‡ä»¶æˆ–ç›®å½•
   26 | #include [01;31m[K"Thirdparty/DBoW2/DBoW2/BowVector.h"[m[K
      |          [01;31m[K^~~~~~~~~~~~~~~~~~~~~~~~~~~~~~~~~~~~[m[K
compilation terminated.
make[2]: *** [CMakeFiles/dronemanager.dir/build.make:63ï¼šCMakeFiles/dronemanager.dir/src/droneManager.cpp.o] é”™è¯¯ 1
make[1]: *** [CMakeFiles/Makefile2:107ï¼šCMakeFiles/dronemanager.dir/all] é”™è¯¯ 2
make: *** [Makefile:141ï¼šall] é”™è¯¯ 2
