-- The C compiler identification is GNU 9.3.0
-- The CXX compiler identification is GNU 9.3.0
-- Check for working C compiler: /usr/bin/cc
-- Check for working C compiler: /usr/bin/cc -- works
-- Detecting C compiler ABI info
-- Detecting C compiler ABI info - done
-- Detecting C compile features
-- Detecting C compile features - done
-- Check for working CXX compiler: /usr/bin/c++
-- Check for working CXX compiler: /usr/bin/c++ -- works
-- Detecting CXX compiler ABI info
-- Detecting CXX compiler ABI info - done
-- Detecting CXX compile features
-- Detecting CXX compile features - done
-- Found ament_cmake: 1.1.4 (/home/jakeluo/Software/ros2_rolling/install/ament_cmake/share/ament_cmake/cmake)
-- Found Python3: /usr/bin/python3.8 (found version "3.8.10") found components: Interpreter 
-- Found rclcpp: 13.0.0 (/home/jakeluo/Software/ros2_rolling/install/rclcpp/share/rclcpp/cmake)
-- Using all available rosidl_typesupport_c: rosidl_typesupport_introspection_c;rosidl_typesupport_fastrtps_c
-- Found rosidl_adapter: 2.5.0 (/home/jakeluo/Software/ros2_rolling/install/rosidl_adapter/share/rosidl_adapter/cmake)
-- Using all available rosidl_typesupport_cpp: rosidl_typesupport_introspection_cpp;rosidl_typesupport_fastrtps_cpp
-- Found rmw_implementation_cmake: 5.0.0 (/home/jakeluo/Software/ros2_rolling/install/rmw_implementation_cmake/share/rmw_implementation_cmake/cmake)
-- Found rmw_cyclonedds_cpp: 0.24.0 (/home/jakeluo/Software/ros2_rolling/install/rmw_cyclonedds_cpp/share/rmw_cyclonedds_cpp/cmake)
-- Using RMW implementation 'rmw_cyclonedds_cpp' as default
-- Looking for pthread.h
-- Looking for pthread.h - found
-- Performing Test CMAKE_HAVE_LIBC_PTHREAD
-- Performing Test CMAKE_HAVE_LIBC_PTHREAD - Failed
-- Looking for pthread_create in pthreads
-- Looking for pthread_create in pthreads - not found
-- Looking for pthread_create in pthread
-- Looking for pthread_create in pthread - found
-- Found Threads: TRUE  
-- Found droneinterfaces: 0.0.0 (/home/jakeluo/Documents/MonitoringSystemRos2/src/install/droneinterfaces/share/droneinterfaces/cmake)
-- Found OpenCV: /usr/local (found suitable version "3.4.3", minimum required is "3.0") 
-- Found OpenGL: /usr/lib/x86_64-linux-gnu/libOpenGL.so   
-- Found ament_lint_auto: 0.11.2 (/home/jakeluo/Software/ros2_rolling/install/ament_lint_auto/share/ament_lint_auto/cmake)
-- Added test 'copyright' to check source files copyright and LICENSE
-- Added test 'cppcheck' to perform static code analysis on C / C++ code
-- Configured cppcheck include dirs: /home/jakeluo/Documents/MonitoringSystemRos2/src/droneutility/include;$<BUILD_INTERFACE:/home/jakeluo/Documents/MonitoringSystemRos2/src/droneutility/include>
-- Configured cppcheck exclude dirs and/or files: 
-- Added test 'cpplint' to check C / C++ code against the Google style
-- Configured cpplint exclude dirs and/or files: 
-- Added test 'lint_cmake' to check CMake code style
-- Added test 'uncrustify' to check C / C++ code style
-- Configured uncrustify additional arguments: 
-- Added test 'xmllint' to check XML markup files
-- Configuring done
-- Generating done
-- Build files have been written to: /home/jakeluo/Documents/MonitoringSystemRos2/src/build/droneutility
[35m[1mScanning dependencies of target drone[0m
[35m[1mScanning dependencies of target dronemanager[0m
[ 25%] [32mBuilding CXX object CMakeFiles/dronemanager.dir/src/droneManager.cpp.o[0m
[ 50%] [32mBuilding CXX object CMakeFiles/drone.dir/src/drone.cpp.o[0m
In file included from [01m[K/home/jakeluo/Software/ORB_SLAM2/Thirdparty/g2o/g2o/types/types_seven_dof_expmap.h:34[m[K,
                 from [01m[K/home/jakeluo/Software/ORB_SLAM2/include/LoopClosing.h:34[m[K,
                 from [01m[K/home/jakeluo/Software/ORB_SLAM2/include/LocalMapping.h:26[m[K,
                 from [01m[K/home/jakeluo/Software/ORB_SLAM2/include/Tracking.h:31[m[K,
                 from [01m[K/home/jakeluo/Software/ORB_SLAM2/include/System.h:29[m[K,
                 from [01m[K/home/jakeluo/Documents/MonitoringSystemRos2/src/droneutility/include/drone.hpp:11[m[K,
                 from [01m[K/home/jakeluo/Documents/MonitoringSystemRos2/src/droneutility/src/drone.cpp:1[m[K:
[01m[K/home/jakeluo/Software/ORB_SLAM2/Thirdparty/g2o/g2o/types/../core/base_vertex.h:62:74:[m[K [01;35m[Kwarning: [m[K‘[01m[KEigen::AlignedBit[m[K’ is deprecated [[01;35m[K-Wdeprecated-declarations[m[K]
   62 | D, D>, Matrix<double,D,D>::Flags & [01;35m[KAlignedBit[m[K ? Aligned : Unaligned >  HessianBlockType;
      |                                    [01;35m[K^~~~~~~~~~[m[K

In file included from [01m[K/usr/include/eigen3/Eigen/Core:363[m[K,
                 from [01m[K/usr/local/include/pangolin/gl/gl.h:40[m[K,
                 from [01m[K/usr/local/include/pangolin/pangolin.h:34[m[K,
                 from [01m[K/home/jakeluo/Software/ORB_SLAM2/include/MapDrawer.h:27[m[K,
                 from [01m[K/home/jakeluo/Software/ORB_SLAM2/include/Viewer.h:26[m[K,
                 from [01m[K/home/jakeluo/Software/ORB_SLAM2/include/Tracking.h:28[m[K,
                 from [01m[K/home/jakeluo/Software/ORB_SLAM2/include/System.h:29[m[K,
                 from [01m[K/home/jakeluo/Documents/MonitoringSystemRos2/src/droneutility/include/drone.hpp:11[m[K,
                 from [01m[K/home/jakeluo/Documents/MonitoringSystemRos2/src/droneutility/src/drone.cpp:1[m[K:
[01m[K/usr/include/eigen3/Eigen/src/Core/util/Constants.h:162:37:[m[K [01;36m[Knote: [m[Kdeclared here
  162 | IGEN_DEPRECATED const unsigned int [01;36m[KAlignedBit[m[K = 0x80;
      |                                    [01;36m[K^~~~~~~~~~[m[K

In file included from [01m[K/home/jakeluo/Software/ORB_SLAM2/Thirdparty/g2o/g2o/types/types_seven_dof_expmap.h:35[m[K,
                 from [01m[K/home/jakeluo/Software/ORB_SLAM2/include/LoopClosing.h:34[m[K,
                 from [01m[K/home/jakeluo/Software/ORB_SLAM2/include/LocalMapping.h:26[m[K,
                 from [01m[K/home/jakeluo/Software/ORB_SLAM2/include/Tracking.h:31[m[K,
                 from [01m[K/home/jakeluo/Software/ORB_SLAM2/include/System.h:29[m[K,
                 from [01m[K/home/jakeluo/Documents/MonitoringSystemRos2/src/droneutility/include/drone.hpp:11[m[K,
                 from [01m[K/home/jakeluo/Documents/MonitoringSystemRos2/src/droneutility/src/drone.cpp:1[m[K:
[01m[K/home/jakeluo/Software/ORB_SLAM2/Thirdparty/g2o/g2o/types/../core/base_binary_edge.h:59:82:[m[K [01;35m[Kwarning: [m[K‘[01m[KEigen::AlignedBit[m[K’ is deprecated [[01;35m[K-Wdeprecated-declarations[m[K]
   59 | >, Matrix<double, Di, Dj>::Flags & [01;35m[KAlignedBit[m[K ? Aligned : Unaligned > HessianBlockType;
      |                                    [01;35m[K^~~~~~~~~~[m[K

In file included from [01m[K/usr/include/eigen3/Eigen/Core:363[m[K,
                 from [01m[K/usr/local/include/pangolin/gl/gl.h:40[m[K,
                 from [01m[K/usr/local/include/pangolin/pangolin.h:34[m[K,
                 from [01m[K/home/jakeluo/Software/ORB_SLAM2/include/MapDrawer.h:27[m[K,
                 from [01m[K/home/jakeluo/Software/ORB_SLAM2/include/Viewer.h:26[m[K,
                 from [01m[K/home/jakeluo/Software/ORB_SLAM2/include/Tracking.h:28[m[K,
                 from [01m[K/home/jakeluo/Software/ORB_SLAM2/include/System.h:29[m[K,
                 from [01m[K/home/jakeluo/Documents/MonitoringSystemRos2/src/droneutility/include/drone.hpp:11[m[K,
                 from [01m[K/home/jakeluo/Documents/MonitoringSystemRos2/src/droneutility/src/drone.cpp:1[m[K:
[01m[K/usr/include/eigen3/Eigen/src/Core/util/Constants.h:162:37:[m[K [01;36m[Knote: [m[Kdeclared here
  162 | IGEN_DEPRECATED const unsigned int [01;36m[KAlignedBit[m[K = 0x80;
      |                                    [01;36m[K^~~~~~~~~~[m[K

In file included from [01m[K/home/jakeluo/Software/ORB_SLAM2/Thirdparty/g2o/g2o/types/types_seven_dof_expmap.h:35[m[K,
                 from [01m[K/home/jakeluo/Software/ORB_SLAM2/include/LoopClosing.h:34[m[K,
                 from [01m[K/home/jakeluo/Software/ORB_SLAM2/include/LocalMapping.h:26[m[K,
                 from [01m[K/home/jakeluo/Software/ORB_SLAM2/include/Tracking.h:31[m[K,
                 from [01m[K/home/jakeluo/Software/ORB_SLAM2/include/System.h:29[m[K,
                 from [01m[K/home/jakeluo/Documents/MonitoringSystemRos2/src/droneutility/include/drone.hpp:11[m[K,
                 from [01m[K/home/jakeluo/Documents/MonitoringSystemRos2/src/droneutility/src/drone.cpp:1[m[K:
[01m[K/home/jakeluo/Software/ORB_SLAM2/Thirdparty/g2o/g2o/types/../core/base_binary_edge.h:60:82:[m[K [01;35m[Kwarning: [m[K‘[01m[KEigen::AlignedBit[m[K’ is deprecated [[01;35m[K-Wdeprecated-declarations[m[K]
   60 | >, Matrix<double, Dj, Di>::Flags & [01;35m[KAlignedBit[m[K ? Aligned : Unaligned > HessianBlockTransposedType;
      |                                    [01;35m[K^~~~~~~~~~[m[K

In file included from [01m[K/usr/include/eigen3/Eigen/Core:363[m[K,
                 from [01m[K/usr/local/include/pangolin/gl/gl.h:40[m[K,
                 from [01m[K/usr/local/include/pangolin/pangolin.h:34[m[K,
                 from [01m[K/home/jakeluo/Software/ORB_SLAM2/include/MapDrawer.h:27[m[K,
                 from [01m[K/home/jakeluo/Software/ORB_SLAM2/include/Viewer.h:26[m[K,
                 from [01m[K/home/jakeluo/Software/ORB_SLAM2/include/Tracking.h:28[m[K,
                 from [01m[K/home/jakeluo/Software/ORB_SLAM2/include/System.h:29[m[K,
                 from [01m[K/home/jakeluo/Documents/MonitoringSystemRos2/src/droneutility/include/drone.hpp:11[m[K,
                 from [01m[K/home/jakeluo/Documents/MonitoringSystemRos2/src/droneutility/src/drone.cpp:1[m[K:
[01m[K/usr/include/eigen3/Eigen/src/Core/util/Constants.h:162:37:[m[K [01;36m[Knote: [m[Kdeclared here
  162 | IGEN_DEPRECATED const unsigned int [01;36m[KAlignedBit[m[K = 0x80;
      |                                    [01;36m[K^~~~~~~~~~[m[K

In file included from [01m[K/home/jakeluo/Software/ORB_SLAM2/Thirdparty/g2o/g2o/types/types_six_dof_expmap.h:41[m[K,
                 from [01m[K/home/jakeluo/Software/ORB_SLAM2/Thirdparty/g2o/g2o/types/types_seven_dof_expmap.h:36[m[K,
                 from [01m[K/home/jakeluo/Software/ORB_SLAM2/include/LoopClosing.h:34[m[K,
                 from [01m[K/home/jakeluo/Software/ORB_SLAM2/include/LocalMapping.h:26[m[K,
                 from [01m[K/home/jakeluo/Software/ORB_SLAM2/include/Tracking.h:31[m[K,
                 from [01m[K/home/jakeluo/Software/ORB_SLAM2/include/System.h:29[m[K,
                 from [01m[K/home/jakeluo/Documents/MonitoringSystemRos2/src/droneutility/include/drone.hpp:11[m[K,
                 from [01m[K/home/jakeluo/Documents/MonitoringSystemRos2/src/droneutility/src/drone.cpp:1[m[K:
[01m[K/home/jakeluo/Software/ORB_SLAM2/Thirdparty/g2o/g2o/types/se3quat.h:43:38:[m[K [01;35m[Kwarning: [m[Kextra ‘[01m[K;[m[K’ [[01;35m[K-Wpedantic[m[K]
   43 |       EIGEN_MAKE_ALIGNED_OPERATOR_NEW[01;35m[K;[m[K
      |                                      [01;35m[K^[m[K
      |                                      [31m[K-[m[K
In file included from [01m[K/home/jakeluo/Software/ORB_SLAM2/Thirdparty/g2o/g2o/types/types_seven_dof_expmap.h:34[m[K,
                 from [01m[K/home/jakeluo/Software/ORB_SLAM2/include/LoopClosing.h:34[m[K,
                 from [01m[K/home/jakeluo/Software/ORB_SLAM2/include/LocalMapping.h:26[m[K,
                 from [01m[K/home/jakeluo/Software/ORB_SLAM2/include/Tracking.h:31[m[K,
                 from [01m[K/home/jakeluo/Software/ORB_SLAM2/include/System.h:29[m[K,
                 from [01m[K/home/jakeluo/Documents/MonitoringSystemRos2/src/droneutility/include/drone.hpp:11[m[K,
                 from [01m[K/home/jakeluo/Documents/MonitoringSystemRos2/src/droneutility/src/drone.cpp:1[m[K:
/home/jakeluo/Software/ORB_SLAM2/Thirdparty/g2o/g2o/types/../core/base_vertex.h: In instantiation of ‘[01m[Kclass g2o::BaseVertex<3, Eigen::Matrix<double, 3, 1> >[m[K’:
[01m[K/home/jakeluo/Software/ORB_SLAM2/Thirdparty/g2o/g2o/types/types_sba.h:40:35:[m[K   required from here
[01m[K/home/jakeluo/Software/ORB_SLAM2/Thirdparty/g2o/g2o/types/../core/base_vertex.h:62:72:[m[K [01;35m[Kwarning: [m[K‘[01m[KEigen::AlignedBit[m[K’ is deprecated [[01;35m[K-Wdeprecated-declarations[m[K]
   62 | , D, D>, Matrix<double,D,D>::[01;35m[KFlags & AlignedBit[m[K ? Aligned : Unaligned >  HessianBlockType;
      |                              [01;35m[K~~~~~~^~~~~~~~~~~~[m[K

In file included from [01m[K/usr/include/eigen3/Eigen/Core:363[m[K,
                 from [01m[K/usr/local/include/pangolin/gl/gl.h:40[m[K,
                 from [01m[K/usr/local/include/pangolin/pangolin.h:34[m[K,
                 from [01m[K/home/jakeluo/Software/ORB_SLAM2/include/MapDrawer.h:27[m[K,
                 from [01m[K/home/jakeluo/Software/ORB_SLAM2/include/Viewer.h:26[m[K,
                 from [01m[K/home/jakeluo/Software/ORB_SLAM2/include/Tracking.h:28[m[K,
                 from [01m[K/home/jakeluo/Software/ORB_SLAM2/include/System.h:29[m[K,
                 from [01m[K/home/jakeluo/Documents/MonitoringSystemRos2/src/droneutility/include/drone.hpp:11[m[K,
                 from [01m[K/home/jakeluo/Documents/MonitoringSystemRos2/src/droneutility/src/drone.cpp:1[m[K:
[01m[K/usr/include/eigen3/Eigen/src/Core/util/Constants.h:162:37:[m[K [01;36m[Knote: [m[Kdeclared here
  162 | IGEN_DEPRECATED const unsigned int [01;36m[KAlignedBit[m[K = 0x80;
      |                                    [01;36m[K^~~~~~~~~~[m[K

In file included from [01m[K/home/jakeluo/Software/ORB_SLAM2/Thirdparty/g2o/g2o/types/types_seven_dof_expmap.h:34[m[K,
                 from [01m[K/home/jakeluo/Software/ORB_SLAM2/include/LoopClosing.h:34[m[K,
                 from [01m[K/home/jakeluo/Software/ORB_SLAM2/include/LocalMapping.h:26[m[K,
                 from [01m[K/home/jakeluo/Software/ORB_SLAM2/include/Tracking.h:31[m[K,
                 from [01m[K/home/jakeluo/Software/ORB_SLAM2/include/System.h:29[m[K,
                 from [01m[K/home/jakeluo/Documents/MonitoringSystemRos2/src/droneutility/include/drone.hpp:11[m[K,
                 from [01m[K/home/jakeluo/Documents/MonitoringSystemRos2/src/droneutility/src/drone.cpp:1[m[K:
/home/jakeluo/Software/ORB_SLAM2/Thirdparty/g2o/g2o/types/../core/base_vertex.h: In instantiation of ‘[01m[Kclass g2o::BaseVertex<6, g2o::SE3Quat>[m[K’:
[01m[K/home/jakeluo/Software/ORB_SLAM2/Thirdparty/g2o/g2o/types/types_six_dof_expmap.h:59:33:[m[K   required from here
[01m[K/home/jakeluo/Software/ORB_SLAM2/Thirdparty/g2o/g2o/types/../core/base_vertex.h:62:72:[m[K [01;35m[Kwarning: [m[K‘[01m[KEigen::AlignedBit[m[K’ is deprecated [[01;35m[K-Wdeprecated-declarations[m[K]
   62 | , D, D>, Matrix<double,D,D>::[01;35m[KFlags & AlignedBit[m[K ? Aligned : Unaligned >  HessianBlockType;
      |                              [01;35m[K~~~~~~^~~~~~~~~~~~[m[K

In file included from [01m[K/usr/include/eigen3/Eigen/Core:363[m[K,
                 from [01m[K/usr/local/include/pangolin/gl/gl.h:40[m[K,
                 from [01m[K/usr/local/include/pangolin/pangolin.h:34[m[K,
                 from [01m[K/home/jakeluo/Software/ORB_SLAM2/include/MapDrawer.h:27[m[K,
                 from [01m[K/home/jakeluo/Software/ORB_SLAM2/include/Viewer.h:26[m[K,
                 from [01m[K/home/jakeluo/Software/ORB_SLAM2/include/Tracking.h:28[m[K,
                 from [01m[K/home/jakeluo/Software/ORB_SLAM2/include/System.h:29[m[K,
                 from [01m[K/home/jakeluo/Documents/MonitoringSystemRos2/src/droneutility/include/drone.hpp:11[m[K,
                 from [01m[K/home/jakeluo/Documents/MonitoringSystemRos2/src/droneutility/src/drone.cpp:1[m[K:
[01m[K/usr/include/eigen3/Eigen/src/Core/util/Constants.h:162:37:[m[K [01;36m[Knote: [m[Kdeclared here
  162 | IGEN_DEPRECATED const unsigned int [01;36m[KAlignedBit[m[K = 0x80;
      |                                    [01;36m[K^~~~~~~~~~[m[K

In file included from [01m[K/home/jakeluo/Software/ORB_SLAM2/Thirdparty/g2o/g2o/types/types_seven_dof_expmap.h:35[m[K,
                 from [01m[K/home/jakeluo/Software/ORB_SLAM2/include/LoopClosing.h:34[m[K,
                 from [01m[K/home/jakeluo/Software/ORB_SLAM2/include/LocalMapping.h:26[m[K,
                 from [01m[K/home/jakeluo/Software/ORB_SLAM2/include/Tracking.h:31[m[K,
                 from [01m[K/home/jakeluo/Software/ORB_SLAM2/include/System.h:29[m[K,
                 from [01m[K/home/jakeluo/Documents/MonitoringSystemRos2/src/droneutility/include/drone.hpp:11[m[K,
                 from [01m[K/home/jakeluo/Documents/MonitoringSystemRos2/src/droneutility/src/drone.cpp:1[m[K:
/home/jakeluo/Software/ORB_SLAM2/Thirdparty/g2o/g2o/types/../core/base_binary_edge.h: In instantiation of ‘[01m[Kclass g2o::BaseBinaryEdge<2, Eigen::Matrix<double, 2, 1>, g2o::VertexSBAPointXYZ, g2o::VertexSE3Expmap>[m[K’:
[01m[K/home/jakeluo/Software/ORB_SLAM2/Thirdparty/g2o/g2o/types/types_six_dof_expmap.h:80:35:[m[K   required from here
[01m[K/home/jakeluo/Software/ORB_SLAM2/Thirdparty/g2o/g2o/types/../core/base_binary_edge.h:59:80:[m[K [01;35m[Kwarning: [m[K‘[01m[KEigen::AlignedBit[m[K’ is deprecated [[01;35m[K-Wdeprecated-declarations[m[K]
   59 | Dj>, Matrix<double, Di, Dj>::[01;35m[KFlags & AlignedBit[m[K ? Aligned : Unaligned > HessianBlockType;
      |                              [01;35m[K~~~~~~^~~~~~~~~~~~[m[K

In file included from [01m[K/usr/include/eigen3/Eigen/Core:363[m[K,
                 from [01m[K/usr/local/include/pangolin/gl/gl.h:40[m[K,
                 from [01m[K/usr/local/include/pangolin/pangolin.h:34[m[K,
                 from [01m[K/home/jakeluo/Software/ORB_SLAM2/include/MapDrawer.h:27[m[K,
                 from [01m[K/home/jakeluo/Software/ORB_SLAM2/include/Viewer.h:26[m[K,
                 from [01m[K/home/jakeluo/Software/ORB_SLAM2/include/Tracking.h:28[m[K,
                 from [01m[K/home/jakeluo/Software/ORB_SLAM2/include/System.h:29[m[K,
                 from [01m[K/home/jakeluo/Documents/MonitoringSystemRos2/src/droneutility/include/drone.hpp:11[m[K,
                 from [01m[K/home/jakeluo/Documents/MonitoringSystemRos2/src/droneutility/src/drone.cpp:1[m[K:
[01m[K/usr/include/eigen3/Eigen/src/Core/util/Constants.h:162:37:[m[K [01;36m[Knote: [m[Kdeclared here
  162 | IGEN_DEPRECATED const unsigned int [01;36m[KAlignedBit[m[K = 0x80;
      |                                    [01;36m[K^~~~~~~~~~[m[K

In file included from [01m[K/home/jakeluo/Software/ORB_SLAM2/Thirdparty/g2o/g2o/types/types_seven_dof_expmap.h:35[m[K,
                 from [01m[K/home/jakeluo/Software/ORB_SLAM2/include/LoopClosing.h:34[m[K,
                 from [01m[K/home/jakeluo/Software/ORB_SLAM2/include/LocalMapping.h:26[m[K,
                 from [01m[K/home/jakeluo/Software/ORB_SLAM2/include/Tracking.h:31[m[K,
                 from [01m[K/home/jakeluo/Software/ORB_SLAM2/include/System.h:29[m[K,
                 from [01m[K/home/jakeluo/Documents/MonitoringSystemRos2/src/droneutility/include/drone.hpp:11[m[K,
                 from [01m[K/home/jakeluo/Documents/MonitoringSystemRos2/src/droneutility/src/drone.cpp:1[m[K:
[01m[K/home/jakeluo/Software/ORB_SLAM2/Thirdparty/g2o/g2o/types/../core/base_binary_edge.h:60:80:[m[K [01;35m[Kwarning: [m[K‘[01m[KEigen::AlignedBit[m[K’ is deprecated [[01;35m[K-Wdeprecated-declarations[m[K]
   60 | Di>, Matrix<double, Dj, Di>::[01;35m[KFlags & AlignedBit[m[K ? Aligned : Unaligned > HessianBlockTransposedType;
      |                              [01;35m[K~~~~~~^~~~~~~~~~~~[m[K

In file included from [01m[K/usr/include/eigen3/Eigen/Core:363[m[K,
                 from [01m[K/usr/local/include/pangolin/gl/gl.h:40[m[K,
                 from [01m[K/usr/local/include/pangolin/pangolin.h:34[m[K,
                 from [01m[K/home/jakeluo/Software/ORB_SLAM2/include/MapDrawer.h:27[m[K,
                 from [01m[K/home/jakeluo/Software/ORB_SLAM2/include/Viewer.h:26[m[K,
                 from [01m[K/home/jakeluo/Software/ORB_SLAM2/include/Tracking.h:28[m[K,
                 from [01m[K/home/jakeluo/Software/ORB_SLAM2/include/System.h:29[m[K,
                 from [01m[K/home/jakeluo/Documents/MonitoringSystemRos2/src/droneutility/include/drone.hpp:11[m[K,
                 from [01m[K/home/jakeluo/Documents/MonitoringSystemRos2/src/droneutility/src/drone.cpp:1[m[K:
[01m[K/usr/include/eigen3/Eigen/src/Core/util/Constants.h:162:37:[m[K [01;36m[Knote: [m[Kdeclared here
  162 | IGEN_DEPRECATED const unsigned int [01;36m[KAlignedBit[m[K = 0x80;
      |                                    [01;36m[K^~~~~~~~~~[m[K

In file included from [01m[K/home/jakeluo/Software/ORB_SLAM2/Thirdparty/g2o/g2o/types/types_seven_dof_expmap.h:35[m[K,
                 from [01m[K/home/jakeluo/Software/ORB_SLAM2/include/LoopClosing.h:34[m[K,
                 from [01m[K/home/jakeluo/Software/ORB_SLAM2/include/LocalMapping.h:26[m[K,
                 from [01m[K/home/jakeluo/Software/ORB_SLAM2/include/Tracking.h:31[m[K,
                 from [01m[K/home/jakeluo/Software/ORB_SLAM2/include/System.h:29[m[K,
                 from [01m[K/home/jakeluo/Documents/MonitoringSystemRos2/src/droneutility/include/drone.hpp:11[m[K,
                 from [01m[K/home/jakeluo/Documents/MonitoringSystemRos2/src/droneutility/src/drone.cpp:1[m[K:
/home/jakeluo/Software/ORB_SLAM2/Thirdparty/g2o/g2o/types/../core/base_binary_edge.h: In instantiation of ‘[01m[Kclass g2o::BaseBinaryEdge<3, Eigen::Matrix<double, 3, 1>, g2o::VertexSBAPointXYZ, g2o::VertexSE3Expmap>[m[K’:
[01m[K/home/jakeluo/Software/ORB_SLAM2/Thirdparty/g2o/g2o/types/types_six_dof_expmap.h:112:41:[m[K   required from here
[01m[K/home/jakeluo/Software/ORB_SLAM2/Thirdparty/g2o/g2o/types/../core/base_binary_edge.h:59:80:[m[K [01;35m[Kwarning: [m[K‘[01m[KEigen::AlignedBit[m[K’ is deprecated [[01;35m[K-Wdeprecated-declarations[m[K]
   59 | Dj>, Matrix<double, Di, Dj>::[01;35m[KFlags & AlignedBit[m[K ? Aligned : Unaligned > HessianBlockType;
      |                              [01;35m[K~~~~~~^~~~~~~~~~~~[m[K

In file included from [01m[K/usr/include/eigen3/Eigen/Core:363[m[K,
                 from [01m[K/usr/local/include/pangolin/gl/gl.h:40[m[K,
                 from [01m[K/usr/local/include/pangolin/pangolin.h:34[m[K,
                 from [01m[K/home/jakeluo/Software/ORB_SLAM2/include/MapDrawer.h:27[m[K,
                 from [01m[K/home/jakeluo/Software/ORB_SLAM2/include/Viewer.h:26[m[K,
                 from [01m[K/home/jakeluo/Software/ORB_SLAM2/include/Tracking.h:28[m[K,
                 from [01m[K/home/jakeluo/Software/ORB_SLAM2/include/System.h:29[m[K,
                 from [01m[K/home/jakeluo/Documents/MonitoringSystemRos2/src/droneutility/include/drone.hpp:11[m[K,
                 from [01m[K/home/jakeluo/Documents/MonitoringSystemRos2/src/droneutility/src/drone.cpp:1[m[K:
[01m[K/usr/include/eigen3/Eigen/src/Core/util/Constants.h:162:37:[m[K [01;36m[Knote: [m[Kdeclared here
  162 | IGEN_DEPRECATED const unsigned int [01;36m[KAlignedBit[m[K = 0x80;
      |                                    [01;36m[K^~~~~~~~~~[m[K

In file included from [01m[K/home/jakeluo/Software/ORB_SLAM2/Thirdparty/g2o/g2o/types/types_seven_dof_expmap.h:35[m[K,
                 from [01m[K/home/jakeluo/Software/ORB_SLAM2/include/LoopClosing.h:34[m[K,
                 from [01m[K/home/jakeluo/Software/ORB_SLAM2/include/LocalMapping.h:26[m[K,
                 from [01m[K/home/jakeluo/Software/ORB_SLAM2/include/Tracking.h:31[m[K,
                 from [01m[K/home/jakeluo/Software/ORB_SLAM2/include/System.h:29[m[K,
                 from [01m[K/home/jakeluo/Documents/MonitoringSystemRos2/src/droneutility/include/drone.hpp:11[m[K,
                 from [01m[K/home/jakeluo/Documents/MonitoringSystemRos2/src/droneutility/src/drone.cpp:1[m[K:
[01m[K/home/jakeluo/Software/ORB_SLAM2/Thirdparty/g2o/g2o/types/../core/base_binary_edge.h:60:80:[m[K [01;35m[Kwarning: [m[K‘[01m[KEigen::AlignedBit[m[K’ is deprecated [[01;35m[K-Wdeprecated-declarations[m[K]
   60 | Di>, Matrix<double, Dj, Di>::[01;35m[KFlags & AlignedBit[m[K ? Aligned : Unaligned > HessianBlockTransposedType;
      |                              [01;35m[K~~~~~~^~~~~~~~~~~~[m[K

In file included from [01m[K/usr/include/eigen3/Eigen/Core:363[m[K,
                 from [01m[K/usr/local/include/pangolin/gl/gl.h:40[m[K,
                 from [01m[K/usr/local/include/pangolin/pangolin.h:34[m[K,
                 from [01m[K/home/jakeluo/Software/ORB_SLAM2/include/MapDrawer.h:27[m[K,
                 from [01m[K/home/jakeluo/Software/ORB_SLAM2/include/Viewer.h:26[m[K,
                 from [01m[K/home/jakeluo/Software/ORB_SLAM2/include/Tracking.h:28[m[K,
                 from [01m[K/home/jakeluo/Software/ORB_SLAM2/include/System.h:29[m[K,
                 from [01m[K/home/jakeluo/Documents/MonitoringSystemRos2/src/droneutility/include/drone.hpp:11[m[K,
                 from [01m[K/home/jakeluo/Documents/MonitoringSystemRos2/src/droneutility/src/drone.cpp:1[m[K:
[01m[K/usr/include/eigen3/Eigen/src/Core/util/Constants.h:162:37:[m[K [01;36m[Knote: [m[Kdeclared here
  162 | IGEN_DEPRECATED const unsigned int [01;36m[KAlignedBit[m[K = 0x80;
      |                                    [01;36m[K^~~~~~~~~~[m[K

In file included from [01m[K/home/jakeluo/Software/ORB_SLAM2/Thirdparty/g2o/g2o/types/types_seven_dof_expmap.h:34[m[K,
                 from [01m[K/home/jakeluo/Software/ORB_SLAM2/include/LoopClosing.h:34[m[K,
                 from [01m[K/home/jakeluo/Software/ORB_SLAM2/include/LocalMapping.h:26[m[K,
                 from [01m[K/home/jakeluo/Software/ORB_SLAM2/include/Tracking.h:31[m[K,
                 from [01m[K/home/jakeluo/Software/ORB_SLAM2/include/System.h:29[m[K,
                 from [01m[K/home/jakeluo/Documents/MonitoringSystemRos2/src/droneutility/include/drone.hpp:11[m[K,
                 from [01m[K/home/jakeluo/Documents/MonitoringSystemRos2/src/droneutility/src/drone.cpp:1[m[K:
/home/jakeluo/Software/ORB_SLAM2/Thirdparty/g2o/g2o/types/../core/base_vertex.h: In instantiation of ‘[01m[Kclass g2o::BaseVertex<7, g2o::Sim3>[m[K’:
[01m[K/home/jakeluo/Software/ORB_SLAM2/Thirdparty/g2o/g2o/types/types_seven_dof_expmap.h:48:35:[m[K   required from here
[01m[K/home/jakeluo/Software/ORB_SLAM2/Thirdparty/g2o/g2o/types/../core/base_vertex.h:62:72:[m[K [01;35m[Kwarning: [m[K‘[01m[KEigen::AlignedBit[m[K’ is deprecated [[01;35m[K-Wdeprecated-declarations[m[K]
   62 | , D, D>, Matrix<double,D,D>::[01;35m[KFlags & AlignedBit[m[K ? Aligned : Unaligned >  HessianBlockType;
      |                              [01;35m[K~~~~~~^~~~~~~~~~~~[m[K

In file included from [01m[K/usr/include/eigen3/Eigen/Core:363[m[K,
                 from [01m[K/usr/local/include/pangolin/gl/gl.h:40[m[K,
                 from [01m[K/usr/local/include/pangolin/pangolin.h:34[m[K,
                 from [01m[K/home/jakeluo/Software/ORB_SLAM2/include/MapDrawer.h:27[m[K,
                 from [01m[K/home/jakeluo/Software/ORB_SLAM2/include/Viewer.h:26[m[K,
                 from [01m[K/home/jakeluo/Software/ORB_SLAM2/include/Tracking.h:28[m[K,
                 from [01m[K/home/jakeluo/Software/ORB_SLAM2/include/System.h:29[m[K,
                 from [01m[K/home/jakeluo/Documents/MonitoringSystemRos2/src/droneutility/include/drone.hpp:11[m[K,
                 from [01m[K/home/jakeluo/Documents/MonitoringSystemRos2/src/droneutility/src/drone.cpp:1[m[K:
[01m[K/usr/include/eigen3/Eigen/src/Core/util/Constants.h:162:37:[m[K [01;36m[Knote: [m[Kdeclared here
  162 | IGEN_DEPRECATED const unsigned int [01;36m[KAlignedBit[m[K = 0x80;
      |                                    [01;36m[K^~~~~~~~~~[m[K

In file included from [01m[K/home/jakeluo/Software/ORB_SLAM2/Thirdparty/g2o/g2o/types/types_seven_dof_expmap.h:35[m[K,
                 from [01m[K/home/jakeluo/Software/ORB_SLAM2/include/LoopClosing.h:34[m[K,
                 from [01m[K/home/jakeluo/Software/ORB_SLAM2/include/LocalMapping.h:26[m[K,
                 from [01m[K/home/jakeluo/Software/ORB_SLAM2/include/Tracking.h:31[m[K,
                 from [01m[K/home/jakeluo/Software/ORB_SLAM2/include/System.h:29[m[K,
                 from [01m[K/home/jakeluo/Documents/MonitoringSystemRos2/src/droneutility/include/drone.hpp:11[m[K,
                 from [01m[K/home/jakeluo/Documents/MonitoringSystemRos2/src/droneutility/src/drone.cpp:1[m[K:
/home/jakeluo/Software/ORB_SLAM2/Thirdparty/g2o/g2o/types/../core/base_binary_edge.h: In instantiation of ‘[01m[Kclass g2o::BaseBinaryEdge<7, g2o::Sim3, g2o::VertexSim3Expmap, g2o::VertexSim3Expmap>[m[K’:
[01m[K/home/jakeluo/Software/ORB_SLAM2/Thirdparty/g2o/g2o/types/types_seven_dof_expmap.h:99:27:[m[K   required from here
[01m[K/home/jakeluo/Software/ORB_SLAM2/Thirdparty/g2o/g2o/types/../core/base_binary_edge.h:59:80:[m[K [01;35m[Kwarning: [m[K‘[01m[KEigen::AlignedBit[m[K’ is deprecated [[01;35m[K-Wdeprecated-declarations[m[K]
   59 | Dj>, Matrix<double, Di, Dj>::[01;35m[KFlags & AlignedBit[m[K ? Aligned : Unaligned > HessianBlockType;
      |                              [01;35m[K~~~~~~^~~~~~~~~~~~[m[K

In file included from [01m[K/usr/include/eigen3/Eigen/Core:363[m[K,
                 from [01m[K/usr/local/include/pangolin/gl/gl.h:40[m[K,
                 from [01m[K/usr/local/include/pangolin/pangolin.h:34[m[K,
                 from [01m[K/home/jakeluo/Software/ORB_SLAM2/include/MapDrawer.h:27[m[K,
                 from [01m[K/home/jakeluo/Software/ORB_SLAM2/include/Viewer.h:26[m[K,
                 from [01m[K/home/jakeluo/Software/ORB_SLAM2/include/Tracking.h:28[m[K,
                 from [01m[K/home/jakeluo/Software/ORB_SLAM2/include/System.h:29[m[K,
                 from [01m[K/home/jakeluo/Documents/MonitoringSystemRos2/src/droneutility/include/drone.hpp:11[m[K,
                 from [01m[K/home/jakeluo/Documents/MonitoringSystemRos2/src/droneutility/src/drone.cpp:1[m[K:
[01m[K/usr/include/eigen3/Eigen/src/Core/util/Constants.h:162:37:[m[K [01;36m[Knote: [m[Kdeclared here
  162 | IGEN_DEPRECATED const unsigned int [01;36m[KAlignedBit[m[K = 0x80;
      |                                    [01;36m[K^~~~~~~~~~[m[K

In file included from [01m[K/home/jakeluo/Software/ORB_SLAM2/Thirdparty/g2o/g2o/types/types_seven_dof_expmap.h:35[m[K,
                 from [01m[K/home/jakeluo/Software/ORB_SLAM2/include/LoopClosing.h:34[m[K,
                 from [01m[K/home/jakeluo/Software/ORB_SLAM2/include/LocalMapping.h:26[m[K,
                 from [01m[K/home/jakeluo/Software/ORB_SLAM2/include/Tracking.h:31[m[K,
                 from [01m[K/home/jakeluo/Software/ORB_SLAM2/include/System.h:29[m[K,
                 from [01m[K/home/jakeluo/Documents/MonitoringSystemRos2/src/droneutility/include/drone.hpp:11[m[K,
                 from [01m[K/home/jakeluo/Documents/MonitoringSystemRos2/src/droneutility/src/drone.cpp:1[m[K:
[01m[K/home/jakeluo/Software/ORB_SLAM2/Thirdparty/g2o/g2o/types/../core/base_binary_edge.h:60:80:[m[K [01;35m[Kwarning: [m[K‘[01m[KEigen::AlignedBit[m[K’ is deprecated [[01;35m[K-Wdeprecated-declarations[m[K]
   60 | Di>, Matrix<double, Dj, Di>::[01;35m[KFlags & AlignedBit[m[K ? Aligned : Unaligned > HessianBlockTransposedType;
      |                              [01;35m[K~~~~~~^~~~~~~~~~~~[m[K

In file included from [01m[K/usr/include/eigen3/Eigen/Core:363[m[K,
                 from [01m[K/usr/local/include/pangolin/gl/gl.h:40[m[K,
                 from [01m[K/usr/local/include/pangolin/pangolin.h:34[m[K,
                 from [01m[K/home/jakeluo/Software/ORB_SLAM2/include/MapDrawer.h:27[m[K,
                 from [01m[K/home/jakeluo/Software/ORB_SLAM2/include/Viewer.h:26[m[K,
                 from [01m[K/home/jakeluo/Software/ORB_SLAM2/include/Tracking.h:28[m[K,
                 from [01m[K/home/jakeluo/Software/ORB_SLAM2/include/System.h:29[m[K,
                 from [01m[K/home/jakeluo/Documents/MonitoringSystemRos2/src/droneutility/include/drone.hpp:11[m[K,
                 from [01m[K/home/jakeluo/Documents/MonitoringSystemRos2/src/droneutility/src/drone.cpp:1[m[K:
[01m[K/usr/include/eigen3/Eigen/src/Core/util/Constants.h:162:37:[m[K [01;36m[Knote: [m[Kdeclared here
  162 | IGEN_DEPRECATED const unsigned int [01;36m[KAlignedBit[m[K = 0x80;
      |                                    [01;36m[K^~~~~~~~~~[m[K

In file included from [01m[K/home/jakeluo/Software/ORB_SLAM2/Thirdparty/g2o/g2o/types/types_seven_dof_expmap.h:35[m[K,
                 from [01m[K/home/jakeluo/Software/ORB_SLAM2/include/LoopClosing.h:34[m[K,
                 from [01m[K/home/jakeluo/Software/ORB_SLAM2/include/LocalMapping.h:26[m[K,
                 from [01m[K/home/jakeluo/Software/ORB_SLAM2/include/Tracking.h:31[m[K,
                 from [01m[K/home/jakeluo/Software/ORB_SLAM2/include/System.h:29[m[K,
                 from [01m[K/home/jakeluo/Documents/MonitoringSystemRos2/src/droneutility/include/drone.hpp:11[m[K,
                 from [01m[K/home/jakeluo/Documents/MonitoringSystemRos2/src/droneutility/src/drone.cpp:1[m[K:
/home/jakeluo/Software/ORB_SLAM2/Thirdparty/g2o/g2o/types/../core/base_binary_edge.h: In instantiation of ‘[01m[Kclass g2o::BaseBinaryEdge<2, Eigen::Matrix<double, 2, 1>, g2o::VertexSBAPointXYZ, g2o::VertexSim3Expmap>[m[K’:
[01m[K/home/jakeluo/Software/ORB_SLAM2/Thirdparty/g2o/g2o/types/types_seven_dof_expmap.h:130:36:[m[K   required from here
[01m[K/home/jakeluo/Software/ORB_SLAM2/Thirdparty/g2o/g2o/types/../core/base_binary_edge.h:59:80:[m[K [01;35m[Kwarning: [m[K‘[01m[KEigen::AlignedBit[m[K’ is deprecated [[01;35m[K-Wdeprecated-declarations[m[K]
   59 | Dj>, Matrix<double, Di, Dj>::[01;35m[KFlags & AlignedBit[m[K ? Aligned : Unaligned > HessianBlockType;
      |                              [01;35m[K~~~~~~^~~~~~~~~~~~[m[K

In file included from [01m[K/usr/include/eigen3/Eigen/Core:363[m[K,
                 from [01m[K/usr/local/include/pangolin/gl/gl.h:40[m[K,
                 from [01m[K/usr/local/include/pangolin/pangolin.h:34[m[K,
                 from [01m[K/home/jakeluo/Software/ORB_SLAM2/include/MapDrawer.h:27[m[K,
                 from [01m[K/home/jakeluo/Software/ORB_SLAM2/include/Viewer.h:26[m[K,
                 from [01m[K/home/jakeluo/Software/ORB_SLAM2/include/Tracking.h:28[m[K,
                 from [01m[K/home/jakeluo/Software/ORB_SLAM2/include/System.h:29[m[K,
                 from [01m[K/home/jakeluo/Documents/MonitoringSystemRos2/src/droneutility/include/drone.hpp:11[m[K,
                 from [01m[K/home/jakeluo/Documents/MonitoringSystemRos2/src/droneutility/src/drone.cpp:1[m[K:
[01m[K/usr/include/eigen3/Eigen/src/Core/util/Constants.h:162:37:[m[K [01;36m[Knote: [m[Kdeclared here
  162 | IGEN_DEPRECATED const unsigned int [01;36m[KAlignedBit[m[K = 0x80;
      |                                    [01;36m[K^~~~~~~~~~[m[K

In file included from [01m[K/home/jakeluo/Software/ORB_SLAM2/Thirdparty/g2o/g2o/types/types_seven_dof_expmap.h:35[m[K,
                 from [01m[K/home/jakeluo/Software/ORB_SLAM2/include/LoopClosing.h:34[m[K,
                 from [01m[K/home/jakeluo/Software/ORB_SLAM2/include/LocalMapping.h:26[m[K,
                 from [01m[K/home/jakeluo/Software/ORB_SLAM2/include/Tracking.h:31[m[K,
                 from [01m[K/home/jakeluo/Software/ORB_SLAM2/include/System.h:29[m[K,
                 from [01m[K/home/jakeluo/Documents/MonitoringSystemRos2/src/droneutility/include/drone.hpp:11[m[K,
                 from [01m[K/home/jakeluo/Documents/MonitoringSystemRos2/src/droneutility/src/drone.cpp:1[m[K:
[01m[K/home/jakeluo/Software/ORB_SLAM2/Thirdparty/g2o/g2o/types/../core/base_binary_edge.h:60:80:[m[K [01;35m[Kwarning: [m[K‘[01m[KEigen::AlignedBit[m[K’ is deprecated [[01;35m[K-Wdeprecated-declarations[m[K]
   60 | Di>, Matrix<double, Dj, Di>::[01;35m[KFlags & AlignedBit[m[K ? Aligned : Unaligned > HessianBlockTransposedType;
      |                              [01;35m[K~~~~~~^~~~~~~~~~~~[m[K

In file included from [01m[K/usr/include/eigen3/Eigen/Core:363[m[K,
                 from [01m[K/usr/local/include/pangolin/gl/gl.h:40[m[K,
                 from [01m[K/usr/local/include/pangolin/pangolin.h:34[m[K,
                 from [01m[K/home/jakeluo/Software/ORB_SLAM2/include/MapDrawer.h:27[m[K,
                 from [01m[K/home/jakeluo/Software/ORB_SLAM2/include/Viewer.h:26[m[K,
                 from [01m[K/home/jakeluo/Software/ORB_SLAM2/include/Tracking.h:28[m[K,
                 from [01m[K/home/jakeluo/Software/ORB_SLAM2/include/System.h:29[m[K,
                 from [01m[K/home/jakeluo/Documents/MonitoringSystemRos2/src/droneutility/include/drone.hpp:11[m[K,
                 from [01m[K/home/jakeluo/Documents/MonitoringSystemRos2/src/droneutility/src/drone.cpp:1[m[K:
[01m[K/usr/include/eigen3/Eigen/src/Core/util/Constants.h:162:37:[m[K [01;36m[Knote: [m[Kdeclared here
  162 | IGEN_DEPRECATED const unsigned int [01;36m[KAlignedBit[m[K = 0x80;
      |                                    [01;36m[K^~~~~~~~~~[m[K

[ 75%] [32m[1mLinking CXX executable dronemanager[0m
[ 75%] Built target dronemanager
[100%] [32m[1mLinking CXX executable drone[0m
[100%] Built target drone
-- Install configuration: ""
-- Installing: /home/jakeluo/Documents/MonitoringSystemRos2/src/install/droneutility/lib/droneutility/dronemanager
-- Set runtime path of "/home/jakeluo/Documents/MonitoringSystemRos2/src/install/droneutility/lib/droneutility/dronemanager" to ""
-- Installing: /home/jakeluo/Documents/MonitoringSystemRos2/src/install/droneutility/lib/droneutility/drone
-- Set runtime path of "/home/jakeluo/Documents/MonitoringSystemRos2/src/install/droneutility/lib/droneutility/drone" to ""
-- Installing: /home/jakeluo/Documents/MonitoringSystemRos2/src/install/droneutility/share/ament_index/resource_index/package_run_dependencies/droneutility
-- Installing: /home/jakeluo/Documents/MonitoringSystemRos2/src/install/droneutility/share/ament_index/resource_index/parent_prefix_path/droneutility
-- Installing: /home/jakeluo/Documents/MonitoringSystemRos2/src/install/droneutility/share/droneutility/environment/ament_prefix_path.sh
-- Installing: /home/jakeluo/Documents/MonitoringSystemRos2/src/install/droneutility/share/droneutility/environment/ament_prefix_path.dsv
-- Installing: /home/jakeluo/Documents/MonitoringSystemRos2/src/install/droneutility/share/droneutility/environment/path.sh
-- Installing: /home/jakeluo/Documents/MonitoringSystemRos2/src/install/droneutility/share/droneutility/environment/path.dsv
-- Installing: /home/jakeluo/Documents/MonitoringSystemRos2/src/install/droneutility/share/droneutility/local_setup.bash
-- Installing: /home/jakeluo/Documents/MonitoringSystemRos2/src/install/droneutility/share/droneutility/local_setup.sh
-- Installing: /home/jakeluo/Documents/MonitoringSystemRos2/src/install/droneutility/share/droneutility/local_setup.zsh
-- Installing: /home/jakeluo/Documents/MonitoringSystemRos2/src/install/droneutility/share/droneutility/local_setup.dsv
-- Installing: /home/jakeluo/Documents/MonitoringSystemRos2/src/install/droneutility/share/droneutility/package.dsv
-- Installing: /home/jakeluo/Documents/MonitoringSystemRos2/src/install/droneutility/share/ament_index/resource_index/packages/droneutility
-- Installing: /home/jakeluo/Documents/MonitoringSystemRos2/src/install/droneutility/share/droneutility/cmake/droneutilityConfig.cmake
-- Installing: /home/jakeluo/Documents/MonitoringSystemRos2/src/install/droneutility/share/droneutility/cmake/droneutilityConfig-version.cmake
-- Installing: /home/jakeluo/Documents/MonitoringSystemRos2/src/install/droneutility/share/droneutility/package.xml
