-- Found ament_cmake: 1.1.4 (/home/jakeluo/Software/ros2_rolling/install/ament_cmake/share/ament_cmake/cmake)
-- Override CMake install command with custom implementation using symlinks instead of copying resources
-- Found rosidl_default_generators: 1.1.1 (/home/jakeluo/Software/ros2_rolling/install/rosidl_default_generators/share/rosidl_default_generators/cmake)
-- Using all available rosidl_typesupport_c: rosidl_typesupport_introspection_c;rosidl_typesupport_fastrtps_c
-- Found rosidl_adapter: 2.5.0 (/home/jakeluo/Software/ros2_rolling/install/rosidl_adapter/share/rosidl_adapter/cmake)
-- Using all available rosidl_typesupport_cpp: rosidl_typesupport_introspection_cpp;rosidl_typesupport_fastrtps_cpp
-- Found ament_cmake_ros: 0.9.2 (/home/jakeluo/Software/ros2_rolling/install/ament_cmake_ros/share/ament_cmake_ros/cmake)
-- Using all available rosidl_typesupport_c: rosidl_typesupport_introspection_c;rosidl_typesupport_fastrtps_c
-- Using all available rosidl_typesupport_cpp: rosidl_typesupport_introspection_cpp;rosidl_typesupport_fastrtps_cpp
-- Found python_cmake_module: 0.8.1 (/home/jakeluo/Software/ros2_rolling/install/python_cmake_module/share/python_cmake_module/cmake)
-- Using PYTHON_EXECUTABLE: /usr/bin/python3
-- Using PYTHON_INCLUDE_DIRS: /usr/include/python3.8
-- Using PYTHON_LIBRARIES: /usr/lib/x86_64-linux-gnu/libpython3.8.so
-- Found ament_lint_auto: 0.11.2 (/home/jakeluo/Software/ros2_rolling/install/ament_lint_auto/share/ament_lint_auto/cmake)
-- Added test 'copyright' to check source files copyright and LICENSE
-- Added test 'lint_cmake' to check CMake code style
-- Added test 'xmllint' to check XML markup files
-- Configuring done
-- Generating done
-- Build files have been written to: /home/jakeluo/Documents/MonitoringSystemRos2/src/build/droneinterfaces
[  1%] [34m[1mGenerating C code for ROS interfaces[0m
[  1%] [34m[1mGenerating C++ code for ROS interfaces[0m
[  1%] Built target ament_cmake_python_symlink_droneinterfaces
running egg_info
writing droneinterfaces.egg-info/PKG-INFO
writing dependency_links to droneinterfaces.egg-info/dependency_links.txt
writing top-level names to droneinterfaces.egg-info/top_level.txt
[35m[1mScanning dependencies of target droneinterfaces__rosidl_generator_c[0m
[  2%] [32mBuilding C object CMakeFiles/droneinterfaces__rosidl_generator_c.dir/rosidl_generator_c/droneinterfaces/srv/detail/drone_register__functions.c.o[0m
[  3%] [32mBuilding C object CMakeFiles/droneinterfaces__rosidl_generator_c.dir/rosidl_generator_c/droneinterfaces/srv/detail/drone_controller__functions.c.o[0m
[  4%] [32mBuilding C object CMakeFiles/droneinterfaces__rosidl_generator_c.dir/rosidl_generator_c/droneinterfaces/srv/detail/drone_pool_status__functions.c.o[0m
[  5%] [32mBuilding C object CMakeFiles/droneinterfaces__rosidl_generator_c.dir/rosidl_generator_c/droneinterfaces/msg/detail/frame_array__functions.c.o[0m
[  6%] [32mBuilding C object CMakeFiles/droneinterfaces__rosidl_generator_c.dir/rosidl_generator_c/droneinterfaces/msg/detail/position_array__functions.c.o[0m
[  7%] [32mBuilding C object CMakeFiles/droneinterfaces__rosidl_generator_c.dir/rosidl_generator_c/droneinterfaces/srv/detail/drone_shut_down__functions.c.o[0m
[  8%] [32mBuilding C object CMakeFiles/droneinterfaces__rosidl_generator_c.dir/rosidl_generator_c/droneinterfaces/msg/detail/human_pose_coor__functions.c.o[0m
[  9%] [32mBuilding C object CMakeFiles/droneinterfaces__rosidl_generator_c.dir/rosidl_generator_c/droneinterfaces/srv/detail/drone_map__functions.c.o[0m
[ 10%] [32mBuilding C object CMakeFiles/droneinterfaces__rosidl_generator_c.dir/rosidl_generator_c/droneinterfaces/action/detail/go_point__functions.c.o[0m
[ 11%] [32mBuilding C object CMakeFiles/droneinterfaces__rosidl_generator_c.dir/rosidl_generator_c/droneinterfaces/srv/detail/drone_slam__functions.c.o[0m
[ 11%] Built target droneinterfaces__cpp
[ 12%] [34m[1mGenerating C++ type support dispatch for ROS interfaces[0m
[ 13%] [34m[1mGenerating C++ type support for eProsima Fast-RTPS[0m
[ 14%] [34m[1mGenerating C++ introspection for ROS interfaces[0m
[ 15%] [32m[1mLinking C shared library libdroneinterfaces__rosidl_generator_c.so[0m
[ 15%] Built target droneinterfaces__rosidl_generator_c
[ 16%] [34m[1mGenerating C type support dispatch for ROS interfaces[0m
[ 17%] [34m[1mGenerating C introspection for ROS interfaces[0m
[35m[1mScanning dependencies of target droneinterfaces__rosidl_typesupport_introspection_cpp[0m
[35m[1mScanning dependencies of target droneinterfaces__rosidl_typesupport_cpp[0m
[ 18%] [32mBuilding CXX object CMakeFiles/droneinterfaces__rosidl_typesupport_introspection_cpp.dir/rosidl_typesupport_introspection_cpp/droneinterfaces/srv/detail/drone_pool_status__type_support.cpp.o[0m
[ 19%] [32mBuilding CXX object CMakeFiles/droneinterfaces__rosidl_typesupport_introspection_cpp.dir/rosidl_typesupport_introspection_cpp/droneinterfaces/srv/detail/drone_register__type_support.cpp.o[0m
[ 21%] [32mBuilding CXX object CMakeFiles/droneinterfaces__rosidl_typesupport_introspection_cpp.dir/rosidl_typesupport_introspection_cpp/droneinterfaces/msg/detail/frame_array__type_support.cpp.o[0m
[ 21%] [32mBuilding CXX object CMakeFiles/droneinterfaces__rosidl_typesupport_introspection_cpp.dir/rosidl_typesupport_introspection_cpp/droneinterfaces/srv/detail/drone_controller__type_support.cpp.o[0m
[ 22%] [32mBuilding CXX object CMakeFiles/droneinterfaces__rosidl_typesupport_introspection_cpp.dir/rosidl_typesupport_introspection_cpp/droneinterfaces/srv/detail/drone_shut_down__type_support.cpp.o[0m
[ 24%] [32mBuilding CXX object CMakeFiles/droneinterfaces__rosidl_typesupport_introspection_cpp.dir/rosidl_typesupport_introspection_cpp/droneinterfaces/msg/detail/position_array__type_support.cpp.o[0m
[ 24%] [32mBuilding CXX object CMakeFiles/droneinterfaces__rosidl_typesupport_introspection_cpp.dir/rosidl_typesupport_introspection_cpp/droneinterfaces/msg/detail/human_pose_coor__type_support.cpp.o[0m
[ 25%] [32mBuilding CXX object CMakeFiles/droneinterfaces__rosidl_typesupport_cpp.dir/rosidl_typesupport_cpp/droneinterfaces/srv/drone_register__type_support.cpp.o[0m
[35m[1mScanning dependencies of target droneinterfaces__rosidl_typesupport_c[0m
[ 26%] [32mBuilding CXX object CMakeFiles/droneinterfaces__rosidl_typesupport_c.dir/rosidl_typesupport_c/droneinterfaces/srv/drone_register__type_support.cpp.o[0m
[ 27%] [32mBuilding CXX object CMakeFiles/droneinterfaces__rosidl_typesupport_c.dir/rosidl_typesupport_c/droneinterfaces/srv/drone_controller__type_support.cpp.o[0m
[ 28%] [32mBuilding CXX object CMakeFiles/droneinterfaces__rosidl_typesupport_introspection_cpp.dir/rosidl_typesupport_introspection_cpp/droneinterfaces/action/detail/go_point__type_support.cpp.o[0m
[ 29%] [32mBuilding CXX object CMakeFiles/droneinterfaces__rosidl_typesupport_c.dir/rosidl_typesupport_c/droneinterfaces/srv/drone_pool_status__type_support.cpp.o[0m
[ 30%] [32mBuilding CXX object CMakeFiles/droneinterfaces__rosidl_typesupport_introspection_cpp.dir/rosidl_typesupport_introspection_cpp/droneinterfaces/srv/detail/drone_map__type_support.cpp.o[0m
[ 31%] [32mBuilding CXX object CMakeFiles/droneinterfaces__rosidl_typesupport_c.dir/rosidl_typesupport_c/droneinterfaces/msg/frame_array__type_support.cpp.o[0m
[ 32%] [32mBuilding CXX object CMakeFiles/droneinterfaces__rosidl_typesupport_introspection_cpp.dir/rosidl_typesupport_introspection_cpp/droneinterfaces/srv/detail/drone_slam__type_support.cpp.o[0m
[ 33%] [32mBuilding CXX object CMakeFiles/droneinterfaces__rosidl_typesupport_cpp.dir/rosidl_typesupport_cpp/droneinterfaces/srv/drone_controller__type_support.cpp.o[0m
[ 34%] [32mBuilding CXX object CMakeFiles/droneinterfaces__rosidl_typesupport_cpp.dir/rosidl_typesupport_cpp/droneinterfaces/srv/drone_pool_status__type_support.cpp.o[0m
[ 35%] [32mBuilding CXX object CMakeFiles/droneinterfaces__rosidl_typesupport_cpp.dir/rosidl_typesupport_cpp/droneinterfaces/msg/frame_array__type_support.cpp.o[0m
[ 36%] [32mBuilding CXX object CMakeFiles/droneinterfaces__rosidl_typesupport_cpp.dir/rosidl_typesupport_cpp/droneinterfaces/msg/position_array__type_support.cpp.o[0m
[ 37%] [32mBuilding CXX object CMakeFiles/droneinterfaces__rosidl_typesupport_c.dir/rosidl_typesupport_c/droneinterfaces/msg/position_array__type_support.cpp.o[0m
[ 38%] [32mBuilding CXX object CMakeFiles/droneinterfaces__rosidl_typesupport_cpp.dir/rosidl_typesupport_cpp/droneinterfaces/srv/drone_shut_down__type_support.cpp.o[0m
[ 39%] [32mBuilding CXX object CMakeFiles/droneinterfaces__rosidl_typesupport_c.dir/rosidl_typesupport_c/droneinterfaces/srv/drone_shut_down__type_support.cpp.o[0m
[35m[1mScanning dependencies of target droneinterfaces__rosidl_typesupport_fastrtps_cpp[0m
[ 40%] [32mBuilding CXX object CMakeFiles/droneinterfaces__rosidl_typesupport_c.dir/rosidl_typesupport_c/droneinterfaces/msg/human_pose_coor__type_support.cpp.o[0m
[ 41%] [32mBuilding CXX object CMakeFiles/droneinterfaces__rosidl_typesupport_fastrtps_cpp.dir/rosidl_typesupport_fastrtps_cpp/droneinterfaces/srv/detail/dds_fastrtps/drone_register__type_support.cpp.o[0m
[ 42%] [32mBuilding CXX object CMakeFiles/droneinterfaces__rosidl_typesupport_c.dir/rosidl_typesupport_c/droneinterfaces/action/go_point__type_support.cpp.o[0m
[ 43%] [32mBuilding CXX object CMakeFiles/droneinterfaces__rosidl_typesupport_fastrtps_cpp.dir/rosidl_typesupport_fastrtps_cpp/droneinterfaces/srv/detail/dds_fastrtps/drone_controller__type_support.cpp.o[0m
[ 43%] [32mBuilding CXX object CMakeFiles/droneinterfaces__rosidl_typesupport_c.dir/rosidl_typesupport_c/droneinterfaces/srv/drone_map__type_support.cpp.o[0m
[ 44%] [32mBuilding CXX object CMakeFiles/droneinterfaces__rosidl_typesupport_cpp.dir/rosidl_typesupport_cpp/droneinterfaces/msg/human_pose_coor__type_support.cpp.o[0m
[ 45%] [32mBuilding CXX object CMakeFiles/droneinterfaces__rosidl_typesupport_c.dir/rosidl_typesupport_c/droneinterfaces/srv/drone_slam__type_support.cpp.o[0m
[35m[1mScanning dependencies of target droneinterfaces__rosidl_typesupport_introspection_c[0m
[ 45%] [32mBuilding CXX object CMakeFiles/droneinterfaces__rosidl_typesupport_fastrtps_cpp.dir/rosidl_typesupport_fastrtps_cpp/droneinterfaces/srv/detail/dds_fastrtps/drone_pool_status__type_support.cpp.o[0m
[ 46%] [32mBuilding CXX object CMakeFiles/droneinterfaces__rosidl_typesupport_cpp.dir/rosidl_typesupport_cpp/droneinterfaces/action/go_point__type_support.cpp.o[0m
[ 47%] [32mBuilding C object CMakeFiles/droneinterfaces__rosidl_typesupport_introspection_c.dir/rosidl_typesupport_introspection_c/droneinterfaces/srv/detail/drone_register__type_support.c.o[0m
[ 48%] [32mBuilding CXX object CMakeFiles/droneinterfaces__rosidl_typesupport_cpp.dir/rosidl_typesupport_cpp/droneinterfaces/srv/drone_map__type_support.cpp.o[0m
[ 49%] [32mBuilding CXX object CMakeFiles/droneinterfaces__rosidl_typesupport_fastrtps_cpp.dir/rosidl_typesupport_fastrtps_cpp/droneinterfaces/msg/detail/dds_fastrtps/frame_array__type_support.cpp.o[0m
[ 50%] [32m[1mLinking CXX shared library libdroneinterfaces__rosidl_typesupport_c.so[0m
[ 51%] [32mBuilding CXX object CMakeFiles/droneinterfaces__rosidl_typesupport_fastrtps_cpp.dir/rosidl_typesupport_fastrtps_cpp/droneinterfaces/msg/detail/dds_fastrtps/position_array__type_support.cpp.o[0m
[ 52%] [32mBuilding C object CMakeFiles/droneinterfaces__rosidl_typesupport_introspection_c.dir/rosidl_typesupport_introspection_c/droneinterfaces/srv/detail/drone_controller__type_support.c.o[0m
[ 53%] [32m[1mLinking CXX shared library libdroneinterfaces__rosidl_typesupport_introspection_cpp.so[0m
[ 53%] Built target droneinterfaces__rosidl_typesupport_c
[ 54%] [32mBuilding C object CMakeFiles/droneinterfaces__rosidl_typesupport_introspection_c.dir/rosidl_typesupport_introspection_c/droneinterfaces/srv/detail/drone_pool_status__type_support.c.o[0m
[ 55%] [32mBuilding C object CMakeFiles/droneinterfaces__rosidl_typesupport_introspection_c.dir/rosidl_typesupport_introspection_c/droneinterfaces/msg/detail/frame_array__type_support.c.o[0m
[ 56%] [32mBuilding CXX object CMakeFiles/droneinterfaces__rosidl_typesupport_cpp.dir/rosidl_typesupport_cpp/droneinterfaces/srv/drone_slam__type_support.cpp.o[0m
[ 57%] [32mBuilding C object CMakeFiles/droneinterfaces__rosidl_typesupport_introspection_c.dir/rosidl_typesupport_introspection_c/droneinterfaces/msg/detail/position_array__type_support.c.o[0m
[ 58%] [32mBuilding C object CMakeFiles/droneinterfaces__rosidl_typesupport_introspection_c.dir/rosidl_typesupport_introspection_c/droneinterfaces/srv/detail/drone_shut_down__type_support.c.o[0m
[ 59%] [32mBuilding CXX object CMakeFiles/droneinterfaces__rosidl_typesupport_fastrtps_cpp.dir/rosidl_typesupport_fastrtps_cpp/droneinterfaces/srv/detail/dds_fastrtps/drone_shut_down__type_support.cpp.o[0m
[ 59%] Built target droneinterfaces__rosidl_typesupport_introspection_cpp
[ 61%] [32mBuilding C object CMakeFiles/droneinterfaces__rosidl_typesupport_introspection_c.dir/rosidl_typesupport_introspection_c/droneinterfaces/action/detail/go_point__type_support.c.o[0m
[ 61%] [32mBuilding C object CMakeFiles/droneinterfaces__rosidl_typesupport_introspection_c.dir/rosidl_typesupport_introspection_c/droneinterfaces/msg/detail/human_pose_coor__type_support.c.o[0m
[ 62%] [32mBuilding C object CMakeFiles/droneinterfaces__rosidl_typesupport_introspection_c.dir/rosidl_typesupport_introspection_c/droneinterfaces/srv/detail/drone_map__type_support.c.o[0m
[ 63%] [32mBuilding C object CMakeFiles/droneinterfaces__rosidl_typesupport_introspection_c.dir/rosidl_typesupport_introspection_c/droneinterfaces/srv/detail/drone_slam__type_support.c.o[0m
[ 64%] [32mBuilding CXX object CMakeFiles/droneinterfaces__rosidl_typesupport_fastrtps_cpp.dir/rosidl_typesupport_fastrtps_cpp/droneinterfaces/msg/detail/dds_fastrtps/human_pose_coor__type_support.cpp.o[0m
[ 66%] [32mBuilding CXX object CMakeFiles/droneinterfaces__rosidl_typesupport_fastrtps_cpp.dir/rosidl_typesupport_fastrtps_cpp/droneinterfaces/srv/detail/dds_fastrtps/drone_map__type_support.cpp.o[0m
[ 66%] [32mBuilding CXX object CMakeFiles/droneinterfaces__rosidl_typesupport_fastrtps_cpp.dir/rosidl_typesupport_fastrtps_cpp/droneinterfaces/action/detail/dds_fastrtps/go_point__type_support.cpp.o[0m
[ 67%] [32m[1mLinking C shared library libdroneinterfaces__rosidl_typesupport_introspection_c.so[0m
[ 68%] [32mBuilding CXX object CMakeFiles/droneinterfaces__rosidl_typesupport_fastrtps_cpp.dir/rosidl_typesupport_fastrtps_cpp/droneinterfaces/srv/detail/dds_fastrtps/drone_slam__type_support.cpp.o[0m
[ 69%] [32m[1mLinking CXX shared library libdroneinterfaces__rosidl_typesupport_cpp.so[0m
[ 69%] Built target droneinterfaces__rosidl_typesupport_introspection_c
[ 69%] Built target droneinterfaces__rosidl_typesupport_cpp
writing manifest file 'droneinterfaces.egg-info/SOURCES.txt'
[ 69%] Built target ament_cmake_python_build_droneinterfaces_egg
[ 70%] [32m[1mLinking CXX shared library libdroneinterfaces__rosidl_typesupport_fastrtps_cpp.so[0m
[ 70%] Built target droneinterfaces__rosidl_typesupport_fastrtps_cpp
[ 71%] [34m[1mGenerating C type support for eProsima Fast-RTPS[0m
[35m[1mScanning dependencies of target droneinterfaces__rosidl_typesupport_fastrtps_c[0m
[ 72%] [32mBuilding CXX object CMakeFiles/droneinterfaces__rosidl_typesupport_fastrtps_c.dir/rosidl_typesupport_fastrtps_c/droneinterfaces/srv/detail/drone_controller__type_support_c.cpp.o[0m
[ 73%] [32mBuilding CXX object CMakeFiles/droneinterfaces__rosidl_typesupport_fastrtps_c.dir/rosidl_typesupport_fastrtps_c/droneinterfaces/srv/detail/drone_pool_status__type_support_c.cpp.o[0m
[ 74%] [32mBuilding CXX object CMakeFiles/droneinterfaces__rosidl_typesupport_fastrtps_c.dir/rosidl_typesupport_fastrtps_c/droneinterfaces/msg/detail/frame_array__type_support_c.cpp.o[0m
[ 75%] [32mBuilding CXX object CMakeFiles/droneinterfaces__rosidl_typesupport_fastrtps_c.dir/rosidl_typesupport_fastrtps_c/droneinterfaces/msg/detail/position_array__type_support_c.cpp.o[0m
[ 76%] [32mBuilding CXX object CMakeFiles/droneinterfaces__rosidl_typesupport_fastrtps_c.dir/rosidl_typesupport_fastrtps_c/droneinterfaces/srv/detail/drone_register__type_support_c.cpp.o[0m
[ 77%] [32mBuilding CXX object CMakeFiles/droneinterfaces__rosidl_typesupport_fastrtps_c.dir/rosidl_typesupport_fastrtps_c/droneinterfaces/srv/detail/drone_map__type_support_c.cpp.o[0m
[ 78%] [32mBuilding CXX object CMakeFiles/droneinterfaces__rosidl_typesupport_fastrtps_c.dir/rosidl_typesupport_fastrtps_c/droneinterfaces/action/detail/go_point__type_support_c.cpp.o[0m
[ 79%] [32mBuilding CXX object CMakeFiles/droneinterfaces__rosidl_typesupport_fastrtps_c.dir/rosidl_typesupport_fastrtps_c/droneinterfaces/srv/detail/drone_shut_down__type_support_c.cpp.o[0m
[ 80%] [32mBuilding CXX object CMakeFiles/droneinterfaces__rosidl_typesupport_fastrtps_c.dir/rosidl_typesupport_fastrtps_c/droneinterfaces/msg/detail/human_pose_coor__type_support_c.cpp.o[0m
[ 81%] [32mBuilding CXX object CMakeFiles/droneinterfaces__rosidl_typesupport_fastrtps_c.dir/rosidl_typesupport_fastrtps_c/droneinterfaces/srv/detail/drone_slam__type_support_c.cpp.o[0m
[ 82%] [32m[1mLinking CXX shared library libdroneinterfaces__rosidl_typesupport_fastrtps_c.so[0m
[ 82%] Built target droneinterfaces__rosidl_typesupport_fastrtps_c
[ 82%] Built target droneinterfaces
[ 83%] [34m[1mGenerating Python code for ROS interfaces[0m
[ 83%] Built target droneinterfaces__py
[35m[1mScanning dependencies of target droneinterfaces__python[0m
[ 87%] [32mBuilding C object CMakeFiles/droneinterfaces__python.dir/rosidl_generator_py/droneinterfaces/srv/_drone_controller_s.c.o[0m
[ 87%] [32mBuilding C object CMakeFiles/droneinterfaces__python.dir/rosidl_generator_py/droneinterfaces/action/_go_point_s.c.o[0m
[ 87%] [32mBuilding C object CMakeFiles/droneinterfaces__python.dir/rosidl_generator_py/droneinterfaces/srv/_drone_register_s.c.o[0m
[ 89%] [32mBuilding C object CMakeFiles/droneinterfaces__python.dir/rosidl_generator_py/droneinterfaces/srv/_drone_shut_down_s.c.o[0m
[ 87%] [32mBuilding C object CMakeFiles/droneinterfaces__python.dir/rosidl_generator_py/droneinterfaces/msg/_position_array_s.c.o[0m
[ 88%] [32mBuilding C object CMakeFiles/droneinterfaces__python.dir/rosidl_generator_py/droneinterfaces/msg/_human_pose_coor_s.c.o[0m
[ 91%] [32mBuilding C object CMakeFiles/droneinterfaces__python.dir/rosidl_generator_py/droneinterfaces/srv/_drone_slam_s.c.o[0m
[ 91%] [32mBuilding C object CMakeFiles/droneinterfaces__python.dir/rosidl_generator_py/droneinterfaces/srv/_drone_pool_status_s.c.o[0m
[ 92%] [32mBuilding C object CMakeFiles/droneinterfaces__python.dir/rosidl_generator_py/droneinterfaces/msg/_frame_array_s.c.o[0m
[ 93%] [32mBuilding C object CMakeFiles/droneinterfaces__python.dir/rosidl_generator_py/droneinterfaces/srv/_drone_map_s.c.o[0m
[ 94%] [32m[1mLinking C shared library rosidl_generator_py/droneinterfaces/libdroneinterfaces__python.so[0m
[ 94%] Built target droneinterfaces__python
[35m[1mScanning dependencies of target droneinterfaces__rosidl_typesupport_c__pyext[0m
[35m[1mScanning dependencies of target droneinterfaces__rosidl_typesupport_introspection_c__pyext[0m
[35m[1mScanning dependencies of target droneinterfaces__rosidl_typesupport_fastrtps_c__pyext[0m
[ 96%] [32mBuilding C object CMakeFiles/droneinterfaces__rosidl_typesupport_fastrtps_c__pyext.dir/rosidl_generator_py/droneinterfaces/_droneinterfaces_s.ep.rosidl_typesupport_fastrtps_c.c.o[0m
[ 96%] [32mBuilding C object CMakeFiles/droneinterfaces__rosidl_typesupport_introspection_c__pyext.dir/rosidl_generator_py/droneinterfaces/_droneinterfaces_s.ep.rosidl_typesupport_introspection_c.c.o[0m
[ 97%] [32mBuilding C object CMakeFiles/droneinterfaces__rosidl_typesupport_c__pyext.dir/rosidl_generator_py/droneinterfaces/_droneinterfaces_s.ep.rosidl_typesupport_c.c.o[0m
[ 98%] [32m[1mLinking C shared library rosidl_generator_py/droneinterfaces/droneinterfaces_s__rosidl_typesupport_introspection_c.cpython-38-x86_64-linux-gnu.so[0m
[100%] [32m[1mLinking C shared library rosidl_generator_py/droneinterfaces/droneinterfaces_s__rosidl_typesupport_fastrtps_c.cpython-38-x86_64-linux-gnu.so[0m
[100%] [32m[1mLinking C shared library rosidl_generator_py/droneinterfaces/droneinterfaces_s__rosidl_typesupport_c.cpython-38-x86_64-linux-gnu.so[0m
[100%] Built target droneinterfaces__rosidl_typesupport_fastrtps_c__pyext
[100%] Built target droneinterfaces__rosidl_typesupport_introspection_c__pyext
[100%] Built target droneinterfaces__rosidl_typesupport_c__pyext
-- Install configuration: "RelWithDebInfo"
-- Execute custom install script
-- Up-to-date symlink: /home/jakeluo/Documents/MonitoringSystemRos2/src/install/droneinterfaces/share/ament_index/resource_index/rosidl_interfaces/droneinterfaces
-- Up-to-date symlink: /home/jakeluo/Documents/MonitoringSystemRos2/src/install/droneinterfaces/include/droneinterfaces/action/detail/go_point__functions.h
-- Up-to-date symlink: /home/jakeluo/Documents/MonitoringSystemRos2/src/install/droneinterfaces/include/droneinterfaces/action/detail/go_point__struct.h
-- Up-to-date symlink: /home/jakeluo/Documents/MonitoringSystemRos2/src/install/droneinterfaces/include/droneinterfaces/action/detail/go_point__type_support.h
-- Up-to-date symlink: /home/jakeluo/Documents/MonitoringSystemRos2/src/install/droneinterfaces/include/droneinterfaces/action/go_point.h
-- Up-to-date symlink: /home/jakeluo/Documents/MonitoringSystemRos2/src/install/droneinterfaces/include/droneinterfaces/msg/detail/frame_array__functions.h
-- Up-to-date symlink: /home/jakeluo/Documents/MonitoringSystemRos2/src/install/droneinterfaces/include/droneinterfaces/msg/detail/frame_array__struct.h
-- Up-to-date symlink: /home/jakeluo/Documents/MonitoringSystemRos2/src/install/droneinterfaces/include/droneinterfaces/msg/detail/frame_array__type_support.h
-- Up-to-date symlink: /home/jakeluo/Documents/MonitoringSystemRos2/src/install/droneinterfaces/include/droneinterfaces/msg/detail/human_pose_coor__functions.h
-- Up-to-date symlink: /home/jakeluo/Documents/MonitoringSystemRos2/src/install/droneinterfaces/include/droneinterfaces/msg/detail/human_pose_coor__struct.h
-- Up-to-date symlink: /home/jakeluo/Documents/MonitoringSystemRos2/src/install/droneinterfaces/include/droneinterfaces/msg/detail/human_pose_coor__type_support.h
-- Up-to-date symlink: /home/jakeluo/Documents/MonitoringSystemRos2/src/install/droneinterfaces/include/droneinterfaces/msg/detail/position_array__functions.h
-- Up-to-date symlink: /home/jakeluo/Documents/MonitoringSystemRos2/src/install/droneinterfaces/include/droneinterfaces/msg/detail/position_array__struct.h
-- Up-to-date symlink: /home/jakeluo/Documents/MonitoringSystemRos2/src/install/droneinterfaces/include/droneinterfaces/msg/detail/position_array__type_support.h
-- Up-to-date symlink: /home/jakeluo/Documents/MonitoringSystemRos2/src/install/droneinterfaces/include/droneinterfaces/msg/frame_array.h
-- Up-to-date symlink: /home/jakeluo/Documents/MonitoringSystemRos2/src/install/droneinterfaces/include/droneinterfaces/msg/human_pose_coor.h
-- Up-to-date symlink: /home/jakeluo/Documents/MonitoringSystemRos2/src/install/droneinterfaces/include/droneinterfaces/msg/position_array.h
-- Up-to-date symlink: /home/jakeluo/Documents/MonitoringSystemRos2/src/install/droneinterfaces/include/droneinterfaces/msg/rosidl_generator_c__visibility_control.h
-- Up-to-date symlink: /home/jakeluo/Documents/MonitoringSystemRos2/src/install/droneinterfaces/include/droneinterfaces/srv/detail/drone_controller__functions.h
-- Up-to-date symlink: /home/jakeluo/Documents/MonitoringSystemRos2/src/install/droneinterfaces/include/droneinterfaces/srv/detail/drone_controller__struct.h
-- Up-to-date symlink: /home/jakeluo/Documents/MonitoringSystemRos2/src/install/droneinterfaces/include/droneinterfaces/srv/detail/drone_controller__type_support.h
-- Up-to-date symlink: /home/jakeluo/Documents/MonitoringSystemRos2/src/install/droneinterfaces/include/droneinterfaces/srv/detail/drone_map__functions.h
-- Up-to-date symlink: /home/jakeluo/Documents/MonitoringSystemRos2/src/install/droneinterfaces/include/droneinterfaces/srv/detail/drone_map__struct.h
-- Up-to-date symlink: /home/jakeluo/Documents/MonitoringSystemRos2/src/install/droneinterfaces/include/droneinterfaces/srv/detail/drone_map__type_support.h
-- Up-to-date symlink: /home/jakeluo/Documents/MonitoringSystemRos2/src/install/droneinterfaces/include/droneinterfaces/srv/detail/drone_pool_status__functions.h
-- Up-to-date symlink: /home/jakeluo/Documents/MonitoringSystemRos2/src/install/droneinterfaces/include/droneinterfaces/srv/detail/drone_pool_status__struct.h
-- Up-to-date symlink: /home/jakeluo/Documents/MonitoringSystemRos2/src/install/droneinterfaces/include/droneinterfaces/srv/detail/drone_pool_status__type_support.h
-- Up-to-date symlink: /home/jakeluo/Documents/MonitoringSystemRos2/src/install/droneinterfaces/include/droneinterfaces/srv/detail/drone_register__functions.h
-- Up-to-date symlink: /home/jakeluo/Documents/MonitoringSystemRos2/src/install/droneinterfaces/include/droneinterfaces/srv/detail/drone_register__struct.h
-- Up-to-date symlink: /home/jakeluo/Documents/MonitoringSystemRos2/src/install/droneinterfaces/include/droneinterfaces/srv/detail/drone_register__type_support.h
-- Up-to-date symlink: /home/jakeluo/Documents/MonitoringSystemRos2/src/install/droneinterfaces/include/droneinterfaces/srv/detail/drone_shut_down__functions.h
-- Up-to-date symlink: /home/jakeluo/Documents/MonitoringSystemRos2/src/install/droneinterfaces/include/droneinterfaces/srv/detail/drone_shut_down__struct.h
-- Up-to-date symlink: /home/jakeluo/Documents/MonitoringSystemRos2/src/install/droneinterfaces/include/droneinterfaces/srv/detail/drone_shut_down__type_support.h
-- Up-to-date symlink: /home/jakeluo/Documents/MonitoringSystemRos2/src/install/droneinterfaces/include/droneinterfaces/srv/detail/drone_slam__functions.h
-- Up-to-date symlink: /home/jakeluo/Documents/MonitoringSystemRos2/src/install/droneinterfaces/include/droneinterfaces/srv/detail/drone_slam__struct.h
-- Up-to-date symlink: /home/jakeluo/Documents/MonitoringSystemRos2/src/install/droneinterfaces/include/droneinterfaces/srv/detail/drone_slam__type_support.h
-- Up-to-date symlink: /home/jakeluo/Documents/MonitoringSystemRos2/src/install/droneinterfaces/include/droneinterfaces/srv/detail/go_to_point__functions.h
-- Up-to-date symlink: /home/jakeluo/Documents/MonitoringSystemRos2/src/install/droneinterfaces/include/droneinterfaces/srv/detail/go_to_point__struct.h
-- Up-to-date symlink: /home/jakeluo/Documents/MonitoringSystemRos2/src/install/droneinterfaces/include/droneinterfaces/srv/detail/go_to_point__type_support.h
-- Up-to-date symlink: /home/jakeluo/Documents/MonitoringSystemRos2/src/install/droneinterfaces/include/droneinterfaces/srv/drone_controller.h
-- Up-to-date symlink: /home/jakeluo/Documents/MonitoringSystemRos2/src/install/droneinterfaces/include/droneinterfaces/srv/drone_map.h
-- Up-to-date symlink: /home/jakeluo/Documents/MonitoringSystemRos2/src/install/droneinterfaces/include/droneinterfaces/srv/drone_pool_status.h
-- Up-to-date symlink: /home/jakeluo/Documents/MonitoringSystemRos2/src/install/droneinterfaces/include/droneinterfaces/srv/drone_register.h
-- Up-to-date symlink: /home/jakeluo/Documents/MonitoringSystemRos2/src/install/droneinterfaces/include/droneinterfaces/srv/drone_shut_down.h
-- Up-to-date symlink: /home/jakeluo/Documents/MonitoringSystemRos2/src/install/droneinterfaces/include/droneinterfaces/srv/drone_slam.h
-- Up-to-date symlink: /home/jakeluo/Documents/MonitoringSystemRos2/src/install/droneinterfaces/include/droneinterfaces/srv/go_to_point.h
-- Up-to-date symlink: /home/jakeluo/Documents/MonitoringSystemRos2/src/install/droneinterfaces/share/droneinterfaces/environment/library_path.sh
-- Up-to-date symlink: /home/jakeluo/Documents/MonitoringSystemRos2/src/install/droneinterfaces/share/droneinterfaces/environment/library_path.dsv
-- Up-to-date symlink: /home/jakeluo/Documents/MonitoringSystemRos2/src/install/droneinterfaces/include/droneinterfaces/action/detail/go_point__rosidl_typesupport_introspection_c.h
-- Up-to-date symlink: /home/jakeluo/Documents/MonitoringSystemRos2/src/install/droneinterfaces/include/droneinterfaces/msg/detail/frame_array__rosidl_typesupport_introspection_c.h
-- Up-to-date symlink: /home/jakeluo/Documents/MonitoringSystemRos2/src/install/droneinterfaces/include/droneinterfaces/msg/detail/human_pose_coor__rosidl_typesupport_introspection_c.h
-- Up-to-date symlink: /home/jakeluo/Documents/MonitoringSystemRos2/src/install/droneinterfaces/include/droneinterfaces/msg/detail/position_array__rosidl_typesupport_introspection_c.h
-- Up-to-date symlink: /home/jakeluo/Documents/MonitoringSystemRos2/src/install/droneinterfaces/include/droneinterfaces/msg/rosidl_typesupport_introspection_c__visibility_control.h
-- Up-to-date symlink: /home/jakeluo/Documents/MonitoringSystemRos2/src/install/droneinterfaces/include/droneinterfaces/srv/detail/drone_controller__rosidl_typesupport_introspection_c.h
-- Up-to-date symlink: /home/jakeluo/Documents/MonitoringSystemRos2/src/install/droneinterfaces/include/droneinterfaces/srv/detail/drone_map__rosidl_typesupport_introspection_c.h
-- Up-to-date symlink: /home/jakeluo/Documents/MonitoringSystemRos2/src/install/droneinterfaces/include/droneinterfaces/srv/detail/drone_pool_status__rosidl_typesupport_introspection_c.h
-- Up-to-date symlink: /home/jakeluo/Documents/MonitoringSystemRos2/src/install/droneinterfaces/include/droneinterfaces/srv/detail/drone_register__rosidl_typesupport_introspection_c.h
-- Up-to-date symlink: /home/jakeluo/Documents/MonitoringSystemRos2/src/install/droneinterfaces/include/droneinterfaces/srv/detail/drone_shut_down__rosidl_typesupport_introspection_c.h
-- Up-to-date symlink: /home/jakeluo/Documents/MonitoringSystemRos2/src/install/droneinterfaces/include/droneinterfaces/srv/detail/drone_slam__rosidl_typesupport_introspection_c.h
-- Up-to-date symlink: /home/jakeluo/Documents/MonitoringSystemRos2/src/install/droneinterfaces/include/droneinterfaces/srv/detail/go_to_point__rosidl_typesupport_introspection_c.h
-- Up-to-date symlink: /home/jakeluo/Documents/MonitoringSystemRos2/src/install/droneinterfaces/include/droneinterfaces/action/detail/go_point__rosidl_typesupport_fastrtps_c.h
-- Up-to-date symlink: /home/jakeluo/Documents/MonitoringSystemRos2/src/install/droneinterfaces/include/droneinterfaces/msg/detail/frame_array__rosidl_typesupport_fastrtps_c.h
-- Up-to-date symlink: /home/jakeluo/Documents/MonitoringSystemRos2/src/install/droneinterfaces/include/droneinterfaces/msg/detail/human_pose_coor__rosidl_typesupport_fastrtps_c.h
-- Up-to-date symlink: /home/jakeluo/Documents/MonitoringSystemRos2/src/install/droneinterfaces/include/droneinterfaces/msg/detail/position_array__rosidl_typesupport_fastrtps_c.h
-- Up-to-date symlink: /home/jakeluo/Documents/MonitoringSystemRos2/src/install/droneinterfaces/include/droneinterfaces/msg/rosidl_typesupport_fastrtps_c__visibility_control.h
-- Up-to-date symlink: /home/jakeluo/Documents/MonitoringSystemRos2/src/install/droneinterfaces/include/droneinterfaces/srv/detail/drone_controller__rosidl_typesupport_fastrtps_c.h
-- Up-to-date symlink: /home/jakeluo/Documents/MonitoringSystemRos2/src/install/droneinterfaces/include/droneinterfaces/srv/detail/drone_map__rosidl_typesupport_fastrtps_c.h
-- Up-to-date symlink: /home/jakeluo/Documents/MonitoringSystemRos2/src/install/droneinterfaces/include/droneinterfaces/srv/detail/drone_pool_status__rosidl_typesupport_fastrtps_c.h
-- Up-to-date symlink: /home/jakeluo/Documents/MonitoringSystemRos2/src/install/droneinterfaces/include/droneinterfaces/srv/detail/drone_register__rosidl_typesupport_fastrtps_c.h
-- Up-to-date symlink: /home/jakeluo/Documents/MonitoringSystemRos2/src/install/droneinterfaces/include/droneinterfaces/srv/detail/drone_shut_down__rosidl_typesupport_fastrtps_c.h
-- Up-to-date symlink: /home/jakeluo/Documents/MonitoringSystemRos2/src/install/droneinterfaces/include/droneinterfaces/srv/detail/drone_slam__rosidl_typesupport_fastrtps_c.h
-- Up-to-date symlink: /home/jakeluo/Documents/MonitoringSystemRos2/src/install/droneinterfaces/include/droneinterfaces/srv/detail/go_to_point__rosidl_typesupport_fastrtps_c.h
-- Up-to-date symlink: /home/jakeluo/Documents/MonitoringSystemRos2/src/install/droneinterfaces/lib/libdroneinterfaces__rosidl_typesupport_fastrtps_c.so
-- Up-to-date symlink: /home/jakeluo/Documents/MonitoringSystemRos2/src/install/droneinterfaces/include/droneinterfaces/action/detail/go_point__rosidl_typesupport_fastrtps_cpp.hpp
-- Up-to-date symlink: /home/jakeluo/Documents/MonitoringSystemRos2/src/install/droneinterfaces/include/droneinterfaces/msg/detail/frame_array__rosidl_typesupport_fastrtps_cpp.hpp
-- Up-to-date symlink: /home/jakeluo/Documents/MonitoringSystemRos2/src/install/droneinterfaces/include/droneinterfaces/msg/detail/human_pose_coor__rosidl_typesupport_fastrtps_cpp.hpp
-- Up-to-date symlink: /home/jakeluo/Documents/MonitoringSystemRos2/src/install/droneinterfaces/include/droneinterfaces/msg/detail/position_array__rosidl_typesupport_fastrtps_cpp.hpp
-- Up-to-date symlink: /home/jakeluo/Documents/MonitoringSystemRos2/src/install/droneinterfaces/include/droneinterfaces/msg/rosidl_typesupport_fastrtps_cpp__visibility_control.h
-- Up-to-date symlink: /home/jakeluo/Documents/MonitoringSystemRos2/src/install/droneinterfaces/include/droneinterfaces/srv/detail/drone_controller__rosidl_typesupport_fastrtps_cpp.hpp
-- Up-to-date symlink: /home/jakeluo/Documents/MonitoringSystemRos2/src/install/droneinterfaces/include/droneinterfaces/srv/detail/drone_map__rosidl_typesupport_fastrtps_cpp.hpp
-- Up-to-date symlink: /home/jakeluo/Documents/MonitoringSystemRos2/src/install/droneinterfaces/include/droneinterfaces/srv/detail/drone_pool_status__rosidl_typesupport_fastrtps_cpp.hpp
-- Up-to-date symlink: /home/jakeluo/Documents/MonitoringSystemRos2/src/install/droneinterfaces/include/droneinterfaces/srv/detail/drone_register__rosidl_typesupport_fastrtps_cpp.hpp
-- Up-to-date symlink: /home/jakeluo/Documents/MonitoringSystemRos2/src/install/droneinterfaces/include/droneinterfaces/srv/detail/drone_shut_down__rosidl_typesupport_fastrtps_cpp.hpp
-- Up-to-date symlink: /home/jakeluo/Documents/MonitoringSystemRos2/src/install/droneinterfaces/include/droneinterfaces/srv/detail/drone_slam__rosidl_typesupport_fastrtps_cpp.hpp
-- Up-to-date symlink: /home/jakeluo/Documents/MonitoringSystemRos2/src/install/droneinterfaces/include/droneinterfaces/srv/detail/go_to_point__rosidl_typesupport_fastrtps_cpp.hpp
-- Up-to-date symlink: /home/jakeluo/Documents/MonitoringSystemRos2/src/install/droneinterfaces/lib/libdroneinterfaces__rosidl_typesupport_fastrtps_cpp.so
-- Up-to-date symlink: /home/jakeluo/Documents/MonitoringSystemRos2/src/install/droneinterfaces/include/droneinterfaces/action/detail/go_point__builder.hpp
-- Up-to-date symlink: /home/jakeluo/Documents/MonitoringSystemRos2/src/install/droneinterfaces/include/droneinterfaces/action/detail/go_point__struct.hpp
-- Up-to-date symlink: /home/jakeluo/Documents/MonitoringSystemRos2/src/install/droneinterfaces/include/droneinterfaces/action/detail/go_point__traits.hpp
-- Up-to-date symlink: /home/jakeluo/Documents/MonitoringSystemRos2/src/install/droneinterfaces/include/droneinterfaces/action/go_point.hpp
-- Up-to-date symlink: /home/jakeluo/Documents/MonitoringSystemRos2/src/install/droneinterfaces/include/droneinterfaces/msg/detail/frame_array__builder.hpp
-- Up-to-date symlink: /home/jakeluo/Documents/MonitoringSystemRos2/src/install/droneinterfaces/include/droneinterfaces/msg/detail/frame_array__struct.hpp
-- Up-to-date symlink: /home/jakeluo/Documents/MonitoringSystemRos2/src/install/droneinterfaces/include/droneinterfaces/msg/detail/frame_array__traits.hpp
-- Up-to-date symlink: /home/jakeluo/Documents/MonitoringSystemRos2/src/install/droneinterfaces/include/droneinterfaces/msg/detail/human_pose_coor__builder.hpp
-- Up-to-date symlink: /home/jakeluo/Documents/MonitoringSystemRos2/src/install/droneinterfaces/include/droneinterfaces/msg/detail/human_pose_coor__struct.hpp
-- Up-to-date symlink: /home/jakeluo/Documents/MonitoringSystemRos2/src/install/droneinterfaces/include/droneinterfaces/msg/detail/human_pose_coor__traits.hpp
-- Up-to-date symlink: /home/jakeluo/Documents/MonitoringSystemRos2/src/install/droneinterfaces/include/droneinterfaces/msg/detail/position_array__builder.hpp
-- Up-to-date symlink: /home/jakeluo/Documents/MonitoringSystemRos2/src/install/droneinterfaces/include/droneinterfaces/msg/detail/position_array__struct.hpp
-- Up-to-date symlink: /home/jakeluo/Documents/MonitoringSystemRos2/src/install/droneinterfaces/include/droneinterfaces/msg/detail/position_array__traits.hpp
-- Up-to-date symlink: /home/jakeluo/Documents/MonitoringSystemRos2/src/install/droneinterfaces/include/droneinterfaces/msg/frame_array.hpp
-- Up-to-date symlink: /home/jakeluo/Documents/MonitoringSystemRos2/src/install/droneinterfaces/include/droneinterfaces/msg/human_pose_coor.hpp
-- Up-to-date symlink: /home/jakeluo/Documents/MonitoringSystemRos2/src/install/droneinterfaces/include/droneinterfaces/msg/position_array.hpp
-- Up-to-date symlink: /home/jakeluo/Documents/MonitoringSystemRos2/src/install/droneinterfaces/include/droneinterfaces/srv/detail/drone_controller__builder.hpp
-- Up-to-date symlink: /home/jakeluo/Documents/MonitoringSystemRos2/src/install/droneinterfaces/include/droneinterfaces/srv/detail/drone_controller__struct.hpp
-- Up-to-date symlink: /home/jakeluo/Documents/MonitoringSystemRos2/src/install/droneinterfaces/include/droneinterfaces/srv/detail/drone_controller__traits.hpp
-- Up-to-date symlink: /home/jakeluo/Documents/MonitoringSystemRos2/src/install/droneinterfaces/include/droneinterfaces/srv/detail/drone_map__builder.hpp
-- Up-to-date symlink: /home/jakeluo/Documents/MonitoringSystemRos2/src/install/droneinterfaces/include/droneinterfaces/srv/detail/drone_map__struct.hpp
-- Up-to-date symlink: /home/jakeluo/Documents/MonitoringSystemRos2/src/install/droneinterfaces/include/droneinterfaces/srv/detail/drone_map__traits.hpp
-- Up-to-date symlink: /home/jakeluo/Documents/MonitoringSystemRos2/src/install/droneinterfaces/include/droneinterfaces/srv/detail/drone_pool_status__builder.hpp
-- Up-to-date symlink: /home/jakeluo/Documents/MonitoringSystemRos2/src/install/droneinterfaces/include/droneinterfaces/srv/detail/drone_pool_status__struct.hpp
-- Up-to-date symlink: /home/jakeluo/Documents/MonitoringSystemRos2/src/install/droneinterfaces/include/droneinterfaces/srv/detail/drone_pool_status__traits.hpp
-- Up-to-date symlink: /home/jakeluo/Documents/MonitoringSystemRos2/src/install/droneinterfaces/include/droneinterfaces/srv/detail/drone_register__builder.hpp
-- Up-to-date symlink: /home/jakeluo/Documents/MonitoringSystemRos2/src/install/droneinterfaces/include/droneinterfaces/srv/detail/drone_register__struct.hpp
-- Up-to-date symlink: /home/jakeluo/Documents/MonitoringSystemRos2/src/install/droneinterfaces/include/droneinterfaces/srv/detail/drone_register__traits.hpp
-- Up-to-date symlink: /home/jakeluo/Documents/MonitoringSystemRos2/src/install/droneinterfaces/include/droneinterfaces/srv/detail/drone_shut_down__builder.hpp
-- Up-to-date symlink: /home/jakeluo/Documents/MonitoringSystemRos2/src/install/droneinterfaces/include/droneinterfaces/srv/detail/drone_shut_down__struct.hpp
-- Up-to-date symlink: /home/jakeluo/Documents/MonitoringSystemRos2/src/install/droneinterfaces/include/droneinterfaces/srv/detail/drone_shut_down__traits.hpp
-- Up-to-date symlink: /home/jakeluo/Documents/MonitoringSystemRos2/src/install/droneinterfaces/include/droneinterfaces/srv/detail/drone_slam__builder.hpp
-- Up-to-date symlink: /home/jakeluo/Documents/MonitoringSystemRos2/src/install/droneinterfaces/include/droneinterfaces/srv/detail/drone_slam__struct.hpp
-- Up-to-date symlink: /home/jakeluo/Documents/MonitoringSystemRos2/src/install/droneinterfaces/include/droneinterfaces/srv/detail/drone_slam__traits.hpp
-- Up-to-date symlink: /home/jakeluo/Documents/MonitoringSystemRos2/src/install/droneinterfaces/include/droneinterfaces/srv/detail/go_to_point__builder.hpp
-- Up-to-date symlink: /home/jakeluo/Documents/MonitoringSystemRos2/src/install/droneinterfaces/include/droneinterfaces/srv/detail/go_to_point__struct.hpp
-- Up-to-date symlink: /home/jakeluo/Documents/MonitoringSystemRos2/src/install/droneinterfaces/include/droneinterfaces/srv/detail/go_to_point__traits.hpp
-- Up-to-date symlink: /home/jakeluo/Documents/MonitoringSystemRos2/src/install/droneinterfaces/include/droneinterfaces/srv/drone_controller.hpp
-- Up-to-date symlink: /home/jakeluo/Documents/MonitoringSystemRos2/src/install/droneinterfaces/include/droneinterfaces/srv/drone_map.hpp
-- Up-to-date symlink: /home/jakeluo/Documents/MonitoringSystemRos2/src/install/droneinterfaces/include/droneinterfaces/srv/drone_pool_status.hpp
-- Up-to-date symlink: /home/jakeluo/Documents/MonitoringSystemRos2/src/install/droneinterfaces/include/droneinterfaces/srv/drone_register.hpp
-- Up-to-date symlink: /home/jakeluo/Documents/MonitoringSystemRos2/src/install/droneinterfaces/include/droneinterfaces/srv/drone_shut_down.hpp
-- Up-to-date symlink: /home/jakeluo/Documents/MonitoringSystemRos2/src/install/droneinterfaces/include/droneinterfaces/srv/drone_slam.hpp
-- Up-to-date symlink: /home/jakeluo/Documents/MonitoringSystemRos2/src/install/droneinterfaces/include/droneinterfaces/srv/go_to_point.hpp
-- Up-to-date symlink: /home/jakeluo/Documents/MonitoringSystemRos2/src/install/droneinterfaces/include/droneinterfaces/action/detail/go_point__rosidl_typesupport_introspection_cpp.hpp
-- Up-to-date symlink: /home/jakeluo/Documents/MonitoringSystemRos2/src/install/droneinterfaces/include/droneinterfaces/msg/detail/frame_array__rosidl_typesupport_introspection_cpp.hpp
-- Up-to-date symlink: /home/jakeluo/Documents/MonitoringSystemRos2/src/install/droneinterfaces/include/droneinterfaces/msg/detail/human_pose_coor__rosidl_typesupport_introspection_cpp.hpp
-- Up-to-date symlink: /home/jakeluo/Documents/MonitoringSystemRos2/src/install/droneinterfaces/include/droneinterfaces/msg/detail/position_array__rosidl_typesupport_introspection_cpp.hpp
-- Up-to-date symlink: /home/jakeluo/Documents/MonitoringSystemRos2/src/install/droneinterfaces/include/droneinterfaces/srv/detail/drone_controller__rosidl_typesupport_introspection_cpp.hpp
-- Up-to-date symlink: /home/jakeluo/Documents/MonitoringSystemRos2/src/install/droneinterfaces/include/droneinterfaces/srv/detail/drone_map__rosidl_typesupport_introspection_cpp.hpp
-- Up-to-date symlink: /home/jakeluo/Documents/MonitoringSystemRos2/src/install/droneinterfaces/include/droneinterfaces/srv/detail/drone_pool_status__rosidl_typesupport_introspection_cpp.hpp
-- Up-to-date symlink: /home/jakeluo/Documents/MonitoringSystemRos2/src/install/droneinterfaces/include/droneinterfaces/srv/detail/drone_register__rosidl_typesupport_introspection_cpp.hpp
-- Up-to-date symlink: /home/jakeluo/Documents/MonitoringSystemRos2/src/install/droneinterfaces/include/droneinterfaces/srv/detail/drone_shut_down__rosidl_typesupport_introspection_cpp.hpp
-- Up-to-date symlink: /home/jakeluo/Documents/MonitoringSystemRos2/src/install/droneinterfaces/include/droneinterfaces/srv/detail/drone_slam__rosidl_typesupport_introspection_cpp.hpp
-- Up-to-date symlink: /home/jakeluo/Documents/MonitoringSystemRos2/src/install/droneinterfaces/include/droneinterfaces/srv/detail/go_to_point__rosidl_typesupport_introspection_cpp.hpp
-- Up-to-date symlink: /home/jakeluo/Documents/MonitoringSystemRos2/src/install/droneinterfaces/share/droneinterfaces/environment/pythonpath.sh
-- Up-to-date symlink: /home/jakeluo/Documents/MonitoringSystemRos2/src/install/droneinterfaces/share/droneinterfaces/environment/pythonpath.dsv
-- Up-to-date symlink: /home/jakeluo/Documents/MonitoringSystemRos2/src/install/droneinterfaces/lib/python3.8/site-packages/droneinterfaces-0.0.0-py3.8.egg-info/PKG-INFO
-- Up-to-date symlink: /home/jakeluo/Documents/MonitoringSystemRos2/src/install/droneinterfaces/lib/python3.8/site-packages/droneinterfaces-0.0.0-py3.8.egg-info/SOURCES.txt
-- Up-to-date symlink: /home/jakeluo/Documents/MonitoringSystemRos2/src/install/droneinterfaces/lib/python3.8/site-packages/droneinterfaces-0.0.0-py3.8.egg-info/dependency_links.txt
-- Up-to-date symlink: /home/jakeluo/Documents/MonitoringSystemRos2/src/install/droneinterfaces/lib/python3.8/site-packages/droneinterfaces-0.0.0-py3.8.egg-info/top_level.txt
-- Up-to-date symlink: /home/jakeluo/Documents/MonitoringSystemRos2/src/install/droneinterfaces/lib/python3.8/site-packages/droneinterfaces/__init__.py
-- Up-to-date symlink: /home/jakeluo/Documents/MonitoringSystemRos2/src/install/droneinterfaces/lib/python3.8/site-packages/droneinterfaces/_droneinterfaces_s.ep.rosidl_typesupport_c.c
-- Up-to-date symlink: /home/jakeluo/Documents/MonitoringSystemRos2/src/install/droneinterfaces/lib/python3.8/site-packages/droneinterfaces/_droneinterfaces_s.ep.rosidl_typesupport_fastrtps_c.c
-- Up-to-date symlink: /home/jakeluo/Documents/MonitoringSystemRos2/src/install/droneinterfaces/lib/python3.8/site-packages/droneinterfaces/_droneinterfaces_s.ep.rosidl_typesupport_introspection_c.c
-- Up-to-date symlink: /home/jakeluo/Documents/MonitoringSystemRos2/src/install/droneinterfaces/lib/python3.8/site-packages/droneinterfaces/action/__init__.py
-- Up-to-date symlink: /home/jakeluo/Documents/MonitoringSystemRos2/src/install/droneinterfaces/lib/python3.8/site-packages/droneinterfaces/action/_go_point.py
-- Up-to-date symlink: /home/jakeluo/Documents/MonitoringSystemRos2/src/install/droneinterfaces/lib/python3.8/site-packages/droneinterfaces/action/_go_point_s.c
-- Up-to-date symlink: /home/jakeluo/Documents/MonitoringSystemRos2/src/install/droneinterfaces/lib/python3.8/site-packages/droneinterfaces/droneinterfaces_s__rosidl_typesupport_c.cpython-38-x86_64-linux-gnu.so
-- Up-to-date symlink: /home/jakeluo/Documents/MonitoringSystemRos2/src/install/droneinterfaces/lib/python3.8/site-packages/droneinterfaces/droneinterfaces_s__rosidl_typesupport_fastrtps_c.cpython-38-x86_64-linux-gnu.so
-- Up-to-date symlink: /home/jakeluo/Documents/MonitoringSystemRos2/src/install/droneinterfaces/lib/python3.8/site-packages/droneinterfaces/droneinterfaces_s__rosidl_typesupport_introspection_c.cpython-38-x86_64-linux-gnu.so
-- Up-to-date symlink: /home/jakeluo/Documents/MonitoringSystemRos2/src/install/droneinterfaces/lib/python3.8/site-packages/droneinterfaces/libdroneinterfaces__python.so
-- Up-to-date symlink: /home/jakeluo/Documents/MonitoringSystemRos2/src/install/droneinterfaces/lib/python3.8/site-packages/droneinterfaces/msg/__init__.py
-- Up-to-date symlink: /home/jakeluo/Documents/MonitoringSystemRos2/src/install/droneinterfaces/lib/python3.8/site-packages/droneinterfaces/msg/_frame_array.py
-- Up-to-date symlink: /home/jakeluo/Documents/MonitoringSystemRos2/src/install/droneinterfaces/lib/python3.8/site-packages/droneinterfaces/msg/_frame_array_s.c
-- Up-to-date symlink: /home/jakeluo/Documents/MonitoringSystemRos2/src/install/droneinterfaces/lib/python3.8/site-packages/droneinterfaces/msg/_human_pose_coor.py
-- Up-to-date symlink: /home/jakeluo/Documents/MonitoringSystemRos2/src/install/droneinterfaces/lib/python3.8/site-packages/droneinterfaces/msg/_human_pose_coor_s.c
-- Up-to-date symlink: /home/jakeluo/Documents/MonitoringSystemRos2/src/install/droneinterfaces/lib/python3.8/site-packages/droneinterfaces/msg/_position_array.py
-- Up-to-date symlink: /home/jakeluo/Documents/MonitoringSystemRos2/src/install/droneinterfaces/lib/python3.8/site-packages/droneinterfaces/msg/_position_array_s.c
-- Up-to-date symlink: /home/jakeluo/Documents/MonitoringSystemRos2/src/install/droneinterfaces/lib/python3.8/site-packages/droneinterfaces/srv/__init__.py
-- Up-to-date symlink: /home/jakeluo/Documents/MonitoringSystemRos2/src/install/droneinterfaces/lib/python3.8/site-packages/droneinterfaces/srv/_drone_controller.py
-- Up-to-date symlink: /home/jakeluo/Documents/MonitoringSystemRos2/src/install/droneinterfaces/lib/python3.8/site-packages/droneinterfaces/srv/_drone_controller_s.c
-- Up-to-date symlink: /home/jakeluo/Documents/MonitoringSystemRos2/src/install/droneinterfaces/lib/python3.8/site-packages/droneinterfaces/srv/_drone_map.py
-- Up-to-date symlink: /home/jakeluo/Documents/MonitoringSystemRos2/src/install/droneinterfaces/lib/python3.8/site-packages/droneinterfaces/srv/_drone_map_s.c
-- Up-to-date symlink: /home/jakeluo/Documents/MonitoringSystemRos2/src/install/droneinterfaces/lib/python3.8/site-packages/droneinterfaces/srv/_drone_pool_status.py
-- Up-to-date symlink: /home/jakeluo/Documents/MonitoringSystemRos2/src/install/droneinterfaces/lib/python3.8/site-packages/droneinterfaces/srv/_drone_pool_status_s.c
-- Up-to-date symlink: /home/jakeluo/Documents/MonitoringSystemRos2/src/install/droneinterfaces/lib/python3.8/site-packages/droneinterfaces/srv/_drone_register.py
-- Up-to-date symlink: /home/jakeluo/Documents/MonitoringSystemRos2/src/install/droneinterfaces/lib/python3.8/site-packages/droneinterfaces/srv/_drone_register_s.c
-- Up-to-date symlink: /home/jakeluo/Documents/MonitoringSystemRos2/src/install/droneinterfaces/lib/python3.8/site-packages/droneinterfaces/srv/_drone_shut_down.py
-- Up-to-date symlink: /home/jakeluo/Documents/MonitoringSystemRos2/src/install/droneinterfaces/lib/python3.8/site-packages/droneinterfaces/srv/_drone_shut_down_s.c
-- Up-to-date symlink: /home/jakeluo/Documents/MonitoringSystemRos2/src/install/droneinterfaces/lib/python3.8/site-packages/droneinterfaces/srv/_drone_slam.py
-- Up-to-date symlink: /home/jakeluo/Documents/MonitoringSystemRos2/src/install/droneinterfaces/lib/python3.8/site-packages/droneinterfaces/srv/_drone_slam_s.c
-- Up-to-date symlink: /home/jakeluo/Documents/MonitoringSystemRos2/src/install/droneinterfaces/lib/python3.8/site-packages/droneinterfaces/srv/_go_to_point.py
-- Up-to-date symlink: /home/jakeluo/Documents/MonitoringSystemRos2/src/install/droneinterfaces/lib/python3.8/site-packages/droneinterfaces/srv/_go_to_point_s.c
-- Up-to-date symlink: /home/jakeluo/Documents/MonitoringSystemRos2/src/install/droneinterfaces/lib/python3.8/site-packages/droneinterfaces/droneinterfaces_s__rosidl_typesupport_introspection_c.cpython-38-x86_64-linux-gnu.so
-- Up-to-date symlink: /home/jakeluo/Documents/MonitoringSystemRos2/src/install/droneinterfaces/lib/python3.8/site-packages/droneinterfaces/droneinterfaces_s__rosidl_typesupport_fastrtps_c.cpython-38-x86_64-linux-gnu.so
-- Up-to-date symlink: /home/jakeluo/Documents/MonitoringSystemRos2/src/install/droneinterfaces/lib/python3.8/site-packages/droneinterfaces/droneinterfaces_s__rosidl_typesupport_c.cpython-38-x86_64-linux-gnu.so
-- Up-to-date symlink: /home/jakeluo/Documents/MonitoringSystemRos2/src/install/droneinterfaces/lib/libdroneinterfaces__python.so
-- Up-to-date symlink: /home/jakeluo/Documents/MonitoringSystemRos2/src/install/droneinterfaces/share/droneinterfaces/srv/DroneRegister.idl
-- Up-to-date symlink: /home/jakeluo/Documents/MonitoringSystemRos2/src/install/droneinterfaces/share/droneinterfaces/srv/DroneController.idl
-- Up-to-date symlink: /home/jakeluo/Documents/MonitoringSystemRos2/src/install/droneinterfaces/share/droneinterfaces/srv/DronePoolStatus.idl
-- Up-to-date symlink: /home/jakeluo/Documents/MonitoringSystemRos2/src/install/droneinterfaces/share/droneinterfaces/msg/FrameArray.idl
-- Up-to-date symlink: /home/jakeluo/Documents/MonitoringSystemRos2/src/install/droneinterfaces/share/droneinterfaces/msg/PositionArray.idl
-- Up-to-date symlink: /home/jakeluo/Documents/MonitoringSystemRos2/src/install/droneinterfaces/share/droneinterfaces/srv/DroneShutDown.idl
-- Up-to-date symlink: /home/jakeluo/Documents/MonitoringSystemRos2/src/install/droneinterfaces/share/droneinterfaces/msg/HumanPoseCoor.idl
-- Up-to-date symlink: /home/jakeluo/Documents/MonitoringSystemRos2/src/install/droneinterfaces/share/droneinterfaces/action/GoPoint.idl
-- Up-to-date symlink: /home/jakeluo/Documents/MonitoringSystemRos2/src/install/droneinterfaces/share/droneinterfaces/srv/DroneMap.idl
-- Up-to-date symlink: /home/jakeluo/Documents/MonitoringSystemRos2/src/install/droneinterfaces/share/droneinterfaces/srv/DroneSlam.idl
-- Up-to-date symlink: /home/jakeluo/Documents/MonitoringSystemRos2/src/install/droneinterfaces/share/droneinterfaces/srv/DroneRegister.srv
-- Up-to-date symlink: /home/jakeluo/Documents/MonitoringSystemRos2/src/install/droneinterfaces/share/droneinterfaces/srv/DroneRegister_Request.msg
-- Up-to-date symlink: /home/jakeluo/Documents/MonitoringSystemRos2/src/install/droneinterfaces/share/droneinterfaces/srv/DroneRegister_Response.msg
-- Up-to-date symlink: /home/jakeluo/Documents/MonitoringSystemRos2/src/install/droneinterfaces/share/droneinterfaces/srv/DroneController.srv
-- Up-to-date symlink: /home/jakeluo/Documents/MonitoringSystemRos2/src/install/droneinterfaces/share/droneinterfaces/srv/DroneController_Request.msg
-- Up-to-date symlink: /home/jakeluo/Documents/MonitoringSystemRos2/src/install/droneinterfaces/share/droneinterfaces/srv/DroneController_Response.msg
-- Up-to-date symlink: /home/jakeluo/Documents/MonitoringSystemRos2/src/install/droneinterfaces/share/droneinterfaces/srv/DronePoolStatus.srv
-- Up-to-date symlink: /home/jakeluo/Documents/MonitoringSystemRos2/src/install/droneinterfaces/share/droneinterfaces/srv/DronePoolStatus_Request.msg
-- Up-to-date symlink: /home/jakeluo/Documents/MonitoringSystemRos2/src/install/droneinterfaces/share/droneinterfaces/srv/DronePoolStatus_Response.msg
-- Up-to-date symlink: /home/jakeluo/Documents/MonitoringSystemRos2/src/install/droneinterfaces/share/droneinterfaces/msg/FrameArray.msg
-- Up-to-date symlink: /home/jakeluo/Documents/MonitoringSystemRos2/src/install/droneinterfaces/share/droneinterfaces/msg/PositionArray.msg
-- Up-to-date symlink: /home/jakeluo/Documents/MonitoringSystemRos2/src/install/droneinterfaces/share/droneinterfaces/srv/DroneShutDown.srv
-- Up-to-date symlink: /home/jakeluo/Documents/MonitoringSystemRos2/src/install/droneinterfaces/share/droneinterfaces/srv/DroneShutDown_Request.msg
-- Up-to-date symlink: /home/jakeluo/Documents/MonitoringSystemRos2/src/install/droneinterfaces/share/droneinterfaces/srv/DroneShutDown_Response.msg
-- Up-to-date symlink: /home/jakeluo/Documents/MonitoringSystemRos2/src/install/droneinterfaces/share/droneinterfaces/msg/HumanPoseCoor.msg
-- Up-to-date symlink: /home/jakeluo/Documents/MonitoringSystemRos2/src/install/droneinterfaces/share/droneinterfaces/action/GoPoint.action
-- Up-to-date symlink: /home/jakeluo/Documents/MonitoringSystemRos2/src/install/droneinterfaces/share/droneinterfaces/srv/DroneMap.srv
-- Up-to-date symlink: /home/jakeluo/Documents/MonitoringSystemRos2/src/install/droneinterfaces/share/droneinterfaces/srv/DroneMap_Request.msg
-- Up-to-date symlink: /home/jakeluo/Documents/MonitoringSystemRos2/src/install/droneinterfaces/share/droneinterfaces/srv/DroneMap_Response.msg
-- Up-to-date symlink: /home/jakeluo/Documents/MonitoringSystemRos2/src/install/droneinterfaces/share/droneinterfaces/srv/DroneSlam.srv
-- Up-to-date symlink: /home/jakeluo/Documents/MonitoringSystemRos2/src/install/droneinterfaces/share/droneinterfaces/srv/DroneSlam_Request.msg
-- Up-to-date symlink: /home/jakeluo/Documents/MonitoringSystemRos2/src/install/droneinterfaces/share/droneinterfaces/srv/DroneSlam_Response.msg
-- Up-to-date symlink: /home/jakeluo/Documents/MonitoringSystemRos2/src/install/droneinterfaces/share/ament_index/resource_index/package_run_dependencies/droneinterfaces
-- Up-to-date symlink: /home/jakeluo/Documents/MonitoringSystemRos2/src/install/droneinterfaces/share/ament_index/resource_index/parent_prefix_path/droneinterfaces
-- Up-to-date symlink: /home/jakeluo/Documents/MonitoringSystemRos2/src/install/droneinterfaces/share/droneinterfaces/environment/ament_prefix_path.sh
-- Up-to-date symlink: /home/jakeluo/Documents/MonitoringSystemRos2/src/install/droneinterfaces/share/droneinterfaces/environment/ament_prefix_path.dsv
-- Up-to-date symlink: /home/jakeluo/Documents/MonitoringSystemRos2/src/install/droneinterfaces/share/droneinterfaces/environment/path.sh
-- Up-to-date symlink: /home/jakeluo/Documents/MonitoringSystemRos2/src/install/droneinterfaces/share/droneinterfaces/environment/path.dsv
-- Up-to-date symlink: /home/jakeluo/Documents/MonitoringSystemRos2/src/install/droneinterfaces/share/droneinterfaces/local_setup.bash
-- Up-to-date symlink: /home/jakeluo/Documents/MonitoringSystemRos2/src/install/droneinterfaces/share/droneinterfaces/local_setup.sh
-- Up-to-date symlink: /home/jakeluo/Documents/MonitoringSystemRos2/src/install/droneinterfaces/share/droneinterfaces/local_setup.zsh
-- Up-to-date symlink: /home/jakeluo/Documents/MonitoringSystemRos2/src/install/droneinterfaces/share/droneinterfaces/local_setup.dsv
-- Symlinking: /home/jakeluo/Documents/MonitoringSystemRos2/src/install/droneinterfaces/share/droneinterfaces/package.dsv
-- Up-to-date symlink: /home/jakeluo/Documents/MonitoringSystemRos2/src/install/droneinterfaces/share/ament_index/resource_index/packages/droneinterfaces
-- Up-to-date symlink: /home/jakeluo/Documents/MonitoringSystemRos2/src/install/droneinterfaces/share/droneinterfaces/cmake/rosidl_cmake-extras.cmake
-- Up-to-date symlink: /home/jakeluo/Documents/MonitoringSystemRos2/src/install/droneinterfaces/share/droneinterfaces/cmake/ament_cmake_export_dependencies-extras.cmake
-- Up-to-date symlink: /home/jakeluo/Documents/MonitoringSystemRos2/src/install/droneinterfaces/share/droneinterfaces/cmake/ament_cmake_export_libraries-extras.cmake
-- Up-to-date symlink: /home/jakeluo/Documents/MonitoringSystemRos2/src/install/droneinterfaces/share/droneinterfaces/cmake/ament_cmake_export_targets-extras.cmake
-- Up-to-date symlink: /home/jakeluo/Documents/MonitoringSystemRos2/src/install/droneinterfaces/share/droneinterfaces/cmake/ament_cmake_export_include_directories-extras.cmake
-- Up-to-date symlink: /home/jakeluo/Documents/MonitoringSystemRos2/src/install/droneinterfaces/share/droneinterfaces/cmake/rosidl_cmake_export_typesupport_targets-extras.cmake
-- Up-to-date symlink: /home/jakeluo/Documents/MonitoringSystemRos2/src/install/droneinterfaces/share/droneinterfaces/cmake/rosidl_cmake_export_typesupport_libraries-extras.cmake
-- Up-to-date symlink: /home/jakeluo/Documents/MonitoringSystemRos2/src/install/droneinterfaces/share/droneinterfaces/cmake/droneinterfacesConfig.cmake
-- Up-to-date symlink: /home/jakeluo/Documents/MonitoringSystemRos2/src/install/droneinterfaces/share/droneinterfaces/cmake/droneinterfacesConfig-version.cmake
-- Up-to-date symlink: /home/jakeluo/Documents/MonitoringSystemRos2/src/install/droneinterfaces/share/droneinterfaces/package.xml
-- Installing: /home/jakeluo/Documents/MonitoringSystemRos2/src/install/droneinterfaces/lib/libdroneinterfaces__rosidl_generator_c.so
-- Set runtime path of "/home/jakeluo/Documents/MonitoringSystemRos2/src/install/droneinterfaces/lib/libdroneinterfaces__rosidl_generator_c.so" to ""
-- Installing: /home/jakeluo/Documents/MonitoringSystemRos2/src/install/droneinterfaces/lib/libdroneinterfaces__rosidl_typesupport_introspection_c.so
-- Set runtime path of "/home/jakeluo/Documents/MonitoringSystemRos2/src/install/droneinterfaces/lib/libdroneinterfaces__rosidl_typesupport_introspection_c.so" to ""
-- Installing: /home/jakeluo/Documents/MonitoringSystemRos2/src/install/droneinterfaces/lib/libdroneinterfaces__rosidl_typesupport_c.so
-- Set runtime path of "/home/jakeluo/Documents/MonitoringSystemRos2/src/install/droneinterfaces/lib/libdroneinterfaces__rosidl_typesupport_c.so" to ""
-- Installing: /home/jakeluo/Documents/MonitoringSystemRos2/src/install/droneinterfaces/lib/libdroneinterfaces__rosidl_typesupport_introspection_cpp.so
-- Set runtime path of "/home/jakeluo/Documents/MonitoringSystemRos2/src/install/droneinterfaces/lib/libdroneinterfaces__rosidl_typesupport_introspection_cpp.so" to ""
-- Installing: /home/jakeluo/Documents/MonitoringSystemRos2/src/install/droneinterfaces/lib/libdroneinterfaces__rosidl_typesupport_cpp.so
-- Set runtime path of "/home/jakeluo/Documents/MonitoringSystemRos2/src/install/droneinterfaces/lib/libdroneinterfaces__rosidl_typesupport_cpp.so" to ""
Listing '/home/jakeluo/Documents/MonitoringSystemRos2/src/install/droneinterfaces/lib/python3.8/site-packages/droneinterfaces'...
Compiling '/home/jakeluo/Documents/MonitoringSystemRos2/src/install/droneinterfaces/lib/python3.8/site-packages/droneinterfaces/__init__.py'...
Listing '/home/jakeluo/Documents/MonitoringSystemRos2/src/install/droneinterfaces/lib/python3.8/site-packages/droneinterfaces/action'...
Compiling '/home/jakeluo/Documents/MonitoringSystemRos2/src/install/droneinterfaces/lib/python3.8/site-packages/droneinterfaces/action/__init__.py'...
Compiling '/home/jakeluo/Documents/MonitoringSystemRos2/src/install/droneinterfaces/lib/python3.8/site-packages/droneinterfaces/action/_go_point.py'...
Listing '/home/jakeluo/Documents/MonitoringSystemRos2/src/install/droneinterfaces/lib/python3.8/site-packages/droneinterfaces/msg'...
Compiling '/home/jakeluo/Documents/MonitoringSystemRos2/src/install/droneinterfaces/lib/python3.8/site-packages/droneinterfaces/msg/__init__.py'...
Compiling '/home/jakeluo/Documents/MonitoringSystemRos2/src/install/droneinterfaces/lib/python3.8/site-packages/droneinterfaces/msg/_frame_array.py'...
Compiling '/home/jakeluo/Documents/MonitoringSystemRos2/src/install/droneinterfaces/lib/python3.8/site-packages/droneinterfaces/msg/_human_pose_coor.py'...
Compiling '/home/jakeluo/Documents/MonitoringSystemRos2/src/install/droneinterfaces/lib/python3.8/site-packages/droneinterfaces/msg/_position_array.py'...
Listing '/home/jakeluo/Documents/MonitoringSystemRos2/src/install/droneinterfaces/lib/python3.8/site-packages/droneinterfaces/srv'...
Compiling '/home/jakeluo/Documents/MonitoringSystemRos2/src/install/droneinterfaces/lib/python3.8/site-packages/droneinterfaces/srv/__init__.py'...
Compiling '/home/jakeluo/Documents/MonitoringSystemRos2/src/install/droneinterfaces/lib/python3.8/site-packages/droneinterfaces/srv/_drone_controller.py'...
Compiling '/home/jakeluo/Documents/MonitoringSystemRos2/src/install/droneinterfaces/lib/python3.8/site-packages/droneinterfaces/srv/_drone_map.py'...
Compiling '/home/jakeluo/Documents/MonitoringSystemRos2/src/install/droneinterfaces/lib/python3.8/site-packages/droneinterfaces/srv/_drone_pool_status.py'...
Compiling '/home/jakeluo/Documents/MonitoringSystemRos2/src/install/droneinterfaces/lib/python3.8/site-packages/droneinterfaces/srv/_drone_register.py'...
Compiling '/home/jakeluo/Documents/MonitoringSystemRos2/src/install/droneinterfaces/lib/python3.8/site-packages/droneinterfaces/srv/_drone_shut_down.py'...
Compiling '/home/jakeluo/Documents/MonitoringSystemRos2/src/install/droneinterfaces/lib/python3.8/site-packages/droneinterfaces/srv/_drone_slam.py'...
-- Up-to-date: /home/jakeluo/Documents/MonitoringSystemRos2/src/install/droneinterfaces/share/droneinterfaces/cmake/droneinterfaces__rosidl_generator_cExport.cmake
-- Installing: /home/jakeluo/Documents/MonitoringSystemRos2/src/install/droneinterfaces/share/droneinterfaces/cmake/droneinterfaces__rosidl_generator_cExport-relwithdebinfo.cmake
-- Up-to-date: /home/jakeluo/Documents/MonitoringSystemRos2/src/install/droneinterfaces/share/droneinterfaces/cmake/droneinterfaces__rosidl_typesupport_introspection_cExport.cmake
-- Installing: /home/jakeluo/Documents/MonitoringSystemRos2/src/install/droneinterfaces/share/droneinterfaces/cmake/droneinterfaces__rosidl_typesupport_introspection_cExport-relwithdebinfo.cmake
-- Up-to-date: /home/jakeluo/Documents/MonitoringSystemRos2/src/install/droneinterfaces/share/droneinterfaces/cmake/droneinterfaces__rosidl_typesupport_cExport.cmake
-- Installing: /home/jakeluo/Documents/MonitoringSystemRos2/src/install/droneinterfaces/share/droneinterfaces/cmake/droneinterfaces__rosidl_typesupport_cExport-relwithdebinfo.cmake
-- Up-to-date: /home/jakeluo/Documents/MonitoringSystemRos2/src/install/droneinterfaces/share/droneinterfaces/cmake/droneinterfaces__rosidl_generator_cppExport.cmake
-- Up-to-date: /home/jakeluo/Documents/MonitoringSystemRos2/src/install/droneinterfaces/share/droneinterfaces/cmake/droneinterfaces__rosidl_typesupport_introspection_cppExport.cmake
-- Installing: /home/jakeluo/Documents/MonitoringSystemRos2/src/install/droneinterfaces/share/droneinterfaces/cmake/droneinterfaces__rosidl_typesupport_introspection_cppExport-relwithdebinfo.cmake
-- Up-to-date: /home/jakeluo/Documents/MonitoringSystemRos2/src/install/droneinterfaces/share/droneinterfaces/cmake/droneinterfaces__rosidl_typesupport_cppExport.cmake
-- Installing: /home/jakeluo/Documents/MonitoringSystemRos2/src/install/droneinterfaces/share/droneinterfaces/cmake/droneinterfaces__rosidl_typesupport_cppExport-relwithdebinfo.cmake
