[0.012s] Invoking command in '/home/jakeluo/Documents/MonitoringSystemRos2/src/build/droneinterfaces': /usr/bin/cmake /home/jakeluo/Documents/MonitoringSystemRos2/src/droneinterfaces -DCMAKE_INSTALL_PREFIX=/home/jakeluo/Documents/MonitoringSystemRos2/src/install/droneinterfaces
[0.023s] -- Found ament_cmake: 1.1.4 (/home/jakeluo/Software/ros2_rolling/install/ament_cmake/share/ament_cmake/cmake)
[0.184s] Traceback (most recent call last):
[0.184s]   File "/home/jakeluo/Software/ros2_rolling/install/ament_cmake_core/share/ament_cmake_core/cmake/package_templates/templates_2_cmake.py", line 21, in <module>
[0.184s]     from ament_package.templates import get_environment_hook_template_path
[0.184s] ModuleNotFoundError: No module named 'ament_package'
[0.194s] CMake Error at /home/jakeluo/Software/ros2_rolling/install/ament_cmake_core/share/ament_cmake_core/cmake/ament_cmake_package_templates-extras.cmake:41 (message):
[0.194s]   execute_process(/usr/bin/python3.8
[0.194s]   /home/jakeluo/Software/ros2_rolling/install/ament_cmake_core/share/ament_cmake_core/cmake/package_templates/templates_2_cmake.py
[0.195s]   /home/jakeluo/Documents/MonitoringSystemRos2/src/build/droneinterfaces/ament_cmake_package_templates/templates.cmake)
[0.195s]   returned error code 1
[0.195s] Call Stack (most recent call first):
[0.195s]   /home/jakeluo/Software/ros2_rolling/install/ament_cmake_core/share/ament_cmake_core/cmake/ament_cmake_coreConfig.cmake:41 (include)
[0.195s]   /home/jakeluo/Software/ros2_rolling/install/ament_cmake/share/ament_cmake/cmake/ament_cmake_export_dependencies-extras.cmake:15 (find_package)
[0.195s]   /home/jakeluo/Software/ros2_rolling/install/ament_cmake/share/ament_cmake/cmake/ament_cmakeConfig.cmake:41 (include)
[0.195s]   CMakeLists.txt:9 (find_package)
[0.195s] 
[0.195s] 
[0.195s] -- Configuring incomplete, errors occurred!
[0.195s] See also "/home/jakeluo/Documents/MonitoringSystemRos2/src/build/droneinterfaces/CMakeFiles/CMakeOutput.log".
[0.197s] Invoked command in '/home/jakeluo/Documents/MonitoringSystemRos2/src/build/droneinterfaces' returned '1': /usr/bin/cmake /home/jakeluo/Documents/MonitoringSystemRos2/src/droneinterfaces -DCMAKE_INSTALL_PREFIX=/home/jakeluo/Documents/MonitoringSystemRos2/src/install/droneinterfaces
