In file included from [01m[K/usr/include/c++/9/pstl/glue_algorithm_defs.h:13[m[K,
                 from [01m[K/usr/include/c++/9/algorithm:71[m[K,
                 from [01m[K/home/jakeluo/Software/ros2_rolling/install/rclcpp/include/rclcpp/executor.hpp:18[m[K,
                 from [01m[K/home/jakeluo/Software/ros2_rolling/install/rclcpp/include/rclcpp/executors/multi_threaded_executor.hpp:25[m[K,
                 from [01m[K/home/jakeluo/Software/ros2_rolling/install/rclcpp/include/rclcpp/executors.hpp:21[m[K,
                 from [01m[K/home/jakeluo/Software/ros2_rolling/install/rclcpp/include/rclcpp/rclcpp.hpp:155[m[K,
                 from [01m[K/home/jakeluo/Documents/MonitoringSystemRos2/src/droneutility/include/droneManager.hpp:1[m[K,
                 from [01m[K/home/jakeluo/Documents/MonitoringSystemRos2/src/droneutility/src/droneManager.cpp:1[m[K:
/usr/include/c++/9/functional: In instantiation of ‘[01m[Kstd::_Bind<_Functor(_Bound_args ...)>::_Bind(_Functor&&, _Args&& ...) [with _Args = {dronenamespace::DroneManager*, std::__cxx11::basic_string<char, std::char_traits<char>, std::allocator<char> >&, ThreadSafeQueue<AVFrame>&}; _Functor = void (dronenamespace::DroneManager::*)(std::__cxx11::basic_string<char>, ThreadSafeQueue<AVFrame>&); _Bound_args = {dronenamespace::DroneManager*, std::__cxx11::basic_string<char, std::char_traits<char>, std::allocator<char> >, ThreadSafeQueue<AVFrame>}][m[K’:
[01m[K/usr/include/c++/9/functional:811:38:[m[K   required from ‘[01m[Ktypename std::_Bind_helper<std::__is_socketlike<_Func>::value, _Func, _BoundArgs ...>::type std::bind(_Func&&, _BoundArgs&& ...) [with _Func = void (dronenamespace::DroneManager::*)(std::__cxx11::basic_string<char>, ThreadSafeQueue<AVFrame>&); _BoundArgs = {dronenamespace::DroneManager*, std::__cxx11::basic_string<char, std::char_traits<char>, std::allocator<char> >&, ThreadSafeQueue<AVFrame>&}; typename std::_Bind_helper<std::__is_socketlike<_Func>::value, _Func, _BoundArgs ...>::type = std::_Bind<void (dronenamespace::DroneManager::*(dronenamespace::DroneManager*, std::__cxx11::basic_string<char>, ThreadSafeQueue<AVFrame>))(std::__cxx11::basic_string<char>, ThreadSafeQueue<AVFrame>&)>][m[K’
[01m[K/home/jakeluo/Documents/MonitoringSystemRos2/src/droneutility/src/droneManager.cpp:250:83:[m[K   required from here
[01m[K/usr/include/c++/9/functional:467:70:[m[K [01;31m[Kerror: [m[Kno matching function for call to ‘[01m[Kstd::tuple<dronenamespace::DroneManager*, std::__cxx11::basic_string<char, std::char_traits<char>, std::allocator<char> >, ThreadSafeQueue<AVFrame> >::tuple(dronenamespace::DroneManager*, std::__cxx11::basic_string<char>&, ThreadSafeQueue<AVFrame>&)[m[K’
  467 |  : _M_f(std::move(__f)), _M_bound_args(std::forward<_Args>(__args)...[01;31m[K)[m[K
      |                                                                      [01;31m[K^[m[K
In file included from [01m[K/usr/include/c++/9/bits/unique_ptr.h:37[m[K,
                 from [01m[K/usr/include/c++/9/memory:80[m[K,
                 from [01m[K/home/jakeluo/Software/ros2_rolling/install/rclcpp/include/rclcpp/rclcpp.hpp:153[m[K,
                 from [01m[K/home/jakeluo/Documents/MonitoringSystemRos2/src/droneutility/include/droneManager.hpp:1[m[K,
                 from [01m[K/home/jakeluo/Documents/MonitoringSystemRos2/src/droneutility/src/droneManager.cpp:1[m[K:
[01m[K/usr/include/c++/9/tuple:808:11:[m[K [01;36m[Knote: [m[Kcandidate: ‘[01m[Ktemplate<class _Alloc, class _Dummy, class ... _UElements, typename std::enable_if<((std::tuple<dronenamespace::DroneManager*, std::__cxx11::basic_string<char, std::char_traits<char>, std::allocator<char> >, ThreadSafeQueue<AVFrame> >::_TMCT<_UElements ...>::_MoveConstructibleTuple<_UElements ...>() && (! std::tuple<dronenamespace::DroneManager*, std::__cxx11::basic_string<char, std::char_traits<char>, std::allocator<char> >, ThreadSafeQueue<AVFrame> >::_TMCT<_UElements ...>::_ImplicitlyMoveConvertibleTuple<_UElements ...>())) && std::tuple<dronenamespace::DroneManager*, std::__cxx11::basic_string<char, std::char_traits<char>, std::allocator<char> >, ThreadSafeQueue<AVFrame> >::_TNTC<_Dummy>::_NonNestedTuple<tuple<_Tail ...>&&>()), bool>::type <anonymous> > std::tuple<_Elements>::tuple(std::allocator_arg_t, const _Alloc&, std::tuple<_Args2 ...>&&)[m[K’
  808 |  explicit [01;36m[Ktuple[m[K(allocator_arg_t __tag, const _Alloc& __a,
      |           [01;36m[K^~~~~[m[K
[01m[K/usr/include/c++/9/tuple:808:11:[m[K [01;36m[Knote: [m[K  template argument deduction/substitution failed:
In file included from [01m[K/usr/include/c++/9/pstl/glue_algorithm_defs.h:13[m[K,
                 from [01m[K/usr/include/c++/9/algorithm:71[m[K,
                 from [01m[K/home/jakeluo/Software/ros2_rolling/install/rclcpp/include/rclcpp/executor.hpp:18[m[K,
                 from [01m[K/home/jakeluo/Software/ros2_rolling/install/rclcpp/include/rclcpp/executors/multi_threaded_executor.hpp:25[m[K,
                 from [01m[K/home/jakeluo/Software/ros2_rolling/install/rclcpp/include/rclcpp/executors.hpp:21[m[K,
                 from [01m[K/home/jakeluo/Software/ros2_rolling/install/rclcpp/include/rclcpp/rclcpp.hpp:155[m[K,
                 from [01m[K/home/jakeluo/Documents/MonitoringSystemRos2/src/droneutility/include/droneManager.hpp:1[m[K,
                 from [01m[K/home/jakeluo/Documents/MonitoringSystemRos2/src/droneutility/src/droneManager.cpp:1[m[K:
[01m[K/usr/include/c++/9/functional:467:70:[m[K [01;36m[Knote: [m[K  ‘[01m[KThreadSafeQueue<AVFrame>[m[K’ is not derived from ‘[01m[Kstd::tuple<_Tail ...>[m[K’
  467 |  : _M_f(std::move(__f)), _M_bound_args(std::forward<_Args>(__args)...[01;36m[K)[m[K
      |                                                                      [01;36m[K^[m[K
In file included from [01m[K/usr/include/c++/9/bits/unique_ptr.h:37[m[K,
                 from [01m[K/usr/include/c++/9/memory:80[m[K,
                 from [01m[K/home/jakeluo/Software/ros2_rolling/install/rclcpp/include/rclcpp/rclcpp.hpp:153[m[K,
                 from [01m[K/home/jakeluo/Documents/MonitoringSystemRos2/src/droneutility/include/droneManager.hpp:1[m[K,
                 from [01m[K/home/jakeluo/Documents/MonitoringSystemRos2/src/droneutility/src/droneManager.cpp:1[m[K:
[01m[K/usr/include/c++/9/tuple:793:2:[m[K [01;36m[Knote: [m[Kcandidate: ‘[01m[Ktemplate<class _Alloc, class _Dummy, class ... _UElements, typename std::enable_if<((std::tuple<dronenamespace::DroneManager*, std::__cxx11::basic_string<char, std::char_traits<char>, std::allocator<char> >, ThreadSafeQueue<AVFrame> >::_TMCT<_UElements ...>::_MoveConstructibleTuple<_UElements ...>() && std::tuple<dronenamespace::DroneManager*, std::__cxx11::basic_string<char, std::char_traits<char>, std::allocator<char> >, ThreadSafeQueue<AVFrame> >::_TMCT<_UElements ...>::_ImplicitlyMoveConvertibleTuple<_UElements ...>()) && std::tuple<dronenamespace::DroneManager*, std::__cxx11::basic_string<char, std::char_traits<char>, std::allocator<char> >, ThreadSafeQueue<AVFrame> >::_TNTC<_Dummy>::_NonNestedTuple<tuple<_Tail ...>&&>()), bool>::type <anonymous> > std::tuple<_Elements>::tuple(std::allocator_arg_t, const _Alloc&, std::tuple<_Args2 ...>&&)[m[K’
  793 |  [01;36m[Ktuple[m[K(allocator_arg_t __tag, const _Alloc& __a,
      |  [01;36m[K^~~~~[m[K
[01m[K/usr/include/c++/9/tuple:793:2:[m[K [01;36m[Knote: [m[K  template argument deduction/substitution failed:
In file included from [01m[K/usr/include/c++/9/pstl/glue_algorithm_defs.h:13[m[K,
                 from [01m[K/usr/include/c++/9/algorithm:71[m[K,
                 from [01m[K/home/jakeluo/Software/ros2_rolling/install/rclcpp/include/rclcpp/executor.hpp:18[m[K,
                 from [01m[K/home/jakeluo/Software/ros2_rolling/install/rclcpp/include/rclcpp/executors/multi_threaded_executor.hpp:25[m[K,
                 from [01m[K/home/jakeluo/Software/ros2_rolling/install/rclcpp/include/rclcpp/executors.hpp:21[m[K,
                 from [01m[K/home/jakeluo/Software/ros2_rolling/install/rclcpp/include/rclcpp/rclcpp.hpp:155[m[K,
                 from [01m[K/home/jakeluo/Documents/MonitoringSystemRos2/src/droneutility/include/droneManager.hpp:1[m[K,
                 from [01m[K/home/jakeluo/Documents/MonitoringSystemRos2/src/droneutility/src/droneManager.cpp:1[m[K:
[01m[K/usr/include/c++/9/functional:467:70:[m[K [01;36m[Knote: [m[K  ‘[01m[KThreadSafeQueue<AVFrame>[m[K’ is not derived from ‘[01m[Kstd::tuple<_Tail ...>[m[K’
  467 |  : _M_f(std::move(__f)), _M_bound_args(std::forward<_Args>(__args)...[01;36m[K)[m[K
      |                                                                      [01;36m[K^[m[K
In file included from [01m[K/usr/include/c++/9/bits/unique_ptr.h:37[m[K,
                 from [01m[K/usr/include/c++/9/memory:80[m[K,
                 from [01m[K/home/jakeluo/Software/ros2_rolling/install/rclcpp/include/rclcpp/rclcpp.hpp:153[m[K,
                 from [01m[K/home/jakeluo/Documents/MonitoringSystemRos2/src/droneutility/include/droneManager.hpp:1[m[K,
                 from [01m[K/home/jakeluo/Documents/MonitoringSystemRos2/src/droneutility/src/droneManager.cpp:1[m[K:
[01m[K/usr/include/c++/9/tuple:778:11:[m[K [01;36m[Knote: [m[Kcandidate: ‘[01m[Ktemplate<class _Alloc, class _Dummy, class ... _UElements, typename std::enable_if<((std::tuple<dronenamespace::DroneManager*, std::__cxx11::basic_string<char, std::char_traits<char>, std::allocator<char> >, ThreadSafeQueue<AVFrame> >::_TMCT<_UElements ...>::_ConstructibleTuple<_UElements ...>() && (! std::tuple<dronenamespace::DroneManager*, std::__cxx11::basic_string<char, std::char_traits<char>, std::allocator<char> >, ThreadSafeQueue<AVFrame> >::_TMCT<_UElements ...>::_ImplicitlyConvertibleTuple<_UElements ...>())) && std::tuple<dronenamespace::DroneManager*, std::__cxx11::basic_string<char, std::char_traits<char>, std::allocator<char> >, ThreadSafeQueue<AVFrame> >::_TNTC<_Dummy>::_NonNestedTuple<const tuple<_Tail ...>&>()), bool>::type <anonymous> > std::tuple<_Elements>::tuple(std::allocator_arg_t, const _Alloc&, const std::tuple<_Args2 ...>&)[m[K’
  778 |  explicit [01;36m[Ktuple[m[K(allocator_arg_t __tag, const _Alloc& __a,
      |           [01;36m[K^~~~~[m[K
[01m[K/usr/include/c++/9/tuple:778:11:[m[K [01;36m[Knote: [m[K  template argument deduction/substitution failed:
In file included from [01m[K/usr/include/c++/9/pstl/glue_algorithm_defs.h:13[m[K,
                 from [01m[K/usr/include/c++/9/algorithm:71[m[K,
                 from [01m[K/home/jakeluo/Software/ros2_rolling/install/rclcpp/include/rclcpp/executor.hpp:18[m[K,
                 from [01m[K/home/jakeluo/Software/ros2_rolling/install/rclcpp/include/rclcpp/executors/multi_threaded_executor.hpp:25[m[K,
                 from [01m[K/home/jakeluo/Software/ros2_rolling/install/rclcpp/include/rclcpp/executors.hpp:21[m[K,
                 from [01m[K/home/jakeluo/Software/ros2_rolling/install/rclcpp/include/rclcpp/rclcpp.hpp:155[m[K,
                 from [01m[K/home/jakeluo/Documents/MonitoringSystemRos2/src/droneutility/include/droneManager.hpp:1[m[K,
                 from [01m[K/home/jakeluo/Documents/MonitoringSystemRos2/src/droneutility/src/droneManager.cpp:1[m[K:
[01m[K/usr/include/c++/9/functional:467:70:[m[K [01;36m[Knote: [m[K  ‘[01m[KThreadSafeQueue<AVFrame>[m[K’ is not derived from ‘[01m[Kconst std::tuple<_Tail ...>[m[K’
  467 |  : _M_f(std::move(__f)), _M_bound_args(std::forward<_Args>(__args)...[01;36m[K)[m[K
      |                                                                      [01;36m[K^[m[K
In file included from [01m[K/usr/include/c++/9/bits/unique_ptr.h:37[m[K,
                 from [01m[K/usr/include/c++/9/memory:80[m[K,
                 from [01m[K/home/jakeluo/Software/ros2_rolling/install/rclcpp/include/rclcpp/rclcpp.hpp:153[m[K,
                 from [01m[K/home/jakeluo/Documents/MonitoringSystemRos2/src/droneutility/include/droneManager.hpp:1[m[K,
                 from [01m[K/home/jakeluo/Documents/MonitoringSystemRos2/src/droneutility/src/droneManager.cpp:1[m[K:
[01m[K/usr/include/c++/9/tuple:763:2:[m[K [01;36m[Knote: [m[Kcandidate: ‘[01m[Ktemplate<class _Alloc, class _Dummy, class ... _UElements, typename std::enable_if<((std::tuple<dronenamespace::DroneManager*, std::__cxx11::basic_string<char, std::char_traits<char>, std::allocator<char> >, ThreadSafeQueue<AVFrame> >::_TMCT<_UElements ...>::_ConstructibleTuple<_UElements ...>() && std::tuple<dronenamespace::DroneManager*, std::__cxx11::basic_string<char, std::char_traits<char>, std::allocator<char> >, ThreadSafeQueue<AVFrame> >::_TMCT<_UElements ...>::_ImplicitlyConvertibleTuple<_UElements ...>()) && std::tuple<dronenamespace::DroneManager*, std::__cxx11::basic_string<char, std::char_traits<char>, std::allocator<char> >, ThreadSafeQueue<AVFrame> >::_TNTC<_Dummy>::_NonNestedTuple<const tuple<_Tail ...>&>()), bool>::type <anonymous> > std::tuple<_Elements>::tuple(std::allocator_arg_t, const _Alloc&, const std::tuple<_Args2 ...>&)[m[K’
  763 |  [01;36m[Ktuple[m[K(allocator_arg_t __tag, const _Alloc& __a,
      |  [01;36m[K^~~~~[m[K
[01m[K/usr/include/c++/9/tuple:763:2:[m[K [01;36m[Knote: [m[K  template argument deduction/substitution failed:
In file included from [01m[K/usr/include/c++/9/pstl/glue_algorithm_defs.h:13[m[K,
                 from [01m[K/usr/include/c++/9/algorithm:71[m[K,
                 from [01m[K/home/jakeluo/Software/ros2_rolling/install/rclcpp/include/rclcpp/executor.hpp:18[m[K,
                 from [01m[K/home/jakeluo/Software/ros2_rolling/install/rclcpp/include/rclcpp/executors/multi_threaded_executor.hpp:25[m[K,
                 from [01m[K/home/jakeluo/Software/ros2_rolling/install/rclcpp/include/rclcpp/executors.hpp:21[m[K,
                 from [01m[K/home/jakeluo/Software/ros2_rolling/install/rclcpp/include/rclcpp/rclcpp.hpp:155[m[K,
                 from [01m[K/home/jakeluo/Documents/MonitoringSystemRos2/src/droneutility/include/droneManager.hpp:1[m[K,
                 from [01m[K/home/jakeluo/Documents/MonitoringSystemRos2/src/droneutility/src/droneManager.cpp:1[m[K:
[01m[K/usr/include/c++/9/functional:467:70:[m[K [01;36m[Knote: [m[K  ‘[01m[KThreadSafeQueue<AVFrame>[m[K’ is not derived from ‘[01m[Kconst std::tuple<_Tail ...>[m[K’
  467 |  : _M_f(std::move(__f)), _M_bound_args(std::forward<_Args>(__args)...[01;36m[K)[m[K
      |                                                                      [01;36m[K^[m[K
In file included from [01m[K/usr/include/c++/9/bits/unique_ptr.h:37[m[K,
                 from [01m[K/usr/include/c++/9/memory:80[m[K,
                 from [01m[K/home/jakeluo/Software/ros2_rolling/install/rclcpp/include/rclcpp/rclcpp.hpp:153[m[K,
                 from [01m[K/home/jakeluo/Documents/MonitoringSystemRos2/src/droneutility/include/droneManager.hpp:1[m[K,
                 from [01m[K/home/jakeluo/Documents/MonitoringSystemRos2/src/droneutility/src/droneManager.cpp:1[m[K:
[01m[K/usr/include/c++/9/tuple:751:2:[m[K [01;36m[Knote: [m[Kcandidate: ‘[01m[Ktemplate<class _Alloc> std::tuple<_Elements>::tuple(std::allocator_arg_t, const _Alloc&, std::tuple<_Elements>&&)[m[K’
  751 |  [01;36m[Ktuple[m[K(allocator_arg_t __tag, const _Alloc& __a, tuple&& __in)
      |  [01;36m[K^~~~~[m[K
[01m[K/usr/include/c++/9/tuple:751:2:[m[K [01;36m[Knote: [m[K  template argument deduction/substitution failed:
In file included from [01m[K/usr/include/c++/9/pstl/glue_algorithm_defs.h:13[m[K,
                 from [01m[K/usr/include/c++/9/algorithm:71[m[K,
                 from [01m[K/home/jakeluo/Software/ros2_rolling/install/rclcpp/include/rclcpp/executor.hpp:18[m[K,
                 from [01m[K/home/jakeluo/Software/ros2_rolling/install/rclcpp/include/rclcpp/executors/multi_threaded_executor.hpp:25[m[K,
                 from [01m[K/home/jakeluo/Software/ros2_rolling/install/rclcpp/include/rclcpp/executors.hpp:21[m[K,
                 from [01m[K/home/jakeluo/Software/ros2_rolling/install/rclcpp/include/rclcpp/rclcpp.hpp:155[m[K,
                 from [01m[K/home/jakeluo/Documents/MonitoringSystemRos2/src/droneutility/include/droneManager.hpp:1[m[K,
                 from [01m[K/home/jakeluo/Documents/MonitoringSystemRos2/src/droneutility/src/droneManager.cpp:1[m[K:
[01m[K/usr/include/c++/9/functional:467:70:[m[K [01;36m[Knote: [m[K  cannot convert ‘[01m[Kstd::forward<dronenamespace::DroneManager*>((* & __args#0))[m[K’ (type ‘[01m[Kdronenamespace::DroneManager*[m[K’) to type ‘[01m[Kstd::allocator_arg_t[m[K’
  467 |  : _M_f(std::move(__f)), _M_bound_args(std::forward<_Args>(__args)...[01;36m[K)[m[K
      |                                                                      [01;36m[K^[m[K
In file included from [01m[K/usr/include/c++/9/bits/unique_ptr.h:37[m[K,
                 from [01m[K/usr/include/c++/9/memory:80[m[K,
                 from [01m[K/home/jakeluo/Software/ros2_rolling/install/rclcpp/include/rclcpp/rclcpp.hpp:153[m[K,
                 from [01m[K/home/jakeluo/Documents/MonitoringSystemRos2/src/droneutility/include/droneManager.hpp:1[m[K,
                 from [01m[K/home/jakeluo/Documents/MonitoringSystemRos2/src/droneutility/src/droneManager.cpp:1[m[K:
[01m[K/usr/include/c++/9/tuple:747:2:[m[K [01;36m[Knote: [m[Kcandidate: ‘[01m[Ktemplate<class _Alloc> std::tuple<_Elements>::tuple(std::allocator_arg_t, const _Alloc&, const std::tuple<_Elements>&)[m[K’
  747 |  [01;36m[Ktuple[m[K(allocator_arg_t __tag, const _Alloc& __a, const tuple& __in)
      |  [01;36m[K^~~~~[m[K
[01m[K/usr/include/c++/9/tuple:747:2:[m[K [01;36m[Knote: [m[K  template argument deduction/substitution failed:
In file included from [01m[K/usr/include/c++/9/pstl/glue_algorithm_defs.h:13[m[K,
                 from [01m[K/usr/include/c++/9/algorithm:71[m[K,
                 from [01m[K/home/jakeluo/Software/ros2_rolling/install/rclcpp/include/rclcpp/executor.hpp:18[m[K,
                 from [01m[K/home/jakeluo/Software/ros2_rolling/install/rclcpp/include/rclcpp/executors/multi_threaded_executor.hpp:25[m[K,
                 from [01m[K/home/jakeluo/Software/ros2_rolling/install/rclcpp/include/rclcpp/executors.hpp:21[m[K,
                 from [01m[K/home/jakeluo/Software/ros2_rolling/install/rclcpp/include/rclcpp/rclcpp.hpp:155[m[K,
                 from [01m[K/home/jakeluo/Documents/MonitoringSystemRos2/src/droneutility/include/droneManager.hpp:1[m[K,
                 from [01m[K/home/jakeluo/Documents/MonitoringSystemRos2/src/droneutility/src/droneManager.cpp:1[m[K:
[01m[K/usr/include/c++/9/functional:467:70:[m[K [01;36m[Knote: [m[K  cannot convert ‘[01m[Kstd::forward<dronenamespace::DroneManager*>((* & __args#0))[m[K’ (type ‘[01m[Kdronenamespace::DroneManager*[m[K’) to type ‘[01m[Kstd::allocator_arg_t[m[K’
  467 |  : _M_f(std::move(__f)), _M_bound_args(std::forward<_Args>(__args)...[01;36m[K)[m[K
      |                                                                      [01;36m[K^[m[K
In file included from [01m[K/usr/include/c++/9/bits/unique_ptr.h:37[m[K,
                 from [01m[K/usr/include/c++/9/memory:80[m[K,
                 from [01m[K/home/jakeluo/Software/ros2_rolling/install/rclcpp/include/rclcpp/rclcpp.hpp:153[m[K,
                 from [01m[K/home/jakeluo/Documents/MonitoringSystemRos2/src/droneutility/include/droneManager.hpp:1[m[K,
                 from [01m[K/home/jakeluo/Documents/MonitoringSystemRos2/src/droneutility/src/droneManager.cpp:1[m[K:
[01m[K/usr/include/c++/9/tuple:741:11:[m[K [01;36m[Knote: [m[Kcandidate: ‘[01m[Ktemplate<class _Alloc, class ... _UElements, typename std::enable_if<(std::tuple<dronenamespace::DroneManager*, std::__cxx11::basic_string<char, std::char_traits<char>, std::allocator<char> >, ThreadSafeQueue<AVFrame> >::_TMC<_UElements ...>::_MoveConstructibleTuple<_UElements ...>() && (! std::tuple<dronenamespace::DroneManager*, std::__cxx11::basic_string<char, std::char_traits<char>, std::allocator<char> >, ThreadSafeQueue<AVFrame> >::_TMC<_UElements ...>::_ImplicitlyMoveConvertibleTuple<_UElements ...>())), bool>::type <anonymous> > std::tuple<_Elements>::tuple(std::allocator_arg_t, const _Alloc&, _UElements&& ...)[m[K’
  741 |  explicit [01;36m[Ktuple[m[K(allocator_arg_t __tag, const _Alloc& __a,
      |           [01;36m[K^~~~~[m[K
[01m[K/usr/include/c++/9/tuple:741:11:[m[K [01;36m[Knote: [m[K  template argument deduction/substitution failed:
[01m[K/usr/include/c++/9/tuple:740:21:[m[K [01;31m[Kerror: [m[Kno type named ‘[01m[Ktype[m[K’ in ‘[01m[Kstruct std::enable_if<false, bool>[m[K’
  740 |         bool>::type=[01;31m[Kfalse[m[K>
      |                     [01;31m[K^~~~~[m[K
[01m[K/usr/include/c++/9/tuple:730:2:[m[K [01;36m[Knote: [m[Kcandidate: ‘[01m[Ktemplate<class _Alloc, class ... _UElements, typename std::enable_if<(std::tuple<dronenamespace::DroneManager*, std::__cxx11::basic_string<char, std::char_traits<char>, std::allocator<char> >, ThreadSafeQueue<AVFrame> >::_TMC<_UElements ...>::_MoveConstructibleTuple<_UElements ...>() && std::tuple<dronenamespace::DroneManager*, std::__cxx11::basic_string<char, std::char_traits<char>, std::allocator<char> >, ThreadSafeQueue<AVFrame> >::_TMC<_UElements ...>::_ImplicitlyMoveConvertibleTuple<_UElements ...>()), bool>::type <anonymous> > std::tuple<_Elements>::tuple(std::allocator_arg_t, const _Alloc&, _UElements&& ...)[m[K’
  730 |  [01;36m[Ktuple[m[K(allocator_arg_t __tag, const _Alloc& __a,
      |  [01;36m[K^~~~~[m[K
[01m[K/usr/include/c++/9/tuple:730:2:[m[K [01;36m[Knote: [m[K  template argument deduction/substitution failed:
[01m[K/usr/include/c++/9/tuple:729:21:[m[K [01;31m[Kerror: [m[Kno type named ‘[01m[Ktype[m[K’ in ‘[01m[Kstruct std::enable_if<false, bool>[m[K’
  729 |         bool>::type=[01;31m[Ktrue[m[K>
      |                     [01;31m[K^~~~[m[K
[01m[K/usr/include/c++/9/tuple:720:11:[m[K [01;36m[Knote: [m[Kcandidate: ‘[01m[Ktemplate<class _Alloc, class _Dummy, typename std::enable_if<(std::tuple<dronenamespace::DroneManager*, std::__cxx11::basic_string<char, std::char_traits<char>, std::allocator<char> >, ThreadSafeQueue<AVFrame> >::_TCC<_Dummy>::_ConstructibleTuple<DroneManager*, basic_string<char, std::char_traits<char>, std::allocator<char> >, ThreadSafeQueue<AVFrame> >() && (! std::tuple<dronenamespace::DroneManager*, std::__cxx11::basic_string<char, std::char_traits<char>, std::allocator<char> >, ThreadSafeQueue<AVFrame> >::_TCC<_Dummy>::_ImplicitlyConvertibleTuple<DroneManager*, basic_string<char, std::char_traits<char>, std::allocator<char> >, ThreadSafeQueue<AVFrame> >())), bool>::type <anonymous> > std::tuple<_Elements>::tuple(std::allocator_arg_t, const _Alloc&, const _Elements& ...)[m[K’
  720 |  explicit [01;36m[Ktuple[m[K(allocator_arg_t __tag, const _Alloc& __a,
      |           [01;36m[K^~~~~[m[K
[01m[K/usr/include/c++/9/tuple:720:11:[m[K [01;36m[Knote: [m[K  template argument deduction/substitution failed:
In file included from [01m[K/usr/include/c++/9/pstl/glue_algorithm_defs.h:13[m[K,
                 from [01m[K/usr/include/c++/9/algorithm:71[m[K,
                 from [01m[K/home/jakeluo/Software/ros2_rolling/install/rclcpp/include/rclcpp/executor.hpp:18[m[K,
                 from [01m[K/home/jakeluo/Software/ros2_rolling/install/rclcpp/include/rclcpp/executors/multi_threaded_executor.hpp:25[m[K,
                 from [01m[K/home/jakeluo/Software/ros2_rolling/install/rclcpp/include/rclcpp/executors.hpp:21[m[K,
                 from [01m[K/home/jakeluo/Software/ros2_rolling/install/rclcpp/include/rclcpp/rclcpp.hpp:155[m[K,
                 from [01m[K/home/jakeluo/Documents/MonitoringSystemRos2/src/droneutility/include/droneManager.hpp:1[m[K,
                 from [01m[K/home/jakeluo/Documents/MonitoringSystemRos2/src/droneutility/src/droneManager.cpp:1[m[K:
[01m[K/usr/include/c++/9/functional:467:70:[m[K [01;36m[Knote: [m[K  candidate expects 5 arguments, 3 provided
  467 |  : _M_f(std::move(__f)), _M_bound_args(std::forward<_Args>(__args)...[01;36m[K)[m[K
      |                                                                      [01;36m[K^[m[K
In file included from [01m[K/usr/include/c++/9/bits/unique_ptr.h:37[m[K,
                 from [01m[K/usr/include/c++/9/memory:80[m[K,
                 from [01m[K/home/jakeluo/Software/ros2_rolling/install/rclcpp/include/rclcpp/rclcpp.hpp:153[m[K,
                 from [01m[K/home/jakeluo/Documents/MonitoringSystemRos2/src/droneutility/include/droneManager.hpp:1[m[K,
                 from [01m[K/home/jakeluo/Documents/MonitoringSystemRos2/src/droneutility/src/droneManager.cpp:1[m[K:
[01m[K/usr/include/c++/9/tuple:709:2:[m[K [01;36m[Knote: [m[Kcandidate: ‘[01m[Ktemplate<class _Alloc, class _Dummy, typename std::enable_if<(std::tuple<dronenamespace::DroneManager*, std::__cxx11::basic_string<char, std::char_traits<char>, std::allocator<char> >, ThreadSafeQueue<AVFrame> >::_TCC<_Dummy>::_ConstructibleTuple<DroneManager*, basic_string<char, std::char_traits<char>, std::allocator<char> >, ThreadSafeQueue<AVFrame> >() && std::tuple<dronenamespace::DroneManager*, std::__cxx11::basic_string<char, std::char_traits<char>, std::allocator<char> >, ThreadSafeQueue<AVFrame> >::_TCC<_Dummy>::_ImplicitlyConvertibleTuple<DroneManager*, basic_string<char, std::char_traits<char>, std::allocator<char> >, ThreadSafeQueue<AVFrame> >()), bool>::type <anonymous> > std::tuple<_Elements>::tuple(std::allocator_arg_t, const _Alloc&, const _Elements& ...)[m[K’
  709 |  [01;36m[Ktuple[m[K(allocator_arg_t __tag, const _Alloc& __a,
      |  [01;36m[K^~~~~[m[K
[01m[K/usr/include/c++/9/tuple:709:2:[m[K [01;36m[Knote: [m[K  template argument deduction/substitution failed:
In file included from [01m[K/usr/include/c++/9/pstl/glue_algorithm_defs.h:13[m[K,
                 from [01m[K/usr/include/c++/9/algorithm:71[m[K,
                 from [01m[K/home/jakeluo/Software/ros2_rolling/install/rclcpp/include/rclcpp/executor.hpp:18[m[K,
                 from [01m[K/home/jakeluo/Software/ros2_rolling/install/rclcpp/include/rclcpp/executors/multi_threaded_executor.hpp:25[m[K,
                 from [01m[K/home/jakeluo/Software/ros2_rolling/install/rclcpp/include/rclcpp/executors.hpp:21[m[K,
                 from [01m[K/home/jakeluo/Software/ros2_rolling/install/rclcpp/include/rclcpp/rclcpp.hpp:155[m[K,
                 from [01m[K/home/jakeluo/Documents/MonitoringSystemRos2/src/droneutility/include/droneManager.hpp:1[m[K,
                 from [01m[K/home/jakeluo/Documents/MonitoringSystemRos2/src/droneutility/src/droneManager.cpp:1[m[K:
[01m[K/usr/include/c++/9/functional:467:70:[m[K [01;36m[Knote: [m[K  candidate expects 5 arguments, 3 provided
  467 |  : _M_f(std::move(__f)), _M_bound_args(std::forward<_Args>(__args)...[01;36m[K)[m[K
      |                                                                      [01;36m[K^[m[K
In file included from [01m[K/usr/include/c++/9/bits/unique_ptr.h:37[m[K,
                 from [01m[K/usr/include/c++/9/memory:80[m[K,
                 from [01m[K/home/jakeluo/Software/ros2_rolling/install/rclcpp/include/rclcpp/rclcpp.hpp:153[m[K,
                 from [01m[K/home/jakeluo/Documents/MonitoringSystemRos2/src/droneutility/include/droneManager.hpp:1[m[K,
                 from [01m[K/home/jakeluo/Documents/MonitoringSystemRos2/src/droneutility/src/droneManager.cpp:1[m[K:
[01m[K/usr/include/c++/9/tuple:699:2:[m[K [01;36m[Knote: [m[Kcandidate: ‘[01m[Ktemplate<class _Alloc> std::tuple<_Elements>::tuple(std::allocator_arg_t, const _Alloc&)[m[K’
  699 |  [01;36m[Ktuple[m[K(allocator_arg_t __tag, const _Alloc& __a)
      |  [01;36m[K^~~~~[m[K
[01m[K/usr/include/c++/9/tuple:699:2:[m[K [01;36m[Knote: [m[K  template argument deduction/substitution failed:
In file included from [01m[K/usr/include/c++/9/pstl/glue_algorithm_defs.h:13[m[K,
                 from [01m[K/usr/include/c++/9/algorithm:71[m[K,
                 from [01m[K/home/jakeluo/Software/ros2_rolling/install/rclcpp/include/rclcpp/executor.hpp:18[m[K,
                 from [01m[K/home/jakeluo/Software/ros2_rolling/install/rclcpp/include/rclcpp/executors/multi_threaded_executor.hpp:25[m[K,
                 from [01m[K/home/jakeluo/Software/ros2_rolling/install/rclcpp/include/rclcpp/executors.hpp:21[m[K,
                 from [01m[K/home/jakeluo/Software/ros2_rolling/install/rclcpp/include/rclcpp/rclcpp.hpp:155[m[K,
                 from [01m[K/home/jakeluo/Documents/MonitoringSystemRos2/src/droneutility/include/droneManager.hpp:1[m[K,
                 from [01m[K/home/jakeluo/Documents/MonitoringSystemRos2/src/droneutility/src/droneManager.cpp:1[m[K:
[01m[K/usr/include/c++/9/functional:467:70:[m[K [01;36m[Knote: [m[K  candidate expects 2 arguments, 3 provided
  467 |  : _M_f(std::move(__f)), _M_bound_args(std::forward<_Args>(__args)...[01;36m[K)[m[K
      |                                                                      [01;36m[K^[m[K
In file included from [01m[K/usr/include/c++/9/bits/unique_ptr.h:37[m[K,
                 from [01m[K/usr/include/c++/9/memory:80[m[K,
                 from [01m[K/home/jakeluo/Software/ros2_rolling/install/rclcpp/include/rclcpp/rclcpp.hpp:153[m[K,
                 from [01m[K/home/jakeluo/Documents/MonitoringSystemRos2/src/droneutility/include/droneManager.hpp:1[m[K,
                 from [01m[K/home/jakeluo/Documents/MonitoringSystemRos2/src/droneutility/src/droneManager.cpp:1[m[K:
[01m[K/usr/include/c++/9/tuple:693:28:[m[K [01;36m[Knote: [m[Kcandidate: ‘[01m[Ktemplate<class ... _UElements, class _Dummy, typename std::enable_if<((std::tuple<dronenamespace::DroneManager*, std::__cxx11::basic_string<char, std::char_traits<char>, std::allocator<char> >, ThreadSafeQueue<AVFrame> >::_TMCT<_UElements ...>::_MoveConstructibleTuple<_UElements ...>() && (! std::tuple<dronenamespace::DroneManager*, std::__cxx11::basic_string<char, std::char_traits<char>, std::allocator<char> >, ThreadSafeQueue<AVFrame> >::_TMCT<_UElements ...>::_ImplicitlyMoveConvertibleTuple<_UElements ...>())) && std::tuple<dronenamespace::DroneManager*, std::__cxx11::basic_string<char, std::char_traits<char>, std::allocator<char> >, ThreadSafeQueue<AVFrame> >::_TNTC<_Dummy>::_NonNestedTuple<tuple<_Tps ...>&&>()), bool>::type <anonymous> > constexpr std::tuple<_Elements>::tuple(std::tuple<_Args1 ...>&&)[m[K’
  693 |         explicit constexpr [01;36m[Ktuple[m[K(tuple<_UElements...>&& __in)
      |                            [01;36m[K^~~~~[m[K
[01m[K/usr/include/c++/9/tuple:693:28:[m[K [01;36m[Knote: [m[K  template argument deduction/substitution failed:
In file included from [01m[K/usr/include/c++/9/pstl/glue_algorithm_defs.h:13[m[K,
                 from [01m[K/usr/include/c++/9/algorithm:71[m[K,
                 from [01m[K/home/jakeluo/Software/ros2_rolling/install/rclcpp/include/rclcpp/executor.hpp:18[m[K,
                 from [01m[K/home/jakeluo/Software/ros2_rolling/install/rclcpp/include/rclcpp/executors/multi_threaded_executor.hpp:25[m[K,
                 from [01m[K/home/jakeluo/Software/ros2_rolling/install/rclcpp/include/rclcpp/executors.hpp:21[m[K,
                 from [01m[K/home/jakeluo/Software/ros2_rolling/install/rclcpp/include/rclcpp/rclcpp.hpp:155[m[K,
                 from [01m[K/home/jakeluo/Documents/MonitoringSystemRos2/src/droneutility/include/droneManager.hpp:1[m[K,
                 from [01m[K/home/jakeluo/Documents/MonitoringSystemRos2/src/droneutility/src/droneManager.cpp:1[m[K:
[01m[K/usr/include/c++/9/functional:467:70:[m[K [01;36m[Knote: [m[K  mismatched types ‘[01m[Kstd::tuple<_Tps ...>[m[K’ and ‘[01m[Kdronenamespace::DroneManager*[m[K’
  467 |  : _M_f(std::move(__f)), _M_bound_args(std::forward<_Args>(__args)...[01;36m[K)[m[K
      |                                                                      [01;36m[K^[m[K
In file included from [01m[K/usr/include/c++/9/bits/unique_ptr.h:37[m[K,
                 from [01m[K/usr/include/c++/9/memory:80[m[K,
                 from [01m[K/home/jakeluo/Software/ros2_rolling/install/rclcpp/include/rclcpp/rclcpp.hpp:153[m[K,
                 from [01m[K/home/jakeluo/Documents/MonitoringSystemRos2/src/droneutility/include/droneManager.hpp:1[m[K,
                 from [01m[K/home/jakeluo/Documents/MonitoringSystemRos2/src/droneutility/src/droneManager.cpp:1[m[K:
[01m[K/usr/include/c++/9/tuple:682:19:[m[K [01;36m[Knote: [m[Kcandidate: ‘[01m[Ktemplate<class ... _UElements, class _Dummy, typename std::enable_if<((std::tuple<dronenamespace::DroneManager*, std::__cxx11::basic_string<char, std::char_traits<char>, std::allocator<char> >, ThreadSafeQueue<AVFrame> >::_TMCT<_UElements ...>::_MoveConstructibleTuple<_UElements ...>() && std::tuple<dronenamespace::DroneManager*, std::__cxx11::basic_string<char, std::char_traits<char>, std::allocator<char> >, ThreadSafeQueue<AVFrame> >::_TMCT<_UElements ...>::_ImplicitlyMoveConvertibleTuple<_UElements ...>()) && std::tuple<dronenamespace::DroneManager*, std::__cxx11::basic_string<char, std::char_traits<char>, std::allocator<char> >, ThreadSafeQueue<AVFrame> >::_TNTC<_Dummy>::_NonNestedTuple<tuple<_Tps ...>&&>()), bool>::type <anonymous> > constexpr std::tuple<_Elements>::tuple(std::tuple<_Args1 ...>&&)[m[K’
  682 |         constexpr [01;36m[Ktuple[m[K(tuple<_UElements...>&& __in)
      |                   [01;36m[K^~~~~[m[K
[01m[K/usr/include/c++/9/tuple:682:19:[m[K [01;36m[Knote: [m[K  template argument deduction/substitution failed:
In file included from [01m[K/usr/include/c++/9/pstl/glue_algorithm_defs.h:13[m[K,
                 from [01m[K/usr/include/c++/9/algorithm:71[m[K,
                 from [01m[K/home/jakeluo/Software/ros2_rolling/install/rclcpp/include/rclcpp/executor.hpp:18[m[K,
                 from [01m[K/home/jakeluo/Software/ros2_rolling/install/rclcpp/include/rclcpp/executors/multi_threaded_executor.hpp:25[m[K,
                 from [01m[K/home/jakeluo/Software/ros2_rolling/install/rclcpp/include/rclcpp/executors.hpp:21[m[K,
                 from [01m[K/home/jakeluo/Software/ros2_rolling/install/rclcpp/include/rclcpp/rclcpp.hpp:155[m[K,
                 from [01m[K/home/jakeluo/Documents/MonitoringSystemRos2/src/droneutility/include/droneManager.hpp:1[m[K,
                 from [01m[K/home/jakeluo/Documents/MonitoringSystemRos2/src/droneutility/src/droneManager.cpp:1[m[K:
[01m[K/usr/include/c++/9/functional:467:70:[m[K [01;36m[Knote: [m[K  mismatched types ‘[01m[Kstd::tuple<_Tps ...>[m[K’ and ‘[01m[Kdronenamespace::DroneManager*[m[K’
  467 |  : _M_f(std::move(__f)), _M_bound_args(std::forward<_Args>(__args)...[01;36m[K)[m[K
      |                                                                      [01;36m[K^[m[K
In file included from [01m[K/usr/include/c++/9/bits/unique_ptr.h:37[m[K,
                 from [01m[K/usr/include/c++/9/memory:80[m[K,
                 from [01m[K/home/jakeluo/Software/ros2_rolling/install/rclcpp/include/rclcpp/rclcpp.hpp:153[m[K,
                 from [01m[K/home/jakeluo/Documents/MonitoringSystemRos2/src/droneutility/include/droneManager.hpp:1[m[K,
                 from [01m[K/home/jakeluo/Documents/MonitoringSystemRos2/src/droneutility/src/droneManager.cpp:1[m[K:
[01m[K/usr/include/c++/9/tuple:670:28:[m[K [01;36m[Knote: [m[Kcandidate: ‘[01m[Ktemplate<class ... _UElements, class _Dummy, typename std::enable_if<((std::tuple<dronenamespace::DroneManager*, std::__cxx11::basic_string<char, std::char_traits<char>, std::allocator<char> >, ThreadSafeQueue<AVFrame> >::_TMCT<_UElements ...>::_ConstructibleTuple<_UElements ...>() && (! std::tuple<dronenamespace::DroneManager*, std::__cxx11::basic_string<char, std::char_traits<char>, std::allocator<char> >, ThreadSafeQueue<AVFrame> >::_TMCT<_UElements ...>::_ImplicitlyConvertibleTuple<_UElements ...>())) && std::tuple<dronenamespace::DroneManager*, std::__cxx11::basic_string<char, std::char_traits<char>, std::allocator<char> >, ThreadSafeQueue<AVFrame> >::_TNTC<_Dummy>::_NonNestedTuple<const tuple<_Tps ...>&>()), bool>::type <anonymous> > constexpr std::tuple<_Elements>::tuple(const std::tuple<_Args1 ...>&)[m[K’
  670 |         explicit constexpr [01;36m[Ktuple[m[K(const tuple<_UElements...>& __in)
      |                            [01;36m[K^~~~~[m[K
[01m[K/usr/include/c++/9/tuple:670:28:[m[K [01;36m[Knote: [m[K  template argument deduction/substitution failed:
In file included from [01m[K/usr/include/c++/9/pstl/glue_algorithm_defs.h:13[m[K,
                 from [01m[K/usr/include/c++/9/algorithm:71[m[K,
                 from [01m[K/home/jakeluo/Software/ros2_rolling/install/rclcpp/include/rclcpp/executor.hpp:18[m[K,
                 from [01m[K/home/jakeluo/Software/ros2_rolling/install/rclcpp/include/rclcpp/executors/multi_threaded_executor.hpp:25[m[K,
                 from [01m[K/home/jakeluo/Software/ros2_rolling/install/rclcpp/include/rclcpp/executors.hpp:21[m[K,
                 from [01m[K/home/jakeluo/Software/ros2_rolling/install/rclcpp/include/rclcpp/rclcpp.hpp:155[m[K,
                 from [01m[K/home/jakeluo/Documents/MonitoringSystemRos2/src/droneutility/include/droneManager.hpp:1[m[K,
                 from [01m[K/home/jakeluo/Documents/MonitoringSystemRos2/src/droneutility/src/droneManager.cpp:1[m[K:
[01m[K/usr/include/c++/9/functional:467:70:[m[K [01;36m[Knote: [m[K  mismatched types ‘[01m[Kconst std::tuple<_Tps ...>[m[K’ and ‘[01m[Kdronenamespace::DroneManager*[m[K’
  467 |  : _M_f(std::move(__f)), _M_bound_args(std::forward<_Args>(__args)...[01;36m[K)[m[K
      |                                                                      [01;36m[K^[m[K
In file included from [01m[K/usr/include/c++/9/bits/unique_ptr.h:37[m[K,
                 from [01m[K/usr/include/c++/9/memory:80[m[K,
                 from [01m[K/home/jakeluo/Software/ros2_rolling/install/rclcpp/include/rclcpp/rclcpp.hpp:153[m[K,
                 from [01m[K/home/jakeluo/Documents/MonitoringSystemRos2/src/droneutility/include/droneManager.hpp:1[m[K,
                 from [01m[K/home/jakeluo/Documents/MonitoringSystemRos2/src/droneutility/src/droneManager.cpp:1[m[K:
[01m[K/usr/include/c++/9/tuple:658:19:[m[K [01;36m[Knote: [m[Kcandidate: ‘[01m[Ktemplate<class ... _UElements, class _Dummy, typename std::enable_if<((std::tuple<dronenamespace::DroneManager*, std::__cxx11::basic_string<char, std::char_traits<char>, std::allocator<char> >, ThreadSafeQueue<AVFrame> >::_TMCT<_UElements ...>::_ConstructibleTuple<_UElements ...>() && std::tuple<dronenamespace::DroneManager*, std::__cxx11::basic_string<char, std::char_traits<char>, std::allocator<char> >, ThreadSafeQueue<AVFrame> >::_TMCT<_UElements ...>::_ImplicitlyConvertibleTuple<_UElements ...>()) && std::tuple<dronenamespace::DroneManager*, std::__cxx11::basic_string<char, std::char_traits<char>, std::allocator<char> >, ThreadSafeQueue<AVFrame> >::_TNTC<_Dummy>::_NonNestedTuple<const tuple<_Tps ...>&>()), bool>::type <anonymous> > constexpr std::tuple<_Elements>::tuple(const std::tuple<_Args1 ...>&)[m[K’
  658 |         constexpr [01;36m[Ktuple[m[K(const tuple<_UElements...>& __in)
      |                   [01;36m[K^~~~~[m[K
[01m[K/usr/include/c++/9/tuple:658:19:[m[K [01;36m[Knote: [m[K  template argument deduction/substitution failed:
In file included from [01m[K/usr/include/c++/9/pstl/glue_algorithm_defs.h:13[m[K,
                 from [01m[K/usr/include/c++/9/algorithm:71[m[K,
                 from [01m[K/home/jakeluo/Software/ros2_rolling/install/rclcpp/include/rclcpp/executor.hpp:18[m[K,
                 from [01m[K/home/jakeluo/Software/ros2_rolling/install/rclcpp/include/rclcpp/executors/multi_threaded_executor.hpp:25[m[K,
                 from [01m[K/home/jakeluo/Software/ros2_rolling/install/rclcpp/include/rclcpp/executors.hpp:21[m[K,
                 from [01m[K/home/jakeluo/Software/ros2_rolling/install/rclcpp/include/rclcpp/rclcpp.hpp:155[m[K,
                 from [01m[K/home/jakeluo/Documents/MonitoringSystemRos2/src/droneutility/include/droneManager.hpp:1[m[K,
                 from [01m[K/home/jakeluo/Documents/MonitoringSystemRos2/src/droneutility/src/droneManager.cpp:1[m[K:
[01m[K/usr/include/c++/9/functional:467:70:[m[K [01;36m[Knote: [m[K  mismatched types ‘[01m[Kconst std::tuple<_Tps ...>[m[K’ and ‘[01m[Kdronenamespace::DroneManager*[m[K’
  467 |  : _M_f(std::move(__f)), _M_bound_args(std::forward<_Args>(__args)...[01;36m[K)[m[K
      |                                                                      [01;36m[K^[m[K
In file included from [01m[K/usr/include/c++/9/bits/unique_ptr.h:37[m[K,
                 from [01m[K/usr/include/c++/9/memory:80[m[K,
                 from [01m[K/home/jakeluo/Software/ros2_rolling/install/rclcpp/include/rclcpp/rclcpp.hpp:153[m[K,
                 from [01m[K/home/jakeluo/Documents/MonitoringSystemRos2/src/droneutility/include/droneManager.hpp:1[m[K,
                 from [01m[K/home/jakeluo/Documents/MonitoringSystemRos2/src/droneutility/src/droneManager.cpp:1[m[K:
[01m[K/usr/include/c++/9/tuple:642:17:[m[K [01;36m[Knote: [m[Kcandidate: ‘[01m[Kconstexpr std::tuple<_Elements>::tuple(std::tuple<_Elements>&&) [with _Elements = {dronenamespace::DroneManager*, std::__cxx11::basic_string<char, std::char_traits<char>, std::allocator<char> >, ThreadSafeQueue<AVFrame>}][m[K’
  642 |       constexpr [01;36m[Ktuple[m[K(tuple&&) = default;
      |                 [01;36m[K^~~~~[m[K
[01m[K/usr/include/c++/9/tuple:642:17:[m[K [01;36m[Knote: [m[K  candidate expects 1 argument, 3 provided
[01m[K/usr/include/c++/9/tuple:637:28:[m[K [01;36m[Knote: [m[Kcandidate: ‘[01m[Ktemplate<class ... _UElements, typename std::enable_if<((std::tuple<dronenamespace::DroneManager*, std::__cxx11::basic_string<char, std::char_traits<char>, std::allocator<char> >, ThreadSafeQueue<AVFrame> >::_TMC<_UElements ...>::_MoveConstructibleTuple<_UElements ...>() && (! std::tuple<dronenamespace::DroneManager*, std::__cxx11::basic_string<char, std::char_traits<char>, std::allocator<char> >, ThreadSafeQueue<AVFrame> >::_TMC<_UElements ...>::_ImplicitlyMoveConvertibleTuple<_UElements ...>())) && (3 >= 1)), bool>::type <anonymous> > constexpr std::tuple<_Elements>::tuple(_UElements&& ...)[m[K’
  637 |         explicit constexpr [01;36m[Ktuple[m[K(_UElements&&... __elements)
      |                            [01;36m[K^~~~~[m[K
[01m[K/usr/include/c++/9/tuple:637:28:[m[K [01;36m[Knote: [m[K  template argument deduction/substitution failed:
[01m[K/usr/include/c++/9/tuple:636:21:[m[K [01;31m[Kerror: [m[Kno type named ‘[01m[Ktype[m[K’ in ‘[01m[Kstruct std::enable_if<false, bool>[m[K’
  636 |         bool>::type=[01;31m[Kfalse[m[K>
      |                     [01;31m[K^~~~~[m[K
[01m[K/usr/include/c++/9/tuple:626:19:[m[K [01;36m[Knote: [m[Kcandidate: ‘[01m[Ktemplate<class ... _UElements, typename std::enable_if<((std::tuple<dronenamespace::DroneManager*, std::__cxx11::basic_string<char, std::char_traits<char>, std::allocator<char> >, ThreadSafeQueue<AVFrame> >::_TMC<_UElements ...>::_MoveConstructibleTuple<_UElements ...>() && std::tuple<dronenamespace::DroneManager*, std::__cxx11::basic_string<char, std::char_traits<char>, std::allocator<char> >, ThreadSafeQueue<AVFrame> >::_TMC<_UElements ...>::_ImplicitlyMoveConvertibleTuple<_UElements ...>()) && (3 >= 1)), bool>::type <anonymous> > constexpr std::tuple<_Elements>::tuple(_UElements&& ...)[m[K’
  626 |         constexpr [01;36m[Ktuple[m[K(_UElements&&... __elements)
      |                   [01;36m[K^~~~~[m[K
[01m[K/usr/include/c++/9/tuple:626:19:[m[K [01;36m[Knote: [m[K  template argument deduction/substitution failed:
[01m[K/usr/include/c++/9/tuple:625:21:[m[K [01;31m[Kerror: [m[Kno type named ‘[01m[Ktype[m[K’ in ‘[01m[Kstruct std::enable_if<false, bool>[m[K’
  625 |         bool>::type=[01;31m[Ktrue[m[K>
      |                     [01;31m[K^~~~[m[K
[01m[K/usr/include/c++/9/tuple:599:26:[m[K [01;36m[Knote: [m[Kcandidate: ‘[01m[Ktemplate<class _Dummy, typename std::enable_if<((std::tuple<dronenamespace::DroneManager*, std::__cxx11::basic_string<char, std::char_traits<char>, std::allocator<char> >, ThreadSafeQueue<AVFrame> >::_TCC<_Dummy>::_ConstructibleTuple<DroneManager*, basic_string<char, std::char_traits<char>, std::allocator<char> >, ThreadSafeQueue<AVFrame> >() && (! std::tuple<dronenamespace::DroneManager*, std::__cxx11::basic_string<char, std::char_traits<char>, std::allocator<char> >, ThreadSafeQueue<AVFrame> >::_TCC<_Dummy>::_ImplicitlyConvertibleTuple<DroneManager*, basic_string<char, std::char_traits<char>, std::allocator<char> >, ThreadSafeQueue<AVFrame> >())) && (3 >= 1)), bool>::type <anonymous> > constexpr std::tuple<_Elements>::tuple(const _Elements& ...)[m[K’
  599 |       explicit constexpr [01;36m[Ktuple[m[K(const _Elements&... __elements)
      |                          [01;36m[K^~~~~[m[K
[01m[K/usr/include/c++/9/tuple:599:26:[m[K [01;36m[Knote: [m[K  template argument deduction/substitution failed:
[01m[K/usr/include/c++/9/tuple:598:28:[m[K [01;31m[Kerror: [m[Kno type named ‘[01m[Ktype[m[K’ in ‘[01m[Kstruct std::enable_if<false, bool>[m[K’
  598 |                bool>::type=[01;31m[Kfalse[m[K>
      |                            [01;31m[K^~~~~[m[K
[01m[K/usr/include/c++/9/tuple:588:19:[m[K [01;36m[Knote: [m[Kcandidate: ‘[01m[Ktemplate<class _Dummy, typename std::enable_if<((std::tuple<dronenamespace::DroneManager*, std::__cxx11::basic_string<char, std::char_traits<char>, std::allocator<char> >, ThreadSafeQueue<AVFrame> >::_TCC<_Dummy>::_ConstructibleTuple<DroneManager*, basic_string<char, std::char_traits<char>, std::allocator<char> >, ThreadSafeQueue<AVFrame> >() && std::tuple<dronenamespace::DroneManager*, std::__cxx11::basic_string<char, std::char_traits<char>, std::allocator<char> >, ThreadSafeQueue<AVFrame> >::_TCC<_Dummy>::_ImplicitlyConvertibleTuple<DroneManager*, basic_string<char, std::char_traits<char>, std::allocator<char> >, ThreadSafeQueue<AVFrame> >()) && (3 >= 1)), bool>::type <anonymous> > constexpr std::tuple<_Elements>::tuple(const _Elements& ...)[m[K’
  588 |         constexpr [01;36m[Ktuple[m[K(const _Elements&... __elements)
      |                   [01;36m[K^~~~~[m[K
[01m[K/usr/include/c++/9/tuple:588:19:[m[K [01;36m[Knote: [m[K  template argument deduction/substitution failed:
[01m[K/usr/include/c++/9/tuple:587:28:[m[K [01;31m[Kerror: [m[Kno type named ‘[01m[Ktype[m[K’ in ‘[01m[Kstruct std::enable_if<false, bool>[m[K’
  587 |                bool>::type=[01;31m[Ktrue[m[K>
      |                            [01;31m[K^~~~[m[K
[01m[K/usr/include/c++/9/tuple:571:26:[m[K [01;36m[Knote: [m[Kcandidate: ‘[01m[Ktemplate<class _Dummy, typename std::enable_if<(std::tuple<dronenamespace::DroneManager*, std::__cxx11::basic_string<char, std::char_traits<char>, std::allocator<char> >, ThreadSafeQueue<AVFrame> >::_TC2<_Dummy>::_DefaultConstructibleTuple() && (! std::tuple<dronenamespace::DroneManager*, std::__cxx11::basic_string<char, std::char_traits<char>, std::allocator<char> >, ThreadSafeQueue<AVFrame> >::_TC2<_Dummy>::_ImplicitlyDefaultConstructibleTuple())), bool>::type <anonymous> > constexpr std::tuple<_Elements>::tuple()[m[K’
  571 |       explicit constexpr [01;36m[Ktuple[m[K()
      |                          [01;36m[K^~~~~[m[K
[01m[K/usr/include/c++/9/tuple:571:26:[m[K [01;36m[Knote: [m[K  template argument deduction/substitution failed:
In file included from [01m[K/usr/include/c++/9/pstl/glue_algorithm_defs.h:13[m[K,
                 from [01m[K/usr/include/c++/9/algorithm:71[m[K,
                 from [01m[K/home/jakeluo/Software/ros2_rolling/install/rclcpp/include/rclcpp/executor.hpp:18[m[K,
                 from [01m[K/home/jakeluo/Software/ros2_rolling/install/rclcpp/include/rclcpp/executors/multi_threaded_executor.hpp:25[m[K,
                 from [01m[K/home/jakeluo/Software/ros2_rolling/install/rclcpp/include/rclcpp/executors.hpp:21[m[K,
                 from [01m[K/home/jakeluo/Software/ros2_rolling/install/rclcpp/include/rclcpp/rclcpp.hpp:155[m[K,
                 from [01m[K/home/jakeluo/Documents/MonitoringSystemRos2/src/droneutility/include/droneManager.hpp:1[m[K,
                 from [01m[K/home/jakeluo/Documents/MonitoringSystemRos2/src/droneutility/src/droneManager.cpp:1[m[K:
[01m[K/usr/include/c++/9/functional:467:70:[m[K [01;36m[Knote: [m[K  candidate expects 0 arguments, 3 provided
  467 |  : _M_f(std::move(__f)), _M_bound_args(std::forward<_Args>(__args)...[01;36m[K)[m[K
      |                                                                      [01;36m[K^[m[K
In file included from [01m[K/usr/include/c++/9/bits/unique_ptr.h:37[m[K,
                 from [01m[K/usr/include/c++/9/memory:80[m[K,
                 from [01m[K/home/jakeluo/Software/ros2_rolling/install/rclcpp/include/rclcpp/rclcpp.hpp:153[m[K,
                 from [01m[K/home/jakeluo/Documents/MonitoringSystemRos2/src/droneutility/include/droneManager.hpp:1[m[K,
                 from [01m[K/home/jakeluo/Documents/MonitoringSystemRos2/src/droneutility/src/droneManager.cpp:1[m[K:
[01m[K/usr/include/c++/9/tuple:561:17:[m[K [01;36m[Knote: [m[Kcandidate: ‘[01m[Ktemplate<class _Dummy, typename std::enable_if<std::tuple<dronenamespace::DroneManager*, std::__cxx11::basic_string<char, std::char_traits<char>, std::allocator<char> >, ThreadSafeQueue<AVFrame> >::_TC2<_Dummy>::_ImplicitlyDefaultConstructibleTuple(), bool>::type <anonymous> > constexpr std::tuple<_Elements>::tuple()[m[K’
  561 |       constexpr [01;36m[Ktuple[m[K()
      |                 [01;36m[K^~~~~[m[K
[01m[K/usr/include/c++/9/tuple:561:17:[m[K [01;36m[Knote: [m[K  template argument deduction/substitution failed:
In file included from [01m[K/usr/include/c++/9/pstl/glue_algorithm_defs.h:13[m[K,
                 from [01m[K/usr/include/c++/9/algorithm:71[m[K,
                 from [01m[K/home/jakeluo/Software/ros2_rolling/install/rclcpp/include/rclcpp/executor.hpp:18[m[K,
                 from [01m[K/home/jakeluo/Software/ros2_rolling/install/rclcpp/include/rclcpp/executors/multi_threaded_executor.hpp:25[m[K,
                 from [01m[K/home/jakeluo/Software/ros2_rolling/install/rclcpp/include/rclcpp/executors.hpp:21[m[K,
                 from [01m[K/home/jakeluo/Software/ros2_rolling/install/rclcpp/include/rclcpp/rclcpp.hpp:155[m[K,
                 from [01m[K/home/jakeluo/Documents/MonitoringSystemRos2/src/droneutility/include/droneManager.hpp:1[m[K,
                 from [01m[K/home/jakeluo/Documents/MonitoringSystemRos2/src/droneutility/src/droneManager.cpp:1[m[K:
[01m[K/usr/include/c++/9/functional:467:70:[m[K [01;36m[Knote: [m[K  candidate expects 0 arguments, 3 provided
  467 |  : _M_f(std::move(__f)), _M_bound_args(std::forward<_Args>(__args)...[01;36m[K)[m[K
      |                                                                      [01;36m[K^[m[K
In file included from [01m[K/usr/include/c++/9/bits/unique_ptr.h:37[m[K,
                 from [01m[K/usr/include/c++/9/memory:80[m[K,
                 from [01m[K/home/jakeluo/Software/ros2_rolling/install/rclcpp/include/rclcpp/rclcpp.hpp:153[m[K,
                 from [01m[K/home/jakeluo/Documents/MonitoringSystemRos2/src/droneutility/include/droneManager.hpp:1[m[K,
                 from [01m[K/home/jakeluo/Documents/MonitoringSystemRos2/src/droneutility/src/droneManager.cpp:1[m[K:
/usr/include/c++/9/tuple: In instantiation of ‘[01m[Kconstexpr std::_Head_base<_Idx, _Head, false>::_Head_base(_UHead&&) [with _UHead = ThreadSafeQueue<AVFrame>; long unsigned int _Idx = 2; _Head = ThreadSafeQueue<AVFrame>][m[K’:
[01m[K/usr/include/c++/9/tuple:231:42:[m[K   recursively required from ‘[01m[Kconstexpr std::_Tuple_impl<_Idx, _Head, _Tail ...>::_Tuple_impl(std::_Tuple_impl<_Idx, _Head, _Tail ...>&&) [with long unsigned int _Idx = 1; _Head = std::__cxx11::basic_string<char>; _Tail = {ThreadSafeQueue<AVFrame>}][m[K’
[01m[K/usr/include/c++/9/tuple:231:42:[m[K   required from ‘[01m[Kconstexpr std::_Tuple_impl<_Idx, _Head, _Tail ...>::_Tuple_impl(std::_Tuple_impl<_Idx, _Head, _Tail ...>&&) [with long unsigned int _Idx = 0; _Head = dronenamespace::DroneManager*; _Tail = {std::__cxx11::basic_string<char, std::char_traits<char>, std::allocator<char> >, ThreadSafeQueue<AVFrame>}][m[K’
[01m[K/usr/include/c++/9/tuple:642:17:[m[K   required from ‘[01m[Kstd::_Bind<_Functor(_Bound_args ...)>::_Bind(std::_Bind<_Functor(_Bound_args ...)>&&) [with _Functor = void (dronenamespace::DroneManager::*)(std::__cxx11::basic_string<char>, ThreadSafeQueue<AVFrame>&); _Bound_args = {dronenamespace::DroneManager*, std::__cxx11::basic_string<char, std::char_traits<char>, std::allocator<char> >, ThreadSafeQueue<AVFrame>}][m[K’
[01m[K/usr/include/c++/9/tuple:133:42:[m[K   required from ‘[01m[Kconstexpr std::_Head_base<_Idx, _Head, false>::_Head_base(_UHead&&) [with _UHead = std::_Bind<void (dronenamespace::DroneManager::*(dronenamespace::DroneManager*, std::__cxx11::basic_string<char>, ThreadSafeQueue<AVFrame>))(std::__cxx11::basic_string<char>, ThreadSafeQueue<AVFrame>&)>; long unsigned int _Idx = 0; _Head = std::_Bind<void (dronenamespace::DroneManager::*(dronenamespace::DroneManager*, std::__cxx11::basic_string<char>, ThreadSafeQueue<AVFrame>))(std::__cxx11::basic_string<char>, ThreadSafeQueue<AVFrame>&)>][m[K’
[01m[K/usr/include/c++/9/tuple:349:38:[m[K   required from ‘[01m[Kstatic std::thread::_Invoker<std::tuple<typename std::decay<_Tp>::type, typename std::decay<_Args>::type ...> > std::thread::__make_invoker(_Callable&&, _Args&& ...) [with _Callable = std::_Bind<void (dronenamespace::DroneManager::*(dronenamespace::DroneManager*, std::__cxx11::basic_string<char>, ThreadSafeQueue<AVFrame>))(std::__cxx11::basic_string<char>, ThreadSafeQueue<AVFrame>&)>; _Args = {}; typename std::decay<_Tp>::type = std::_Bind<void (dronenamespace::DroneManager::*(dronenamespace::DroneManager*, std::__cxx11::basic_string<char>, ThreadSafeQueue<AVFrame>))(std::__cxx11::basic_string<char>, ThreadSafeQueue<AVFrame>&)>][m[K’
[01m[K/usr/include/c++/9/thread:131:22:[m[K   required from ‘[01m[Kstd::thread::thread(_Callable&&, _Args&& ...) [with _Callable = std::_Bind<void (dronenamespace::DroneManager::*(dronenamespace::DroneManager*, std::__cxx11::basic_string<char>, ThreadSafeQueue<AVFrame>))(std::__cxx11::basic_string<char>, ThreadSafeQueue<AVFrame>&)>; _Args = {}; <template-parameter-1-3> = void][m[K’
[01m[K/home/jakeluo/Documents/MonitoringSystemRos2/src/droneutility/src/droneManager.cpp:250:84:[m[K   required from here
[01m[K/usr/include/c++/9/tuple:133:42:[m[K [01;31m[Kerror: [m[Kuse of deleted function ‘[01m[KThreadSafeQueue<T>::ThreadSafeQueue(const ThreadSafeQueue<T>&) [with T = AVFrame][m[K’
  133 |  : _M_head_impl(std::forward<_UHead>(__h)[01;31m[K)[m[K { }
      |                                          [01;31m[K^[m[K
In file included from [01m[K/home/jakeluo/Documents/MonitoringSystemRos2/src/droneutility/src/droneManager.cpp:1[m[K:
[01m[K/home/jakeluo/Documents/MonitoringSystemRos2/src/droneutility/include/droneManager.hpp:39:5:[m[K [01;36m[Knote: [m[Kdeclared here
   39 |     [01;36m[KThreadSafeQueue[m[K(const ThreadSafeQueue&)=delete;
      |     [01;36m[K^~~~~~~~~~~~~~~[m[K
make[2]: *** [CMakeFiles/dronemanager.dir/build.make:63：CMakeFiles/dronemanager.dir/src/droneManager.cpp.o] 错误 1
make[1]: *** [CMakeFiles/Makefile2:107：CMakeFiles/dronemanager.dir/all] 错误 2
make: *** [Makefile:141：all] 错误 2
