[35m[1mScanning dependencies of target estimater[0m
[ 50%] [32mBuilding CXX object CMakeFiles/estimater.dir/src/openpose.cpp.o[0m
[100%] [32m[1mLinking CXX executable estimater[0m
[100%] Built target estimater
-- Install configuration: ""
-- Installing: /home/jakeluo/Documents/MonitoringSystemRos2/src/install/openpose/lib/openpose/estimater
-- Set runtime path of "/home/jakeluo/Documents/MonitoringSystemRos2/src/install/openpose/lib/openpose/estimater" to ""
-- Up-to-date: /home/jakeluo/Documents/MonitoringSystemRos2/src/install/openpose/share/ament_index/resource_index/package_run_dependencies/openpose
-- Up-to-date: /home/jakeluo/Documents/MonitoringSystemRos2/src/install/openpose/share/ament_index/resource_index/parent_prefix_path/openpose
-- Installing: /home/jakeluo/Documents/MonitoringSystemRos2/src/install/openpose/share/openpose/environment/ament_prefix_path.dsv
-- Installing: /home/jakeluo/Documents/MonitoringSystemRos2/src/install/openpose/share/openpose/environment/path.dsv
-- Up-to-date: /home/jakeluo/Documents/MonitoringSystemRos2/src/install/openpose/share/openpose/local_setup.bash
-- Up-to-date: /home/jakeluo/Documents/MonitoringSystemRos2/src/install/openpose/share/openpose/local_setup.sh
-- Up-to-date: /home/jakeluo/Documents/MonitoringSystemRos2/src/install/openpose/share/openpose/local_setup.zsh
-- Installing: /home/jakeluo/Documents/MonitoringSystemRos2/src/install/openpose/share/openpose/local_setup.dsv
-- Installing: /home/jakeluo/Documents/MonitoringSystemRos2/src/install/openpose/share/openpose/package.dsv
-- Up-to-date: /home/jakeluo/Documents/MonitoringSystemRos2/src/install/openpose/share/ament_index/resource_index/packages/openpose
-- Up-to-date: /home/jakeluo/Documents/MonitoringSystemRos2/src/install/openpose/share/openpose/cmake/openposeConfig.cmake
-- Up-to-date: /home/jakeluo/Documents/MonitoringSystemRos2/src/install/openpose/share/openpose/cmake/openposeConfig-version.cmake
-- Installing: /home/jakeluo/Documents/MonitoringSystemRos2/src/install/openpose/share/openpose/package.xml
