[35m[1mScanning dependencies of target dronemanager[0m
[ 50%] Built target drone
[ 75%] [32mBuilding CXX object CMakeFiles/dronemanager.dir/src/droneManager.cpp.o[0m
In file included from [01m[K/home/jakeluo/Documents/MonitoringSystemRos2/src/droneutility/src/droneManager.cpp:1[m[K:
[01m[K/home/jakeluo/Documents/MonitoringSystemRos2/src/droneutility/include/droneManager.hpp:50:31:[m[K [01;31m[Kerror: [m[K‘[01m[KThreadSafeQueue[m[K’ was not declared in this scope
   50 |         std::map<std::string, [01;31m[KThreadSafeQueue[m[K<AVFrame>*> imagequeuepool;
      |                               [01;31m[K^~~~~~~~~~~~~~~[m[K
[01m[K/home/jakeluo/Documents/MonitoringSystemRos2/src/droneutility/include/droneManager.hpp:50:54:[m[K [01;31m[Kerror: [m[Ktemplate argument 2 is invalid
   50 |         std::map<std::string, ThreadSafeQueue<AVFrame[01;31m[K>[m[K*> imagequeuepool;
      |                                                      [01;31m[K^[m[K
[01m[K/home/jakeluo/Documents/MonitoringSystemRos2/src/droneutility/include/droneManager.hpp:50:54:[m[K [01;31m[Kerror: [m[Ktemplate argument 4 is invalid
[01m[K/home/jakeluo/Documents/MonitoringSystemRos2/src/droneutility/include/droneManager.hpp:50:56:[m[K [01;31m[Kerror: [m[Kexpected unqualified-id before ‘[01m[K>[m[K’ token
   50 |         std::map<std::string, ThreadSafeQueue<AVFrame>*[01;31m[K>[m[K imagequeuepool;
      |                                                        [01;31m[K^[m[K
In file included from [01m[K/home/jakeluo/Documents/MonitoringSystemRos2/src/droneutility/src/droneManager.cpp:6[m[K:
[01m[K/home/jakeluo/Documents/MonitoringSystemRos2/src/droneutility/include/threadsafequeue.hpp:7:7:[m[K [01;31m[Kerror: [m[Kredefinition of ‘[01m[Kclass ThreadSafeQueue<T>[m[K’
    7 | class [01;31m[KThreadSafeQueue[m[K
      |       [01;31m[K^~~~~~~~~~~~~~~[m[K
In file included from [01m[K/home/jakeluo/Documents/MonitoringSystemRos2/src/droneutility/src/droneManager.cpp:1[m[K:
[01m[K/home/jakeluo/Documents/MonitoringSystemRos2/src/droneutility/include/droneManager.hpp:76:7:[m[K [01;36m[Knote: [m[Kprevious definition of ‘[01m[Kclass ThreadSafeQueue<T>[m[K’
   76 | class [01;36m[KThreadSafeQueue[m[K
      |       [01;36m[K^~~~~~~~~~~~~~~[m[K
[01m[K/home/jakeluo/Documents/MonitoringSystemRos2/src/droneutility/src/droneManager.cpp:[m[K In member function ‘[01m[Kvoid dronenamespace::DroneManager::droneRegister(std::shared_ptr<droneinterfaces::srv::DroneRegister_Request_<std::allocator<void> > >, std::shared_ptr<droneinterfaces::srv::DroneRegister_Response_<std::allocator<void> > >)[m[K’:
[01m[K/home/jakeluo/Documents/MonitoringSystemRos2/src/droneutility/src/droneManager.cpp:247:5:[m[K [01;31m[Kerror: [m[K‘[01m[Kimagequeuepool[m[K’ was not declared in this scope
  247 |     [01;31m[Kimagequeuepool[m[K[tmp.ip] = &tmpqueue;
      |     [01;31m[K^~~~~~~~~~~~~~[m[K
[01m[K/home/jakeluo/Documents/MonitoringSystemRos2/src/droneutility/src/droneManager.cpp:[m[K In member function ‘[01m[Kvoid dronenamespace::DroneManager::recvVideoThread(std::string)[m[K’:
[01m[K/home/jakeluo/Documents/MonitoringSystemRos2/src/droneutility/src/droneManager.cpp:291:21:[m[K [01;31m[Kerror: [m[K‘[01m[Kimagequeuepool[m[K’ was not declared in this scope
  291 |                     [01;31m[Kimagequeuepool[m[K[ip] -> push(rgbframe);
      |                     [01;31m[K^~~~~~~~~~~~~~[m[K
make[2]: *** [CMakeFiles/dronemanager.dir/build.make:63：CMakeFiles/dronemanager.dir/src/droneManager.cpp.o] 错误 1
make[1]: *** [CMakeFiles/Makefile2:107：CMakeFiles/dronemanager.dir/all] 错误 2
make: *** [Makefile:141：all] 错误 2
