[35m[1mScanning dependencies of target drone[0m
[ 50%] Built target dronemanager
[ 75%] [32mBuilding CXX object CMakeFiles/drone.dir/src/drone.cpp.o[0m
In file included from [01m[K/home/jakeluo/Software/ORB_SLAM2/Thirdparty/g2o/g2o/types/types_seven_dof_expmap.h:34[m[K,
                 from [01m[K/home/jakeluo/Software/ORB_SLAM2/include/LoopClosing.h:34[m[K,
                 from [01m[K/home/jakeluo/Software/ORB_SLAM2/include/LocalMapping.h:26[m[K,
                 from [01m[K/home/jakeluo/Software/ORB_SLAM2/include/Tracking.h:31[m[K,
                 from [01m[K/home/jakeluo/Software/ORB_SLAM2/include/System.h:29[m[K,
                 from [01m[K/home/jakeluo/Documents/MonitoringSystemRos2/src/droneutility/include/drone.hpp:11[m[K,
                 from [01m[K/home/jakeluo/Documents/MonitoringSystemRos2/src/droneutility/src/drone.cpp:1[m[K:
[01m[K/home/jakeluo/Software/ORB_SLAM2/Thirdparty/g2o/g2o/types/../core/base_vertex.h:62:74:[m[K [01;35m[Kwarning: [m[K‘[01m[KEigen::AlignedBit[m[K’ is deprecated [[01;35m[K-Wdeprecated-declarations[m[K]
   62 | D, D>, Matrix<double,D,D>::Flags & [01;35m[KAlignedBit[m[K ? Aligned : Unaligned >  HessianBlockType;
      |                                    [01;35m[K^~~~~~~~~~[m[K

In file included from [01m[K/usr/include/eigen3/Eigen/Core:363[m[K,
                 from [01m[K/usr/local/include/pangolin/gl/gl.h:40[m[K,
                 from [01m[K/usr/local/include/pangolin/pangolin.h:34[m[K,
                 from [01m[K/home/jakeluo/Software/ORB_SLAM2/include/MapDrawer.h:27[m[K,
                 from [01m[K/home/jakeluo/Software/ORB_SLAM2/include/Viewer.h:26[m[K,
                 from [01m[K/home/jakeluo/Software/ORB_SLAM2/include/Tracking.h:28[m[K,
                 from [01m[K/home/jakeluo/Software/ORB_SLAM2/include/System.h:29[m[K,
                 from [01m[K/home/jakeluo/Documents/MonitoringSystemRos2/src/droneutility/include/drone.hpp:11[m[K,
                 from [01m[K/home/jakeluo/Documents/MonitoringSystemRos2/src/droneutility/src/drone.cpp:1[m[K:
[01m[K/usr/include/eigen3/Eigen/src/Core/util/Constants.h:162:37:[m[K [01;36m[Knote: [m[Kdeclared here
  162 | IGEN_DEPRECATED const unsigned int [01;36m[KAlignedBit[m[K = 0x80;
      |                                    [01;36m[K^~~~~~~~~~[m[K

In file included from [01m[K/home/jakeluo/Software/ORB_SLAM2/Thirdparty/g2o/g2o/types/types_seven_dof_expmap.h:35[m[K,
                 from [01m[K/home/jakeluo/Software/ORB_SLAM2/include/LoopClosing.h:34[m[K,
                 from [01m[K/home/jakeluo/Software/ORB_SLAM2/include/LocalMapping.h:26[m[K,
                 from [01m[K/home/jakeluo/Software/ORB_SLAM2/include/Tracking.h:31[m[K,
                 from [01m[K/home/jakeluo/Software/ORB_SLAM2/include/System.h:29[m[K,
                 from [01m[K/home/jakeluo/Documents/MonitoringSystemRos2/src/droneutility/include/drone.hpp:11[m[K,
                 from [01m[K/home/jakeluo/Documents/MonitoringSystemRos2/src/droneutility/src/drone.cpp:1[m[K:
[01m[K/home/jakeluo/Software/ORB_SLAM2/Thirdparty/g2o/g2o/types/../core/base_binary_edge.h:59:82:[m[K [01;35m[Kwarning: [m[K‘[01m[KEigen::AlignedBit[m[K’ is deprecated [[01;35m[K-Wdeprecated-declarations[m[K]
   59 | >, Matrix<double, Di, Dj>::Flags & [01;35m[KAlignedBit[m[K ? Aligned : Unaligned > HessianBlockType;
      |                                    [01;35m[K^~~~~~~~~~[m[K

In file included from [01m[K/usr/include/eigen3/Eigen/Core:363[m[K,
                 from [01m[K/usr/local/include/pangolin/gl/gl.h:40[m[K,
                 from [01m[K/usr/local/include/pangolin/pangolin.h:34[m[K,
                 from [01m[K/home/jakeluo/Software/ORB_SLAM2/include/MapDrawer.h:27[m[K,
                 from [01m[K/home/jakeluo/Software/ORB_SLAM2/include/Viewer.h:26[m[K,
                 from [01m[K/home/jakeluo/Software/ORB_SLAM2/include/Tracking.h:28[m[K,
                 from [01m[K/home/jakeluo/Software/ORB_SLAM2/include/System.h:29[m[K,
                 from [01m[K/home/jakeluo/Documents/MonitoringSystemRos2/src/droneutility/include/drone.hpp:11[m[K,
                 from [01m[K/home/jakeluo/Documents/MonitoringSystemRos2/src/droneutility/src/drone.cpp:1[m[K:
[01m[K/usr/include/eigen3/Eigen/src/Core/util/Constants.h:162:37:[m[K [01;36m[Knote: [m[Kdeclared here
  162 | IGEN_DEPRECATED const unsigned int [01;36m[KAlignedBit[m[K = 0x80;
      |                                    [01;36m[K^~~~~~~~~~[m[K

In file included from [01m[K/home/jakeluo/Software/ORB_SLAM2/Thirdparty/g2o/g2o/types/types_seven_dof_expmap.h:35[m[K,
                 from [01m[K/home/jakeluo/Software/ORB_SLAM2/include/LoopClosing.h:34[m[K,
                 from [01m[K/home/jakeluo/Software/ORB_SLAM2/include/LocalMapping.h:26[m[K,
                 from [01m[K/home/jakeluo/Software/ORB_SLAM2/include/Tracking.h:31[m[K,
                 from [01m[K/home/jakeluo/Software/ORB_SLAM2/include/System.h:29[m[K,
                 from [01m[K/home/jakeluo/Documents/MonitoringSystemRos2/src/droneutility/include/drone.hpp:11[m[K,
                 from [01m[K/home/jakeluo/Documents/MonitoringSystemRos2/src/droneutility/src/drone.cpp:1[m[K:
[01m[K/home/jakeluo/Software/ORB_SLAM2/Thirdparty/g2o/g2o/types/../core/base_binary_edge.h:60:82:[m[K [01;35m[Kwarning: [m[K‘[01m[KEigen::AlignedBit[m[K’ is deprecated [[01;35m[K-Wdeprecated-declarations[m[K]
   60 | >, Matrix<double, Dj, Di>::Flags & [01;35m[KAlignedBit[m[K ? Aligned : Unaligned > HessianBlockTransposedType;
      |                                    [01;35m[K^~~~~~~~~~[m[K

In file included from [01m[K/usr/include/eigen3/Eigen/Core:363[m[K,
                 from [01m[K/usr/local/include/pangolin/gl/gl.h:40[m[K,
                 from [01m[K/usr/local/include/pangolin/pangolin.h:34[m[K,
                 from [01m[K/home/jakeluo/Software/ORB_SLAM2/include/MapDrawer.h:27[m[K,
                 from [01m[K/home/jakeluo/Software/ORB_SLAM2/include/Viewer.h:26[m[K,
                 from [01m[K/home/jakeluo/Software/ORB_SLAM2/include/Tracking.h:28[m[K,
                 from [01m[K/home/jakeluo/Software/ORB_SLAM2/include/System.h:29[m[K,
                 from [01m[K/home/jakeluo/Documents/MonitoringSystemRos2/src/droneutility/include/drone.hpp:11[m[K,
                 from [01m[K/home/jakeluo/Documents/MonitoringSystemRos2/src/droneutility/src/drone.cpp:1[m[K:
[01m[K/usr/include/eigen3/Eigen/src/Core/util/Constants.h:162:37:[m[K [01;36m[Knote: [m[Kdeclared here
  162 | IGEN_DEPRECATED const unsigned int [01;36m[KAlignedBit[m[K = 0x80;
      |                                    [01;36m[K^~~~~~~~~~[m[K

In file included from [01m[K/home/jakeluo/Software/ORB_SLAM2/Thirdparty/g2o/g2o/types/types_six_dof_expmap.h:41[m[K,
                 from [01m[K/home/jakeluo/Software/ORB_SLAM2/Thirdparty/g2o/g2o/types/types_seven_dof_expmap.h:36[m[K,
                 from [01m[K/home/jakeluo/Software/ORB_SLAM2/include/LoopClosing.h:34[m[K,
                 from [01m[K/home/jakeluo/Software/ORB_SLAM2/include/LocalMapping.h:26[m[K,
                 from [01m[K/home/jakeluo/Software/ORB_SLAM2/include/Tracking.h:31[m[K,
                 from [01m[K/home/jakeluo/Software/ORB_SLAM2/include/System.h:29[m[K,
                 from [01m[K/home/jakeluo/Documents/MonitoringSystemRos2/src/droneutility/include/drone.hpp:11[m[K,
                 from [01m[K/home/jakeluo/Documents/MonitoringSystemRos2/src/droneutility/src/drone.cpp:1[m[K:
[01m[K/home/jakeluo/Software/ORB_SLAM2/Thirdparty/g2o/g2o/types/se3quat.h:43:38:[m[K [01;35m[Kwarning: [m[Kextra ‘[01m[K;[m[K’ [[01;35m[K-Wpedantic[m[K]
   43 |       EIGEN_MAKE_ALIGNED_OPERATOR_NEW[01;35m[K;[m[K
      |                                      [01;35m[K^[m[K
      |                                      [31m[K-[m[K
In file included from [01m[K/home/jakeluo/Software/ORB_SLAM2/Thirdparty/g2o/g2o/types/types_seven_dof_expmap.h:34[m[K,
                 from [01m[K/home/jakeluo/Software/ORB_SLAM2/include/LoopClosing.h:34[m[K,
                 from [01m[K/home/jakeluo/Software/ORB_SLAM2/include/LocalMapping.h:26[m[K,
                 from [01m[K/home/jakeluo/Software/ORB_SLAM2/include/Tracking.h:31[m[K,
                 from [01m[K/home/jakeluo/Software/ORB_SLAM2/include/System.h:29[m[K,
                 from [01m[K/home/jakeluo/Documents/MonitoringSystemRos2/src/droneutility/include/drone.hpp:11[m[K,
                 from [01m[K/home/jakeluo/Documents/MonitoringSystemRos2/src/droneutility/src/drone.cpp:1[m[K:
/home/jakeluo/Software/ORB_SLAM2/Thirdparty/g2o/g2o/types/../core/base_vertex.h: In instantiation of ‘[01m[Kclass g2o::BaseVertex<3, Eigen::Matrix<double, 3, 1> >[m[K’:
[01m[K/home/jakeluo/Software/ORB_SLAM2/Thirdparty/g2o/g2o/types/types_sba.h:40:35:[m[K   required from here
[01m[K/home/jakeluo/Software/ORB_SLAM2/Thirdparty/g2o/g2o/types/../core/base_vertex.h:62:72:[m[K [01;35m[Kwarning: [m[K‘[01m[KEigen::AlignedBit[m[K’ is deprecated [[01;35m[K-Wdeprecated-declarations[m[K]
   62 | , D, D>, Matrix<double,D,D>::[01;35m[KFlags & AlignedBit[m[K ? Aligned : Unaligned >  HessianBlockType;
      |                              [01;35m[K~~~~~~^~~~~~~~~~~~[m[K

In file included from [01m[K/usr/include/eigen3/Eigen/Core:363[m[K,
                 from [01m[K/usr/local/include/pangolin/gl/gl.h:40[m[K,
                 from [01m[K/usr/local/include/pangolin/pangolin.h:34[m[K,
                 from [01m[K/home/jakeluo/Software/ORB_SLAM2/include/MapDrawer.h:27[m[K,
                 from [01m[K/home/jakeluo/Software/ORB_SLAM2/include/Viewer.h:26[m[K,
                 from [01m[K/home/jakeluo/Software/ORB_SLAM2/include/Tracking.h:28[m[K,
                 from [01m[K/home/jakeluo/Software/ORB_SLAM2/include/System.h:29[m[K,
                 from [01m[K/home/jakeluo/Documents/MonitoringSystemRos2/src/droneutility/include/drone.hpp:11[m[K,
                 from [01m[K/home/jakeluo/Documents/MonitoringSystemRos2/src/droneutility/src/drone.cpp:1[m[K:
[01m[K/usr/include/eigen3/Eigen/src/Core/util/Constants.h:162:37:[m[K [01;36m[Knote: [m[Kdeclared here
  162 | IGEN_DEPRECATED const unsigned int [01;36m[KAlignedBit[m[K = 0x80;
      |                                    [01;36m[K^~~~~~~~~~[m[K

In file included from [01m[K/home/jakeluo/Software/ORB_SLAM2/Thirdparty/g2o/g2o/types/types_seven_dof_expmap.h:34[m[K,
                 from [01m[K/home/jakeluo/Software/ORB_SLAM2/include/LoopClosing.h:34[m[K,
                 from [01m[K/home/jakeluo/Software/ORB_SLAM2/include/LocalMapping.h:26[m[K,
                 from [01m[K/home/jakeluo/Software/ORB_SLAM2/include/Tracking.h:31[m[K,
                 from [01m[K/home/jakeluo/Software/ORB_SLAM2/include/System.h:29[m[K,
                 from [01m[K/home/jakeluo/Documents/MonitoringSystemRos2/src/droneutility/include/drone.hpp:11[m[K,
                 from [01m[K/home/jakeluo/Documents/MonitoringSystemRos2/src/droneutility/src/drone.cpp:1[m[K:
/home/jakeluo/Software/ORB_SLAM2/Thirdparty/g2o/g2o/types/../core/base_vertex.h: In instantiation of ‘[01m[Kclass g2o::BaseVertex<6, g2o::SE3Quat>[m[K’:
[01m[K/home/jakeluo/Software/ORB_SLAM2/Thirdparty/g2o/g2o/types/types_six_dof_expmap.h:59:33:[m[K   required from here
[01m[K/home/jakeluo/Software/ORB_SLAM2/Thirdparty/g2o/g2o/types/../core/base_vertex.h:62:72:[m[K [01;35m[Kwarning: [m[K‘[01m[KEigen::AlignedBit[m[K’ is deprecated [[01;35m[K-Wdeprecated-declarations[m[K]
   62 | , D, D>, Matrix<double,D,D>::[01;35m[KFlags & AlignedBit[m[K ? Aligned : Unaligned >  HessianBlockType;
      |                              [01;35m[K~~~~~~^~~~~~~~~~~~[m[K

In file included from [01m[K/usr/include/eigen3/Eigen/Core:363[m[K,
                 from [01m[K/usr/local/include/pangolin/gl/gl.h:40[m[K,
                 from [01m[K/usr/local/include/pangolin/pangolin.h:34[m[K,
                 from [01m[K/home/jakeluo/Software/ORB_SLAM2/include/MapDrawer.h:27[m[K,
                 from [01m[K/home/jakeluo/Software/ORB_SLAM2/include/Viewer.h:26[m[K,
                 from [01m[K/home/jakeluo/Software/ORB_SLAM2/include/Tracking.h:28[m[K,
                 from [01m[K/home/jakeluo/Software/ORB_SLAM2/include/System.h:29[m[K,
                 from [01m[K/home/jakeluo/Documents/MonitoringSystemRos2/src/droneutility/include/drone.hpp:11[m[K,
                 from [01m[K/home/jakeluo/Documents/MonitoringSystemRos2/src/droneutility/src/drone.cpp:1[m[K:
[01m[K/usr/include/eigen3/Eigen/src/Core/util/Constants.h:162:37:[m[K [01;36m[Knote: [m[Kdeclared here
  162 | IGEN_DEPRECATED const unsigned int [01;36m[KAlignedBit[m[K = 0x80;
      |                                    [01;36m[K^~~~~~~~~~[m[K

In file included from [01m[K/home/jakeluo/Software/ORB_SLAM2/Thirdparty/g2o/g2o/types/types_seven_dof_expmap.h:35[m[K,
                 from [01m[K/home/jakeluo/Software/ORB_SLAM2/include/LoopClosing.h:34[m[K,
                 from [01m[K/home/jakeluo/Software/ORB_SLAM2/include/LocalMapping.h:26[m[K,
                 from [01m[K/home/jakeluo/Software/ORB_SLAM2/include/Tracking.h:31[m[K,
                 from [01m[K/home/jakeluo/Software/ORB_SLAM2/include/System.h:29[m[K,
                 from [01m[K/home/jakeluo/Documents/MonitoringSystemRos2/src/droneutility/include/drone.hpp:11[m[K,
                 from [01m[K/home/jakeluo/Documents/MonitoringSystemRos2/src/droneutility/src/drone.cpp:1[m[K:
/home/jakeluo/Software/ORB_SLAM2/Thirdparty/g2o/g2o/types/../core/base_binary_edge.h: In instantiation of ‘[01m[Kclass g2o::BaseBinaryEdge<2, Eigen::Matrix<double, 2, 1>, g2o::VertexSBAPointXYZ, g2o::VertexSE3Expmap>[m[K’:
[01m[K/home/jakeluo/Software/ORB_SLAM2/Thirdparty/g2o/g2o/types/types_six_dof_expmap.h:80:35:[m[K   required from here
[01m[K/home/jakeluo/Software/ORB_SLAM2/Thirdparty/g2o/g2o/types/../core/base_binary_edge.h:59:80:[m[K [01;35m[Kwarning: [m[K‘[01m[KEigen::AlignedBit[m[K’ is deprecated [[01;35m[K-Wdeprecated-declarations[m[K]
   59 | Dj>, Matrix<double, Di, Dj>::[01;35m[KFlags & AlignedBit[m[K ? Aligned : Unaligned > HessianBlockType;
      |                              [01;35m[K~~~~~~^~~~~~~~~~~~[m[K

In file included from [01m[K/usr/include/eigen3/Eigen/Core:363[m[K,
                 from [01m[K/usr/local/include/pangolin/gl/gl.h:40[m[K,
                 from [01m[K/usr/local/include/pangolin/pangolin.h:34[m[K,
                 from [01m[K/home/jakeluo/Software/ORB_SLAM2/include/MapDrawer.h:27[m[K,
                 from [01m[K/home/jakeluo/Software/ORB_SLAM2/include/Viewer.h:26[m[K,
                 from [01m[K/home/jakeluo/Software/ORB_SLAM2/include/Tracking.h:28[m[K,
                 from [01m[K/home/jakeluo/Software/ORB_SLAM2/include/System.h:29[m[K,
                 from [01m[K/home/jakeluo/Documents/MonitoringSystemRos2/src/droneutility/include/drone.hpp:11[m[K,
                 from [01m[K/home/jakeluo/Documents/MonitoringSystemRos2/src/droneutility/src/drone.cpp:1[m[K:
[01m[K/usr/include/eigen3/Eigen/src/Core/util/Constants.h:162:37:[m[K [01;36m[Knote: [m[Kdeclared here
  162 | IGEN_DEPRECATED const unsigned int [01;36m[KAlignedBit[m[K = 0x80;
      |                                    [01;36m[K^~~~~~~~~~[m[K

In file included from [01m[K/home/jakeluo/Software/ORB_SLAM2/Thirdparty/g2o/g2o/types/types_seven_dof_expmap.h:35[m[K,
                 from [01m[K/home/jakeluo/Software/ORB_SLAM2/include/LoopClosing.h:34[m[K,
                 from [01m[K/home/jakeluo/Software/ORB_SLAM2/include/LocalMapping.h:26[m[K,
                 from [01m[K/home/jakeluo/Software/ORB_SLAM2/include/Tracking.h:31[m[K,
                 from [01m[K/home/jakeluo/Software/ORB_SLAM2/include/System.h:29[m[K,
                 from [01m[K/home/jakeluo/Documents/MonitoringSystemRos2/src/droneutility/include/drone.hpp:11[m[K,
                 from [01m[K/home/jakeluo/Documents/MonitoringSystemRos2/src/droneutility/src/drone.cpp:1[m[K:
[01m[K/home/jakeluo/Software/ORB_SLAM2/Thirdparty/g2o/g2o/types/../core/base_binary_edge.h:60:80:[m[K [01;35m[Kwarning: [m[K‘[01m[KEigen::AlignedBit[m[K’ is deprecated [[01;35m[K-Wdeprecated-declarations[m[K]
   60 | Di>, Matrix<double, Dj, Di>::[01;35m[KFlags & AlignedBit[m[K ? Aligned : Unaligned > HessianBlockTransposedType;
      |                              [01;35m[K~~~~~~^~~~~~~~~~~~[m[K

In file included from [01m[K/usr/include/eigen3/Eigen/Core:363[m[K,
                 from [01m[K/usr/local/include/pangolin/gl/gl.h:40[m[K,
                 from [01m[K/usr/local/include/pangolin/pangolin.h:34[m[K,
                 from [01m[K/home/jakeluo/Software/ORB_SLAM2/include/MapDrawer.h:27[m[K,
                 from [01m[K/home/jakeluo/Software/ORB_SLAM2/include/Viewer.h:26[m[K,
                 from [01m[K/home/jakeluo/Software/ORB_SLAM2/include/Tracking.h:28[m[K,
                 from [01m[K/home/jakeluo/Software/ORB_SLAM2/include/System.h:29[m[K,
                 from [01m[K/home/jakeluo/Documents/MonitoringSystemRos2/src/droneutility/include/drone.hpp:11[m[K,
                 from [01m[K/home/jakeluo/Documents/MonitoringSystemRos2/src/droneutility/src/drone.cpp:1[m[K:
[01m[K/usr/include/eigen3/Eigen/src/Core/util/Constants.h:162:37:[m[K [01;36m[Knote: [m[Kdeclared here
  162 | IGEN_DEPRECATED const unsigned int [01;36m[KAlignedBit[m[K = 0x80;
      |                                    [01;36m[K^~~~~~~~~~[m[K

In file included from [01m[K/home/jakeluo/Software/ORB_SLAM2/Thirdparty/g2o/g2o/types/types_seven_dof_expmap.h:35[m[K,
                 from [01m[K/home/jakeluo/Software/ORB_SLAM2/include/LoopClosing.h:34[m[K,
                 from [01m[K/home/jakeluo/Software/ORB_SLAM2/include/LocalMapping.h:26[m[K,
                 from [01m[K/home/jakeluo/Software/ORB_SLAM2/include/Tracking.h:31[m[K,
                 from [01m[K/home/jakeluo/Software/ORB_SLAM2/include/System.h:29[m[K,
                 from [01m[K/home/jakeluo/Documents/MonitoringSystemRos2/src/droneutility/include/drone.hpp:11[m[K,
                 from [01m[K/home/jakeluo/Documents/MonitoringSystemRos2/src/droneutility/src/drone.cpp:1[m[K:
/home/jakeluo/Software/ORB_SLAM2/Thirdparty/g2o/g2o/types/../core/base_binary_edge.h: In instantiation of ‘[01m[Kclass g2o::BaseBinaryEdge<3, Eigen::Matrix<double, 3, 1>, g2o::VertexSBAPointXYZ, g2o::VertexSE3Expmap>[m[K’:
[01m[K/home/jakeluo/Software/ORB_SLAM2/Thirdparty/g2o/g2o/types/types_six_dof_expmap.h:112:41:[m[K   required from here
[01m[K/home/jakeluo/Software/ORB_SLAM2/Thirdparty/g2o/g2o/types/../core/base_binary_edge.h:59:80:[m[K [01;35m[Kwarning: [m[K‘[01m[KEigen::AlignedBit[m[K’ is deprecated [[01;35m[K-Wdeprecated-declarations[m[K]
   59 | Dj>, Matrix<double, Di, Dj>::[01;35m[KFlags & AlignedBit[m[K ? Aligned : Unaligned > HessianBlockType;
      |                              [01;35m[K~~~~~~^~~~~~~~~~~~[m[K

In file included from [01m[K/usr/include/eigen3/Eigen/Core:363[m[K,
                 from [01m[K/usr/local/include/pangolin/gl/gl.h:40[m[K,
                 from [01m[K/usr/local/include/pangolin/pangolin.h:34[m[K,
                 from [01m[K/home/jakeluo/Software/ORB_SLAM2/include/MapDrawer.h:27[m[K,
                 from [01m[K/home/jakeluo/Software/ORB_SLAM2/include/Viewer.h:26[m[K,
                 from [01m[K/home/jakeluo/Software/ORB_SLAM2/include/Tracking.h:28[m[K,
                 from [01m[K/home/jakeluo/Software/ORB_SLAM2/include/System.h:29[m[K,
                 from [01m[K/home/jakeluo/Documents/MonitoringSystemRos2/src/droneutility/include/drone.hpp:11[m[K,
                 from [01m[K/home/jakeluo/Documents/MonitoringSystemRos2/src/droneutility/src/drone.cpp:1[m[K:
[01m[K/usr/include/eigen3/Eigen/src/Core/util/Constants.h:162:37:[m[K [01;36m[Knote: [m[Kdeclared here
  162 | IGEN_DEPRECATED const unsigned int [01;36m[KAlignedBit[m[K = 0x80;
      |                                    [01;36m[K^~~~~~~~~~[m[K

In file included from [01m[K/home/jakeluo/Software/ORB_SLAM2/Thirdparty/g2o/g2o/types/types_seven_dof_expmap.h:35[m[K,
                 from [01m[K/home/jakeluo/Software/ORB_SLAM2/include/LoopClosing.h:34[m[K,
                 from [01m[K/home/jakeluo/Software/ORB_SLAM2/include/LocalMapping.h:26[m[K,
                 from [01m[K/home/jakeluo/Software/ORB_SLAM2/include/Tracking.h:31[m[K,
                 from [01m[K/home/jakeluo/Software/ORB_SLAM2/include/System.h:29[m[K,
                 from [01m[K/home/jakeluo/Documents/MonitoringSystemRos2/src/droneutility/include/drone.hpp:11[m[K,
                 from [01m[K/home/jakeluo/Documents/MonitoringSystemRos2/src/droneutility/src/drone.cpp:1[m[K:
[01m[K/home/jakeluo/Software/ORB_SLAM2/Thirdparty/g2o/g2o/types/../core/base_binary_edge.h:60:80:[m[K [01;35m[Kwarning: [m[K‘[01m[KEigen::AlignedBit[m[K’ is deprecated [[01;35m[K-Wdeprecated-declarations[m[K]
   60 | Di>, Matrix<double, Dj, Di>::[01;35m[KFlags & AlignedBit[m[K ? Aligned : Unaligned > HessianBlockTransposedType;
      |                              [01;35m[K~~~~~~^~~~~~~~~~~~[m[K

In file included from [01m[K/usr/include/eigen3/Eigen/Core:363[m[K,
                 from [01m[K/usr/local/include/pangolin/gl/gl.h:40[m[K,
                 from [01m[K/usr/local/include/pangolin/pangolin.h:34[m[K,
                 from [01m[K/home/jakeluo/Software/ORB_SLAM2/include/MapDrawer.h:27[m[K,
                 from [01m[K/home/jakeluo/Software/ORB_SLAM2/include/Viewer.h:26[m[K,
                 from [01m[K/home/jakeluo/Software/ORB_SLAM2/include/Tracking.h:28[m[K,
                 from [01m[K/home/jakeluo/Software/ORB_SLAM2/include/System.h:29[m[K,
                 from [01m[K/home/jakeluo/Documents/MonitoringSystemRos2/src/droneutility/include/drone.hpp:11[m[K,
                 from [01m[K/home/jakeluo/Documents/MonitoringSystemRos2/src/droneutility/src/drone.cpp:1[m[K:
[01m[K/usr/include/eigen3/Eigen/src/Core/util/Constants.h:162:37:[m[K [01;36m[Knote: [m[Kdeclared here
  162 | IGEN_DEPRECATED const unsigned int [01;36m[KAlignedBit[m[K = 0x80;
      |                                    [01;36m[K^~~~~~~~~~[m[K

In file included from [01m[K/home/jakeluo/Software/ORB_SLAM2/Thirdparty/g2o/g2o/types/types_seven_dof_expmap.h:34[m[K,
                 from [01m[K/home/jakeluo/Software/ORB_SLAM2/include/LoopClosing.h:34[m[K,
                 from [01m[K/home/jakeluo/Software/ORB_SLAM2/include/LocalMapping.h:26[m[K,
                 from [01m[K/home/jakeluo/Software/ORB_SLAM2/include/Tracking.h:31[m[K,
                 from [01m[K/home/jakeluo/Software/ORB_SLAM2/include/System.h:29[m[K,
                 from [01m[K/home/jakeluo/Documents/MonitoringSystemRos2/src/droneutility/include/drone.hpp:11[m[K,
                 from [01m[K/home/jakeluo/Documents/MonitoringSystemRos2/src/droneutility/src/drone.cpp:1[m[K:
/home/jakeluo/Software/ORB_SLAM2/Thirdparty/g2o/g2o/types/../core/base_vertex.h: In instantiation of ‘[01m[Kclass g2o::BaseVertex<7, g2o::Sim3>[m[K’:
[01m[K/home/jakeluo/Software/ORB_SLAM2/Thirdparty/g2o/g2o/types/types_seven_dof_expmap.h:48:35:[m[K   required from here
[01m[K/home/jakeluo/Software/ORB_SLAM2/Thirdparty/g2o/g2o/types/../core/base_vertex.h:62:72:[m[K [01;35m[Kwarning: [m[K‘[01m[KEigen::AlignedBit[m[K’ is deprecated [[01;35m[K-Wdeprecated-declarations[m[K]
   62 | , D, D>, Matrix<double,D,D>::[01;35m[KFlags & AlignedBit[m[K ? Aligned : Unaligned >  HessianBlockType;
      |                              [01;35m[K~~~~~~^~~~~~~~~~~~[m[K

In file included from [01m[K/usr/include/eigen3/Eigen/Core:363[m[K,
                 from [01m[K/usr/local/include/pangolin/gl/gl.h:40[m[K,
                 from [01m[K/usr/local/include/pangolin/pangolin.h:34[m[K,
                 from [01m[K/home/jakeluo/Software/ORB_SLAM2/include/MapDrawer.h:27[m[K,
                 from [01m[K/home/jakeluo/Software/ORB_SLAM2/include/Viewer.h:26[m[K,
                 from [01m[K/home/jakeluo/Software/ORB_SLAM2/include/Tracking.h:28[m[K,
                 from [01m[K/home/jakeluo/Software/ORB_SLAM2/include/System.h:29[m[K,
                 from [01m[K/home/jakeluo/Documents/MonitoringSystemRos2/src/droneutility/include/drone.hpp:11[m[K,
                 from [01m[K/home/jakeluo/Documents/MonitoringSystemRos2/src/droneutility/src/drone.cpp:1[m[K:
[01m[K/usr/include/eigen3/Eigen/src/Core/util/Constants.h:162:37:[m[K [01;36m[Knote: [m[Kdeclared here
  162 | IGEN_DEPRECATED const unsigned int [01;36m[KAlignedBit[m[K = 0x80;
      |                                    [01;36m[K^~~~~~~~~~[m[K

In file included from [01m[K/home/jakeluo/Software/ORB_SLAM2/Thirdparty/g2o/g2o/types/types_seven_dof_expmap.h:35[m[K,
                 from [01m[K/home/jakeluo/Software/ORB_SLAM2/include/LoopClosing.h:34[m[K,
                 from [01m[K/home/jakeluo/Software/ORB_SLAM2/include/LocalMapping.h:26[m[K,
                 from [01m[K/home/jakeluo/Software/ORB_SLAM2/include/Tracking.h:31[m[K,
                 from [01m[K/home/jakeluo/Software/ORB_SLAM2/include/System.h:29[m[K,
                 from [01m[K/home/jakeluo/Documents/MonitoringSystemRos2/src/droneutility/include/drone.hpp:11[m[K,
                 from [01m[K/home/jakeluo/Documents/MonitoringSystemRos2/src/droneutility/src/drone.cpp:1[m[K:
/home/jakeluo/Software/ORB_SLAM2/Thirdparty/g2o/g2o/types/../core/base_binary_edge.h: In instantiation of ‘[01m[Kclass g2o::BaseBinaryEdge<7, g2o::Sim3, g2o::VertexSim3Expmap, g2o::VertexSim3Expmap>[m[K’:
[01m[K/home/jakeluo/Software/ORB_SLAM2/Thirdparty/g2o/g2o/types/types_seven_dof_expmap.h:99:27:[m[K   required from here
[01m[K/home/jakeluo/Software/ORB_SLAM2/Thirdparty/g2o/g2o/types/../core/base_binary_edge.h:59:80:[m[K [01;35m[Kwarning: [m[K‘[01m[KEigen::AlignedBit[m[K’ is deprecated [[01;35m[K-Wdeprecated-declarations[m[K]
   59 | Dj>, Matrix<double, Di, Dj>::[01;35m[KFlags & AlignedBit[m[K ? Aligned : Unaligned > HessianBlockType;
      |                              [01;35m[K~~~~~~^~~~~~~~~~~~[m[K

In file included from [01m[K/usr/include/eigen3/Eigen/Core:363[m[K,
                 from [01m[K/usr/local/include/pangolin/gl/gl.h:40[m[K,
                 from [01m[K/usr/local/include/pangolin/pangolin.h:34[m[K,
                 from [01m[K/home/jakeluo/Software/ORB_SLAM2/include/MapDrawer.h:27[m[K,
                 from [01m[K/home/jakeluo/Software/ORB_SLAM2/include/Viewer.h:26[m[K,
                 from [01m[K/home/jakeluo/Software/ORB_SLAM2/include/Tracking.h:28[m[K,
                 from [01m[K/home/jakeluo/Software/ORB_SLAM2/include/System.h:29[m[K,
                 from [01m[K/home/jakeluo/Documents/MonitoringSystemRos2/src/droneutility/include/drone.hpp:11[m[K,
                 from [01m[K/home/jakeluo/Documents/MonitoringSystemRos2/src/droneutility/src/drone.cpp:1[m[K:
[01m[K/usr/include/eigen3/Eigen/src/Core/util/Constants.h:162:37:[m[K [01;36m[Knote: [m[Kdeclared here
  162 | IGEN_DEPRECATED const unsigned int [01;36m[KAlignedBit[m[K = 0x80;
      |                                    [01;36m[K^~~~~~~~~~[m[K

In file included from [01m[K/home/jakeluo/Software/ORB_SLAM2/Thirdparty/g2o/g2o/types/types_seven_dof_expmap.h:35[m[K,
                 from [01m[K/home/jakeluo/Software/ORB_SLAM2/include/LoopClosing.h:34[m[K,
                 from [01m[K/home/jakeluo/Software/ORB_SLAM2/include/LocalMapping.h:26[m[K,
                 from [01m[K/home/jakeluo/Software/ORB_SLAM2/include/Tracking.h:31[m[K,
                 from [01m[K/home/jakeluo/Software/ORB_SLAM2/include/System.h:29[m[K,
                 from [01m[K/home/jakeluo/Documents/MonitoringSystemRos2/src/droneutility/include/drone.hpp:11[m[K,
                 from [01m[K/home/jakeluo/Documents/MonitoringSystemRos2/src/droneutility/src/drone.cpp:1[m[K:
[01m[K/home/jakeluo/Software/ORB_SLAM2/Thirdparty/g2o/g2o/types/../core/base_binary_edge.h:60:80:[m[K [01;35m[Kwarning: [m[K‘[01m[KEigen::AlignedBit[m[K’ is deprecated [[01;35m[K-Wdeprecated-declarations[m[K]
   60 | Di>, Matrix<double, Dj, Di>::[01;35m[KFlags & AlignedBit[m[K ? Aligned : Unaligned > HessianBlockTransposedType;
      |                              [01;35m[K~~~~~~^~~~~~~~~~~~[m[K

In file included from [01m[K/usr/include/eigen3/Eigen/Core:363[m[K,
                 from [01m[K/usr/local/include/pangolin/gl/gl.h:40[m[K,
                 from [01m[K/usr/local/include/pangolin/pangolin.h:34[m[K,
                 from [01m[K/home/jakeluo/Software/ORB_SLAM2/include/MapDrawer.h:27[m[K,
                 from [01m[K/home/jakeluo/Software/ORB_SLAM2/include/Viewer.h:26[m[K,
                 from [01m[K/home/jakeluo/Software/ORB_SLAM2/include/Tracking.h:28[m[K,
                 from [01m[K/home/jakeluo/Software/ORB_SLAM2/include/System.h:29[m[K,
                 from [01m[K/home/jakeluo/Documents/MonitoringSystemRos2/src/droneutility/include/drone.hpp:11[m[K,
                 from [01m[K/home/jakeluo/Documents/MonitoringSystemRos2/src/droneutility/src/drone.cpp:1[m[K:
[01m[K/usr/include/eigen3/Eigen/src/Core/util/Constants.h:162:37:[m[K [01;36m[Knote: [m[Kdeclared here
  162 | IGEN_DEPRECATED const unsigned int [01;36m[KAlignedBit[m[K = 0x80;
      |                                    [01;36m[K^~~~~~~~~~[m[K

In file included from [01m[K/home/jakeluo/Software/ORB_SLAM2/Thirdparty/g2o/g2o/types/types_seven_dof_expmap.h:35[m[K,
                 from [01m[K/home/jakeluo/Software/ORB_SLAM2/include/LoopClosing.h:34[m[K,
                 from [01m[K/home/jakeluo/Software/ORB_SLAM2/include/LocalMapping.h:26[m[K,
                 from [01m[K/home/jakeluo/Software/ORB_SLAM2/include/Tracking.h:31[m[K,
                 from [01m[K/home/jakeluo/Software/ORB_SLAM2/include/System.h:29[m[K,
                 from [01m[K/home/jakeluo/Documents/MonitoringSystemRos2/src/droneutility/include/drone.hpp:11[m[K,
                 from [01m[K/home/jakeluo/Documents/MonitoringSystemRos2/src/droneutility/src/drone.cpp:1[m[K:
/home/jakeluo/Software/ORB_SLAM2/Thirdparty/g2o/g2o/types/../core/base_binary_edge.h: In instantiation of ‘[01m[Kclass g2o::BaseBinaryEdge<2, Eigen::Matrix<double, 2, 1>, g2o::VertexSBAPointXYZ, g2o::VertexSim3Expmap>[m[K’:
[01m[K/home/jakeluo/Software/ORB_SLAM2/Thirdparty/g2o/g2o/types/types_seven_dof_expmap.h:130:36:[m[K   required from here
[01m[K/home/jakeluo/Software/ORB_SLAM2/Thirdparty/g2o/g2o/types/../core/base_binary_edge.h:59:80:[m[K [01;35m[Kwarning: [m[K‘[01m[KEigen::AlignedBit[m[K’ is deprecated [[01;35m[K-Wdeprecated-declarations[m[K]
   59 | Dj>, Matrix<double, Di, Dj>::[01;35m[KFlags & AlignedBit[m[K ? Aligned : Unaligned > HessianBlockType;
      |                              [01;35m[K~~~~~~^~~~~~~~~~~~[m[K

In file included from [01m[K/usr/include/eigen3/Eigen/Core:363[m[K,
                 from [01m[K/usr/local/include/pangolin/gl/gl.h:40[m[K,
                 from [01m[K/usr/local/include/pangolin/pangolin.h:34[m[K,
                 from [01m[K/home/jakeluo/Software/ORB_SLAM2/include/MapDrawer.h:27[m[K,
                 from [01m[K/home/jakeluo/Software/ORB_SLAM2/include/Viewer.h:26[m[K,
                 from [01m[K/home/jakeluo/Software/ORB_SLAM2/include/Tracking.h:28[m[K,
                 from [01m[K/home/jakeluo/Software/ORB_SLAM2/include/System.h:29[m[K,
                 from [01m[K/home/jakeluo/Documents/MonitoringSystemRos2/src/droneutility/include/drone.hpp:11[m[K,
                 from [01m[K/home/jakeluo/Documents/MonitoringSystemRos2/src/droneutility/src/drone.cpp:1[m[K:
[01m[K/usr/include/eigen3/Eigen/src/Core/util/Constants.h:162:37:[m[K [01;36m[Knote: [m[Kdeclared here
  162 | IGEN_DEPRECATED const unsigned int [01;36m[KAlignedBit[m[K = 0x80;
      |                                    [01;36m[K^~~~~~~~~~[m[K

In file included from [01m[K/home/jakeluo/Software/ORB_SLAM2/Thirdparty/g2o/g2o/types/types_seven_dof_expmap.h:35[m[K,
                 from [01m[K/home/jakeluo/Software/ORB_SLAM2/include/LoopClosing.h:34[m[K,
                 from [01m[K/home/jakeluo/Software/ORB_SLAM2/include/LocalMapping.h:26[m[K,
                 from [01m[K/home/jakeluo/Software/ORB_SLAM2/include/Tracking.h:31[m[K,
                 from [01m[K/home/jakeluo/Software/ORB_SLAM2/include/System.h:29[m[K,
                 from [01m[K/home/jakeluo/Documents/MonitoringSystemRos2/src/droneutility/include/drone.hpp:11[m[K,
                 from [01m[K/home/jakeluo/Documents/MonitoringSystemRos2/src/droneutility/src/drone.cpp:1[m[K:
[01m[K/home/jakeluo/Software/ORB_SLAM2/Thirdparty/g2o/g2o/types/../core/base_binary_edge.h:60:80:[m[K [01;35m[Kwarning: [m[K‘[01m[KEigen::AlignedBit[m[K’ is deprecated [[01;35m[K-Wdeprecated-declarations[m[K]
   60 | Di>, Matrix<double, Dj, Di>::[01;35m[KFlags & AlignedBit[m[K ? Aligned : Unaligned > HessianBlockTransposedType;
      |                              [01;35m[K~~~~~~^~~~~~~~~~~~[m[K

In file included from [01m[K/usr/include/eigen3/Eigen/Core:363[m[K,
                 from [01m[K/usr/local/include/pangolin/gl/gl.h:40[m[K,
                 from [01m[K/usr/local/include/pangolin/pangolin.h:34[m[K,
                 from [01m[K/home/jakeluo/Software/ORB_SLAM2/include/MapDrawer.h:27[m[K,
                 from [01m[K/home/jakeluo/Software/ORB_SLAM2/include/Viewer.h:26[m[K,
                 from [01m[K/home/jakeluo/Software/ORB_SLAM2/include/Tracking.h:28[m[K,
                 from [01m[K/home/jakeluo/Software/ORB_SLAM2/include/System.h:29[m[K,
                 from [01m[K/home/jakeluo/Documents/MonitoringSystemRos2/src/droneutility/include/drone.hpp:11[m[K,
                 from [01m[K/home/jakeluo/Documents/MonitoringSystemRos2/src/droneutility/src/drone.cpp:1[m[K:
[01m[K/usr/include/eigen3/Eigen/src/Core/util/Constants.h:162:37:[m[K [01;36m[Knote: [m[Kdeclared here
  162 | IGEN_DEPRECATED const unsigned int [01;36m[KAlignedBit[m[K = 0x80;
      |                                    [01;36m[K^~~~~~~~~~[m[K

[100%] [32m[1mLinking CXX executable drone[0m
/usr/bin/ld: CMakeFiles/drone.dir/src/drone.cpp.o: in function `dronenamespace::Drone::Drone(char const*, char const*, char const*, char const*)':
/home/jakeluo/Documents/MonitoringSystemRos2/src/droneutility/src/drone.cpp:33: undefined reference to `ORB_SLAM2::System::System(std::__cxx11::basic_string<char, std::char_traits<char>, std::allocator<char> > const&, std::__cxx11::basic_string<char, std::char_traits<char>, std::allocator<char> > const&, ORB_SLAM2::System::eSensor, bool)'
/usr/bin/ld: CMakeFiles/drone.dir/src/drone.cpp.o: in function `pangolin::GlTexture::Reinitialise(int, int, int, bool, int, unsigned int, unsigned int, void*)':
/usr/local/include/pangolin/gl/gl.hpp:171: undefined reference to `glGenTextures'
/usr/bin/ld: CMakeFiles/drone.dir/src/drone.cpp.o: in function `pangolin::GlTexture::Bind() const':
/usr/local/include/pangolin/gl/gl.hpp:153: undefined reference to `glBindTexture'
/usr/bin/ld: CMakeFiles/drone.dir/src/drone.cpp.o: in function `pangolin::GlTexture::Reinitialise(int, int, int, bool, int, unsigned int, unsigned int, void*)':
/usr/local/include/pangolin/gl/gl.hpp:176: undefined reference to `glTexImage2D'
/usr/bin/ld: /usr/local/include/pangolin/gl/gl.hpp:179: undefined reference to `glTexParameteri'
/usr/bin/ld: /usr/local/include/pangolin/gl/gl.hpp:180: undefined reference to `glTexParameteri'
/usr/bin/ld: /usr/local/include/pangolin/gl/gl.hpp:186: undefined reference to `glTexParameteri'
/usr/bin/ld: /usr/local/include/pangolin/gl/gl.hpp:187: undefined reference to `glTexParameteri'
/usr/bin/ld: CMakeFiles/drone.dir/src/drone.cpp.o: in function `pangolin::_CheckGlDieOnError(char const*, int)':
/usr/local/include/pangolin/gl/glinclude.h:41: undefined reference to `glGetError'
/usr/bin/ld: CMakeFiles/drone.dir/src/drone.cpp.o: in function `pangolin::GlTexture::Reinitialise(int, int, int, bool, int, unsigned int, unsigned int, void*)':
/usr/local/include/pangolin/gl/gl.hpp:182: undefined reference to `glTexParameteri'
/usr/bin/ld: /usr/local/include/pangolin/gl/gl.hpp:183: undefined reference to `glTexParameteri'
/usr/bin/ld: /usr/local/include/pangolin/gl/gl.hpp:164: undefined reference to `glDeleteTextures'
/usr/bin/ld: CMakeFiles/drone.dir/src/drone.cpp.o: in function `pangolin::_CheckGlDieOnError(char const*, int)':
/usr/local/include/pangolin/gl/glinclude.h:43: undefined reference to `pangolin::glErrorString(unsigned int)'
/usr/bin/ld: CMakeFiles/drone.dir/src/drone.cpp.o: in function `pangolin::GlTexture::~GlTexture()':
/usr/local/include/pangolin/gl/gl.hpp:146: undefined reference to `pangolin::ShouldQuit()'
/usr/bin/ld: /usr/local/include/pangolin/gl/gl.hpp:147: undefined reference to `glDeleteTextures'
/usr/bin/ld: CMakeFiles/drone.dir/src/drone.cpp.o: in function `cv::String::~String()':
/usr/local/include/opencv2/core/cvstd.hpp:648: undefined reference to `cv::String::deallocate()'
/usr/bin/ld: /usr/local/include/opencv2/core/cvstd.hpp:648: undefined reference to `cv::String::deallocate()'
/usr/bin/ld: CMakeFiles/drone.dir/src/drone.cpp.o: in function `cv::String::operator=(cv::String const&)':
/usr/local/include/opencv2/core/cvstd.hpp:656: undefined reference to `cv::String::deallocate()'
/usr/bin/ld: CMakeFiles/drone.dir/src/drone.cpp.o: in function `pangolin::GlTexture::~GlTexture()':
/usr/local/include/pangolin/gl/gl.hpp:146: undefined reference to `pangolin::ShouldQuit()'
/usr/bin/ld: /usr/local/include/pangolin/gl/gl.hpp:147: undefined reference to `glDeleteTextures'
/usr/bin/ld: CMakeFiles/drone.dir/src/drone.cpp.o:(.data.rel+0x0): undefined reference to `vtable for pangolin::HandlerScroll'
/usr/bin/ld: CMakeFiles/drone.dir/src/drone.cpp.o:(.data.rel+0x8): undefined reference to `vtable for pangolin::Handler'
collect2: error: ld returned 1 exit status
make[2]: *** [CMakeFiles/drone.dir/build.make:137：drone] 错误 1
make[1]: *** [CMakeFiles/Makefile2:80：CMakeFiles/drone.dir/all] 错误 2
make: *** [Makefile:141：all] 错误 2
