/usr/bin/ld: /home/jakeluo/Documents/MonitoringSystemRos2/src/droneutility/../../3rd/libh264decoderlib.a(h264decoder.cpp.o): in function `H264Decoder::H264Decoder()':
/home/jakeluo/Downloads/h264decoder/src/h264decoder.cpp:22: undefined reference to `avcodec_register_all'
/usr/bin/ld: /home/jakeluo/Downloads/h264decoder/src/h264decoder.cpp:24: undefined reference to `avcodec_find_decoder'
/usr/bin/ld: /home/jakeluo/Downloads/h264decoder/src/h264decoder.cpp:28: undefined reference to `avcodec_alloc_context3'
/usr/bin/ld: /home/jakeluo/Downloads/h264decoder/src/h264decoder.cpp:37: undefined reference to `avcodec_open2'
/usr/bin/ld: /home/jakeluo/Downloads/h264decoder/src/h264decoder.cpp:41: undefined reference to `av_parser_init'
/usr/bin/ld: /home/jakeluo/Downloads/h264decoder/src/h264decoder.cpp:45: undefined reference to `av_frame_alloc'
/usr/bin/ld: /home/jakeluo/Downloads/h264decoder/src/h264decoder.cpp:53: undefined reference to `av_init_packet'
/usr/bin/ld: /home/jakeluo/Documents/MonitoringSystemRos2/src/droneutility/../../3rd/libh264decoderlib.a(h264decoder.cpp.o): in function `H264Decoder::~H264Decoder()':
/home/jakeluo/Downloads/h264decoder/src/h264decoder.cpp:60: undefined reference to `av_parser_close'
/usr/bin/ld: /home/jakeluo/Downloads/h264decoder/src/h264decoder.cpp:61: undefined reference to `avcodec_close'
/usr/bin/ld: /home/jakeluo/Downloads/h264decoder/src/h264decoder.cpp:62: undefined reference to `av_free'
/usr/bin/ld: /home/jakeluo/Downloads/h264decoder/src/h264decoder.cpp:63: undefined reference to `av_frame_free'
/usr/bin/ld: /home/jakeluo/Documents/MonitoringSystemRos2/src/droneutility/../../3rd/libh264decoderlib.a(h264decoder.cpp.o): in function `H264Decoder::parse(unsigned char const*, long)':
/home/jakeluo/Downloads/h264decoder/src/h264decoder.cpp:72: undefined reference to `av_parser_parse2'
/usr/bin/ld: /home/jakeluo/Documents/MonitoringSystemRos2/src/droneutility/../../3rd/libh264decoderlib.a(h264decoder.cpp.o): in function `H264Decoder::decode_frame()':
/home/jakeluo/Downloads/h264decoder/src/h264decoder.cpp:90: undefined reference to `avcodec_send_packet'
/usr/bin/ld: /home/jakeluo/Downloads/h264decoder/src/h264decoder.cpp:92: undefined reference to `avcodec_receive_frame'
/usr/bin/ld: /home/jakeluo/Documents/MonitoringSystemRos2/src/droneutility/../../3rd/libh264decoderlib.a(h264decoder.cpp.o): in function `ConverterRGB24::ConverterRGB24()':
/home/jakeluo/Downloads/h264decoder/src/h264decoder.cpp:110: undefined reference to `av_frame_alloc'
/usr/bin/ld: /home/jakeluo/Documents/MonitoringSystemRos2/src/droneutility/../../3rd/libh264decoderlib.a(h264decoder.cpp.o): in function `ConverterRGB24::~ConverterRGB24()':
/home/jakeluo/Downloads/h264decoder/src/h264decoder.cpp:118: undefined reference to `sws_freeContext'
/usr/bin/ld: /home/jakeluo/Downloads/h264decoder/src/h264decoder.cpp:119: undefined reference to `av_frame_free'
/usr/bin/ld: /home/jakeluo/Documents/MonitoringSystemRos2/src/droneutility/../../3rd/libh264decoderlib.a(h264decoder.cpp.o): in function `ConverterRGB24::convert(AVFrame const&, unsigned char*)':
/home/jakeluo/Downloads/h264decoder/src/h264decoder.cpp:129: undefined reference to `sws_getCachedContext'
/usr/bin/ld: /home/jakeluo/Downloads/h264decoder/src/h264decoder.cpp:137: undefined reference to `av_image_fill_arrays'
/usr/bin/ld: /home/jakeluo/Downloads/h264decoder/src/h264decoder.cpp:139: undefined reference to `sws_scale'
/usr/bin/ld: /home/jakeluo/Documents/MonitoringSystemRos2/src/droneutility/../../3rd/libh264decoderlib.a(h264decoder.cpp.o): in function `ConverterRGB24::predict_size(int, int)':
/home/jakeluo/Downloads/h264decoder/src/h264decoder.cpp:156: undefined reference to `av_image_fill_arrays'
/usr/bin/ld: /home/jakeluo/Documents/MonitoringSystemRos2/src/droneutility/../../3rd/libh264decoderlib.a(h264decoder.cpp.o): in function `disable_logging()':
/home/jakeluo/Downloads/h264decoder/src/h264decoder.cpp:174: undefined reference to `av_log_set_level'
collect2: error: ld returned 1 exit status
make[2]: *** [CMakeFiles/dronemanager.dir/build.make:137：dronemanager] 错误 1
make[1]: *** [CMakeFiles/Makefile2:107：CMakeFiles/dronemanager.dir/all] 错误 2
make: *** [Makefile:141：all] 错误 2
