[01m[K/home/jakeluo/Documents/MonitoringSystemRos2/src/qt/src/mainwindow.cpp:[m[K In member function ‘[01m[Kvoid MainWindow::feedback_callback(rclcpp_action::ClientGoalHandle<droneinterfaces::action::GoPoint>::SharedPtr, std::shared_ptr<const droneinterfaces::action::GoPoint_Feedback_<std::allocator<void> > >)[m[K’:
[01m[K/home/jakeluo/Documents/MonitoringSystemRos2/src/qt/src/mainwindow.cpp:504:77:[m[K [01;35m[Kwarning: [m[Kunused parameter ‘[01m[Kfeedback[m[K’ [[01;35m[K-Wunused-parameter[m[K]
  504 | [01;35m[Knst std::shared_ptr<const droneinterfaces::action::GoPoint::Feedback> feedback[m[K)
      | [01;35m[K~~~~~~~~~~~~~~~~~~~~~~~~~~~~~~~~~~~~~~~~~~~~~~~~~~~~~~~~~~~~~~~~~~~~~~^~~~~~~~[m[K

[01m[K/home/jakeluo/Documents/MonitoringSystemRos2/src/qt/src/mainwindow.cpp:[m[K In member function ‘[01m[Kvoid MainWindow::frameCallback1(droneinterfaces::msg::FrameArray_<std::allocator<void> >::SharedPtr)[m[K’:
[01m[K/home/jakeluo/Documents/MonitoringSystemRos2/src/qt/src/mainwindow.cpp:945:53:[m[K [01;31m[Kerror: [m[Kno matching function for call to ‘[01m[Kstd::array<int, 2>::array(int, int)[m[K’
  945 |     kalmanFilter->update(std::array<int32_t, 2>(1, 2[01;31m[K)[m[K);
      |                                                     [01;31m[K^[m[K
In file included from [01m[K/usr/include/c++/9/tuple:39[m[K,
                 from [01m[K/usr/include/c++/9/functional:54[m[K,
                 from [01m[K/usr/include/c++/9/pstl/glue_algorithm_defs.h:13[m[K,
                 from [01m[K/usr/include/c++/9/algorithm:71[m[K,
                 from [01m[K/usr/include/x86_64-linux-gnu/qt5/QtCore/qglobal.h:142[m[K,
                 from [01m[K/usr/include/x86_64-linux-gnu/qt5/QtGui/qtguiglobal.h:43[m[K,
                 from [01m[K/usr/include/x86_64-linux-gnu/qt5/QtWidgets/qtwidgetsglobal.h:43[m[K,
                 from [01m[K/usr/include/x86_64-linux-gnu/qt5/QtWidgets/qmainwindow.h:43[m[K,
                 from [01m[K/usr/include/x86_64-linux-gnu/qt5/QtWidgets/QMainWindow:1[m[K,
                 from [01m[K/home/jakeluo/Documents/MonitoringSystemRos2/src/qt/include/qt/mainwindow.h:4[m[K,
                 from [01m[K/home/jakeluo/Documents/MonitoringSystemRos2/src/qt/src/mainwindow.cpp:1[m[K:
[01m[K/usr/include/c++/9/array:94:12:[m[K [01;36m[Knote: [m[Kcandidate: ‘[01m[Kstd::array<int, 2>::array()[m[K’
   94 |     struct [01;36m[Karray[m[K
      |            [01;36m[K^~~~~[m[K
[01m[K/usr/include/c++/9/array:94:12:[m[K [01;36m[Knote: [m[K  candidate expects 0 arguments, 2 provided
[01m[K/usr/include/c++/9/array:94:12:[m[K [01;36m[Knote: [m[Kcandidate: ‘[01m[Kconstexpr std::array<int, 2>::array(const std::array<int, 2>&)[m[K’
[01m[K/usr/include/c++/9/array:94:12:[m[K [01;36m[Knote: [m[K  candidate expects 1 argument, 2 provided
[01m[K/usr/include/c++/9/array:94:12:[m[K [01;36m[Knote: [m[Kcandidate: ‘[01m[Kconstexpr std::array<int, 2>::array(std::array<int, 2>&&)[m[K’
[01m[K/usr/include/c++/9/array:94:12:[m[K [01;36m[Knote: [m[K  candidate expects 1 argument, 2 provided
make[2]: *** [CMakeFiles/gui.dir/build.make:93：CMakeFiles/gui.dir/src/mainwindow.cpp.o] 错误 1
make[1]: *** [CMakeFiles/Makefile2:79：CMakeFiles/gui.dir/all] 错误 2
make: *** [Makefile:141：all] 错误 2
