In file included from [01m[K/home/jakeluo/Software/ros2_rolling/install/rclcpp/include/rclcpp/client.hpp:43[m[K,
                 from [01m[K/home/jakeluo/Software/ros2_rolling/install/rclcpp/include/rclcpp/callback_group.hpp:23[m[K,
                 from [01m[K/home/jakeluo/Software/ros2_rolling/install/rclcpp/include/rclcpp/any_executable.hpp:20[m[K,
                 from [01m[K/home/jakeluo/Software/ros2_rolling/install/rclcpp/include/rclcpp/memory_strategy.hpp:25[m[K,
                 from [01m[K/home/jakeluo/Software/ros2_rolling/install/rclcpp/include/rclcpp/memory_strategies.hpp:18[m[K,
                 from [01m[K/home/jakeluo/Software/ros2_rolling/install/rclcpp/include/rclcpp/executor_options.hpp:20[m[K,
                 from [01m[K/home/jakeluo/Software/ros2_rolling/install/rclcpp/include/rclcpp/executor.hpp:37[m[K,
                 from [01m[K/home/jakeluo/Software/ros2_rolling/install/rclcpp/include/rclcpp/executors/multi_threaded_executor.hpp:25[m[K,
                 from [01m[K/home/jakeluo/Software/ros2_rolling/install/rclcpp/include/rclcpp/executors.hpp:21[m[K,
                 from [01m[K/home/jakeluo/Software/ros2_rolling/install/rclcpp/include/rclcpp/rclcpp.hpp:155[m[K,
                 from [01m[K/home/jakeluo/Documents/MonitoringSystemRos2/src/droneutility/include/droneManager.hpp:1[m[K,
                 from [01m[K/home/jakeluo/Documents/MonitoringSystemRos2/src/droneutility/src/droneManager.cpp:1[m[K:
[01m[K/home/jakeluo/Documents/MonitoringSystemRos2/src/droneutility/src/droneManager.cpp:[m[K In member function ‘[01m[Kvoid dronenamespace::DroneManager::recvVideoThread(std::string)[m[K’:
[01m[K/home/jakeluo/Documents/MonitoringSystemRos2/src/droneutility/src/droneManager.cpp:237:51:[m[K [01;35m[Kwarning: [m[Kformat ‘[01m[K%d[m[K’ expects argument of type ‘[01m[Kint[m[K’, but argument 6 has type ‘[01m[Kstd::queue<AVFrame>::size_type[m[K’ {aka ‘[01m[Klong unsigned int[m[K’} [[01;35m[K-Wformat=[m[K]
  237 |                     RCLCPP_INFO(nh_->get_logger(),[01;35m[K"size of images of %s : %d\n"[m[K, dronepool[ip].name.c_str(), [32m[Kframepool[ip].size()[m[K);
      |                                                   [01;35m[K^~~~~~~~~~~~~~~~~~~~~~~~~~~~~[m[K                              [32m[K~~~~~~~~~~~~~~~~~~~~[m[K
      |                                                                                                                                [32m[K|[m[K
      |                                                                                                                                [32m[Kstd::queue<AVFrame>::size_type {aka long unsigned int}[m[K
[01m[K/home/jakeluo/Documents/MonitoringSystemRos2/src/droneutility/src/droneManager.cpp:237:76:[m[K [01;36m[Knote: [m[Kformat string is defined here
  237 |                     RCLCPP_INFO(nh_->get_logger(),"size of images of %s : [01;36m[K%d[m[K\n", dronepool[ip].name.c_str(), framepool[ip].size());
      |                                                                           [01;36m[K~^[m[K
      |                                                                            [01;36m[K|[m[K
      |                                                                            [01;36m[Kint[m[K
      |                                                                           [32m[K%ld[m[K
