In file included from [01m[K/home/jakeluo/Documents/MonitoringSystemRos2/src/qt/src/main.cpp:1[m[K:
[01m[K/home/jakeluo/Documents/MonitoringSystemRos2/src/qt/include/qt/mainwindow.h:3:[m[K [01;35m[Kwarning: [m[Kignoring #pragma   [[01;35m[K-Wunknown-pragmas[m[K]
    3 | #pragma
      | 
In file included from [01m[K/home/jakeluo/Documents/MonitoringSystemRos2/src/build/qt/include/qt/moc_mainwindow.cpp:9[m[K:
[01m[K/home/jakeluo/Documents/MonitoringSystemRos2/src/build/qt/include/qt/../../../../qt/include/qt/mainwindow.h:3:[m[K [01;35m[Kwarning: [m[Kignoring #pragma   [[01;35m[K-Wunknown-pragmas[m[K]
    3 | #pragma
      | 
In file included from [01m[K/home/jakeluo/Documents/MonitoringSystemRos2/src/qt/src/mainwindow.cpp:1[m[K:
[01m[K/home/jakeluo/Documents/MonitoringSystemRos2/src/qt/include/qt/mainwindow.h:3:[m[K [01;35m[Kwarning: [m[Kignoring #pragma   [[01;35m[K-Wunknown-pragmas[m[K]
    3 | #pragma
      | 
[01m[K/home/jakeluo/Documents/MonitoringSystemRos2/src/qt/src/mainwindow.cpp:[m[K In member function ‘[01m[Kvoid MainWindow::feedback_callback(rclcpp_action::ClientGoalHandle<droneinterfaces::action::GoPoint>::SharedPtr, std::shared_ptr<const droneinterfaces::action::GoPoint_Feedback_<std::allocator<void> > >)[m[K’:
[01m[K/home/jakeluo/Documents/MonitoringSystemRos2/src/qt/src/mainwindow.cpp:560:77:[m[K [01;35m[Kwarning: [m[Kunused parameter ‘[01m[Kfeedback[m[K’ [[01;35m[K-Wunused-parameter[m[K]
  560 |     [01;35m[Kconst std::shared_ptr<const droneinterfaces::action::GoPoint::Feedback> feedback[m[K)
      |     [01;35m[K~~~~~~~~~~~~~~~~~~~~~~~~~~~~~~~~~~~~~~~~~~~~~~~~~~~~~~~~~~~~~~~~~~~~~~~~^~~~~~~~[m[K
[01m[K/home/jakeluo/Documents/MonitoringSystemRos2/src/qt/src/mainwindow.cpp:[m[K In member function ‘[01m[Kvoid MainWindow::frameCallback1(droneinterfaces::msg::FrameArray_<std::allocator<void> >::SharedPtr)[m[K’:
[01m[K/home/jakeluo/Documents/MonitoringSystemRos2/src/qt/src/mainwindow.cpp:993:19:[m[K [01;31m[Kerror: [m[K‘[01m[KhumamBox1[m[K’ was not declared in this scope; did you mean ‘[01m[KhumanBox1[m[K’?
  993 |         cv::Point([01;31m[KhumamBox1[m[K[0]-(int)(humanBox1[2]/2), humamBox1[1]-(int)(humanBox1[3]/2)),
      |                   [01;31m[K^~~~~~~~~[m[K
      |                   [32m[KhumanBox1[m[K
[01m[K/home/jakeluo/Documents/MonitoringSystemRos2/src/qt/src/mainwindow.cpp:[m[K In member function ‘[01m[Kvoid MainWindow::frameCallback2(droneinterfaces::msg::FrameArray_<std::allocator<void> >::SharedPtr)[m[K’:
[01m[K/home/jakeluo/Documents/MonitoringSystemRos2/src/qt/src/mainwindow.cpp:1014:19:[m[K [01;31m[Kerror: [m[K‘[01m[KhumamBox2[m[K’ was not declared in this scope; did you mean ‘[01m[KhumanBox2[m[K’?
 1014 |         cv::Point([01;31m[KhumamBox2[m[K[0]-(int)(humanBox2[2]/2), humamBox2[1]-(int)(humanBox2[3]/2)),
      |                   [01;31m[K^~~~~~~~~[m[K
      |                   [32m[KhumanBox2[m[K
make[2]: *** [CMakeFiles/gui.dir/build.make:93：CMakeFiles/gui.dir/src/mainwindow.cpp.o] 错误 1
make[1]: *** [CMakeFiles/Makefile2:79：CMakeFiles/gui.dir/all] 错误 2
make: *** [Makefile:141：all] 错误 2
