[0.497s] DEBUG:colcon:Command line arguments: ['/usr/bin/colcon', 'build']
[0.497s] DEBUG:colcon:Parsed command line arguments: Namespace(ament_cmake_args=None, base_paths=['.'], build_base='build', catkin_cmake_args=None, catkin_skip_building_tests=False, cmake_args=None, cmake_clean_cache=False, cmake_clean_first=False, cmake_force_configure=False, cmake_target=None, cmake_target_skip_unavailable=False, continue_on_error=False, event_handlers=None, executor='parallel', ignore_user_meta=False, install_base='install', log_base=None, log_level=None, main=<bound method BuildVerb.main of <colcon_core.verb.build.BuildVerb object at 0x7f889df76970>>, merge_install=False, metas=['./colcon.meta'], packages_above=None, packages_above_and_dependencies=None, packages_above_depth=None, packages_end=None, packages_ignore=None, packages_ignore_regex=None, packages_select=None, packages_select_build_failed=False, packages_select_by_dep=None, packages_select_regex=None, packages_select_test_failures=False, packages_skip=None, packages_skip_build_finished=False, packages_skip_by_dep=None, packages_skip_regex=None, packages_skip_test_passed=False, packages_skip_up_to=None, packages_start=None, packages_up_to=None, packages_up_to_regex=None, parallel_workers=12, paths=None, symlink_install=False, test_result_base=None, verb_extension=<colcon_core.verb.build.BuildVerb object at 0x7f889df76970>, verb_name='build', verb_parser=<colcon_defaults.argument_parser.defaults.DefaultArgumentsDecorator object at 0x7f889df76ee0>)
[0.507s] Level 1:colcon.colcon_core.package_discovery:discover_packages(colcon_meta) check parameters
[0.507s] Level 1:colcon.colcon_core.package_discovery:discover_packages(recursive) check parameters
[0.507s] Level 1:colcon.colcon_core.package_discovery:discover_packages(ignore) check parameters
[0.507s] Level 1:colcon.colcon_core.package_discovery:discover_packages(path) check parameters
[0.507s] Level 1:colcon.colcon_core.package_discovery:discover_packages(colcon_meta) discover
[0.507s] Level 1:colcon.colcon_core.package_discovery:discover_packages(recursive) discover
[0.508s] INFO:colcon.colcon_core.package_discovery:Crawling recursively for packages in '/home/jakeluo/Documents/MonitoringSystemRos2/src'
[0.508s] Level 1:colcon.colcon_core.package_identification:_identify(.) by extensions ['ignore', 'ignore_ament_install']
[0.508s] Level 1:colcon.colcon_core.package_identification:_identify(.) by extension 'ignore'
[0.508s] Level 1:colcon.colcon_core.package_identification:_identify(.) by extension 'ignore_ament_install'
[0.508s] Level 1:colcon.colcon_core.package_identification:_identify(.) by extensions ['colcon_pkg']
[0.508s] Level 1:colcon.colcon_core.package_identification:_identify(.) by extension 'colcon_pkg'
[0.508s] Level 1:colcon.colcon_core.package_identification:_identify(.) by extensions ['colcon_meta']
[0.508s] Level 1:colcon.colcon_core.package_identification:_identify(.) by extension 'colcon_meta'
[0.508s] Level 1:colcon.colcon_core.package_identification:_identify(.) by extensions ['ros']
[0.508s] Level 1:colcon.colcon_core.package_identification:_identify(.) by extension 'ros'
[0.519s] Level 1:colcon.colcon_core.package_identification:_identify(.) by extensions ['cmake', 'python']
[0.519s] Level 1:colcon.colcon_core.package_identification:_identify(.) by extension 'cmake'
[0.519s] Level 1:colcon.colcon_core.package_identification:_identify(.) by extension 'python'
[0.519s] Level 1:colcon.colcon_core.package_identification:_identify(.) by extensions ['python_setup_py']
[0.520s] Level 1:colcon.colcon_core.package_identification:_identify(.) by extension 'python_setup_py'
[0.520s] Level 1:colcon.colcon_core.package_identification:_identify(build) by extensions ['ignore', 'ignore_ament_install']
[0.520s] Level 1:colcon.colcon_core.package_identification:_identify(build) by extension 'ignore'
[0.520s] Level 1:colcon.colcon_core.package_identification:_identify(build) ignored
[0.520s] Level 1:colcon.colcon_core.package_identification:_identify(droneinterfaces) by extensions ['ignore', 'ignore_ament_install']
[0.520s] Level 1:colcon.colcon_core.package_identification:_identify(droneinterfaces) by extension 'ignore'
[0.520s] Level 1:colcon.colcon_core.package_identification:_identify(droneinterfaces) by extension 'ignore_ament_install'
[0.520s] Level 1:colcon.colcon_core.package_identification:_identify(droneinterfaces) by extensions ['colcon_pkg']
[0.520s] Level 1:colcon.colcon_core.package_identification:_identify(droneinterfaces) by extension 'colcon_pkg'
[0.520s] Level 1:colcon.colcon_core.package_identification:_identify(droneinterfaces) by extensions ['colcon_meta']
[0.520s] Level 1:colcon.colcon_core.package_identification:_identify(droneinterfaces) by extension 'colcon_meta'
[0.520s] Level 1:colcon.colcon_core.package_identification:_identify(droneinterfaces) by extensions ['ros']
[0.520s] Level 1:colcon.colcon_core.package_identification:_identify(droneinterfaces) by extension 'ros'
[0.522s] DEBUG:colcon.colcon_core.package_identification:Package 'droneinterfaces' with type 'ros.ament_cmake' and name 'droneinterfaces'
[0.522s] Level 1:colcon.colcon_core.package_identification:_identify(droneutility) by extensions ['ignore', 'ignore_ament_install']
[0.523s] Level 1:colcon.colcon_core.package_identification:_identify(droneutility) by extension 'ignore'
[0.523s] Level 1:colcon.colcon_core.package_identification:_identify(droneutility) by extension 'ignore_ament_install'
[0.523s] Level 1:colcon.colcon_core.package_identification:_identify(droneutility) by extensions ['colcon_pkg']
[0.523s] Level 1:colcon.colcon_core.package_identification:_identify(droneutility) by extension 'colcon_pkg'
[0.523s] Level 1:colcon.colcon_core.package_identification:_identify(droneutility) by extensions ['colcon_meta']
[0.523s] Level 1:colcon.colcon_core.package_identification:_identify(droneutility) by extension 'colcon_meta'
[0.523s] Level 1:colcon.colcon_core.package_identification:_identify(droneutility) by extensions ['ros']
[0.523s] Level 1:colcon.colcon_core.package_identification:_identify(droneutility) by extension 'ros'
[0.524s] DEBUG:colcon.colcon_core.package_identification:Package 'droneutility' with type 'ros.ament_cmake' and name 'droneutility'
[0.524s] Level 1:colcon.colcon_core.package_identification:_identify(humanpose) by extensions ['ignore', 'ignore_ament_install']
[0.524s] Level 1:colcon.colcon_core.package_identification:_identify(humanpose) by extension 'ignore'
[0.524s] Level 1:colcon.colcon_core.package_identification:_identify(humanpose) by extension 'ignore_ament_install'
[0.524s] Level 1:colcon.colcon_core.package_identification:_identify(humanpose) by extensions ['colcon_pkg']
[0.524s] Level 1:colcon.colcon_core.package_identification:_identify(humanpose) by extension 'colcon_pkg'
[0.524s] Level 1:colcon.colcon_core.package_identification:_identify(humanpose) by extensions ['colcon_meta']
[0.524s] Level 1:colcon.colcon_core.package_identification:_identify(humanpose) by extension 'colcon_meta'
[0.524s] Level 1:colcon.colcon_core.package_identification:_identify(humanpose) by extensions ['ros']
[0.524s] Level 1:colcon.colcon_core.package_identification:_identify(humanpose) by extension 'ros'
[0.524s] DEBUG:colcon.colcon_core.package_identification:Package 'humanpose' with type 'ros.ament_python' and name 'humanpose'
[0.525s] Level 1:colcon.colcon_core.package_identification:_identify(install) by extensions ['ignore', 'ignore_ament_install']
[0.525s] Level 1:colcon.colcon_core.package_identification:_identify(install) by extension 'ignore'
[0.525s] Level 1:colcon.colcon_core.package_identification:_identify(install) ignored
[0.525s] Level 1:colcon.colcon_core.package_identification:_identify(log) by extensions ['ignore', 'ignore_ament_install']
[0.525s] Level 1:colcon.colcon_core.package_identification:_identify(log) by extension 'ignore'
[0.525s] Level 1:colcon.colcon_core.package_identification:_identify(log) ignored
[0.525s] Level 1:colcon.colcon_core.package_identification:_identify(positioning) by extensions ['ignore', 'ignore_ament_install']
[0.525s] Level 1:colcon.colcon_core.package_identification:_identify(positioning) by extension 'ignore'
[0.525s] Level 1:colcon.colcon_core.package_identification:_identify(positioning) by extension 'ignore_ament_install'
[0.525s] Level 1:colcon.colcon_core.package_identification:_identify(positioning) by extensions ['colcon_pkg']
[0.525s] Level 1:colcon.colcon_core.package_identification:_identify(positioning) by extension 'colcon_pkg'
[0.525s] Level 1:colcon.colcon_core.package_identification:_identify(positioning) by extensions ['colcon_meta']
[0.525s] Level 1:colcon.colcon_core.package_identification:_identify(positioning) by extension 'colcon_meta'
[0.526s] Level 1:colcon.colcon_core.package_identification:_identify(positioning) by extensions ['ros']
[0.526s] Level 1:colcon.colcon_core.package_identification:_identify(positioning) by extension 'ros'
[0.526s] DEBUG:colcon.colcon_core.package_identification:Package 'positioning' with type 'ros.ament_cmake' and name 'positioning'
[0.526s] Level 1:colcon.colcon_core.package_identification:_identify(qt) by extensions ['ignore', 'ignore_ament_install']
[0.526s] Level 1:colcon.colcon_core.package_identification:_identify(qt) by extension 'ignore'
[0.526s] Level 1:colcon.colcon_core.package_identification:_identify(qt) by extension 'ignore_ament_install'
[0.526s] Level 1:colcon.colcon_core.package_identification:_identify(qt) by extensions ['colcon_pkg']
[0.526s] Level 1:colcon.colcon_core.package_identification:_identify(qt) by extension 'colcon_pkg'
[0.526s] Level 1:colcon.colcon_core.package_identification:_identify(qt) by extensions ['colcon_meta']
[0.526s] Level 1:colcon.colcon_core.package_identification:_identify(qt) by extension 'colcon_meta'
[0.526s] Level 1:colcon.colcon_core.package_identification:_identify(qt) by extensions ['ros']
[0.526s] Level 1:colcon.colcon_core.package_identification:_identify(qt) by extension 'ros'
[0.527s] DEBUG:colcon.colcon_core.package_identification:Package 'qt' with type 'ros.ament_cmake' and name 'qt'
[0.527s] Level 1:colcon.colcon_core.package_discovery:discover_packages(recursive) using defaults
[0.527s] Level 1:colcon.colcon_core.package_discovery:discover_packages(ignore) discover
[0.527s] Level 1:colcon.colcon_core.package_discovery:discover_packages(ignore) using defaults
[0.527s] Level 1:colcon.colcon_core.package_discovery:discover_packages(path) discover
[0.527s] Level 1:colcon.colcon_core.package_discovery:discover_packages(path) using defaults
[0.567s] Level 5:colcon.colcon_core.verb:set package 'droneinterfaces' build argument 'cmake_args' from command line to 'None'
[0.567s] Level 5:colcon.colcon_core.verb:set package 'droneinterfaces' build argument 'cmake_target' from command line to 'None'
[0.567s] Level 5:colcon.colcon_core.verb:set package 'droneinterfaces' build argument 'cmake_target_skip_unavailable' from command line to 'False'
[0.567s] Level 5:colcon.colcon_core.verb:set package 'droneinterfaces' build argument 'cmake_clean_cache' from command line to 'False'
[0.567s] Level 5:colcon.colcon_core.verb:set package 'droneinterfaces' build argument 'cmake_clean_first' from command line to 'False'
[0.567s] Level 5:colcon.colcon_core.verb:set package 'droneinterfaces' build argument 'cmake_force_configure' from command line to 'False'
[0.567s] Level 5:colcon.colcon_core.verb:set package 'droneinterfaces' build argument 'ament_cmake_args' from command line to 'None'
[0.567s] Level 5:colcon.colcon_core.verb:set package 'droneinterfaces' build argument 'catkin_cmake_args' from command line to 'None'
[0.567s] Level 5:colcon.colcon_core.verb:set package 'droneinterfaces' build argument 'catkin_skip_building_tests' from command line to 'False'
[0.567s] DEBUG:colcon.colcon_core.verb:Building package 'droneinterfaces' with the following arguments: {'ament_cmake_args': None, 'build_base': '/home/jakeluo/Documents/MonitoringSystemRos2/src/build/droneinterfaces', 'catkin_cmake_args': None, 'catkin_skip_building_tests': False, 'cmake_args': None, 'cmake_clean_cache': False, 'cmake_clean_first': False, 'cmake_force_configure': False, 'cmake_target': None, 'cmake_target_skip_unavailable': False, 'install_base': '/home/jakeluo/Documents/MonitoringSystemRos2/src/install/droneinterfaces', 'merge_install': False, 'path': '/home/jakeluo/Documents/MonitoringSystemRos2/src/droneinterfaces', 'symlink_install': False, 'test_result_base': None}
[0.571s] Level 5:colcon.colcon_core.verb:set package 'positioning' build argument 'cmake_args' from command line to 'None'
[0.571s] Level 5:colcon.colcon_core.verb:set package 'positioning' build argument 'cmake_target' from command line to 'None'
[0.571s] Level 5:colcon.colcon_core.verb:set package 'positioning' build argument 'cmake_target_skip_unavailable' from command line to 'False'
[0.571s] Level 5:colcon.colcon_core.verb:set package 'positioning' build argument 'cmake_clean_cache' from command line to 'False'
[0.571s] Level 5:colcon.colcon_core.verb:set package 'positioning' build argument 'cmake_clean_first' from command line to 'False'
[0.571s] Level 5:colcon.colcon_core.verb:set package 'positioning' build argument 'cmake_force_configure' from command line to 'False'
[0.571s] Level 5:colcon.colcon_core.verb:set package 'positioning' build argument 'ament_cmake_args' from command line to 'None'
[0.571s] Level 5:colcon.colcon_core.verb:set package 'positioning' build argument 'catkin_cmake_args' from command line to 'None'
[0.571s] Level 5:colcon.colcon_core.verb:set package 'positioning' build argument 'catkin_skip_building_tests' from command line to 'False'
[0.571s] DEBUG:colcon.colcon_core.verb:Building package 'positioning' with the following arguments: {'ament_cmake_args': None, 'build_base': '/home/jakeluo/Documents/MonitoringSystemRos2/src/build/positioning', 'catkin_cmake_args': None, 'catkin_skip_building_tests': False, 'cmake_args': None, 'cmake_clean_cache': False, 'cmake_clean_first': False, 'cmake_force_configure': False, 'cmake_target': None, 'cmake_target_skip_unavailable': False, 'install_base': '/home/jakeluo/Documents/MonitoringSystemRos2/src/install/positioning', 'merge_install': False, 'path': '/home/jakeluo/Documents/MonitoringSystemRos2/src/positioning', 'symlink_install': False, 'test_result_base': None}
[0.575s] Level 5:colcon.colcon_core.verb:set package 'droneutility' build argument 'cmake_args' from command line to 'None'
[0.575s] Level 5:colcon.colcon_core.verb:set package 'droneutility' build argument 'cmake_target' from command line to 'None'
[0.575s] Level 5:colcon.colcon_core.verb:set package 'droneutility' build argument 'cmake_target_skip_unavailable' from command line to 'False'
[0.575s] Level 5:colcon.colcon_core.verb:set package 'droneutility' build argument 'cmake_clean_cache' from command line to 'False'
[0.575s] Level 5:colcon.colcon_core.verb:set package 'droneutility' build argument 'cmake_clean_first' from command line to 'False'
[0.575s] Level 5:colcon.colcon_core.verb:set package 'droneutility' build argument 'cmake_force_configure' from command line to 'False'
[0.575s] Level 5:colcon.colcon_core.verb:set package 'droneutility' build argument 'ament_cmake_args' from command line to 'None'
[0.575s] Level 5:colcon.colcon_core.verb:set package 'droneutility' build argument 'catkin_cmake_args' from command line to 'None'
[0.575s] Level 5:colcon.colcon_core.verb:set package 'droneutility' build argument 'catkin_skip_building_tests' from command line to 'False'
[0.575s] DEBUG:colcon.colcon_core.verb:Building package 'droneutility' with the following arguments: {'ament_cmake_args': None, 'build_base': '/home/jakeluo/Documents/MonitoringSystemRos2/src/build/droneutility', 'catkin_cmake_args': None, 'catkin_skip_building_tests': False, 'cmake_args': None, 'cmake_clean_cache': False, 'cmake_clean_first': False, 'cmake_force_configure': False, 'cmake_target': None, 'cmake_target_skip_unavailable': False, 'install_base': '/home/jakeluo/Documents/MonitoringSystemRos2/src/install/droneutility', 'merge_install': False, 'path': '/home/jakeluo/Documents/MonitoringSystemRos2/src/droneutility', 'symlink_install': False, 'test_result_base': None}
[0.579s] Level 5:colcon.colcon_core.verb:set package 'humanpose' build argument 'cmake_args' from command line to 'None'
[0.579s] Level 5:colcon.colcon_core.verb:set package 'humanpose' build argument 'cmake_target' from command line to 'None'
[0.579s] Level 5:colcon.colcon_core.verb:set package 'humanpose' build argument 'cmake_target_skip_unavailable' from command line to 'False'
[0.579s] Level 5:colcon.colcon_core.verb:set package 'humanpose' build argument 'cmake_clean_cache' from command line to 'False'
[0.579s] Level 5:colcon.colcon_core.verb:set package 'humanpose' build argument 'cmake_clean_first' from command line to 'False'
[0.579s] Level 5:colcon.colcon_core.verb:set package 'humanpose' build argument 'cmake_force_configure' from command line to 'False'
[0.579s] Level 5:colcon.colcon_core.verb:set package 'humanpose' build argument 'ament_cmake_args' from command line to 'None'
[0.579s] Level 5:colcon.colcon_core.verb:set package 'humanpose' build argument 'catkin_cmake_args' from command line to 'None'
[0.579s] Level 5:colcon.colcon_core.verb:set package 'humanpose' build argument 'catkin_skip_building_tests' from command line to 'False'
[0.579s] DEBUG:colcon.colcon_core.verb:Building package 'humanpose' with the following arguments: {'ament_cmake_args': None, 'build_base': '/home/jakeluo/Documents/MonitoringSystemRos2/src/build/humanpose', 'catkin_cmake_args': None, 'catkin_skip_building_tests': False, 'cmake_args': None, 'cmake_clean_cache': False, 'cmake_clean_first': False, 'cmake_force_configure': False, 'cmake_target': None, 'cmake_target_skip_unavailable': False, 'install_base': '/home/jakeluo/Documents/MonitoringSystemRos2/src/install/humanpose', 'merge_install': False, 'path': '/home/jakeluo/Documents/MonitoringSystemRos2/src/humanpose', 'symlink_install': False, 'test_result_base': None}
[0.584s] Level 5:colcon.colcon_core.verb:set package 'qt' build argument 'cmake_args' from command line to 'None'
[0.584s] Level 5:colcon.colcon_core.verb:set package 'qt' build argument 'cmake_target' from command line to 'None'
[0.584s] Level 5:colcon.colcon_core.verb:set package 'qt' build argument 'cmake_target_skip_unavailable' from command line to 'False'
[0.584s] Level 5:colcon.colcon_core.verb:set package 'qt' build argument 'cmake_clean_cache' from command line to 'False'
[0.584s] Level 5:colcon.colcon_core.verb:set package 'qt' build argument 'cmake_clean_first' from command line to 'False'
[0.584s] Level 5:colcon.colcon_core.verb:set package 'qt' build argument 'cmake_force_configure' from command line to 'False'
[0.584s] Level 5:colcon.colcon_core.verb:set package 'qt' build argument 'ament_cmake_args' from command line to 'None'
[0.584s] Level 5:colcon.colcon_core.verb:set package 'qt' build argument 'catkin_cmake_args' from command line to 'None'
[0.584s] Level 5:colcon.colcon_core.verb:set package 'qt' build argument 'catkin_skip_building_tests' from command line to 'False'
[0.584s] DEBUG:colcon.colcon_core.verb:Building package 'qt' with the following arguments: {'ament_cmake_args': None, 'build_base': '/home/jakeluo/Documents/MonitoringSystemRos2/src/build/qt', 'catkin_cmake_args': None, 'catkin_skip_building_tests': False, 'cmake_args': None, 'cmake_clean_cache': False, 'cmake_clean_first': False, 'cmake_force_configure': False, 'cmake_target': None, 'cmake_target_skip_unavailable': False, 'install_base': '/home/jakeluo/Documents/MonitoringSystemRos2/src/install/qt', 'merge_install': False, 'path': '/home/jakeluo/Documents/MonitoringSystemRos2/src/qt', 'symlink_install': False, 'test_result_base': None}
[0.584s] INFO:colcon.colcon_core.executor:Executing jobs using 'parallel' executor
[0.587s] DEBUG:colcon.colcon_parallel_executor.executor.parallel:run_until_complete
[0.587s] INFO:colcon.colcon_ros.task.ament_cmake.build:Building ROS package in '/home/jakeluo/Documents/MonitoringSystemRos2/src/droneinterfaces' with build type 'ament_cmake'
[0.587s] INFO:colcon.colcon_cmake.task.cmake.build:Building CMake package in '/home/jakeluo/Documents/MonitoringSystemRos2/src/droneinterfaces'
[0.595s] INFO:colcon.colcon_core.plugin_system:Skipping extension 'colcon_core.shell.bat': Not used on non-Windows systems
[0.596s] INFO:colcon.colcon_core.shell:Skip shell extension 'powershell' for command environment: Not usable outside of PowerShell
[0.596s] DEBUG:colcon.colcon_core.shell:Skip shell extension 'dsv' for command environment
[0.619s] INFO:colcon.colcon_ros.task.ament_cmake.build:Building ROS package in '/home/jakeluo/Documents/MonitoringSystemRos2/src/positioning' with build type 'ament_cmake'
[0.619s] INFO:colcon.colcon_cmake.task.cmake.build:Building CMake package in '/home/jakeluo/Documents/MonitoringSystemRos2/src/positioning'
[0.620s] INFO:colcon.colcon_core.shell:Skip shell extension 'powershell' for command environment: Not usable outside of PowerShell
[0.620s] DEBUG:colcon.colcon_core.shell:Skip shell extension 'dsv' for command environment
[0.645s] DEBUG:colcon.colcon_core.event_handler.log_command:Invoking command in '/home/jakeluo/Documents/MonitoringSystemRos2/src/build/droneinterfaces': CMAKE_PREFIX_PATH=${CMAKE_PREFIX_PATH}:/home/jakeluo/Documents/MonitoringSystemRos2/src/install/humanpose:/home/jakeluo/Software/ros2_rolling/install/rqt_bag_plugins:/home/jakeluo/Software/ros2_rolling/install/rqt_bag:/home/jakeluo/Software/ros2_rolling/install/ros2bag:/home/jakeluo/Software/ros2_rolling/install/tracetools_test:/home/jakeluo/Software/ros2_rolling/install/tracetools_launch:/home/jakeluo/Software/ros2_rolling/install/topic_monitor:/home/jakeluo/Software/ros2_rolling/install/tf2_tools:/home/jakeluo/Software/ros2_rolling/install/examples_tf2_py:/home/jakeluo/Software/ros2_rolling/install/tf2_ros_py:/home/jakeluo/Software/ros2_rolling/install/sros2:/home/jakeluo/Software/ros2_rolling/install/rqt_topic:/home/jakeluo/Software/ros2_rolling/install/rqt_top:/home/jakeluo/Software/ros2_rolling/install/rqt_srv:/home/jakeluo/Software/ros2_rolling/install/rqt_shell:/home/jakeluo/Software/ros2_rolling/install/rqt_service_caller:/home/jakeluo/Software/ros2_rolling/install/rqt_reconfigure:/home/jakeluo/Software/ros2_rolling/install/rqt_py_console:/home/jakeluo/Software/ros2_rolling/install/rqt_publisher:/home/jakeluo/Software/ros2_rolling/install/rqt_plot:/home/jakeluo/Software/ros2_rolling/install/rqt_action:/home/jakeluo/Software/ros2_rolling/install/rqt_msg:/home/jakeluo/Software/ros2_rolling/install/rqt_console:/home/jakeluo/Software/ros2_rolling/install/rqt:/home/jakeluo/Software/ros2_rolling/install/rqt_graph:/home/jakeluo/Software/ros2_rolling/install/rqt_gui_py:/home/jakeluo/Software/ros2_rolling/install/rqt_gui:/home/jakeluo/Software/ros2_rolling/install/ros2trace:/home/jakeluo/Software/ros2_rolling/install/ros2topic:/home/jakeluo/Software/ros2_rolling/install/ros2test:/home/jakeluo/Software/ros2_rolling/install/ros2component:/home/jakeluo/Software/ros2_rolling/install/ros2param:/home/jakeluo/Software/ros2_rolling/install/ros2lifecycle:/home/jakeluo/Software/ros2_rolling/install/ros2service:/home/jakeluo/Software/ros2_rolling/install/ros2run:/home/jakeluo/Software/ros2_rolling/install/ros2launch:/home/jakeluo/Software/ros2_rolling/install/ros2pkg:/home/jakeluo/Software/ros2_rolling/install/ros2node:/home/jakeluo/Software/ros2_rolling/install/ros2multicast:/home/jakeluo/Software/ros2_rolling/install/ros2interface:/home/jakeluo/Software/ros2_rolling/install/ros2doctor:/home/jakeluo/Software/ros2_rolling/install/ros2action:/home/jakeluo/Software/ros2_rolling/install/ros2cli:/home/jakeluo/Software/ros2_rolling/install/quality_of_service_demo_py:/home/jakeluo/Software/ros2_rolling/install/launch_testing_ros:/home/jakeluo/Software/ros2_rolling/install/launch_ros:/home/jakeluo/Software/ros2_rolling/install/examples_rclpy_pointcloud_publisher:/home/jakeluo/Software/ros2_rolling/install/examples_rclpy_minimal_subscriber:/home/jakeluo/Software/ros2_rolling/install/examples_rclpy_minimal_service:/home/jakeluo/Software/ros2_rolling/install/examples_rclpy_minimal_publisher:/home/jakeluo/Software/ros2_rolling/install/examples_rclpy_minimal_client:/home/jakeluo/Software/ros2_rolling/install/examples_rclpy_minimal_action_server:/home/jakeluo/Software/ros2_rolling/install/examples_rclpy_minimal_action_client:/home/jakeluo/Software/ros2_rolling/install/examples_rclpy_guard_conditions:/home/jakeluo/Software/ros2_rolling/install/examples_rclpy_executors:/home/jakeluo/Software/ros2_rolling/install/demo_nodes_py:/home/jakeluo/Software/ros2_rolling/install/action_tutorials_py:/home/jakeluo/Software/ros2_rolling/install/ament_uncrustify:/home/jakeluo/Software/ros2_rolling/install/tracetools_trace:/home/jakeluo/Software/ros2_rolling/install/tracetools_read:/home/jakeluo/Software/ros2_rolling/install/test_launch_ros:/home/jakeluo/Software/ros2_rolling/install/sensor_msgs_py:/home/jakeluo/Software/ros2_rolling/install/rpyutils:/home/jakeluo/Software/ros2_rolling/install/rosidl_runtime_py:/home/jakeluo/Software/ros2_rolling/install/rosidl_cli:/home/jakeluo/Software/ros2_rolling/install/launch_yaml:/home/jakeluo/Software/ros2_rolling/install/launch_xml:/home/jakeluo/Software/ros2_rolling/install/launch_testing:/home/jakeluo/Software/ros2_rolling/install/launch:/home/jakeluo/Software/ros2_rolling/install/osrf_pycommon:/home/jakeluo/Software/ros2_rolling/install/domain_coordinator:/home/jakeluo/Software/ros2_rolling/install/ament_xmllint:/home/jakeluo/Software/ros2_rolling/install/ament_pyflakes:/home/jakeluo/Software/ros2_rolling/install/ament_pycodestyle:/home/jakeluo/Software/ros2_rolling/install/ament_pep257:/home/jakeluo/Software/ros2_rolling/install/ament_pclint:/home/jakeluo/Software/ros2_rolling/install/ament_package:/home/jakeluo/Software/ros2_rolling/install/ament_mypy:/home/jakeluo/Software/ros2_rolling/install/ament_lint_cmake:/home/jakeluo/Software/ros2_rolling/install/ament_flake8:/home/jakeluo/Software/ros2_rolling/install/ament_copyright:/home/jakeluo/Software/ros2_rolling/install/ament_lint:/home/jakeluo/Software/ros2_rolling/install/ament_index_python:/home/jakeluo/Software/ros2_rolling/install/ament_cpplint:/home/jakeluo/Software/ros2_rolling/install/ament_cppcheck:/home/jakeluo/Software/ros2_rolling/install/ament_clang_tidy:/home/jakeluo/Software/ros2_rolling/install/ament_clang_format /usr/bin/cmake --build /home/jakeluo/Documents/MonitoringSystemRos2/src/build/droneinterfaces -- -j12 -l12
[0.658s] DEBUG:colcon.colcon_core.event_handler.log_command:Invoking command in '/home/jakeluo/Documents/MonitoringSystemRos2/src/build/positioning': CMAKE_PREFIX_PATH=${CMAKE_PREFIX_PATH}:/home/jakeluo/Documents/MonitoringSystemRos2/src/install/humanpose:/home/jakeluo/Software/ros2_rolling/install/rqt_bag_plugins:/home/jakeluo/Software/ros2_rolling/install/rqt_bag:/home/jakeluo/Software/ros2_rolling/install/ros2bag:/home/jakeluo/Software/ros2_rolling/install/tracetools_test:/home/jakeluo/Software/ros2_rolling/install/tracetools_launch:/home/jakeluo/Software/ros2_rolling/install/topic_monitor:/home/jakeluo/Software/ros2_rolling/install/tf2_tools:/home/jakeluo/Software/ros2_rolling/install/examples_tf2_py:/home/jakeluo/Software/ros2_rolling/install/tf2_ros_py:/home/jakeluo/Software/ros2_rolling/install/sros2:/home/jakeluo/Software/ros2_rolling/install/rqt_topic:/home/jakeluo/Software/ros2_rolling/install/rqt_top:/home/jakeluo/Software/ros2_rolling/install/rqt_srv:/home/jakeluo/Software/ros2_rolling/install/rqt_shell:/home/jakeluo/Software/ros2_rolling/install/rqt_service_caller:/home/jakeluo/Software/ros2_rolling/install/rqt_reconfigure:/home/jakeluo/Software/ros2_rolling/install/rqt_py_console:/home/jakeluo/Software/ros2_rolling/install/rqt_publisher:/home/jakeluo/Software/ros2_rolling/install/rqt_plot:/home/jakeluo/Software/ros2_rolling/install/rqt_action:/home/jakeluo/Software/ros2_rolling/install/rqt_msg:/home/jakeluo/Software/ros2_rolling/install/rqt_console:/home/jakeluo/Software/ros2_rolling/install/rqt:/home/jakeluo/Software/ros2_rolling/install/rqt_graph:/home/jakeluo/Software/ros2_rolling/install/rqt_gui_py:/home/jakeluo/Software/ros2_rolling/install/rqt_gui:/home/jakeluo/Software/ros2_rolling/install/ros2trace:/home/jakeluo/Software/ros2_rolling/install/ros2topic:/home/jakeluo/Software/ros2_rolling/install/ros2test:/home/jakeluo/Software/ros2_rolling/install/ros2component:/home/jakeluo/Software/ros2_rolling/install/ros2param:/home/jakeluo/Software/ros2_rolling/install/ros2lifecycle:/home/jakeluo/Software/ros2_rolling/install/ros2service:/home/jakeluo/Software/ros2_rolling/install/ros2run:/home/jakeluo/Software/ros2_rolling/install/ros2launch:/home/jakeluo/Software/ros2_rolling/install/ros2pkg:/home/jakeluo/Software/ros2_rolling/install/ros2node:/home/jakeluo/Software/ros2_rolling/install/ros2multicast:/home/jakeluo/Software/ros2_rolling/install/ros2interface:/home/jakeluo/Software/ros2_rolling/install/ros2doctor:/home/jakeluo/Software/ros2_rolling/install/ros2action:/home/jakeluo/Software/ros2_rolling/install/ros2cli:/home/jakeluo/Software/ros2_rolling/install/quality_of_service_demo_py:/home/jakeluo/Software/ros2_rolling/install/launch_testing_ros:/home/jakeluo/Software/ros2_rolling/install/launch_ros:/home/jakeluo/Software/ros2_rolling/install/examples_rclpy_pointcloud_publisher:/home/jakeluo/Software/ros2_rolling/install/examples_rclpy_minimal_subscriber:/home/jakeluo/Software/ros2_rolling/install/examples_rclpy_minimal_service:/home/jakeluo/Software/ros2_rolling/install/examples_rclpy_minimal_publisher:/home/jakeluo/Software/ros2_rolling/install/examples_rclpy_minimal_client:/home/jakeluo/Software/ros2_rolling/install/examples_rclpy_minimal_action_server:/home/jakeluo/Software/ros2_rolling/install/examples_rclpy_minimal_action_client:/home/jakeluo/Software/ros2_rolling/install/examples_rclpy_guard_conditions:/home/jakeluo/Software/ros2_rolling/install/examples_rclpy_executors:/home/jakeluo/Software/ros2_rolling/install/demo_nodes_py:/home/jakeluo/Software/ros2_rolling/install/action_tutorials_py:/home/jakeluo/Software/ros2_rolling/install/ament_uncrustify:/home/jakeluo/Software/ros2_rolling/install/tracetools_trace:/home/jakeluo/Software/ros2_rolling/install/tracetools_read:/home/jakeluo/Software/ros2_rolling/install/test_launch_ros:/home/jakeluo/Software/ros2_rolling/install/sensor_msgs_py:/home/jakeluo/Software/ros2_rolling/install/rpyutils:/home/jakeluo/Software/ros2_rolling/install/rosidl_runtime_py:/home/jakeluo/Software/ros2_rolling/install/rosidl_cli:/home/jakeluo/Software/ros2_rolling/install/launch_yaml:/home/jakeluo/Software/ros2_rolling/install/launch_xml:/home/jakeluo/Software/ros2_rolling/install/launch_testing:/home/jakeluo/Software/ros2_rolling/install/launch:/home/jakeluo/Software/ros2_rolling/install/osrf_pycommon:/home/jakeluo/Software/ros2_rolling/install/domain_coordinator:/home/jakeluo/Software/ros2_rolling/install/ament_xmllint:/home/jakeluo/Software/ros2_rolling/install/ament_pyflakes:/home/jakeluo/Software/ros2_rolling/install/ament_pycodestyle:/home/jakeluo/Software/ros2_rolling/install/ament_pep257:/home/jakeluo/Software/ros2_rolling/install/ament_pclint:/home/jakeluo/Software/ros2_rolling/install/ament_package:/home/jakeluo/Software/ros2_rolling/install/ament_mypy:/home/jakeluo/Software/ros2_rolling/install/ament_lint_cmake:/home/jakeluo/Software/ros2_rolling/install/ament_flake8:/home/jakeluo/Software/ros2_rolling/install/ament_copyright:/home/jakeluo/Software/ros2_rolling/install/ament_lint:/home/jakeluo/Software/ros2_rolling/install/ament_index_python:/home/jakeluo/Software/ros2_rolling/install/ament_cpplint:/home/jakeluo/Software/ros2_rolling/install/ament_cppcheck:/home/jakeluo/Software/ros2_rolling/install/ament_clang_tidy:/home/jakeluo/Software/ros2_rolling/install/ament_clang_format /usr/bin/cmake /home/jakeluo/Documents/MonitoringSystemRos2/src/positioning -DCMAKE_INSTALL_PREFIX=/home/jakeluo/Documents/MonitoringSystemRos2/src/install/positioning
[4.390s] DEBUG:colcon.colcon_core.event_handler.log_command:Invoked command in '/home/jakeluo/Documents/MonitoringSystemRos2/src/build/positioning' returned '0': CMAKE_PREFIX_PATH=${CMAKE_PREFIX_PATH}:/home/jakeluo/Documents/MonitoringSystemRos2/src/install/humanpose:/home/jakeluo/Software/ros2_rolling/install/rqt_bag_plugins:/home/jakeluo/Software/ros2_rolling/install/rqt_bag:/home/jakeluo/Software/ros2_rolling/install/ros2bag:/home/jakeluo/Software/ros2_rolling/install/tracetools_test:/home/jakeluo/Software/ros2_rolling/install/tracetools_launch:/home/jakeluo/Software/ros2_rolling/install/topic_monitor:/home/jakeluo/Software/ros2_rolling/install/tf2_tools:/home/jakeluo/Software/ros2_rolling/install/examples_tf2_py:/home/jakeluo/Software/ros2_rolling/install/tf2_ros_py:/home/jakeluo/Software/ros2_rolling/install/sros2:/home/jakeluo/Software/ros2_rolling/install/rqt_topic:/home/jakeluo/Software/ros2_rolling/install/rqt_top:/home/jakeluo/Software/ros2_rolling/install/rqt_srv:/home/jakeluo/Software/ros2_rolling/install/rqt_shell:/home/jakeluo/Software/ros2_rolling/install/rqt_service_caller:/home/jakeluo/Software/ros2_rolling/install/rqt_reconfigure:/home/jakeluo/Software/ros2_rolling/install/rqt_py_console:/home/jakeluo/Software/ros2_rolling/install/rqt_publisher:/home/jakeluo/Software/ros2_rolling/install/rqt_plot:/home/jakeluo/Software/ros2_rolling/install/rqt_action:/home/jakeluo/Software/ros2_rolling/install/rqt_msg:/home/jakeluo/Software/ros2_rolling/install/rqt_console:/home/jakeluo/Software/ros2_rolling/install/rqt:/home/jakeluo/Software/ros2_rolling/install/rqt_graph:/home/jakeluo/Software/ros2_rolling/install/rqt_gui_py:/home/jakeluo/Software/ros2_rolling/install/rqt_gui:/home/jakeluo/Software/ros2_rolling/install/ros2trace:/home/jakeluo/Software/ros2_rolling/install/ros2topic:/home/jakeluo/Software/ros2_rolling/install/ros2test:/home/jakeluo/Software/ros2_rolling/install/ros2component:/home/jakeluo/Software/ros2_rolling/install/ros2param:/home/jakeluo/Software/ros2_rolling/install/ros2lifecycle:/home/jakeluo/Software/ros2_rolling/install/ros2service:/home/jakeluo/Software/ros2_rolling/install/ros2run:/home/jakeluo/Software/ros2_rolling/install/ros2launch:/home/jakeluo/Software/ros2_rolling/install/ros2pkg:/home/jakeluo/Software/ros2_rolling/install/ros2node:/home/jakeluo/Software/ros2_rolling/install/ros2multicast:/home/jakeluo/Software/ros2_rolling/install/ros2interface:/home/jakeluo/Software/ros2_rolling/install/ros2doctor:/home/jakeluo/Software/ros2_rolling/install/ros2action:/home/jakeluo/Software/ros2_rolling/install/ros2cli:/home/jakeluo/Software/ros2_rolling/install/quality_of_service_demo_py:/home/jakeluo/Software/ros2_rolling/install/launch_testing_ros:/home/jakeluo/Software/ros2_rolling/install/launch_ros:/home/jakeluo/Software/ros2_rolling/install/examples_rclpy_pointcloud_publisher:/home/jakeluo/Software/ros2_rolling/install/examples_rclpy_minimal_subscriber:/home/jakeluo/Software/ros2_rolling/install/examples_rclpy_minimal_service:/home/jakeluo/Software/ros2_rolling/install/examples_rclpy_minimal_publisher:/home/jakeluo/Software/ros2_rolling/install/examples_rclpy_minimal_client:/home/jakeluo/Software/ros2_rolling/install/examples_rclpy_minimal_action_server:/home/jakeluo/Software/ros2_rolling/install/examples_rclpy_minimal_action_client:/home/jakeluo/Software/ros2_rolling/install/examples_rclpy_guard_conditions:/home/jakeluo/Software/ros2_rolling/install/examples_rclpy_executors:/home/jakeluo/Software/ros2_rolling/install/demo_nodes_py:/home/jakeluo/Software/ros2_rolling/install/action_tutorials_py:/home/jakeluo/Software/ros2_rolling/install/ament_uncrustify:/home/jakeluo/Software/ros2_rolling/install/tracetools_trace:/home/jakeluo/Software/ros2_rolling/install/tracetools_read:/home/jakeluo/Software/ros2_rolling/install/test_launch_ros:/home/jakeluo/Software/ros2_rolling/install/sensor_msgs_py:/home/jakeluo/Software/ros2_rolling/install/rpyutils:/home/jakeluo/Software/ros2_rolling/install/rosidl_runtime_py:/home/jakeluo/Software/ros2_rolling/install/rosidl_cli:/home/jakeluo/Software/ros2_rolling/install/launch_yaml:/home/jakeluo/Software/ros2_rolling/install/launch_xml:/home/jakeluo/Software/ros2_rolling/install/launch_testing:/home/jakeluo/Software/ros2_rolling/install/launch:/home/jakeluo/Software/ros2_rolling/install/osrf_pycommon:/home/jakeluo/Software/ros2_rolling/install/domain_coordinator:/home/jakeluo/Software/ros2_rolling/install/ament_xmllint:/home/jakeluo/Software/ros2_rolling/install/ament_pyflakes:/home/jakeluo/Software/ros2_rolling/install/ament_pycodestyle:/home/jakeluo/Software/ros2_rolling/install/ament_pep257:/home/jakeluo/Software/ros2_rolling/install/ament_pclint:/home/jakeluo/Software/ros2_rolling/install/ament_package:/home/jakeluo/Software/ros2_rolling/install/ament_mypy:/home/jakeluo/Software/ros2_rolling/install/ament_lint_cmake:/home/jakeluo/Software/ros2_rolling/install/ament_flake8:/home/jakeluo/Software/ros2_rolling/install/ament_copyright:/home/jakeluo/Software/ros2_rolling/install/ament_lint:/home/jakeluo/Software/ros2_rolling/install/ament_index_python:/home/jakeluo/Software/ros2_rolling/install/ament_cpplint:/home/jakeluo/Software/ros2_rolling/install/ament_cppcheck:/home/jakeluo/Software/ros2_rolling/install/ament_clang_tidy:/home/jakeluo/Software/ros2_rolling/install/ament_clang_format /usr/bin/cmake /home/jakeluo/Documents/MonitoringSystemRos2/src/positioning -DCMAKE_INSTALL_PREFIX=/home/jakeluo/Documents/MonitoringSystemRos2/src/install/positioning
[4.394s] DEBUG:colcon.colcon_core.event_handler.log_command:Invoking command in '/home/jakeluo/Documents/MonitoringSystemRos2/src/build/positioning': CMAKE_PREFIX_PATH=${CMAKE_PREFIX_PATH}:/home/jakeluo/Documents/MonitoringSystemRos2/src/install/humanpose:/home/jakeluo/Software/ros2_rolling/install/rqt_bag_plugins:/home/jakeluo/Software/ros2_rolling/install/rqt_bag:/home/jakeluo/Software/ros2_rolling/install/ros2bag:/home/jakeluo/Software/ros2_rolling/install/tracetools_test:/home/jakeluo/Software/ros2_rolling/install/tracetools_launch:/home/jakeluo/Software/ros2_rolling/install/topic_monitor:/home/jakeluo/Software/ros2_rolling/install/tf2_tools:/home/jakeluo/Software/ros2_rolling/install/examples_tf2_py:/home/jakeluo/Software/ros2_rolling/install/tf2_ros_py:/home/jakeluo/Software/ros2_rolling/install/sros2:/home/jakeluo/Software/ros2_rolling/install/rqt_topic:/home/jakeluo/Software/ros2_rolling/install/rqt_top:/home/jakeluo/Software/ros2_rolling/install/rqt_srv:/home/jakeluo/Software/ros2_rolling/install/rqt_shell:/home/jakeluo/Software/ros2_rolling/install/rqt_service_caller:/home/jakeluo/Software/ros2_rolling/install/rqt_reconfigure:/home/jakeluo/Software/ros2_rolling/install/rqt_py_console:/home/jakeluo/Software/ros2_rolling/install/rqt_publisher:/home/jakeluo/Software/ros2_rolling/install/rqt_plot:/home/jakeluo/Software/ros2_rolling/install/rqt_action:/home/jakeluo/Software/ros2_rolling/install/rqt_msg:/home/jakeluo/Software/ros2_rolling/install/rqt_console:/home/jakeluo/Software/ros2_rolling/install/rqt:/home/jakeluo/Software/ros2_rolling/install/rqt_graph:/home/jakeluo/Software/ros2_rolling/install/rqt_gui_py:/home/jakeluo/Software/ros2_rolling/install/rqt_gui:/home/jakeluo/Software/ros2_rolling/install/ros2trace:/home/jakeluo/Software/ros2_rolling/install/ros2topic:/home/jakeluo/Software/ros2_rolling/install/ros2test:/home/jakeluo/Software/ros2_rolling/install/ros2component:/home/jakeluo/Software/ros2_rolling/install/ros2param:/home/jakeluo/Software/ros2_rolling/install/ros2lifecycle:/home/jakeluo/Software/ros2_rolling/install/ros2service:/home/jakeluo/Software/ros2_rolling/install/ros2run:/home/jakeluo/Software/ros2_rolling/install/ros2launch:/home/jakeluo/Software/ros2_rolling/install/ros2pkg:/home/jakeluo/Software/ros2_rolling/install/ros2node:/home/jakeluo/Software/ros2_rolling/install/ros2multicast:/home/jakeluo/Software/ros2_rolling/install/ros2interface:/home/jakeluo/Software/ros2_rolling/install/ros2doctor:/home/jakeluo/Software/ros2_rolling/install/ros2action:/home/jakeluo/Software/ros2_rolling/install/ros2cli:/home/jakeluo/Software/ros2_rolling/install/quality_of_service_demo_py:/home/jakeluo/Software/ros2_rolling/install/launch_testing_ros:/home/jakeluo/Software/ros2_rolling/install/launch_ros:/home/jakeluo/Software/ros2_rolling/install/examples_rclpy_pointcloud_publisher:/home/jakeluo/Software/ros2_rolling/install/examples_rclpy_minimal_subscriber:/home/jakeluo/Software/ros2_rolling/install/examples_rclpy_minimal_service:/home/jakeluo/Software/ros2_rolling/install/examples_rclpy_minimal_publisher:/home/jakeluo/Software/ros2_rolling/install/examples_rclpy_minimal_client:/home/jakeluo/Software/ros2_rolling/install/examples_rclpy_minimal_action_server:/home/jakeluo/Software/ros2_rolling/install/examples_rclpy_minimal_action_client:/home/jakeluo/Software/ros2_rolling/install/examples_rclpy_guard_conditions:/home/jakeluo/Software/ros2_rolling/install/examples_rclpy_executors:/home/jakeluo/Software/ros2_rolling/install/demo_nodes_py:/home/jakeluo/Software/ros2_rolling/install/action_tutorials_py:/home/jakeluo/Software/ros2_rolling/install/ament_uncrustify:/home/jakeluo/Software/ros2_rolling/install/tracetools_trace:/home/jakeluo/Software/ros2_rolling/install/tracetools_read:/home/jakeluo/Software/ros2_rolling/install/test_launch_ros:/home/jakeluo/Software/ros2_rolling/install/sensor_msgs_py:/home/jakeluo/Software/ros2_rolling/install/rpyutils:/home/jakeluo/Software/ros2_rolling/install/rosidl_runtime_py:/home/jakeluo/Software/ros2_rolling/install/rosidl_cli:/home/jakeluo/Software/ros2_rolling/install/launch_yaml:/home/jakeluo/Software/ros2_rolling/install/launch_xml:/home/jakeluo/Software/ros2_rolling/install/launch_testing:/home/jakeluo/Software/ros2_rolling/install/launch:/home/jakeluo/Software/ros2_rolling/install/osrf_pycommon:/home/jakeluo/Software/ros2_rolling/install/domain_coordinator:/home/jakeluo/Software/ros2_rolling/install/ament_xmllint:/home/jakeluo/Software/ros2_rolling/install/ament_pyflakes:/home/jakeluo/Software/ros2_rolling/install/ament_pycodestyle:/home/jakeluo/Software/ros2_rolling/install/ament_pep257:/home/jakeluo/Software/ros2_rolling/install/ament_pclint:/home/jakeluo/Software/ros2_rolling/install/ament_package:/home/jakeluo/Software/ros2_rolling/install/ament_mypy:/home/jakeluo/Software/ros2_rolling/install/ament_lint_cmake:/home/jakeluo/Software/ros2_rolling/install/ament_flake8:/home/jakeluo/Software/ros2_rolling/install/ament_copyright:/home/jakeluo/Software/ros2_rolling/install/ament_lint:/home/jakeluo/Software/ros2_rolling/install/ament_index_python:/home/jakeluo/Software/ros2_rolling/install/ament_cpplint:/home/jakeluo/Software/ros2_rolling/install/ament_cppcheck:/home/jakeluo/Software/ros2_rolling/install/ament_clang_tidy:/home/jakeluo/Software/ros2_rolling/install/ament_clang_format /usr/bin/cmake --build /home/jakeluo/Documents/MonitoringSystemRos2/src/build/positioning -- -j12 -l12
[4.529s] DEBUG:colcon.colcon_core.event_handler.log_command:Invoked command in '/home/jakeluo/Documents/MonitoringSystemRos2/src/build/positioning' returned '2': CMAKE_PREFIX_PATH=${CMAKE_PREFIX_PATH}:/home/jakeluo/Documents/MonitoringSystemRos2/src/install/humanpose:/home/jakeluo/Software/ros2_rolling/install/rqt_bag_plugins:/home/jakeluo/Software/ros2_rolling/install/rqt_bag:/home/jakeluo/Software/ros2_rolling/install/ros2bag:/home/jakeluo/Software/ros2_rolling/install/tracetools_test:/home/jakeluo/Software/ros2_rolling/install/tracetools_launch:/home/jakeluo/Software/ros2_rolling/install/topic_monitor:/home/jakeluo/Software/ros2_rolling/install/tf2_tools:/home/jakeluo/Software/ros2_rolling/install/examples_tf2_py:/home/jakeluo/Software/ros2_rolling/install/tf2_ros_py:/home/jakeluo/Software/ros2_rolling/install/sros2:/home/jakeluo/Software/ros2_rolling/install/rqt_topic:/home/jakeluo/Software/ros2_rolling/install/rqt_top:/home/jakeluo/Software/ros2_rolling/install/rqt_srv:/home/jakeluo/Software/ros2_rolling/install/rqt_shell:/home/jakeluo/Software/ros2_rolling/install/rqt_service_caller:/home/jakeluo/Software/ros2_rolling/install/rqt_reconfigure:/home/jakeluo/Software/ros2_rolling/install/rqt_py_console:/home/jakeluo/Software/ros2_rolling/install/rqt_publisher:/home/jakeluo/Software/ros2_rolling/install/rqt_plot:/home/jakeluo/Software/ros2_rolling/install/rqt_action:/home/jakeluo/Software/ros2_rolling/install/rqt_msg:/home/jakeluo/Software/ros2_rolling/install/rqt_console:/home/jakeluo/Software/ros2_rolling/install/rqt:/home/jakeluo/Software/ros2_rolling/install/rqt_graph:/home/jakeluo/Software/ros2_rolling/install/rqt_gui_py:/home/jakeluo/Software/ros2_rolling/install/rqt_gui:/home/jakeluo/Software/ros2_rolling/install/ros2trace:/home/jakeluo/Software/ros2_rolling/install/ros2topic:/home/jakeluo/Software/ros2_rolling/install/ros2test:/home/jakeluo/Software/ros2_rolling/install/ros2component:/home/jakeluo/Software/ros2_rolling/install/ros2param:/home/jakeluo/Software/ros2_rolling/install/ros2lifecycle:/home/jakeluo/Software/ros2_rolling/install/ros2service:/home/jakeluo/Software/ros2_rolling/install/ros2run:/home/jakeluo/Software/ros2_rolling/install/ros2launch:/home/jakeluo/Software/ros2_rolling/install/ros2pkg:/home/jakeluo/Software/ros2_rolling/install/ros2node:/home/jakeluo/Software/ros2_rolling/install/ros2multicast:/home/jakeluo/Software/ros2_rolling/install/ros2interface:/home/jakeluo/Software/ros2_rolling/install/ros2doctor:/home/jakeluo/Software/ros2_rolling/install/ros2action:/home/jakeluo/Software/ros2_rolling/install/ros2cli:/home/jakeluo/Software/ros2_rolling/install/quality_of_service_demo_py:/home/jakeluo/Software/ros2_rolling/install/launch_testing_ros:/home/jakeluo/Software/ros2_rolling/install/launch_ros:/home/jakeluo/Software/ros2_rolling/install/examples_rclpy_pointcloud_publisher:/home/jakeluo/Software/ros2_rolling/install/examples_rclpy_minimal_subscriber:/home/jakeluo/Software/ros2_rolling/install/examples_rclpy_minimal_service:/home/jakeluo/Software/ros2_rolling/install/examples_rclpy_minimal_publisher:/home/jakeluo/Software/ros2_rolling/install/examples_rclpy_minimal_client:/home/jakeluo/Software/ros2_rolling/install/examples_rclpy_minimal_action_server:/home/jakeluo/Software/ros2_rolling/install/examples_rclpy_minimal_action_client:/home/jakeluo/Software/ros2_rolling/install/examples_rclpy_guard_conditions:/home/jakeluo/Software/ros2_rolling/install/examples_rclpy_executors:/home/jakeluo/Software/ros2_rolling/install/demo_nodes_py:/home/jakeluo/Software/ros2_rolling/install/action_tutorials_py:/home/jakeluo/Software/ros2_rolling/install/ament_uncrustify:/home/jakeluo/Software/ros2_rolling/install/tracetools_trace:/home/jakeluo/Software/ros2_rolling/install/tracetools_read:/home/jakeluo/Software/ros2_rolling/install/test_launch_ros:/home/jakeluo/Software/ros2_rolling/install/sensor_msgs_py:/home/jakeluo/Software/ros2_rolling/install/rpyutils:/home/jakeluo/Software/ros2_rolling/install/rosidl_runtime_py:/home/jakeluo/Software/ros2_rolling/install/rosidl_cli:/home/jakeluo/Software/ros2_rolling/install/launch_yaml:/home/jakeluo/Software/ros2_rolling/install/launch_xml:/home/jakeluo/Software/ros2_rolling/install/launch_testing:/home/jakeluo/Software/ros2_rolling/install/launch:/home/jakeluo/Software/ros2_rolling/install/osrf_pycommon:/home/jakeluo/Software/ros2_rolling/install/domain_coordinator:/home/jakeluo/Software/ros2_rolling/install/ament_xmllint:/home/jakeluo/Software/ros2_rolling/install/ament_pyflakes:/home/jakeluo/Software/ros2_rolling/install/ament_pycodestyle:/home/jakeluo/Software/ros2_rolling/install/ament_pep257:/home/jakeluo/Software/ros2_rolling/install/ament_pclint:/home/jakeluo/Software/ros2_rolling/install/ament_package:/home/jakeluo/Software/ros2_rolling/install/ament_mypy:/home/jakeluo/Software/ros2_rolling/install/ament_lint_cmake:/home/jakeluo/Software/ros2_rolling/install/ament_flake8:/home/jakeluo/Software/ros2_rolling/install/ament_copyright:/home/jakeluo/Software/ros2_rolling/install/ament_lint:/home/jakeluo/Software/ros2_rolling/install/ament_index_python:/home/jakeluo/Software/ros2_rolling/install/ament_cpplint:/home/jakeluo/Software/ros2_rolling/install/ament_cppcheck:/home/jakeluo/Software/ros2_rolling/install/ament_clang_tidy:/home/jakeluo/Software/ros2_rolling/install/ament_clang_format /usr/bin/cmake --build /home/jakeluo/Documents/MonitoringSystemRos2/src/build/positioning -- -j12 -l12
[4.591s] Level 1:colcon.colcon_core.environment:create_environment_scripts_only(positioning)
[4.600s] Level 1:colcon.colcon_core.environment:checking '/home/jakeluo/Documents/MonitoringSystemRos2/src/install/positioning' for CMake module files
[4.600s] Level 1:colcon.colcon_core.environment:checking '/home/jakeluo/Documents/MonitoringSystemRos2/src/install/positioning' for CMake config files
[4.600s] Level 1:colcon.colcon_core.environment:checking '/home/jakeluo/Documents/MonitoringSystemRos2/src/install/positioning/bin'
[4.600s] Level 1:colcon.colcon_core.environment:checking '/home/jakeluo/Documents/MonitoringSystemRos2/src/install/positioning/lib/pkgconfig/positioning.pc'
[4.600s] Level 1:colcon.colcon_core.environment:checking '/home/jakeluo/Documents/MonitoringSystemRos2/src/install/positioning/lib/python3.8/site-packages'
[4.601s] INFO:colcon.colcon_core.shell:Creating package script '/home/jakeluo/Documents/MonitoringSystemRos2/src/install/positioning/share/positioning/package.ps1'
[4.602s] INFO:colcon.colcon_core.shell:Creating package descriptor '/home/jakeluo/Documents/MonitoringSystemRos2/src/install/positioning/share/positioning/package.dsv'
[4.603s] INFO:colcon.colcon_core.shell:Creating package script '/home/jakeluo/Documents/MonitoringSystemRos2/src/install/positioning/share/positioning/package.sh'
[4.603s] INFO:colcon.colcon_core.shell:Creating package script '/home/jakeluo/Documents/MonitoringSystemRos2/src/install/positioning/share/positioning/package.bash'
[4.604s] INFO:colcon.colcon_core.shell:Creating package script '/home/jakeluo/Documents/MonitoringSystemRos2/src/install/positioning/share/positioning/package.zsh'
[4.605s] Level 1:colcon.colcon_core.environment:create_file_with_runtime_dependencies(/home/jakeluo/Documents/MonitoringSystemRos2/src/install/positioning/share/colcon-core/packages/positioning)
[4.915s] DEBUG:colcon.colcon_parallel_executor.executor.parallel:closing loop
[4.915s] DEBUG:colcon.colcon_parallel_executor.executor.parallel:loop closed
[4.915s] DEBUG:colcon.colcon_parallel_executor.executor.parallel:run_until_complete finished with '2'
[4.915s] DEBUG:colcon.colcon_core.event_reactor:joining thread
[4.926s] INFO:colcon.colcon_core.plugin_system:Skipping extension 'colcon_notification.desktop_notification.terminal_notifier': Not used on non-Darwin systems
[4.926s] INFO:colcon.colcon_core.plugin_system:Skipping extension 'colcon_notification.desktop_notification.win32': Not used on non-Windows systems
[4.926s] INFO:colcon.colcon_notification.desktop_notification:Sending desktop notification using 'notify2'
[4.939s] DEBUG:colcon.colcon_core.event_reactor:joined thread
[4.940s] INFO:colcon.colcon_core.shell:Creating prefix script '/home/jakeluo/Documents/MonitoringSystemRos2/src/install/local_setup.ps1'
[4.941s] INFO:colcon.colcon_core.shell:Creating prefix util module '/home/jakeluo/Documents/MonitoringSystemRos2/src/install/_local_setup_util_ps1.py'
[4.942s] INFO:colcon.colcon_core.shell:Creating prefix chain script '/home/jakeluo/Documents/MonitoringSystemRos2/src/install/setup.ps1'
[4.954s] INFO:colcon.colcon_core.shell:Creating prefix script '/home/jakeluo/Documents/MonitoringSystemRos2/src/install/local_setup.sh'
[4.954s] INFO:colcon.colcon_core.shell:Creating prefix util module '/home/jakeluo/Documents/MonitoringSystemRos2/src/install/_local_setup_util_sh.py'
[4.955s] INFO:colcon.colcon_core.shell:Creating prefix chain script '/home/jakeluo/Documents/MonitoringSystemRos2/src/install/setup.sh'
[4.967s] INFO:colcon.colcon_core.shell:Creating prefix script '/home/jakeluo/Documents/MonitoringSystemRos2/src/install/local_setup.bash'
[4.967s] INFO:colcon.colcon_core.shell:Creating prefix chain script '/home/jakeluo/Documents/MonitoringSystemRos2/src/install/setup.bash'
[4.979s] INFO:colcon.colcon_core.shell:Creating prefix script '/home/jakeluo/Documents/MonitoringSystemRos2/src/install/local_setup.zsh'
[4.980s] INFO:colcon.colcon_core.shell:Creating prefix chain script '/home/jakeluo/Documents/MonitoringSystemRos2/src/install/setup.zsh'
