[35m[1mScanning dependencies of target datamanager[0m
[ 50%] Built target send
[ 50%] Built target recv
[ 75%] Built target drone
[ 87%] [32mBuilding CXX object CMakeFiles/datamanager.dir/src/dataManager.cpp.o[0m
In file included from [01m[K/usr/include/c++/9/pstl/glue_algorithm_defs.h:13[m[K,
                 from [01m[K/usr/include/c++/9/algorithm:71[m[K,
                 from [01m[K/home/jakeluo/Software/ros2_rolling/install/rclcpp/include/rclcpp/executor.hpp:18[m[K,
                 from [01m[K/home/jakeluo/Software/ros2_rolling/install/rclcpp/include/rclcpp/executors/multi_threaded_executor.hpp:25[m[K,
                 from [01m[K/home/jakeluo/Software/ros2_rolling/install/rclcpp/include/rclcpp/executors.hpp:21[m[K,
                 from [01m[K/home/jakeluo/Software/ros2_rolling/install/rclcpp/include/rclcpp/rclcpp.hpp:155[m[K,
                 from [01m[K/home/jakeluo/Documents/MonitoringSystemRos2/src/droneutility/include/dataManager.hpp:1[m[K,
                 from [01m[K/home/jakeluo/Documents/MonitoringSystemRos2/src/droneutility/src/dataManager.cpp:1[m[K:
/usr/include/c++/9/functional: In instantiation of ‘[01m[Kstruct std::_Bind_check_arity<void (droneManager::DroneManager::*)(std::shared_ptr<droneinterfaces::srv::DroneRegister_Request_<std::allocator<void> > >, std::shared_ptr<droneinterfaces::srv::DroneRegister_Response_<std::allocator<void> > >), droneManager::DroneManager*>[m[K’:
[01m[K/usr/include/c++/9/functional:787:12:[m[K   required from ‘[01m[Kstruct std::_Bind_helper<false, void (droneManager::DroneManager::*)(std::shared_ptr<droneinterfaces::srv::DroneRegister_Request_<std::allocator<void> > >, std::shared_ptr<droneinterfaces::srv::DroneRegister_Response_<std::allocator<void> > >), droneManager::DroneManager*>[m[K’
[01m[K/usr/include/c++/9/functional:808:5:[m[K   required by substitution of ‘[01m[Ktemplate<class _Func, class ... _BoundArgs> typename std::_Bind_helper<std::__is_socketlike<_Func>::value, _Func, _BoundArgs ...>::type std::bind(_Func&&, _BoundArgs&& ...) [with _Func = void (droneManager::DroneManager::*)(std::shared_ptr<droneinterfaces::srv::DroneRegister_Request_<std::allocator<void> > >, std::shared_ptr<droneinterfaces::srv::DroneRegister_Response_<std::allocator<void> > >); _BoundArgs = {droneManager::DroneManager*}][m[K’
[01m[K/home/jakeluo/Documents/MonitoringSystemRos2/src/droneutility/src/dataManager.cpp:10:53:[m[K   required from here
[01m[K/usr/include/c++/9/functional:775:7:[m[K [01;31m[Kerror: [m[Kstatic assertion failed: Wrong number of arguments for pointer-to-member
  774 |       static_assert(_Varargs::[01;31m[Kvalue[m[K
      |                               [01;31m[K~~~~~[m[K
  775 | [01;31m[K      ? sizeof...(_BoundArgs) >= _Arity::value + 1[m[K
      |       [01;31m[K^~~~~~~~~~~~~~~~~~~~~~~~~~~~~~~~~~~~~~~~~~~~[m[K
  776 | [01;31m[K      : sizeof...(_BoundArgs) == _Arity::value + 1[m[K,
      |       [01;31m[K~~~~~~~~~~~~~~~~~~~~~~~~~~~~~~~~~~~~~~~~~~~~[m[K
In file included from [01m[K/home/jakeluo/Software/ros2_rolling/install/rclcpp/include/rclcpp/service.hpp:28[m[K,
                 from [01m[K/home/jakeluo/Software/ros2_rolling/install/rclcpp/include/rclcpp/callback_group.hpp:25[m[K,
                 from [01m[K/home/jakeluo/Software/ros2_rolling/install/rclcpp/include/rclcpp/any_executable.hpp:20[m[K,
                 from [01m[K/home/jakeluo/Software/ros2_rolling/install/rclcpp/include/rclcpp/memory_strategy.hpp:25[m[K,
                 from [01m[K/home/jakeluo/Software/ros2_rolling/install/rclcpp/include/rclcpp/memory_strategies.hpp:18[m[K,
                 from [01m[K/home/jakeluo/Software/ros2_rolling/install/rclcpp/include/rclcpp/executor_options.hpp:20[m[K,
                 from [01m[K/home/jakeluo/Software/ros2_rolling/install/rclcpp/include/rclcpp/executor.hpp:37[m[K,
                 from [01m[K/home/jakeluo/Software/ros2_rolling/install/rclcpp/include/rclcpp/executors/multi_threaded_executor.hpp:25[m[K,
                 from [01m[K/home/jakeluo/Software/ros2_rolling/install/rclcpp/include/rclcpp/executors.hpp:21[m[K,
                 from [01m[K/home/jakeluo/Software/ros2_rolling/install/rclcpp/include/rclcpp/rclcpp.hpp:155[m[K,
                 from [01m[K/home/jakeluo/Documents/MonitoringSystemRos2/src/droneutility/include/dataManager.hpp:1[m[K,
                 from [01m[K/home/jakeluo/Documents/MonitoringSystemRos2/src/droneutility/src/dataManager.cpp:1[m[K:
/home/jakeluo/Software/ros2_rolling/install/rclcpp/include/rclcpp/any_service_callback.hpp: In instantiation of ‘[01m[Kvoid rclcpp::AnyServiceCallback<ServiceT>::set(CallbackT&&) [with CallbackT = std::_Bind<void (droneManager::DroneManager::*(droneManager::DroneManager*))(std::shared_ptr<droneinterfaces::srv::DroneRegister_Request_<std::allocator<void> > >, std::shared_ptr<droneinterfaces::srv::DroneRegister_Response_<std::allocator<void> > >)>; typename std::enable_if<(! rclcpp::detail::can_be_nullptr<CallbackT>::value), int>::type <anonymous> = 0; ServiceT = droneinterfaces::srv::DroneRegister][m[K’:
[01m[K/home/jakeluo/Software/ros2_rolling/install/rclcpp/include/rclcpp/create_service.hpp:43:3:[m[K   required from ‘[01m[Ktypename rclcpp::Service<ServiceT>::SharedPtr rclcpp::create_service(std::shared_ptr<rclcpp::node_interfaces::NodeBaseInterface>, std::shared_ptr<rclcpp::node_interfaces::NodeServicesInterface>, const string&, CallbackT&&, const rmw_qos_profile_t&, rclcpp::CallbackGroup::SharedPtr) [with ServiceT = droneinterfaces::srv::DroneRegister; CallbackT = std::_Bind<void (droneManager::DroneManager::*(droneManager::DroneManager*))(std::shared_ptr<droneinterfaces::srv::DroneRegister_Request_<std::allocator<void> > >, std::shared_ptr<droneinterfaces::srv::DroneRegister_Response_<std::allocator<void> > >)>; typename rclcpp::Service<ServiceT>::SharedPtr = std::shared_ptr<rclcpp::Service<droneinterfaces::srv::DroneRegister> >; std::string = std::__cxx11::basic_string<char>; rmw_qos_profile_t = rmw_qos_profile_s; rclcpp::CallbackGroup::SharedPtr = std::shared_ptr<rclcpp::CallbackGroup>][m[K’
[01m[K/home/jakeluo/Software/ros2_rolling/install/rclcpp/include/rclcpp/node_impl.hpp:147:53:[m[K   required from ‘[01m[Ktypename rclcpp::Service<ServiceT>::SharedPtr rclcpp::Node::create_service(const string&, CallbackT&&, const rmw_qos_profile_t&, rclcpp::CallbackGroup::SharedPtr) [with ServiceT = droneinterfaces::srv::DroneRegister; CallbackT = std::_Bind<void (droneManager::DroneManager::*(droneManager::DroneManager*))(std::shared_ptr<droneinterfaces::srv::DroneRegister_Request_<std::allocator<void> > >, std::shared_ptr<droneinterfaces::srv::DroneRegister_Response_<std::allocator<void> > >)>; typename rclcpp::Service<ServiceT>::SharedPtr = std::shared_ptr<rclcpp::Service<droneinterfaces::srv::DroneRegister> >; std::string = std::__cxx11::basic_string<char>; rmw_qos_profile_t = rmw_qos_profile_s; rclcpp::CallbackGroup::SharedPtr = std::shared_ptr<rclcpp::CallbackGroup>][m[K’
[01m[K/home/jakeluo/Documents/MonitoringSystemRos2/src/droneutility/src/dataManager.cpp:10:54:[m[K   required from here
[01m[K/home/jakeluo/Software/ros2_rolling/install/rclcpp/include/rclcpp/any_service_callback.hpp:78:7:[m[K [01;31m[Kerror: [m[Kno matching function for call to ‘[01m[Kstd::variant<std::monostate, std::function<void(std::shared_ptr<droneinterfaces::srv::DroneRegister_Request_<std::allocator<void> > >, std::shared_ptr<droneinterfaces::srv::DroneRegister_Response_<std::allocator<void> > >)>, std::function<void(std::shared_ptr<rmw_request_id_s>, std::shared_ptr<droneinterfaces::srv::DroneRegister_Request_<std::allocator<void> > >, std::shared_ptr<droneinterfaces::srv::DroneRegister_Response_<std::allocator<void> > >)>, std::function<void(std::shared_ptr<rmw_request_id_s>, std::shared_ptr<droneinterfaces::srv::DroneRegister_Request_<std::allocator<void> > >)>, std::function<void(std::shared_ptr<rclcpp::Service<droneinterfaces::srv::DroneRegister> >, std::shared_ptr<rmw_request_id_s>, std::shared_ptr<droneinterfaces::srv::DroneRegister_Request_<std::allocator<void> > >)> >::emplace<rclcpp::AnyServiceCallback<droneinterfaces::srv::DroneRegister>::SharedPtrCallback>(std::_Bind<void (droneManager::DroneManager::*(droneManager::DroneManager*))(std::shared_ptr<droneinterfaces::srv::DroneRegister_Request_<std::allocator<void> > >, std::shared_ptr<droneinterfaces::srv::DroneRegister_Response_<std::allocator<void> > >)>&)[m[K’
   78 |       [01;31m[Kcallback_[m[K.template emplace<SharedPtrCallback>(callback);
      |       [01;31m[K^~~~~~~~~[m[K
In file included from [01m[K/home/jakeluo/Software/ros2_rolling/install/rclcpp/include/rclcpp/client.hpp:27[m[K,
                 from [01m[K/home/jakeluo/Software/ros2_rolling/install/rclcpp/include/rclcpp/callback_group.hpp:23[m[K,
                 from [01m[K/home/jakeluo/Software/ros2_rolling/install/rclcpp/include/rclcpp/any_executable.hpp:20[m[K,
                 from [01m[K/home/jakeluo/Software/ros2_rolling/install/rclcpp/include/rclcpp/memory_strategy.hpp:25[m[K,
                 from [01m[K/home/jakeluo/Software/ros2_rolling/install/rclcpp/include/rclcpp/memory_strategies.hpp:18[m[K,
                 from [01m[K/home/jakeluo/Software/ros2_rolling/install/rclcpp/include/rclcpp/executor_options.hpp:20[m[K,
                 from [01m[K/home/jakeluo/Software/ros2_rolling/install/rclcpp/include/rclcpp/executor.hpp:37[m[K,
                 from [01m[K/home/jakeluo/Software/ros2_rolling/install/rclcpp/include/rclcpp/executors/multi_threaded_executor.hpp:25[m[K,
                 from [01m[K/home/jakeluo/Software/ros2_rolling/install/rclcpp/include/rclcpp/executors.hpp:21[m[K,
                 from [01m[K/home/jakeluo/Software/ros2_rolling/install/rclcpp/include/rclcpp/rclcpp.hpp:155[m[K,
                 from [01m[K/home/jakeluo/Documents/MonitoringSystemRos2/src/droneutility/include/dataManager.hpp:1[m[K,
                 from [01m[K/home/jakeluo/Documents/MonitoringSystemRos2/src/droneutility/src/dataManager.cpp:1[m[K:
[01m[K/usr/include/c++/9/variant:1376:2:[m[K [01;36m[Knote: [m[Kcandidate: ‘[01m[Ktemplate<class _Tp, class ... _Args> std::enable_if_t<(is_constructible_v<_Tp, _Args ...> && __exactly_once<_Tp>), _Tp&> std::variant<_Types>::emplace(_Args&& ...) [with _Tp = _Tp; _Args = {_Args ...}; _Types = {std::monostate, std::function<void(std::shared_ptr<droneinterfaces::srv::DroneRegister_Request_<std::allocator<void> > >, std::shared_ptr<droneinterfaces::srv::DroneRegister_Response_<std::allocator<void> > >)>, std::function<void(std::shared_ptr<rmw_request_id_s>, std::shared_ptr<droneinterfaces::srv::DroneRegister_Request_<std::allocator<void> > >, std::shared_ptr<droneinterfaces::srv::DroneRegister_Response_<std::allocator<void> > >)>, std::function<void(std::shared_ptr<rmw_request_id_s>, std::shared_ptr<droneinterfaces::srv::DroneRegister_Request_<std::allocator<void> > >)>, std::function<void(std::shared_ptr<rclcpp::Service<droneinterfaces::srv::DroneRegister> >, std::shared_ptr<rmw_request_id_s>, std::shared_ptr<droneinterfaces::srv::DroneRegister_Request_<std::allocator<void> > >)>}][m[K’
 1376 |  [01;36m[Kemplace[m[K(_Args&&... __args)
      |  [01;36m[K^~~~~~~[m[K
[01m[K/usr/include/c++/9/variant:1376:2:[m[K [01;36m[Knote: [m[K  template argument deduction/substitution failed:
In file included from [01m[K/usr/include/c++/9/bits/move.h:55[m[K,
                 from [01m[K/usr/include/c++/9/bits/stl_pair.h:59[m[K,
                 from [01m[K/usr/include/c++/9/bits/stl_algobase.h:64[m[K,
                 from [01m[K/usr/include/c++/9/memory:62[m[K,
                 from [01m[K/home/jakeluo/Software/ros2_rolling/install/rclcpp/include/rclcpp/rclcpp.hpp:153[m[K,
                 from [01m[K/home/jakeluo/Documents/MonitoringSystemRos2/src/droneutility/include/dataManager.hpp:1[m[K,
                 from [01m[K/home/jakeluo/Documents/MonitoringSystemRos2/src/droneutility/src/dataManager.cpp:1[m[K:
/usr/include/c++/9/type_traits: In substitution of ‘[01m[Ktemplate<bool _Cond, class _Tp> using enable_if_t = typename std::enable_if::type [with bool _Cond = (((bool)std::is_constructible_v<std::function<void(std::shared_ptr<droneinterfaces::srv::DroneRegister_Request_<std::allocator<void> > >, std::shared_ptr<droneinterfaces::srv::DroneRegister_Response_<std::allocator<void> > >)>, std::_Bind<void (droneManager::DroneManager::*(droneManager::DroneManager*))(std::shared_ptr<droneinterfaces::srv::DroneRegister_Request_<std::allocator<void> > >, std::shared_ptr<droneinterfaces::srv::DroneRegister_Response_<std::allocator<void> > >)>&>) && ((bool)std::variant<std::monostate, std::function<void(std::shared_ptr<droneinterfaces::srv::DroneRegister_Request_<std::allocator<void> > >, std::shared_ptr<droneinterfaces::srv::DroneRegister_Response_<std::allocator<void> > >)>, std::function<void(std::shared_ptr<rmw_request_id_s>, std::shared_ptr<droneinterfaces::srv::DroneRegister_Request_<std::allocator<void> > >, std::shared_ptr<droneinterfaces::srv::DroneRegister_Response_<std::allocator<void> > >)>, std::function<void(std::shared_ptr<rmw_request_id_s>, std::shared_ptr<droneinterfaces::srv::DroneRegister_Request_<std::allocator<void> > >)>, std::function<void(std::shared_ptr<rclcpp::Service<droneinterfaces::srv::DroneRegister> >, std::shared_ptr<rmw_request_id_s>, std::shared_ptr<droneinterfaces::srv::DroneRegister_Request_<std::allocator<void> > >)> >::__exactly_once<std::function<void(std::shared_ptr<droneinterfaces::srv::DroneRegister_Request_<std::allocator<void> > >, std::shared_ptr<droneinterfaces::srv::DroneRegister_Response_<std::allocator<void> > >)> >)); _Tp = std::function<void(std::shared_ptr<droneinterfaces::srv::DroneRegister_Request_<std::allocator<void> > >, std::shared_ptr<droneinterfaces::srv::DroneRegister_Response_<std::allocator<void> > >)>&][m[K’:
[01m[K/usr/include/c++/9/variant:1376:2:[m[K   required by substitution of ‘[01m[Ktemplate<class _Tp, class ... _Args> std::enable_if_t<(is_constructible_v<_Tp, _Args ...> && __exactly_once<_Tp>), _Tp&> std::variant<std::monostate, std::function<void(std::shared_ptr<droneinterfaces::srv::DroneRegister_Request_<std::allocator<void> > >, std::shared_ptr<droneinterfaces::srv::DroneRegister_Response_<std::allocator<void> > >)>, std::function<void(std::shared_ptr<rmw_request_id_s>, std::shared_ptr<droneinterfaces::srv::DroneRegister_Request_<std::allocator<void> > >, std::shared_ptr<droneinterfaces::srv::DroneRegister_Response_<std::allocator<void> > >)>, std::function<void(std::shared_ptr<rmw_request_id_s>, std::shared_ptr<droneinterfaces::srv::DroneRegister_Request_<std::allocator<void> > >)>, std::function<void(std::shared_ptr<rclcpp::Service<droneinterfaces::srv::DroneRegister> >, std::shared_ptr<rmw_request_id_s>, std::shared_ptr<droneinterfaces::srv::DroneRegister_Request_<std::allocator<void> > >)> >::emplace<_Tp, _Args ...>(_Args&& ...) [with _Tp = std::function<void(std::shared_ptr<droneinterfaces::srv::DroneRegister_Request_<std::allocator<void> > >, std::shared_ptr<droneinterfaces::srv::DroneRegister_Response_<std::allocator<void> > >)>; _Args = {std::_Bind<void (droneManager::DroneManager::*(droneManager::DroneManager*))(std::shared_ptr<droneinterfaces::srv::DroneRegister_Request_<std::allocator<void> > >, std::shared_ptr<droneinterfaces::srv::DroneRegister_Response_<std::allocator<void> > >)>&}][m[K’
[01m[K/home/jakeluo/Software/ros2_rolling/install/rclcpp/include/rclcpp/any_service_callback.hpp:78:7:[m[K   required from ‘[01m[Kvoid rclcpp::AnyServiceCallback<ServiceT>::set(CallbackT&&) [with CallbackT = std::_Bind<void (droneManager::DroneManager::*(droneManager::DroneManager*))(std::shared_ptr<droneinterfaces::srv::DroneRegister_Request_<std::allocator<void> > >, std::shared_ptr<droneinterfaces::srv::DroneRegister_Response_<std::allocator<void> > >)>; typename std::enable_if<(! rclcpp::detail::can_be_nullptr<CallbackT>::value), int>::type <anonymous> = 0; ServiceT = droneinterfaces::srv::DroneRegister][m[K’
[01m[K/home/jakeluo/Software/ros2_rolling/install/rclcpp/include/rclcpp/create_service.hpp:43:3:[m[K   required from ‘[01m[Ktypename rclcpp::Service<ServiceT>::SharedPtr rclcpp::create_service(std::shared_ptr<rclcpp::node_interfaces::NodeBaseInterface>, std::shared_ptr<rclcpp::node_interfaces::NodeServicesInterface>, const string&, CallbackT&&, const rmw_qos_profile_t&, rclcpp::CallbackGroup::SharedPtr) [with ServiceT = droneinterfaces::srv::DroneRegister; CallbackT = std::_Bind<void (droneManager::DroneManager::*(droneManager::DroneManager*))(std::shared_ptr<droneinterfaces::srv::DroneRegister_Request_<std::allocator<void> > >, std::shared_ptr<droneinterfaces::srv::DroneRegister_Response_<std::allocator<void> > >)>; typename rclcpp::Service<ServiceT>::SharedPtr = std::shared_ptr<rclcpp::Service<droneinterfaces::srv::DroneRegister> >; std::string = std::__cxx11::basic_string<char>; rmw_qos_profile_t = rmw_qos_profile_s; rclcpp::CallbackGroup::SharedPtr = std::shared_ptr<rclcpp::CallbackGroup>][m[K’
[01m[K/home/jakeluo/Software/ros2_rolling/install/rclcpp/include/rclcpp/node_impl.hpp:147:53:[m[K   required from ‘[01m[Ktypename rclcpp::Service<ServiceT>::SharedPtr rclcpp::Node::create_service(const string&, CallbackT&&, const rmw_qos_profile_t&, rclcpp::CallbackGroup::SharedPtr) [with ServiceT = droneinterfaces::srv::DroneRegister; CallbackT = std::_Bind<void (droneManager::DroneManager::*(droneManager::DroneManager*))(std::shared_ptr<droneinterfaces::srv::DroneRegister_Request_<std::allocator<void> > >, std::shared_ptr<droneinterfaces::srv::DroneRegister_Response_<std::allocator<void> > >)>; typename rclcpp::Service<ServiceT>::SharedPtr = std::shared_ptr<rclcpp::Service<droneinterfaces::srv::DroneRegister> >; std::string = std::__cxx11::basic_string<char>; rmw_qos_profile_t = rmw_qos_profile_s; rclcpp::CallbackGroup::SharedPtr = std::shared_ptr<rclcpp::CallbackGroup>][m[K’
[01m[K/home/jakeluo/Documents/MonitoringSystemRos2/src/droneutility/src/dataManager.cpp:10:54:[m[K   required from here
[01m[K/usr/include/c++/9/type_traits:2385:11:[m[K [01;31m[Kerror: [m[Kno type named ‘[01m[Ktype[m[K’ in ‘[01m[Kstruct std::enable_if<false, std::function<void(std::shared_ptr<droneinterfaces::srv::DroneRegister_Request_<std::allocator<void> > >, std::shared_ptr<droneinterfaces::srv::DroneRegister_Response_<std::allocator<void> > >)>&>[m[K’
 2385 |     using [01;31m[Kenable_if_t[m[K = typename enable_if<_Cond, _Tp>::type;
      |           [01;31m[K^~~~~~~~~~~[m[K
In file included from [01m[K/home/jakeluo/Software/ros2_rolling/install/rclcpp/include/rclcpp/client.hpp:27[m[K,
                 from [01m[K/home/jakeluo/Software/ros2_rolling/install/rclcpp/include/rclcpp/callback_group.hpp:23[m[K,
                 from [01m[K/home/jakeluo/Software/ros2_rolling/install/rclcpp/include/rclcpp/any_executable.hpp:20[m[K,
                 from [01m[K/home/jakeluo/Software/ros2_rolling/install/rclcpp/include/rclcpp/memory_strategy.hpp:25[m[K,
                 from [01m[K/home/jakeluo/Software/ros2_rolling/install/rclcpp/include/rclcpp/memory_strategies.hpp:18[m[K,
                 from [01m[K/home/jakeluo/Software/ros2_rolling/install/rclcpp/include/rclcpp/executor_options.hpp:20[m[K,
                 from [01m[K/home/jakeluo/Software/ros2_rolling/install/rclcpp/include/rclcpp/executor.hpp:37[m[K,
                 from [01m[K/home/jakeluo/Software/ros2_rolling/install/rclcpp/include/rclcpp/executors/multi_threaded_executor.hpp:25[m[K,
                 from [01m[K/home/jakeluo/Software/ros2_rolling/install/rclcpp/include/rclcpp/executors.hpp:21[m[K,
                 from [01m[K/home/jakeluo/Software/ros2_rolling/install/rclcpp/include/rclcpp/rclcpp.hpp:155[m[K,
                 from [01m[K/home/jakeluo/Documents/MonitoringSystemRos2/src/droneutility/include/dataManager.hpp:1[m[K,
                 from [01m[K/home/jakeluo/Documents/MonitoringSystemRos2/src/droneutility/src/dataManager.cpp:1[m[K:
/home/jakeluo/Software/ros2_rolling/install/rclcpp/include/rclcpp/any_service_callback.hpp: In instantiation of ‘[01m[Kvoid rclcpp::AnyServiceCallback<ServiceT>::set(CallbackT&&) [with CallbackT = std::_Bind<void (droneManager::DroneManager::*(droneManager::DroneManager*))(std::shared_ptr<droneinterfaces::srv::DroneRegister_Request_<std::allocator<void> > >, std::shared_ptr<droneinterfaces::srv::DroneRegister_Response_<std::allocator<void> > >)>; typename std::enable_if<(! rclcpp::detail::can_be_nullptr<CallbackT>::value), int>::type <anonymous> = 0; ServiceT = droneinterfaces::srv::DroneRegister][m[K’:
[01m[K/home/jakeluo/Software/ros2_rolling/install/rclcpp/include/rclcpp/create_service.hpp:43:3:[m[K   required from ‘[01m[Ktypename rclcpp::Service<ServiceT>::SharedPtr rclcpp::create_service(std::shared_ptr<rclcpp::node_interfaces::NodeBaseInterface>, std::shared_ptr<rclcpp::node_interfaces::NodeServicesInterface>, const string&, CallbackT&&, const rmw_qos_profile_t&, rclcpp::CallbackGroup::SharedPtr) [with ServiceT = droneinterfaces::srv::DroneRegister; CallbackT = std::_Bind<void (droneManager::DroneManager::*(droneManager::DroneManager*))(std::shared_ptr<droneinterfaces::srv::DroneRegister_Request_<std::allocator<void> > >, std::shared_ptr<droneinterfaces::srv::DroneRegister_Response_<std::allocator<void> > >)>; typename rclcpp::Service<ServiceT>::SharedPtr = std::shared_ptr<rclcpp::Service<droneinterfaces::srv::DroneRegister> >; std::string = std::__cxx11::basic_string<char>; rmw_qos_profile_t = rmw_qos_profile_s; rclcpp::CallbackGroup::SharedPtr = std::shared_ptr<rclcpp::CallbackGroup>][m[K’
[01m[K/home/jakeluo/Software/ros2_rolling/install/rclcpp/include/rclcpp/node_impl.hpp:147:53:[m[K   required from ‘[01m[Ktypename rclcpp::Service<ServiceT>::SharedPtr rclcpp::Node::create_service(const string&, CallbackT&&, const rmw_qos_profile_t&, rclcpp::CallbackGroup::SharedPtr) [with ServiceT = droneinterfaces::srv::DroneRegister; CallbackT = std::_Bind<void (droneManager::DroneManager::*(droneManager::DroneManager*))(std::shared_ptr<droneinterfaces::srv::DroneRegister_Request_<std::allocator<void> > >, std::shared_ptr<droneinterfaces::srv::DroneRegister_Response_<std::allocator<void> > >)>; typename rclcpp::Service<ServiceT>::SharedPtr = std::shared_ptr<rclcpp::Service<droneinterfaces::srv::DroneRegister> >; std::string = std::__cxx11::basic_string<char>; rmw_qos_profile_t = rmw_qos_profile_s; rclcpp::CallbackGroup::SharedPtr = std::shared_ptr<rclcpp::CallbackGroup>][m[K’
[01m[K/home/jakeluo/Documents/MonitoringSystemRos2/src/droneutility/src/dataManager.cpp:10:54:[m[K   required from here
[01m[K/usr/include/c++/9/variant:1386:2:[m[K [01;36m[Knote: [m[Kcandidate: ‘[01m[Ktemplate<class _Tp, class _Up, class ... _Args> std::enable_if_t<(is_constructible_v<_Tp, std::initializer_list<_Up>&, _Args ...> && __exactly_once<_Tp>), _Tp&> std::variant<_Types>::emplace(std::initializer_list<_Up>, _Args&& ...) [with _Tp = _Tp; _Up = _Up; _Args = {_Args ...}; _Types = {std::monostate, std::function<void(std::shared_ptr<droneinterfaces::srv::DroneRegister_Request_<std::allocator<void> > >, std::shared_ptr<droneinterfaces::srv::DroneRegister_Response_<std::allocator<void> > >)>, std::function<void(std::shared_ptr<rmw_request_id_s>, std::shared_ptr<droneinterfaces::srv::DroneRegister_Request_<std::allocator<void> > >, std::shared_ptr<droneinterfaces::srv::DroneRegister_Response_<std::allocator<void> > >)>, std::function<void(std::shared_ptr<rmw_request_id_s>, std::shared_ptr<droneinterfaces::srv::DroneRegister_Request_<std::allocator<void> > >)>, std::function<void(std::shared_ptr<rclcpp::Service<droneinterfaces::srv::DroneRegister> >, std::shared_ptr<rmw_request_id_s>, std::shared_ptr<droneinterfaces::srv::DroneRegister_Request_<std::allocator<void> > >)>}][m[K’
 1386 |  [01;36m[Kemplace[m[K(initializer_list<_Up> __il, _Args&&... __args)
      |  [01;36m[K^~~~~~~[m[K
[01m[K/usr/include/c++/9/variant:1386:2:[m[K [01;36m[Knote: [m[K  template argument deduction/substitution failed:
In file included from [01m[K/home/jakeluo/Software/ros2_rolling/install/rclcpp/include/rclcpp/service.hpp:28[m[K,
                 from [01m[K/home/jakeluo/Software/ros2_rolling/install/rclcpp/include/rclcpp/callback_group.hpp:25[m[K,
                 from [01m[K/home/jakeluo/Software/ros2_rolling/install/rclcpp/include/rclcpp/any_executable.hpp:20[m[K,
                 from [01m[K/home/jakeluo/Software/ros2_rolling/install/rclcpp/include/rclcpp/memory_strategy.hpp:25[m[K,
                 from [01m[K/home/jakeluo/Software/ros2_rolling/install/rclcpp/include/rclcpp/memory_strategies.hpp:18[m[K,
                 from [01m[K/home/jakeluo/Software/ros2_rolling/install/rclcpp/include/rclcpp/executor_options.hpp:20[m[K,
                 from [01m[K/home/jakeluo/Software/ros2_rolling/install/rclcpp/include/rclcpp/executor.hpp:37[m[K,
                 from [01m[K/home/jakeluo/Software/ros2_rolling/install/rclcpp/include/rclcpp/executors/multi_threaded_executor.hpp:25[m[K,
                 from [01m[K/home/jakeluo/Software/ros2_rolling/install/rclcpp/include/rclcpp/executors.hpp:21[m[K,
                 from [01m[K/home/jakeluo/Software/ros2_rolling/install/rclcpp/include/rclcpp/rclcpp.hpp:155[m[K,
                 from [01m[K/home/jakeluo/Documents/MonitoringSystemRos2/src/droneutility/include/dataManager.hpp:1[m[K,
                 from [01m[K/home/jakeluo/Documents/MonitoringSystemRos2/src/droneutility/src/dataManager.cpp:1[m[K:
[01m[K/home/jakeluo/Software/ros2_rolling/install/rclcpp/include/rclcpp/any_service_callback.hpp:78:7:[m[K [01;36m[Knote: [m[K  ‘[01m[Kstd::_Bind<void (droneManager::DroneManager::*(droneManager::DroneManager*))(std::shared_ptr<droneinterfaces::srv::DroneRegister_Request_<std::allocator<void> > >, std::shared_ptr<droneinterfaces::srv::DroneRegister_Response_<std::allocator<void> > >)>[m[K’ is not derived from ‘[01m[Kstd::initializer_list<_Up>[m[K’
   78 |       [01;36m[Kcallback_[m[K.template emplace<SharedPtrCallback>(callback);
      |       [01;36m[K^~~~~~~~~[m[K
In file included from [01m[K/home/jakeluo/Software/ros2_rolling/install/rclcpp/include/rclcpp/client.hpp:27[m[K,
                 from [01m[K/home/jakeluo/Software/ros2_rolling/install/rclcpp/include/rclcpp/callback_group.hpp:23[m[K,
                 from [01m[K/home/jakeluo/Software/ros2_rolling/install/rclcpp/include/rclcpp/any_executable.hpp:20[m[K,
                 from [01m[K/home/jakeluo/Software/ros2_rolling/install/rclcpp/include/rclcpp/memory_strategy.hpp:25[m[K,
                 from [01m[K/home/jakeluo/Software/ros2_rolling/install/rclcpp/include/rclcpp/memory_strategies.hpp:18[m[K,
                 from [01m[K/home/jakeluo/Software/ros2_rolling/install/rclcpp/include/rclcpp/executor_options.hpp:20[m[K,
                 from [01m[K/home/jakeluo/Software/ros2_rolling/install/rclcpp/include/rclcpp/executor.hpp:37[m[K,
                 from [01m[K/home/jakeluo/Software/ros2_rolling/install/rclcpp/include/rclcpp/executors/multi_threaded_executor.hpp:25[m[K,
                 from [01m[K/home/jakeluo/Software/ros2_rolling/install/rclcpp/include/rclcpp/executors.hpp:21[m[K,
                 from [01m[K/home/jakeluo/Software/ros2_rolling/install/rclcpp/include/rclcpp/rclcpp.hpp:155[m[K,
                 from [01m[K/home/jakeluo/Documents/MonitoringSystemRos2/src/droneutility/include/dataManager.hpp:1[m[K,
                 from [01m[K/home/jakeluo/Documents/MonitoringSystemRos2/src/droneutility/src/dataManager.cpp:1[m[K:
[01m[K/usr/include/c++/9/variant:1396:2:[m[K [01;36m[Knote: [m[Kcandidate: ‘[01m[Ktemplate<long unsigned int _Np, class ... _Args> std::enable_if_t<is_constructible_v<typename std::variant_alternative<_Np, std::variant<_Types> >::type, _Args ...>, typename std::variant_alternative<_Np, std::variant<_Types> >::type&> std::variant<_Types>::emplace(_Args&& ...) [with long unsigned int _Np = _Np; _Args = {_Args ...}; _Types = {std::monostate, std::function<void(std::shared_ptr<droneinterfaces::srv::DroneRegister_Request_<std::allocator<void> > >, std::shared_ptr<droneinterfaces::srv::DroneRegister_Response_<std::allocator<void> > >)>, std::function<void(std::shared_ptr<rmw_request_id_s>, std::shared_ptr<droneinterfaces::srv::DroneRegister_Request_<std::allocator<void> > >, std::shared_ptr<droneinterfaces::srv::DroneRegister_Response_<std::allocator<void> > >)>, std::function<void(std::shared_ptr<rmw_request_id_s>, std::shared_ptr<droneinterfaces::srv::DroneRegister_Request_<std::allocator<void> > >)>, std::function<void(std::shared_ptr<rclcpp::Service<droneinterfaces::srv::DroneRegister> >, std::shared_ptr<rmw_request_id_s>, std::shared_ptr<droneinterfaces::srv::DroneRegister_Request_<std::allocator<void> > >)>}][m[K’
 1396 |  [01;36m[Kemplace[m[K(_Args&&... __args)
      |  [01;36m[K^~~~~~~[m[K
[01m[K/usr/include/c++/9/variant:1396:2:[m[K [01;36m[Knote: [m[K  template argument deduction/substitution failed:
[01m[K/usr/include/c++/9/variant:1449:2:[m[K [01;36m[Knote: [m[Kcandidate: ‘[01m[Ktemplate<long unsigned int _Np, class _Up, class ... _Args> std::enable_if_t<is_constructible_v<typename std::variant_alternative<_Np, std::variant<_Types> >::type, std::initializer_list<_Up>&, _Args ...>, typename std::variant_alternative<_Np, std::variant<_Types> >::type&> std::variant<_Types>::emplace(std::initializer_list<_Up>, _Args&& ...) [with long unsigned int _Np = _Np; _Up = _Up; _Args = {_Args ...}; _Types = {std::monostate, std::function<void(std::shared_ptr<droneinterfaces::srv::DroneRegister_Request_<std::allocator<void> > >, std::shared_ptr<droneinterfaces::srv::DroneRegister_Response_<std::allocator<void> > >)>, std::function<void(std::shared_ptr<rmw_request_id_s>, std::shared_ptr<droneinterfaces::srv::DroneRegister_Request_<std::allocator<void> > >, std::shared_ptr<droneinterfaces::srv::DroneRegister_Response_<std::allocator<void> > >)>, std::function<void(std::shared_ptr<rmw_request_id_s>, std::shared_ptr<droneinterfaces::srv::DroneRegister_Request_<std::allocator<void> > >)>, std::function<void(std::shared_ptr<rclcpp::Service<droneinterfaces::srv::DroneRegister> >, std::shared_ptr<rmw_request_id_s>, std::shared_ptr<droneinterfaces::srv::DroneRegister_Request_<std::allocator<void> > >)>}][m[K’
 1449 |  [01;36m[Kemplace[m[K(initializer_list<_Up> __il, _Args&&... __args)
      |  [01;36m[K^~~~~~~[m[K
[01m[K/usr/include/c++/9/variant:1449:2:[m[K [01;36m[Knote: [m[K  template argument deduction/substitution failed:
make[2]: *** [CMakeFiles/datamanager.dir/build.make:63：CMakeFiles/datamanager.dir/src/dataManager.cpp.o] 错误 1
make[1]: *** [CMakeFiles/Makefile2:111：CMakeFiles/datamanager.dir/all] 错误 2
make: *** [Makefile:141：all] 错误 2
