[0.617s] Invoking command in '/home/jakeluo/Documents/MonitoringSystemRos2/src/humandetection': PYTHONPATH=/home/jakeluo/Documents/MonitoringSystemRos2/src/install/humandetection/lib/python3.8/site-packages:${PYTHONPATH} /usr/bin/python3 setup.py egg_info --egg-base ../build/humandetection build --build-base /home/jakeluo/Documents/MonitoringSystemRos2/src/build/humandetection/build install --prefix /home/jakeluo/Documents/MonitoringSystemRos2/src/install/humandetection --record /home/jakeluo/Documents/MonitoringSystemRos2/src/build/humandetection/install.log --single-version-externally-managed
[1.060s] running egg_info
[1.060s] creating ../build/humandetection/humandetection.egg-info
[1.061s] writing ../build/humandetection/humandetection.egg-info/PKG-INFO
[1.061s] writing dependency_links to ../build/humandetection/humandetection.egg-info/dependency_links.txt
[1.061s] writing entry points to ../build/humandetection/humandetection.egg-info/entry_points.txt
[1.061s] writing requirements to ../build/humandetection/humandetection.egg-info/requires.txt
[1.061s] writing top-level names to ../build/humandetection/humandetection.egg-info/top_level.txt
[1.064s] writing manifest file '../build/humandetection/humandetection.egg-info/SOURCES.txt'
[4.576s] reading manifest file '../build/humandetection/humandetection.egg-info/SOURCES.txt'
[4.577s] writing manifest file '../build/humandetection/humandetection.egg-info/SOURCES.txt'
[4.577s] running build
[4.578s] running build_py
[4.578s] creating /home/jakeluo/Documents/MonitoringSystemRos2/src/build/humandetection/build
[4.578s] creating /home/jakeluo/Documents/MonitoringSystemRos2/src/build/humandetection/build/lib
[4.578s] creating /home/jakeluo/Documents/MonitoringSystemRos2/src/build/humandetection/build/lib/humandetection
[4.578s] copying humandetection/detector.py -> /home/jakeluo/Documents/MonitoringSystemRos2/src/build/humandetection/build/lib/humandetection
[4.578s] copying humandetection/__init__.py -> /home/jakeluo/Documents/MonitoringSystemRos2/src/build/humandetection/build/lib/humandetection
[4.578s] running install
[4.581s] running install_lib
[4.581s] creating /home/jakeluo/Documents/MonitoringSystemRos2/src/install/humandetection/lib/python3.8/site-packages/humandetection
[4.582s] copying /home/jakeluo/Documents/MonitoringSystemRos2/src/build/humandetection/build/lib/humandetection/detector.py -> /home/jakeluo/Documents/MonitoringSystemRos2/src/install/humandetection/lib/python3.8/site-packages/humandetection
[4.582s] copying /home/jakeluo/Documents/MonitoringSystemRos2/src/build/humandetection/build/lib/humandetection/__init__.py -> /home/jakeluo/Documents/MonitoringSystemRos2/src/install/humandetection/lib/python3.8/site-packages/humandetection
[4.584s] byte-compiling /home/jakeluo/Documents/MonitoringSystemRos2/src/install/humandetection/lib/python3.8/site-packages/humandetection/detector.py to detector.cpython-38.pyc
[4.585s] byte-compiling /home/jakeluo/Documents/MonitoringSystemRos2/src/install/humandetection/lib/python3.8/site-packages/humandetection/__init__.py to __init__.cpython-38.pyc
[4.585s] running install_data
[4.586s] creating /home/jakeluo/Documents/MonitoringSystemRos2/src/install/humandetection/share/ament_index
[4.586s] creating /home/jakeluo/Documents/MonitoringSystemRos2/src/install/humandetection/share/ament_index/resource_index
[4.586s] creating /home/jakeluo/Documents/MonitoringSystemRos2/src/install/humandetection/share/ament_index/resource_index/packages
[4.586s] copying resource/humandetection -> /home/jakeluo/Documents/MonitoringSystemRos2/src/install/humandetection/share/ament_index/resource_index/packages
[4.586s] copying package.xml -> /home/jakeluo/Documents/MonitoringSystemRos2/src/install/humandetection/share/humandetection
[4.586s] running install_egg_info
[4.587s] Copying ../build/humandetection/humandetection.egg-info to /home/jakeluo/Documents/MonitoringSystemRos2/src/install/humandetection/lib/python3.8/site-packages/humandetection-0.0.0-py3.8.egg-info
[4.587s] running install_scripts
[4.616s] Installing detecter script to /home/jakeluo/Documents/MonitoringSystemRos2/src/install/humandetection/lib/humandetection
[4.616s] writing list of installed files to '/home/jakeluo/Documents/MonitoringSystemRos2/src/build/humandetection/install.log'
[4.636s] Invoked command in '/home/jakeluo/Documents/MonitoringSystemRos2/src/humandetection' returned '0': PYTHONPATH=/home/jakeluo/Documents/MonitoringSystemRos2/src/install/humandetection/lib/python3.8/site-packages:${PYTHONPATH} /usr/bin/python3 setup.py egg_info --egg-base ../build/humandetection build --build-base /home/jakeluo/Documents/MonitoringSystemRos2/src/build/humandetection/build install --prefix /home/jakeluo/Documents/MonitoringSystemRos2/src/install/humandetection --record /home/jakeluo/Documents/MonitoringSystemRos2/src/build/humandetection/install.log --single-version-externally-managed
