-- Found ament_cmake: 1.1.4 (/home/jakeluo/Software/ros2_rolling/install/ament_cmake/share/ament_cmake/cmake)
-- Found rclcpp: 13.0.0 (/home/jakeluo/Software/ros2_rolling/install/rclcpp/share/rclcpp/cmake)
-- Using all available rosidl_typesupport_c: rosidl_typesupport_introspection_c;rosidl_typesupport_fastrtps_c
-- Found rosidl_adapter: 2.5.0 (/home/jakeluo/Software/ros2_rolling/install/rosidl_adapter/share/rosidl_adapter/cmake)
-- Using all available rosidl_typesupport_cpp: rosidl_typesupport_introspection_cpp;rosidl_typesupport_fastrtps_cpp
-- Found rmw_implementation_cmake: 5.0.0 (/home/jakeluo/Software/ros2_rolling/install/rmw_implementation_cmake/share/rmw_implementation_cmake/cmake)
-- Found rmw_cyclonedds_cpp: 0.24.0 (/home/jakeluo/Software/ros2_rolling/install/rmw_cyclonedds_cpp/share/rmw_cyclonedds_cpp/cmake)
-- Using RMW implementation 'rmw_cyclonedds_cpp' as default
-- Found gflags  (include: /usr/include, library: /usr/lib/x86_64-linux-gnu/libgflags.so)
-- Found glog    (include: /usr/include, library: /usr/lib/x86_64-linux-gnu/libglog.so)
-- Found rclcpp_action: 13.0.0 (/home/jakeluo/Software/ros2_rolling/install/rclcpp_action/share/rclcpp_action/cmake)
-- Found droneinterfaces: 0.0.0 (/home/jakeluo/Documents/MonitoringSystemRos2/src/install/droneinterfaces/share/droneinterfaces/cmake)
-- Found ament_lint_auto: 0.11.2 (/home/jakeluo/Software/ros2_rolling/install/ament_lint_auto/share/ament_lint_auto/cmake)
-- Added test 'copyright' to check source files copyright and LICENSE
-- Added test 'cppcheck' to perform static code analysis on C / C++ code
-- Configured cppcheck include dirs: /home/jakeluo/Documents/MonitoringSystemRos2/src/openpose/include;/home/jakeluo/Documents/MonitoringSystemRos2/src/openpose/include/openpose;$<BUILD_INTERFACE:/home/jakeluo/Documents/MonitoringSystemRos2/src/openpose/include>
-- Configured cppcheck exclude dirs and/or files: 
-- Added test 'cpplint' to check C / C++ code against the Google style
-- Configured cpplint exclude dirs and/or files: 
-- Added test 'lint_cmake' to check CMake code style
-- Added test 'uncrustify' to check C / C++ code style
-- Configured uncrustify additional arguments: 
-- Added test 'xmllint' to check XML markup files
-- Configuring done
-- Generating done
-- Build files have been written to: /home/jakeluo/Documents/MonitoringSystemRos2/src/build/openpose
[35m[1mScanning dependencies of target estimater[0m
[ 50%] [32mBuilding CXX object CMakeFiles/estimater.dir/src/openpose.cpp.o[0m
[01m[K/home/jakeluo/Documents/MonitoringSystemRos2/src/openpose/src/openpose.cpp:[m[K In constructor ‘[01m[KOpenpose::Openpose(const char*)[m[K’:
[01m[K/home/jakeluo/Documents/MonitoringSystemRos2/src/openpose/src/openpose.cpp:7:5:[m[K [01;31m[Kerror: [m[K‘[01m[KframeSubscription1_[m[K’ was not declared in this scope; did you mean ‘[01m[KframeSubscription[m[K’?
    7 |     [01;31m[KframeSubscription1_[m[K = nh_->create_subscription<droneinterfaces::msg::FrameArray>(
      |     [01;31m[K^~~~~~~~~~~~~~~~~~~[m[K
      |     [32m[KframeSubscription[m[K
[01m[K/home/jakeluo/Documents/MonitoringSystemRos2/src/openpose/src/openpose.cpp:10:20:[m[K [01;31m[Kerror: [m[K‘[01m[KMainWindow[m[K’ has not been declared
   10 |         std::bind(&[01;31m[KMainWindow[m[K::frameCallback1, this, std::placeholders::_1));
      |                    [01;31m[K^~~~~~~~~~[m[K
make[2]: *** [CMakeFiles/estimater.dir/build.make:63：CMakeFiles/estimater.dir/src/openpose.cpp.o] 错误 1
make[1]: *** [CMakeFiles/Makefile2:78：CMakeFiles/estimater.dir/all] 错误 2
make: *** [Makefile:141：all] 错误 2
