[0.247s] Invoking command in '/home/jakeluo/Documents/MonitoringSystemRos2/src/build/positioning': AMENT_PREFIX_PATH=/home/jakeluo/Documents/MonitoringSystemRos2/src/install/droneinterfaces CMAKE_PREFIX_PATH=/home/jakeluo/Documents/MonitoringSystemRos2/src/install/droneinterfaces LD_LIBRARY_PATH=/home/jakeluo/Documents/MonitoringSystemRos2/src/install/droneinterfaces/lib${LD_LIBRARY_PATH} PYTHONPATH=/home/jakeluo/Documents/MonitoringSystemRos2/src/install/droneinterfaces/lib/python3.8/site-packages /usr/bin/cmake --build /home/jakeluo/Documents/MonitoringSystemRos2/src/build/positioning -- -j12 -l12
[0.298s] [100%] Built target positioning
[0.308s] Invoked command in '/home/jakeluo/Documents/MonitoringSystemRos2/src/build/positioning' returned '0': AMENT_PREFIX_PATH=/home/jakeluo/Documents/MonitoringSystemRos2/src/install/droneinterfaces CMAKE_PREFIX_PATH=/home/jakeluo/Documents/MonitoringSystemRos2/src/install/droneinterfaces LD_LIBRARY_PATH=/home/jakeluo/Documents/MonitoringSystemRos2/src/install/droneinterfaces/lib${LD_LIBRARY_PATH} PYTHONPATH=/home/jakeluo/Documents/MonitoringSystemRos2/src/install/droneinterfaces/lib/python3.8/site-packages /usr/bin/cmake --build /home/jakeluo/Documents/MonitoringSystemRos2/src/build/positioning -- -j12 -l12
[0.330s] Invoking command in '/home/jakeluo/Documents/MonitoringSystemRos2/src/build/positioning': AMENT_PREFIX_PATH=/home/jakeluo/Documents/MonitoringSystemRos2/src/install/droneinterfaces CMAKE_PREFIX_PATH=/home/jakeluo/Documents/MonitoringSystemRos2/src/install/droneinterfaces LD_LIBRARY_PATH=/home/jakeluo/Documents/MonitoringSystemRos2/src/install/droneinterfaces/lib${LD_LIBRARY_PATH} PYTHONPATH=/home/jakeluo/Documents/MonitoringSystemRos2/src/install/droneinterfaces/lib/python3.8/site-packages /usr/bin/cmake --install /home/jakeluo/Documents/MonitoringSystemRos2/src/build/positioning
[0.336s] -- Install configuration: "RelWithDebInfo"
[0.337s] -- Execute custom install script
[0.337s] -- Up-to-date symlink: /home/jakeluo/Documents/MonitoringSystemRos2/src/install/positioning/lib/positioning/positioning
[0.337s] -- Up-to-date symlink: /home/jakeluo/Documents/MonitoringSystemRos2/src/install/positioning/share/ament_index/resource_index/package_run_dependencies/positioning
[0.338s] -- Up-to-date symlink: /home/jakeluo/Documents/MonitoringSystemRos2/src/install/positioning/share/ament_index/resource_index/parent_prefix_path/positioning
[0.338s] -- Up-to-date symlink: /home/jakeluo/Documents/MonitoringSystemRos2/src/install/positioning/share/positioning/environment/ament_prefix_path.sh
[0.338s] -- Up-to-date symlink: /home/jakeluo/Documents/MonitoringSystemRos2/src/install/positioning/share/positioning/environment/ament_prefix_path.dsv
[0.339s] -- Up-to-date symlink: /home/jakeluo/Documents/MonitoringSystemRos2/src/install/positioning/share/positioning/environment/path.sh
[0.339s] -- Up-to-date symlink: /home/jakeluo/Documents/MonitoringSystemRos2/src/install/positioning/share/positioning/environment/path.dsv
[0.339s] -- Up-to-date symlink: /home/jakeluo/Documents/MonitoringSystemRos2/src/install/positioning/share/positioning/local_setup.bash
[0.339s] -- Up-to-date symlink: /home/jakeluo/Documents/MonitoringSystemRos2/src/install/positioning/share/positioning/local_setup.sh
[0.339s] -- Up-to-date symlink: /home/jakeluo/Documents/MonitoringSystemRos2/src/install/positioning/share/positioning/local_setup.zsh
[0.340s] -- Up-to-date symlink: /home/jakeluo/Documents/MonitoringSystemRos2/src/install/positioning/share/positioning/local_setup.dsv
[0.340s] -- Symlinking: /home/jakeluo/Documents/MonitoringSystemRos2/src/install/positioning/share/positioning/package.dsv
[0.348s] -- Up-to-date symlink: /home/jakeluo/Documents/MonitoringSystemRos2/src/install/positioning/share/ament_index/resource_index/packages/positioning
[0.348s] -- Up-to-date symlink: /home/jakeluo/Documents/MonitoringSystemRos2/src/install/positioning/share/positioning/cmake/positioningConfig.cmake
[0.348s] -- Up-to-date symlink: /home/jakeluo/Documents/MonitoringSystemRos2/src/install/positioning/share/positioning/cmake/positioningConfig-version.cmake
[0.349s] -- Up-to-date symlink: /home/jakeluo/Documents/MonitoringSystemRos2/src/install/positioning/share/positioning/package.xml
[0.352s] Invoked command in '/home/jakeluo/Documents/MonitoringSystemRos2/src/build/positioning' returned '0': AMENT_PREFIX_PATH=/home/jakeluo/Documents/MonitoringSystemRos2/src/install/droneinterfaces CMAKE_PREFIX_PATH=/home/jakeluo/Documents/MonitoringSystemRos2/src/install/droneinterfaces LD_LIBRARY_PATH=/home/jakeluo/Documents/MonitoringSystemRos2/src/install/droneinterfaces/lib${LD_LIBRARY_PATH} PYTHONPATH=/home/jakeluo/Documents/MonitoringSystemRos2/src/install/droneinterfaces/lib/python3.8/site-packages /usr/bin/cmake --install /home/jakeluo/Documents/MonitoringSystemRos2/src/build/positioning
