[0.024s] Invoking command in '/home/jakeluo/Documents/MonitoringSystemRos2/build/droneutility': /usr/bin/cmake --build /home/jakeluo/Documents/MonitoringSystemRos2/build/droneutility -- -j12 -l12
[0.110s] [35m[1mScanning dependencies of target recv[0m
[0.134s] [ 50%] [32mBuilding CXX object CMakeFiles/recv.dir/src/recv.cpp.o[0m
[0.327s] [100%] [32m[1mLinking CXX executable recv[0m
[0.408s] [100%] Built target recv
[0.428s] Invoked command in '/home/jakeluo/Documents/MonitoringSystemRos2/build/droneutility' returned '0': /usr/bin/cmake --build /home/jakeluo/Documents/MonitoringSystemRos2/build/droneutility -- -j12 -l12
[0.507s] Invoking command in '/home/jakeluo/Documents/MonitoringSystemRos2/build/droneutility': /usr/bin/cmake --install /home/jakeluo/Documents/MonitoringSystemRos2/build/droneutility
[0.524s] -- Install configuration: ""
[0.524s] -- Installing: /home/jakeluo/Documents/MonitoringSystemRos2/install/droneutility/lib/droneutility/recv
[0.524s] -- Up-to-date: /home/jakeluo/Documents/MonitoringSystemRos2/install/droneutility/share/ament_index/resource_index/package_run_dependencies/droneutility
[0.524s] -- Up-to-date: /home/jakeluo/Documents/MonitoringSystemRos2/install/droneutility/share/ament_index/resource_index/parent_prefix_path/droneutility
[0.524s] -- Up-to-date: /home/jakeluo/Documents/MonitoringSystemRos2/install/droneutility/share/droneutility/environment/ament_prefix_path.dsv
[0.524s] -- Up-to-date: /home/jakeluo/Documents/MonitoringSystemRos2/install/droneutility/share/droneutility/environment/path.dsv
[0.524s] -- Up-to-date: /home/jakeluo/Documents/MonitoringSystemRos2/install/droneutility/share/droneutility/local_setup.bash
[0.525s] -- Up-to-date: /home/jakeluo/Documents/MonitoringSystemRos2/install/droneutility/share/droneutility/local_setup.sh
[0.525s] -- Up-to-date: /home/jakeluo/Documents/MonitoringSystemRos2/install/droneutility/share/droneutility/local_setup.zsh
[0.525s] -- Up-to-date: /home/jakeluo/Documents/MonitoringSystemRos2/install/droneutility/share/droneutility/local_setup.dsv
[0.525s] -- Installing: /home/jakeluo/Documents/MonitoringSystemRos2/install/droneutility/share/droneutility/package.dsv
[0.525s] -- Up-to-date: /home/jakeluo/Documents/MonitoringSystemRos2/install/droneutility/share/ament_index/resource_index/packages/droneutility
[0.525s] -- Up-to-date: /home/jakeluo/Documents/MonitoringSystemRos2/install/droneutility/share/droneutility/cmake/droneutilityConfig.cmake
[0.525s] -- Up-to-date: /home/jakeluo/Documents/MonitoringSystemRos2/install/droneutility/share/droneutility/cmake/droneutilityConfig-version.cmake
[0.525s] -- Up-to-date: /home/jakeluo/Documents/MonitoringSystemRos2/install/droneutility/share/droneutility/package.xml
[0.527s] Invoked command in '/home/jakeluo/Documents/MonitoringSystemRos2/build/droneutility' returned '0': /usr/bin/cmake --install /home/jakeluo/Documents/MonitoringSystemRos2/build/droneutility
