[ 12%] [34m[1mAutomatic MOC and UIC for target gui[0m
[ 12%] Built target gui_autogen
[35m[1mScanning dependencies of target gui[0m
[ 25%] [32mBuilding CXX object CMakeFiles/gui.dir/src/mainwindow.cpp.o[0m
[01m[K/home/jakeluo/Documents/MonitoringSystemRos2/src/qt/src/mainwindow.cpp:[m[K In member function ‘[01m[Kvoid MainWindow::feedback_callback(rclcpp_action::ClientGoalHandle<droneinterfaces::action::GoPoint>::SharedPtr, std::shared_ptr<const droneinterfaces::action::GoPoint_Feedback_<std::allocator<void> > >)[m[K’:
[01m[K/home/jakeluo/Documents/MonitoringSystemRos2/src/qt/src/mainwindow.cpp:504:77:[m[K [01;35m[Kwarning: [m[Kunused parameter ‘[01m[Kfeedback[m[K’ [[01;35m[K-Wunused-parameter[m[K]
  504 | [01;35m[Knst std::shared_ptr<const droneinterfaces::action::GoPoint::Feedback> feedback[m[K)
      | [01;35m[K~~~~~~~~~~~~~~~~~~~~~~~~~~~~~~~~~~~~~~~~~~~~~~~~~~~~~~~~~~~~~~~~~~~~~~^~~~~~~~[m[K

[01m[K/home/jakeluo/Documents/MonitoringSystemRos2/src/qt/src/mainwindow.cpp:[m[K In member function ‘[01m[Kvoid MainWindow::frameCallback1(droneinterfaces::msg::FrameArray_<std::allocator<void> >::SharedPtr)[m[K’:
[01m[K/home/jakeluo/Documents/MonitoringSystemRos2/src/qt/src/mainwindow.cpp:945:27:[m[K [01;31m[Kerror: [m[Kcapture of non-variable ‘[01m[KMainWindow::humanPoseCoor1[m[K’
  945 |     kalmanFilter->update([[01;31m[KhumanPoseCoor1[m[K[0], humanPoseCoor1[1]]);
      |                           [01;31m[K^~~~~~~~~~~~~~[m[K
In file included from [01m[K/home/jakeluo/Documents/MonitoringSystemRos2/src/qt/src/mainwindow.cpp:1[m[K:
[01m[K/home/jakeluo/Documents/MonitoringSystemRos2/src/qt/include/qt/mainwindow.h:138:27:[m[K [01;36m[Knote: [m[K‘[01m[Kstd::array<int, 10> MainWindow::humanPoseCoor1[m[K’ declared here
  138 |     std::array<int, 10UL> [01;36m[KhumanPoseCoor1[m[K={0,0,0,0,0,0,0,0,0,0},
      |                           [01;36m[K^~~~~~~~~~~~~~[m[K
[01m[K/home/jakeluo/Documents/MonitoringSystemRos2/src/qt/src/mainwindow.cpp:945:41:[m[K [01;31m[Kerror: [m[Kexpected ‘[01m[K,[m[K’ before ‘[01m[K[[m[K’ token
  945 |     kalmanFilter->update([humanPoseCoor1[01;31m[K[[m[K0], humanPoseCoor1[1]]);
      |                                         [01;31m[K^[m[K
      |                                         [32m[K,[m[K
[01m[K/home/jakeluo/Documents/MonitoringSystemRos2/src/qt/src/mainwindow.cpp:945:41:[m[K [01;31m[Kerror: [m[Kexpected identifier before ‘[01m[K[[m[K’ token
[01m[K/home/jakeluo/Documents/MonitoringSystemRos2/src/qt/src/mainwindow.cpp:945:44:[m[K [01;31m[Kerror: [m[Kexpected ‘[01m[K][m[K’ before ‘[01m[K,[m[K’ token
  945 |     kalmanFilter->update([humanPoseCoor1[0][01;31m[K,[m[K humanPoseCoor1[1]]);
      |                                            [01;31m[K^[m[K
      |                                            [32m[K][m[K
[01m[K/home/jakeluo/Documents/MonitoringSystemRos2/src/qt/src/mainwindow.cpp:[m[K In lambda function:
[01m[K/home/jakeluo/Documents/MonitoringSystemRos2/src/qt/src/mainwindow.cpp:945:44:[m[K [01;31m[Kerror: [m[Kexpected ‘[01m[K{[m[K’ before ‘[01m[K,[m[K’ token
[01m[K/home/jakeluo/Documents/MonitoringSystemRos2/src/qt/src/mainwindow.cpp:[m[K In member function ‘[01m[Kvoid MainWindow::frameCallback1(droneinterfaces::msg::FrameArray_<std::allocator<void> >::SharedPtr)[m[K’:
[01m[K/home/jakeluo/Documents/MonitoringSystemRos2/src/qt/src/mainwindow.cpp:945:63:[m[K [01;31m[Kerror: [m[Kexpected ‘[01m[K)[m[K’ before ‘[01m[K][m[K’ token
  945 |     kalmanFilter->update[34m[K([m[K[humanPoseCoor1[0], humanPoseCoor1[1][01;31m[K][m[K);
      |                         [34m[K~[m[K                                     [01;31m[K^[m[K
      |                                                               [32m[K)[m[K
[01m[K/home/jakeluo/Documents/MonitoringSystemRos2/src/qt/src/mainwindow.cpp:946:48:[m[K [01;31m[Kerror: [m[K‘[01m[KEigen::Matrix<float, 4, 1> TwoDMovementKalmanFilter::predict()[m[K’ is private within this context
  946 |     auto kalmanHeadPos = kalmanFilter->predict([01;31m[K)[m[K;
      |                                                [01;31m[K^[m[K
In file included from [01m[K/home/jakeluo/Documents/MonitoringSystemRos2/src/qt/include/qt/mainwindow.h:35[m[K,
                 from [01m[K/home/jakeluo/Documents/MonitoringSystemRos2/src/qt/src/mainwindow.cpp:1[m[K:
[01m[K/home/jakeluo/Documents/MonitoringSystemRos2/src/qt/include/2DMovementKalmanFilter.h:14:32:[m[K [01;36m[Knote: [m[Kdeclared private here
   14 |     Eigen::Matrix<float, 4, 1> [01;36m[Kpredict[m[K();
      |                                [01;36m[K^~~~~~~[m[K
make[2]: *** [CMakeFiles/gui.dir/build.make:93：CMakeFiles/gui.dir/src/mainwindow.cpp.o] 错误 1
make[1]: *** [CMakeFiles/Makefile2:79：CMakeFiles/gui.dir/all] 错误 2
make: *** [Makefile:141：all] 错误 2
