-- Found ament_cmake: 1.1.4 (/home/jakeluo/Software/ros2_rolling/install/ament_cmake/share/ament_cmake/cmake)
-- Found rclcpp: 13.0.0 (/home/jakeluo/Software/ros2_rolling/install/rclcpp/share/rclcpp/cmake)
-- Using all available rosidl_typesupport_c: rosidl_typesupport_introspection_c;rosidl_typesupport_fastrtps_c
-- Found rosidl_adapter: 2.5.0 (/home/jakeluo/Software/ros2_rolling/install/rosidl_adapter/share/rosidl_adapter/cmake)
-- Using all available rosidl_typesupport_cpp: rosidl_typesupport_introspection_cpp;rosidl_typesupport_fastrtps_cpp
-- Found rmw_implementation_cmake: 5.0.0 (/home/jakeluo/Software/ros2_rolling/install/rmw_implementation_cmake/share/rmw_implementation_cmake/cmake)
-- Found rmw_cyclonedds_cpp: 0.24.0 (/home/jakeluo/Software/ros2_rolling/install/rmw_cyclonedds_cpp/share/rmw_cyclonedds_cpp/cmake)
-- Using RMW implementation 'rmw_cyclonedds_cpp' as default
-- Found droneinterfaces: 0.0.0 (/home/jakeluo/Documents/MonitoringSystemRos2/src/install/droneinterfaces/share/droneinterfaces/cmake)
-- Found ament_lint_auto: 0.11.2 (/home/jakeluo/Software/ros2_rolling/install/ament_lint_auto/share/ament_lint_auto/cmake)
-- Added test 'copyright' to check source files copyright and LICENSE
-- Added test 'cppcheck' to perform static code analysis on C / C++ code
-- Configured cppcheck include dirs: $<BUILD_INTERFACE:/home/jakeluo/Documents/MonitoringSystemRos2/src/droneutility/include>
-- Configured cppcheck exclude dirs and/or files: 
-- Added test 'cpplint' to check C / C++ code against the Google style
-- Configured cpplint exclude dirs and/or files: 
-- Added test 'lint_cmake' to check CMake code style
-- Added test 'uncrustify' to check C / C++ code style
-- Configured uncrustify additional arguments: 
-- Added test 'xmllint' to check XML markup files
-- Configuring done
-- Generating done
-- Build files have been written to: /home/jakeluo/Documents/MonitoringSystemRos2/src/build/droneutility
[35m[1mScanning dependencies of target threadsafequeue[0m
[35m[1mScanning dependencies of target dronemanager[0m
[ 16%] [32mBuilding CXX object CMakeFiles/threadsafequeue.dir/src/threadsafequeue.cpp.o[0m
[ 50%] Built target drone
[01m[K/home/jakeluo/Documents/MonitoringSystemRos2/src/droneutility/src/threadsafequeue.cpp:1:10:[m[K [01;31m[Kfatal error: [m[Kthreadsafequeue.hpp: 没有那个文件或目录
    1 | #include [01;31m[K"threadsafequeue.hpp"[m[K
      |          [01;31m[K^~~~~~~~~~~~~~~~~~~~~[m[K
compilation terminated.
make[2]: *** [CMakeFiles/threadsafequeue.dir/build.make:63：CMakeFiles/threadsafequeue.dir/src/threadsafequeue.cpp.o] 错误 1
make[1]: *** [CMakeFiles/Makefile2:136：CMakeFiles/threadsafequeue.dir/all] 错误 2
make[1]: *** 正在等待未完成的任务....
[ 66%] [32mBuilding CXX object CMakeFiles/dronemanager.dir/src/droneManager.cpp.o[0m
In file included from [01m[K/home/jakeluo/Software/ros2_rolling/install/rclcpp/include/rclcpp/client.hpp:43[m[K,
                 from [01m[K/home/jakeluo/Software/ros2_rolling/install/rclcpp/include/rclcpp/callback_group.hpp:23[m[K,
                 from [01m[K/home/jakeluo/Software/ros2_rolling/install/rclcpp/include/rclcpp/any_executable.hpp:20[m[K,
                 from [01m[K/home/jakeluo/Software/ros2_rolling/install/rclcpp/include/rclcpp/memory_strategy.hpp:25[m[K,
                 from [01m[K/home/jakeluo/Software/ros2_rolling/install/rclcpp/include/rclcpp/memory_strategies.hpp:18[m[K,
                 from [01m[K/home/jakeluo/Software/ros2_rolling/install/rclcpp/include/rclcpp/executor_options.hpp:20[m[K,
                 from [01m[K/home/jakeluo/Software/ros2_rolling/install/rclcpp/include/rclcpp/executor.hpp:37[m[K,
                 from [01m[K/home/jakeluo/Software/ros2_rolling/install/rclcpp/include/rclcpp/executors/multi_threaded_executor.hpp:25[m[K,
                 from [01m[K/home/jakeluo/Software/ros2_rolling/install/rclcpp/include/rclcpp/executors.hpp:21[m[K,
                 from [01m[K/home/jakeluo/Software/ros2_rolling/install/rclcpp/include/rclcpp/rclcpp.hpp:155[m[K,
                 from [01m[K/home/jakeluo/Documents/MonitoringSystemRos2/src/droneutility/include/droneManager.hpp:1[m[K,
                 from [01m[K/home/jakeluo/Documents/MonitoringSystemRos2/src/droneutility/src/droneManager.cpp:1[m[K:
[01m[K/home/jakeluo/Documents/MonitoringSystemRos2/src/droneutility/src/droneManager.cpp:[m[K In member function ‘[01m[Kvoid dronenamespace::DroneManager::recvVideoThread(std::string)[m[K’:
[01m[K/home/jakeluo/Documents/MonitoringSystemRos2/src/droneutility/src/droneManager.cpp:221:51:[m[K [01;35m[Kwarning: [m[Kformat ‘[01m[K%s[m[K’ expects argument of type ‘[01m[Kchar*[m[K’, but argument 5 has type ‘[01m[Kstd::string[m[K’ {aka ‘[01m[Kstd::__cxx11::basic_string<char>[m[K’} [[01;35m[K-Wformat=[m[K]
  221 |                     RCLCPP_INFO(nh_->get_logger(),[01;35m[K"size of images of %s:%ld\n"[m[K, dronepool[ip].name, imagequeuepool[ip]->size());
      |                                                   [01;35m[K^~~~~~~~~~~~~~~~~~~~~~~~~~~~[m[K
[01m[K/home/jakeluo/Documents/MonitoringSystemRos2/src/droneutility/src/droneManager.cpp:221:71:[m[K [01;36m[Knote: [m[Kformat string is defined here
  221 |                     RCLCPP_INFO(nh_->get_logger(),"size of images of [01;36m[K%s[m[K:%ld\n", dronepool[ip].name, imagequeuepool[ip]->size());
      |                                                                      [01;36m[K~^[m[K
      |                                                                       [01;36m[K|[m[K
      |                                                                       [01;36m[Kchar*[m[K
[ 83%] [32m[1mLinking CXX executable dronemanager[0m
/usr/bin/ld: CMakeFiles/dronemanager.dir/src/droneManager.cpp.o: in function `dronenamespace::DroneManager::recvVideoThread(std::__cxx11::basic_string<char, std::char_traits<char>, std::allocator<char> >)':
droneManager.cpp:(.text+0x1c29): undefined reference to `ThreadSafeQueue<AVFrame>::push(AVFrame const&)'
/usr/bin/ld: droneManager.cpp:(.text+0x1d6c): undefined reference to `ThreadSafeQueue<AVFrame>::size() const'
collect2: error: ld returned 1 exit status
make[2]: *** [CMakeFiles/dronemanager.dir/build.make:140：dronemanager] 错误 1
make[1]: *** [CMakeFiles/Makefile2:109：CMakeFiles/dronemanager.dir/all] 错误 2
make: *** [Makefile:141：all] 错误 2
