-- Found ament_cmake: 1.1.4 (/home/jakeluo/Software/ros2_rolling/install/ament_cmake/share/ament_cmake/cmake)
-- Found rclcpp: 13.0.0 (/home/jakeluo/Software/ros2_rolling/install/rclcpp/share/rclcpp/cmake)
-- Using all available rosidl_typesupport_c: rosidl_typesupport_introspection_c;rosidl_typesupport_fastrtps_c
-- Found rosidl_adapter: 2.5.0 (/home/jakeluo/Software/ros2_rolling/install/rosidl_adapter/share/rosidl_adapter/cmake)
-- Using all available rosidl_typesupport_cpp: rosidl_typesupport_introspection_cpp;rosidl_typesupport_fastrtps_cpp
-- Found rmw_implementation_cmake: 5.0.0 (/home/jakeluo/Software/ros2_rolling/install/rmw_implementation_cmake/share/rmw_implementation_cmake/cmake)
-- Found rmw_cyclonedds_cpp: 0.24.0 (/home/jakeluo/Software/ros2_rolling/install/rmw_cyclonedds_cpp/share/rmw_cyclonedds_cpp/cmake)
-- Using RMW implementation 'rmw_cyclonedds_cpp' as default
-- Found rosidl_default_generators: 1.1.1 (/home/jakeluo/Software/ros2_rolling/install/rosidl_default_generators/share/rosidl_default_generators/cmake)
-- Found ament_cmake_ros: 0.9.2 (/home/jakeluo/Software/ros2_rolling/install/ament_cmake_ros/share/ament_cmake_ros/cmake)
-- Using all available rosidl_typesupport_c: rosidl_typesupport_introspection_c;rosidl_typesupport_fastrtps_c
-- Using all available rosidl_typesupport_cpp: rosidl_typesupport_introspection_cpp;rosidl_typesupport_fastrtps_cpp
-- Found PythonInterp: /usr/bin/python3 (found suitable version "3.8.10", minimum required is "3.5") 
-- Found python_cmake_module: 0.8.1 (/home/jakeluo/Software/ros2_rolling/install/python_cmake_module/share/python_cmake_module/cmake)
-- Found PythonLibs: /usr/lib/x86_64-linux-gnu/libpython3.8.so (found suitable version "3.8.10", minimum required is "3.5") 
-- Using PYTHON_EXECUTABLE: /usr/bin/python3
-- Using PYTHON_INCLUDE_DIRS: /usr/include/python3.8
-- Using PYTHON_LIBRARIES: /usr/lib/x86_64-linux-gnu/libpython3.8.so
-- Found PythonExtra: .so  
-- Found ament_lint_auto: 0.11.2 (/home/jakeluo/Software/ros2_rolling/install/ament_lint_auto/share/ament_lint_auto/cmake)
-- Added test 'copyright' to check source files copyright and LICENSE
-- Added test 'cppcheck' to perform static code analysis on C / C++ code
-- Configured cppcheck include dirs: $<BUILD_INTERFACE:/home/jakeluo/Documents/MonitoringSystemRos2/src/droneutility/include>
-- Configured cppcheck exclude dirs and/or files: 
-- Added test 'cpplint' to check C / C++ code against the Google style
-- Configured cpplint exclude dirs and/or files: 
-- Added test 'lint_cmake' to check CMake code style
-- Added test 'uncrustify' to check C / C++ code style
-- Configured uncrustify additional arguments: 
-- Added test 'xmllint' to check XML markup files
-- Configuring done
-- Generating done
-- Build files have been written to: /home/jakeluo/Documents/MonitoringSystemRos2/build/droneutility
[  2%] [34m[1mGenerating C code for ROS interfaces[0m
[35m[1mScanning dependencies of target ament_cmake_python_symlink_droneutility[0m
[35m[1mScanning dependencies of target recv[0m
[35m[1mScanning dependencies of target datamanager[0m
[35m[1mScanning dependencies of target drone[0m
[35m[1mScanning dependencies of target droneutility__cpp[0m
[35m[1mScanning dependencies of target send[0m
[  5%] [32mBuilding CXX object CMakeFiles/recv.dir/src/recv.cpp.o[0m
[  7%] [32mBuilding CXX object CMakeFiles/send.dir/src/send.cpp.o[0m
[ 10%] [34m[1mGenerating C++ code for ROS interfaces[0m
[ 12%] [32mBuilding CXX object CMakeFiles/drone.dir/src/drone.cpp.o[0m
[ 12%] Built target ament_cmake_python_symlink_droneutility
[ 15%] [32mBuilding CXX object CMakeFiles/datamanager.dir/src/dataManager.cpp.o[0m
[35m[1mScanning dependencies of target ament_cmake_python_build_droneutility_egg[0m
[01m[K/home/jakeluo/Documents/MonitoringSystemRos2/src/droneutility/src/send.cpp:[m[K In function ‘[01m[Kint main(int, char**)[m[K’:
[01m[K/home/jakeluo/Documents/MonitoringSystemRos2/src/droneutility/src/send.cpp:12:14:[m[K [01;35m[Kwarning: [m[Kunused parameter ‘[01m[Kargc[m[K’ [[01;35m[K-Wunused-parameter[m[K]
   12 | int main([01;35m[Kint argc[m[K, char** argv)
      |          [01;35m[K~~~~^~~~[m[K
[ 17%] [32m[1mLinking CXX executable send[0m
[ 20%] [32m[1mLinking CXX executable recv[0m
[ 20%] Built target droneutility__cpp
[ 20%] Built target send
[ 23%] [34m[1mGenerating C++ introspection for ROS interfaces[0m
[ 25%] [34m[1mGenerating C++ type support dispatch for ROS interfaces[0m
[ 28%] [34m[1mGenerating C++ type support for eProsima Fast-RTPS[0m
[ 28%] Built target recv
[35m[1mScanning dependencies of target droneutility__rosidl_generator_c[0m
[ 30%] [32mBuilding C object CMakeFiles/droneutility__rosidl_generator_c.dir/rosidl_generator_c/droneutility/srv/detail/drone_register__functions.c.o[0m
running egg_info
creating droneutility.egg-info
writing droneutility.egg-info/PKG-INFO
writing dependency_links to droneutility.egg-info/dependency_links.txt
writing top-level names to droneutility.egg-info/top_level.txt
writing manifest file 'droneutility.egg-info/SOURCES.txt'
reading manifest file 'droneutility.egg-info/SOURCES.txt'
writing manifest file 'droneutility.egg-info/SOURCES.txt'
[ 33%] [32m[1mLinking C shared library libdroneutility__rosidl_generator_c.so[0m
[ 33%] Built target ament_cmake_python_build_droneutility_egg
[ 33%] Built target droneutility__rosidl_generator_c
[ 35%] [34m[1mGenerating C type support dispatch for ROS interfaces[0m
[ 38%] [34m[1mGenerating C introspection for ROS interfaces[0m
[35m[1mScanning dependencies of target droneutility__rosidl_typesupport_cpp[0m
[35m[1mScanning dependencies of target droneutility__rosidl_typesupport_introspection_cpp[0m
[ 41%] [32mBuilding CXX object CMakeFiles/droneutility__rosidl_typesupport_cpp.dir/rosidl_typesupport_cpp/droneutility/srv/drone_register__type_support.cpp.o[0m
[35m[1mScanning dependencies of target droneutility__rosidl_typesupport_fastrtps_cpp[0m
[ 43%] [32mBuilding CXX object CMakeFiles/droneutility__rosidl_typesupport_introspection_cpp.dir/rosidl_typesupport_introspection_cpp/droneutility/srv/detail/drone_register__type_support.cpp.o[0m
[ 46%] [32mBuilding CXX object CMakeFiles/droneutility__rosidl_typesupport_fastrtps_cpp.dir/rosidl_typesupport_fastrtps_cpp/droneutility/srv/detail/dds_fastrtps/drone_register__type_support.cpp.o[0m
[35m[1mScanning dependencies of target droneutility__rosidl_typesupport_c[0m
[ 48%] [32mBuilding CXX object CMakeFiles/droneutility__rosidl_typesupport_c.dir/rosidl_typesupport_c/droneutility/srv/drone_register__type_support.cpp.o[0m
[35m[1mScanning dependencies of target droneutility__rosidl_typesupport_introspection_c[0m
[ 51%] [32m[1mLinking CXX shared library libdroneutility__rosidl_typesupport_cpp.so[0m
[ 53%] [32mBuilding C object CMakeFiles/droneutility__rosidl_typesupport_introspection_c.dir/rosidl_typesupport_introspection_c/droneutility/srv/detail/drone_register__type_support.c.o[0m
[ 56%] [32m[1mLinking CXX shared library libdroneutility__rosidl_typesupport_c.so[0m
[ 58%] [32m[1mLinking C shared library libdroneutility__rosidl_typesupport_introspection_c.so[0m
[ 58%] Built target droneutility__rosidl_typesupport_cpp
[ 58%] Built target droneutility__rosidl_typesupport_c
[ 61%] [32m[1mLinking CXX shared library libdroneutility__rosidl_typesupport_introspection_cpp.so[0m
[ 61%] Built target droneutility__rosidl_typesupport_introspection_c
[ 64%] [32m[1mLinking CXX shared library libdroneutility__rosidl_typesupport_fastrtps_cpp.so[0m
[ 64%] Built target droneutility__rosidl_typesupport_introspection_cpp
[ 64%] Built target droneutility__rosidl_typesupport_fastrtps_cpp
[ 66%] [34m[1mGenerating C type support for eProsima Fast-RTPS[0m
[35m[1mScanning dependencies of target droneutility__rosidl_typesupport_fastrtps_c[0m
[ 69%] [32mBuilding CXX object CMakeFiles/droneutility__rosidl_typesupport_fastrtps_c.dir/rosidl_typesupport_fastrtps_c/droneutility/srv/detail/drone_register__type_support_c.cpp.o[0m
[ 71%] [32m[1mLinking CXX shared library libdroneutility__rosidl_typesupport_fastrtps_c.so[0m
[ 71%] Built target droneutility__rosidl_typesupport_fastrtps_c
[35m[1mScanning dependencies of target droneutility[0m
[ 71%] Built target droneutility
[35m[1mScanning dependencies of target droneutility__py[0m
[ 74%] [34m[1mGenerating Python code for ROS interfaces[0m
[ 74%] Built target droneutility__py
[35m[1mScanning dependencies of target droneutility__python[0m
[ 76%] [32mBuilding C object CMakeFiles/droneutility__python.dir/rosidl_generator_py/droneutility/srv/_drone_register_s.c.o[0m
[ 79%] [32m[1mLinking C shared library rosidl_generator_py/droneutility/libdroneutility__python.so[0m
[ 79%] Built target droneutility__python
[35m[1mScanning dependencies of target droneutility__rosidl_typesupport_introspection_c__pyext[0m
[35m[1mScanning dependencies of target droneutility__rosidl_typesupport_c__pyext[0m
[35m[1mScanning dependencies of target droneutility__rosidl_typesupport_fastrtps_c__pyext[0m
[ 82%] [32mBuilding C object CMakeFiles/droneutility__rosidl_typesupport_fastrtps_c__pyext.dir/rosidl_generator_py/droneutility/_droneutility_s.ep.rosidl_typesupport_fastrtps_c.c.o[0m
[ 87%] [32mBuilding C object CMakeFiles/droneutility__rosidl_typesupport_introspection_c__pyext.dir/rosidl_generator_py/droneutility/_droneutility_s.ep.rosidl_typesupport_introspection_c.c.o[0m
[ 87%] [32mBuilding C object CMakeFiles/droneutility__rosidl_typesupport_c__pyext.dir/rosidl_generator_py/droneutility/_droneutility_s.ep.rosidl_typesupport_c.c.o[0m
[ 89%] [32m[1mLinking C shared library rosidl_generator_py/droneutility/droneutility_s__rosidl_typesupport_introspection_c.cpython-38-x86_64-linux-gnu.so[0m
[ 92%] [32m[1mLinking C shared library rosidl_generator_py/droneutility/droneutility_s__rosidl_typesupport_fastrtps_c.cpython-38-x86_64-linux-gnu.so[0m
[ 94%] [32m[1mLinking C shared library rosidl_generator_py/droneutility/droneutility_s__rosidl_typesupport_c.cpython-38-x86_64-linux-gnu.so[0m
[ 94%] Built target droneutility__rosidl_typesupport_introspection_c__pyext
[ 94%] Built target droneutility__rosidl_typesupport_fastrtps_c__pyext
[ 94%] Built target droneutility__rosidl_typesupport_c__pyext
[ 97%] [32m[1mLinking CXX executable drone[0m
[100%] [32m[1mLinking CXX executable datamanager[0m
[100%] Built target drone
[100%] Built target datamanager
-- Install configuration: ""
-- Installing: /home/jakeluo/Documents/MonitoringSystemRos2/install/droneutility/share/ament_index/resource_index/rosidl_interfaces/droneutility
-- Installing: /home/jakeluo/Documents/MonitoringSystemRos2/install/droneutility/include/droneutility
-- Installing: /home/jakeluo/Documents/MonitoringSystemRos2/install/droneutility/include/droneutility/msg
-- Installing: /home/jakeluo/Documents/MonitoringSystemRos2/install/droneutility/include/droneutility/msg/rosidl_generator_c__visibility_control.h
-- Installing: /home/jakeluo/Documents/MonitoringSystemRos2/install/droneutility/include/droneutility/srv
-- Installing: /home/jakeluo/Documents/MonitoringSystemRos2/install/droneutility/include/droneutility/srv/drone_register.h
-- Installing: /home/jakeluo/Documents/MonitoringSystemRos2/install/droneutility/include/droneutility/srv/detail
-- Installing: /home/jakeluo/Documents/MonitoringSystemRos2/install/droneutility/include/droneutility/srv/detail/drone_register__struct.h
-- Installing: /home/jakeluo/Documents/MonitoringSystemRos2/install/droneutility/include/droneutility/srv/detail/drone_register__type_support.h
-- Installing: /home/jakeluo/Documents/MonitoringSystemRos2/install/droneutility/include/droneutility/srv/detail/drone_register__functions.h
-- Installing: /home/jakeluo/Documents/MonitoringSystemRos2/install/droneutility/include/droneutility/srv/detail/drone_register__functions.c
-- Installing: /home/jakeluo/Documents/MonitoringSystemRos2/install/droneutility/share/droneutility/environment/library_path.sh
-- Installing: /home/jakeluo/Documents/MonitoringSystemRos2/install/droneutility/share/droneutility/environment/library_path.dsv
-- Installing: /home/jakeluo/Documents/MonitoringSystemRos2/install/droneutility/lib/libdroneutility__rosidl_generator_c.so
-- Set runtime path of "/home/jakeluo/Documents/MonitoringSystemRos2/install/droneutility/lib/libdroneutility__rosidl_generator_c.so" to ""
-- Up-to-date: /home/jakeluo/Documents/MonitoringSystemRos2/install/droneutility/include/droneutility
-- Up-to-date: /home/jakeluo/Documents/MonitoringSystemRos2/install/droneutility/include/droneutility/msg
-- Installing: /home/jakeluo/Documents/MonitoringSystemRos2/install/droneutility/include/droneutility/msg/rosidl_typesupport_introspection_c__visibility_control.h
-- Up-to-date: /home/jakeluo/Documents/MonitoringSystemRos2/install/droneutility/include/droneutility/srv
-- Up-to-date: /home/jakeluo/Documents/MonitoringSystemRos2/install/droneutility/include/droneutility/srv/detail
-- Installing: /home/jakeluo/Documents/MonitoringSystemRos2/install/droneutility/include/droneutility/srv/detail/drone_register__type_support.c
-- Installing: /home/jakeluo/Documents/MonitoringSystemRos2/install/droneutility/include/droneutility/srv/detail/drone_register__rosidl_typesupport_introspection_c.h
-- Installing: /home/jakeluo/Documents/MonitoringSystemRos2/install/droneutility/lib/libdroneutility__rosidl_typesupport_introspection_c.so
-- Set runtime path of "/home/jakeluo/Documents/MonitoringSystemRos2/install/droneutility/lib/libdroneutility__rosidl_typesupport_introspection_c.so" to ""
-- Up-to-date: /home/jakeluo/Documents/MonitoringSystemRos2/install/droneutility/include/droneutility
-- Up-to-date: /home/jakeluo/Documents/MonitoringSystemRos2/install/droneutility/include/droneutility/msg
-- Installing: /home/jakeluo/Documents/MonitoringSystemRos2/install/droneutility/include/droneutility/msg/rosidl_typesupport_fastrtps_c__visibility_control.h
-- Up-to-date: /home/jakeluo/Documents/MonitoringSystemRos2/install/droneutility/include/droneutility/srv
-- Up-to-date: /home/jakeluo/Documents/MonitoringSystemRos2/install/droneutility/include/droneutility/srv/detail
-- Installing: /home/jakeluo/Documents/MonitoringSystemRos2/install/droneutility/include/droneutility/srv/detail/drone_register__rosidl_typesupport_fastrtps_c.h
-- Installing: /home/jakeluo/Documents/MonitoringSystemRos2/install/droneutility/lib/libdroneutility__rosidl_typesupport_fastrtps_c.so
-- Set runtime path of "/home/jakeluo/Documents/MonitoringSystemRos2/install/droneutility/lib/libdroneutility__rosidl_typesupport_fastrtps_c.so" to ""
-- Up-to-date: /home/jakeluo/Documents/MonitoringSystemRos2/install/droneutility/include/droneutility
-- Up-to-date: /home/jakeluo/Documents/MonitoringSystemRos2/install/droneutility/include/droneutility/msg
-- Installing: /home/jakeluo/Documents/MonitoringSystemRos2/install/droneutility/include/droneutility/msg/rosidl_typesupport_fastrtps_cpp__visibility_control.h
-- Up-to-date: /home/jakeluo/Documents/MonitoringSystemRos2/install/droneutility/include/droneutility/srv
-- Up-to-date: /home/jakeluo/Documents/MonitoringSystemRos2/install/droneutility/include/droneutility/srv/detail
-- Installing: /home/jakeluo/Documents/MonitoringSystemRos2/install/droneutility/include/droneutility/srv/detail/drone_register__rosidl_typesupport_fastrtps_cpp.hpp
-- Installing: /home/jakeluo/Documents/MonitoringSystemRos2/install/droneutility/include/droneutility/srv/detail/dds_fastrtps
-- Installing: /home/jakeluo/Documents/MonitoringSystemRos2/install/droneutility/lib/libdroneutility__rosidl_typesupport_fastrtps_cpp.so
-- Set runtime path of "/home/jakeluo/Documents/MonitoringSystemRos2/install/droneutility/lib/libdroneutility__rosidl_typesupport_fastrtps_cpp.so" to ""
-- Installing: /home/jakeluo/Documents/MonitoringSystemRos2/install/droneutility/lib/libdroneutility__rosidl_typesupport_c.so
-- Set runtime path of "/home/jakeluo/Documents/MonitoringSystemRos2/install/droneutility/lib/libdroneutility__rosidl_typesupport_c.so" to ""
-- Up-to-date: /home/jakeluo/Documents/MonitoringSystemRos2/install/droneutility/include/droneutility
-- Up-to-date: /home/jakeluo/Documents/MonitoringSystemRos2/install/droneutility/include/droneutility/srv
-- Installing: /home/jakeluo/Documents/MonitoringSystemRos2/install/droneutility/include/droneutility/srv/drone_register.hpp
-- Up-to-date: /home/jakeluo/Documents/MonitoringSystemRos2/install/droneutility/include/droneutility/srv/detail
-- Installing: /home/jakeluo/Documents/MonitoringSystemRos2/install/droneutility/include/droneutility/srv/detail/drone_register__struct.hpp
-- Installing: /home/jakeluo/Documents/MonitoringSystemRos2/install/droneutility/include/droneutility/srv/detail/drone_register__traits.hpp
-- Installing: /home/jakeluo/Documents/MonitoringSystemRos2/install/droneutility/include/droneutility/srv/detail/drone_register__builder.hpp
-- Up-to-date: /home/jakeluo/Documents/MonitoringSystemRos2/install/droneutility/include/droneutility
-- Up-to-date: /home/jakeluo/Documents/MonitoringSystemRos2/install/droneutility/include/droneutility/srv
-- Up-to-date: /home/jakeluo/Documents/MonitoringSystemRos2/install/droneutility/include/droneutility/srv/detail
-- Installing: /home/jakeluo/Documents/MonitoringSystemRos2/install/droneutility/include/droneutility/srv/detail/drone_register__rosidl_typesupport_introspection_cpp.hpp
-- Installing: /home/jakeluo/Documents/MonitoringSystemRos2/install/droneutility/include/droneutility/srv/detail/drone_register__type_support.cpp
-- Installing: /home/jakeluo/Documents/MonitoringSystemRos2/install/droneutility/lib/libdroneutility__rosidl_typesupport_introspection_cpp.so
-- Set runtime path of "/home/jakeluo/Documents/MonitoringSystemRos2/install/droneutility/lib/libdroneutility__rosidl_typesupport_introspection_cpp.so" to ""
-- Installing: /home/jakeluo/Documents/MonitoringSystemRos2/install/droneutility/lib/libdroneutility__rosidl_typesupport_cpp.so
-- Set runtime path of "/home/jakeluo/Documents/MonitoringSystemRos2/install/droneutility/lib/libdroneutility__rosidl_typesupport_cpp.so" to ""
-- Installing: /home/jakeluo/Documents/MonitoringSystemRos2/install/droneutility/share/droneutility/environment/pythonpath.sh
-- Installing: /home/jakeluo/Documents/MonitoringSystemRos2/install/droneutility/share/droneutility/environment/pythonpath.dsv
-- Installing: /home/jakeluo/Documents/MonitoringSystemRos2/install/droneutility/lib/python3.8/site-packages/droneutility-0.0.0-py3.8.egg-info
-- Installing: /home/jakeluo/Documents/MonitoringSystemRos2/install/droneutility/lib/python3.8/site-packages/droneutility-0.0.0-py3.8.egg-info/top_level.txt
-- Installing: /home/jakeluo/Documents/MonitoringSystemRos2/install/droneutility/lib/python3.8/site-packages/droneutility-0.0.0-py3.8.egg-info/dependency_links.txt
-- Installing: /home/jakeluo/Documents/MonitoringSystemRos2/install/droneutility/lib/python3.8/site-packages/droneutility-0.0.0-py3.8.egg-info/PKG-INFO
-- Installing: /home/jakeluo/Documents/MonitoringSystemRos2/install/droneutility/lib/python3.8/site-packages/droneutility-0.0.0-py3.8.egg-info/SOURCES.txt
-- Installing: /home/jakeluo/Documents/MonitoringSystemRos2/install/droneutility/lib/python3.8/site-packages/droneutility
-- Installing: /home/jakeluo/Documents/MonitoringSystemRos2/install/droneutility/lib/python3.8/site-packages/droneutility/_droneutility_s.ep.rosidl_typesupport_c.c
-- Installing: /home/jakeluo/Documents/MonitoringSystemRos2/install/droneutility/lib/python3.8/site-packages/droneutility/droneutility_s__rosidl_typesupport_c.cpython-38-x86_64-linux-gnu.so
-- Installing: /home/jakeluo/Documents/MonitoringSystemRos2/install/droneutility/lib/python3.8/site-packages/droneutility/_droneutility_s.ep.rosidl_typesupport_fastrtps_c.c
-- Installing: /home/jakeluo/Documents/MonitoringSystemRos2/install/droneutility/lib/python3.8/site-packages/droneutility/srv
-- Installing: /home/jakeluo/Documents/MonitoringSystemRos2/install/droneutility/lib/python3.8/site-packages/droneutility/srv/_drone_register.py
-- Installing: /home/jakeluo/Documents/MonitoringSystemRos2/install/droneutility/lib/python3.8/site-packages/droneutility/srv/_drone_register_s.c
-- Installing: /home/jakeluo/Documents/MonitoringSystemRos2/install/droneutility/lib/python3.8/site-packages/droneutility/srv/__init__.py
-- Installing: /home/jakeluo/Documents/MonitoringSystemRos2/install/droneutility/lib/python3.8/site-packages/droneutility/droneutility_s__rosidl_typesupport_introspection_c.cpython-38-x86_64-linux-gnu.so
-- Installing: /home/jakeluo/Documents/MonitoringSystemRos2/install/droneutility/lib/python3.8/site-packages/droneutility/__init__.py
-- Installing: /home/jakeluo/Documents/MonitoringSystemRos2/install/droneutility/lib/python3.8/site-packages/droneutility/_droneutility_s.ep.rosidl_typesupport_introspection_c.c
-- Installing: /home/jakeluo/Documents/MonitoringSystemRos2/install/droneutility/lib/python3.8/site-packages/droneutility/droneutility_s__rosidl_typesupport_fastrtps_c.cpython-38-x86_64-linux-gnu.so
-- Installing: /home/jakeluo/Documents/MonitoringSystemRos2/install/droneutility/lib/python3.8/site-packages/droneutility/libdroneutility__python.so
Listing '/home/jakeluo/Documents/MonitoringSystemRos2/install/droneutility/lib/python3.8/site-packages/droneutility'...
Compiling '/home/jakeluo/Documents/MonitoringSystemRos2/install/droneutility/lib/python3.8/site-packages/droneutility/__init__.py'...
Listing '/home/jakeluo/Documents/MonitoringSystemRos2/install/droneutility/lib/python3.8/site-packages/droneutility/srv'...
Compiling '/home/jakeluo/Documents/MonitoringSystemRos2/install/droneutility/lib/python3.8/site-packages/droneutility/srv/__init__.py'...
Compiling '/home/jakeluo/Documents/MonitoringSystemRos2/install/droneutility/lib/python3.8/site-packages/droneutility/srv/_drone_register.py'...
-- Installing: /home/jakeluo/Documents/MonitoringSystemRos2/install/droneutility/lib/python3.8/site-packages/droneutility/droneutility_s__rosidl_typesupport_introspection_c.cpython-38-x86_64-linux-gnu.so
-- Set runtime path of "/home/jakeluo/Documents/MonitoringSystemRos2/install/droneutility/lib/python3.8/site-packages/droneutility/droneutility_s__rosidl_typesupport_introspection_c.cpython-38-x86_64-linux-gnu.so" to ""
-- Installing: /home/jakeluo/Documents/MonitoringSystemRos2/install/droneutility/lib/python3.8/site-packages/droneutility/droneutility_s__rosidl_typesupport_fastrtps_c.cpython-38-x86_64-linux-gnu.so
-- Set runtime path of "/home/jakeluo/Documents/MonitoringSystemRos2/install/droneutility/lib/python3.8/site-packages/droneutility/droneutility_s__rosidl_typesupport_fastrtps_c.cpython-38-x86_64-linux-gnu.so" to ""
-- Installing: /home/jakeluo/Documents/MonitoringSystemRos2/install/droneutility/lib/python3.8/site-packages/droneutility/droneutility_s__rosidl_typesupport_c.cpython-38-x86_64-linux-gnu.so
-- Set runtime path of "/home/jakeluo/Documents/MonitoringSystemRos2/install/droneutility/lib/python3.8/site-packages/droneutility/droneutility_s__rosidl_typesupport_c.cpython-38-x86_64-linux-gnu.so" to ""
-- Installing: /home/jakeluo/Documents/MonitoringSystemRos2/install/droneutility/lib/libdroneutility__python.so
-- Set runtime path of "/home/jakeluo/Documents/MonitoringSystemRos2/install/droneutility/lib/libdroneutility__python.so" to ""
-- Installing: /home/jakeluo/Documents/MonitoringSystemRos2/install/droneutility/share/droneutility/srv/DroneRegister.idl
-- Installing: /home/jakeluo/Documents/MonitoringSystemRos2/install/droneutility/share/droneutility/srv/DroneRegister.srv
-- Installing: /home/jakeluo/Documents/MonitoringSystemRos2/install/droneutility/share/droneutility/srv/DroneRegister_Request.msg
-- Installing: /home/jakeluo/Documents/MonitoringSystemRos2/install/droneutility/share/droneutility/srv/DroneRegister_Response.msg
-- Installing: /home/jakeluo/Documents/MonitoringSystemRos2/install/droneutility/lib/droneutility/recv
-- Installing: /home/jakeluo/Documents/MonitoringSystemRos2/install/droneutility/lib/droneutility/send
-- Installing: /home/jakeluo/Documents/MonitoringSystemRos2/install/droneutility/lib/droneutility/datamanager
-- Set runtime path of "/home/jakeluo/Documents/MonitoringSystemRos2/install/droneutility/lib/droneutility/datamanager" to ""
-- Installing: /home/jakeluo/Documents/MonitoringSystemRos2/install/droneutility/lib/droneutility/drone
-- Set runtime path of "/home/jakeluo/Documents/MonitoringSystemRos2/install/droneutility/lib/droneutility/drone" to ""
-- Installing: /home/jakeluo/Documents/MonitoringSystemRos2/install/droneutility/share/ament_index/resource_index/package_run_dependencies/droneutility
-- Installing: /home/jakeluo/Documents/MonitoringSystemRos2/install/droneutility/share/ament_index/resource_index/parent_prefix_path/droneutility
-- Installing: /home/jakeluo/Documents/MonitoringSystemRos2/install/droneutility/share/droneutility/environment/ament_prefix_path.dsv
-- Installing: /home/jakeluo/Documents/MonitoringSystemRos2/install/droneutility/share/droneutility/environment/path.dsv
-- Up-to-date: /home/jakeluo/Documents/MonitoringSystemRos2/install/droneutility/share/droneutility/local_setup.bash
-- Installing: /home/jakeluo/Documents/MonitoringSystemRos2/install/droneutility/share/droneutility/local_setup.sh
-- Up-to-date: /home/jakeluo/Documents/MonitoringSystemRos2/install/droneutility/share/droneutility/local_setup.zsh
-- Installing: /home/jakeluo/Documents/MonitoringSystemRos2/install/droneutility/share/droneutility/local_setup.dsv
-- Installing: /home/jakeluo/Documents/MonitoringSystemRos2/install/droneutility/share/droneutility/package.dsv
-- Up-to-date: /home/jakeluo/Documents/MonitoringSystemRos2/install/droneutility/share/ament_index/resource_index/packages/droneutility
-- Installing: /home/jakeluo/Documents/MonitoringSystemRos2/install/droneutility/share/droneutility/cmake/droneutility__rosidl_generator_cExport.cmake
-- Installing: /home/jakeluo/Documents/MonitoringSystemRos2/install/droneutility/share/droneutility/cmake/droneutility__rosidl_generator_cExport-noconfig.cmake
-- Installing: /home/jakeluo/Documents/MonitoringSystemRos2/install/droneutility/share/droneutility/cmake/droneutility__rosidl_typesupport_introspection_cExport.cmake
-- Installing: /home/jakeluo/Documents/MonitoringSystemRos2/install/droneutility/share/droneutility/cmake/droneutility__rosidl_typesupport_introspection_cExport-noconfig.cmake
-- Installing: /home/jakeluo/Documents/MonitoringSystemRos2/install/droneutility/share/droneutility/cmake/droneutility__rosidl_typesupport_cExport.cmake
-- Installing: /home/jakeluo/Documents/MonitoringSystemRos2/install/droneutility/share/droneutility/cmake/droneutility__rosidl_typesupport_cExport-noconfig.cmake
-- Installing: /home/jakeluo/Documents/MonitoringSystemRos2/install/droneutility/share/droneutility/cmake/droneutility__rosidl_generator_cppExport.cmake
-- Installing: /home/jakeluo/Documents/MonitoringSystemRos2/install/droneutility/share/droneutility/cmake/droneutility__rosidl_typesupport_introspection_cppExport.cmake
-- Installing: /home/jakeluo/Documents/MonitoringSystemRos2/install/droneutility/share/droneutility/cmake/droneutility__rosidl_typesupport_introspection_cppExport-noconfig.cmake
-- Installing: /home/jakeluo/Documents/MonitoringSystemRos2/install/droneutility/share/droneutility/cmake/droneutility__rosidl_typesupport_cppExport.cmake
-- Installing: /home/jakeluo/Documents/MonitoringSystemRos2/install/droneutility/share/droneutility/cmake/droneutility__rosidl_typesupport_cppExport-noconfig.cmake
-- Installing: /home/jakeluo/Documents/MonitoringSystemRos2/install/droneutility/share/droneutility/cmake/rosidl_cmake-extras.cmake
-- Installing: /home/jakeluo/Documents/MonitoringSystemRos2/install/droneutility/share/droneutility/cmake/ament_cmake_export_dependencies-extras.cmake
-- Installing: /home/jakeluo/Documents/MonitoringSystemRos2/install/droneutility/share/droneutility/cmake/ament_cmake_export_libraries-extras.cmake
-- Installing: /home/jakeluo/Documents/MonitoringSystemRos2/install/droneutility/share/droneutility/cmake/ament_cmake_export_targets-extras.cmake
-- Installing: /home/jakeluo/Documents/MonitoringSystemRos2/install/droneutility/share/droneutility/cmake/ament_cmake_export_include_directories-extras.cmake
-- Installing: /home/jakeluo/Documents/MonitoringSystemRos2/install/droneutility/share/droneutility/cmake/rosidl_cmake_export_typesupport_targets-extras.cmake
-- Installing: /home/jakeluo/Documents/MonitoringSystemRos2/install/droneutility/share/droneutility/cmake/rosidl_cmake_export_typesupport_libraries-extras.cmake
-- Installing: /home/jakeluo/Documents/MonitoringSystemRos2/install/droneutility/share/droneutility/cmake/droneutilityConfig.cmake
-- Up-to-date: /home/jakeluo/Documents/MonitoringSystemRos2/install/droneutility/share/droneutility/cmake/droneutilityConfig-version.cmake
-- Installing: /home/jakeluo/Documents/MonitoringSystemRos2/install/droneutility/share/droneutility/package.xml
