[0.036s] Invoking command in '/home/jakeluo/Documents/MonitoringSystemRos2/build/droneutility': CMAKE_PREFIX_PATH=${CMAKE_PREFIX_PATH}:/home/jakeluo/Software/ros2_rolling/install/rqt_bag_plugins:/home/jakeluo/Software/ros2_rolling/install/rqt_bag:/home/jakeluo/Software/ros2_rolling/install/ros2bag:/home/jakeluo/Software/ros2_rolling/install/tracetools_test:/home/jakeluo/Software/ros2_rolling/install/tracetools_launch:/home/jakeluo/Software/ros2_rolling/install/topic_monitor:/home/jakeluo/Software/ros2_rolling/install/tf2_tools:/home/jakeluo/Software/ros2_rolling/install/examples_tf2_py:/home/jakeluo/Software/ros2_rolling/install/tf2_ros_py:/home/jakeluo/Software/ros2_rolling/install/sros2:/home/jakeluo/Software/ros2_rolling/install/rqt_topic:/home/jakeluo/Software/ros2_rolling/install/rqt_top:/home/jakeluo/Software/ros2_rolling/install/rqt_srv:/home/jakeluo/Software/ros2_rolling/install/rqt_shell:/home/jakeluo/Software/ros2_rolling/install/rqt_service_caller:/home/jakeluo/Software/ros2_rolling/install/rqt_reconfigure:/home/jakeluo/Software/ros2_rolling/install/rqt_py_console:/home/jakeluo/Software/ros2_rolling/install/rqt_publisher:/home/jakeluo/Software/ros2_rolling/install/rqt_plot:/home/jakeluo/Software/ros2_rolling/install/rqt_action:/home/jakeluo/Software/ros2_rolling/install/rqt_msg:/home/jakeluo/Software/ros2_rolling/install/rqt_console:/home/jakeluo/Software/ros2_rolling/install/rqt:/home/jakeluo/Software/ros2_rolling/install/rqt_graph:/home/jakeluo/Software/ros2_rolling/install/rqt_gui_py:/home/jakeluo/Software/ros2_rolling/install/rqt_gui:/home/jakeluo/Software/ros2_rolling/install/ros2trace:/home/jakeluo/Software/ros2_rolling/install/ros2topic:/home/jakeluo/Software/ros2_rolling/install/ros2test:/home/jakeluo/Software/ros2_rolling/install/ros2component:/home/jakeluo/Software/ros2_rolling/install/ros2param:/home/jakeluo/Software/ros2_rolling/install/ros2lifecycle:/home/jakeluo/Software/ros2_rolling/install/ros2service:/home/jakeluo/Software/ros2_rolling/install/ros2run:/home/jakeluo/Software/ros2_rolling/install/ros2launch:/home/jakeluo/Software/ros2_rolling/install/ros2pkg:/home/jakeluo/Software/ros2_rolling/install/ros2node:/home/jakeluo/Software/ros2_rolling/install/ros2multicast:/home/jakeluo/Software/ros2_rolling/install/ros2interface:/home/jakeluo/Software/ros2_rolling/install/ros2doctor:/home/jakeluo/Software/ros2_rolling/install/ros2action:/home/jakeluo/Software/ros2_rolling/install/ros2cli:/home/jakeluo/Software/ros2_rolling/install/quality_of_service_demo_py:/home/jakeluo/Software/ros2_rolling/install/launch_testing_ros:/home/jakeluo/Software/ros2_rolling/install/launch_ros:/home/jakeluo/Software/ros2_rolling/install/examples_rclpy_pointcloud_publisher:/home/jakeluo/Software/ros2_rolling/install/examples_rclpy_minimal_subscriber:/home/jakeluo/Software/ros2_rolling/install/examples_rclpy_minimal_service:/home/jakeluo/Software/ros2_rolling/install/examples_rclpy_minimal_publisher:/home/jakeluo/Software/ros2_rolling/install/examples_rclpy_minimal_client:/home/jakeluo/Software/ros2_rolling/install/examples_rclpy_minimal_action_server:/home/jakeluo/Software/ros2_rolling/install/examples_rclpy_minimal_action_client:/home/jakeluo/Software/ros2_rolling/install/examples_rclpy_guard_conditions:/home/jakeluo/Software/ros2_rolling/install/examples_rclpy_executors:/home/jakeluo/Software/ros2_rolling/install/demo_nodes_py:/home/jakeluo/Software/ros2_rolling/install/action_tutorials_py:/home/jakeluo/Software/ros2_rolling/install/ament_uncrustify:/home/jakeluo/Software/ros2_rolling/install/tracetools_trace:/home/jakeluo/Software/ros2_rolling/install/tracetools_read:/home/jakeluo/Software/ros2_rolling/install/test_launch_ros:/home/jakeluo/Software/ros2_rolling/install/sensor_msgs_py:/home/jakeluo/Software/ros2_rolling/install/rpyutils:/home/jakeluo/Software/ros2_rolling/install/rosidl_runtime_py:/home/jakeluo/Software/ros2_rolling/install/rosidl_cli:/home/jakeluo/Software/ros2_rolling/install/launch_yaml:/home/jakeluo/Software/ros2_rolling/install/launch_xml:/home/jakeluo/Software/ros2_rolling/install/launch_testing:/home/jakeluo/Software/ros2_rolling/install/launch:/home/jakeluo/Software/ros2_rolling/install/osrf_pycommon:/home/jakeluo/Software/ros2_rolling/install/domain_coordinator:/home/jakeluo/Software/ros2_rolling/install/ament_xmllint:/home/jakeluo/Software/ros2_rolling/install/ament_pyflakes:/home/jakeluo/Software/ros2_rolling/install/ament_pycodestyle:/home/jakeluo/Software/ros2_rolling/install/ament_pep257:/home/jakeluo/Software/ros2_rolling/install/ament_pclint:/home/jakeluo/Software/ros2_rolling/install/ament_package:/home/jakeluo/Software/ros2_rolling/install/ament_mypy:/home/jakeluo/Software/ros2_rolling/install/ament_lint_cmake:/home/jakeluo/Software/ros2_rolling/install/ament_flake8:/home/jakeluo/Software/ros2_rolling/install/ament_copyright:/home/jakeluo/Software/ros2_rolling/install/ament_lint:/home/jakeluo/Software/ros2_rolling/install/ament_index_python:/home/jakeluo/Software/ros2_rolling/install/ament_cpplint:/home/jakeluo/Software/ros2_rolling/install/ament_cppcheck:/home/jakeluo/Software/ros2_rolling/install/ament_clang_tidy:/home/jakeluo/Software/ros2_rolling/install/ament_clang_format /usr/bin/cmake --build /home/jakeluo/Documents/MonitoringSystemRos2/build/droneutility -- -j12 -l12
[0.084s] -- Found ament_cmake: 1.1.4 (/home/jakeluo/Software/ros2_rolling/install/ament_cmake/share/ament_cmake/cmake)
[0.570s] -- Found rclcpp: 13.0.0 (/home/jakeluo/Software/ros2_rolling/install/rclcpp/share/rclcpp/cmake)
[0.655s] -- Using all available rosidl_typesupport_c: rosidl_typesupport_introspection_c;rosidl_typesupport_fastrtps_c
[0.658s] -- Found rosidl_adapter: 2.5.0 (/home/jakeluo/Software/ros2_rolling/install/rosidl_adapter/share/rosidl_adapter/cmake)
[0.713s] -- Using all available rosidl_typesupport_cpp: rosidl_typesupport_introspection_cpp;rosidl_typesupport_fastrtps_cpp
[0.760s] -- Found rmw_implementation_cmake: 5.0.0 (/home/jakeluo/Software/ros2_rolling/install/rmw_implementation_cmake/share/rmw_implementation_cmake/cmake)
[0.787s] -- Found rmw_cyclonedds_cpp: 0.24.0 (/home/jakeluo/Software/ros2_rolling/install/rmw_cyclonedds_cpp/share/rmw_cyclonedds_cpp/cmake)
[0.827s] -- Using RMW implementation 'rmw_cyclonedds_cpp' as default
[0.942s] -- Found rosidl_default_generators: 1.1.1 (/home/jakeluo/Software/ros2_rolling/install/rosidl_default_generators/share/rosidl_default_generators/cmake)
[2.169s] -- Found ament_cmake_ros: 0.9.2 (/home/jakeluo/Software/ros2_rolling/install/ament_cmake_ros/share/ament_cmake_ros/cmake)
[3.211s] -- Using all available rosidl_typesupport_c: rosidl_typesupport_introspection_c;rosidl_typesupport_fastrtps_c
[4.113s] -- Using all available rosidl_typesupport_cpp: rosidl_typesupport_introspection_cpp;rosidl_typesupport_fastrtps_cpp
[4.247s] -- Found PythonInterp: /usr/bin/python3 (found suitable version "3.8.10", minimum required is "3.5") 
[4.260s] -- Found python_cmake_module: 0.8.1 (/home/jakeluo/Software/ros2_rolling/install/python_cmake_module/share/python_cmake_module/cmake)
[4.344s] -- Found PythonLibs: /usr/lib/x86_64-linux-gnu/libpython3.8.so (found suitable version "3.8.10", minimum required is "3.5") 
[4.345s] -- Using PYTHON_EXECUTABLE: /usr/bin/python3
[4.345s] -- Using PYTHON_INCLUDE_DIRS: /usr/include/python3.8
[4.345s] -- Using PYTHON_LIBRARIES: /usr/lib/x86_64-linux-gnu/libpython3.8.so
[4.407s] -- Found PythonExtra: .so  
[4.898s] -- Found ament_lint_auto: 0.11.2 (/home/jakeluo/Software/ros2_rolling/install/ament_lint_auto/share/ament_lint_auto/cmake)
[4.911s] -- Added test 'copyright' to check source files copyright and LICENSE
[4.912s] -- Added test 'cppcheck' to perform static code analysis on C / C++ code
[4.913s] -- Configured cppcheck include dirs: $<BUILD_INTERFACE:/home/jakeluo/Documents/MonitoringSystemRos2/src/droneutility/include>
[4.913s] -- Configured cppcheck exclude dirs and/or files: 
[4.914s] -- Added test 'cpplint' to check C / C++ code against the Google style
[4.914s] -- Configured cpplint exclude dirs and/or files: 
[4.914s] -- Added test 'lint_cmake' to check CMake code style
[4.915s] -- Added test 'uncrustify' to check C / C++ code style
[4.916s] -- Configured uncrustify additional arguments: 
[4.916s] -- Added test 'xmllint' to check XML markup files
[4.921s] -- Configuring done
[4.959s] -- Generating done
[4.962s] -- Build files have been written to: /home/jakeluo/Documents/MonitoringSystemRos2/build/droneutility
[5.016s] [  2%] [34m[1mGenerating C code for ROS interfaces[0m
[5.017s] [35m[1mScanning dependencies of target ament_cmake_python_symlink_droneutility[0m
[5.017s] [35m[1mScanning dependencies of target recv[0m
[5.017s] [35m[1mScanning dependencies of target datamanager[0m
[5.019s] [35m[1mScanning dependencies of target drone[0m
[5.019s] [35m[1mScanning dependencies of target droneutility__cpp[0m
[5.021s] [35m[1mScanning dependencies of target send[0m
[5.043s] [  5%] [32mBuilding CXX object CMakeFiles/recv.dir/src/recv.cpp.o[0m
[5.046s] [  7%] [32mBuilding CXX object CMakeFiles/send.dir/src/send.cpp.o[0m
[5.050s] [ 10%] [34m[1mGenerating C++ code for ROS interfaces[0m
[5.063s] [ 12%] [32mBuilding CXX object CMakeFiles/drone.dir/src/drone.cpp.o[0m
[5.074s] [ 12%] Built target ament_cmake_python_symlink_droneutility
[5.076s] [ 15%] [32mBuilding CXX object CMakeFiles/datamanager.dir/src/dataManager.cpp.o[0m
[5.099s] [35m[1mScanning dependencies of target ament_cmake_python_build_droneutility_egg[0m
[5.276s] [01m[K/home/jakeluo/Documents/MonitoringSystemRos2/src/droneutility/src/send.cpp:[m[K In function ‘[01m[Kint main(int, char**)[m[K’:
[5.277s] [01m[K/home/jakeluo/Documents/MonitoringSystemRos2/src/droneutility/src/send.cpp:12:14:[m[K [01;35m[Kwarning: [m[Kunused parameter ‘[01m[Kargc[m[K’ [[01;35m[K-Wunused-parameter[m[K]
[5.277s]    12 | int main([01;35m[Kint argc[m[K, char** argv)
[5.277s]       |          [01;35m[K~~~~^~~~[m[K
[5.337s] [ 17%] [32m[1mLinking CXX executable send[0m
[5.363s] [ 20%] [32m[1mLinking CXX executable recv[0m
[5.473s] [ 20%] Built target droneutility__cpp
[5.478s] [ 20%] Built target send
[5.506s] [ 23%] [34m[1mGenerating C++ introspection for ROS interfaces[0m
[5.507s] [ 25%] [34m[1mGenerating C++ type support dispatch for ROS interfaces[0m
[5.519s] [ 28%] [34m[1mGenerating C++ type support for eProsima Fast-RTPS[0m
[5.519s] [ 28%] Built target recv
[5.586s] [35m[1mScanning dependencies of target droneutility__rosidl_generator_c[0m
[5.622s] [ 30%] [32mBuilding C object CMakeFiles/droneutility__rosidl_generator_c.dir/rosidl_generator_c/droneutility/srv/detail/drone_register__functions.c.o[0m
[5.675s] running egg_info
[5.676s] creating droneutility.egg-info
[5.676s] writing droneutility.egg-info/PKG-INFO
[5.678s] writing dependency_links to droneutility.egg-info/dependency_links.txt
[5.678s] writing top-level names to droneutility.egg-info/top_level.txt
[5.682s] writing manifest file 'droneutility.egg-info/SOURCES.txt'
[5.686s] reading manifest file 'droneutility.egg-info/SOURCES.txt'
[5.686s] writing manifest file 'droneutility.egg-info/SOURCES.txt'
[5.714s] [ 33%] [32m[1mLinking C shared library libdroneutility__rosidl_generator_c.so[0m
[5.736s] [ 33%] Built target ament_cmake_python_build_droneutility_egg
[5.769s] [ 33%] Built target droneutility__rosidl_generator_c
[5.792s] [ 35%] [34m[1mGenerating C type support dispatch for ROS interfaces[0m
[5.801s] [ 38%] [34m[1mGenerating C introspection for ROS interfaces[0m
[6.028s] [35m[1mScanning dependencies of target droneutility__rosidl_typesupport_cpp[0m
[6.054s] [35m[1mScanning dependencies of target droneutility__rosidl_typesupport_introspection_cpp[0m
[6.059s] [ 41%] [32mBuilding CXX object CMakeFiles/droneutility__rosidl_typesupport_cpp.dir/rosidl_typesupport_cpp/droneutility/srv/drone_register__type_support.cpp.o[0m
[6.074s] [35m[1mScanning dependencies of target droneutility__rosidl_typesupport_fastrtps_cpp[0m
[6.090s] [ 43%] [32mBuilding CXX object CMakeFiles/droneutility__rosidl_typesupport_introspection_cpp.dir/rosidl_typesupport_introspection_cpp/droneutility/srv/detail/drone_register__type_support.cpp.o[0m
[6.114s] [ 46%] [32mBuilding CXX object CMakeFiles/droneutility__rosidl_typesupport_fastrtps_cpp.dir/rosidl_typesupport_fastrtps_cpp/droneutility/srv/detail/dds_fastrtps/drone_register__type_support.cpp.o[0m
[6.305s] [35m[1mScanning dependencies of target droneutility__rosidl_typesupport_c[0m
[6.339s] [ 48%] [32mBuilding CXX object CMakeFiles/droneutility__rosidl_typesupport_c.dir/rosidl_typesupport_c/droneutility/srv/drone_register__type_support.cpp.o[0m
[6.354s] [35m[1mScanning dependencies of target droneutility__rosidl_typesupport_introspection_c[0m
[6.374s] [ 51%] [32m[1mLinking CXX shared library libdroneutility__rosidl_typesupport_cpp.so[0m
[6.389s] [ 53%] [32mBuilding C object CMakeFiles/droneutility__rosidl_typesupport_introspection_c.dir/rosidl_typesupport_introspection_c/droneutility/srv/detail/drone_register__type_support.c.o[0m
[6.399s] [ 56%] [32m[1mLinking CXX shared library libdroneutility__rosidl_typesupport_c.so[0m
[6.464s] [ 58%] [32m[1mLinking C shared library libdroneutility__rosidl_typesupport_introspection_c.so[0m
[6.465s] [ 58%] Built target droneutility__rosidl_typesupport_cpp
[6.466s] [ 58%] Built target droneutility__rosidl_typesupport_c
[6.486s] [ 61%] [32m[1mLinking CXX shared library libdroneutility__rosidl_typesupport_introspection_cpp.so[0m
[6.521s] [ 61%] Built target droneutility__rosidl_typesupport_introspection_c
[6.582s] [ 64%] [32m[1mLinking CXX shared library libdroneutility__rosidl_typesupport_fastrtps_cpp.so[0m
[6.583s] [ 64%] Built target droneutility__rosidl_typesupport_introspection_cpp
[6.674s] [ 64%] Built target droneutility__rosidl_typesupport_fastrtps_cpp
[6.697s] [ 66%] [34m[1mGenerating C type support for eProsima Fast-RTPS[0m
[7.036s] [35m[1mScanning dependencies of target droneutility__rosidl_typesupport_fastrtps_c[0m
[7.067s] [ 69%] [32mBuilding CXX object CMakeFiles/droneutility__rosidl_typesupport_fastrtps_c.dir/rosidl_typesupport_fastrtps_c/droneutility/srv/detail/drone_register__type_support_c.cpp.o[0m
[7.386s] [ 71%] [32m[1mLinking CXX shared library libdroneutility__rosidl_typesupport_fastrtps_c.so[0m
[7.474s] [ 71%] Built target droneutility__rosidl_typesupport_fastrtps_c
[7.497s] [35m[1mScanning dependencies of target droneutility[0m
[7.524s] [ 71%] Built target droneutility
[7.546s] [35m[1mScanning dependencies of target droneutility__py[0m
[7.569s] [ 74%] [34m[1mGenerating Python code for ROS interfaces[0m
[8.125s] [ 74%] Built target droneutility__py
[8.149s] [35m[1mScanning dependencies of target droneutility__python[0m
[8.194s] [ 76%] [32mBuilding C object CMakeFiles/droneutility__python.dir/rosidl_generator_py/droneutility/srv/_drone_register_s.c.o[0m
[8.298s] [ 79%] [32m[1mLinking C shared library rosidl_generator_py/droneutility/libdroneutility__python.so[0m
[8.369s] [ 79%] Built target droneutility__python
[8.399s] [35m[1mScanning dependencies of target droneutility__rosidl_typesupport_introspection_c__pyext[0m
[8.399s] [35m[1mScanning dependencies of target droneutility__rosidl_typesupport_c__pyext[0m
[8.400s] [35m[1mScanning dependencies of target droneutility__rosidl_typesupport_fastrtps_c__pyext[0m
[8.441s] [ 82%] [32mBuilding C object CMakeFiles/droneutility__rosidl_typesupport_fastrtps_c__pyext.dir/rosidl_generator_py/droneutility/_droneutility_s.ep.rosidl_typesupport_fastrtps_c.c.o[0m
[8.441s] [ 87%] [32mBuilding C object CMakeFiles/droneutility__rosidl_typesupport_introspection_c__pyext.dir/rosidl_generator_py/droneutility/_droneutility_s.ep.rosidl_typesupport_introspection_c.c.o[0m
[8.441s] [ 87%] [32mBuilding C object CMakeFiles/droneutility__rosidl_typesupport_c__pyext.dir/rosidl_generator_py/droneutility/_droneutility_s.ep.rosidl_typesupport_c.c.o[0m
[8.536s] [ 89%] [32m[1mLinking C shared library rosidl_generator_py/droneutility/droneutility_s__rosidl_typesupport_introspection_c.cpython-38-x86_64-linux-gnu.so[0m
[8.547s] [ 92%] [32m[1mLinking C shared library rosidl_generator_py/droneutility/droneutility_s__rosidl_typesupport_fastrtps_c.cpython-38-x86_64-linux-gnu.so[0m
[8.575s] [ 94%] [32m[1mLinking C shared library rosidl_generator_py/droneutility/droneutility_s__rosidl_typesupport_c.cpython-38-x86_64-linux-gnu.so[0m
[8.601s] [ 94%] Built target droneutility__rosidl_typesupport_introspection_c__pyext
[8.605s] [ 94%] Built target droneutility__rosidl_typesupport_fastrtps_c__pyext
[8.630s] [ 94%] Built target droneutility__rosidl_typesupport_c__pyext
[8.897s] [ 97%] [32m[1mLinking CXX executable drone[0m
[9.108s] [100%] [32m[1mLinking CXX executable datamanager[0m
[9.333s] [100%] Built target drone
[9.535s] [100%] Built target datamanager
[9.555s] Invoked command in '/home/jakeluo/Documents/MonitoringSystemRos2/build/droneutility' returned '0': CMAKE_PREFIX_PATH=${CMAKE_PREFIX_PATH}:/home/jakeluo/Software/ros2_rolling/install/rqt_bag_plugins:/home/jakeluo/Software/ros2_rolling/install/rqt_bag:/home/jakeluo/Software/ros2_rolling/install/ros2bag:/home/jakeluo/Software/ros2_rolling/install/tracetools_test:/home/jakeluo/Software/ros2_rolling/install/tracetools_launch:/home/jakeluo/Software/ros2_rolling/install/topic_monitor:/home/jakeluo/Software/ros2_rolling/install/tf2_tools:/home/jakeluo/Software/ros2_rolling/install/examples_tf2_py:/home/jakeluo/Software/ros2_rolling/install/tf2_ros_py:/home/jakeluo/Software/ros2_rolling/install/sros2:/home/jakeluo/Software/ros2_rolling/install/rqt_topic:/home/jakeluo/Software/ros2_rolling/install/rqt_top:/home/jakeluo/Software/ros2_rolling/install/rqt_srv:/home/jakeluo/Software/ros2_rolling/install/rqt_shell:/home/jakeluo/Software/ros2_rolling/install/rqt_service_caller:/home/jakeluo/Software/ros2_rolling/install/rqt_reconfigure:/home/jakeluo/Software/ros2_rolling/install/rqt_py_console:/home/jakeluo/Software/ros2_rolling/install/rqt_publisher:/home/jakeluo/Software/ros2_rolling/install/rqt_plot:/home/jakeluo/Software/ros2_rolling/install/rqt_action:/home/jakeluo/Software/ros2_rolling/install/rqt_msg:/home/jakeluo/Software/ros2_rolling/install/rqt_console:/home/jakeluo/Software/ros2_rolling/install/rqt:/home/jakeluo/Software/ros2_rolling/install/rqt_graph:/home/jakeluo/Software/ros2_rolling/install/rqt_gui_py:/home/jakeluo/Software/ros2_rolling/install/rqt_gui:/home/jakeluo/Software/ros2_rolling/install/ros2trace:/home/jakeluo/Software/ros2_rolling/install/ros2topic:/home/jakeluo/Software/ros2_rolling/install/ros2test:/home/jakeluo/Software/ros2_rolling/install/ros2component:/home/jakeluo/Software/ros2_rolling/install/ros2param:/home/jakeluo/Software/ros2_rolling/install/ros2lifecycle:/home/jakeluo/Software/ros2_rolling/install/ros2service:/home/jakeluo/Software/ros2_rolling/install/ros2run:/home/jakeluo/Software/ros2_rolling/install/ros2launch:/home/jakeluo/Software/ros2_rolling/install/ros2pkg:/home/jakeluo/Software/ros2_rolling/install/ros2node:/home/jakeluo/Software/ros2_rolling/install/ros2multicast:/home/jakeluo/Software/ros2_rolling/install/ros2interface:/home/jakeluo/Software/ros2_rolling/install/ros2doctor:/home/jakeluo/Software/ros2_rolling/install/ros2action:/home/jakeluo/Software/ros2_rolling/install/ros2cli:/home/jakeluo/Software/ros2_rolling/install/quality_of_service_demo_py:/home/jakeluo/Software/ros2_rolling/install/launch_testing_ros:/home/jakeluo/Software/ros2_rolling/install/launch_ros:/home/jakeluo/Software/ros2_rolling/install/examples_rclpy_pointcloud_publisher:/home/jakeluo/Software/ros2_rolling/install/examples_rclpy_minimal_subscriber:/home/jakeluo/Software/ros2_rolling/install/examples_rclpy_minimal_service:/home/jakeluo/Software/ros2_rolling/install/examples_rclpy_minimal_publisher:/home/jakeluo/Software/ros2_rolling/install/examples_rclpy_minimal_client:/home/jakeluo/Software/ros2_rolling/install/examples_rclpy_minimal_action_server:/home/jakeluo/Software/ros2_rolling/install/examples_rclpy_minimal_action_client:/home/jakeluo/Software/ros2_rolling/install/examples_rclpy_guard_conditions:/home/jakeluo/Software/ros2_rolling/install/examples_rclpy_executors:/home/jakeluo/Software/ros2_rolling/install/demo_nodes_py:/home/jakeluo/Software/ros2_rolling/install/action_tutorials_py:/home/jakeluo/Software/ros2_rolling/install/ament_uncrustify:/home/jakeluo/Software/ros2_rolling/install/tracetools_trace:/home/jakeluo/Software/ros2_rolling/install/tracetools_read:/home/jakeluo/Software/ros2_rolling/install/test_launch_ros:/home/jakeluo/Software/ros2_rolling/install/sensor_msgs_py:/home/jakeluo/Software/ros2_rolling/install/rpyutils:/home/jakeluo/Software/ros2_rolling/install/rosidl_runtime_py:/home/jakeluo/Software/ros2_rolling/install/rosidl_cli:/home/jakeluo/Software/ros2_rolling/install/launch_yaml:/home/jakeluo/Software/ros2_rolling/install/launch_xml:/home/jakeluo/Software/ros2_rolling/install/launch_testing:/home/jakeluo/Software/ros2_rolling/install/launch:/home/jakeluo/Software/ros2_rolling/install/osrf_pycommon:/home/jakeluo/Software/ros2_rolling/install/domain_coordinator:/home/jakeluo/Software/ros2_rolling/install/ament_xmllint:/home/jakeluo/Software/ros2_rolling/install/ament_pyflakes:/home/jakeluo/Software/ros2_rolling/install/ament_pycodestyle:/home/jakeluo/Software/ros2_rolling/install/ament_pep257:/home/jakeluo/Software/ros2_rolling/install/ament_pclint:/home/jakeluo/Software/ros2_rolling/install/ament_package:/home/jakeluo/Software/ros2_rolling/install/ament_mypy:/home/jakeluo/Software/ros2_rolling/install/ament_lint_cmake:/home/jakeluo/Software/ros2_rolling/install/ament_flake8:/home/jakeluo/Software/ros2_rolling/install/ament_copyright:/home/jakeluo/Software/ros2_rolling/install/ament_lint:/home/jakeluo/Software/ros2_rolling/install/ament_index_python:/home/jakeluo/Software/ros2_rolling/install/ament_cpplint:/home/jakeluo/Software/ros2_rolling/install/ament_cppcheck:/home/jakeluo/Software/ros2_rolling/install/ament_clang_tidy:/home/jakeluo/Software/ros2_rolling/install/ament_clang_format /usr/bin/cmake --build /home/jakeluo/Documents/MonitoringSystemRos2/build/droneutility -- -j12 -l12
[9.770s] Invoking command in '/home/jakeluo/Documents/MonitoringSystemRos2/build/droneutility': CMAKE_PREFIX_PATH=${CMAKE_PREFIX_PATH}:/home/jakeluo/Software/ros2_rolling/install/rqt_bag_plugins:/home/jakeluo/Software/ros2_rolling/install/rqt_bag:/home/jakeluo/Software/ros2_rolling/install/ros2bag:/home/jakeluo/Software/ros2_rolling/install/tracetools_test:/home/jakeluo/Software/ros2_rolling/install/tracetools_launch:/home/jakeluo/Software/ros2_rolling/install/topic_monitor:/home/jakeluo/Software/ros2_rolling/install/tf2_tools:/home/jakeluo/Software/ros2_rolling/install/examples_tf2_py:/home/jakeluo/Software/ros2_rolling/install/tf2_ros_py:/home/jakeluo/Software/ros2_rolling/install/sros2:/home/jakeluo/Software/ros2_rolling/install/rqt_topic:/home/jakeluo/Software/ros2_rolling/install/rqt_top:/home/jakeluo/Software/ros2_rolling/install/rqt_srv:/home/jakeluo/Software/ros2_rolling/install/rqt_shell:/home/jakeluo/Software/ros2_rolling/install/rqt_service_caller:/home/jakeluo/Software/ros2_rolling/install/rqt_reconfigure:/home/jakeluo/Software/ros2_rolling/install/rqt_py_console:/home/jakeluo/Software/ros2_rolling/install/rqt_publisher:/home/jakeluo/Software/ros2_rolling/install/rqt_plot:/home/jakeluo/Software/ros2_rolling/install/rqt_action:/home/jakeluo/Software/ros2_rolling/install/rqt_msg:/home/jakeluo/Software/ros2_rolling/install/rqt_console:/home/jakeluo/Software/ros2_rolling/install/rqt:/home/jakeluo/Software/ros2_rolling/install/rqt_graph:/home/jakeluo/Software/ros2_rolling/install/rqt_gui_py:/home/jakeluo/Software/ros2_rolling/install/rqt_gui:/home/jakeluo/Software/ros2_rolling/install/ros2trace:/home/jakeluo/Software/ros2_rolling/install/ros2topic:/home/jakeluo/Software/ros2_rolling/install/ros2test:/home/jakeluo/Software/ros2_rolling/install/ros2component:/home/jakeluo/Software/ros2_rolling/install/ros2param:/home/jakeluo/Software/ros2_rolling/install/ros2lifecycle:/home/jakeluo/Software/ros2_rolling/install/ros2service:/home/jakeluo/Software/ros2_rolling/install/ros2run:/home/jakeluo/Software/ros2_rolling/install/ros2launch:/home/jakeluo/Software/ros2_rolling/install/ros2pkg:/home/jakeluo/Software/ros2_rolling/install/ros2node:/home/jakeluo/Software/ros2_rolling/install/ros2multicast:/home/jakeluo/Software/ros2_rolling/install/ros2interface:/home/jakeluo/Software/ros2_rolling/install/ros2doctor:/home/jakeluo/Software/ros2_rolling/install/ros2action:/home/jakeluo/Software/ros2_rolling/install/ros2cli:/home/jakeluo/Software/ros2_rolling/install/quality_of_service_demo_py:/home/jakeluo/Software/ros2_rolling/install/launch_testing_ros:/home/jakeluo/Software/ros2_rolling/install/launch_ros:/home/jakeluo/Software/ros2_rolling/install/examples_rclpy_pointcloud_publisher:/home/jakeluo/Software/ros2_rolling/install/examples_rclpy_minimal_subscriber:/home/jakeluo/Software/ros2_rolling/install/examples_rclpy_minimal_service:/home/jakeluo/Software/ros2_rolling/install/examples_rclpy_minimal_publisher:/home/jakeluo/Software/ros2_rolling/install/examples_rclpy_minimal_client:/home/jakeluo/Software/ros2_rolling/install/examples_rclpy_minimal_action_server:/home/jakeluo/Software/ros2_rolling/install/examples_rclpy_minimal_action_client:/home/jakeluo/Software/ros2_rolling/install/examples_rclpy_guard_conditions:/home/jakeluo/Software/ros2_rolling/install/examples_rclpy_executors:/home/jakeluo/Software/ros2_rolling/install/demo_nodes_py:/home/jakeluo/Software/ros2_rolling/install/action_tutorials_py:/home/jakeluo/Software/ros2_rolling/install/ament_uncrustify:/home/jakeluo/Software/ros2_rolling/install/tracetools_trace:/home/jakeluo/Software/ros2_rolling/install/tracetools_read:/home/jakeluo/Software/ros2_rolling/install/test_launch_ros:/home/jakeluo/Software/ros2_rolling/install/sensor_msgs_py:/home/jakeluo/Software/ros2_rolling/install/rpyutils:/home/jakeluo/Software/ros2_rolling/install/rosidl_runtime_py:/home/jakeluo/Software/ros2_rolling/install/rosidl_cli:/home/jakeluo/Software/ros2_rolling/install/launch_yaml:/home/jakeluo/Software/ros2_rolling/install/launch_xml:/home/jakeluo/Software/ros2_rolling/install/launch_testing:/home/jakeluo/Software/ros2_rolling/install/launch:/home/jakeluo/Software/ros2_rolling/install/osrf_pycommon:/home/jakeluo/Software/ros2_rolling/install/domain_coordinator:/home/jakeluo/Software/ros2_rolling/install/ament_xmllint:/home/jakeluo/Software/ros2_rolling/install/ament_pyflakes:/home/jakeluo/Software/ros2_rolling/install/ament_pycodestyle:/home/jakeluo/Software/ros2_rolling/install/ament_pep257:/home/jakeluo/Software/ros2_rolling/install/ament_pclint:/home/jakeluo/Software/ros2_rolling/install/ament_package:/home/jakeluo/Software/ros2_rolling/install/ament_mypy:/home/jakeluo/Software/ros2_rolling/install/ament_lint_cmake:/home/jakeluo/Software/ros2_rolling/install/ament_flake8:/home/jakeluo/Software/ros2_rolling/install/ament_copyright:/home/jakeluo/Software/ros2_rolling/install/ament_lint:/home/jakeluo/Software/ros2_rolling/install/ament_index_python:/home/jakeluo/Software/ros2_rolling/install/ament_cpplint:/home/jakeluo/Software/ros2_rolling/install/ament_cppcheck:/home/jakeluo/Software/ros2_rolling/install/ament_clang_tidy:/home/jakeluo/Software/ros2_rolling/install/ament_clang_format /usr/bin/cmake --install /home/jakeluo/Documents/MonitoringSystemRos2/build/droneutility
[9.791s] -- Install configuration: ""
[9.791s] -- Installing: /home/jakeluo/Documents/MonitoringSystemRos2/install/droneutility/share/ament_index/resource_index/rosidl_interfaces/droneutility
[9.791s] -- Installing: /home/jakeluo/Documents/MonitoringSystemRos2/install/droneutility/include/droneutility
[9.791s] -- Installing: /home/jakeluo/Documents/MonitoringSystemRos2/install/droneutility/include/droneutility/msg
[9.792s] -- Installing: /home/jakeluo/Documents/MonitoringSystemRos2/install/droneutility/include/droneutility/msg/rosidl_generator_c__visibility_control.h
[9.792s] -- Installing: /home/jakeluo/Documents/MonitoringSystemRos2/install/droneutility/include/droneutility/srv
[9.792s] -- Installing: /home/jakeluo/Documents/MonitoringSystemRos2/install/droneutility/include/droneutility/srv/drone_register.h
[9.792s] -- Installing: /home/jakeluo/Documents/MonitoringSystemRos2/install/droneutility/include/droneutility/srv/detail
[9.792s] -- Installing: /home/jakeluo/Documents/MonitoringSystemRos2/install/droneutility/include/droneutility/srv/detail/drone_register__struct.h
[9.792s] -- Installing: /home/jakeluo/Documents/MonitoringSystemRos2/install/droneutility/include/droneutility/srv/detail/drone_register__type_support.h
[9.792s] -- Installing: /home/jakeluo/Documents/MonitoringSystemRos2/install/droneutility/include/droneutility/srv/detail/drone_register__functions.h
[9.792s] -- Installing: /home/jakeluo/Documents/MonitoringSystemRos2/install/droneutility/include/droneutility/srv/detail/drone_register__functions.c
[9.792s] -- Installing: /home/jakeluo/Documents/MonitoringSystemRos2/install/droneutility/share/droneutility/environment/library_path.sh
[9.793s] -- Installing: /home/jakeluo/Documents/MonitoringSystemRos2/install/droneutility/share/droneutility/environment/library_path.dsv
[9.793s] -- Installing: /home/jakeluo/Documents/MonitoringSystemRos2/install/droneutility/lib/libdroneutility__rosidl_generator_c.so
[9.793s] -- Set runtime path of "/home/jakeluo/Documents/MonitoringSystemRos2/install/droneutility/lib/libdroneutility__rosidl_generator_c.so" to ""
[9.793s] -- Up-to-date: /home/jakeluo/Documents/MonitoringSystemRos2/install/droneutility/include/droneutility
[9.793s] -- Up-to-date: /home/jakeluo/Documents/MonitoringSystemRos2/install/droneutility/include/droneutility/msg
[9.793s] -- Installing: /home/jakeluo/Documents/MonitoringSystemRos2/install/droneutility/include/droneutility/msg/rosidl_typesupport_introspection_c__visibility_control.h
[9.793s] -- Up-to-date: /home/jakeluo/Documents/MonitoringSystemRos2/install/droneutility/include/droneutility/srv
[9.793s] -- Up-to-date: /home/jakeluo/Documents/MonitoringSystemRos2/install/droneutility/include/droneutility/srv/detail
[9.794s] -- Installing: /home/jakeluo/Documents/MonitoringSystemRos2/install/droneutility/include/droneutility/srv/detail/drone_register__type_support.c
[9.794s] -- Installing: /home/jakeluo/Documents/MonitoringSystemRos2/install/droneutility/include/droneutility/srv/detail/drone_register__rosidl_typesupport_introspection_c.h
[9.794s] -- Installing: /home/jakeluo/Documents/MonitoringSystemRos2/install/droneutility/lib/libdroneutility__rosidl_typesupport_introspection_c.so
[9.794s] -- Set runtime path of "/home/jakeluo/Documents/MonitoringSystemRos2/install/droneutility/lib/libdroneutility__rosidl_typesupport_introspection_c.so" to ""
[9.794s] -- Up-to-date: /home/jakeluo/Documents/MonitoringSystemRos2/install/droneutility/include/droneutility
[9.794s] -- Up-to-date: /home/jakeluo/Documents/MonitoringSystemRos2/install/droneutility/include/droneutility/msg
[9.794s] -- Installing: /home/jakeluo/Documents/MonitoringSystemRos2/install/droneutility/include/droneutility/msg/rosidl_typesupport_fastrtps_c__visibility_control.h
[9.794s] -- Up-to-date: /home/jakeluo/Documents/MonitoringSystemRos2/install/droneutility/include/droneutility/srv
[9.794s] -- Up-to-date: /home/jakeluo/Documents/MonitoringSystemRos2/install/droneutility/include/droneutility/srv/detail
[9.794s] -- Installing: /home/jakeluo/Documents/MonitoringSystemRos2/install/droneutility/include/droneutility/srv/detail/drone_register__rosidl_typesupport_fastrtps_c.h
[9.795s] -- Installing: /home/jakeluo/Documents/MonitoringSystemRos2/install/droneutility/lib/libdroneutility__rosidl_typesupport_fastrtps_c.so
[9.795s] -- Set runtime path of "/home/jakeluo/Documents/MonitoringSystemRos2/install/droneutility/lib/libdroneutility__rosidl_typesupport_fastrtps_c.so" to ""
[9.795s] -- Up-to-date: /home/jakeluo/Documents/MonitoringSystemRos2/install/droneutility/include/droneutility
[9.795s] -- Up-to-date: /home/jakeluo/Documents/MonitoringSystemRos2/install/droneutility/include/droneutility/msg
[9.795s] -- Installing: /home/jakeluo/Documents/MonitoringSystemRos2/install/droneutility/include/droneutility/msg/rosidl_typesupport_fastrtps_cpp__visibility_control.h
[9.795s] -- Up-to-date: /home/jakeluo/Documents/MonitoringSystemRos2/install/droneutility/include/droneutility/srv
[9.795s] -- Up-to-date: /home/jakeluo/Documents/MonitoringSystemRos2/install/droneutility/include/droneutility/srv/detail
[9.795s] -- Installing: /home/jakeluo/Documents/MonitoringSystemRos2/install/droneutility/include/droneutility/srv/detail/drone_register__rosidl_typesupport_fastrtps_cpp.hpp
[9.796s] -- Installing: /home/jakeluo/Documents/MonitoringSystemRos2/install/droneutility/include/droneutility/srv/detail/dds_fastrtps
[9.796s] -- Installing: /home/jakeluo/Documents/MonitoringSystemRos2/install/droneutility/lib/libdroneutility__rosidl_typesupport_fastrtps_cpp.so
[9.796s] -- Set runtime path of "/home/jakeluo/Documents/MonitoringSystemRos2/install/droneutility/lib/libdroneutility__rosidl_typesupport_fastrtps_cpp.so" to ""
[9.796s] -- Installing: /home/jakeluo/Documents/MonitoringSystemRos2/install/droneutility/lib/libdroneutility__rosidl_typesupport_c.so
[9.796s] -- Set runtime path of "/home/jakeluo/Documents/MonitoringSystemRos2/install/droneutility/lib/libdroneutility__rosidl_typesupport_c.so" to ""
[9.796s] -- Up-to-date: /home/jakeluo/Documents/MonitoringSystemRos2/install/droneutility/include/droneutility
[9.796s] -- Up-to-date: /home/jakeluo/Documents/MonitoringSystemRos2/install/droneutility/include/droneutility/srv
[9.796s] -- Installing: /home/jakeluo/Documents/MonitoringSystemRos2/install/droneutility/include/droneutility/srv/drone_register.hpp
[9.796s] -- Up-to-date: /home/jakeluo/Documents/MonitoringSystemRos2/install/droneutility/include/droneutility/srv/detail
[9.796s] -- Installing: /home/jakeluo/Documents/MonitoringSystemRos2/install/droneutility/include/droneutility/srv/detail/drone_register__struct.hpp
[9.797s] -- Installing: /home/jakeluo/Documents/MonitoringSystemRos2/install/droneutility/include/droneutility/srv/detail/drone_register__traits.hpp
[9.797s] -- Installing: /home/jakeluo/Documents/MonitoringSystemRos2/install/droneutility/include/droneutility/srv/detail/drone_register__builder.hpp
[9.797s] -- Up-to-date: /home/jakeluo/Documents/MonitoringSystemRos2/install/droneutility/include/droneutility
[9.797s] -- Up-to-date: /home/jakeluo/Documents/MonitoringSystemRos2/install/droneutility/include/droneutility/srv
[9.797s] -- Up-to-date: /home/jakeluo/Documents/MonitoringSystemRos2/install/droneutility/include/droneutility/srv/detail
[9.797s] -- Installing: /home/jakeluo/Documents/MonitoringSystemRos2/install/droneutility/include/droneutility/srv/detail/drone_register__rosidl_typesupport_introspection_cpp.hpp
[9.797s] -- Installing: /home/jakeluo/Documents/MonitoringSystemRos2/install/droneutility/include/droneutility/srv/detail/drone_register__type_support.cpp
[9.797s] -- Installing: /home/jakeluo/Documents/MonitoringSystemRos2/install/droneutility/lib/libdroneutility__rosidl_typesupport_introspection_cpp.so
[9.797s] -- Set runtime path of "/home/jakeluo/Documents/MonitoringSystemRos2/install/droneutility/lib/libdroneutility__rosidl_typesupport_introspection_cpp.so" to ""
[9.798s] -- Installing: /home/jakeluo/Documents/MonitoringSystemRos2/install/droneutility/lib/libdroneutility__rosidl_typesupport_cpp.so
[9.798s] -- Set runtime path of "/home/jakeluo/Documents/MonitoringSystemRos2/install/droneutility/lib/libdroneutility__rosidl_typesupport_cpp.so" to ""
[9.798s] -- Installing: /home/jakeluo/Documents/MonitoringSystemRos2/install/droneutility/share/droneutility/environment/pythonpath.sh
[9.798s] -- Installing: /home/jakeluo/Documents/MonitoringSystemRos2/install/droneutility/share/droneutility/environment/pythonpath.dsv
[9.798s] -- Installing: /home/jakeluo/Documents/MonitoringSystemRos2/install/droneutility/lib/python3.8/site-packages/droneutility-0.0.0-py3.8.egg-info
[9.798s] -- Installing: /home/jakeluo/Documents/MonitoringSystemRos2/install/droneutility/lib/python3.8/site-packages/droneutility-0.0.0-py3.8.egg-info/top_level.txt
[9.798s] -- Installing: /home/jakeluo/Documents/MonitoringSystemRos2/install/droneutility/lib/python3.8/site-packages/droneutility-0.0.0-py3.8.egg-info/dependency_links.txt
[9.798s] -- Installing: /home/jakeluo/Documents/MonitoringSystemRos2/install/droneutility/lib/python3.8/site-packages/droneutility-0.0.0-py3.8.egg-info/PKG-INFO
[9.798s] -- Installing: /home/jakeluo/Documents/MonitoringSystemRos2/install/droneutility/lib/python3.8/site-packages/droneutility-0.0.0-py3.8.egg-info/SOURCES.txt
[9.799s] -- Installing: /home/jakeluo/Documents/MonitoringSystemRos2/install/droneutility/lib/python3.8/site-packages/droneutility
[9.799s] -- Installing: /home/jakeluo/Documents/MonitoringSystemRos2/install/droneutility/lib/python3.8/site-packages/droneutility/_droneutility_s.ep.rosidl_typesupport_c.c
[9.799s] -- Installing: /home/jakeluo/Documents/MonitoringSystemRos2/install/droneutility/lib/python3.8/site-packages/droneutility/droneutility_s__rosidl_typesupport_c.cpython-38-x86_64-linux-gnu.so
[9.799s] -- Installing: /home/jakeluo/Documents/MonitoringSystemRos2/install/droneutility/lib/python3.8/site-packages/droneutility/_droneutility_s.ep.rosidl_typesupport_fastrtps_c.c
[9.799s] -- Installing: /home/jakeluo/Documents/MonitoringSystemRos2/install/droneutility/lib/python3.8/site-packages/droneutility/srv
[9.799s] -- Installing: /home/jakeluo/Documents/MonitoringSystemRos2/install/droneutility/lib/python3.8/site-packages/droneutility/srv/_drone_register.py
[9.799s] -- Installing: /home/jakeluo/Documents/MonitoringSystemRos2/install/droneutility/lib/python3.8/site-packages/droneutility/srv/_drone_register_s.c
[9.799s] -- Installing: /home/jakeluo/Documents/MonitoringSystemRos2/install/droneutility/lib/python3.8/site-packages/droneutility/srv/__init__.py
[9.799s] -- Installing: /home/jakeluo/Documents/MonitoringSystemRos2/install/droneutility/lib/python3.8/site-packages/droneutility/droneutility_s__rosidl_typesupport_introspection_c.cpython-38-x86_64-linux-gnu.so
[9.799s] -- Installing: /home/jakeluo/Documents/MonitoringSystemRos2/install/droneutility/lib/python3.8/site-packages/droneutility/__init__.py
[9.799s] -- Installing: /home/jakeluo/Documents/MonitoringSystemRos2/install/droneutility/lib/python3.8/site-packages/droneutility/_droneutility_s.ep.rosidl_typesupport_introspection_c.c
[9.800s] -- Installing: /home/jakeluo/Documents/MonitoringSystemRos2/install/droneutility/lib/python3.8/site-packages/droneutility/droneutility_s__rosidl_typesupport_fastrtps_c.cpython-38-x86_64-linux-gnu.so
[9.800s] -- Installing: /home/jakeluo/Documents/MonitoringSystemRos2/install/droneutility/lib/python3.8/site-packages/droneutility/libdroneutility__python.so
[9.916s] Listing '/home/jakeluo/Documents/MonitoringSystemRos2/install/droneutility/lib/python3.8/site-packages/droneutility'...
[9.916s] Compiling '/home/jakeluo/Documents/MonitoringSystemRos2/install/droneutility/lib/python3.8/site-packages/droneutility/__init__.py'...
[9.916s] Listing '/home/jakeluo/Documents/MonitoringSystemRos2/install/droneutility/lib/python3.8/site-packages/droneutility/srv'...
[9.916s] Compiling '/home/jakeluo/Documents/MonitoringSystemRos2/install/droneutility/lib/python3.8/site-packages/droneutility/srv/__init__.py'...
[9.916s] Compiling '/home/jakeluo/Documents/MonitoringSystemRos2/install/droneutility/lib/python3.8/site-packages/droneutility/srv/_drone_register.py'...
[9.920s] -- Installing: /home/jakeluo/Documents/MonitoringSystemRos2/install/droneutility/lib/python3.8/site-packages/droneutility/droneutility_s__rosidl_typesupport_introspection_c.cpython-38-x86_64-linux-gnu.so
[9.921s] -- Set runtime path of "/home/jakeluo/Documents/MonitoringSystemRos2/install/droneutility/lib/python3.8/site-packages/droneutility/droneutility_s__rosidl_typesupport_introspection_c.cpython-38-x86_64-linux-gnu.so" to ""
[9.921s] -- Installing: /home/jakeluo/Documents/MonitoringSystemRos2/install/droneutility/lib/python3.8/site-packages/droneutility/droneutility_s__rosidl_typesupport_fastrtps_c.cpython-38-x86_64-linux-gnu.so
[9.922s] -- Set runtime path of "/home/jakeluo/Documents/MonitoringSystemRos2/install/droneutility/lib/python3.8/site-packages/droneutility/droneutility_s__rosidl_typesupport_fastrtps_c.cpython-38-x86_64-linux-gnu.so" to ""
[9.922s] -- Installing: /home/jakeluo/Documents/MonitoringSystemRos2/install/droneutility/lib/python3.8/site-packages/droneutility/droneutility_s__rosidl_typesupport_c.cpython-38-x86_64-linux-gnu.so
[9.923s] -- Set runtime path of "/home/jakeluo/Documents/MonitoringSystemRos2/install/droneutility/lib/python3.8/site-packages/droneutility/droneutility_s__rosidl_typesupport_c.cpython-38-x86_64-linux-gnu.so" to ""
[9.923s] -- Installing: /home/jakeluo/Documents/MonitoringSystemRos2/install/droneutility/lib/libdroneutility__python.so
[9.923s] -- Set runtime path of "/home/jakeluo/Documents/MonitoringSystemRos2/install/droneutility/lib/libdroneutility__python.so" to ""
[9.923s] -- Installing: /home/jakeluo/Documents/MonitoringSystemRos2/install/droneutility/share/droneutility/srv/DroneRegister.idl
[9.923s] -- Installing: /home/jakeluo/Documents/MonitoringSystemRos2/install/droneutility/share/droneutility/srv/DroneRegister.srv
[9.924s] -- Installing: /home/jakeluo/Documents/MonitoringSystemRos2/install/droneutility/share/droneutility/srv/DroneRegister_Request.msg
[9.924s] -- Installing: /home/jakeluo/Documents/MonitoringSystemRos2/install/droneutility/share/droneutility/srv/DroneRegister_Response.msg
[9.924s] -- Installing: /home/jakeluo/Documents/MonitoringSystemRos2/install/droneutility/lib/droneutility/recv
[9.924s] -- Installing: /home/jakeluo/Documents/MonitoringSystemRos2/install/droneutility/lib/droneutility/send
[9.924s] -- Installing: /home/jakeluo/Documents/MonitoringSystemRos2/install/droneutility/lib/droneutility/datamanager
[9.926s] -- Set runtime path of "/home/jakeluo/Documents/MonitoringSystemRos2/install/droneutility/lib/droneutility/datamanager" to ""
[9.926s] -- Installing: /home/jakeluo/Documents/MonitoringSystemRos2/install/droneutility/lib/droneutility/drone
[9.927s] -- Set runtime path of "/home/jakeluo/Documents/MonitoringSystemRos2/install/droneutility/lib/droneutility/drone" to ""
[9.928s] -- Installing: /home/jakeluo/Documents/MonitoringSystemRos2/install/droneutility/share/ament_index/resource_index/package_run_dependencies/droneutility
[9.928s] -- Installing: /home/jakeluo/Documents/MonitoringSystemRos2/install/droneutility/share/ament_index/resource_index/parent_prefix_path/droneutility
[9.928s] -- Installing: /home/jakeluo/Documents/MonitoringSystemRos2/install/droneutility/share/droneutility/environment/ament_prefix_path.dsv
[9.928s] -- Installing: /home/jakeluo/Documents/MonitoringSystemRos2/install/droneutility/share/droneutility/environment/path.dsv
[9.928s] -- Up-to-date: /home/jakeluo/Documents/MonitoringSystemRos2/install/droneutility/share/droneutility/local_setup.bash
[9.928s] -- Installing: /home/jakeluo/Documents/MonitoringSystemRos2/install/droneutility/share/droneutility/local_setup.sh
[9.928s] -- Up-to-date: /home/jakeluo/Documents/MonitoringSystemRos2/install/droneutility/share/droneutility/local_setup.zsh
[9.929s] -- Installing: /home/jakeluo/Documents/MonitoringSystemRos2/install/droneutility/share/droneutility/local_setup.dsv
[9.929s] -- Installing: /home/jakeluo/Documents/MonitoringSystemRos2/install/droneutility/share/droneutility/package.dsv
[9.929s] -- Up-to-date: /home/jakeluo/Documents/MonitoringSystemRos2/install/droneutility/share/ament_index/resource_index/packages/droneutility
[9.929s] -- Installing: /home/jakeluo/Documents/MonitoringSystemRos2/install/droneutility/share/droneutility/cmake/droneutility__rosidl_generator_cExport.cmake
[9.929s] -- Installing: /home/jakeluo/Documents/MonitoringSystemRos2/install/droneutility/share/droneutility/cmake/droneutility__rosidl_generator_cExport-noconfig.cmake
[9.929s] -- Installing: /home/jakeluo/Documents/MonitoringSystemRos2/install/droneutility/share/droneutility/cmake/droneutility__rosidl_typesupport_introspection_cExport.cmake
[9.929s] -- Installing: /home/jakeluo/Documents/MonitoringSystemRos2/install/droneutility/share/droneutility/cmake/droneutility__rosidl_typesupport_introspection_cExport-noconfig.cmake
[9.929s] -- Installing: /home/jakeluo/Documents/MonitoringSystemRos2/install/droneutility/share/droneutility/cmake/droneutility__rosidl_typesupport_cExport.cmake
[9.930s] -- Installing: /home/jakeluo/Documents/MonitoringSystemRos2/install/droneutility/share/droneutility/cmake/droneutility__rosidl_typesupport_cExport-noconfig.cmake
[9.930s] -- Installing: /home/jakeluo/Documents/MonitoringSystemRos2/install/droneutility/share/droneutility/cmake/droneutility__rosidl_generator_cppExport.cmake
[9.930s] -- Installing: /home/jakeluo/Documents/MonitoringSystemRos2/install/droneutility/share/droneutility/cmake/droneutility__rosidl_typesupport_introspection_cppExport.cmake
[9.930s] -- Installing: /home/jakeluo/Documents/MonitoringSystemRos2/install/droneutility/share/droneutility/cmake/droneutility__rosidl_typesupport_introspection_cppExport-noconfig.cmake
[9.930s] -- Installing: /home/jakeluo/Documents/MonitoringSystemRos2/install/droneutility/share/droneutility/cmake/droneutility__rosidl_typesupport_cppExport.cmake
[9.930s] -- Installing: /home/jakeluo/Documents/MonitoringSystemRos2/install/droneutility/share/droneutility/cmake/droneutility__rosidl_typesupport_cppExport-noconfig.cmake
[9.931s] -- Installing: /home/jakeluo/Documents/MonitoringSystemRos2/install/droneutility/share/droneutility/cmake/rosidl_cmake-extras.cmake
[9.931s] -- Installing: /home/jakeluo/Documents/MonitoringSystemRos2/install/droneutility/share/droneutility/cmake/ament_cmake_export_dependencies-extras.cmake
[9.931s] -- Installing: /home/jakeluo/Documents/MonitoringSystemRos2/install/droneutility/share/droneutility/cmake/ament_cmake_export_libraries-extras.cmake
[9.931s] -- Installing: /home/jakeluo/Documents/MonitoringSystemRos2/install/droneutility/share/droneutility/cmake/ament_cmake_export_targets-extras.cmake
[9.931s] -- Installing: /home/jakeluo/Documents/MonitoringSystemRos2/install/droneutility/share/droneutility/cmake/ament_cmake_export_include_directories-extras.cmake
[9.931s] -- Installing: /home/jakeluo/Documents/MonitoringSystemRos2/install/droneutility/share/droneutility/cmake/rosidl_cmake_export_typesupport_targets-extras.cmake
[9.931s] -- Installing: /home/jakeluo/Documents/MonitoringSystemRos2/install/droneutility/share/droneutility/cmake/rosidl_cmake_export_typesupport_libraries-extras.cmake
[9.932s] -- Installing: /home/jakeluo/Documents/MonitoringSystemRos2/install/droneutility/share/droneutility/cmake/droneutilityConfig.cmake
[9.932s] -- Up-to-date: /home/jakeluo/Documents/MonitoringSystemRos2/install/droneutility/share/droneutility/cmake/droneutilityConfig-version.cmake
[9.932s] -- Installing: /home/jakeluo/Documents/MonitoringSystemRos2/install/droneutility/share/droneutility/package.xml
[9.934s] Invoked command in '/home/jakeluo/Documents/MonitoringSystemRos2/build/droneutility' returned '0': CMAKE_PREFIX_PATH=${CMAKE_PREFIX_PATH}:/home/jakeluo/Software/ros2_rolling/install/rqt_bag_plugins:/home/jakeluo/Software/ros2_rolling/install/rqt_bag:/home/jakeluo/Software/ros2_rolling/install/ros2bag:/home/jakeluo/Software/ros2_rolling/install/tracetools_test:/home/jakeluo/Software/ros2_rolling/install/tracetools_launch:/home/jakeluo/Software/ros2_rolling/install/topic_monitor:/home/jakeluo/Software/ros2_rolling/install/tf2_tools:/home/jakeluo/Software/ros2_rolling/install/examples_tf2_py:/home/jakeluo/Software/ros2_rolling/install/tf2_ros_py:/home/jakeluo/Software/ros2_rolling/install/sros2:/home/jakeluo/Software/ros2_rolling/install/rqt_topic:/home/jakeluo/Software/ros2_rolling/install/rqt_top:/home/jakeluo/Software/ros2_rolling/install/rqt_srv:/home/jakeluo/Software/ros2_rolling/install/rqt_shell:/home/jakeluo/Software/ros2_rolling/install/rqt_service_caller:/home/jakeluo/Software/ros2_rolling/install/rqt_reconfigure:/home/jakeluo/Software/ros2_rolling/install/rqt_py_console:/home/jakeluo/Software/ros2_rolling/install/rqt_publisher:/home/jakeluo/Software/ros2_rolling/install/rqt_plot:/home/jakeluo/Software/ros2_rolling/install/rqt_action:/home/jakeluo/Software/ros2_rolling/install/rqt_msg:/home/jakeluo/Software/ros2_rolling/install/rqt_console:/home/jakeluo/Software/ros2_rolling/install/rqt:/home/jakeluo/Software/ros2_rolling/install/rqt_graph:/home/jakeluo/Software/ros2_rolling/install/rqt_gui_py:/home/jakeluo/Software/ros2_rolling/install/rqt_gui:/home/jakeluo/Software/ros2_rolling/install/ros2trace:/home/jakeluo/Software/ros2_rolling/install/ros2topic:/home/jakeluo/Software/ros2_rolling/install/ros2test:/home/jakeluo/Software/ros2_rolling/install/ros2component:/home/jakeluo/Software/ros2_rolling/install/ros2param:/home/jakeluo/Software/ros2_rolling/install/ros2lifecycle:/home/jakeluo/Software/ros2_rolling/install/ros2service:/home/jakeluo/Software/ros2_rolling/install/ros2run:/home/jakeluo/Software/ros2_rolling/install/ros2launch:/home/jakeluo/Software/ros2_rolling/install/ros2pkg:/home/jakeluo/Software/ros2_rolling/install/ros2node:/home/jakeluo/Software/ros2_rolling/install/ros2multicast:/home/jakeluo/Software/ros2_rolling/install/ros2interface:/home/jakeluo/Software/ros2_rolling/install/ros2doctor:/home/jakeluo/Software/ros2_rolling/install/ros2action:/home/jakeluo/Software/ros2_rolling/install/ros2cli:/home/jakeluo/Software/ros2_rolling/install/quality_of_service_demo_py:/home/jakeluo/Software/ros2_rolling/install/launch_testing_ros:/home/jakeluo/Software/ros2_rolling/install/launch_ros:/home/jakeluo/Software/ros2_rolling/install/examples_rclpy_pointcloud_publisher:/home/jakeluo/Software/ros2_rolling/install/examples_rclpy_minimal_subscriber:/home/jakeluo/Software/ros2_rolling/install/examples_rclpy_minimal_service:/home/jakeluo/Software/ros2_rolling/install/examples_rclpy_minimal_publisher:/home/jakeluo/Software/ros2_rolling/install/examples_rclpy_minimal_client:/home/jakeluo/Software/ros2_rolling/install/examples_rclpy_minimal_action_server:/home/jakeluo/Software/ros2_rolling/install/examples_rclpy_minimal_action_client:/home/jakeluo/Software/ros2_rolling/install/examples_rclpy_guard_conditions:/home/jakeluo/Software/ros2_rolling/install/examples_rclpy_executors:/home/jakeluo/Software/ros2_rolling/install/demo_nodes_py:/home/jakeluo/Software/ros2_rolling/install/action_tutorials_py:/home/jakeluo/Software/ros2_rolling/install/ament_uncrustify:/home/jakeluo/Software/ros2_rolling/install/tracetools_trace:/home/jakeluo/Software/ros2_rolling/install/tracetools_read:/home/jakeluo/Software/ros2_rolling/install/test_launch_ros:/home/jakeluo/Software/ros2_rolling/install/sensor_msgs_py:/home/jakeluo/Software/ros2_rolling/install/rpyutils:/home/jakeluo/Software/ros2_rolling/install/rosidl_runtime_py:/home/jakeluo/Software/ros2_rolling/install/rosidl_cli:/home/jakeluo/Software/ros2_rolling/install/launch_yaml:/home/jakeluo/Software/ros2_rolling/install/launch_xml:/home/jakeluo/Software/ros2_rolling/install/launch_testing:/home/jakeluo/Software/ros2_rolling/install/launch:/home/jakeluo/Software/ros2_rolling/install/osrf_pycommon:/home/jakeluo/Software/ros2_rolling/install/domain_coordinator:/home/jakeluo/Software/ros2_rolling/install/ament_xmllint:/home/jakeluo/Software/ros2_rolling/install/ament_pyflakes:/home/jakeluo/Software/ros2_rolling/install/ament_pycodestyle:/home/jakeluo/Software/ros2_rolling/install/ament_pep257:/home/jakeluo/Software/ros2_rolling/install/ament_pclint:/home/jakeluo/Software/ros2_rolling/install/ament_package:/home/jakeluo/Software/ros2_rolling/install/ament_mypy:/home/jakeluo/Software/ros2_rolling/install/ament_lint_cmake:/home/jakeluo/Software/ros2_rolling/install/ament_flake8:/home/jakeluo/Software/ros2_rolling/install/ament_copyright:/home/jakeluo/Software/ros2_rolling/install/ament_lint:/home/jakeluo/Software/ros2_rolling/install/ament_index_python:/home/jakeluo/Software/ros2_rolling/install/ament_cpplint:/home/jakeluo/Software/ros2_rolling/install/ament_cppcheck:/home/jakeluo/Software/ros2_rolling/install/ament_clang_tidy:/home/jakeluo/Software/ros2_rolling/install/ament_clang_format /usr/bin/cmake --install /home/jakeluo/Documents/MonitoringSystemRos2/build/droneutility
