[0.245s] Invoking command in '/home/jakeluo/Documents/MonitoringSystemRos2/src/build/qt': AMENT_PREFIX_PATH=/home/jakeluo/Documents/MonitoringSystemRos2/src/install/droneinterfaces CMAKE_PREFIX_PATH=/home/jakeluo/Documents/MonitoringSystemRos2/src/install/droneinterfaces LD_LIBRARY_PATH=/home/jakeluo/Documents/MonitoringSystemRos2/src/install/droneinterfaces/lib${LD_LIBRARY_PATH} PYTHONPATH=/home/jakeluo/Documents/MonitoringSystemRos2/src/install/droneinterfaces/lib/python3.8/site-packages /usr/bin/cmake --build /home/jakeluo/Documents/MonitoringSystemRos2/src/build/qt -- -j12 -l12
[0.285s] [ 12%] [34m[1mAutomatic MOC and UIC for target gui[0m
[0.300s] [ 12%] Built target gui_autogen
[0.316s] [35m[1mScanning dependencies of target gui[0m
[0.349s] [ 25%] [32mBuilding CXX object CMakeFiles/gui.dir/src/planning.cpp.o[0m
[0.787s] [01m[K/home/jakeluo/Documents/MonitoringSystemRos2/src/qt/src/planning.cpp:[m[K In member function ‘[01m[Kstd::array<float, 4> Planning::getNewPosition(float, float, float, float, float, float, float)[m[K’:
[0.787s] [01m[K/home/jakeluo/Documents/MonitoringSystemRos2/src/qt/src/planning.cpp:77:105:[m[K [01;35m[Kwarning: [m[Kunused parameter ‘[01m[Kz1[m[K’ [[01;35m[K-Wunused-parameter[m[K]
[0.787s]    77 | ewPosition(float tx, float ty, float tz, float x1, float y1, [01;35m[Kfloat z1[m[K, float d)
[0.788s]       |                                                              [01;35m[K~~~~~~^~[m[K
[0.788s] 
[0.843s] [01m[K/home/jakeluo/Documents/MonitoringSystemRos2/src/qt/src/planning.cpp:[m[K In member function ‘[01m[Kstd::array<float, 5> Planning::getCircleIntersection(float, float, float, float, float, float)[m[K’:
[0.843s] [01m[K/home/jakeluo/Documents/MonitoringSystemRos2/src/qt/src/planning.cpp:75:1:[m[K [01;35m[Kwarning: [m[Kcontrol reaches end of non-void function [[01;35m[K-Wreturn-type[m[K]
[0.843s]    75 | [01;35m[K}[m[K
[0.843s]       | [01;35m[K^[m[K
[0.880s] [ 37%] [32m[1mLinking CXX executable gui[0m
[3.562s] [100%] Built target gui
[3.573s] Invoked command in '/home/jakeluo/Documents/MonitoringSystemRos2/src/build/qt' returned '0': AMENT_PREFIX_PATH=/home/jakeluo/Documents/MonitoringSystemRos2/src/install/droneinterfaces CMAKE_PREFIX_PATH=/home/jakeluo/Documents/MonitoringSystemRos2/src/install/droneinterfaces LD_LIBRARY_PATH=/home/jakeluo/Documents/MonitoringSystemRos2/src/install/droneinterfaces/lib${LD_LIBRARY_PATH} PYTHONPATH=/home/jakeluo/Documents/MonitoringSystemRos2/src/install/droneinterfaces/lib/python3.8/site-packages /usr/bin/cmake --build /home/jakeluo/Documents/MonitoringSystemRos2/src/build/qt -- -j12 -l12
[3.596s] Invoking command in '/home/jakeluo/Documents/MonitoringSystemRos2/src/build/qt': AMENT_PREFIX_PATH=/home/jakeluo/Documents/MonitoringSystemRos2/src/install/droneinterfaces CMAKE_PREFIX_PATH=/home/jakeluo/Documents/MonitoringSystemRos2/src/install/droneinterfaces LD_LIBRARY_PATH=/home/jakeluo/Documents/MonitoringSystemRos2/src/install/droneinterfaces/lib${LD_LIBRARY_PATH} PYTHONPATH=/home/jakeluo/Documents/MonitoringSystemRos2/src/install/droneinterfaces/lib/python3.8/site-packages /usr/bin/cmake --install /home/jakeluo/Documents/MonitoringSystemRos2/src/build/qt
[3.606s] -- Install configuration: ""
[3.606s] -- Installing: /home/jakeluo/Documents/MonitoringSystemRos2/src/install/qt/share/qt/package.dsv
[3.609s] Invoked command in '/home/jakeluo/Documents/MonitoringSystemRos2/src/build/qt' returned '0': AMENT_PREFIX_PATH=/home/jakeluo/Documents/MonitoringSystemRos2/src/install/droneinterfaces CMAKE_PREFIX_PATH=/home/jakeluo/Documents/MonitoringSystemRos2/src/install/droneinterfaces LD_LIBRARY_PATH=/home/jakeluo/Documents/MonitoringSystemRos2/src/install/droneinterfaces/lib${LD_LIBRARY_PATH} PYTHONPATH=/home/jakeluo/Documents/MonitoringSystemRos2/src/install/droneinterfaces/lib/python3.8/site-packages /usr/bin/cmake --install /home/jakeluo/Documents/MonitoringSystemRos2/src/build/qt
