[ 14%] [34m[1mAutomatic MOC and UIC for target gui[0m
[ 14%] Built target gui_autogen
[ 28%] [34m[1mGenerating include/qt/moc_mainwindow.cpp[0m
[35m[1mScanning dependencies of target gui[0m
[ 57%] [32mBuilding CXX object CMakeFiles/gui.dir/src/mainwindow.cpp.o[0m
[ 57%] [32mBuilding CXX object CMakeFiles/gui.dir/src/main.cpp.o[0m
[ 71%] [32mBuilding CXX object CMakeFiles/gui.dir/include/qt/moc_mainwindow.cpp.o[0m
[01m[K/home/jakeluo/Documents/MonitoringSystemRos2/src/qt/src/mainwindow.cpp:[m[K In member function ‘[01m[Kvoid MainWindow::feedback_callback(rclcpp_action::ClientGoalHandle<droneinterfaces::action::GoPoint>::SharedPtr, std::shared_ptr<const droneinterfaces::action::GoPoint_Feedback_<std::allocator<void> > >)[m[K’:
[01m[K/home/jakeluo/Documents/MonitoringSystemRos2/src/qt/src/mainwindow.cpp:576:77:[m[K [01;35m[Kwarning: [m[Kunused parameter ‘[01m[Kfeedback[m[K’ [[01;35m[K-Wunused-parameter[m[K]
  576 |     [01;35m[Kconst std::shared_ptr<const droneinterfaces::action::GoPoint::Feedback> feedback[m[K)
      |     [01;35m[K~~~~~~~~~~~~~~~~~~~~~~~~~~~~~~~~~~~~~~~~~~~~~~~~~~~~~~~~~~~~~~~~~~~~~~~~^~~~~~~~[m[K
[ 85%] [32m[1mLinking CXX executable gui[0m
/usr/bin/ld: CMakeFiles/gui.dir/src/mainwindow.cpp.o: in function `void __gnu_cxx::new_allocator<Planning>::construct<Planning>(Planning*)':
/usr/include/c++/9/new:174: undefined reference to `Planning::Planning()'
/usr/bin/ld: CMakeFiles/gui.dir/src/mainwindow.cpp.o: in function `void __gnu_cxx::new_allocator<Planning>::destroy<Planning>(Planning*)':
/usr/include/c++/9/ext/new_allocator.h:152: undefined reference to `Planning::~Planning()'
collect2: error: ld returned 1 exit status
make[2]: *** [CMakeFiles/gui.dir/build.make:218：gui] 错误 1
make[1]: *** [CMakeFiles/Makefile2:79：CMakeFiles/gui.dir/all] 错误 2
make: *** [Makefile:141：all] 错误 2
