-- Found ament_cmake: 1.1.4 (/home/jakeluo/Software/ros2_rolling/install/ament_cmake/share/ament_cmake/cmake)
-- Found ament_lint_auto: 0.11.2 (/home/jakeluo/Software/ros2_rolling/install/ament_lint_auto/share/ament_lint_auto/cmake)
-- Added test 'copyright' to check source files copyright and LICENSE
-- Added test 'cppcheck' to perform static code analysis on C / C++ code
-- Configured cppcheck include dirs: $<BUILD_INTERFACE:/home/jakeluo/Documents/MonitoringSystemRos2/src/droneutility/include>
-- Configured cppcheck exclude dirs and/or files: 
-- Added test 'cpplint' to check C / C++ code against the Google style
-- Configured cpplint exclude dirs and/or files: 
-- Added test 'lint_cmake' to check CMake code style
-- Added test 'uncrustify' to check C / C++ code style
-- Configured uncrustify additional arguments: 
-- Added test 'xmllint' to check XML markup files
-- Configuring done
-- Generating done
-- Build files have been written to: /home/jakeluo/Documents/MonitoringSystemRos2/build/droneutility
[35m[1mScanning dependencies of target scandrone[0m
[ 50%] [32mBuilding CXX object CMakeFiles/scandrone.dir/src/scandrone.cpp.o[0m
[01m[K/home/jakeluo/Documents/MonitoringSystemRos2/src/droneutility/src/scandrone.cpp:[m[K In function ‘[01m[Kint main(int, char**)[m[K’:
[01m[K/home/jakeluo/Documents/MonitoringSystemRos2/src/droneutility/src/scandrone.cpp:34:14:[m[K [01;35m[Kwarning: [m[Kunused parameter ‘[01m[Kargc[m[K’ [[01;35m[K-Wunused-parameter[m[K]
   34 | int main([01;35m[Kint argc[m[K, char ** argv)
      |          [01;35m[K~~~~^~~~[m[K
[01m[K/home/jakeluo/Documents/MonitoringSystemRos2/src/droneutility/src/scandrone.cpp:34:28:[m[K [01;35m[Kwarning: [m[Kunused parameter ‘[01m[Kargv[m[K’ [[01;35m[K-Wunused-parameter[m[K]
   34 | int main(int argc, [01;35m[Kchar ** argv[m[K)
      |                    [01;35m[K~~~~~~~~^~~~[m[K
[100%] [32m[1mLinking CXX executable scandrone[0m
[100%] Built target scandrone
-- Install configuration: ""
-- Installing: /home/jakeluo/Documents/MonitoringSystemRos2/install/droneutility/lib/droneutility/scandrone
-- Installing: /home/jakeluo/Documents/MonitoringSystemRos2/install/droneutility/share/ament_index/resource_index/package_run_dependencies/droneutility
-- Installing: /home/jakeluo/Documents/MonitoringSystemRos2/install/droneutility/share/ament_index/resource_index/parent_prefix_path/droneutility
-- Installing: /home/jakeluo/Documents/MonitoringSystemRos2/install/droneutility/share/droneutility/environment/ament_prefix_path.sh
-- Installing: /home/jakeluo/Documents/MonitoringSystemRos2/install/droneutility/share/droneutility/environment/ament_prefix_path.dsv
-- Installing: /home/jakeluo/Documents/MonitoringSystemRos2/install/droneutility/share/droneutility/environment/path.sh
-- Installing: /home/jakeluo/Documents/MonitoringSystemRos2/install/droneutility/share/droneutility/environment/path.dsv
-- Installing: /home/jakeluo/Documents/MonitoringSystemRos2/install/droneutility/share/droneutility/local_setup.bash
-- Installing: /home/jakeluo/Documents/MonitoringSystemRos2/install/droneutility/share/droneutility/local_setup.sh
-- Installing: /home/jakeluo/Documents/MonitoringSystemRos2/install/droneutility/share/droneutility/local_setup.zsh
-- Installing: /home/jakeluo/Documents/MonitoringSystemRos2/install/droneutility/share/droneutility/local_setup.dsv
-- Installing: /home/jakeluo/Documents/MonitoringSystemRos2/install/droneutility/share/droneutility/package.dsv
-- Installing: /home/jakeluo/Documents/MonitoringSystemRos2/install/droneutility/share/ament_index/resource_index/packages/droneutility
-- Installing: /home/jakeluo/Documents/MonitoringSystemRos2/install/droneutility/share/droneutility/cmake/droneutilityConfig.cmake
-- Installing: /home/jakeluo/Documents/MonitoringSystemRos2/install/droneutility/share/droneutility/cmake/droneutilityConfig-version.cmake
-- Installing: /home/jakeluo/Documents/MonitoringSystemRos2/install/droneutility/share/droneutility/package.xml
