-- Found ament_cmake: 1.1.4 (/home/jakeluo/Software/ros2_rolling/install/ament_cmake/share/ament_cmake/cmake)
-- Override CMake install command with custom implementation using symlinks instead of copying resources
-- Found rclcpp: 13.0.0 (/home/jakeluo/Software/ros2_rolling/install/rclcpp/share/rclcpp/cmake)
-- Using all available rosidl_typesupport_c: rosidl_typesupport_introspection_c;rosidl_typesupport_fastrtps_c
-- Found rosidl_adapter: 2.5.0 (/home/jakeluo/Software/ros2_rolling/install/rosidl_adapter/share/rosidl_adapter/cmake)
-- Using all available rosidl_typesupport_cpp: rosidl_typesupport_introspection_cpp;rosidl_typesupport_fastrtps_cpp
-- Found rmw_implementation_cmake: 5.0.0 (/home/jakeluo/Software/ros2_rolling/install/rmw_implementation_cmake/share/rmw_implementation_cmake/cmake)
-- Found rmw_cyclonedds_cpp: 0.24.0 (/home/jakeluo/Software/ros2_rolling/install/rmw_cyclonedds_cpp/share/rmw_cyclonedds_cpp/cmake)
-- Using RMW implementation 'rmw_cyclonedds_cpp' as default
-- Found droneinterfaces: 0.0.0 (/home/jakeluo/Documents/MonitoringSystemRos2/src/install/droneinterfaces/share/droneinterfaces/cmake)
-- Found rclcpp_action: 13.0.0 (/home/jakeluo/Software/ros2_rolling/install/rclcpp_action/share/rclcpp_action/cmake)
-- Found PkgConfig: /usr/bin/pkg-config (found version "0.29.1") 
-- Checking for module 'eigen3'
--   Found eigen3, version 3.2.10
-- Configuring done
-- Generating done
-- Build files have been written to: /home/jakeluo/Documents/MonitoringSystemRos2/src/build/qt
[ 12%] [34m[1mAutomatic MOC and UIC for target gui[0m
[ 12%] Built target gui_autogen
[35m[1mScanning dependencies of target gui[0m
[ 25%] [32mBuilding CXX object CMakeFiles/gui.dir/gui_autogen/mocs_compilation.cpp.o[0m
[ 37%] [32mBuilding CXX object CMakeFiles/gui.dir/src/2DMovementKalmanFilter.cpp.o[0m
[ 50%] [32mBuilding CXX object CMakeFiles/gui.dir/src/mainwindow.cpp.o[0m
[ 62%] [32mBuilding CXX object CMakeFiles/gui.dir/src/main.cpp.o[0m
[ 75%] [32mBuilding CXX object CMakeFiles/gui.dir/include/qt/moc_mainwindow.cpp.o[0m
In file included from [01m[K/home/jakeluo/Documents/MonitoringSystemRos2/src/qt/include/qt/mainwindow.h:36[m[K,
                 from [01m[K/home/jakeluo/Documents/MonitoringSystemRos2/src/qt/src/main.cpp:1[m[K:
[01m[K/home/jakeluo/Documents/MonitoringSystemRos2/src/qt/include/targetPosition.h:1:[m[K [01;35m[Kwarning: [m[Kignoring #pragma   [[01;35m[K-Wunknown-pragmas[m[K]
    1 | #pragma
      | 
In file included from [01m[K/home/jakeluo/Documents/MonitoringSystemRos2/src/qt/include/qt/mainwindow.h:36[m[K,
                 from [01m[K/home/jakeluo/Documents/MonitoringSystemRos2/src/qt/src/mainwindow.cpp:1[m[K:
[01m[K/home/jakeluo/Documents/MonitoringSystemRos2/src/qt/include/targetPosition.h:1:[m[K [01;35m[Kwarning: [m[Kignoring #pragma   [[01;35m[K-Wunknown-pragmas[m[K]
    1 | #pragma
      | 
In file included from [01m[K/home/jakeluo/Documents/MonitoringSystemRos2/src/build/qt/include/qt/../../../../qt/include/qt/mainwindow.h:36[m[K,
                 from [01m[K/home/jakeluo/Documents/MonitoringSystemRos2/src/build/qt/include/qt/moc_mainwindow.cpp:9[m[K:
[01m[K/home/jakeluo/Documents/MonitoringSystemRos2/src/qt/include/targetPosition.h:1:[m[K [01;35m[Kwarning: [m[Kignoring #pragma   [[01;35m[K-Wunknown-pragmas[m[K]
    1 | #pragma
      | 
In file included from [01m[K/home/jakeluo/Documents/MonitoringSystemRos2/src/qt/src/main.cpp:1[m[K:
[01m[K/home/jakeluo/Documents/MonitoringSystemRos2/src/qt/include/qt/mainwindow.h:98:51:[m[K [01;31m[Kerror: [m[Kcould not convert ‘[01m[K{9.2117100000000005e+2, 0, 4.5989999999999998e+2, 0, 0, 9.1901800000000003e+2, 3.5124000000000001e+2, 0, 0, 0, 1, 0, 0, 0, 0, 1}[m[K’ from ‘[01m[K<brace-enclosed initializer list>[m[K’ to ‘[01m[KEigen::Matrix4f[m[K’ {aka ‘[01m[KEigen::Matrix<float, 4, 4>[m[K’}
   98 |                                         0, 0, 0, 1[01;31m[K}[m[K;
      |                                                   [01;31m[K^[m[K
      |                                                   [01;31m[K|[m[K
      |                                                   [01;31m[K<brace-enclosed initializer list>[m[K
In file included from [01m[K/home/jakeluo/Documents/MonitoringSystemRos2/src/qt/src/mainwindow.cpp:1[m[K:
[01m[K/home/jakeluo/Documents/MonitoringSystemRos2/src/qt/include/qt/mainwindow.h:98:51:[m[K [01;31m[Kerror: [m[Kcould not convert ‘[01m[K{9.2117100000000005e+2, 0, 4.5989999999999998e+2, 0, 0, 9.1901800000000003e+2, 3.5124000000000001e+2, 0, 0, 0, 1, 0, 0, 0, 0, 1}[m[K’ from ‘[01m[K<brace-enclosed initializer list>[m[K’ to ‘[01m[KEigen::Matrix4f[m[K’ {aka ‘[01m[KEigen::Matrix<float, 4, 4>[m[K’}
   98 |                                         0, 0, 0, 1[01;31m[K}[m[K;
      |                                                   [01;31m[K^[m[K
      |                                                   [01;31m[K|[m[K
      |                                                   [01;31m[K<brace-enclosed initializer list>[m[K
In file included from [01m[K/home/jakeluo/Documents/MonitoringSystemRos2/src/build/qt/include/qt/moc_mainwindow.cpp:9[m[K:
[01m[K/home/jakeluo/Documents/MonitoringSystemRos2/src/build/qt/include/qt/../../../../qt/include/qt/mainwindow.h:98:51:[m[K [01;31m[Kerror: [m[Kcould not convert ‘[01m[K{9.2117100000000005e+2, 0, 4.5989999999999998e+2, 0, 0, 9.1901800000000003e+2, 3.5124000000000001e+2, 0, 0, 0, 1, 0, 0, 0, 0, 1}[m[K’ from ‘[01m[K<brace-enclosed initializer list>[m[K’ to ‘[01m[KEigen::Matrix4f[m[K’ {aka ‘[01m[KEigen::Matrix<float, 4, 4>[m[K’}
   98 |                                         0, 0, 0, 1[01;31m[K}[m[K;
      |                                                   [01;31m[K^[m[K
      |                                                   [01;31m[K|[m[K
      |                                                   [01;31m[K<brace-enclosed initializer list>[m[K
[01m[K/home/jakeluo/Documents/MonitoringSystemRos2/src/qt/src/mainwindow.cpp:[m[K In constructor ‘[01m[KMainWindow::MainWindow(QWidget*)[m[K’:
[01m[K/home/jakeluo/Documents/MonitoringSystemRos2/src/qt/src/mainwindow.cpp:15:68:[m[K [01;31m[Kerror: [m[Kcannot call constructor ‘[01m[KTargetPosition::TargetPosition[m[K’ directly [[01;31m[K-fpermissive[m[K]
   15 |     targetPosition = TargetPosition::TargetPosition(intrinsicMatrix[01;31m[K)[m[K;
      |                                                                    [01;31m[K^[m[K
[01m[K/home/jakeluo/Documents/MonitoringSystemRos2/src/qt/src/mainwindow.cpp:15:68:[m[K [01;36m[Knote: [m[Kfor a function-style cast, remove the redundant ‘[01m[K::TargetPosition[m[K’
[01m[K/home/jakeluo/Documents/MonitoringSystemRos2/src/qt/src/mainwindow.cpp:15:52:[m[K [01;31m[Kerror: [m[Kcannot convert ‘[01m[KTargetPosition[m[K’ to ‘[01m[KTargetPosition*[m[K’ in assignment
   15 |     targetPosition = [01;31m[KTargetPosition::TargetPosition(intrinsicMatrix)[m[K;
      |                      [01;31m[K~~~~~~~~~~~~~~~~~~~~~~~~~~~~~~^~~~~~~~~~~~~~~~~[m[K
      |                                                    [01;31m[K|[m[K
      |                                                    [01;31m[KTargetPosition[m[K
[01m[K/home/jakeluo/Documents/MonitoringSystemRos2/src/qt/src/mainwindow.cpp:[m[K In member function ‘[01m[Kvoid MainWindow::feedback_callback(rclcpp_action::ClientGoalHandle<droneinterfaces::action::GoPoint>::SharedPtr, std::shared_ptr<const droneinterfaces::action::GoPoint_Feedback_<std::allocator<void> > >)[m[K’:
[01m[K/home/jakeluo/Documents/MonitoringSystemRos2/src/qt/src/mainwindow.cpp:510:77:[m[K [01;35m[Kwarning: [m[Kunused parameter ‘[01m[Kfeedback[m[K’ [[01;35m[K-Wunused-parameter[m[K]
  510 |     [01;35m[Kconst std::shared_ptr<const droneinterfaces::action::GoPoint::Feedback> feedback[m[K)
      |     [01;35m[K~~~~~~~~~~~~~~~~~~~~~~~~~~~~~~~~~~~~~~~~~~~~~~~~~~~~~~~~~~~~~~~~~~~~~~~~^~~~~~~~[m[K
make[2]: *** [CMakeFiles/gui.dir/build.make:80：CMakeFiles/gui.dir/src/main.cpp.o] 错误 1
make[2]: *** 正在等待未完成的任务....
make[2]: *** [CMakeFiles/gui.dir/build.make:119：CMakeFiles/gui.dir/include/qt/moc_mainwindow.cpp.o] 错误 1
make[2]: *** [CMakeFiles/gui.dir/build.make:93：CMakeFiles/gui.dir/src/mainwindow.cpp.o] 错误 1
make[1]: *** [CMakeFiles/Makefile2:79：CMakeFiles/gui.dir/all] 错误 2
make: *** [Makefile:141：all] 错误 2
