[35m[1mScanning dependencies of target dronemanager[0m
[ 50%] Built target drone
[ 75%] [32mBuilding CXX object CMakeFiles/dronemanager.dir/src/droneManager.cpp.o[0m
In file included from [01m[K/usr/include/c++/9/pstl/glue_algorithm_defs.h:13[m[K,
                 from [01m[K/usr/include/c++/9/algorithm:71[m[K,
                 from [01m[K/home/jakeluo/Software/ros2_rolling/install/rclcpp/include/rclcpp/executor.hpp:18[m[K,
                 from [01m[K/home/jakeluo/Software/ros2_rolling/install/rclcpp/include/rclcpp/executors/multi_threaded_executor.hpp:25[m[K,
                 from [01m[K/home/jakeluo/Software/ros2_rolling/install/rclcpp/include/rclcpp/executors.hpp:21[m[K,
                 from [01m[K/home/jakeluo/Software/ros2_rolling/install/rclcpp/include/rclcpp/rclcpp.hpp:155[m[K,
                 from [01m[K/home/jakeluo/Documents/MonitoringSystemRos2/src/droneutility/include/droneManager.hpp:1[m[K,
                 from [01m[K/home/jakeluo/Documents/MonitoringSystemRos2/src/droneutility/src/droneManager.cpp:1[m[K:
/usr/include/c++/9/functional: In instantiation of ‘[01m[Kstruct std::_Bind_check_arity<void (dronenamespace::DroneManager::*)(std::__cxx11::basic_string<char>, ThreadSafeQueue<AVFrame>&), dronenamespace::DroneManager*, ThreadSafeQueue<AVFrame>&>[m[K’:
[01m[K/usr/include/c++/9/functional:787:12:[m[K   required from ‘[01m[Kstruct std::_Bind_helper<false, void (dronenamespace::DroneManager::*)(std::__cxx11::basic_string<char>, ThreadSafeQueue<AVFrame>&), dronenamespace::DroneManager*, ThreadSafeQueue<AVFrame>&>[m[K’
[01m[K/usr/include/c++/9/functional:808:5:[m[K   required by substitution of ‘[01m[Ktemplate<class _Func, class ... _BoundArgs> typename std::_Bind_helper<std::__is_socketlike<_Func>::value, _Func, _BoundArgs ...>::type std::bind(_Func&&, _BoundArgs&& ...) [with _Func = void (dronenamespace::DroneManager::*)(std::__cxx11::basic_string<char>, ThreadSafeQueue<AVFrame>&); _BoundArgs = {dronenamespace::DroneManager*, ThreadSafeQueue<AVFrame>&}][m[K’
[01m[K/home/jakeluo/Documents/MonitoringSystemRos2/src/droneutility/src/droneManager.cpp:250:75:[m[K   required from here
[01m[K/usr/include/c++/9/functional:775:7:[m[K [01;31m[Kerror: [m[Kstatic assertion failed: Wrong number of arguments for pointer-to-member
  774 |       static_assert(_Varargs::[01;31m[Kvalue[m[K
      |                               [01;31m[K~~~~~[m[K
  775 | [01;31m[K      ? sizeof...(_BoundArgs) >= _Arity::value + 1[m[K
      |       [01;31m[K^~~~~~~~~~~~~~~~~~~~~~~~~~~~~~~~~~~~~~~~~~~~[m[K
  776 | [01;31m[K      : sizeof...(_BoundArgs) == _Arity::value + 1[m[K,
      |       [01;31m[K~~~~~~~~~~~~~~~~~~~~~~~~~~~~~~~~~~~~~~~~~~~~[m[K
In file included from [01m[K/usr/include/c++/9/future:39[m[K,
                 from [01m[K/home/jakeluo/Software/ros2_rolling/install/rclcpp/include/rclcpp/executors.hpp:18[m[K,
                 from [01m[K/home/jakeluo/Software/ros2_rolling/install/rclcpp/include/rclcpp/rclcpp.hpp:155[m[K,
                 from [01m[K/home/jakeluo/Documents/MonitoringSystemRos2/src/droneutility/include/droneManager.hpp:1[m[K,
                 from [01m[K/home/jakeluo/Documents/MonitoringSystemRos2/src/droneutility/src/droneManager.cpp:1[m[K:
/usr/include/c++/9/thread: In instantiation of ‘[01m[Kstd::thread::thread(_Callable&&, _Args&& ...) [with _Callable = std::_Bind<void (dronenamespace::DroneManager::*(dronenamespace::DroneManager*, ThreadSafeQueue<AVFrame>))(std::__cxx11::basic_string<char>, ThreadSafeQueue<AVFrame>&)>; _Args = {}; <template-parameter-1-3> = void][m[K’:
[01m[K/home/jakeluo/Documents/MonitoringSystemRos2/src/droneutility/src/droneManager.cpp:250:76:[m[K   required from here
[01m[K/usr/include/c++/9/thread:120:44:[m[K [01;31m[Kerror: [m[Kstatic assertion failed: std::thread arguments must be invocable after conversion to rvalues
  120 |           typename decay<_Args>::type...>::[01;31m[Kvalue[m[K,
      |                                            [01;31m[K^~~~~[m[K
/usr/include/c++/9/thread: In instantiation of ‘[01m[Kstruct std::thread::_Invoker<std::tuple<std::_Bind<void (dronenamespace::DroneManager::*(dronenamespace::DroneManager*, ThreadSafeQueue<AVFrame>))(std::__cxx11::basic_string<char, std::char_traits<char>, std::allocator<char> >, ThreadSafeQueue<AVFrame>&)> > >[m[K’:
[01m[K/usr/include/c++/9/thread:131:22:[m[K   required from ‘[01m[Kstd::thread::thread(_Callable&&, _Args&& ...) [with _Callable = std::_Bind<void (dronenamespace::DroneManager::*(dronenamespace::DroneManager*, ThreadSafeQueue<AVFrame>))(std::__cxx11::basic_string<char>, ThreadSafeQueue<AVFrame>&)>; _Args = {}; <template-parameter-1-3> = void][m[K’
[01m[K/home/jakeluo/Documents/MonitoringSystemRos2/src/droneutility/src/droneManager.cpp:250:76:[m[K   required from here
[01m[K/usr/include/c++/9/thread:243:4:[m[K [01;31m[Kerror: [m[Kno type named ‘[01m[Ktype[m[K’ in ‘[01m[Kstruct std::thread::_Invoker<std::tuple<std::_Bind<void (dronenamespace::DroneManager::*(dronenamespace::DroneManager*, ThreadSafeQueue<AVFrame>))(std::__cxx11::basic_string<char, std::char_traits<char>, std::allocator<char> >, ThreadSafeQueue<AVFrame>&)> > >::__result<std::tuple<std::_Bind<void (dronenamespace::DroneManager::*(dronenamespace::DroneManager*, ThreadSafeQueue<AVFrame>))(std::__cxx11::basic_string<char, std::char_traits<char>, std::allocator<char> >, ThreadSafeQueue<AVFrame>&)> > >[m[K’
  243 |    [01;31m[K_M_invoke[m[K(_Index_tuple<_Ind...>)
      |    [01;31m[K^~~~~~~~~[m[K
[01m[K/usr/include/c++/9/thread:247:2:[m[K [01;31m[Kerror: [m[Kno type named ‘[01m[Ktype[m[K’ in ‘[01m[Kstruct std::thread::_Invoker<std::tuple<std::_Bind<void (dronenamespace::DroneManager::*(dronenamespace::DroneManager*, ThreadSafeQueue<AVFrame>))(std::__cxx11::basic_string<char, std::char_traits<char>, std::allocator<char> >, ThreadSafeQueue<AVFrame>&)> > >::__result<std::tuple<std::_Bind<void (dronenamespace::DroneManager::*(dronenamespace::DroneManager*, ThreadSafeQueue<AVFrame>))(std::__cxx11::basic_string<char, std::char_traits<char>, std::allocator<char> >, ThreadSafeQueue<AVFrame>&)> > >[m[K’
  247 |  [01;31m[Koperator[m[K()()
      |  [01;31m[K^~~~~~~~[m[K
In file included from [01m[K/usr/include/c++/9/pstl/glue_algorithm_defs.h:13[m[K,
                 from [01m[K/usr/include/c++/9/algorithm:71[m[K,
                 from [01m[K/home/jakeluo/Software/ros2_rolling/install/rclcpp/include/rclcpp/executor.hpp:18[m[K,
                 from [01m[K/home/jakeluo/Software/ros2_rolling/install/rclcpp/include/rclcpp/executors/multi_threaded_executor.hpp:25[m[K,
                 from [01m[K/home/jakeluo/Software/ros2_rolling/install/rclcpp/include/rclcpp/executors.hpp:21[m[K,
                 from [01m[K/home/jakeluo/Software/ros2_rolling/install/rclcpp/include/rclcpp/rclcpp.hpp:155[m[K,
                 from [01m[K/home/jakeluo/Documents/MonitoringSystemRos2/src/droneutility/include/droneManager.hpp:1[m[K,
                 from [01m[K/home/jakeluo/Documents/MonitoringSystemRos2/src/droneutility/src/droneManager.cpp:1[m[K:
/usr/include/c++/9/functional: In instantiation of ‘[01m[Kstd::_Bind<_Functor(_Bound_args ...)>::_Bind(_Functor&&, _Args&& ...) [with _Args = {dronenamespace::DroneManager*, ThreadSafeQueue<AVFrame>&}; _Functor = void (dronenamespace::DroneManager::*)(std::__cxx11::basic_string<char>, ThreadSafeQueue<AVFrame>&); _Bound_args = {dronenamespace::DroneManager*, ThreadSafeQueue<AVFrame>}][m[K’:
[01m[K/usr/include/c++/9/functional:811:38:[m[K   required from ‘[01m[Ktypename std::_Bind_helper<std::__is_socketlike<_Func>::value, _Func, _BoundArgs ...>::type std::bind(_Func&&, _BoundArgs&& ...) [with _Func = void (dronenamespace::DroneManager::*)(std::__cxx11::basic_string<char>, ThreadSafeQueue<AVFrame>&); _BoundArgs = {dronenamespace::DroneManager*, ThreadSafeQueue<AVFrame>&}; typename std::_Bind_helper<std::__is_socketlike<_Func>::value, _Func, _BoundArgs ...>::type = std::_Bind<void (dronenamespace::DroneManager::*(dronenamespace::DroneManager*, ThreadSafeQueue<AVFrame>))(std::__cxx11::basic_string<char>, ThreadSafeQueue<AVFrame>&)>][m[K’
[01m[K/home/jakeluo/Documents/MonitoringSystemRos2/src/droneutility/src/droneManager.cpp:250:75:[m[K   required from here
[01m[K/usr/include/c++/9/functional:467:70:[m[K [01;31m[Kerror: [m[Kno matching function for call to ‘[01m[Kstd::tuple<dronenamespace::DroneManager*, ThreadSafeQueue<AVFrame> >::tuple(dronenamespace::DroneManager*, ThreadSafeQueue<AVFrame>&)[m[K’
  467 |  : _M_f(std::move(__f)), _M_bound_args(std::forward<_Args>(__args)...[01;31m[K)[m[K
      |                                                                      [01;31m[K^[m[K
In file included from [01m[K/usr/include/c++/9/bits/unique_ptr.h:37[m[K,
                 from [01m[K/usr/include/c++/9/memory:80[m[K,
                 from [01m[K/home/jakeluo/Software/ros2_rolling/install/rclcpp/include/rclcpp/rclcpp.hpp:153[m[K,
                 from [01m[K/home/jakeluo/Documents/MonitoringSystemRos2/src/droneutility/include/droneManager.hpp:1[m[K,
                 from [01m[K/home/jakeluo/Documents/MonitoringSystemRos2/src/droneutility/src/droneManager.cpp:1[m[K:
[01m[K/usr/include/c++/9/tuple:1199:18:[m[K [01;36m[Knote: [m[Kcandidate: ‘[01m[Ktemplate<class _Alloc, class _U1, class _U2, typename std::enable_if<(_MoveConstructibleTuple<_U1, _U2>() && (! _ImplicitlyMoveConvertibleTuple<_U1, _U2>())), bool>::type <anonymous> > std::tuple<_T1, _T2>::tuple(std::allocator_arg_t, const _Alloc&, std::pair<_U1, _U2>&&)[m[K’
 1199 |         explicit [01;36m[Ktuple[m[K(allocator_arg_t __tag, const _Alloc& __a,
      |                  [01;36m[K^~~~~[m[K
[01m[K/usr/include/c++/9/tuple:1199:18:[m[K [01;36m[Knote: [m[K  template argument deduction/substitution failed:
In file included from [01m[K/usr/include/c++/9/pstl/glue_algorithm_defs.h:13[m[K,
                 from [01m[K/usr/include/c++/9/algorithm:71[m[K,
                 from [01m[K/home/jakeluo/Software/ros2_rolling/install/rclcpp/include/rclcpp/executor.hpp:18[m[K,
                 from [01m[K/home/jakeluo/Software/ros2_rolling/install/rclcpp/include/rclcpp/executors/multi_threaded_executor.hpp:25[m[K,
                 from [01m[K/home/jakeluo/Software/ros2_rolling/install/rclcpp/include/rclcpp/executors.hpp:21[m[K,
                 from [01m[K/home/jakeluo/Software/ros2_rolling/install/rclcpp/include/rclcpp/rclcpp.hpp:155[m[K,
                 from [01m[K/home/jakeluo/Documents/MonitoringSystemRos2/src/droneutility/include/droneManager.hpp:1[m[K,
                 from [01m[K/home/jakeluo/Documents/MonitoringSystemRos2/src/droneutility/src/droneManager.cpp:1[m[K:
[01m[K/usr/include/c++/9/functional:467:70:[m[K [01;36m[Knote: [m[K  candidate expects 3 arguments, 2 provided
  467 |  : _M_f(std::move(__f)), _M_bound_args(std::forward<_Args>(__args)...[01;36m[K)[m[K
      |                                                                      [01;36m[K^[m[K
In file included from [01m[K/usr/include/c++/9/bits/unique_ptr.h:37[m[K,
                 from [01m[K/usr/include/c++/9/memory:80[m[K,
                 from [01m[K/home/jakeluo/Software/ros2_rolling/install/rclcpp/include/rclcpp/rclcpp.hpp:153[m[K,
                 from [01m[K/home/jakeluo/Documents/MonitoringSystemRos2/src/droneutility/include/droneManager.hpp:1[m[K,
                 from [01m[K/home/jakeluo/Documents/MonitoringSystemRos2/src/droneutility/src/droneManager.cpp:1[m[K:
[01m[K/usr/include/c++/9/tuple:1189:9:[m[K [01;36m[Knote: [m[Kcandidate: ‘[01m[Ktemplate<class _Alloc, class _U1, class _U2, typename std::enable_if<(_MoveConstructibleTuple<_U1, _U2>() && _ImplicitlyMoveConvertibleTuple<_U1, _U2>()), bool>::type <anonymous> > std::tuple<_T1, _T2>::tuple(std::allocator_arg_t, const _Alloc&, std::pair<_U1, _U2>&&)[m[K’
 1189 |         [01;36m[Ktuple[m[K(allocator_arg_t __tag, const _Alloc& __a, pair<_U1, _U2>&& __in)
      |         [01;36m[K^~~~~[m[K
[01m[K/usr/include/c++/9/tuple:1189:9:[m[K [01;36m[Knote: [m[K  template argument deduction/substitution failed:
In file included from [01m[K/usr/include/c++/9/pstl/glue_algorithm_defs.h:13[m[K,
                 from [01m[K/usr/include/c++/9/algorithm:71[m[K,
                 from [01m[K/home/jakeluo/Software/ros2_rolling/install/rclcpp/include/rclcpp/executor.hpp:18[m[K,
                 from [01m[K/home/jakeluo/Software/ros2_rolling/install/rclcpp/include/rclcpp/executors/multi_threaded_executor.hpp:25[m[K,
                 from [01m[K/home/jakeluo/Software/ros2_rolling/install/rclcpp/include/rclcpp/executors.hpp:21[m[K,
                 from [01m[K/home/jakeluo/Software/ros2_rolling/install/rclcpp/include/rclcpp/rclcpp.hpp:155[m[K,
                 from [01m[K/home/jakeluo/Documents/MonitoringSystemRos2/src/droneutility/include/droneManager.hpp:1[m[K,
                 from [01m[K/home/jakeluo/Documents/MonitoringSystemRos2/src/droneutility/src/droneManager.cpp:1[m[K:
[01m[K/usr/include/c++/9/functional:467:70:[m[K [01;36m[Knote: [m[K  candidate expects 3 arguments, 2 provided
  467 |  : _M_f(std::move(__f)), _M_bound_args(std::forward<_Args>(__args)...[01;36m[K)[m[K
      |                                                                      [01;36m[K^[m[K
In file included from [01m[K/usr/include/c++/9/bits/unique_ptr.h:37[m[K,
                 from [01m[K/usr/include/c++/9/memory:80[m[K,
                 from [01m[K/home/jakeluo/Software/ros2_rolling/install/rclcpp/include/rclcpp/rclcpp.hpp:153[m[K,
                 from [01m[K/home/jakeluo/Documents/MonitoringSystemRos2/src/droneutility/include/droneManager.hpp:1[m[K,
                 from [01m[K/home/jakeluo/Documents/MonitoringSystemRos2/src/droneutility/src/droneManager.cpp:1[m[K:
[01m[K/usr/include/c++/9/tuple:1179:18:[m[K [01;36m[Knote: [m[Kcandidate: ‘[01m[Ktemplate<class _Alloc, class _U1, class _U2, typename std::enable_if<(_ConstructibleTuple<_U1, _U2>() && (! _ImplicitlyConvertibleTuple<_U1, _U2>())), bool>::type <anonymous> > std::tuple<_T1, _T2>::tuple(std::allocator_arg_t, const _Alloc&, const std::pair<_U1, _U2>&)[m[K’
 1179 |         explicit [01;36m[Ktuple[m[K(allocator_arg_t __tag, const _Alloc& __a,
      |                  [01;36m[K^~~~~[m[K
[01m[K/usr/include/c++/9/tuple:1179:18:[m[K [01;36m[Knote: [m[K  template argument deduction/substitution failed:
In file included from [01m[K/usr/include/c++/9/pstl/glue_algorithm_defs.h:13[m[K,
                 from [01m[K/usr/include/c++/9/algorithm:71[m[K,
                 from [01m[K/home/jakeluo/Software/ros2_rolling/install/rclcpp/include/rclcpp/executor.hpp:18[m[K,
                 from [01m[K/home/jakeluo/Software/ros2_rolling/install/rclcpp/include/rclcpp/executors/multi_threaded_executor.hpp:25[m[K,
                 from [01m[K/home/jakeluo/Software/ros2_rolling/install/rclcpp/include/rclcpp/executors.hpp:21[m[K,
                 from [01m[K/home/jakeluo/Software/ros2_rolling/install/rclcpp/include/rclcpp/rclcpp.hpp:155[m[K,
                 from [01m[K/home/jakeluo/Documents/MonitoringSystemRos2/src/droneutility/include/droneManager.hpp:1[m[K,
                 from [01m[K/home/jakeluo/Documents/MonitoringSystemRos2/src/droneutility/src/droneManager.cpp:1[m[K:
[01m[K/usr/include/c++/9/functional:467:70:[m[K [01;36m[Knote: [m[K  candidate expects 3 arguments, 2 provided
  467 |  : _M_f(std::move(__f)), _M_bound_args(std::forward<_Args>(__args)...[01;36m[K)[m[K
      |                                                                      [01;36m[K^[m[K
In file included from [01m[K/usr/include/c++/9/bits/unique_ptr.h:37[m[K,
                 from [01m[K/usr/include/c++/9/memory:80[m[K,
                 from [01m[K/home/jakeluo/Software/ros2_rolling/install/rclcpp/include/rclcpp/rclcpp.hpp:153[m[K,
                 from [01m[K/home/jakeluo/Documents/MonitoringSystemRos2/src/droneutility/include/droneManager.hpp:1[m[K,
                 from [01m[K/home/jakeluo/Documents/MonitoringSystemRos2/src/droneutility/src/droneManager.cpp:1[m[K:
[01m[K/usr/include/c++/9/tuple:1169:9:[m[K [01;36m[Knote: [m[Kcandidate: ‘[01m[Ktemplate<class _Alloc, class _U1, class _U2, typename std::enable_if<(_ConstructibleTuple<_U1, _U2>() && _ImplicitlyConvertibleTuple<_U1, _U2>()), bool>::type <anonymous> > std::tuple<_T1, _T2>::tuple(std::allocator_arg_t, const _Alloc&, const std::pair<_U1, _U2>&)[m[K’
 1169 |         [01;36m[Ktuple[m[K(allocator_arg_t __tag, const _Alloc& __a,
      |         [01;36m[K^~~~~[m[K
[01m[K/usr/include/c++/9/tuple:1169:9:[m[K [01;36m[Knote: [m[K  template argument deduction/substitution failed:
In file included from [01m[K/usr/include/c++/9/pstl/glue_algorithm_defs.h:13[m[K,
                 from [01m[K/usr/include/c++/9/algorithm:71[m[K,
                 from [01m[K/home/jakeluo/Software/ros2_rolling/install/rclcpp/include/rclcpp/executor.hpp:18[m[K,
                 from [01m[K/home/jakeluo/Software/ros2_rolling/install/rclcpp/include/rclcpp/executors/multi_threaded_executor.hpp:25[m[K,
                 from [01m[K/home/jakeluo/Software/ros2_rolling/install/rclcpp/include/rclcpp/executors.hpp:21[m[K,
                 from [01m[K/home/jakeluo/Software/ros2_rolling/install/rclcpp/include/rclcpp/rclcpp.hpp:155[m[K,
                 from [01m[K/home/jakeluo/Documents/MonitoringSystemRos2/src/droneutility/include/droneManager.hpp:1[m[K,
                 from [01m[K/home/jakeluo/Documents/MonitoringSystemRos2/src/droneutility/src/droneManager.cpp:1[m[K:
[01m[K/usr/include/c++/9/functional:467:70:[m[K [01;36m[Knote: [m[K  candidate expects 3 arguments, 2 provided
  467 |  : _M_f(std::move(__f)), _M_bound_args(std::forward<_Args>(__args)...[01;36m[K)[m[K
      |                                                                      [01;36m[K^[m[K
In file included from [01m[K/usr/include/c++/9/bits/unique_ptr.h:37[m[K,
                 from [01m[K/usr/include/c++/9/memory:80[m[K,
                 from [01m[K/home/jakeluo/Software/ros2_rolling/install/rclcpp/include/rclcpp/rclcpp.hpp:153[m[K,
                 from [01m[K/home/jakeluo/Documents/MonitoringSystemRos2/src/droneutility/include/droneManager.hpp:1[m[K,
                 from [01m[K/home/jakeluo/Documents/MonitoringSystemRos2/src/droneutility/src/droneManager.cpp:1[m[K:
[01m[K/usr/include/c++/9/tuple:1158:11:[m[K [01;36m[Knote: [m[Kcandidate: ‘[01m[Ktemplate<class _Alloc, class _U1, class _U2, typename std::enable_if<(_MoveConstructibleTuple<_U1, _U2>() && (! _ImplicitlyMoveConvertibleTuple<_U1, _U2>())), bool>::type <anonymous> > std::tuple<_T1, _T2>::tuple(std::allocator_arg_t, const _Alloc&, std::tuple<_U1, _U2>&&)[m[K’
 1158 |  explicit [01;36m[Ktuple[m[K(allocator_arg_t __tag, const _Alloc& __a,
      |           [01;36m[K^~~~~[m[K
[01m[K/usr/include/c++/9/tuple:1158:11:[m[K [01;36m[Knote: [m[K  template argument deduction/substitution failed:
In file included from [01m[K/usr/include/c++/9/pstl/glue_algorithm_defs.h:13[m[K,
                 from [01m[K/usr/include/c++/9/algorithm:71[m[K,
                 from [01m[K/home/jakeluo/Software/ros2_rolling/install/rclcpp/include/rclcpp/executor.hpp:18[m[K,
                 from [01m[K/home/jakeluo/Software/ros2_rolling/install/rclcpp/include/rclcpp/executors/multi_threaded_executor.hpp:25[m[K,
                 from [01m[K/home/jakeluo/Software/ros2_rolling/install/rclcpp/include/rclcpp/executors.hpp:21[m[K,
                 from [01m[K/home/jakeluo/Software/ros2_rolling/install/rclcpp/include/rclcpp/rclcpp.hpp:155[m[K,
                 from [01m[K/home/jakeluo/Documents/MonitoringSystemRos2/src/droneutility/include/droneManager.hpp:1[m[K,
                 from [01m[K/home/jakeluo/Documents/MonitoringSystemRos2/src/droneutility/src/droneManager.cpp:1[m[K:
[01m[K/usr/include/c++/9/functional:467:70:[m[K [01;36m[Knote: [m[K  candidate expects 3 arguments, 2 provided
  467 |  : _M_f(std::move(__f)), _M_bound_args(std::forward<_Args>(__args)...[01;36m[K)[m[K
      |                                                                      [01;36m[K^[m[K
In file included from [01m[K/usr/include/c++/9/bits/unique_ptr.h:37[m[K,
                 from [01m[K/usr/include/c++/9/memory:80[m[K,
                 from [01m[K/home/jakeluo/Software/ros2_rolling/install/rclcpp/include/rclcpp/rclcpp.hpp:153[m[K,
                 from [01m[K/home/jakeluo/Documents/MonitoringSystemRos2/src/droneutility/include/droneManager.hpp:1[m[K,
                 from [01m[K/home/jakeluo/Documents/MonitoringSystemRos2/src/droneutility/src/droneManager.cpp:1[m[K:
[01m[K/usr/include/c++/9/tuple:1148:2:[m[K [01;36m[Knote: [m[Kcandidate: ‘[01m[Ktemplate<class _Alloc, class _U1, class _U2, typename std::enable_if<(_MoveConstructibleTuple<_U1, _U2>() && _ImplicitlyMoveConvertibleTuple<_U1, _U2>()), bool>::type <anonymous> > std::tuple<_T1, _T2>::tuple(std::allocator_arg_t, const _Alloc&, std::tuple<_U1, _U2>&&)[m[K’
 1148 |  [01;36m[Ktuple[m[K(allocator_arg_t __tag, const _Alloc& __a, tuple<_U1, _U2>&& __in)
      |  [01;36m[K^~~~~[m[K
[01m[K/usr/include/c++/9/tuple:1148:2:[m[K [01;36m[Knote: [m[K  template argument deduction/substitution failed:
In file included from [01m[K/usr/include/c++/9/pstl/glue_algorithm_defs.h:13[m[K,
                 from [01m[K/usr/include/c++/9/algorithm:71[m[K,
                 from [01m[K/home/jakeluo/Software/ros2_rolling/install/rclcpp/include/rclcpp/executor.hpp:18[m[K,
                 from [01m[K/home/jakeluo/Software/ros2_rolling/install/rclcpp/include/rclcpp/executors/multi_threaded_executor.hpp:25[m[K,
                 from [01m[K/home/jakeluo/Software/ros2_rolling/install/rclcpp/include/rclcpp/executors.hpp:21[m[K,
                 from [01m[K/home/jakeluo/Software/ros2_rolling/install/rclcpp/include/rclcpp/rclcpp.hpp:155[m[K,
                 from [01m[K/home/jakeluo/Documents/MonitoringSystemRos2/src/droneutility/include/droneManager.hpp:1[m[K,
                 from [01m[K/home/jakeluo/Documents/MonitoringSystemRos2/src/droneutility/src/droneManager.cpp:1[m[K:
[01m[K/usr/include/c++/9/functional:467:70:[m[K [01;36m[Knote: [m[K  candidate expects 3 arguments, 2 provided
  467 |  : _M_f(std::move(__f)), _M_bound_args(std::forward<_Args>(__args)...[01;36m[K)[m[K
      |                                                                      [01;36m[K^[m[K
In file included from [01m[K/usr/include/c++/9/bits/unique_ptr.h:37[m[K,
                 from [01m[K/usr/include/c++/9/memory:80[m[K,
                 from [01m[K/home/jakeluo/Software/ros2_rolling/install/rclcpp/include/rclcpp/rclcpp.hpp:153[m[K,
                 from [01m[K/home/jakeluo/Documents/MonitoringSystemRos2/src/droneutility/include/droneManager.hpp:1[m[K,
                 from [01m[K/home/jakeluo/Documents/MonitoringSystemRos2/src/droneutility/src/droneManager.cpp:1[m[K:
[01m[K/usr/include/c++/9/tuple:1136:11:[m[K [01;36m[Knote: [m[Kcandidate: ‘[01m[Ktemplate<class _Alloc, class _U1, class _U2, typename std::enable_if<(_ConstructibleTuple<_U1, _U2>() && (! _ImplicitlyConvertibleTuple<_U1, _U2>())), bool>::type <anonymous> > std::tuple<_T1, _T2>::tuple(std::allocator_arg_t, const _Alloc&, const std::tuple<_U1, _U2>&)[m[K’
 1136 |  explicit [01;36m[Ktuple[m[K(allocator_arg_t __tag, const _Alloc& __a,
      |           [01;36m[K^~~~~[m[K
[01m[K/usr/include/c++/9/tuple:1136:11:[m[K [01;36m[Knote: [m[K  template argument deduction/substitution failed:
In file included from [01m[K/usr/include/c++/9/pstl/glue_algorithm_defs.h:13[m[K,
                 from [01m[K/usr/include/c++/9/algorithm:71[m[K,
                 from [01m[K/home/jakeluo/Software/ros2_rolling/install/rclcpp/include/rclcpp/executor.hpp:18[m[K,
                 from [01m[K/home/jakeluo/Software/ros2_rolling/install/rclcpp/include/rclcpp/executors/multi_threaded_executor.hpp:25[m[K,
                 from [01m[K/home/jakeluo/Software/ros2_rolling/install/rclcpp/include/rclcpp/executors.hpp:21[m[K,
                 from [01m[K/home/jakeluo/Software/ros2_rolling/install/rclcpp/include/rclcpp/rclcpp.hpp:155[m[K,
                 from [01m[K/home/jakeluo/Documents/MonitoringSystemRos2/src/droneutility/include/droneManager.hpp:1[m[K,
                 from [01m[K/home/jakeluo/Documents/MonitoringSystemRos2/src/droneutility/src/droneManager.cpp:1[m[K:
[01m[K/usr/include/c++/9/functional:467:70:[m[K [01;36m[Knote: [m[K  candidate expects 3 arguments, 2 provided
  467 |  : _M_f(std::move(__f)), _M_bound_args(std::forward<_Args>(__args)...[01;36m[K)[m[K
      |                                                                      [01;36m[K^[m[K
In file included from [01m[K/usr/include/c++/9/bits/unique_ptr.h:37[m[K,
                 from [01m[K/usr/include/c++/9/memory:80[m[K,
                 from [01m[K/home/jakeluo/Software/ros2_rolling/install/rclcpp/include/rclcpp/rclcpp.hpp:153[m[K,
                 from [01m[K/home/jakeluo/Documents/MonitoringSystemRos2/src/droneutility/include/droneManager.hpp:1[m[K,
                 from [01m[K/home/jakeluo/Documents/MonitoringSystemRos2/src/droneutility/src/droneManager.cpp:1[m[K:
[01m[K/usr/include/c++/9/tuple:1124:2:[m[K [01;36m[Knote: [m[Kcandidate: ‘[01m[Ktemplate<class _Alloc, class _U1, class _U2, typename std::enable_if<(_ConstructibleTuple<_U1, _U2>() && _ImplicitlyConvertibleTuple<_U1, _U2>()), bool>::type <anonymous> > std::tuple<_T1, _T2>::tuple(std::allocator_arg_t, const _Alloc&, const std::tuple<_U1, _U2>&)[m[K’
 1124 |  [01;36m[Ktuple[m[K(allocator_arg_t __tag, const _Alloc& __a,
      |  [01;36m[K^~~~~[m[K
[01m[K/usr/include/c++/9/tuple:1124:2:[m[K [01;36m[Knote: [m[K  template argument deduction/substitution failed:
In file included from [01m[K/usr/include/c++/9/pstl/glue_algorithm_defs.h:13[m[K,
                 from [01m[K/usr/include/c++/9/algorithm:71[m[K,
                 from [01m[K/home/jakeluo/Software/ros2_rolling/install/rclcpp/include/rclcpp/executor.hpp:18[m[K,
                 from [01m[K/home/jakeluo/Software/ros2_rolling/install/rclcpp/include/rclcpp/executors/multi_threaded_executor.hpp:25[m[K,
                 from [01m[K/home/jakeluo/Software/ros2_rolling/install/rclcpp/include/rclcpp/executors.hpp:21[m[K,
                 from [01m[K/home/jakeluo/Software/ros2_rolling/install/rclcpp/include/rclcpp/rclcpp.hpp:155[m[K,
                 from [01m[K/home/jakeluo/Documents/MonitoringSystemRos2/src/droneutility/include/droneManager.hpp:1[m[K,
                 from [01m[K/home/jakeluo/Documents/MonitoringSystemRos2/src/droneutility/src/droneManager.cpp:1[m[K:
[01m[K/usr/include/c++/9/functional:467:70:[m[K [01;36m[Knote: [m[K  candidate expects 3 arguments, 2 provided
  467 |  : _M_f(std::move(__f)), _M_bound_args(std::forward<_Args>(__args)...[01;36m[K)[m[K
      |                                                                      [01;36m[K^[m[K
In file included from [01m[K/usr/include/c++/9/bits/unique_ptr.h:37[m[K,
                 from [01m[K/usr/include/c++/9/memory:80[m[K,
                 from [01m[K/home/jakeluo/Software/ros2_rolling/install/rclcpp/include/rclcpp/rclcpp.hpp:153[m[K,
                 from [01m[K/home/jakeluo/Documents/MonitoringSystemRos2/src/droneutility/include/droneManager.hpp:1[m[K,
                 from [01m[K/home/jakeluo/Documents/MonitoringSystemRos2/src/droneutility/src/droneManager.cpp:1[m[K:
[01m[K/usr/include/c++/9/tuple:1115:2:[m[K [01;36m[Knote: [m[Kcandidate: ‘[01m[Ktemplate<class _Alloc> std::tuple<_T1, _T2>::tuple(std::allocator_arg_t, const _Alloc&, std::tuple<_T1, _T2>&&)[m[K’
 1115 |  [01;36m[Ktuple[m[K(allocator_arg_t __tag, const _Alloc& __a, tuple&& __in)
      |  [01;36m[K^~~~~[m[K
[01m[K/usr/include/c++/9/tuple:1115:2:[m[K [01;36m[Knote: [m[K  template argument deduction/substitution failed:
In file included from [01m[K/usr/include/c++/9/pstl/glue_algorithm_defs.h:13[m[K,
                 from [01m[K/usr/include/c++/9/algorithm:71[m[K,
                 from [01m[K/home/jakeluo/Software/ros2_rolling/install/rclcpp/include/rclcpp/executor.hpp:18[m[K,
                 from [01m[K/home/jakeluo/Software/ros2_rolling/install/rclcpp/include/rclcpp/executors/multi_threaded_executor.hpp:25[m[K,
                 from [01m[K/home/jakeluo/Software/ros2_rolling/install/rclcpp/include/rclcpp/executors.hpp:21[m[K,
                 from [01m[K/home/jakeluo/Software/ros2_rolling/install/rclcpp/include/rclcpp/rclcpp.hpp:155[m[K,
                 from [01m[K/home/jakeluo/Documents/MonitoringSystemRos2/src/droneutility/include/droneManager.hpp:1[m[K,
                 from [01m[K/home/jakeluo/Documents/MonitoringSystemRos2/src/droneutility/src/droneManager.cpp:1[m[K:
[01m[K/usr/include/c++/9/functional:467:70:[m[K [01;36m[Knote: [m[K  candidate expects 3 arguments, 2 provided
  467 |  : _M_f(std::move(__f)), _M_bound_args(std::forward<_Args>(__args)...[01;36m[K)[m[K
      |                                                                      [01;36m[K^[m[K
In file included from [01m[K/usr/include/c++/9/bits/unique_ptr.h:37[m[K,
                 from [01m[K/usr/include/c++/9/memory:80[m[K,
                 from [01m[K/home/jakeluo/Software/ros2_rolling/install/rclcpp/include/rclcpp/rclcpp.hpp:153[m[K,
                 from [01m[K/home/jakeluo/Documents/MonitoringSystemRos2/src/droneutility/include/droneManager.hpp:1[m[K,
                 from [01m[K/home/jakeluo/Documents/MonitoringSystemRos2/src/droneutility/src/droneManager.cpp:1[m[K:
[01m[K/usr/include/c++/9/tuple:1111:2:[m[K [01;36m[Knote: [m[Kcandidate: ‘[01m[Ktemplate<class _Alloc> std::tuple<_T1, _T2>::tuple(std::allocator_arg_t, const _Alloc&, const std::tuple<_T1, _T2>&)[m[K’
 1111 |  [01;36m[Ktuple[m[K(allocator_arg_t __tag, const _Alloc& __a, const tuple& __in)
      |  [01;36m[K^~~~~[m[K
[01m[K/usr/include/c++/9/tuple:1111:2:[m[K [01;36m[Knote: [m[K  template argument deduction/substitution failed:
In file included from [01m[K/usr/include/c++/9/pstl/glue_algorithm_defs.h:13[m[K,
                 from [01m[K/usr/include/c++/9/algorithm:71[m[K,
                 from [01m[K/home/jakeluo/Software/ros2_rolling/install/rclcpp/include/rclcpp/executor.hpp:18[m[K,
                 from [01m[K/home/jakeluo/Software/ros2_rolling/install/rclcpp/include/rclcpp/executors/multi_threaded_executor.hpp:25[m[K,
                 from [01m[K/home/jakeluo/Software/ros2_rolling/install/rclcpp/include/rclcpp/executors.hpp:21[m[K,
                 from [01m[K/home/jakeluo/Software/ros2_rolling/install/rclcpp/include/rclcpp/rclcpp.hpp:155[m[K,
                 from [01m[K/home/jakeluo/Documents/MonitoringSystemRos2/src/droneutility/include/droneManager.hpp:1[m[K,
                 from [01m[K/home/jakeluo/Documents/MonitoringSystemRos2/src/droneutility/src/droneManager.cpp:1[m[K:
[01m[K/usr/include/c++/9/functional:467:70:[m[K [01;36m[Knote: [m[K  candidate expects 3 arguments, 2 provided
  467 |  : _M_f(std::move(__f)), _M_bound_args(std::forward<_Args>(__args)...[01;36m[K)[m[K
      |                                                                      [01;36m[K^[m[K
In file included from [01m[K/usr/include/c++/9/bits/unique_ptr.h:37[m[K,
                 from [01m[K/usr/include/c++/9/memory:80[m[K,
                 from [01m[K/home/jakeluo/Software/ros2_rolling/install/rclcpp/include/rclcpp/rclcpp.hpp:153[m[K,
                 from [01m[K/home/jakeluo/Documents/MonitoringSystemRos2/src/droneutility/include/droneManager.hpp:1[m[K,
                 from [01m[K/home/jakeluo/Documents/MonitoringSystemRos2/src/droneutility/src/droneManager.cpp:1[m[K:
[01m[K/usr/include/c++/9/tuple:1105:11:[m[K [01;36m[Knote: [m[Kcandidate: ‘[01m[Ktemplate<class _Alloc, class _U1, class _U2, typename std::enable_if<(_MoveConstructibleTuple<_U1, _U2>() && (! _ImplicitlyMoveConvertibleTuple<_U1, _U2>())), bool>::type <anonymous> > std::tuple<_T1, _T2>::tuple(std::allocator_arg_t, const _Alloc&, _U1&&, _U2&&)[m[K’
 1105 |  explicit [01;36m[Ktuple[m[K(allocator_arg_t __tag, const _Alloc& __a,
      |           [01;36m[K^~~~~[m[K
[01m[K/usr/include/c++/9/tuple:1105:11:[m[K [01;36m[Knote: [m[K  template argument deduction/substitution failed:
In file included from [01m[K/usr/include/c++/9/pstl/glue_algorithm_defs.h:13[m[K,
                 from [01m[K/usr/include/c++/9/algorithm:71[m[K,
                 from [01m[K/home/jakeluo/Software/ros2_rolling/install/rclcpp/include/rclcpp/executor.hpp:18[m[K,
                 from [01m[K/home/jakeluo/Software/ros2_rolling/install/rclcpp/include/rclcpp/executors/multi_threaded_executor.hpp:25[m[K,
                 from [01m[K/home/jakeluo/Software/ros2_rolling/install/rclcpp/include/rclcpp/executors.hpp:21[m[K,
                 from [01m[K/home/jakeluo/Software/ros2_rolling/install/rclcpp/include/rclcpp/rclcpp.hpp:155[m[K,
                 from [01m[K/home/jakeluo/Documents/MonitoringSystemRos2/src/droneutility/include/droneManager.hpp:1[m[K,
                 from [01m[K/home/jakeluo/Documents/MonitoringSystemRos2/src/droneutility/src/droneManager.cpp:1[m[K:
[01m[K/usr/include/c++/9/functional:467:70:[m[K [01;36m[Knote: [m[K  candidate expects 4 arguments, 2 provided
  467 |  : _M_f(std::move(__f)), _M_bound_args(std::forward<_Args>(__args)...[01;36m[K)[m[K
      |                                                                      [01;36m[K^[m[K
In file included from [01m[K/usr/include/c++/9/bits/unique_ptr.h:37[m[K,
                 from [01m[K/usr/include/c++/9/memory:80[m[K,
                 from [01m[K/home/jakeluo/Software/ros2_rolling/install/rclcpp/include/rclcpp/rclcpp.hpp:153[m[K,
                 from [01m[K/home/jakeluo/Documents/MonitoringSystemRos2/src/droneutility/include/droneManager.hpp:1[m[K,
                 from [01m[K/home/jakeluo/Documents/MonitoringSystemRos2/src/droneutility/src/droneManager.cpp:1[m[K:
[01m[K/usr/include/c++/9/tuple:1095:2:[m[K [01;36m[Knote: [m[Kcandidate: ‘[01m[Ktemplate<class _Alloc, class _U1, class _U2, typename std::enable_if<(_MoveConstructibleTuple<_U1, _U2>() && _ImplicitlyMoveConvertibleTuple<_U1, _U2>()), bool>::type <anonymous> > std::tuple<_T1, _T2>::tuple(std::allocator_arg_t, const _Alloc&, _U1&&, _U2&&)[m[K’
 1095 |  [01;36m[Ktuple[m[K(allocator_arg_t __tag, const _Alloc& __a, _U1&& __a1, _U2&& __a2)
      |  [01;36m[K^~~~~[m[K
[01m[K/usr/include/c++/9/tuple:1095:2:[m[K [01;36m[Knote: [m[K  template argument deduction/substitution failed:
In file included from [01m[K/usr/include/c++/9/pstl/glue_algorithm_defs.h:13[m[K,
                 from [01m[K/usr/include/c++/9/algorithm:71[m[K,
                 from [01m[K/home/jakeluo/Software/ros2_rolling/install/rclcpp/include/rclcpp/executor.hpp:18[m[K,
                 from [01m[K/home/jakeluo/Software/ros2_rolling/install/rclcpp/include/rclcpp/executors/multi_threaded_executor.hpp:25[m[K,
                 from [01m[K/home/jakeluo/Software/ros2_rolling/install/rclcpp/include/rclcpp/executors.hpp:21[m[K,
                 from [01m[K/home/jakeluo/Software/ros2_rolling/install/rclcpp/include/rclcpp/rclcpp.hpp:155[m[K,
                 from [01m[K/home/jakeluo/Documents/MonitoringSystemRos2/src/droneutility/include/droneManager.hpp:1[m[K,
                 from [01m[K/home/jakeluo/Documents/MonitoringSystemRos2/src/droneutility/src/droneManager.cpp:1[m[K:
[01m[K/usr/include/c++/9/functional:467:70:[m[K [01;36m[Knote: [m[K  candidate expects 4 arguments, 2 provided
  467 |  : _M_f(std::move(__f)), _M_bound_args(std::forward<_Args>(__args)...[01;36m[K)[m[K
      |                                                                      [01;36m[K^[m[K
In file included from [01m[K/usr/include/c++/9/bits/unique_ptr.h:37[m[K,
                 from [01m[K/usr/include/c++/9/memory:80[m[K,
                 from [01m[K/home/jakeluo/Software/ros2_rolling/install/rclcpp/include/rclcpp/rclcpp.hpp:153[m[K,
                 from [01m[K/home/jakeluo/Documents/MonitoringSystemRos2/src/droneutility/include/droneManager.hpp:1[m[K,
                 from [01m[K/home/jakeluo/Documents/MonitoringSystemRos2/src/droneutility/src/droneManager.cpp:1[m[K:
[01m[K/usr/include/c++/9/tuple:1085:11:[m[K [01;36m[Knote: [m[Kcandidate: ‘[01m[Ktemplate<class _Alloc, class _Dummy, typename std::enable_if<(std::_TC<std::is_same<_Dummy, void>::value, dronenamespace::DroneManager*, ThreadSafeQueue<AVFrame> >::_ConstructibleTuple<DroneManager*, ThreadSafeQueue<AVFrame> >() && (! std::_TC<std::is_same<_Dummy, void>::value, dronenamespace::DroneManager*, ThreadSafeQueue<AVFrame> >::_ImplicitlyConvertibleTuple<DroneManager*, ThreadSafeQueue<AVFrame> >())), bool>::type <anonymous> > std::tuple<_T1, _T2>::tuple(std::allocator_arg_t, const _Alloc&, const _T1&, const _T2&)[m[K’
 1085 |  explicit [01;36m[Ktuple[m[K(allocator_arg_t __tag, const _Alloc& __a,
      |           [01;36m[K^~~~~[m[K
[01m[K/usr/include/c++/9/tuple:1085:11:[m[K [01;36m[Knote: [m[K  template argument deduction/substitution failed:
In file included from [01m[K/usr/include/c++/9/pstl/glue_algorithm_defs.h:13[m[K,
                 from [01m[K/usr/include/c++/9/algorithm:71[m[K,
                 from [01m[K/home/jakeluo/Software/ros2_rolling/install/rclcpp/include/rclcpp/executor.hpp:18[m[K,
                 from [01m[K/home/jakeluo/Software/ros2_rolling/install/rclcpp/include/rclcpp/executors/multi_threaded_executor.hpp:25[m[K,
                 from [01m[K/home/jakeluo/Software/ros2_rolling/install/rclcpp/include/rclcpp/executors.hpp:21[m[K,
                 from [01m[K/home/jakeluo/Software/ros2_rolling/install/rclcpp/include/rclcpp/rclcpp.hpp:155[m[K,
                 from [01m[K/home/jakeluo/Documents/MonitoringSystemRos2/src/droneutility/include/droneManager.hpp:1[m[K,
                 from [01m[K/home/jakeluo/Documents/MonitoringSystemRos2/src/droneutility/src/droneManager.cpp:1[m[K:
[01m[K/usr/include/c++/9/functional:467:70:[m[K [01;36m[Knote: [m[K  candidate expects 4 arguments, 2 provided
  467 |  : _M_f(std::move(__f)), _M_bound_args(std::forward<_Args>(__args)...[01;36m[K)[m[K
      |                                                                      [01;36m[K^[m[K
In file included from [01m[K/usr/include/c++/9/bits/unique_ptr.h:37[m[K,
                 from [01m[K/usr/include/c++/9/memory:80[m[K,
                 from [01m[K/home/jakeluo/Software/ros2_rolling/install/rclcpp/include/rclcpp/rclcpp.hpp:153[m[K,
                 from [01m[K/home/jakeluo/Documents/MonitoringSystemRos2/src/droneutility/include/droneManager.hpp:1[m[K,
                 from [01m[K/home/jakeluo/Documents/MonitoringSystemRos2/src/droneutility/src/droneManager.cpp:1[m[K:
[01m[K/usr/include/c++/9/tuple:1073:2:[m[K [01;36m[Knote: [m[Kcandidate: ‘[01m[Ktemplate<class _Alloc, class _Dummy, typename std::enable_if<(std::_TC<std::is_same<_Dummy, void>::value, dronenamespace::DroneManager*, ThreadSafeQueue<AVFrame> >::_ConstructibleTuple<DroneManager*, ThreadSafeQueue<AVFrame> >() && std::_TC<std::is_same<_Dummy, void>::value, dronenamespace::DroneManager*, ThreadSafeQueue<AVFrame> >::_ImplicitlyConvertibleTuple<DroneManager*, ThreadSafeQueue<AVFrame> >()), bool>::type <anonymous> > std::tuple<_T1, _T2>::tuple(std::allocator_arg_t, const _Alloc&, const _T1&, const _T2&)[m[K’
 1073 |  [01;36m[Ktuple[m[K(allocator_arg_t __tag, const _Alloc& __a,
      |  [01;36m[K^~~~~[m[K
[01m[K/usr/include/c++/9/tuple:1073:2:[m[K [01;36m[Knote: [m[K  template argument deduction/substitution failed:
In file included from [01m[K/usr/include/c++/9/pstl/glue_algorithm_defs.h:13[m[K,
                 from [01m[K/usr/include/c++/9/algorithm:71[m[K,
                 from [01m[K/home/jakeluo/Software/ros2_rolling/install/rclcpp/include/rclcpp/executor.hpp:18[m[K,
                 from [01m[K/home/jakeluo/Software/ros2_rolling/install/rclcpp/include/rclcpp/executors/multi_threaded_executor.hpp:25[m[K,
                 from [01m[K/home/jakeluo/Software/ros2_rolling/install/rclcpp/include/rclcpp/executors.hpp:21[m[K,
                 from [01m[K/home/jakeluo/Software/ros2_rolling/install/rclcpp/include/rclcpp/rclcpp.hpp:155[m[K,
                 from [01m[K/home/jakeluo/Documents/MonitoringSystemRos2/src/droneutility/include/droneManager.hpp:1[m[K,
                 from [01m[K/home/jakeluo/Documents/MonitoringSystemRos2/src/droneutility/src/droneManager.cpp:1[m[K:
[01m[K/usr/include/c++/9/functional:467:70:[m[K [01;36m[Knote: [m[K  candidate expects 4 arguments, 2 provided
  467 |  : _M_f(std::move(__f)), _M_bound_args(std::forward<_Args>(__args)...[01;36m[K)[m[K
      |                                                                      [01;36m[K^[m[K
In file included from [01m[K/usr/include/c++/9/bits/unique_ptr.h:37[m[K,
                 from [01m[K/usr/include/c++/9/memory:80[m[K,
                 from [01m[K/home/jakeluo/Software/ros2_rolling/install/rclcpp/include/rclcpp/rclcpp.hpp:153[m[K,
                 from [01m[K/home/jakeluo/Documents/MonitoringSystemRos2/src/droneutility/include/droneManager.hpp:1[m[K,
                 from [01m[K/home/jakeluo/Documents/MonitoringSystemRos2/src/droneutility/src/droneManager.cpp:1[m[K:
[01m[K/usr/include/c++/9/tuple:1062:2:[m[K [01;36m[Knote: [m[Kcandidate: ‘[01m[Ktemplate<class _Alloc> std::tuple<_T1, _T2>::tuple(std::allocator_arg_t, const _Alloc&)[m[K’
 1062 |  [01;36m[Ktuple[m[K(allocator_arg_t __tag, const _Alloc& __a)
      |  [01;36m[K^~~~~[m[K
[01m[K/usr/include/c++/9/tuple:1062:2:[m[K [01;36m[Knote: [m[K  template argument deduction/substitution failed:
In file included from [01m[K/usr/include/c++/9/pstl/glue_algorithm_defs.h:13[m[K,
                 from [01m[K/usr/include/c++/9/algorithm:71[m[K,
                 from [01m[K/home/jakeluo/Software/ros2_rolling/install/rclcpp/include/rclcpp/executor.hpp:18[m[K,
                 from [01m[K/home/jakeluo/Software/ros2_rolling/install/rclcpp/include/rclcpp/executors/multi_threaded_executor.hpp:25[m[K,
                 from [01m[K/home/jakeluo/Software/ros2_rolling/install/rclcpp/include/rclcpp/executors.hpp:21[m[K,
                 from [01m[K/home/jakeluo/Software/ros2_rolling/install/rclcpp/include/rclcpp/rclcpp.hpp:155[m[K,
                 from [01m[K/home/jakeluo/Documents/MonitoringSystemRos2/src/droneutility/include/droneManager.hpp:1[m[K,
                 from [01m[K/home/jakeluo/Documents/MonitoringSystemRos2/src/droneutility/src/droneManager.cpp:1[m[K:
[01m[K/usr/include/c++/9/functional:467:70:[m[K [01;36m[Knote: [m[K  cannot convert ‘[01m[Kstd::forward<dronenamespace::DroneManager*>((* & __args#0))[m[K’ (type ‘[01m[Kdronenamespace::DroneManager*[m[K’) to type ‘[01m[Kstd::allocator_arg_t[m[K’
  467 |  : _M_f(std::move(__f)), _M_bound_args(std::forward<_Args>(__args)...[01;36m[K)[m[K
      |                                                                      [01;36m[K^[m[K
In file included from [01m[K/usr/include/c++/9/bits/unique_ptr.h:37[m[K,
                 from [01m[K/usr/include/c++/9/memory:80[m[K,
                 from [01m[K/home/jakeluo/Software/ros2_rolling/install/rclcpp/include/rclcpp/rclcpp.hpp:153[m[K,
                 from [01m[K/home/jakeluo/Documents/MonitoringSystemRos2/src/droneutility/include/droneManager.hpp:1[m[K,
                 from [01m[K/home/jakeluo/Documents/MonitoringSystemRos2/src/droneutility/src/droneManager.cpp:1[m[K:
[01m[K/usr/include/c++/9/tuple:1055:28:[m[K [01;36m[Knote: [m[Kcandidate: ‘[01m[Ktemplate<class _U1, class _U2, typename std::enable_if<(_MoveConstructibleTuple<_U1, _U2>() && (! _ImplicitlyMoveConvertibleTuple<_U1, _U2>())), bool>::type <anonymous> > constexpr std::tuple<_T1, _T2>::tuple(std::pair<_U1, _U2>&&)[m[K’
 1055 |         explicit constexpr [01;36m[Ktuple[m[K(pair<_U1, _U2>&& __in)
      |                            [01;36m[K^~~~~[m[K
[01m[K/usr/include/c++/9/tuple:1055:28:[m[K [01;36m[Knote: [m[K  template argument deduction/substitution failed:
In file included from [01m[K/usr/include/c++/9/pstl/glue_algorithm_defs.h:13[m[K,
                 from [01m[K/usr/include/c++/9/algorithm:71[m[K,
                 from [01m[K/home/jakeluo/Software/ros2_rolling/install/rclcpp/include/rclcpp/executor.hpp:18[m[K,
                 from [01m[K/home/jakeluo/Software/ros2_rolling/install/rclcpp/include/rclcpp/executors/multi_threaded_executor.hpp:25[m[K,
                 from [01m[K/home/jakeluo/Software/ros2_rolling/install/rclcpp/include/rclcpp/executors.hpp:21[m[K,
                 from [01m[K/home/jakeluo/Software/ros2_rolling/install/rclcpp/include/rclcpp/rclcpp.hpp:155[m[K,
                 from [01m[K/home/jakeluo/Documents/MonitoringSystemRos2/src/droneutility/include/droneManager.hpp:1[m[K,
                 from [01m[K/home/jakeluo/Documents/MonitoringSystemRos2/src/droneutility/src/droneManager.cpp:1[m[K:
[01m[K/usr/include/c++/9/functional:467:70:[m[K [01;36m[Knote: [m[K  mismatched types ‘[01m[Kstd::pair<_T1, _T2>[m[K’ and ‘[01m[Kdronenamespace::DroneManager*[m[K’
  467 |  : _M_f(std::move(__f)), _M_bound_args(std::forward<_Args>(__args)...[01;36m[K)[m[K
      |                                                                      [01;36m[K^[m[K
In file included from [01m[K/usr/include/c++/9/bits/unique_ptr.h:37[m[K,
                 from [01m[K/usr/include/c++/9/memory:80[m[K,
                 from [01m[K/home/jakeluo/Software/ros2_rolling/install/rclcpp/include/rclcpp/rclcpp.hpp:153[m[K,
                 from [01m[K/home/jakeluo/Documents/MonitoringSystemRos2/src/droneutility/include/droneManager.hpp:1[m[K,
                 from [01m[K/home/jakeluo/Documents/MonitoringSystemRos2/src/droneutility/src/droneManager.cpp:1[m[K:
[01m[K/usr/include/c++/9/tuple:1045:19:[m[K [01;36m[Knote: [m[Kcandidate: ‘[01m[Ktemplate<class _U1, class _U2, typename std::enable_if<(_MoveConstructibleTuple<_U1, _U2>() && _ImplicitlyMoveConvertibleTuple<_U1, _U2>()), bool>::type <anonymous> > constexpr std::tuple<_T1, _T2>::tuple(std::pair<_U1, _U2>&&)[m[K’
 1045 |         constexpr [01;36m[Ktuple[m[K(pair<_U1, _U2>&& __in)
      |                   [01;36m[K^~~~~[m[K
[01m[K/usr/include/c++/9/tuple:1045:19:[m[K [01;36m[Knote: [m[K  template argument deduction/substitution failed:
In file included from [01m[K/usr/include/c++/9/pstl/glue_algorithm_defs.h:13[m[K,
                 from [01m[K/usr/include/c++/9/algorithm:71[m[K,
                 from [01m[K/home/jakeluo/Software/ros2_rolling/install/rclcpp/include/rclcpp/executor.hpp:18[m[K,
                 from [01m[K/home/jakeluo/Software/ros2_rolling/install/rclcpp/include/rclcpp/executors/multi_threaded_executor.hpp:25[m[K,
                 from [01m[K/home/jakeluo/Software/ros2_rolling/install/rclcpp/include/rclcpp/executors.hpp:21[m[K,
                 from [01m[K/home/jakeluo/Software/ros2_rolling/install/rclcpp/include/rclcpp/rclcpp.hpp:155[m[K,
                 from [01m[K/home/jakeluo/Documents/MonitoringSystemRos2/src/droneutility/include/droneManager.hpp:1[m[K,
                 from [01m[K/home/jakeluo/Documents/MonitoringSystemRos2/src/droneutility/src/droneManager.cpp:1[m[K:
[01m[K/usr/include/c++/9/functional:467:70:[m[K [01;36m[Knote: [m[K  mismatched types ‘[01m[Kstd::pair<_T1, _T2>[m[K’ and ‘[01m[Kdronenamespace::DroneManager*[m[K’
  467 |  : _M_f(std::move(__f)), _M_bound_args(std::forward<_Args>(__args)...[01;36m[K)[m[K
      |                                                                      [01;36m[K^[m[K
In file included from [01m[K/usr/include/c++/9/bits/unique_ptr.h:37[m[K,
                 from [01m[K/usr/include/c++/9/memory:80[m[K,
                 from [01m[K/home/jakeluo/Software/ros2_rolling/install/rclcpp/include/rclcpp/rclcpp.hpp:153[m[K,
                 from [01m[K/home/jakeluo/Documents/MonitoringSystemRos2/src/droneutility/include/droneManager.hpp:1[m[K,
                 from [01m[K/home/jakeluo/Documents/MonitoringSystemRos2/src/droneutility/src/droneManager.cpp:1[m[K:
[01m[K/usr/include/c++/9/tuple:1036:28:[m[K [01;36m[Knote: [m[Kcandidate: ‘[01m[Ktemplate<class _U1, class _U2, typename std::enable_if<(_ConstructibleTuple<_U1, _U2>() && (! _ImplicitlyConvertibleTuple<_U1, _U2>())), bool>::type <anonymous> > constexpr std::tuple<_T1, _T2>::tuple(const std::pair<_U1, _U2>&)[m[K’
 1036 |         explicit constexpr [01;36m[Ktuple[m[K(const pair<_U1, _U2>& __in)
      |                            [01;36m[K^~~~~[m[K
[01m[K/usr/include/c++/9/tuple:1036:28:[m[K [01;36m[Knote: [m[K  template argument deduction/substitution failed:
In file included from [01m[K/usr/include/c++/9/pstl/glue_algorithm_defs.h:13[m[K,
                 from [01m[K/usr/include/c++/9/algorithm:71[m[K,
                 from [01m[K/home/jakeluo/Software/ros2_rolling/install/rclcpp/include/rclcpp/executor.hpp:18[m[K,
                 from [01m[K/home/jakeluo/Software/ros2_rolling/install/rclcpp/include/rclcpp/executors/multi_threaded_executor.hpp:25[m[K,
                 from [01m[K/home/jakeluo/Software/ros2_rolling/install/rclcpp/include/rclcpp/executors.hpp:21[m[K,
                 from [01m[K/home/jakeluo/Software/ros2_rolling/install/rclcpp/include/rclcpp/rclcpp.hpp:155[m[K,
                 from [01m[K/home/jakeluo/Documents/MonitoringSystemRos2/src/droneutility/include/droneManager.hpp:1[m[K,
                 from [01m[K/home/jakeluo/Documents/MonitoringSystemRos2/src/droneutility/src/droneManager.cpp:1[m[K:
[01m[K/usr/include/c++/9/functional:467:70:[m[K [01;36m[Knote: [m[K  mismatched types ‘[01m[Kconst std::pair<_T1, _T2>[m[K’ and ‘[01m[Kdronenamespace::DroneManager*[m[K’
  467 |  : _M_f(std::move(__f)), _M_bound_args(std::forward<_Args>(__args)...[01;36m[K)[m[K
      |                                                                      [01;36m[K^[m[K
In file included from [01m[K/usr/include/c++/9/bits/unique_ptr.h:37[m[K,
                 from [01m[K/usr/include/c++/9/memory:80[m[K,
                 from [01m[K/home/jakeluo/Software/ros2_rolling/install/rclcpp/include/rclcpp/rclcpp.hpp:153[m[K,
                 from [01m[K/home/jakeluo/Documents/MonitoringSystemRos2/src/droneutility/include/droneManager.hpp:1[m[K,
                 from [01m[K/home/jakeluo/Documents/MonitoringSystemRos2/src/droneutility/src/droneManager.cpp:1[m[K:
[01m[K/usr/include/c++/9/tuple:1027:19:[m[K [01;36m[Knote: [m[Kcandidate: ‘[01m[Ktemplate<class _U1, class _U2, typename std::enable_if<(_ConstructibleTuple<_U1, _U2>() && _ImplicitlyConvertibleTuple<_U1, _U2>()), bool>::type <anonymous> > constexpr std::tuple<_T1, _T2>::tuple(const std::pair<_U1, _U2>&)[m[K’
 1027 |         constexpr [01;36m[Ktuple[m[K(const pair<_U1, _U2>& __in)
      |                   [01;36m[K^~~~~[m[K
[01m[K/usr/include/c++/9/tuple:1027:19:[m[K [01;36m[Knote: [m[K  template argument deduction/substitution failed:
In file included from [01m[K/usr/include/c++/9/pstl/glue_algorithm_defs.h:13[m[K,
                 from [01m[K/usr/include/c++/9/algorithm:71[m[K,
                 from [01m[K/home/jakeluo/Software/ros2_rolling/install/rclcpp/include/rclcpp/executor.hpp:18[m[K,
                 from [01m[K/home/jakeluo/Software/ros2_rolling/install/rclcpp/include/rclcpp/executors/multi_threaded_executor.hpp:25[m[K,
                 from [01m[K/home/jakeluo/Software/ros2_rolling/install/rclcpp/include/rclcpp/executors.hpp:21[m[K,
                 from [01m[K/home/jakeluo/Software/ros2_rolling/install/rclcpp/include/rclcpp/rclcpp.hpp:155[m[K,
                 from [01m[K/home/jakeluo/Documents/MonitoringSystemRos2/src/droneutility/include/droneManager.hpp:1[m[K,
                 from [01m[K/home/jakeluo/Documents/MonitoringSystemRos2/src/droneutility/src/droneManager.cpp:1[m[K:
[01m[K/usr/include/c++/9/functional:467:70:[m[K [01;36m[Knote: [m[K  mismatched types ‘[01m[Kconst std::pair<_T1, _T2>[m[K’ and ‘[01m[Kdronenamespace::DroneManager*[m[K’
  467 |  : _M_f(std::move(__f)), _M_bound_args(std::forward<_Args>(__args)...[01;36m[K)[m[K
      |                                                                      [01;36m[K^[m[K
In file included from [01m[K/usr/include/c++/9/bits/unique_ptr.h:37[m[K,
                 from [01m[K/usr/include/c++/9/memory:80[m[K,
                 from [01m[K/home/jakeluo/Software/ros2_rolling/install/rclcpp/include/rclcpp/rclcpp.hpp:153[m[K,
                 from [01m[K/home/jakeluo/Documents/MonitoringSystemRos2/src/droneutility/include/droneManager.hpp:1[m[K,
                 from [01m[K/home/jakeluo/Documents/MonitoringSystemRos2/src/droneutility/src/droneManager.cpp:1[m[K:
[01m[K/usr/include/c++/9/tuple:1018:28:[m[K [01;36m[Knote: [m[Kcandidate: ‘[01m[Ktemplate<class _U1, class _U2, typename std::enable_if<(_MoveConstructibleTuple<_U1, _U2>() && (! _ImplicitlyMoveConvertibleTuple<_U1, _U2>())), bool>::type <anonymous> > constexpr std::tuple<_T1, _T2>::tuple(std::tuple<_U1, _U2>&&)[m[K’
 1018 |         explicit constexpr [01;36m[Ktuple[m[K(tuple<_U1, _U2>&& __in)
      |                            [01;36m[K^~~~~[m[K
[01m[K/usr/include/c++/9/tuple:1018:28:[m[K [01;36m[Knote: [m[K  template argument deduction/substitution failed:
In file included from [01m[K/usr/include/c++/9/pstl/glue_algorithm_defs.h:13[m[K,
                 from [01m[K/usr/include/c++/9/algorithm:71[m[K,
                 from [01m[K/home/jakeluo/Software/ros2_rolling/install/rclcpp/include/rclcpp/executor.hpp:18[m[K,
                 from [01m[K/home/jakeluo/Software/ros2_rolling/install/rclcpp/include/rclcpp/executors/multi_threaded_executor.hpp:25[m[K,
                 from [01m[K/home/jakeluo/Software/ros2_rolling/install/rclcpp/include/rclcpp/executors.hpp:21[m[K,
                 from [01m[K/home/jakeluo/Software/ros2_rolling/install/rclcpp/include/rclcpp/rclcpp.hpp:155[m[K,
                 from [01m[K/home/jakeluo/Documents/MonitoringSystemRos2/src/droneutility/include/droneManager.hpp:1[m[K,
                 from [01m[K/home/jakeluo/Documents/MonitoringSystemRos2/src/droneutility/src/droneManager.cpp:1[m[K:
[01m[K/usr/include/c++/9/functional:467:70:[m[K [01;36m[Knote: [m[K  mismatched types ‘[01m[Kstd::tuple<_T1, _T2>[m[K’ and ‘[01m[Kdronenamespace::DroneManager*[m[K’
  467 |  : _M_f(std::move(__f)), _M_bound_args(std::forward<_Args>(__args)...[01;36m[K)[m[K
      |                                                                      [01;36m[K^[m[K
In file included from [01m[K/usr/include/c++/9/bits/unique_ptr.h:37[m[K,
                 from [01m[K/usr/include/c++/9/memory:80[m[K,
                 from [01m[K/home/jakeluo/Software/ros2_rolling/install/rclcpp/include/rclcpp/rclcpp.hpp:153[m[K,
                 from [01m[K/home/jakeluo/Documents/MonitoringSystemRos2/src/droneutility/include/droneManager.hpp:1[m[K,
                 from [01m[K/home/jakeluo/Documents/MonitoringSystemRos2/src/droneutility/src/droneManager.cpp:1[m[K:
[01m[K/usr/include/c++/9/tuple:1009:19:[m[K [01;36m[Knote: [m[Kcandidate: ‘[01m[Ktemplate<class _U1, class _U2, typename std::enable_if<(_MoveConstructibleTuple<_U1, _U2>() && _ImplicitlyMoveConvertibleTuple<_U1, _U2>()), bool>::type <anonymous> > constexpr std::tuple<_T1, _T2>::tuple(std::tuple<_U1, _U2>&&)[m[K’
 1009 |         constexpr [01;36m[Ktuple[m[K(tuple<_U1, _U2>&& __in)
      |                   [01;36m[K^~~~~[m[K
[01m[K/usr/include/c++/9/tuple:1009:19:[m[K [01;36m[Knote: [m[K  template argument deduction/substitution failed:
In file included from [01m[K/usr/include/c++/9/pstl/glue_algorithm_defs.h:13[m[K,
                 from [01m[K/usr/include/c++/9/algorithm:71[m[K,
                 from [01m[K/home/jakeluo/Software/ros2_rolling/install/rclcpp/include/rclcpp/executor.hpp:18[m[K,
                 from [01m[K/home/jakeluo/Software/ros2_rolling/install/rclcpp/include/rclcpp/executors/multi_threaded_executor.hpp:25[m[K,
                 from [01m[K/home/jakeluo/Software/ros2_rolling/install/rclcpp/include/rclcpp/executors.hpp:21[m[K,
                 from [01m[K/home/jakeluo/Software/ros2_rolling/install/rclcpp/include/rclcpp/rclcpp.hpp:155[m[K,
                 from [01m[K/home/jakeluo/Documents/MonitoringSystemRos2/src/droneutility/include/droneManager.hpp:1[m[K,
                 from [01m[K/home/jakeluo/Documents/MonitoringSystemRos2/src/droneutility/src/droneManager.cpp:1[m[K:
[01m[K/usr/include/c++/9/functional:467:70:[m[K [01;36m[Knote: [m[K  mismatched types ‘[01m[Kstd::tuple<_T1, _T2>[m[K’ and ‘[01m[Kdronenamespace::DroneManager*[m[K’
  467 |  : _M_f(std::move(__f)), _M_bound_args(std::forward<_Args>(__args)...[01;36m[K)[m[K
      |                                                                      [01;36m[K^[m[K
In file included from [01m[K/usr/include/c++/9/bits/unique_ptr.h:37[m[K,
                 from [01m[K/usr/include/c++/9/memory:80[m[K,
                 from [01m[K/home/jakeluo/Software/ros2_rolling/install/rclcpp/include/rclcpp/rclcpp.hpp:153[m[K,
                 from [01m[K/home/jakeluo/Documents/MonitoringSystemRos2/src/droneutility/include/droneManager.hpp:1[m[K,
                 from [01m[K/home/jakeluo/Documents/MonitoringSystemRos2/src/droneutility/src/droneManager.cpp:1[m[K:
[01m[K/usr/include/c++/9/tuple:1000:28:[m[K [01;36m[Knote: [m[Kcandidate: ‘[01m[Ktemplate<class _U1, class _U2, typename std::enable_if<(_ConstructibleTuple<_U1, _U2>() && (! _ImplicitlyConvertibleTuple<_U1, _U2>())), bool>::type <anonymous> > constexpr std::tuple<_T1, _T2>::tuple(const std::tuple<_U1, _U2>&)[m[K’
 1000 |         explicit constexpr [01;36m[Ktuple[m[K(const tuple<_U1, _U2>& __in)
      |                            [01;36m[K^~~~~[m[K
[01m[K/usr/include/c++/9/tuple:1000:28:[m[K [01;36m[Knote: [m[K  template argument deduction/substitution failed:
In file included from [01m[K/usr/include/c++/9/pstl/glue_algorithm_defs.h:13[m[K,
                 from [01m[K/usr/include/c++/9/algorithm:71[m[K,
                 from [01m[K/home/jakeluo/Software/ros2_rolling/install/rclcpp/include/rclcpp/executor.hpp:18[m[K,
                 from [01m[K/home/jakeluo/Software/ros2_rolling/install/rclcpp/include/rclcpp/executors/multi_threaded_executor.hpp:25[m[K,
                 from [01m[K/home/jakeluo/Software/ros2_rolling/install/rclcpp/include/rclcpp/executors.hpp:21[m[K,
                 from [01m[K/home/jakeluo/Software/ros2_rolling/install/rclcpp/include/rclcpp/rclcpp.hpp:155[m[K,
                 from [01m[K/home/jakeluo/Documents/MonitoringSystemRos2/src/droneutility/include/droneManager.hpp:1[m[K,
                 from [01m[K/home/jakeluo/Documents/MonitoringSystemRos2/src/droneutility/src/droneManager.cpp:1[m[K:
[01m[K/usr/include/c++/9/functional:467:70:[m[K [01;36m[Knote: [m[K  mismatched types ‘[01m[Kconst std::tuple<_T1, _T2>[m[K’ and ‘[01m[Kdronenamespace::DroneManager*[m[K’
  467 |  : _M_f(std::move(__f)), _M_bound_args(std::forward<_Args>(__args)...[01;36m[K)[m[K
      |                                                                      [01;36m[K^[m[K
In file included from [01m[K/usr/include/c++/9/bits/unique_ptr.h:37[m[K,
                 from [01m[K/usr/include/c++/9/memory:80[m[K,
                 from [01m[K/home/jakeluo/Software/ros2_rolling/install/rclcpp/include/rclcpp/rclcpp.hpp:153[m[K,
                 from [01m[K/home/jakeluo/Documents/MonitoringSystemRos2/src/droneutility/include/droneManager.hpp:1[m[K,
                 from [01m[K/home/jakeluo/Documents/MonitoringSystemRos2/src/droneutility/src/droneManager.cpp:1[m[K:
[01m[K/usr/include/c++/9/tuple:991:19:[m[K [01;36m[Knote: [m[Kcandidate: ‘[01m[Ktemplate<class _U1, class _U2, typename std::enable_if<(_ConstructibleTuple<_U1, _U2>() && _ImplicitlyConvertibleTuple<_U1, _U2>()), bool>::type <anonymous> > constexpr std::tuple<_T1, _T2>::tuple(const std::tuple<_U1, _U2>&)[m[K’
  991 |         constexpr [01;36m[Ktuple[m[K(const tuple<_U1, _U2>& __in)
      |                   [01;36m[K^~~~~[m[K
[01m[K/usr/include/c++/9/tuple:991:19:[m[K [01;36m[Knote: [m[K  template argument deduction/substitution failed:
In file included from [01m[K/usr/include/c++/9/pstl/glue_algorithm_defs.h:13[m[K,
                 from [01m[K/usr/include/c++/9/algorithm:71[m[K,
                 from [01m[K/home/jakeluo/Software/ros2_rolling/install/rclcpp/include/rclcpp/executor.hpp:18[m[K,
                 from [01m[K/home/jakeluo/Software/ros2_rolling/install/rclcpp/include/rclcpp/executors/multi_threaded_executor.hpp:25[m[K,
                 from [01m[K/home/jakeluo/Software/ros2_rolling/install/rclcpp/include/rclcpp/executors.hpp:21[m[K,
                 from [01m[K/home/jakeluo/Software/ros2_rolling/install/rclcpp/include/rclcpp/rclcpp.hpp:155[m[K,
                 from [01m[K/home/jakeluo/Documents/MonitoringSystemRos2/src/droneutility/include/droneManager.hpp:1[m[K,
                 from [01m[K/home/jakeluo/Documents/MonitoringSystemRos2/src/droneutility/src/droneManager.cpp:1[m[K:
[01m[K/usr/include/c++/9/functional:467:70:[m[K [01;36m[Knote: [m[K  mismatched types ‘[01m[Kconst std::tuple<_T1, _T2>[m[K’ and ‘[01m[Kdronenamespace::DroneManager*[m[K’
  467 |  : _M_f(std::move(__f)), _M_bound_args(std::forward<_Args>(__args)...[01;36m[K)[m[K
      |                                                                      [01;36m[K^[m[K
In file included from [01m[K/usr/include/c++/9/bits/unique_ptr.h:37[m[K,
                 from [01m[K/usr/include/c++/9/memory:80[m[K,
                 from [01m[K/home/jakeluo/Software/ros2_rolling/install/rclcpp/include/rclcpp/rclcpp.hpp:153[m[K,
                 from [01m[K/home/jakeluo/Documents/MonitoringSystemRos2/src/droneutility/include/droneManager.hpp:1[m[K,
                 from [01m[K/home/jakeluo/Documents/MonitoringSystemRos2/src/droneutility/src/droneManager.cpp:1[m[K:
[01m[K/usr/include/c++/9/tuple:983:17:[m[K [01;36m[Knote: [m[Kcandidate: ‘[01m[Kconstexpr std::tuple<_T1, _T2>::tuple(std::tuple<_T1, _T2>&&) [with _T1 = dronenamespace::DroneManager*; _T2 = ThreadSafeQueue<AVFrame>][m[K’
  983 |       constexpr [01;36m[Ktuple[m[K(tuple&&) = default;
      |                 [01;36m[K^~~~~[m[K
[01m[K/usr/include/c++/9/tuple:983:17:[m[K [01;36m[Knote: [m[K  candidate expects 1 argument, 2 provided
[01m[K/usr/include/c++/9/tuple:978:28:[m[K [01;36m[Knote: [m[Kcandidate: ‘[01m[Ktemplate<class _U1, class _U2, typename std::enable_if<((_MoveConstructibleTuple<_U1, _U2>() && (! _ImplicitlyMoveConvertibleTuple<_U1, _U2>())) && (! std::is_same<typename std::remove_cv<typename std::remove_reference<_Tp>::type>::type, std::allocator_arg_t>::value)), bool>::type <anonymous> > constexpr std::tuple<_T1, _T2>::tuple(_U1&&, _U2&&)[m[K’
  978 |         explicit constexpr [01;36m[Ktuple[m[K(_U1&& __a1, _U2&& __a2)
      |                            [01;36m[K^~~~~[m[K
[01m[K/usr/include/c++/9/tuple:978:28:[m[K [01;36m[Knote: [m[K  template argument deduction/substitution failed:
[01m[K/usr/include/c++/9/tuple:977:16:[m[K [01;31m[Kerror: [m[Kno type named ‘[01m[Ktype[m[K’ in ‘[01m[Kstruct std::enable_if<false, bool>[m[K’
  977 |  bool>::type = [01;31m[Kfalse[m[K>
      |                [01;31m[K^~~~~[m[K
[01m[K/usr/include/c++/9/tuple:968:19:[m[K [01;36m[Knote: [m[Kcandidate: ‘[01m[Ktemplate<class _U1, class _U2, typename std::enable_if<((_MoveConstructibleTuple<_U1, _U2>() && _ImplicitlyMoveConvertibleTuple<_U1, _U2>()) && (! std::is_same<typename std::remove_cv<typename std::remove_reference<_Tp>::type>::type, std::allocator_arg_t>::value)), bool>::type <anonymous> > constexpr std::tuple<_T1, _T2>::tuple(_U1&&, _U2&&)[m[K’
  968 |         constexpr [01;36m[Ktuple[m[K(_U1&& __a1, _U2&& __a2)
      |                   [01;36m[K^~~~~[m[K
[01m[K/usr/include/c++/9/tuple:968:19:[m[K [01;36m[Knote: [m[K  template argument deduction/substitution failed:
[01m[K/usr/include/c++/9/tuple:967:16:[m[K [01;31m[Kerror: [m[Kno type named ‘[01m[Ktype[m[K’ in ‘[01m[Kstruct std::enable_if<false, bool>[m[K’
  967 |  bool>::type = [01;31m[Ktrue[m[K>
      |                [01;31m[K^~~~[m[K
[01m[K/usr/include/c++/9/tuple:954:28:[m[K [01;36m[Knote: [m[Kcandidate: ‘[01m[Ktemplate<class _Dummy, typename std::enable_if<(std::_TC<std::is_same<_Dummy, void>::value, dronenamespace::DroneManager*, ThreadSafeQueue<AVFrame> >::_ConstructibleTuple<DroneManager*, ThreadSafeQueue<AVFrame> >() && (! std::_TC<std::is_same<_Dummy, void>::value, dronenamespace::DroneManager*, ThreadSafeQueue<AVFrame> >::_ImplicitlyConvertibleTuple<DroneManager*, ThreadSafeQueue<AVFrame> >())), bool>::type <anonymous> > constexpr std::tuple<_T1, _T2>::tuple(const _T1&, const _T2&)[m[K’
  954 |         explicit constexpr [01;36m[Ktuple[m[K(const _T1& __a1, const _T2& __a2)
      |                            [01;36m[K^~~~~[m[K
[01m[K/usr/include/c++/9/tuple:954:28:[m[K [01;36m[Knote: [m[K  template argument deduction/substitution failed:
[01m[K/usr/include/c++/9/tuple:953:16:[m[K [01;31m[Kerror: [m[Kno type named ‘[01m[Ktype[m[K’ in ‘[01m[Kstruct std::enable_if<false, bool>[m[K’
  953 |  bool>::type = [01;31m[Kfalse[m[K>
      |                [01;31m[K^~~~~[m[K
[01m[K/usr/include/c++/9/tuple:945:19:[m[K [01;36m[Knote: [m[Kcandidate: ‘[01m[Ktemplate<class _Dummy, typename std::enable_if<(std::_TC<std::is_same<_Dummy, void>::value, dronenamespace::DroneManager*, ThreadSafeQueue<AVFrame> >::_ConstructibleTuple<DroneManager*, ThreadSafeQueue<AVFrame> >() && std::_TC<std::is_same<_Dummy, void>::value, dronenamespace::DroneManager*, ThreadSafeQueue<AVFrame> >::_ImplicitlyConvertibleTuple<DroneManager*, ThreadSafeQueue<AVFrame> >()), bool>::type <anonymous> > constexpr std::tuple<_T1, _T2>::tuple(const _T1&, const _T2&)[m[K’
  945 |         constexpr [01;36m[Ktuple[m[K(const _T1& __a1, const _T2& __a2)
      |                   [01;36m[K^~~~~[m[K
[01m[K/usr/include/c++/9/tuple:945:19:[m[K [01;36m[Knote: [m[K  template argument deduction/substitution failed:
[01m[K/usr/include/c++/9/tuple:944:16:[m[K [01;31m[Kerror: [m[Kno type named ‘[01m[Ktype[m[K’ in ‘[01m[Kstruct std::enable_if<false, bool>[m[K’
  944 |  bool>::type = [01;31m[Ktrue[m[K>
      |                [01;31m[K^~~~[m[K
[01m[K/usr/include/c++/9/tuple:931:21:[m[K [01;36m[Knote: [m[Kcandidate: ‘[01m[Ktemplate<class _U1, class _U2, typename std::enable_if<std::__and_<std::is_default_constructible<_Tp>, std::is_default_constructible<_Dp>, std::__not_<std::__and_<std::__is_implicitly_default_constructible<_U1>, std::__is_implicitly_default_constructible<_U2> > > >::value, bool>::type <anonymous> > constexpr std::tuple<_T1, _T2>::tuple()[m[K’
  931 |  explicit constexpr [01;36m[Ktuple[m[K()
      |                     [01;36m[K^~~~~[m[K
[01m[K/usr/include/c++/9/tuple:931:21:[m[K [01;36m[Knote: [m[K  template argument deduction/substitution failed:
In file included from [01m[K/usr/include/c++/9/pstl/glue_algorithm_defs.h:13[m[K,
                 from [01m[K/usr/include/c++/9/algorithm:71[m[K,
                 from [01m[K/home/jakeluo/Software/ros2_rolling/install/rclcpp/include/rclcpp/executor.hpp:18[m[K,
                 from [01m[K/home/jakeluo/Software/ros2_rolling/install/rclcpp/include/rclcpp/executors/multi_threaded_executor.hpp:25[m[K,
                 from [01m[K/home/jakeluo/Software/ros2_rolling/install/rclcpp/include/rclcpp/executors.hpp:21[m[K,
                 from [01m[K/home/jakeluo/Software/ros2_rolling/install/rclcpp/include/rclcpp/rclcpp.hpp:155[m[K,
                 from [01m[K/home/jakeluo/Documents/MonitoringSystemRos2/src/droneutility/include/droneManager.hpp:1[m[K,
                 from [01m[K/home/jakeluo/Documents/MonitoringSystemRos2/src/droneutility/src/droneManager.cpp:1[m[K:
[01m[K/usr/include/c++/9/functional:467:70:[m[K [01;36m[Knote: [m[K  candidate expects 0 arguments, 2 provided
  467 |  : _M_f(std::move(__f)), _M_bound_args(std::forward<_Args>(__args)...[01;36m[K)[m[K
      |                                                                      [01;36m[K^[m[K
In file included from [01m[K/usr/include/c++/9/bits/unique_ptr.h:37[m[K,
                 from [01m[K/usr/include/c++/9/memory:80[m[K,
                 from [01m[K/home/jakeluo/Software/ros2_rolling/install/rclcpp/include/rclcpp/rclcpp.hpp:153[m[K,
                 from [01m[K/home/jakeluo/Documents/MonitoringSystemRos2/src/droneutility/include/droneManager.hpp:1[m[K,
                 from [01m[K/home/jakeluo/Documents/MonitoringSystemRos2/src/droneutility/src/droneManager.cpp:1[m[K:
[01m[K/usr/include/c++/9/tuple:918:12:[m[K [01;36m[Knote: [m[Kcandidate: ‘[01m[Ktemplate<class _U1, class _U2, typename std::enable_if<std::__and_<std::__is_implicitly_default_constructible<_U1>, std::__is_implicitly_default_constructible<_U2> >::value, bool>::type <anonymous> > constexpr std::tuple<_T1, _T2>::tuple()[m[K’
  918 |  constexpr [01;36m[Ktuple[m[K()
      |            [01;36m[K^~~~~[m[K
[01m[K/usr/include/c++/9/tuple:918:12:[m[K [01;36m[Knote: [m[K  template argument deduction/substitution failed:
In file included from [01m[K/usr/include/c++/9/pstl/glue_algorithm_defs.h:13[m[K,
                 from [01m[K/usr/include/c++/9/algorithm:71[m[K,
                 from [01m[K/home/jakeluo/Software/ros2_rolling/install/rclcpp/include/rclcpp/executor.hpp:18[m[K,
                 from [01m[K/home/jakeluo/Software/ros2_rolling/install/rclcpp/include/rclcpp/executors/multi_threaded_executor.hpp:25[m[K,
                 from [01m[K/home/jakeluo/Software/ros2_rolling/install/rclcpp/include/rclcpp/executors.hpp:21[m[K,
                 from [01m[K/home/jakeluo/Software/ros2_rolling/install/rclcpp/include/rclcpp/rclcpp.hpp:155[m[K,
                 from [01m[K/home/jakeluo/Documents/MonitoringSystemRos2/src/droneutility/include/droneManager.hpp:1[m[K,
                 from [01m[K/home/jakeluo/Documents/MonitoringSystemRos2/src/droneutility/src/droneManager.cpp:1[m[K:
[01m[K/usr/include/c++/9/functional:467:70:[m[K [01;36m[Knote: [m[K  candidate expects 0 arguments, 2 provided
  467 |  : _M_f(std::move(__f)), _M_bound_args(std::forward<_Args>(__args)...[01;36m[K)[m[K
      |                                                                      [01;36m[K^[m[K
make[2]: *** [CMakeFiles/dronemanager.dir/build.make:63：CMakeFiles/dronemanager.dir/src/droneManager.cpp.o] 错误 1
make[1]: *** [CMakeFiles/Makefile2:107：CMakeFiles/dronemanager.dir/all] 错误 2
make: *** [Makefile:141：all] 错误 2
