[ 10%] Built target droneinterfaces__rosidl_generator_c
[ 12%] Built target droneinterfaces__cpp
[ 12%] Built target ament_cmake_python_symlink_droneinterfaces
[ 33%] Built target droneinterfaces__rosidl_typesupport_introspection_cpp
[ 33%] Built target droneinterfaces__rosidl_typesupport_cpp
[ 43%] Built target droneinterfaces__rosidl_typesupport_fastrtps_cpp
[ 53%] Built target droneinterfaces__rosidl_typesupport_introspection_c
[ 64%] Built target droneinterfaces__rosidl_typesupport_c
[ 74%] Built target droneinterfaces__rosidl_typesupport_fastrtps_c
[ 74%] Built target droneinterfaces
[ 76%] Built target droneinterfaces__py
[ 84%] Built target droneinterfaces__python
[ 89%] Built target droneinterfaces__rosidl_typesupport_fastrtps_c__pyext
[100%] Built target droneinterfaces__rosidl_typesupport_introspection_c__pyext
[100%] Built target droneinterfaces__rosidl_typesupport_c__pyext
running egg_info
writing droneinterfaces.egg-info/PKG-INFO
writing dependency_links to droneinterfaces.egg-info/dependency_links.txt
writing top-level names to droneinterfaces.egg-info/top_level.txt
reading manifest file 'droneinterfaces.egg-info/SOURCES.txt'
writing manifest file 'droneinterfaces.egg-info/SOURCES.txt'
[100%] Built target ament_cmake_python_build_droneinterfaces_egg
-- Install configuration: ""
-- Up-to-date: /home/jakeluo/Documents/MonitoringSystemRos2/install/droneinterfaces/share/ament_index/resource_index/rosidl_interfaces/droneinterfaces
-- Up-to-date: /home/jakeluo/Documents/MonitoringSystemRos2/install/droneinterfaces/include/droneinterfaces
-- Up-to-date: /home/jakeluo/Documents/MonitoringSystemRos2/install/droneinterfaces/include/droneinterfaces/msg
-- Up-to-date: /home/jakeluo/Documents/MonitoringSystemRos2/install/droneinterfaces/include/droneinterfaces/msg/rosidl_generator_c__visibility_control.h
-- Up-to-date: /home/jakeluo/Documents/MonitoringSystemRos2/install/droneinterfaces/include/droneinterfaces/srv
-- Up-to-date: /home/jakeluo/Documents/MonitoringSystemRos2/install/droneinterfaces/include/droneinterfaces/srv/drone_register.h
-- Up-to-date: /home/jakeluo/Documents/MonitoringSystemRos2/install/droneinterfaces/include/droneinterfaces/srv/drone_controller.h
-- Up-to-date: /home/jakeluo/Documents/MonitoringSystemRos2/install/droneinterfaces/include/droneinterfaces/srv/detail
-- Up-to-date: /home/jakeluo/Documents/MonitoringSystemRos2/install/droneinterfaces/include/droneinterfaces/srv/detail/drone_ctrl__functions.h
-- Up-to-date: /home/jakeluo/Documents/MonitoringSystemRos2/install/droneinterfaces/include/droneinterfaces/srv/detail/drone_register__struct.h
-- Up-to-date: /home/jakeluo/Documents/MonitoringSystemRos2/install/droneinterfaces/include/droneinterfaces/srv/detail/drone_register__type_support.h
-- Up-to-date: /home/jakeluo/Documents/MonitoringSystemRos2/install/droneinterfaces/include/droneinterfaces/srv/detail/drone_controller__functions.h
-- Up-to-date: /home/jakeluo/Documents/MonitoringSystemRos2/install/droneinterfaces/include/droneinterfaces/srv/detail/drone_controller__struct.h
-- Up-to-date: /home/jakeluo/Documents/MonitoringSystemRos2/install/droneinterfaces/include/droneinterfaces/srv/detail/drone_register__functions.h
-- Up-to-date: /home/jakeluo/Documents/MonitoringSystemRos2/install/droneinterfaces/include/droneinterfaces/srv/detail/drone_ctrl__type_support.h
-- Up-to-date: /home/jakeluo/Documents/MonitoringSystemRos2/install/droneinterfaces/include/droneinterfaces/srv/detail/drone_register__functions.c
-- Up-to-date: /home/jakeluo/Documents/MonitoringSystemRos2/install/droneinterfaces/include/droneinterfaces/srv/detail/drone_controller__type_support.h
-- Up-to-date: /home/jakeluo/Documents/MonitoringSystemRos2/install/droneinterfaces/include/droneinterfaces/srv/detail/drone_controller__functions.c
-- Up-to-date: /home/jakeluo/Documents/MonitoringSystemRos2/install/droneinterfaces/include/droneinterfaces/srv/detail/drone_ctrl__functions.c
-- Up-to-date: /home/jakeluo/Documents/MonitoringSystemRos2/install/droneinterfaces/include/droneinterfaces/srv/detail/drone_ctrl__struct.h
-- Up-to-date: /home/jakeluo/Documents/MonitoringSystemRos2/install/droneinterfaces/include/droneinterfaces/srv/drone_ctrl.h
-- Up-to-date: /home/jakeluo/Documents/MonitoringSystemRos2/install/droneinterfaces/share/droneinterfaces/environment/library_path.sh
-- Up-to-date: /home/jakeluo/Documents/MonitoringSystemRos2/install/droneinterfaces/share/droneinterfaces/environment/library_path.dsv
-- Up-to-date: /home/jakeluo/Documents/MonitoringSystemRos2/install/droneinterfaces/lib/libdroneinterfaces__rosidl_generator_c.so
-- Up-to-date: /home/jakeluo/Documents/MonitoringSystemRos2/install/droneinterfaces/include/droneinterfaces
-- Up-to-date: /home/jakeluo/Documents/MonitoringSystemRos2/install/droneinterfaces/include/droneinterfaces/msg
-- Up-to-date: /home/jakeluo/Documents/MonitoringSystemRos2/install/droneinterfaces/include/droneinterfaces/msg/rosidl_typesupport_introspection_c__visibility_control.h
-- Up-to-date: /home/jakeluo/Documents/MonitoringSystemRos2/install/droneinterfaces/include/droneinterfaces/srv
-- Up-to-date: /home/jakeluo/Documents/MonitoringSystemRos2/install/droneinterfaces/include/droneinterfaces/srv/detail
-- Up-to-date: /home/jakeluo/Documents/MonitoringSystemRos2/install/droneinterfaces/include/droneinterfaces/srv/detail/drone_register__type_support.c
-- Up-to-date: /home/jakeluo/Documents/MonitoringSystemRos2/install/droneinterfaces/include/droneinterfaces/srv/detail/drone_ctrl__type_support.c
-- Up-to-date: /home/jakeluo/Documents/MonitoringSystemRos2/install/droneinterfaces/include/droneinterfaces/srv/detail/drone_ctrl__rosidl_typesupport_introspection_c.h
-- Up-to-date: /home/jakeluo/Documents/MonitoringSystemRos2/install/droneinterfaces/include/droneinterfaces/srv/detail/drone_controller__type_support.c
-- Up-to-date: /home/jakeluo/Documents/MonitoringSystemRos2/install/droneinterfaces/include/droneinterfaces/srv/detail/drone_controller__rosidl_typesupport_introspection_c.h
-- Up-to-date: /home/jakeluo/Documents/MonitoringSystemRos2/install/droneinterfaces/include/droneinterfaces/srv/detail/drone_register__rosidl_typesupport_introspection_c.h
-- Up-to-date: /home/jakeluo/Documents/MonitoringSystemRos2/install/droneinterfaces/lib/libdroneinterfaces__rosidl_typesupport_introspection_c.so
-- Up-to-date: /home/jakeluo/Documents/MonitoringSystemRos2/install/droneinterfaces/include/droneinterfaces
-- Up-to-date: /home/jakeluo/Documents/MonitoringSystemRos2/install/droneinterfaces/include/droneinterfaces/msg
-- Up-to-date: /home/jakeluo/Documents/MonitoringSystemRos2/install/droneinterfaces/include/droneinterfaces/msg/rosidl_typesupport_fastrtps_c__visibility_control.h
-- Up-to-date: /home/jakeluo/Documents/MonitoringSystemRos2/install/droneinterfaces/include/droneinterfaces/srv
-- Up-to-date: /home/jakeluo/Documents/MonitoringSystemRos2/install/droneinterfaces/include/droneinterfaces/srv/detail
-- Up-to-date: /home/jakeluo/Documents/MonitoringSystemRos2/install/droneinterfaces/include/droneinterfaces/srv/detail/drone_controller__rosidl_typesupport_fastrtps_c.h
-- Up-to-date: /home/jakeluo/Documents/MonitoringSystemRos2/install/droneinterfaces/include/droneinterfaces/srv/detail/drone_register__rosidl_typesupport_fastrtps_c.h
-- Up-to-date: /home/jakeluo/Documents/MonitoringSystemRos2/install/droneinterfaces/include/droneinterfaces/srv/detail/drone_ctrl__rosidl_typesupport_fastrtps_c.h
-- Up-to-date: /home/jakeluo/Documents/MonitoringSystemRos2/install/droneinterfaces/lib/libdroneinterfaces__rosidl_typesupport_fastrtps_c.so
-- Up-to-date: /home/jakeluo/Documents/MonitoringSystemRos2/install/droneinterfaces/include/droneinterfaces
-- Up-to-date: /home/jakeluo/Documents/MonitoringSystemRos2/install/droneinterfaces/include/droneinterfaces/msg
-- Up-to-date: /home/jakeluo/Documents/MonitoringSystemRos2/install/droneinterfaces/include/droneinterfaces/msg/rosidl_typesupport_fastrtps_cpp__visibility_control.h
-- Up-to-date: /home/jakeluo/Documents/MonitoringSystemRos2/install/droneinterfaces/include/droneinterfaces/srv
-- Up-to-date: /home/jakeluo/Documents/MonitoringSystemRos2/install/droneinterfaces/include/droneinterfaces/srv/detail
-- Up-to-date: /home/jakeluo/Documents/MonitoringSystemRos2/install/droneinterfaces/include/droneinterfaces/srv/detail/drone_ctrl__rosidl_typesupport_fastrtps_cpp.hpp
-- Up-to-date: /home/jakeluo/Documents/MonitoringSystemRos2/install/droneinterfaces/include/droneinterfaces/srv/detail/drone_register__rosidl_typesupport_fastrtps_cpp.hpp
-- Up-to-date: /home/jakeluo/Documents/MonitoringSystemRos2/install/droneinterfaces/include/droneinterfaces/srv/detail/drone_controller__rosidl_typesupport_fastrtps_cpp.hpp
-- Up-to-date: /home/jakeluo/Documents/MonitoringSystemRos2/install/droneinterfaces/include/droneinterfaces/srv/detail/dds_fastrtps
-- Up-to-date: /home/jakeluo/Documents/MonitoringSystemRos2/install/droneinterfaces/lib/libdroneinterfaces__rosidl_typesupport_fastrtps_cpp.so
-- Up-to-date: /home/jakeluo/Documents/MonitoringSystemRos2/install/droneinterfaces/lib/libdroneinterfaces__rosidl_typesupport_c.so
-- Up-to-date: /home/jakeluo/Documents/MonitoringSystemRos2/install/droneinterfaces/include/droneinterfaces
-- Up-to-date: /home/jakeluo/Documents/MonitoringSystemRos2/install/droneinterfaces/include/droneinterfaces/srv
-- Up-to-date: /home/jakeluo/Documents/MonitoringSystemRos2/install/droneinterfaces/include/droneinterfaces/srv/drone_register.hpp
-- Up-to-date: /home/jakeluo/Documents/MonitoringSystemRos2/install/droneinterfaces/include/droneinterfaces/srv/drone_ctrl.hpp
-- Up-to-date: /home/jakeluo/Documents/MonitoringSystemRos2/install/droneinterfaces/include/droneinterfaces/srv/drone_controller.hpp
-- Up-to-date: /home/jakeluo/Documents/MonitoringSystemRos2/install/droneinterfaces/include/droneinterfaces/srv/detail
-- Up-to-date: /home/jakeluo/Documents/MonitoringSystemRos2/install/droneinterfaces/include/droneinterfaces/srv/detail/drone_ctrl__traits.hpp
-- Up-to-date: /home/jakeluo/Documents/MonitoringSystemRos2/install/droneinterfaces/include/droneinterfaces/srv/detail/drone_register__struct.hpp
-- Up-to-date: /home/jakeluo/Documents/MonitoringSystemRos2/install/droneinterfaces/include/droneinterfaces/srv/detail/drone_controller__traits.hpp
-- Up-to-date: /home/jakeluo/Documents/MonitoringSystemRos2/install/droneinterfaces/include/droneinterfaces/srv/detail/drone_register__traits.hpp
-- Up-to-date: /home/jakeluo/Documents/MonitoringSystemRos2/install/droneinterfaces/include/droneinterfaces/srv/detail/drone_register__builder.hpp
-- Up-to-date: /home/jakeluo/Documents/MonitoringSystemRos2/install/droneinterfaces/include/droneinterfaces/srv/detail/drone_controller__struct.hpp
-- Up-to-date: /home/jakeluo/Documents/MonitoringSystemRos2/install/droneinterfaces/include/droneinterfaces/srv/detail/drone_ctrl__builder.hpp
-- Up-to-date: /home/jakeluo/Documents/MonitoringSystemRos2/install/droneinterfaces/include/droneinterfaces/srv/detail/drone_ctrl__struct.hpp
-- Up-to-date: /home/jakeluo/Documents/MonitoringSystemRos2/install/droneinterfaces/include/droneinterfaces/srv/detail/drone_controller__builder.hpp
-- Up-to-date: /home/jakeluo/Documents/MonitoringSystemRos2/install/droneinterfaces/include/droneinterfaces
-- Up-to-date: /home/jakeluo/Documents/MonitoringSystemRos2/install/droneinterfaces/include/droneinterfaces/srv
-- Up-to-date: /home/jakeluo/Documents/MonitoringSystemRos2/install/droneinterfaces/include/droneinterfaces/srv/detail
-- Up-to-date: /home/jakeluo/Documents/MonitoringSystemRos2/install/droneinterfaces/include/droneinterfaces/srv/detail/drone_controller__rosidl_typesupport_introspection_cpp.hpp
-- Up-to-date: /home/jakeluo/Documents/MonitoringSystemRos2/install/droneinterfaces/include/droneinterfaces/srv/detail/drone_ctrl__type_support.cpp
-- Up-to-date: /home/jakeluo/Documents/MonitoringSystemRos2/install/droneinterfaces/include/droneinterfaces/srv/detail/drone_register__rosidl_typesupport_introspection_cpp.hpp
-- Up-to-date: /home/jakeluo/Documents/MonitoringSystemRos2/install/droneinterfaces/include/droneinterfaces/srv/detail/drone_controller__type_support.cpp
-- Up-to-date: /home/jakeluo/Documents/MonitoringSystemRos2/install/droneinterfaces/include/droneinterfaces/srv/detail/drone_register__type_support.cpp
-- Up-to-date: /home/jakeluo/Documents/MonitoringSystemRos2/install/droneinterfaces/include/droneinterfaces/srv/detail/drone_ctrl__rosidl_typesupport_introspection_cpp.hpp
-- Up-to-date: /home/jakeluo/Documents/MonitoringSystemRos2/install/droneinterfaces/lib/libdroneinterfaces__rosidl_typesupport_introspection_cpp.so
-- Up-to-date: /home/jakeluo/Documents/MonitoringSystemRos2/install/droneinterfaces/lib/libdroneinterfaces__rosidl_typesupport_cpp.so
-- Up-to-date: /home/jakeluo/Documents/MonitoringSystemRos2/install/droneinterfaces/share/droneinterfaces/environment/pythonpath.sh
-- Up-to-date: /home/jakeluo/Documents/MonitoringSystemRos2/install/droneinterfaces/share/droneinterfaces/environment/pythonpath.dsv
-- Up-to-date: /home/jakeluo/Documents/MonitoringSystemRos2/install/droneinterfaces/lib/python3.8/site-packages/droneinterfaces-0.0.0-py3.8.egg-info
-- Installing: /home/jakeluo/Documents/MonitoringSystemRos2/install/droneinterfaces/lib/python3.8/site-packages/droneinterfaces-0.0.0-py3.8.egg-info/top_level.txt
-- Installing: /home/jakeluo/Documents/MonitoringSystemRos2/install/droneinterfaces/lib/python3.8/site-packages/droneinterfaces-0.0.0-py3.8.egg-info/dependency_links.txt
-- Installing: /home/jakeluo/Documents/MonitoringSystemRos2/install/droneinterfaces/lib/python3.8/site-packages/droneinterfaces-0.0.0-py3.8.egg-info/PKG-INFO
-- Installing: /home/jakeluo/Documents/MonitoringSystemRos2/install/droneinterfaces/lib/python3.8/site-packages/droneinterfaces-0.0.0-py3.8.egg-info/SOURCES.txt
-- Up-to-date: /home/jakeluo/Documents/MonitoringSystemRos2/install/droneinterfaces/lib/python3.8/site-packages/droneinterfaces
-- Up-to-date: /home/jakeluo/Documents/MonitoringSystemRos2/install/droneinterfaces/lib/python3.8/site-packages/droneinterfaces/libdroneinterfaces__python.so
-- Up-to-date: /home/jakeluo/Documents/MonitoringSystemRos2/install/droneinterfaces/lib/python3.8/site-packages/droneinterfaces/_droneinterfaces_s.ep.rosidl_typesupport_fastrtps_c.c
-- Up-to-date: /home/jakeluo/Documents/MonitoringSystemRos2/install/droneinterfaces/lib/python3.8/site-packages/droneinterfaces/_droneinterfaces_s.ep.rosidl_typesupport_introspection_c.c
-- Up-to-date: /home/jakeluo/Documents/MonitoringSystemRos2/install/droneinterfaces/lib/python3.8/site-packages/droneinterfaces/droneinterfaces_s__rosidl_typesupport_c.cpython-38-x86_64-linux-gnu.so
-- Up-to-date: /home/jakeluo/Documents/MonitoringSystemRos2/install/droneinterfaces/lib/python3.8/site-packages/droneinterfaces/droneinterfaces_s__rosidl_typesupport_fastrtps_c.cpython-38-x86_64-linux-gnu.so
-- Up-to-date: /home/jakeluo/Documents/MonitoringSystemRos2/install/droneinterfaces/lib/python3.8/site-packages/droneinterfaces/srv
-- Up-to-date: /home/jakeluo/Documents/MonitoringSystemRos2/install/droneinterfaces/lib/python3.8/site-packages/droneinterfaces/srv/_drone_register.py
-- Up-to-date: /home/jakeluo/Documents/MonitoringSystemRos2/install/droneinterfaces/lib/python3.8/site-packages/droneinterfaces/srv/_drone_controller_s.c
-- Up-to-date: /home/jakeluo/Documents/MonitoringSystemRos2/install/droneinterfaces/lib/python3.8/site-packages/droneinterfaces/srv/_drone_ctrl_s.c
-- Up-to-date: /home/jakeluo/Documents/MonitoringSystemRos2/install/droneinterfaces/lib/python3.8/site-packages/droneinterfaces/srv/_drone_controller.py
-- Up-to-date: /home/jakeluo/Documents/MonitoringSystemRos2/install/droneinterfaces/lib/python3.8/site-packages/droneinterfaces/srv/_drone_register_s.c
-- Up-to-date: /home/jakeluo/Documents/MonitoringSystemRos2/install/droneinterfaces/lib/python3.8/site-packages/droneinterfaces/srv/__init__.py
-- Up-to-date: /home/jakeluo/Documents/MonitoringSystemRos2/install/droneinterfaces/lib/python3.8/site-packages/droneinterfaces/srv/_drone_ctrl.py
-- Up-to-date: /home/jakeluo/Documents/MonitoringSystemRos2/install/droneinterfaces/lib/python3.8/site-packages/droneinterfaces/droneinterfaces_s__rosidl_typesupport_introspection_c.cpython-38-x86_64-linux-gnu.so
-- Up-to-date: /home/jakeluo/Documents/MonitoringSystemRos2/install/droneinterfaces/lib/python3.8/site-packages/droneinterfaces/__init__.py
-- Up-to-date: /home/jakeluo/Documents/MonitoringSystemRos2/install/droneinterfaces/lib/python3.8/site-packages/droneinterfaces/_droneinterfaces_s.ep.rosidl_typesupport_c.c
Listing '/home/jakeluo/Documents/MonitoringSystemRos2/install/droneinterfaces/lib/python3.8/site-packages/droneinterfaces'...
Listing '/home/jakeluo/Documents/MonitoringSystemRos2/install/droneinterfaces/lib/python3.8/site-packages/droneinterfaces/srv'...
-- Up-to-date: /home/jakeluo/Documents/MonitoringSystemRos2/install/droneinterfaces/lib/python3.8/site-packages/droneinterfaces/droneinterfaces_s__rosidl_typesupport_introspection_c.cpython-38-x86_64-linux-gnu.so
-- Up-to-date: /home/jakeluo/Documents/MonitoringSystemRos2/install/droneinterfaces/lib/python3.8/site-packages/droneinterfaces/droneinterfaces_s__rosidl_typesupport_fastrtps_c.cpython-38-x86_64-linux-gnu.so
-- Up-to-date: /home/jakeluo/Documents/MonitoringSystemRos2/install/droneinterfaces/lib/python3.8/site-packages/droneinterfaces/droneinterfaces_s__rosidl_typesupport_c.cpython-38-x86_64-linux-gnu.so
-- Up-to-date: /home/jakeluo/Documents/MonitoringSystemRos2/install/droneinterfaces/lib/libdroneinterfaces__python.so
-- Up-to-date: /home/jakeluo/Documents/MonitoringSystemRos2/install/droneinterfaces/share/droneinterfaces/srv/DroneRegister.idl
-- Up-to-date: /home/jakeluo/Documents/MonitoringSystemRos2/install/droneinterfaces/share/droneinterfaces/srv/DroneController.idl
-- Up-to-date: /home/jakeluo/Documents/MonitoringSystemRos2/install/droneinterfaces/share/droneinterfaces/srv/DroneRegister.srv
-- Up-to-date: /home/jakeluo/Documents/MonitoringSystemRos2/install/droneinterfaces/share/droneinterfaces/srv/DroneRegister_Request.msg
-- Up-to-date: /home/jakeluo/Documents/MonitoringSystemRos2/install/droneinterfaces/share/droneinterfaces/srv/DroneRegister_Response.msg
-- Up-to-date: /home/jakeluo/Documents/MonitoringSystemRos2/install/droneinterfaces/share/droneinterfaces/srv/DroneController.srv
-- Up-to-date: /home/jakeluo/Documents/MonitoringSystemRos2/install/droneinterfaces/share/droneinterfaces/srv/DroneController_Request.msg
-- Up-to-date: /home/jakeluo/Documents/MonitoringSystemRos2/install/droneinterfaces/share/droneinterfaces/srv/DroneController_Response.msg
-- Up-to-date: /home/jakeluo/Documents/MonitoringSystemRos2/install/droneinterfaces/share/ament_index/resource_index/package_run_dependencies/droneinterfaces
-- Up-to-date: /home/jakeluo/Documents/MonitoringSystemRos2/install/droneinterfaces/share/ament_index/resource_index/parent_prefix_path/droneinterfaces
-- Up-to-date: /home/jakeluo/Documents/MonitoringSystemRos2/install/droneinterfaces/share/droneinterfaces/environment/ament_prefix_path.dsv
-- Up-to-date: /home/jakeluo/Documents/MonitoringSystemRos2/install/droneinterfaces/share/droneinterfaces/environment/path.dsv
-- Up-to-date: /home/jakeluo/Documents/MonitoringSystemRos2/install/droneinterfaces/share/droneinterfaces/local_setup.bash
-- Up-to-date: /home/jakeluo/Documents/MonitoringSystemRos2/install/droneinterfaces/share/droneinterfaces/local_setup.sh
-- Up-to-date: /home/jakeluo/Documents/MonitoringSystemRos2/install/droneinterfaces/share/droneinterfaces/local_setup.zsh
-- Up-to-date: /home/jakeluo/Documents/MonitoringSystemRos2/install/droneinterfaces/share/droneinterfaces/local_setup.dsv
-- Installing: /home/jakeluo/Documents/MonitoringSystemRos2/install/droneinterfaces/share/droneinterfaces/package.dsv
-- Up-to-date: /home/jakeluo/Documents/MonitoringSystemRos2/install/droneinterfaces/share/ament_index/resource_index/packages/droneinterfaces
-- Up-to-date: /home/jakeluo/Documents/MonitoringSystemRos2/install/droneinterfaces/share/droneinterfaces/cmake/droneinterfaces__rosidl_generator_cExport.cmake
-- Up-to-date: /home/jakeluo/Documents/MonitoringSystemRos2/install/droneinterfaces/share/droneinterfaces/cmake/droneinterfaces__rosidl_generator_cExport-noconfig.cmake
-- Up-to-date: /home/jakeluo/Documents/MonitoringSystemRos2/install/droneinterfaces/share/droneinterfaces/cmake/droneinterfaces__rosidl_typesupport_introspection_cExport.cmake
-- Up-to-date: /home/jakeluo/Documents/MonitoringSystemRos2/install/droneinterfaces/share/droneinterfaces/cmake/droneinterfaces__rosidl_typesupport_introspection_cExport-noconfig.cmake
-- Up-to-date: /home/jakeluo/Documents/MonitoringSystemRos2/install/droneinterfaces/share/droneinterfaces/cmake/droneinterfaces__rosidl_typesupport_cExport.cmake
-- Up-to-date: /home/jakeluo/Documents/MonitoringSystemRos2/install/droneinterfaces/share/droneinterfaces/cmake/droneinterfaces__rosidl_typesupport_cExport-noconfig.cmake
-- Up-to-date: /home/jakeluo/Documents/MonitoringSystemRos2/install/droneinterfaces/share/droneinterfaces/cmake/droneinterfaces__rosidl_generator_cppExport.cmake
-- Up-to-date: /home/jakeluo/Documents/MonitoringSystemRos2/install/droneinterfaces/share/droneinterfaces/cmake/droneinterfaces__rosidl_typesupport_introspection_cppExport.cmake
-- Up-to-date: /home/jakeluo/Documents/MonitoringSystemRos2/install/droneinterfaces/share/droneinterfaces/cmake/droneinterfaces__rosidl_typesupport_introspection_cppExport-noconfig.cmake
-- Up-to-date: /home/jakeluo/Documents/MonitoringSystemRos2/install/droneinterfaces/share/droneinterfaces/cmake/droneinterfaces__rosidl_typesupport_cppExport.cmake
-- Up-to-date: /home/jakeluo/Documents/MonitoringSystemRos2/install/droneinterfaces/share/droneinterfaces/cmake/droneinterfaces__rosidl_typesupport_cppExport-noconfig.cmake
-- Up-to-date: /home/jakeluo/Documents/MonitoringSystemRos2/install/droneinterfaces/share/droneinterfaces/cmake/rosidl_cmake-extras.cmake
-- Up-to-date: /home/jakeluo/Documents/MonitoringSystemRos2/install/droneinterfaces/share/droneinterfaces/cmake/ament_cmake_export_dependencies-extras.cmake
-- Up-to-date: /home/jakeluo/Documents/MonitoringSystemRos2/install/droneinterfaces/share/droneinterfaces/cmake/ament_cmake_export_libraries-extras.cmake
-- Up-to-date: /home/jakeluo/Documents/MonitoringSystemRos2/install/droneinterfaces/share/droneinterfaces/cmake/ament_cmake_export_targets-extras.cmake
-- Up-to-date: /home/jakeluo/Documents/MonitoringSystemRos2/install/droneinterfaces/share/droneinterfaces/cmake/ament_cmake_export_include_directories-extras.cmake
-- Up-to-date: /home/jakeluo/Documents/MonitoringSystemRos2/install/droneinterfaces/share/droneinterfaces/cmake/rosidl_cmake_export_typesupport_targets-extras.cmake
-- Up-to-date: /home/jakeluo/Documents/MonitoringSystemRos2/install/droneinterfaces/share/droneinterfaces/cmake/rosidl_cmake_export_typesupport_libraries-extras.cmake
-- Up-to-date: /home/jakeluo/Documents/MonitoringSystemRos2/install/droneinterfaces/share/droneinterfaces/cmake/droneinterfacesConfig.cmake
-- Up-to-date: /home/jakeluo/Documents/MonitoringSystemRos2/install/droneinterfaces/share/droneinterfaces/cmake/droneinterfacesConfig-version.cmake
-- Up-to-date: /home/jakeluo/Documents/MonitoringSystemRos2/install/droneinterfaces/share/droneinterfaces/package.xml
