In file included from [01m[K/home/jakeluo/Documents/MonitoringSystemRos2/src/qt/src/mainwindow.cpp:1[m[K:
[01m[K/home/jakeluo/Documents/MonitoringSystemRos2/src/qt/include/qt/mainwindow.h:3:[m[K [01;35m[Kwarning: [m[Kignoring #pragma   [[01;35m[K-Wunknown-pragmas[m[K]
    3 | #pragma
      | 
[01m[K/home/jakeluo/Documents/MonitoringSystemRos2/src/qt/src/mainwindow.cpp:174:64:[m[K [01;31m[Kerror: [m[K‘[01m[KHumanBoxCoor[m[K’ in namespace ‘[01m[Kdroneinterfaces::msg[m[K’ does not name a type; did you mean ‘[01m[KHumanBox[m[K’?
  174 | void MainWindow::humanboxCallback1(const droneinterfaces::msg::[01;31m[KHumanBoxCoor[m[K::SharedPtr msg)
      |                                                                [01;31m[K^~~~~~~~~~~~[m[K
      |                                                                [32m[KHumanBox[m[K
[01m[K/home/jakeluo/Documents/MonitoringSystemRos2/src/qt/src/mainwindow.cpp:174:88:[m[K [01;31m[Kerror: [m[Kexpected unqualified-id before ‘[01m[Kmsg[m[K’
  174 | void MainWindow::humanboxCallback1(const droneinterfaces::msg::HumanBoxCoor::SharedPtr [01;31m[Kmsg[m[K)
      |                                                                                        [01;31m[K^~~[m[K
[01m[K/home/jakeluo/Documents/MonitoringSystemRos2/src/qt/src/mainwindow.cpp:174:87:[m[K [01;31m[Kerror: [m[Kexpected ‘[01m[K)[m[K’ before ‘[01m[Kmsg[m[K’
  174 | void MainWindow::humanboxCallback1[34m[K([m[Kconst droneinterfaces::msg::HumanBoxCoor::SharedPtr[01;31m[K [m[K[32m[Kmsg[m[K)
      |                                   [34m[K~[m[K                                                   [01;31m[K^[m[K[32m[K~~~[m[K
      |                                                                                       [32m[K)[m[K
[01m[K/home/jakeluo/Documents/MonitoringSystemRos2/src/qt/src/mainwindow.cpp:174:88:[m[K [01;31m[Kerror: [m[Kexpected initializer before ‘[01m[Kmsg[m[K’
  174 | void MainWindow::humanboxCallback1(const droneinterfaces::msg::HumanBoxCoor::SharedPtr [01;31m[Kmsg[m[K)
      |                                                                                        [01;31m[K^~~[m[K
[01m[K/home/jakeluo/Documents/MonitoringSystemRos2/src/qt/src/mainwindow.cpp:180:64:[m[K [01;31m[Kerror: [m[K‘[01m[KHumanBoxCoor[m[K’ in namespace ‘[01m[Kdroneinterfaces::msg[m[K’ does not name a type; did you mean ‘[01m[KHumanBox[m[K’?
  180 | void MainWindow::humanboxCallback2(const droneinterfaces::msg::[01;31m[KHumanBoxCoor[m[K::SharedPtr msg)
      |                                                                [01;31m[K^~~~~~~~~~~~[m[K
      |                                                                [32m[KHumanBox[m[K
[01m[K/home/jakeluo/Documents/MonitoringSystemRos2/src/qt/src/mainwindow.cpp:180:88:[m[K [01;31m[Kerror: [m[Kexpected unqualified-id before ‘[01m[Kmsg[m[K’
  180 | void MainWindow::humanboxCallback2(const droneinterfaces::msg::HumanBoxCoor::SharedPtr [01;31m[Kmsg[m[K)
      |                                                                                        [01;31m[K^~~[m[K
[01m[K/home/jakeluo/Documents/MonitoringSystemRos2/src/qt/src/mainwindow.cpp:180:87:[m[K [01;31m[Kerror: [m[Kexpected ‘[01m[K)[m[K’ before ‘[01m[Kmsg[m[K’
  180 | void MainWindow::humanboxCallback2[34m[K([m[Kconst droneinterfaces::msg::HumanBoxCoor::SharedPtr[01;31m[K [m[K[32m[Kmsg[m[K)
      |                                   [34m[K~[m[K                                                   [01;31m[K^[m[K[32m[K~~~[m[K
      |                                                                                       [32m[K)[m[K
[01m[K/home/jakeluo/Documents/MonitoringSystemRos2/src/qt/src/mainwindow.cpp:180:88:[m[K [01;31m[Kerror: [m[Kexpected initializer before ‘[01m[Kmsg[m[K’
  180 | void MainWindow::humanboxCallback2(const droneinterfaces::msg::HumanBoxCoor::SharedPtr [01;31m[Kmsg[m[K)
      |                                                                                        [01;31m[K^~~[m[K
[01m[K/home/jakeluo/Documents/MonitoringSystemRos2/src/qt/src/mainwindow.cpp:[m[K In member function ‘[01m[Kvoid MainWindow::feedback_callback(rclcpp_action::ClientGoalHandle<droneinterfaces::action::GoPoint>::SharedPtr, std::shared_ptr<const droneinterfaces::action::GoPoint_Feedback_<std::allocator<void> > >)[m[K’:
[01m[K/home/jakeluo/Documents/MonitoringSystemRos2/src/qt/src/mainwindow.cpp:552:77:[m[K [01;35m[Kwarning: [m[Kunused parameter ‘[01m[Kfeedback[m[K’ [[01;35m[K-Wunused-parameter[m[K]
  552 |     [01;35m[Kconst std::shared_ptr<const droneinterfaces::action::GoPoint::Feedback> feedback[m[K)
      |     [01;35m[K~~~~~~~~~~~~~~~~~~~~~~~~~~~~~~~~~~~~~~~~~~~~~~~~~~~~~~~~~~~~~~~~~~~~~~~~^~~~~~~~[m[K
make[2]: *** [CMakeFiles/gui.dir/build.make:93：CMakeFiles/gui.dir/src/mainwindow.cpp.o] 错误 1
make[1]: *** [CMakeFiles/Makefile2:79：CMakeFiles/gui.dir/all] 错误 2
make: *** [Makefile:141：all] 错误 2
