running egg_info
writing ../build/humandetection/humandetection.egg-info/PKG-INFO
writing dependency_links to ../build/humandetection/humandetection.egg-info/dependency_links.txt
writing entry points to ../build/humandetection/humandetection.egg-info/entry_points.txt
writing requirements to ../build/humandetection/humandetection.egg-info/requires.txt
writing top-level names to ../build/humandetection/humandetection.egg-info/top_level.txt
reading manifest file '../build/humandetection/humandetection.egg-info/SOURCES.txt'
writing manifest file '../build/humandetection/humandetection.egg-info/SOURCES.txt'
running build
running build_py
copying humandetection/models/experimental.py -> /home/jakeluo/Documents/MonitoringSystemRos2/src/build/humandetection/build/lib/humandetection/models
running install
running install_lib
copying /home/jakeluo/Documents/MonitoringSystemRos2/src/build/humandetection/build/lib/humandetection/models/experimental.py -> /home/jakeluo/Documents/MonitoringSystemRos2/src/install/humandetection/lib/python3.8/site-packages/humandetection/models
byte-compiling /home/jakeluo/Documents/MonitoringSystemRos2/src/install/humandetection/lib/python3.8/site-packages/humandetection/models/experimental.py to experimental.cpython-38.pyc
running install_data
running install_egg_info
removing '/home/jakeluo/Documents/MonitoringSystemRos2/src/install/humandetection/lib/python3.8/site-packages/humandetection-0.0.0-py3.8.egg-info' (and everything under it)
Copying ../build/humandetection/humandetection.egg-info to /home/jakeluo/Documents/MonitoringSystemRos2/src/install/humandetection/lib/python3.8/site-packages/humandetection-0.0.0-py3.8.egg-info
running install_scripts
Installing detecter script to /home/jakeluo/Documents/MonitoringSystemRos2/src/install/humandetection/lib/humandetection
writing list of installed files to '/home/jakeluo/Documents/MonitoringSystemRos2/src/build/humandetection/install.log'
