In file included from [01m[K/home/jakeluo/Documents/MonitoringSystemRos2/src/qt/src/mainwindow.cpp:1[m[K:
[01m[K/home/jakeluo/Documents/MonitoringSystemRos2/src/qt/include/qt/mainwindow.h:3:[m[K [01;35m[Kwarning: [m[Kignoring #pragma   [[01;35m[K-Wunknown-pragmas[m[K]
    3 | #pragma
      | 
In file included from [01m[K/home/jakeluo/Documents/MonitoringSystemRos2/src/qt/include/qt/mainwindow.h:38[m[K,
                 from [01m[K/home/jakeluo/Documents/MonitoringSystemRos2/src/qt/src/mainwindow.cpp:1[m[K:
[01m[K/home/jakeluo/Documents/MonitoringSystemRos2/src/qt/include/CameraAndPhyPointTransformer.h:1:[m[K [01;35m[Kwarning: [m[Kignoring #pragma   [[01;35m[K-Wunknown-pragmas[m[K]
    1 | #pragma
      | 
[01m[K/home/jakeluo/Documents/MonitoringSystemRos2/src/qt/src/mainwindow.cpp:[m[K In member function ‘[01m[Kvoid MainWindow::feedback_callback(rclcpp_action::ClientGoalHandle<droneinterfaces::action::GoPoint>::SharedPtr, std::shared_ptr<const droneinterfaces::action::GoPoint_Feedback_<std::allocator<void> > >)[m[K’:
[01m[K/home/jakeluo/Documents/MonitoringSystemRos2/src/qt/src/mainwindow.cpp:550:77:[m[K [01;35m[Kwarning: [m[Kunused parameter ‘[01m[Kfeedback[m[K’ [[01;35m[K-Wunused-parameter[m[K]
  550 | [01;35m[Knst std::shared_ptr<const droneinterfaces::action::GoPoint::Feedback> feedback[m[K)
      | [01;35m[K~~~~~~~~~~~~~~~~~~~~~~~~~~~~~~~~~~~~~~~~~~~~~~~~~~~~~~~~~~~~~~~~~~~~~~^~~~~~~~[m[K

[01m[K/home/jakeluo/Documents/MonitoringSystemRos2/src/qt/src/mainwindow.cpp:[m[K In member function ‘[01m[Kvoid MainWindow::positionCallback1(droneinterfaces::msg::PositionArray_<std::allocator<void> >::SharedPtr)[m[K’:
[01m[K/home/jakeluo/Documents/MonitoringSystemRos2/src/qt/src/mainwindow.cpp:635:28:[m[K [01;31m[Kerror: [m[Kredeclaration of ‘[01m[Kstd::array<float, 4> tmp[m[K’
  635 |     std::array<float, 4UL> [01;31m[Ktmp[m[K = {1200.f, 600.f, 1800.f, 1.f};
      |                            [01;31m[K^~~[m[K
[01m[K/home/jakeluo/Documents/MonitoringSystemRos2/src/qt/src/mainwindow.cpp:632:28:[m[K [01;36m[Knote: [m[K‘[01m[Kstd::array<float, 4> tmp[m[K’ previously declared here
  632 |     std::array<float, 4UL> [01;36m[Ktmp[m[K = {1200.f, 0.f, 1800.f, 1.f};
      |                            [01;36m[K^~~[m[K
[01m[K/home/jakeluo/Documents/MonitoringSystemRos2/src/qt/src/mainwindow.cpp:638:28:[m[K [01;31m[Kerror: [m[Kredeclaration of ‘[01m[Kstd::array<float, 4> tmp[m[K’
  638 |     std::array<float, 4UL> [01;31m[Ktmp[m[K = {1800.f, 0.f, 1800.f, 1.f};
      |                            [01;31m[K^~~[m[K
[01m[K/home/jakeluo/Documents/MonitoringSystemRos2/src/qt/src/mainwindow.cpp:632:28:[m[K [01;36m[Knote: [m[K‘[01m[Kstd::array<float, 4> tmp[m[K’ previously declared here
  632 |     std::array<float, 4UL> [01;36m[Ktmp[m[K = {1200.f, 0.f, 1800.f, 1.f};
      |                            [01;36m[K^~~[m[K
make[2]: *** [CMakeFiles/gui.dir/build.make:93: CMakeFiles/gui.dir/src/mainwindow.cpp.o] 中断
make[1]: *** [CMakeFiles/Makefile2:79: CMakeFiles/gui.dir/all] 中断
make: *** [Makefile:141: all] 中断
