CMake Warning at CMakeLists.txt:35 (add_executable):
  Cannot generate a safe runtime search path for target estimater because
  there is a cycle in the constraint graph:

    dir 0 is [/home/jakeluo/Documents/MonitoringSystemRos2/src/openpose/src]
    dir 1 is [/usr/local/lib]
      dir 2 must precede it due to runtime library [libopenpose.so.1.7.0]
      dir 4 must precede it due to runtime library [libcaffe.so.1.0.0]
    dir 2 is [/home/jakeluo/Documents/openpose/build/src/openpose]
      dir 1 must precede it due to runtime library [libopenpose.so.1.7.0]
    dir 3 is [/home/jakeluo/Software/ros2_rolling/install/rclcpp/lib]
    dir 4 is [/home/jakeluo/Documents/openpose/build/caffe/lib]
    dir 5 is [/home/jakeluo/Software/ros2_rolling/install/libstatistics_collector/lib]
    dir 6 is [/home/jakeluo/Software/ros2_rolling/install/std_msgs/lib]
    dir 7 is [/home/jakeluo/Software/ros2_rolling/install/rcl/lib]
    dir 8 is [/home/jakeluo/Software/ros2_rolling/install/rcl_interfaces/lib]
    dir 9 is [/home/jakeluo/Software/ros2_rolling/install/rmw_implementation/lib]
    dir 10 is [/home/jakeluo/Software/ros2_rolling/install/ament_index_cpp/lib]
    dir 11 is [/home/jakeluo/Software/ros2_rolling/install/rcl_logging_spdlog/lib]
    dir 12 is [/home/jakeluo/Software/ros2_rolling/install/rcl_logging_interface/lib]
    dir 13 is [/home/jakeluo/Software/ros2_rolling/install/rcl_yaml_param_parser/lib]
    dir 14 is [/home/jakeluo/Software/ros2_rolling/install/rmw/lib]
    dir 15 is [/home/jakeluo/Software/ros2_rolling/install/libyaml_vendor/lib]
    dir 16 is [/home/jakeluo/Software/ros2_rolling/install/rosgraph_msgs/lib]
    dir 17 is [/home/jakeluo/Software/ros2_rolling/install/statistics_msgs/lib]
    dir 18 is [/home/jakeluo/Software/ros2_rolling/install/builtin_interfaces/lib]
    dir 19 is [/home/jakeluo/Software/ros2_rolling/install/rosidl_typesupport_introspection_cpp/lib]
    dir 20 is [/home/jakeluo/Software/ros2_rolling/install/rosidl_typesupport_introspection_c/lib]
    dir 21 is [/home/jakeluo/Software/ros2_rolling/install/rosidl_typesupport_cpp/lib]
    dir 22 is [/home/jakeluo/Software/ros2_rolling/install/rosidl_typesupport_c/lib]
    dir 23 is [/home/jakeluo/Software/ros2_rolling/install/rcpputils/lib]
    dir 24 is [/home/jakeluo/Software/ros2_rolling/install/rosidl_runtime_c/lib]
    dir 25 is [/home/jakeluo/Software/ros2_rolling/install/rcutils/lib]
    dir 26 is [/home/jakeluo/Software/ros2_rolling/install/tracetools/lib]

  Some of these libraries may not be found correctly.


