-- The C compiler identification is GNU 9.3.0
-- The CXX compiler identification is GNU 9.3.0
-- Check for working C compiler: /usr/bin/cc
-- Check for working C compiler: /usr/bin/cc -- works
-- Detecting C compiler ABI info
-- Detecting C compiler ABI info - done
-- Detecting C compile features
-- Detecting C compile features - done
-- Check for working CXX compiler: /usr/bin/c++
-- Check for working CXX compiler: /usr/bin/c++ -- works
-- Detecting CXX compiler ABI info
-- Detecting CXX compiler ABI info - done
-- Detecting CXX compile features
-- Detecting CXX compile features - done
-- Found ament_cmake: 1.1.4 (/home/jakeluo/Software/ros2_rolling/install/ament_cmake/share/ament_cmake/cmake)
-- Found Python3: /usr/bin/python3.8 (found version "3.8.10") found components: Interpreter 
-- Found rclcpp: 13.0.0 (/home/jakeluo/Software/ros2_rolling/install/rclcpp/share/rclcpp/cmake)
-- Using all available rosidl_typesupport_c: rosidl_typesupport_introspection_c;rosidl_typesupport_fastrtps_c
-- Found rosidl_adapter: 2.5.0 (/home/jakeluo/Software/ros2_rolling/install/rosidl_adapter/share/rosidl_adapter/cmake)
-- Using all available rosidl_typesupport_cpp: rosidl_typesupport_introspection_cpp;rosidl_typesupport_fastrtps_cpp
-- Found rmw_implementation_cmake: 5.0.0 (/home/jakeluo/Software/ros2_rolling/install/rmw_implementation_cmake/share/rmw_implementation_cmake/cmake)
-- Found rmw_cyclonedds_cpp: 0.24.0 (/home/jakeluo/Software/ros2_rolling/install/rmw_cyclonedds_cpp/share/rmw_cyclonedds_cpp/cmake)
-- Using RMW implementation 'rmw_cyclonedds_cpp' as default
-- Looking for pthread.h
-- Looking for pthread.h - found
-- Performing Test CMAKE_HAVE_LIBC_PTHREAD
-- Performing Test CMAKE_HAVE_LIBC_PTHREAD - Failed
-- Looking for pthread_create in pthreads
-- Looking for pthread_create in pthreads - not found
-- Looking for pthread_create in pthread
-- Looking for pthread_create in pthread - found
-- Found Threads: TRUE  
-- Found droneinterfaces: 0.0.0 (/home/jakeluo/Documents/MonitoringSystemRos2/install/droneinterfaces/share/droneinterfaces/cmake)
-- Found ament_lint_auto: 0.11.2 (/home/jakeluo/Software/ros2_rolling/install/ament_lint_auto/share/ament_lint_auto/cmake)
-- Added test 'copyright' to check source files copyright and LICENSE
-- Added test 'cppcheck' to perform static code analysis on C / C++ code
-- Configured cppcheck include dirs: $<BUILD_INTERFACE:/home/jakeluo/Documents/MonitoringSystemRos2/src/droneutility/include>
-- Configured cppcheck exclude dirs and/or files: 
-- Added test 'cpplint' to check C / C++ code against the Google style
-- Configured cpplint exclude dirs and/or files: 
-- Added test 'lint_cmake' to check CMake code style
-- Added test 'uncrustify' to check C / C++ code style
-- Configured uncrustify additional arguments: 
-- Added test 'xmllint' to check XML markup files
-- Configuring done
-- Generating done
-- Build files have been written to: /home/jakeluo/Documents/MonitoringSystemRos2/build/droneutility
[35m[1mScanning dependencies of target recv[0m
[35m[1mScanning dependencies of target dronemanager[0m
[35m[1mScanning dependencies of target send[0m
[35m[1mScanning dependencies of target drone[0m
[ 25%] [32mBuilding CXX object CMakeFiles/send.dir/src/send.cpp.o[0m
[ 25%] [32mBuilding CXX object CMakeFiles/recv.dir/src/recv.cpp.o[0m
[ 37%] [32mBuilding CXX object CMakeFiles/dronemanager.dir/src/droneManager.cpp.o[0m
[ 50%] [32mBuilding CXX object CMakeFiles/drone.dir/src/drone.cpp.o[0m
[ 62%] [32m[1mLinking CXX executable recv[0m
[ 75%] [32m[1mLinking CXX executable send[0m
[ 75%] Built target recv
[ 75%] Built target send
[ 87%] [32m[1mLinking CXX executable drone[0m
[ 87%] Built target drone
[100%] [32m[1mLinking CXX executable dronemanager[0m
[100%] Built target dronemanager
-- Install configuration: ""
-- Installing: /home/jakeluo/Documents/MonitoringSystemRos2/install/droneutility/lib/droneutility/recv
-- Installing: /home/jakeluo/Documents/MonitoringSystemRos2/install/droneutility/lib/droneutility/send
-- Installing: /home/jakeluo/Documents/MonitoringSystemRos2/install/droneutility/lib/droneutility/dronemanager
-- Set runtime path of "/home/jakeluo/Documents/MonitoringSystemRos2/install/droneutility/lib/droneutility/dronemanager" to ""
-- Installing: /home/jakeluo/Documents/MonitoringSystemRos2/install/droneutility/lib/droneutility/drone
-- Set runtime path of "/home/jakeluo/Documents/MonitoringSystemRos2/install/droneutility/lib/droneutility/drone" to ""
-- Installing: /home/jakeluo/Documents/MonitoringSystemRos2/install/droneutility/share/ament_index/resource_index/package_run_dependencies/droneutility
-- Installing: /home/jakeluo/Documents/MonitoringSystemRos2/install/droneutility/share/ament_index/resource_index/parent_prefix_path/droneutility
-- Installing: /home/jakeluo/Documents/MonitoringSystemRos2/install/droneutility/share/droneutility/environment/ament_prefix_path.sh
-- Installing: /home/jakeluo/Documents/MonitoringSystemRos2/install/droneutility/share/droneutility/environment/ament_prefix_path.dsv
-- Installing: /home/jakeluo/Documents/MonitoringSystemRos2/install/droneutility/share/droneutility/environment/path.sh
-- Installing: /home/jakeluo/Documents/MonitoringSystemRos2/install/droneutility/share/droneutility/environment/path.dsv
-- Installing: /home/jakeluo/Documents/MonitoringSystemRos2/install/droneutility/share/droneutility/local_setup.bash
-- Installing: /home/jakeluo/Documents/MonitoringSystemRos2/install/droneutility/share/droneutility/local_setup.sh
-- Installing: /home/jakeluo/Documents/MonitoringSystemRos2/install/droneutility/share/droneutility/local_setup.zsh
-- Installing: /home/jakeluo/Documents/MonitoringSystemRos2/install/droneutility/share/droneutility/local_setup.dsv
-- Installing: /home/jakeluo/Documents/MonitoringSystemRos2/install/droneutility/share/droneutility/package.dsv
-- Installing: /home/jakeluo/Documents/MonitoringSystemRos2/install/droneutility/share/ament_index/resource_index/packages/droneutility
-- Installing: /home/jakeluo/Documents/MonitoringSystemRos2/install/droneutility/share/droneutility/cmake/droneutilityConfig.cmake
-- Installing: /home/jakeluo/Documents/MonitoringSystemRos2/install/droneutility/share/droneutility/cmake/droneutilityConfig-version.cmake
-- Installing: /home/jakeluo/Documents/MonitoringSystemRos2/install/droneutility/share/droneutility/package.xml
