[0.037s] Invoking command in '/home/jakeluo/Documents/MonitoringSystemRos2/build/droneutility': CMAKE_PREFIX_PATH=${CMAKE_PREFIX_PATH}:/home/jakeluo/Software/ros2_rolling/install/rqt_bag_plugins:/home/jakeluo/Software/ros2_rolling/install/rqt_bag:/home/jakeluo/Software/ros2_rolling/install/ros2bag:/home/jakeluo/Software/ros2_rolling/install/tracetools_test:/home/jakeluo/Software/ros2_rolling/install/tracetools_launch:/home/jakeluo/Software/ros2_rolling/install/topic_monitor:/home/jakeluo/Software/ros2_rolling/install/tf2_tools:/home/jakeluo/Software/ros2_rolling/install/examples_tf2_py:/home/jakeluo/Software/ros2_rolling/install/tf2_ros_py:/home/jakeluo/Software/ros2_rolling/install/sros2:/home/jakeluo/Software/ros2_rolling/install/rqt_topic:/home/jakeluo/Software/ros2_rolling/install/rqt_top:/home/jakeluo/Software/ros2_rolling/install/rqt_srv:/home/jakeluo/Software/ros2_rolling/install/rqt_shell:/home/jakeluo/Software/ros2_rolling/install/rqt_service_caller:/home/jakeluo/Software/ros2_rolling/install/rqt_reconfigure:/home/jakeluo/Software/ros2_rolling/install/rqt_py_console:/home/jakeluo/Software/ros2_rolling/install/rqt_publisher:/home/jakeluo/Software/ros2_rolling/install/rqt_plot:/home/jakeluo/Software/ros2_rolling/install/rqt_action:/home/jakeluo/Software/ros2_rolling/install/rqt_msg:/home/jakeluo/Software/ros2_rolling/install/rqt_console:/home/jakeluo/Software/ros2_rolling/install/rqt:/home/jakeluo/Software/ros2_rolling/install/rqt_graph:/home/jakeluo/Software/ros2_rolling/install/rqt_gui_py:/home/jakeluo/Software/ros2_rolling/install/rqt_gui:/home/jakeluo/Software/ros2_rolling/install/ros2trace:/home/jakeluo/Software/ros2_rolling/install/ros2topic:/home/jakeluo/Software/ros2_rolling/install/ros2test:/home/jakeluo/Software/ros2_rolling/install/ros2component:/home/jakeluo/Software/ros2_rolling/install/ros2param:/home/jakeluo/Software/ros2_rolling/install/ros2lifecycle:/home/jakeluo/Software/ros2_rolling/install/ros2service:/home/jakeluo/Software/ros2_rolling/install/ros2run:/home/jakeluo/Software/ros2_rolling/install/ros2launch:/home/jakeluo/Software/ros2_rolling/install/ros2pkg:/home/jakeluo/Software/ros2_rolling/install/ros2node:/home/jakeluo/Software/ros2_rolling/install/ros2multicast:/home/jakeluo/Software/ros2_rolling/install/ros2interface:/home/jakeluo/Software/ros2_rolling/install/ros2doctor:/home/jakeluo/Software/ros2_rolling/install/ros2action:/home/jakeluo/Software/ros2_rolling/install/ros2cli:/home/jakeluo/Software/ros2_rolling/install/quality_of_service_demo_py:/home/jakeluo/Software/ros2_rolling/install/launch_testing_ros:/home/jakeluo/Software/ros2_rolling/install/launch_ros:/home/jakeluo/Software/ros2_rolling/install/examples_rclpy_pointcloud_publisher:/home/jakeluo/Software/ros2_rolling/install/examples_rclpy_minimal_subscriber:/home/jakeluo/Software/ros2_rolling/install/examples_rclpy_minimal_service:/home/jakeluo/Software/ros2_rolling/install/examples_rclpy_minimal_publisher:/home/jakeluo/Software/ros2_rolling/install/examples_rclpy_minimal_client:/home/jakeluo/Software/ros2_rolling/install/examples_rclpy_minimal_action_server:/home/jakeluo/Software/ros2_rolling/install/examples_rclpy_minimal_action_client:/home/jakeluo/Software/ros2_rolling/install/examples_rclpy_guard_conditions:/home/jakeluo/Software/ros2_rolling/install/examples_rclpy_executors:/home/jakeluo/Software/ros2_rolling/install/demo_nodes_py:/home/jakeluo/Software/ros2_rolling/install/action_tutorials_py:/home/jakeluo/Software/ros2_rolling/install/ament_uncrustify:/home/jakeluo/Software/ros2_rolling/install/tracetools_trace:/home/jakeluo/Software/ros2_rolling/install/tracetools_read:/home/jakeluo/Software/ros2_rolling/install/test_launch_ros:/home/jakeluo/Software/ros2_rolling/install/sensor_msgs_py:/home/jakeluo/Software/ros2_rolling/install/rpyutils:/home/jakeluo/Software/ros2_rolling/install/rosidl_runtime_py:/home/jakeluo/Software/ros2_rolling/install/rosidl_cli:/home/jakeluo/Software/ros2_rolling/install/launch_yaml:/home/jakeluo/Software/ros2_rolling/install/launch_xml:/home/jakeluo/Software/ros2_rolling/install/launch_testing:/home/jakeluo/Software/ros2_rolling/install/launch:/home/jakeluo/Software/ros2_rolling/install/osrf_pycommon:/home/jakeluo/Software/ros2_rolling/install/domain_coordinator:/home/jakeluo/Software/ros2_rolling/install/ament_xmllint:/home/jakeluo/Software/ros2_rolling/install/ament_pyflakes:/home/jakeluo/Software/ros2_rolling/install/ament_pycodestyle:/home/jakeluo/Software/ros2_rolling/install/ament_pep257:/home/jakeluo/Software/ros2_rolling/install/ament_pclint:/home/jakeluo/Software/ros2_rolling/install/ament_package:/home/jakeluo/Software/ros2_rolling/install/ament_mypy:/home/jakeluo/Software/ros2_rolling/install/ament_lint_cmake:/home/jakeluo/Software/ros2_rolling/install/ament_flake8:/home/jakeluo/Software/ros2_rolling/install/ament_copyright:/home/jakeluo/Software/ros2_rolling/install/ament_lint:/home/jakeluo/Software/ros2_rolling/install/ament_index_python:/home/jakeluo/Software/ros2_rolling/install/ament_cpplint:/home/jakeluo/Software/ros2_rolling/install/ament_cppcheck:/home/jakeluo/Software/ros2_rolling/install/ament_clang_tidy:/home/jakeluo/Software/ros2_rolling/install/ament_clang_format /usr/bin/cmake --build /home/jakeluo/Documents/MonitoringSystemRos2/build/droneutility -- -j12 -l12
[0.105s] -- Found ament_cmake: 1.1.4 (/home/jakeluo/Software/ros2_rolling/install/ament_cmake/share/ament_cmake/cmake)
[0.594s] -- Found rclcpp: 13.0.0 (/home/jakeluo/Software/ros2_rolling/install/rclcpp/share/rclcpp/cmake)
[0.797s] -- Using all available rosidl_typesupport_c: rosidl_typesupport_introspection_c;rosidl_typesupport_fastrtps_c
[0.831s] -- Found rosidl_adapter: 2.5.0 (/home/jakeluo/Software/ros2_rolling/install/rosidl_adapter/share/rosidl_adapter/cmake)
[0.980s] -- Using all available rosidl_typesupport_cpp: rosidl_typesupport_introspection_cpp;rosidl_typesupport_fastrtps_cpp
[1.113s] -- Found rmw_implementation_cmake: 5.0.0 (/home/jakeluo/Software/ros2_rolling/install/rmw_implementation_cmake/share/rmw_implementation_cmake/cmake)
[1.149s] -- Found rmw_cyclonedds_cpp: 0.24.0 (/home/jakeluo/Software/ros2_rolling/install/rmw_cyclonedds_cpp/share/rmw_cyclonedds_cpp/cmake)
[1.202s] -- Using RMW implementation 'rmw_cyclonedds_cpp' as default
[1.203s] -- Looking for pthread.h
[1.344s] -- Looking for pthread.h - found
[1.344s] -- Performing Test CMAKE_HAVE_LIBC_PTHREAD
[1.453s] -- Performing Test CMAKE_HAVE_LIBC_PTHREAD - Failed
[1.453s] -- Looking for pthread_create in pthreads
[1.551s] -- Looking for pthread_create in pthreads - not found
[1.551s] -- Looking for pthread_create in pthread
[1.655s] -- Looking for pthread_create in pthread - found
[1.656s] -- Found Threads: TRUE  
[1.825s] -- Found ament_lint_auto: 0.11.2 (/home/jakeluo/Software/ros2_rolling/install/ament_lint_auto/share/ament_lint_auto/cmake)
[1.964s] -- Added test 'copyright' to check source files copyright and LICENSE
[1.965s] -- Added test 'cppcheck' to perform static code analysis on C / C++ code
[1.966s] -- Configured cppcheck include dirs: $<BUILD_INTERFACE:/home/jakeluo/Documents/MonitoringSystemRos2/src/droneutility/include>
[1.966s] -- Configured cppcheck exclude dirs and/or files: 
[1.967s] -- Added test 'cpplint' to check C / C++ code against the Google style
[1.967s] -- Configured cpplint exclude dirs and/or files: 
[1.968s] -- Added test 'lint_cmake' to check CMake code style
[1.969s] -- Added test 'uncrustify' to check C / C++ code style
[1.969s] -- Configured uncrustify additional arguments: 
[1.969s] -- Added test 'xmllint' to check XML markup files
[1.973s] -- Configuring done
[1.982s] -- Generating done
[1.984s] -- Build files have been written to: /home/jakeluo/Documents/MonitoringSystemRos2/build/droneutility
[2.029s] [35m[1mScanning dependencies of target datamanager[0m
[2.029s] [35m[1mScanning dependencies of target recv[0m
[2.051s] [ 66%] Built target send
[2.052s] [ 66%] [32mBuilding CXX object CMakeFiles/datamanager.dir/src/dataManager.cpp.o[0m
[2.052s] [ 66%] [32mBuilding CXX object CMakeFiles/recv.dir/src/recv.cpp.o[0m
[2.083s] [01m[K/home/jakeluo/Documents/MonitoringSystemRos2/src/droneutility/src/dataManager.cpp:1:10:[m[K [01;31m[Kfatal error: [m[Krclcpp/rclcpp.hpp: 没有那个文件或目录
[2.083s]     1 | #include [01;31m[K"rclcpp/rclcpp.hpp"[m[K
[2.083s]       |          [01;31m[K^~~~~~~~~~~~~~~~~~~[m[K
[2.083s] compilation terminated.
[2.084s] make[2]: *** [CMakeFiles/datamanager.dir/build.make:63：CMakeFiles/datamanager.dir/src/dataManager.cpp.o] 错误 1
[2.084s] make[1]: *** [CMakeFiles/Makefile2:82：CMakeFiles/datamanager.dir/all] 错误 2
[2.084s] make[1]: *** 正在等待未完成的任务....
[2.273s] [ 83%] [32m[1mLinking CXX executable recv[0m
[2.359s] [ 83%] Built target recv
[2.360s] make: *** [Makefile:141：all] 错误 2
[2.362s] Invoked command in '/home/jakeluo/Documents/MonitoringSystemRos2/build/droneutility' returned '2': CMAKE_PREFIX_PATH=${CMAKE_PREFIX_PATH}:/home/jakeluo/Software/ros2_rolling/install/rqt_bag_plugins:/home/jakeluo/Software/ros2_rolling/install/rqt_bag:/home/jakeluo/Software/ros2_rolling/install/ros2bag:/home/jakeluo/Software/ros2_rolling/install/tracetools_test:/home/jakeluo/Software/ros2_rolling/install/tracetools_launch:/home/jakeluo/Software/ros2_rolling/install/topic_monitor:/home/jakeluo/Software/ros2_rolling/install/tf2_tools:/home/jakeluo/Software/ros2_rolling/install/examples_tf2_py:/home/jakeluo/Software/ros2_rolling/install/tf2_ros_py:/home/jakeluo/Software/ros2_rolling/install/sros2:/home/jakeluo/Software/ros2_rolling/install/rqt_topic:/home/jakeluo/Software/ros2_rolling/install/rqt_top:/home/jakeluo/Software/ros2_rolling/install/rqt_srv:/home/jakeluo/Software/ros2_rolling/install/rqt_shell:/home/jakeluo/Software/ros2_rolling/install/rqt_service_caller:/home/jakeluo/Software/ros2_rolling/install/rqt_reconfigure:/home/jakeluo/Software/ros2_rolling/install/rqt_py_console:/home/jakeluo/Software/ros2_rolling/install/rqt_publisher:/home/jakeluo/Software/ros2_rolling/install/rqt_plot:/home/jakeluo/Software/ros2_rolling/install/rqt_action:/home/jakeluo/Software/ros2_rolling/install/rqt_msg:/home/jakeluo/Software/ros2_rolling/install/rqt_console:/home/jakeluo/Software/ros2_rolling/install/rqt:/home/jakeluo/Software/ros2_rolling/install/rqt_graph:/home/jakeluo/Software/ros2_rolling/install/rqt_gui_py:/home/jakeluo/Software/ros2_rolling/install/rqt_gui:/home/jakeluo/Software/ros2_rolling/install/ros2trace:/home/jakeluo/Software/ros2_rolling/install/ros2topic:/home/jakeluo/Software/ros2_rolling/install/ros2test:/home/jakeluo/Software/ros2_rolling/install/ros2component:/home/jakeluo/Software/ros2_rolling/install/ros2param:/home/jakeluo/Software/ros2_rolling/install/ros2lifecycle:/home/jakeluo/Software/ros2_rolling/install/ros2service:/home/jakeluo/Software/ros2_rolling/install/ros2run:/home/jakeluo/Software/ros2_rolling/install/ros2launch:/home/jakeluo/Software/ros2_rolling/install/ros2pkg:/home/jakeluo/Software/ros2_rolling/install/ros2node:/home/jakeluo/Software/ros2_rolling/install/ros2multicast:/home/jakeluo/Software/ros2_rolling/install/ros2interface:/home/jakeluo/Software/ros2_rolling/install/ros2doctor:/home/jakeluo/Software/ros2_rolling/install/ros2action:/home/jakeluo/Software/ros2_rolling/install/ros2cli:/home/jakeluo/Software/ros2_rolling/install/quality_of_service_demo_py:/home/jakeluo/Software/ros2_rolling/install/launch_testing_ros:/home/jakeluo/Software/ros2_rolling/install/launch_ros:/home/jakeluo/Software/ros2_rolling/install/examples_rclpy_pointcloud_publisher:/home/jakeluo/Software/ros2_rolling/install/examples_rclpy_minimal_subscriber:/home/jakeluo/Software/ros2_rolling/install/examples_rclpy_minimal_service:/home/jakeluo/Software/ros2_rolling/install/examples_rclpy_minimal_publisher:/home/jakeluo/Software/ros2_rolling/install/examples_rclpy_minimal_client:/home/jakeluo/Software/ros2_rolling/install/examples_rclpy_minimal_action_server:/home/jakeluo/Software/ros2_rolling/install/examples_rclpy_minimal_action_client:/home/jakeluo/Software/ros2_rolling/install/examples_rclpy_guard_conditions:/home/jakeluo/Software/ros2_rolling/install/examples_rclpy_executors:/home/jakeluo/Software/ros2_rolling/install/demo_nodes_py:/home/jakeluo/Software/ros2_rolling/install/action_tutorials_py:/home/jakeluo/Software/ros2_rolling/install/ament_uncrustify:/home/jakeluo/Software/ros2_rolling/install/tracetools_trace:/home/jakeluo/Software/ros2_rolling/install/tracetools_read:/home/jakeluo/Software/ros2_rolling/install/test_launch_ros:/home/jakeluo/Software/ros2_rolling/install/sensor_msgs_py:/home/jakeluo/Software/ros2_rolling/install/rpyutils:/home/jakeluo/Software/ros2_rolling/install/rosidl_runtime_py:/home/jakeluo/Software/ros2_rolling/install/rosidl_cli:/home/jakeluo/Software/ros2_rolling/install/launch_yaml:/home/jakeluo/Software/ros2_rolling/install/launch_xml:/home/jakeluo/Software/ros2_rolling/install/launch_testing:/home/jakeluo/Software/ros2_rolling/install/launch:/home/jakeluo/Software/ros2_rolling/install/osrf_pycommon:/home/jakeluo/Software/ros2_rolling/install/domain_coordinator:/home/jakeluo/Software/ros2_rolling/install/ament_xmllint:/home/jakeluo/Software/ros2_rolling/install/ament_pyflakes:/home/jakeluo/Software/ros2_rolling/install/ament_pycodestyle:/home/jakeluo/Software/ros2_rolling/install/ament_pep257:/home/jakeluo/Software/ros2_rolling/install/ament_pclint:/home/jakeluo/Software/ros2_rolling/install/ament_package:/home/jakeluo/Software/ros2_rolling/install/ament_mypy:/home/jakeluo/Software/ros2_rolling/install/ament_lint_cmake:/home/jakeluo/Software/ros2_rolling/install/ament_flake8:/home/jakeluo/Software/ros2_rolling/install/ament_copyright:/home/jakeluo/Software/ros2_rolling/install/ament_lint:/home/jakeluo/Software/ros2_rolling/install/ament_index_python:/home/jakeluo/Software/ros2_rolling/install/ament_cpplint:/home/jakeluo/Software/ros2_rolling/install/ament_cppcheck:/home/jakeluo/Software/ros2_rolling/install/ament_clang_tidy:/home/jakeluo/Software/ros2_rolling/install/ament_clang_format /usr/bin/cmake --build /home/jakeluo/Documents/MonitoringSystemRos2/build/droneutility -- -j12 -l12
