-- Found ament_cmake: 1.1.4 (/home/jakeluo/Software/ros2_rolling/install/ament_cmake/share/ament_cmake/cmake)
-- Override CMake install command with custom implementation using symlinks instead of copying resources
-- Found rosidl_default_generators: 1.1.1 (/home/jakeluo/Software/ros2_rolling/install/rosidl_default_generators/share/rosidl_default_generators/cmake)
-- Using all available rosidl_typesupport_c: rosidl_typesupport_introspection_c;rosidl_typesupport_fastrtps_c
-- Found rosidl_adapter: 2.5.0 (/home/jakeluo/Software/ros2_rolling/install/rosidl_adapter/share/rosidl_adapter/cmake)
-- Using all available rosidl_typesupport_cpp: rosidl_typesupport_introspection_cpp;rosidl_typesupport_fastrtps_cpp
CMake Error at /home/jakeluo/Software/ros2_rolling/install/rosidl_adapter/share/rosidl_adapter/cmake/rosidl_adapt_interfaces.cmake:59 (message):
  execute_process(/usr/bin/python3.8 -m rosidl_adapter --package-name
  droneinterfaces --arguments-file
  /home/jakeluo/Documents/MonitoringSystemRos2/src/build/droneinterfaces/rosidl_adapter__arguments__droneinterfaces.json
  --output-dir
  /home/jakeluo/Documents/MonitoringSystemRos2/src/build/droneinterfaces/rosidl_adapter/droneinterfaces
  --output-file
  /home/jakeluo/Documents/MonitoringSystemRos2/src/build/droneinterfaces/rosidl_adapter/droneinterfaces.idls)
  returned error code 1:

  Error processing 'float32[16] TCW' of 'droneinterfaces/PositionArray':
  ''TCW' is an invalid field name.  It should have the pattern
  '^(?!.*__)(?!.*_$)[a-z][a-z0-9_]*$''

  Traceback (most recent call last):

    File "/usr/lib/python3.8/runpy.py", line 194, in _run_module_as_main
      return _run_code(code, main_globals, None,
    File "/usr/lib/python3.8/runpy.py", line 87, in _run_code
      exec(code, run_globals)
    File "/home/jakeluo/Software/ros2_rolling/install/rosidl_adapter/lib/python3.8/site-packages/rosidl_adapter/__main__.py", line 19, in <module>
      sys.exit(main())
    File "/home/jakeluo/Software/ros2_rolling/install/rosidl_adapter/lib/python3.8/site-packages/rosidl_adapter/main.py", line 53, in main
      abs_idl_file = convert_to_idl(
    File "/home/jakeluo/Software/ros2_rolling/install/rosidl_adapter/lib/python3.8/site-packages/rosidl_adapter/__init__.py", line 19, in convert_to_idl
      return convert_msg_to_idl(
    File "/home/jakeluo/Software/ros2_rolling/install/rosidl_adapter/lib/python3.8/site-packages/rosidl_adapter/msg/__init__.py", line 28, in convert_msg_to_idl
      msg = parse_message_string(package_name, input_file.stem, content)
    File "/home/jakeluo/Software/ros2_rolling/install/rosidl_adapter/lib/python3.8/site-packages/rosidl_adapter/parser.py", line 516, in parse_message_string
      fields.append(Field(
    File "/home/jakeluo/Software/ros2_rolling/install/rosidl_adapter/lib/python3.8/site-packages/rosidl_adapter/parser.py", line 354, in __init__
      raise NameError(

  NameError: 'TCW' is an invalid field name.  It should have the pattern
  '^(?!.*__)(?!.*_$)[a-z][a-z0-9_]*$'

Call Stack (most recent call first):
  /home/jakeluo/Software/ros2_rolling/install/rosidl_cmake/share/rosidl_cmake/cmake/rosidl_generate_interfaces.cmake:130 (rosidl_adapt_interfaces)
  CMakeLists.txt:15 (rosidl_generate_interfaces)


-- Configuring incomplete, errors occurred!
See also "/home/jakeluo/Documents/MonitoringSystemRos2/src/build/droneinterfaces/CMakeFiles/CMakeOutput.log".
make: *** [Makefile:2936：cmake_check_build_system] 错误 1
