[ 12%] [34m[1mAutomatic MOC and UIC for target gui[0m
[ 12%] Built target gui_autogen
[35m[1mScanning dependencies of target gui[0m
[ 25%] [32mBuilding CXX object CMakeFiles/gui.dir/src/planning.cpp.o[0m
[01m[K/home/jakeluo/Documents/MonitoringSystemRos2/src/qt/src/planning.cpp:[m[K In member function ‘[01m[Kstd::array<float, 4> Planning::getNewPosition(float, float, float, float, float, float, float)[m[K’:
[01m[K/home/jakeluo/Documents/MonitoringSystemRos2/src/qt/src/planning.cpp:77:105:[m[K [01;35m[Kwarning: [m[Kunused parameter ‘[01m[Kz1[m[K’ [[01;35m[K-Wunused-parameter[m[K]
   77 | float, 4UL> Planning::getNewPosition(float tx, float ty, float tz, float x1, float y1, [01;35m[Kfloat z1[m[K, float d)
      |                                                                                        [01;35m[K~~~~~~^~[m[K

[01m[K/home/jakeluo/Documents/MonitoringSystemRos2/src/qt/src/planning.cpp:[m[K In member function ‘[01m[Kstd::array<float, 5> Planning::getCircleIntersection(float, float, float, float, float, float)[m[K’:
[01m[K/home/jakeluo/Documents/MonitoringSystemRos2/src/qt/src/planning.cpp:75:1:[m[K [01;35m[Kwarning: [m[Kcontrol reaches end of non-void function [[01;35m[K-Wreturn-type[m[K]
   75 | [01;35m[K}[m[K
      | [01;35m[K^[m[K
[ 37%] [32m[1mLinking CXX executable gui[0m
[100%] Built target gui
-- Install configuration: "RelWithDebInfo"
-- Execute custom install script
-- Up-to-date symlink: /home/jakeluo/Documents/MonitoringSystemRos2/src/install/qt/lib/qt/gui
-- Up-to-date symlink: /home/jakeluo/Documents/MonitoringSystemRos2/src/install/qt/share/ament_index/resource_index/package_run_dependencies/qt
-- Up-to-date symlink: /home/jakeluo/Documents/MonitoringSystemRos2/src/install/qt/share/ament_index/resource_index/parent_prefix_path/qt
-- Up-to-date symlink: /home/jakeluo/Documents/MonitoringSystemRos2/src/install/qt/share/qt/environment/ament_prefix_path.sh
-- Up-to-date symlink: /home/jakeluo/Documents/MonitoringSystemRos2/src/install/qt/share/qt/environment/ament_prefix_path.dsv
-- Up-to-date symlink: /home/jakeluo/Documents/MonitoringSystemRos2/src/install/qt/share/qt/environment/path.sh
-- Up-to-date symlink: /home/jakeluo/Documents/MonitoringSystemRos2/src/install/qt/share/qt/environment/path.dsv
-- Up-to-date symlink: /home/jakeluo/Documents/MonitoringSystemRos2/src/install/qt/share/qt/local_setup.bash
-- Up-to-date symlink: /home/jakeluo/Documents/MonitoringSystemRos2/src/install/qt/share/qt/local_setup.sh
-- Up-to-date symlink: /home/jakeluo/Documents/MonitoringSystemRos2/src/install/qt/share/qt/local_setup.zsh
-- Up-to-date symlink: /home/jakeluo/Documents/MonitoringSystemRos2/src/install/qt/share/qt/local_setup.dsv
-- Symlinking: /home/jakeluo/Documents/MonitoringSystemRos2/src/install/qt/share/qt/package.dsv
-- Up-to-date symlink: /home/jakeluo/Documents/MonitoringSystemRos2/src/install/qt/share/ament_index/resource_index/packages/qt
-- Up-to-date symlink: /home/jakeluo/Documents/MonitoringSystemRos2/src/install/qt/share/qt/cmake/qtConfig.cmake
-- Up-to-date symlink: /home/jakeluo/Documents/MonitoringSystemRos2/src/install/qt/share/qt/cmake/qtConfig-version.cmake
-- Up-to-date symlink: /home/jakeluo/Documents/MonitoringSystemRos2/src/install/qt/share/qt/package.xml
