-- Found ament_cmake: 1.1.4 (/home/jakeluo/Software/ros2_rolling/install/ament_cmake/share/ament_cmake/cmake)
-- Found ament_lint_auto: 0.11.2 (/home/jakeluo/Software/ros2_rolling/install/ament_lint_auto/share/ament_lint_auto/cmake)
WARNING: Package name "3rd" does not follow the naming conventions. It should start with a lower case letter and only contain lower case letters, digits, underscores, and dashes.
-- Added test 'copyright' to check source files copyright and LICENSE
-- Added test 'cppcheck' to perform static code analysis on C / C++ code
-- Configured cppcheck include dirs: /home/jakeluo/Documents/MonitoringSystemRos2/src/3rd/include/3rd
-- Configured cppcheck exclude dirs and/or files: 
-- Added test 'cpplint' to check C / C++ code against the Google style
-- Configured cpplint exclude dirs and/or files: 
-- Added test 'lint_cmake' to check CMake code style
-- Added test 'uncrustify' to check C / C++ code style
-- Configured uncrustify additional arguments: 
-- Added test 'xmllint' to check XML markup files
-- Configuring done
-- Generating done
-- Build files have been written to: /home/jakeluo/Documents/MonitoringSystemRos2/src/build/3rd
[100%] Built target h264decoder
-- Install configuration: ""
-- Up-to-date: /home/jakeluo/Documents/MonitoringSystemRos2/src/install/3rd/share/3rd/environment/library_path.sh
-- Installing: /home/jakeluo/Documents/MonitoringSystemRos2/src/install/3rd/share/3rd/environment/library_path.dsv
-- Up-to-date: /home/jakeluo/Documents/MonitoringSystemRos2/src/install/3rd/lib/libh264decoder.a
-- Up-to-date: /home/jakeluo/Documents/MonitoringSystemRos2/src/install/3rd/share/ament_index/resource_index/package_run_dependencies/3rd
-- Up-to-date: /home/jakeluo/Documents/MonitoringSystemRos2/src/install/3rd/share/ament_index/resource_index/parent_prefix_path/3rd
-- Installing: /home/jakeluo/Documents/MonitoringSystemRos2/src/install/3rd/share/3rd/environment/ament_prefix_path.dsv
-- Installing: /home/jakeluo/Documents/MonitoringSystemRos2/src/install/3rd/share/3rd/environment/path.dsv
-- Up-to-date: /home/jakeluo/Documents/MonitoringSystemRos2/src/install/3rd/share/3rd/local_setup.bash
-- Up-to-date: /home/jakeluo/Documents/MonitoringSystemRos2/src/install/3rd/share/3rd/local_setup.sh
-- Up-to-date: /home/jakeluo/Documents/MonitoringSystemRos2/src/install/3rd/share/3rd/local_setup.zsh
-- Installing: /home/jakeluo/Documents/MonitoringSystemRos2/src/install/3rd/share/3rd/local_setup.dsv
-- Installing: /home/jakeluo/Documents/MonitoringSystemRos2/src/install/3rd/share/3rd/package.dsv
-- Up-to-date: /home/jakeluo/Documents/MonitoringSystemRos2/src/install/3rd/share/ament_index/resource_index/packages/3rd
-- Up-to-date: /home/jakeluo/Documents/MonitoringSystemRos2/src/install/3rd/share/3rd/cmake/h264decoderExport.cmake
-- Installing: /home/jakeluo/Documents/MonitoringSystemRos2/src/install/3rd/share/3rd/cmake/h264decoderExport-noconfig.cmake
-- Up-to-date: /home/jakeluo/Documents/MonitoringSystemRos2/src/install/3rd/share/3rd/cmake/ament_cmake_export_targets-extras.cmake
-- Up-to-date: /home/jakeluo/Documents/MonitoringSystemRos2/src/install/3rd/share/3rd/cmake/3rdConfig.cmake
-- Up-to-date: /home/jakeluo/Documents/MonitoringSystemRos2/src/install/3rd/share/3rd/cmake/3rdConfig-version.cmake
-- Up-to-date: /home/jakeluo/Documents/MonitoringSystemRos2/src/install/3rd/share/3rd/package.xml
