[35m[1mScanning dependencies of target send[0m
[ 75%] Built target recv
[ 75%] [32mBuilding CXX object CMakeFiles/send.dir/src/send.cpp.o[0m
[01m[K/home/jakeluo/Documents/MonitoringSystemRos2/src/droneutility/src/send.cpp:[m[K In function ‘[01m[Kint main(int, char**)[m[K’:
[01m[K/home/jakeluo/Documents/MonitoringSystemRos2/src/droneutility/src/send.cpp:12:14:[m[K [01;35m[Kwarning: [m[Kunused parameter ‘[01m[Kargc[m[K’ [[01;35m[K-Wunused-parameter[m[K]
   12 | int main([01;35m[Kint argc[m[K, char** argv)
      |          [01;35m[K~~~~^~~~[m[K
[100%] [32m[1mLinking CXX executable send[0m
[100%] Built target send
-- Install configuration: ""
-- Up-to-date: /home/jakeluo/Documents/MonitoringSystemRos2/install/droneutility/lib/droneutility/recv
-- Installing: /home/jakeluo/Documents/MonitoringSystemRos2/install/droneutility/lib/droneutility/send
-- Up-to-date: /home/jakeluo/Documents/MonitoringSystemRos2/install/droneutility/share/ament_index/resource_index/package_run_dependencies/droneutility
-- Up-to-date: /home/jakeluo/Documents/MonitoringSystemRos2/install/droneutility/share/ament_index/resource_index/parent_prefix_path/droneutility
-- Up-to-date: /home/jakeluo/Documents/MonitoringSystemRos2/install/droneutility/share/droneutility/environment/ament_prefix_path.dsv
-- Up-to-date: /home/jakeluo/Documents/MonitoringSystemRos2/install/droneutility/share/droneutility/environment/path.dsv
-- Up-to-date: /home/jakeluo/Documents/MonitoringSystemRos2/install/droneutility/share/droneutility/local_setup.bash
-- Up-to-date: /home/jakeluo/Documents/MonitoringSystemRos2/install/droneutility/share/droneutility/local_setup.sh
-- Up-to-date: /home/jakeluo/Documents/MonitoringSystemRos2/install/droneutility/share/droneutility/local_setup.zsh
-- Up-to-date: /home/jakeluo/Documents/MonitoringSystemRos2/install/droneutility/share/droneutility/local_setup.dsv
-- Installing: /home/jakeluo/Documents/MonitoringSystemRos2/install/droneutility/share/droneutility/package.dsv
-- Up-to-date: /home/jakeluo/Documents/MonitoringSystemRos2/install/droneutility/share/ament_index/resource_index/packages/droneutility
-- Up-to-date: /home/jakeluo/Documents/MonitoringSystemRos2/install/droneutility/share/droneutility/cmake/droneutilityConfig.cmake
-- Up-to-date: /home/jakeluo/Documents/MonitoringSystemRos2/install/droneutility/share/droneutility/cmake/droneutilityConfig-version.cmake
-- Up-to-date: /home/jakeluo/Documents/MonitoringSystemRos2/install/droneutility/share/droneutility/package.xml
