-- Found ament_cmake: 1.1.4 (/home/jakeluo/Software/ros2_rolling/install/ament_cmake/share/ament_cmake/cmake)
-- Override CMake install command with custom implementation using symlinks instead of copying resources
-- Found rclcpp: 13.0.0 (/home/jakeluo/Software/ros2_rolling/install/rclcpp/share/rclcpp/cmake)
-- Using all available rosidl_typesupport_c: rosidl_typesupport_introspection_c;rosidl_typesupport_fastrtps_c
-- Found rosidl_adapter: 2.5.0 (/home/jakeluo/Software/ros2_rolling/install/rosidl_adapter/share/rosidl_adapter/cmake)
-- Using all available rosidl_typesupport_cpp: rosidl_typesupport_introspection_cpp;rosidl_typesupport_fastrtps_cpp
-- Found rmw_implementation_cmake: 5.0.0 (/home/jakeluo/Software/ros2_rolling/install/rmw_implementation_cmake/share/rmw_implementation_cmake/cmake)
-- Found rmw_cyclonedds_cpp: 0.24.0 (/home/jakeluo/Software/ros2_rolling/install/rmw_cyclonedds_cpp/share/rmw_cyclonedds_cpp/cmake)
-- Using RMW implementation 'rmw_cyclonedds_cpp' as default
-- Found droneinterfaces: 0.0.0 (/home/jakeluo/Documents/MonitoringSystemRos2/src/install/droneinterfaces/share/droneinterfaces/cmake)
-- Found ament_lint_auto: 0.11.2 (/home/jakeluo/Software/ros2_rolling/install/ament_lint_auto/share/ament_lint_auto/cmake)
-- Added test 'copyright' to check source files copyright and LICENSE
-- Added test 'cppcheck' to perform static code analysis on C / C++ code
-- Configured cppcheck include dirs: /home/jakeluo/Documents/MonitoringSystemRos2/src/droneutility/include;$<BUILD_INTERFACE:/home/jakeluo/Documents/MonitoringSystemRos2/src/droneutility/include>
-- Configured cppcheck exclude dirs and/or files: 
-- Added test 'cpplint' to check C / C++ code against the Google style
-- Configured cpplint exclude dirs and/or files: 
-- Added test 'lint_cmake' to check CMake code style
-- Added test 'uncrustify' to check C / C++ code style
-- Configured uncrustify additional arguments: 
-- Added test 'xmllint' to check XML markup files
-- Configuring done
-- Generating done
-- Build files have been written to: /home/jakeluo/Documents/MonitoringSystemRos2/src/build/droneutility
[ 75%] [32m[1mLinking CXX executable drone[0m
[ 75%] Built target dronemanager
/usr/bin/ld: CMakeFiles/drone.dir/src/drone.cpp.o: in function `dronenamespace::Drone::Drone(char const*, char const*, char const*, char const*)':
/home/jakeluo/Documents/MonitoringSystemRos2/src/droneutility/src/drone.cpp:33: undefined reference to `ORB_SLAM2::System::System(std::__cxx11::basic_string<char, std::char_traits<char>, std::allocator<char> > const&, std::__cxx11::basic_string<char, std::char_traits<char>, std::allocator<char> > const&, ORB_SLAM2::System::eSensor, bool)'
/usr/bin/ld: CMakeFiles/drone.dir/src/drone.cpp.o: in function `pangolin::GlTexture::Reinitialise(int, int, int, bool, int, unsigned int, unsigned int, void*)':
/usr/local/include/pangolin/gl/gl.hpp:171: undefined reference to `glGenTextures'
/usr/bin/ld: CMakeFiles/drone.dir/src/drone.cpp.o: in function `pangolin::GlTexture::Bind() const':
/usr/local/include/pangolin/gl/gl.hpp:153: undefined reference to `glBindTexture'
/usr/bin/ld: CMakeFiles/drone.dir/src/drone.cpp.o: in function `pangolin::GlTexture::Reinitialise(int, int, int, bool, int, unsigned int, unsigned int, void*)':
/usr/local/include/pangolin/gl/gl.hpp:176: undefined reference to `glTexImage2D'
/usr/bin/ld: /usr/local/include/pangolin/gl/gl.hpp:179: undefined reference to `glTexParameteri'
/usr/bin/ld: /usr/local/include/pangolin/gl/gl.hpp:180: undefined reference to `glTexParameteri'
/usr/bin/ld: /usr/local/include/pangolin/gl/gl.hpp:186: undefined reference to `glTexParameteri'
/usr/bin/ld: /usr/local/include/pangolin/gl/gl.hpp:187: undefined reference to `glTexParameteri'
/usr/bin/ld: CMakeFiles/drone.dir/src/drone.cpp.o: in function `pangolin::_CheckGlDieOnError(char const*, int)':
/usr/local/include/pangolin/gl/glinclude.h:41: undefined reference to `glGetError'
/usr/bin/ld: CMakeFiles/drone.dir/src/drone.cpp.o: in function `pangolin::GlTexture::Reinitialise(int, int, int, bool, int, unsigned int, unsigned int, void*)':
/usr/local/include/pangolin/gl/gl.hpp:182: undefined reference to `glTexParameteri'
/usr/bin/ld: /usr/local/include/pangolin/gl/gl.hpp:183: undefined reference to `glTexParameteri'
/usr/bin/ld: /usr/local/include/pangolin/gl/gl.hpp:164: undefined reference to `glDeleteTextures'
/usr/bin/ld: CMakeFiles/drone.dir/src/drone.cpp.o: in function `pangolin::_CheckGlDieOnError(char const*, int)':
/usr/local/include/pangolin/gl/glinclude.h:43: undefined reference to `pangolin::glErrorString(unsigned int)'
/usr/bin/ld: CMakeFiles/drone.dir/src/drone.cpp.o: in function `pangolin::GlTexture::~GlTexture()':
/usr/local/include/pangolin/gl/gl.hpp:146: undefined reference to `pangolin::ShouldQuit()'
/usr/bin/ld: /usr/local/include/pangolin/gl/gl.hpp:147: undefined reference to `glDeleteTextures'
/usr/bin/ld: CMakeFiles/drone.dir/src/drone.cpp.o: in function `cv::String::~String()':
/usr/local/include/opencv2/core/cvstd.hpp:648: undefined reference to `cv::String::deallocate()'
/usr/bin/ld: /usr/local/include/opencv2/core/cvstd.hpp:648: undefined reference to `cv::String::deallocate()'
/usr/bin/ld: CMakeFiles/drone.dir/src/drone.cpp.o: in function `cv::String::operator=(cv::String const&)':
/usr/local/include/opencv2/core/cvstd.hpp:656: undefined reference to `cv::String::deallocate()'
/usr/bin/ld: CMakeFiles/drone.dir/src/drone.cpp.o: in function `pangolin::GlTexture::~GlTexture()':
/usr/local/include/pangolin/gl/gl.hpp:146: undefined reference to `pangolin::ShouldQuit()'
/usr/bin/ld: /usr/local/include/pangolin/gl/gl.hpp:147: undefined reference to `glDeleteTextures'
/usr/bin/ld: CMakeFiles/drone.dir/src/drone.cpp.o:(.data.rel+0x0): undefined reference to `vtable for pangolin::HandlerScroll'
/usr/bin/ld: CMakeFiles/drone.dir/src/drone.cpp.o:(.data.rel+0x8): undefined reference to `vtable for pangolin::Handler'
collect2: error: ld returned 1 exit status
make[2]: *** [CMakeFiles/drone.dir/build.make:137：drone] 错误 1
make[1]: *** [CMakeFiles/Makefile2:80：CMakeFiles/drone.dir/all] 错误 2
make: *** [Makefile:141：all] 错误 2
