[ 11%] [34m[1mAutomatic MOC and UIC for target gui[0m
[ 11%] Built target gui_autogen
[35m[1mScanning dependencies of target gui[0m
[ 22%] [32mBuilding CXX object CMakeFiles/gui.dir/src/targetPosition.cpp.o[0m
In file included from [01m[K/home/jakeluo/Documents/MonitoringSystemRos2/src/qt/src/targetPosition.cpp:1[m[K:
[01m[K/home/jakeluo/Documents/MonitoringSystemRos2/src/qt/include/targetPosition.h:1:[m[K [01;35m[Kwarning: [m[Kignoring #pragma   [[01;35m[K-Wunknown-pragmas[m[K]
    1 | #pragma
      | 
In file included from [01m[K/usr/local/include/eigen3/Eigen/Core:326[m[K,
                 from [01m[K/usr/local/include/eigen3/Eigen/Dense:1[m[K,
                 from [01m[K/home/jakeluo/Documents/MonitoringSystemRos2/src/qt/include/targetPosition.h:2[m[K,
                 from [01m[K/home/jakeluo/Documents/MonitoringSystemRos2/src/qt/src/targetPosition.cpp:1[m[K:
[01m[K/usr/local/include/eigen3/Eigen/src/Core/products/GeneralBlockPanelKernel.h:[m[K In member function ‘[01m[Kvoid Eigen::internal::gebp_kernel<LhsScalar, RhsScalar, Index, mr, nr, ConjugateLhs, ConjugateRhs>::operator()(Eigen::internal::gebp_kernel<LhsScalar, RhsScalar, Index, mr, nr, ConjugateLhs, ConjugateRhs>::ResScalar*, Index, const LhsScalar*, const RhsScalar*, Index, Index, Index, Eigen::internal::gebp_kernel<LhsScalar, RhsScalar, Index, mr, nr, ConjugateLhs, ConjugateRhs>::ResScalar, Index, Index, Index, Index, RhsScalar*)[m[K’:
[01m[K/usr/local/include/eigen3/Eigen/src/Core/products/GeneralBlockPanelKernel.h:574:9:[m[K [01;35m[Kwarning: [m[Kthis ‘[01m[Kif[m[K’ clause does not guard... [[01;35m[K-Wmisleading-indentation[m[K]
  574 |         [01;35m[Kif[m[K(nr==4) traits.initAcc(C3);
      |         [01;35m[K^~[m[K
[01m[K/usr/local/include/eigen3/Eigen/src/Core/products/GeneralBlockPanelKernel.h:575:19:[m[K [01;36m[Knote: [m[K...this statement, but the latter is misleadingly indented as if it were guarded by the ‘[01m[Kif[m[K’
  575 |                   [01;36m[Ktraits[m[K.initAcc(C4);
      |                   [01;36m[K^~~~~~[m[K
[01m[K/usr/local/include/eigen3/Eigen/src/Core/products/GeneralBlockPanelKernel.h:946:9:[m[K [01;35m[Kwarning: [m[Kthis ‘[01m[Kif[m[K’ clause does not guard... [[01;35m[K-Wmisleading-indentation[m[K]
  946 |         [01;35m[Kif[m[K(nr==4) R3 = ploadu<ResPacket>(r3);
      |         [01;35m[K^~[m[K
[01m[K/usr/local/include/eigen3/Eigen/src/Core/products/GeneralBlockPanelKernel.h:948:19:[m[K [01;36m[Knote: [m[K...this statement, but the latter is misleadingly indented as if it were guarded by the ‘[01m[Kif[m[K’
  948 |                   [01;36m[Ktraits[m[K.acc(C0, alphav, R0);
      |                   [01;36m[K^~~~~~[m[K
[01m[K/usr/local/include/eigen3/Eigen/src/Core/products/GeneralBlockPanelKernel.h:951:9:[m[K [01;35m[Kwarning: [m[Kthis ‘[01m[Kif[m[K’ clause does not guard... [[01;35m[K-Wmisleading-indentation[m[K]
  951 |         [01;35m[Kif[m[K(nr==4) traits.acc(C3, alphav, R3);
      |         [01;35m[K^~[m[K
[01m[K/usr/local/include/eigen3/Eigen/src/Core/products/GeneralBlockPanelKernel.h:953:19:[m[K [01;36m[Knote: [m[K...this statement, but the latter is misleadingly indented as if it were guarded by the ‘[01m[Kif[m[K’
  953 |                   [01;36m[Kpstoreu[m[K(r0, R0);
      |                   [01;36m[K^~~~~~~[m[K
[01m[K/home/jakeluo/Documents/MonitoringSystemRos2/src/qt/src/targetPosition.cpp:[m[K In member function ‘[01m[Kvoid TargetPosition::setTransformMatrix(std::array<float, 4>)[m[K’:
[01m[K/home/jakeluo/Documents/MonitoringSystemRos2/src/qt/src/targetPosition.cpp:13:11:[m[K [01;35m[Kwarning: [m[Kunused variable ‘[01m[Ktheta[m[K’ [[01;35m[K-Wunused-variable[m[K]
   13 |     float [01;35m[Ktheta[m[K = -location[3];
      |           [01;35m[K^~~~~[m[K
In file included from [01m[K/usr/local/include/eigen3/Eigen/Core:284[m[K,
                 from [01m[K/usr/local/include/eigen3/Eigen/Dense:1[m[K,
                 from [01m[K/home/jakeluo/Documents/MonitoringSystemRos2/src/qt/include/targetPosition.h:2[m[K,
                 from [01m[K/home/jakeluo/Documents/MonitoringSystemRos2/src/qt/src/targetPosition.cpp:1[m[K:
/usr/local/include/eigen3/Eigen/src/Core/Assign.h: In instantiation of ‘[01m[Kstruct Eigen::internal::assign_traits<Eigen::Matrix<float, 4, 1>, Eigen::CoeffBasedProduct<const Eigen::Matrix<float, 4, 4>&, const Eigen::Matrix<float, 4, 1>&, 6> >[m[K’:
[01m[K/usr/local/include/eigen3/Eigen/src/Core/Assign.h:506:64:[m[K   required from ‘[01m[KDerived& Eigen::DenseBase<Derived>::lazyAssign(const Eigen::DenseBase<OtherDerived>&) [with OtherDerived = Eigen::CoeffBasedProduct<const Eigen::Matrix<float, 4, 4>&, const Eigen::Matrix<float, 4, 1>&, 6>; Derived = Eigen::Matrix<float, 4, 1>][m[K’
[01m[K/usr/local/include/eigen3/Eigen/src/Core/PlainObjectBase.h:414:30:[m[K   required from ‘[01m[KDerived& Eigen::PlainObjectBase<Derived>::lazyAssign(const Eigen::DenseBase<OtherDerived>&) [with OtherDerived = Eigen::CoeffBasedProduct<const Eigen::Matrix<float, 4, 4>&, const Eigen::Matrix<float, 4, 1>&, 6>; Derived = Eigen::Matrix<float, 4, 1>][m[K’
[01m[K/usr/local/include/eigen3/Eigen/src/Core/products/CoeffBasedProduct.h:197:7:[m[K   required from ‘[01m[KEigen::CoeffBasedProduct<Lhs, Rhs, NestingFlags>::operator const PlainObject&() const [with LhsNested = const Eigen::Matrix<float, 4, 4>&; RhsNested = const Eigen::Matrix<float, 4, 1>&; int NestingFlags = 6; Eigen::CoeffBasedProduct<Lhs, Rhs, NestingFlags>::PlainObject = Eigen::Matrix<float, 4, 1>][m[K’
[01m[K/home/jakeluo/Documents/MonitoringSystemRos2/src/qt/src/targetPosition.cpp:42:12:[m[K   required from here
[01m[K/usr/local/include/eigen3/Eigen/src/Core/Assign.h:51:24:[m[K [01;35m[Kwarning: [m[Kenum constant in boolean context [[01;35m[K-Wint-in-bool-context[m[K]
   50 |     MayInnerVectorize  = [01;35m[KMightVectorize && int(InnerSize)!=Dynamic && int(InnerSize)%int(PacketSize)==0[m[K
      |                          [01;35m[K~~~~~~~~~~~~~~~~~~~~~~~~~~~~~~~~~~~~~~~~~~~~~~~~~~~~~~~~~~~~~~~~~~~~~~~~~~~~~~[m[K
   51 | [01;35m[K                       && int(DstIsAligned)[m[K && int(SrcIsAligned),
      |                        [01;35m[K^~~~~~~~~~~~~~~~~~~~[m[K
[01m[K/usr/local/include/eigen3/Eigen/src/Core/Assign.h:51:45:[m[K [01;35m[Kwarning: [m[Kenum constant in boolean context [[01;35m[K-Wint-in-bool-context[m[K]
   50 |     MayInnerVectorize  = [01;35m[KMightVectorize && int(InnerSize)!=Dynamic && int(InnerSize)%int(PacketSize)==0[m[K
      |                          [01;35m[K~~~~~~~~~~~~~~~~~~~~~~~~~~~~~~~~~~~~~~~~~~~~~~~~~~~~~~~~~~~~~~~~~~~~~~~~~~~~~~[m[K
   51 | [01;35m[K                       && int(DstIsAligned) && int(SrcIsAligned)[m[K,
      |                        [01;35m[K~~~~~~~~~~~~~~~~~~~~~^~~~~~~~~~~~~~~~~~~~[m[K
[01m[K/usr/local/include/eigen3/Eigen/src/Core/Assign.h:53:57:[m[K [01;35m[Kwarning: [m[Kenum constant in boolean context [[01;35m[K-Wint-in-bool-context[m[K]
   53 |     MayLinearVectorize = [01;35m[KMightVectorize && MayLinearize && DstHasDirectAccess[m[K
      |                          [01;35m[K~~~~~~~~~~~~~~~~~~~~~~~~~~~~~~~^~~~~~~~~~~~~~~~~~~~~[m[K
[01m[K/usr/local/include/eigen3/Eigen/src/Core/Assign.h:54:41:[m[K [01;35m[Kwarning: [m[Kenum constant in boolean context [[01;35m[K-Wint-in-bool-context[m[K]
   54 |                        && [01;35m[K(DstIsAligned || MaxSizeAtCompileTime == Dynamic)[m[K,
      |                           [01;35m[K~~~~~~~~~~~~~~^~~~~~~~~~~~~~~~~~~~~~~~~~~~~~~~~~~[m[K
[01m[K/usr/local/include/eigen3/Eigen/src/Core/Assign.h:57:41:[m[K [01;35m[Kwarning: [m[Kenum constant in boolean context [[01;35m[K-Wint-in-bool-context[m[K]
   57 |     MaySliceVectorize  = [01;35m[KMightVectorize && DstHasDirectAccess[m[K
      |                          [01;35m[K~~~~~~~~~~~~~~~^~~~~~~~~~~~~~~~~~~~~[m[K
[01m[K/usr/local/include/eigen3/Eigen/src/Core/Assign.h:96:50:[m[K [01;35m[Kwarning: [m[Kenum constant in boolean context [[01;35m[K-Wint-in-bool-context[m[K]
   96 |                 ? ( bool(MayUnrollCompletely) && [01;35m[Kbool(DstIsAligned)[m[K ? int(CompleteUnrolling) : int(NoUnrolling) )
      |                                                  [01;35m[K^~~~~~~~~~~~~~~~~~[m[K
/usr/local/include/eigen3/Eigen/src/Core/Assign.h: In instantiation of ‘[01m[Kstruct Eigen::internal::assign_traits<Eigen::Matrix<float, 3, 3>, Eigen::CoeffBasedProduct<const Eigen::Matrix<float, 3, 3>&, const Eigen::Matrix<float, 3, 3>&, 6> >[m[K’:
[01m[K/usr/local/include/eigen3/Eigen/src/Core/Assign.h:506:64:[m[K   required from ‘[01m[KDerived& Eigen::DenseBase<Derived>::lazyAssign(const Eigen::DenseBase<OtherDerived>&) [with OtherDerived = Eigen::CoeffBasedProduct<const Eigen::Matrix<float, 3, 3>&, const Eigen::Matrix<float, 3, 3>&, 6>; Derived = Eigen::Matrix<float, 3, 3>][m[K’
[01m[K/usr/local/include/eigen3/Eigen/src/Core/PlainObjectBase.h:414:30:[m[K   required from ‘[01m[KDerived& Eigen::PlainObjectBase<Derived>::lazyAssign(const Eigen::DenseBase<OtherDerived>&) [with OtherDerived = Eigen::CoeffBasedProduct<const Eigen::Matrix<float, 3, 3>&, const Eigen::Matrix<float, 3, 3>&, 6>; Derived = Eigen::Matrix<float, 3, 3>][m[K’
[01m[K/usr/local/include/eigen3/Eigen/src/Core/products/CoeffBasedProduct.h:197:7:[m[K   required from ‘[01m[KEigen::CoeffBasedProduct<Lhs, Rhs, NestingFlags>::operator const PlainObject&() const [with LhsNested = const Eigen::Matrix<float, 3, 3>&; RhsNested = const Eigen::Matrix<float, 3, 3>&; int NestingFlags = 6; Eigen::CoeffBasedProduct<Lhs, Rhs, NestingFlags>::PlainObject = Eigen::Matrix<float, 3, 3>][m[K’
[01m[K/usr/local/include/eigen3/Eigen/src/Core/products/CoeffBasedProduct.h:150:30:[m[K   required from ‘[01m[KEigen::CoeffBasedProduct<Lhs, Rhs, NestingFlags>::CoeffBasedProduct(const Lhs&, const Rhs&) [with Lhs = Eigen::CoeffBasedProduct<const Eigen::Matrix<float, 3, 3>&, const Eigen::Matrix<float, 3, 3>&, 6>; Rhs = Eigen::Matrix<float, 3, 3>; LhsNested = const Eigen::Matrix<float, 3, 3>&; RhsNested = const Eigen::Matrix<float, 3, 3>&; int NestingFlags = 6][m[K’
[01m[K/usr/local/include/eigen3/Eigen/src/Core/GeneralProduct.h:593:60:[m[K   required from ‘[01m[Kconst typename Eigen::ProductReturnType<Derived, OtherDerived>::Type Eigen::MatrixBase<Derived>::operator*(const Eigen::MatrixBase<OtherDerived>&) const [with OtherDerived = Eigen::Matrix<float, 3, 3>; Derived = Eigen::CoeffBasedProduct<const Eigen::Matrix<float, 3, 3>&, const Eigen::Matrix<float, 3, 3>&, 6>; typename Eigen::ProductReturnType<Derived, OtherDerived>::Type = Eigen::CoeffBasedProduct<const Eigen::Matrix<float, 3, 3>&, const Eigen::Matrix<float, 3, 3>&, 6>][m[K’
[01m[K/home/jakeluo/Documents/MonitoringSystemRos2/src/qt/src/targetPosition.cpp:16:53:[m[K   required from here
[01m[K/usr/local/include/eigen3/Eigen/src/Core/Assign.h:53:57:[m[K [01;35m[Kwarning: [m[Kenum constant in boolean context [[01;35m[K-Wint-in-bool-context[m[K]
   53 |     MayLinearVectorize = [01;35m[KMightVectorize && MayLinearize && DstHasDirectAccess[m[K
      |                          [01;35m[K~~~~~~~~~~~~~~~~~~~~~~~~~~~~~~~^~~~~~~~~~~~~~~~~~~~~[m[K
[01m[K/usr/local/include/eigen3/Eigen/src/Core/Assign.h:57:41:[m[K [01;35m[Kwarning: [m[Kenum constant in boolean context [[01;35m[K-Wint-in-bool-context[m[K]
   57 |     MaySliceVectorize  = [01;35m[KMightVectorize && DstHasDirectAccess[m[K
      |                          [01;35m[K~~~~~~~~~~~~~~~^~~~~~~~~~~~~~~~~~~~~[m[K
/usr/local/include/eigen3/Eigen/src/Core/Assign.h: In instantiation of ‘[01m[Kstruct Eigen::internal::assign_traits<Eigen::Matrix<float, 4, 1>, Eigen::Matrix<float, 4, 1> >[m[K’:
[01m[K/usr/local/include/eigen3/Eigen/src/Core/Assign.h:506:64:[m[K   required from ‘[01m[KDerived& Eigen::DenseBase<Derived>::lazyAssign(const Eigen::DenseBase<OtherDerived>&) [with OtherDerived = Eigen::Matrix<float, 4, 1>; Derived = Eigen::Matrix<float, 4, 1>][m[K’
[01m[K/usr/local/include/eigen3/Eigen/src/Core/PlainObjectBase.h:414:30:[m[K   required from ‘[01m[KDerived& Eigen::PlainObjectBase<Derived>::lazyAssign(const Eigen::DenseBase<OtherDerived>&) [with OtherDerived = Eigen::Matrix<float, 4, 1>; Derived = Eigen::Matrix<float, 4, 1>][m[K’
[01m[K/usr/local/include/eigen3/Eigen/src/Core/Assign.h:527:123:[m[K   required from ‘[01m[Kstatic Derived& Eigen::internal::assign_selector<Derived, OtherDerived, false, false>::run(Derived&, const OtherDerived&) [with Derived = Eigen::Matrix<float, 4, 1>; OtherDerived = Eigen::Matrix<float, 4, 1>][m[K’
[01m[K/usr/local/include/eigen3/Eigen/src/Core/PlainObjectBase.h:653:72:[m[K   required from ‘[01m[KDerived& Eigen::PlainObjectBase<Derived>::_set_noalias(const Eigen::DenseBase<OtherDerived>&) [with OtherDerived = Eigen::Matrix<float, 4, 1>; Derived = Eigen::Matrix<float, 4, 1>][m[K’
[01m[K/usr/local/include/eigen3/Eigen/src/Core/Matrix.h:303:25:[m[K   required from ‘[01m[KEigen::Matrix<_Scalar, _Rows, _Cols, _Options, _MaxRows, _MaxCols>::Matrix(const Eigen::Matrix<_Scalar, _Rows, _Cols, _Options, _MaxRows, _MaxCols>&) [with _Scalar = float; int _Rows = 4; int _Cols = 1; int _Options = 0; int _MaxRows = 4; int _MaxCols = 1][m[K’
[01m[K/home/jakeluo/Documents/MonitoringSystemRos2/src/qt/src/targetPosition.cpp:42:12:[m[K   required from here
[01m[K/usr/local/include/eigen3/Eigen/src/Core/Assign.h:51:24:[m[K [01;35m[Kwarning: [m[Kenum constant in boolean context [[01;35m[K-Wint-in-bool-context[m[K]
   50 |     MayInnerVectorize  = [01;35m[KMightVectorize && int(InnerSize)!=Dynamic && int(InnerSize)%int(PacketSize)==0[m[K
      |                          [01;35m[K~~~~~~~~~~~~~~~~~~~~~~~~~~~~~~~~~~~~~~~~~~~~~~~~~~~~~~~~~~~~~~~~~~~~~~~~~~~~~~[m[K
   51 | [01;35m[K                       && int(DstIsAligned)[m[K && int(SrcIsAligned),
      |                        [01;35m[K^~~~~~~~~~~~~~~~~~~~[m[K
[01m[K/usr/local/include/eigen3/Eigen/src/Core/Assign.h:51:45:[m[K [01;35m[Kwarning: [m[Kenum constant in boolean context [[01;35m[K-Wint-in-bool-context[m[K]
   50 |     MayInnerVectorize  = [01;35m[KMightVectorize && int(InnerSize)!=Dynamic && int(InnerSize)%int(PacketSize)==0[m[K
      |                          [01;35m[K~~~~~~~~~~~~~~~~~~~~~~~~~~~~~~~~~~~~~~~~~~~~~~~~~~~~~~~~~~~~~~~~~~~~~~~~~~~~~~[m[K
   51 | [01;35m[K                       && int(DstIsAligned) && int(SrcIsAligned)[m[K,
      |                        [01;35m[K~~~~~~~~~~~~~~~~~~~~~^~~~~~~~~~~~~~~~~~~~[m[K
[01m[K/usr/local/include/eigen3/Eigen/src/Core/Assign.h:53:57:[m[K [01;35m[Kwarning: [m[Kenum constant in boolean context [[01;35m[K-Wint-in-bool-context[m[K]
   53 |     MayLinearVectorize = [01;35m[KMightVectorize && MayLinearize && DstHasDirectAccess[m[K
      |                          [01;35m[K~~~~~~~~~~~~~~~~~~~~~~~~~~~~~~~^~~~~~~~~~~~~~~~~~~~~[m[K
[01m[K/usr/local/include/eigen3/Eigen/src/Core/Assign.h:54:41:[m[K [01;35m[Kwarning: [m[Kenum constant in boolean context [[01;35m[K-Wint-in-bool-context[m[K]
   54 |                        && [01;35m[K(DstIsAligned || MaxSizeAtCompileTime == Dynamic)[m[K,
      |                           [01;35m[K~~~~~~~~~~~~~~^~~~~~~~~~~~~~~~~~~~~~~~~~~~~~~~~~~[m[K
[01m[K/usr/local/include/eigen3/Eigen/src/Core/Assign.h:57:41:[m[K [01;35m[Kwarning: [m[Kenum constant in boolean context [[01;35m[K-Wint-in-bool-context[m[K]
   57 |     MaySliceVectorize  = [01;35m[KMightVectorize && DstHasDirectAccess[m[K
      |                          [01;35m[K~~~~~~~~~~~~~~~^~~~~~~~~~~~~~~~~~~~~[m[K
[01m[K/usr/local/include/eigen3/Eigen/src/Core/Assign.h:96:50:[m[K [01;35m[Kwarning: [m[Kenum constant in boolean context [[01;35m[K-Wint-in-bool-context[m[K]
   96 |                 ? ( bool(MayUnrollCompletely) && [01;35m[Kbool(DstIsAligned)[m[K ? int(CompleteUnrolling) : int(NoUnrolling) )
      |                                                  [01;35m[K^~~~~~~~~~~~~~~~~~[m[K
/usr/local/include/eigen3/Eigen/src/Core/Assign.h: In instantiation of ‘[01m[Kstruct Eigen::internal::assign_traits<Eigen::Matrix<float, 3, 3>, Eigen::Matrix<float, 3, 3> >[m[K’:
[01m[K/usr/local/include/eigen3/Eigen/src/Core/Assign.h:506:64:[m[K   required from ‘[01m[KDerived& Eigen::DenseBase<Derived>::lazyAssign(const Eigen::DenseBase<OtherDerived>&) [with OtherDerived = Eigen::Matrix<float, 3, 3>; Derived = Eigen::Matrix<float, 3, 3>][m[K’
[01m[K/usr/local/include/eigen3/Eigen/src/Core/PlainObjectBase.h:414:30:[m[K   required from ‘[01m[KDerived& Eigen::PlainObjectBase<Derived>::lazyAssign(const Eigen::DenseBase<OtherDerived>&) [with OtherDerived = Eigen::Matrix<float, 3, 3>; Derived = Eigen::Matrix<float, 3, 3>][m[K’
[01m[K/usr/local/include/eigen3/Eigen/src/Core/Assign.h:527:123:[m[K   required from ‘[01m[Kstatic Derived& Eigen::internal::assign_selector<Derived, OtherDerived, false, false>::run(Derived&, const OtherDerived&) [with Derived = Eigen::Matrix<float, 3, 3>; OtherDerived = Eigen::Matrix<float, 3, 3>][m[K’
[01m[K/usr/local/include/eigen3/Eigen/src/Core/PlainObjectBase.h:653:72:[m[K   required from ‘[01m[KDerived& Eigen::PlainObjectBase<Derived>::_set_noalias(const Eigen::DenseBase<OtherDerived>&) [with OtherDerived = Eigen::Matrix<float, 3, 3>; Derived = Eigen::Matrix<float, 3, 3>][m[K’
[01m[K/usr/local/include/eigen3/Eigen/src/Core/Matrix.h:220:27:[m[K   required from ‘[01m[KEigen::Matrix<_Scalar, _Rows, _Cols, _Options, _MaxRows, _MaxCols>::Matrix(Eigen::Matrix<_Scalar, _Rows, _Cols, _Options, _MaxRows, _MaxCols>&&) [with _Scalar = float; int _Rows = 3; int _Cols = 3; int _Options = 0; int _MaxRows = 3; int _MaxCols = 3][m[K’
[01m[K/home/jakeluo/Documents/MonitoringSystemRos2/src/qt/src/targetPosition.cpp:51:12:[m[K   required from here
[01m[K/usr/local/include/eigen3/Eigen/src/Core/Assign.h:53:57:[m[K [01;35m[Kwarning: [m[Kenum constant in boolean context [[01;35m[K-Wint-in-bool-context[m[K]
   53 |     MayLinearVectorize = [01;35m[KMightVectorize && MayLinearize && DstHasDirectAccess[m[K
      |                          [01;35m[K~~~~~~~~~~~~~~~~~~~~~~~~~~~~~~~^~~~~~~~~~~~~~~~~~~~~[m[K
[01m[K/usr/local/include/eigen3/Eigen/src/Core/Assign.h:57:41:[m[K [01;35m[Kwarning: [m[Kenum constant in boolean context [[01;35m[K-Wint-in-bool-context[m[K]
   57 |     MaySliceVectorize  = [01;35m[KMightVectorize && DstHasDirectAccess[m[K
      |                          [01;35m[K~~~~~~~~~~~~~~~^~~~~~~~~~~~~~~~~~~~~[m[K
/usr/local/include/eigen3/Eigen/src/Core/Assign.h: In instantiation of ‘[01m[Kstruct Eigen::internal::assign_traits<Eigen::Matrix<float, 4, 4>, Eigen::Matrix<float, 4, 4> >[m[K’:
[01m[K/usr/local/include/eigen3/Eigen/src/Core/Assign.h:506:64:[m[K   required from ‘[01m[KDerived& Eigen::DenseBase<Derived>::lazyAssign(const Eigen::DenseBase<OtherDerived>&) [with OtherDerived = Eigen::Matrix<float, 4, 4>; Derived = Eigen::Matrix<float, 4, 4>][m[K’
[01m[K/usr/local/include/eigen3/Eigen/src/Core/PlainObjectBase.h:414:30:[m[K   required from ‘[01m[KDerived& Eigen::PlainObjectBase<Derived>::lazyAssign(const Eigen::DenseBase<OtherDerived>&) [with OtherDerived = Eigen::Matrix<float, 4, 4>; Derived = Eigen::Matrix<float, 4, 4>][m[K’
[01m[K/usr/local/include/eigen3/Eigen/src/Core/Assign.h:527:123:[m[K   required from ‘[01m[Kstatic Derived& Eigen::internal::assign_selector<Derived, OtherDerived, false, false>::run(Derived&, const OtherDerived&) [with Derived = Eigen::Matrix<float, 4, 4>; OtherDerived = Eigen::Matrix<float, 4, 4>][m[K’
[01m[K/usr/local/include/eigen3/Eigen/src/Core/PlainObjectBase.h:653:72:[m[K   required from ‘[01m[KDerived& Eigen::PlainObjectBase<Derived>::_set_noalias(const Eigen::DenseBase<OtherDerived>&) [with OtherDerived = Eigen::Matrix<float, 4, 4>; Derived = Eigen::Matrix<float, 4, 4>][m[K’
[01m[K/usr/local/include/eigen3/Eigen/src/Core/PlainObjectBase.h:638:102:[m[K   required from ‘[01m[Kvoid Eigen::PlainObjectBase<Derived>::_set_selector(const OtherDerived&, const Eigen::internal::false_type&) [with OtherDerived = Eigen::Matrix<float, 4, 4>; Derived = Eigen::Matrix<float, 4, 4>][m[K’
[01m[K/usr/local/include/eigen3/Eigen/src/Core/PlainObjectBase.h:630:7:[m[K   required from ‘[01m[KDerived& Eigen::PlainObjectBase<Derived>::_set(const Eigen::DenseBase<OtherDerived>&) [with OtherDerived = Eigen::Matrix<float, 4, 4>; Derived = Eigen::Matrix<float, 4, 4>][m[K’
[01m[K/usr/local/include/eigen3/Eigen/src/Core/Matrix.h:156:24:[m[K   required from ‘[01m[KEigen::Matrix<_Scalar, _Rows, _Cols, _Options, _MaxRows, _MaxCols>& Eigen::Matrix<_Scalar, _Rows, _Cols, _Options, _MaxRows, _MaxCols>::operator=(const Eigen::Matrix<_Scalar, _Rows, _Cols, _Options, _MaxRows, _MaxCols>&) [with _Scalar = float; int _Rows = 4; int _Cols = 4; int _Options = 0; int _MaxRows = 4; int _MaxCols = 4][m[K’
[01m[K/home/jakeluo/Documents/MonitoringSystemRos2/src/qt/src/targetPosition.cpp:5:23:[m[K   required from here
[01m[K/usr/local/include/eigen3/Eigen/src/Core/Assign.h:51:24:[m[K [01;35m[Kwarning: [m[Kenum constant in boolean context [[01;35m[K-Wint-in-bool-context[m[K]
   50 |     MayInnerVectorize  = [01;35m[KMightVectorize && int(InnerSize)!=Dynamic && int(InnerSize)%int(PacketSize)==0[m[K
      |                          [01;35m[K~~~~~~~~~~~~~~~~~~~~~~~~~~~~~~~~~~~~~~~~~~~~~~~~~~~~~~~~~~~~~~~~~~~~~~~~~~~~~~[m[K
   51 | [01;35m[K                       && int(DstIsAligned)[m[K && int(SrcIsAligned),
      |                        [01;35m[K^~~~~~~~~~~~~~~~~~~~[m[K
[01m[K/usr/local/include/eigen3/Eigen/src/Core/Assign.h:51:45:[m[K [01;35m[Kwarning: [m[Kenum constant in boolean context [[01;35m[K-Wint-in-bool-context[m[K]
   50 |     MayInnerVectorize  = [01;35m[KMightVectorize && int(InnerSize)!=Dynamic && int(InnerSize)%int(PacketSize)==0[m[K
      |                          [01;35m[K~~~~~~~~~~~~~~~~~~~~~~~~~~~~~~~~~~~~~~~~~~~~~~~~~~~~~~~~~~~~~~~~~~~~~~~~~~~~~~[m[K
   51 | [01;35m[K                       && int(DstIsAligned) && int(SrcIsAligned)[m[K,
      |                        [01;35m[K~~~~~~~~~~~~~~~~~~~~~^~~~~~~~~~~~~~~~~~~~[m[K
[01m[K/usr/local/include/eigen3/Eigen/src/Core/Assign.h:53:57:[m[K [01;35m[Kwarning: [m[Kenum constant in boolean context [[01;35m[K-Wint-in-bool-context[m[K]
   53 |     MayLinearVectorize = [01;35m[KMightVectorize && MayLinearize && DstHasDirectAccess[m[K
      |                          [01;35m[K~~~~~~~~~~~~~~~~~~~~~~~~~~~~~~~^~~~~~~~~~~~~~~~~~~~~[m[K
[01m[K/usr/local/include/eigen3/Eigen/src/Core/Assign.h:54:41:[m[K [01;35m[Kwarning: [m[Kenum constant in boolean context [[01;35m[K-Wint-in-bool-context[m[K]
   54 |                        && [01;35m[K(DstIsAligned || MaxSizeAtCompileTime == Dynamic)[m[K,
      |                           [01;35m[K~~~~~~~~~~~~~~^~~~~~~~~~~~~~~~~~~~~~~~~~~~~~~~~~~[m[K
[01m[K/usr/local/include/eigen3/Eigen/src/Core/Assign.h:57:41:[m[K [01;35m[Kwarning: [m[Kenum constant in boolean context [[01;35m[K-Wint-in-bool-context[m[K]
   57 |     MaySliceVectorize  = [01;35m[KMightVectorize && DstHasDirectAccess[m[K
      |                          [01;35m[K~~~~~~~~~~~~~~~^~~~~~~~~~~~~~~~~~~~~[m[K
[01m[K/usr/local/include/eigen3/Eigen/src/Core/Assign.h:96:50:[m[K [01;35m[Kwarning: [m[Kenum constant in boolean context [[01;35m[K-Wint-in-bool-context[m[K]
   96 |                 ? ( bool(MayUnrollCompletely) && [01;35m[Kbool(DstIsAligned)[m[K ? int(CompleteUnrolling) : int(NoUnrolling) )
      |                                                  [01;35m[K^~~~~~~~~~~~~~~~~~[m[K
/usr/local/include/eigen3/Eigen/src/Core/Assign.h: In instantiation of ‘[01m[Kstruct Eigen::internal::assign_traits<Eigen::Matrix<float, 4, 4>, Eigen::CoeffBasedProduct<const Eigen::Matrix<float, 4, 4>&, const Eigen::Matrix<float, 4, 4>&, 6> >[m[K’:
[01m[K/usr/local/include/eigen3/Eigen/src/Core/Assign.h:506:64:[m[K   required from ‘[01m[KDerived& Eigen::DenseBase<Derived>::lazyAssign(const Eigen::DenseBase<OtherDerived>&) [with OtherDerived = Eigen::CoeffBasedProduct<const Eigen::Matrix<float, 4, 4>&, const Eigen::Matrix<float, 4, 4>&, 6>; Derived = Eigen::Matrix<float, 4, 4>][m[K’
[01m[K/usr/local/include/eigen3/Eigen/src/Core/PlainObjectBase.h:414:30:[m[K   required from ‘[01m[KDerived& Eigen::PlainObjectBase<Derived>::lazyAssign(const Eigen::DenseBase<OtherDerived>&) [with OtherDerived = Eigen::CoeffBasedProduct<const Eigen::Matrix<float, 4, 4>&, const Eigen::Matrix<float, 4, 4>&, 6>; Derived = Eigen::Matrix<float, 4, 4>][m[K’
[01m[K/usr/local/include/eigen3/Eigen/src/Core/Assign.h:527:123:[m[K   required from ‘[01m[Kstatic Derived& Eigen::internal::assign_selector<Derived, OtherDerived, false, false>::run(Derived&, const OtherDerived&) [with Derived = Eigen::Matrix<float, 4, 4>; OtherDerived = Eigen::CoeffBasedProduct<const Eigen::Matrix<float, 4, 4>&, const Eigen::Matrix<float, 4, 4>&, 6>][m[K’
[01m[K/usr/local/include/eigen3/Eigen/src/Core/PlainObjectBase.h:653:72:[m[K   required from ‘[01m[KDerived& Eigen::PlainObjectBase<Derived>::_set_noalias(const Eigen::DenseBase<OtherDerived>&) [with OtherDerived = Eigen::CoeffBasedProduct<const Eigen::Matrix<float, 4, 4>&, const Eigen::Matrix<float, 4, 4>&, 6>; Derived = Eigen::Matrix<float, 4, 4>][m[K’
[01m[K/usr/local/include/eigen3/Eigen/src/Core/Matrix.h:296:25:[m[K   required from ‘[01m[KEigen::Matrix<_Scalar, _Rows, _Cols, _Options, _MaxRows, _MaxCols>::Matrix(const Eigen::MatrixBase<OtherDerived>&) [with OtherDerived = Eigen::CoeffBasedProduct<const Eigen::Matrix<float, 4, 4>&, const Eigen::Matrix<float, 4, 4>&, 6>; _Scalar = float; int _Rows = 4; int _Cols = 4; int _Options = 0; int _MaxRows = 4; int _MaxCols = 4][m[K’
[01m[K/usr/local/include/eigen3/Eigen/src/Core/DenseBase.h:365:48:[m[K   required from ‘[01m[KEigen::DenseBase<Derived>::EvalReturnType Eigen::DenseBase<Derived>::eval() const [with Derived = Eigen::CoeffBasedProduct<const Eigen::Matrix<float, 4, 4>&, const Eigen::Matrix<float, 4, 4>&, 6>; Eigen::DenseBase<Derived>::EvalReturnType = const Eigen::Matrix<float, 4, 4>][m[K’
[01m[K/usr/local/include/eigen3/Eigen/src/Core/PlainObjectBase.h:635:101:[m[K   required from ‘[01m[Kvoid Eigen::PlainObjectBase<Derived>::_set_selector(const OtherDerived&, const Eigen::internal::true_type&) [with OtherDerived = Eigen::CoeffBasedProduct<const Eigen::Matrix<float, 4, 4>&, const Eigen::Matrix<float, 4, 4>&, 6>; Derived = Eigen::Matrix<float, 4, 4>][m[K’
[01m[K/usr/local/include/eigen3/Eigen/src/Core/PlainObjectBase.h:630:7:[m[K   required from ‘[01m[KDerived& Eigen::PlainObjectBase<Derived>::_set(const Eigen::DenseBase<OtherDerived>&) [with OtherDerived = Eigen::CoeffBasedProduct<const Eigen::Matrix<float, 4, 4>&, const Eigen::Matrix<float, 4, 4>&, 6>; Derived = Eigen::Matrix<float, 4, 4>][m[K’
[01m[K/usr/local/include/eigen3/Eigen/src/Core/Matrix.h:172:24:[m[K   required from ‘[01m[KEigen::Matrix<_Scalar, _Rows, _Cols, _Options, _MaxRows, _MaxCols>& Eigen::Matrix<_Scalar, _Rows, _Cols, _Options, _MaxRows, _MaxCols>::operator=(const Eigen::MatrixBase<OtherDerived>&) [with OtherDerived = Eigen::CoeffBasedProduct<const Eigen::Matrix<float, 4, 4>&, const Eigen::Matrix<float, 4, 4>&, 6>; _Scalar = float; int _Rows = 4; int _Cols = 4; int _Options = 0; int _MaxRows = 4; int _MaxCols = 4][m[K’
[01m[K/home/jakeluo/Documents/MonitoringSystemRos2/src/qt/src/targetPosition.cpp:26:27:[m[K   required from here
[01m[K/usr/local/include/eigen3/Eigen/src/Core/Assign.h:51:24:[m[K [01;35m[Kwarning: [m[Kenum constant in boolean context [[01;35m[K-Wint-in-bool-context[m[K]
   50 |     MayInnerVectorize  = [01;35m[KMightVectorize && int(InnerSize)!=Dynamic && int(InnerSize)%int(PacketSize)==0[m[K
      |                          [01;35m[K~~~~~~~~~~~~~~~~~~~~~~~~~~~~~~~~~~~~~~~~~~~~~~~~~~~~~~~~~~~~~~~~~~~~~~~~~~~~~~[m[K
   51 | [01;35m[K                       && int(DstIsAligned)[m[K && int(SrcIsAligned),
      |                        [01;35m[K^~~~~~~~~~~~~~~~~~~~[m[K
[01m[K/usr/local/include/eigen3/Eigen/src/Core/Assign.h:51:45:[m[K [01;35m[Kwarning: [m[Kenum constant in boolean context [[01;35m[K-Wint-in-bool-context[m[K]
   50 |     MayInnerVectorize  = [01;35m[KMightVectorize && int(InnerSize)!=Dynamic && int(InnerSize)%int(PacketSize)==0[m[K
      |                          [01;35m[K~~~~~~~~~~~~~~~~~~~~~~~~~~~~~~~~~~~~~~~~~~~~~~~~~~~~~~~~~~~~~~~~~~~~~~~~~~~~~~[m[K
   51 | [01;35m[K                       && int(DstIsAligned) && int(SrcIsAligned)[m[K,
      |                        [01;35m[K~~~~~~~~~~~~~~~~~~~~~^~~~~~~~~~~~~~~~~~~~[m[K
[01m[K/usr/local/include/eigen3/Eigen/src/Core/Assign.h:53:57:[m[K [01;35m[Kwarning: [m[Kenum constant in boolean context [[01;35m[K-Wint-in-bool-context[m[K]
   53 |     MayLinearVectorize = [01;35m[KMightVectorize && MayLinearize && DstHasDirectAccess[m[K
      |                          [01;35m[K~~~~~~~~~~~~~~~~~~~~~~~~~~~~~~~^~~~~~~~~~~~~~~~~~~~~[m[K
[01m[K/usr/local/include/eigen3/Eigen/src/Core/Assign.h:54:41:[m[K [01;35m[Kwarning: [m[Kenum constant in boolean context [[01;35m[K-Wint-in-bool-context[m[K]
   54 |                        && [01;35m[K(DstIsAligned || MaxSizeAtCompileTime == Dynamic)[m[K,
      |                           [01;35m[K~~~~~~~~~~~~~~^~~~~~~~~~~~~~~~~~~~~~~~~~~~~~~~~~~[m[K
[01m[K/usr/local/include/eigen3/Eigen/src/Core/Assign.h:57:41:[m[K [01;35m[Kwarning: [m[Kenum constant in boolean context [[01;35m[K-Wint-in-bool-context[m[K]
   57 |     MaySliceVectorize  = [01;35m[KMightVectorize && DstHasDirectAccess[m[K
      |                          [01;35m[K~~~~~~~~~~~~~~~^~~~~~~~~~~~~~~~~~~~~[m[K
[01m[K/usr/local/include/eigen3/Eigen/src/Core/Assign.h:96:50:[m[K [01;35m[Kwarning: [m[Kenum constant in boolean context [[01;35m[K-Wint-in-bool-context[m[K]
   96 |                 ? ( bool(MayUnrollCompletely) && [01;35m[Kbool(DstIsAligned)[m[K ? int(CompleteUnrolling) : int(NoUnrolling) )
      |                                                  [01;35m[K^~~~~~~~~~~~~~~~~~[m[K
[ 33%] [32m[1mLinking CXX executable gui[0m
[100%] Built target gui
-- Install configuration: "RelWithDebInfo"
-- Execute custom install script
-- Up-to-date symlink: /home/jakeluo/Documents/MonitoringSystemRos2/src/install/qt/lib/qt/gui
-- Up-to-date symlink: /home/jakeluo/Documents/MonitoringSystemRos2/src/install/qt/share/ament_index/resource_index/package_run_dependencies/qt
-- Up-to-date symlink: /home/jakeluo/Documents/MonitoringSystemRos2/src/install/qt/share/ament_index/resource_index/parent_prefix_path/qt
-- Up-to-date symlink: /home/jakeluo/Documents/MonitoringSystemRos2/src/install/qt/share/qt/environment/ament_prefix_path.sh
-- Up-to-date symlink: /home/jakeluo/Documents/MonitoringSystemRos2/src/install/qt/share/qt/environment/ament_prefix_path.dsv
-- Up-to-date symlink: /home/jakeluo/Documents/MonitoringSystemRos2/src/install/qt/share/qt/environment/path.sh
-- Up-to-date symlink: /home/jakeluo/Documents/MonitoringSystemRos2/src/install/qt/share/qt/environment/path.dsv
-- Up-to-date symlink: /home/jakeluo/Documents/MonitoringSystemRos2/src/install/qt/share/qt/local_setup.bash
-- Up-to-date symlink: /home/jakeluo/Documents/MonitoringSystemRos2/src/install/qt/share/qt/local_setup.sh
-- Up-to-date symlink: /home/jakeluo/Documents/MonitoringSystemRos2/src/install/qt/share/qt/local_setup.zsh
-- Up-to-date symlink: /home/jakeluo/Documents/MonitoringSystemRos2/src/install/qt/share/qt/local_setup.dsv
-- Symlinking: /home/jakeluo/Documents/MonitoringSystemRos2/src/install/qt/share/qt/package.dsv
-- Up-to-date symlink: /home/jakeluo/Documents/MonitoringSystemRos2/src/install/qt/share/ament_index/resource_index/packages/qt
-- Up-to-date symlink: /home/jakeluo/Documents/MonitoringSystemRos2/src/install/qt/share/qt/cmake/qtConfig.cmake
-- Up-to-date symlink: /home/jakeluo/Documents/MonitoringSystemRos2/src/install/qt/share/qt/cmake/qtConfig-version.cmake
-- Up-to-date symlink: /home/jakeluo/Documents/MonitoringSystemRos2/src/install/qt/share/qt/package.xml
