[ 11%] [34m[1mAutomatic MOC and UIC for target gui[0m
[ 11%] Built target gui_autogen
[35m[1mScanning dependencies of target gui[0m
[ 22%] [32mBuilding CXX object CMakeFiles/gui.dir/src/mainwindow.cpp.o[0m
In file included from [01m[K/home/jakeluo/Documents/MonitoringSystemRos2/src/qt/src/mainwindow.cpp:1[m[K:
[01m[K/home/jakeluo/Documents/MonitoringSystemRos2/src/qt/include/qt/mainwindow.h:3:[m[K [01;35m[Kwarning: [m[Kignoring #pragma   [[01;35m[K-Wunknown-pragmas[m[K]
    3 | #pragma
      | 
In file included from [01m[K/home/jakeluo/Documents/MonitoringSystemRos2/src/qt/include/qt/mainwindow.h:38[m[K,
                 from [01m[K/home/jakeluo/Documents/MonitoringSystemRos2/src/qt/src/mainwindow.cpp:1[m[K:
[01m[K/home/jakeluo/Documents/MonitoringSystemRos2/src/qt/include/targetPosition.h:1:[m[K [01;35m[Kwarning: [m[Kignoring #pragma   [[01;35m[K-Wunknown-pragmas[m[K]
    1 | #pragma
      | 
[01m[K/home/jakeluo/Documents/MonitoringSystemRos2/src/qt/src/mainwindow.cpp:[m[K In member function ‘[01m[Kvoid MainWindow::saveImg1()[m[K’:
[01m[K/home/jakeluo/Documents/MonitoringSystemRos2/src/qt/src/mainwindow.cpp:150:13:[m[K [01;31m[Kerror: [m[K‘[01m[Kclass Ui::MainWindow[m[K’ has no member named ‘[01m[KpushButtonsaveImg1[m[K’; did you mean ‘[01m[KpushButtonSaveImg1[m[K’?
  150 |         ui->[01;31m[KpushButtonsaveImg1[m[K->setStyleSheet("");
      |             [01;31m[K^~~~~~~~~~~~~~~~~~[m[K
      |             [32m[KpushButtonSaveImg1[m[K
[01m[K/home/jakeluo/Documents/MonitoringSystemRos2/src/qt/src/mainwindow.cpp:155:13:[m[K [01;31m[Kerror: [m[K‘[01m[Kclass Ui::MainWindow[m[K’ has no member named ‘[01m[KpushButtonsaveImg1[m[K’; did you mean ‘[01m[KpushButtonSaveImg1[m[K’?
  155 |         ui->[01;31m[KpushButtonsaveImg1[m[K->setStyleSheet("background-color: rgb(0, 100, 30)");
      |             [01;31m[K^~~~~~~~~~~~~~~~~~[m[K
      |             [32m[KpushButtonSaveImg1[m[K
[01m[K/home/jakeluo/Documents/MonitoringSystemRos2/src/qt/src/mainwindow.cpp:[m[K In member function ‘[01m[Kvoid MainWindow::saveImg2()[m[K’:
[01m[K/home/jakeluo/Documents/MonitoringSystemRos2/src/qt/src/mainwindow.cpp:165:13:[m[K [01;31m[Kerror: [m[K‘[01m[Kclass Ui::MainWindow[m[K’ has no member named ‘[01m[KpushButtonsaveImg2[m[K’; did you mean ‘[01m[KpushButtonSaveImg2[m[K’?
  165 |         ui->[01;31m[KpushButtonsaveImg2[m[K->setStyleSheet("");
      |             [01;31m[K^~~~~~~~~~~~~~~~~~[m[K
      |             [32m[KpushButtonSaveImg2[m[K
[01m[K/home/jakeluo/Documents/MonitoringSystemRos2/src/qt/src/mainwindow.cpp:170:13:[m[K [01;31m[Kerror: [m[K‘[01m[Kclass Ui::MainWindow[m[K’ has no member named ‘[01m[KpushButtonsaveImg2[m[K’; did you mean ‘[01m[KpushButtonSaveImg2[m[K’?
  170 |         ui->[01;31m[KpushButtonsaveImg2[m[K->setStyleSheet("background-color: rgb(0, 100, 30)");
      |             [01;31m[K^~~~~~~~~~~~~~~~~~[m[K
      |             [32m[KpushButtonSaveImg2[m[K
[01m[K/home/jakeluo/Documents/MonitoringSystemRos2/src/qt/src/mainwindow.cpp:[m[K In member function ‘[01m[Kvoid MainWindow::feedback_callback(rclcpp_action::ClientGoalHandle<droneinterfaces::action::GoPoint>::SharedPtr, std::shared_ptr<const droneinterfaces::action::GoPoint_Feedback_<std::allocator<void> > >)[m[K’:
[01m[K/home/jakeluo/Documents/MonitoringSystemRos2/src/qt/src/mainwindow.cpp:550:77:[m[K [01;35m[Kwarning: [m[Kunused parameter ‘[01m[Kfeedback[m[K’ [[01;35m[K-Wunused-parameter[m[K]
  550 | [01;35m[Knst std::shared_ptr<const droneinterfaces::action::GoPoint::Feedback> feedback[m[K)
      | [01;35m[K~~~~~~~~~~~~~~~~~~~~~~~~~~~~~~~~~~~~~~~~~~~~~~~~~~~~~~~~~~~~~~~~~~~~~~^~~~~~~~[m[K

make[2]: *** [CMakeFiles/gui.dir/build.make:93：CMakeFiles/gui.dir/src/mainwindow.cpp.o] 错误 1
make[1]: *** [CMakeFiles/Makefile2:79：CMakeFiles/gui.dir/all] 错误 2
make: *** [Makefile:141：all] 错误 2
