[0.015s] Invoking command in '/home/jakeluo/Documents/MonitoringSystemRos2/src/build/droneutility': AMENT_PREFIX_PATH=/home/jakeluo/Documents/MonitoringSystemRos2/src/install/droneinterfaces CMAKE_PREFIX_PATH=/home/jakeluo/Documents/MonitoringSystemRos2/src/install/droneinterfaces LD_LIBRARY_PATH=/home/jakeluo/Documents/MonitoringSystemRos2/src/install/droneinterfaces/lib${LD_LIBRARY_PATH} PYTHONPATH=/home/jakeluo/Documents/MonitoringSystemRos2/src/install/droneinterfaces/lib/python3.8/site-packages /usr/bin/cmake --build /home/jakeluo/Documents/MonitoringSystemRos2/src/build/droneutility -- -j12 -l12
[0.228s] [35m[1mScanning dependencies of target drone[0m
[0.228s] [ 40%] Built target dronemanager
[0.228s] [ 60%] [32mBuilding CXX object CMakeFiles/drone.dir/src/pid.cpp.o[0m
[0.315s] In file included from [01m[K/home/jakeluo/Documents/MonitoringSystemRos2/src/droneutility/src/pid.cpp:1[m[K:
[0.315s] [01m[K/home/jakeluo/Documents/MonitoringSystemRos2/src/droneutility/include/pid.hpp:[m[K In constructor ‘[01m[KPID::PID()[m[K’:
[0.315s] [01m[K/home/jakeluo/Documents/MonitoringSystemRos2/src/droneutility/include/pid.hpp:6:90:[m[K [01;35m[Kwarning: [m[K‘[01m[KPID::Minintergral[m[K’ will be initialized after [[01;35m[K-Wreorder[m[K]
[0.315s]     6 | arget, actual, e, e_pre, intergral, Maxout, Minout, Maxintergral, [01;35m[KMinintergral[m[K;
[0.315s]       |                                                                   [01;35m[K^~~~~~~~~~~~[m[K
[0.315s] 
[0.315s] [01m[K/home/jakeluo/Documents/MonitoringSystemRos2/src/droneutility/include/pid.hpp:6:76:[m[K [01;35m[Kwarning: [m[K  ‘[01m[Kfloat PID::Maxintergral[m[K’ [[01;35m[K-Wreorder[m[K]
[0.315s]     6 | ki, kd, target, actual, e, e_pre, intergral, Maxout, Minout, [01;35m[KMaxintergral[m[K, Minintergral;
[0.316s]       |                                                              [01;35m[K^~~~~~~~~~~~[m[K
[0.316s] 
[0.316s] [01m[K/home/jakeluo/Documents/MonitoringSystemRos2/src/droneutility/src/pid.cpp:3:1:[m[K [01;35m[Kwarning: [m[K  when initialized here [[01;35m[K-Wreorder[m[K]
[0.316s]     3 | [01;35m[KPID[m[K::PID():kp(0.f), ki(0.f), kd(0.f), target(0.f), actual(0.f), intergral(0.f), Minintergral(-4000.f), Maxintergral(4000.f)
[0.316s]       | [01;35m[K^~~[m[K
[0.316s] In file included from [01m[K/home/jakeluo/Documents/MonitoringSystemRos2/src/droneutility/src/pid.cpp:1[m[K:
[0.316s] [01m[K/home/jakeluo/Documents/MonitoringSystemRos2/src/droneutility/include/pid.hpp:[m[K In constructor ‘[01m[KPID::PID(float, float, float)[m[K’:
[0.316s] [01m[K/home/jakeluo/Documents/MonitoringSystemRos2/src/droneutility/include/pid.hpp:6:90:[m[K [01;35m[Kwarning: [m[K‘[01m[KPID::Minintergral[m[K’ will be initialized after [[01;35m[K-Wreorder[m[K]
[0.316s]     6 | arget, actual, e, e_pre, intergral, Maxout, Minout, Maxintergral, [01;35m[KMinintergral[m[K;
[0.316s]       |                                                                   [01;35m[K^~~~~~~~~~~~[m[K
[0.317s] 
[0.317s] [01m[K/home/jakeluo/Documents/MonitoringSystemRos2/src/droneutility/include/pid.hpp:6:76:[m[K [01;35m[Kwarning: [m[K  ‘[01m[Kfloat PID::Maxintergral[m[K’ [[01;35m[K-Wreorder[m[K]
[0.317s]     6 | ki, kd, target, actual, e, e_pre, intergral, Maxout, Minout, [01;35m[KMaxintergral[m[K, Minintergral;
[0.317s]       |                                                              [01;35m[K^~~~~~~~~~~~[m[K
[0.317s] 
[0.317s] [01m[K/home/jakeluo/Documents/MonitoringSystemRos2/src/droneutility/src/pid.cpp:9:1:[m[K [01;35m[Kwarning: [m[K  when initialized here [[01;35m[K-Wreorder[m[K]
[0.317s]     9 | [01;35m[KPID[m[K::PID(float p, float i, float d):kp(p), ki(i), kd(d), target(0.f), actual(0.f), intergral(0.f), Minintergral(-4000.f), Maxintergral(4000.f)
[0.317s]       | [01;35m[K^~~[m[K
[0.391s] [ 80%] [32m[1mLinking CXX executable drone[0m
[1.627s] [100%] Built target drone
