[35m[1mScanning dependencies of target drone[0m
[ 50%] Built target recv
[ 50%] Built target send
[ 75%] Built target dronemanager
[ 87%] [32mBuilding CXX object CMakeFiles/drone.dir/src/drone.cpp.o[0m
In file included from [01m[K/home/jakeluo/Software/ros2_rolling/install/rclcpp/include/rclcpp/client.hpp:43[m[K,
                 from [01m[K/home/jakeluo/Software/ros2_rolling/install/rclcpp/include/rclcpp/callback_group.hpp:23[m[K,
                 from [01m[K/home/jakeluo/Software/ros2_rolling/install/rclcpp/include/rclcpp/any_executable.hpp:20[m[K,
                 from [01m[K/home/jakeluo/Software/ros2_rolling/install/rclcpp/include/rclcpp/memory_strategy.hpp:25[m[K,
                 from [01m[K/home/jakeluo/Software/ros2_rolling/install/rclcpp/include/rclcpp/memory_strategies.hpp:18[m[K,
                 from [01m[K/home/jakeluo/Software/ros2_rolling/install/rclcpp/include/rclcpp/executor_options.hpp:20[m[K,
                 from [01m[K/home/jakeluo/Software/ros2_rolling/install/rclcpp/include/rclcpp/executor.hpp:37[m[K,
                 from [01m[K/home/jakeluo/Software/ros2_rolling/install/rclcpp/include/rclcpp/executors/multi_threaded_executor.hpp:25[m[K,
                 from [01m[K/home/jakeluo/Software/ros2_rolling/install/rclcpp/include/rclcpp/executors.hpp:21[m[K,
                 from [01m[K/home/jakeluo/Software/ros2_rolling/install/rclcpp/include/rclcpp/rclcpp.hpp:155[m[K,
                 from [01m[K/home/jakeluo/Documents/MonitoringSystemRos2/src/droneutility/include/drone.hpp:1[m[K,
                 from [01m[K/home/jakeluo/Documents/MonitoringSystemRos2/src/droneutility/src/drone.cpp:1[m[K:
[01m[K/home/jakeluo/Documents/MonitoringSystemRos2/src/droneutility/src/drone.cpp:[m[K In member function ‘[01m[Kvoid dronenamespace::Drone::spin()[m[K’:
[01m[K/home/jakeluo/Documents/MonitoringSystemRos2/src/droneutility/src/drone.cpp:69:51:[m[K [01;35m[Kwarning: [m[Kformat ‘[01m[K%s[m[K’ expects argument of type ‘[01m[Kchar*[m[K’, but argument 5 has type ‘[01m[Kstd::string[m[K’ {aka ‘[01m[Kstd::__cxx11::basic_string<char>[m[K’} [[01;35m[K-Wformat=[m[K]
   69 |         RCLCPP_INFO(rclcpp::get_logger("rclcpp"), [01;35m[K"drone node-%s started."[m[K, name);
      |                                                   [01;35m[K^~~~~~~~~~~~~~~~~~~~~~~~[m[K
[01m[K/home/jakeluo/Documents/MonitoringSystemRos2/src/droneutility/src/drone.cpp:69:64:[m[K [01;36m[Knote: [m[Kformat string is defined here
   69 |         RCLCPP_INFO(rclcpp::get_logger("rclcpp"), "drone node-[01;36m[K%s[m[K started.", name);
      |                                                               [01;36m[K~^[m[K
      |                                                                [01;36m[K|[m[K
      |                                                                [01;36m[Kchar*[m[K
In file included from [01m[K/home/jakeluo/Software/ros2_rolling/install/rclcpp/include/rclcpp/client.hpp:43[m[K,
                 from [01m[K/home/jakeluo/Software/ros2_rolling/install/rclcpp/include/rclcpp/callback_group.hpp:23[m[K,
                 from [01m[K/home/jakeluo/Software/ros2_rolling/install/rclcpp/include/rclcpp/any_executable.hpp:20[m[K,
                 from [01m[K/home/jakeluo/Software/ros2_rolling/install/rclcpp/include/rclcpp/memory_strategy.hpp:25[m[K,
                 from [01m[K/home/jakeluo/Software/ros2_rolling/install/rclcpp/include/rclcpp/memory_strategies.hpp:18[m[K,
                 from [01m[K/home/jakeluo/Software/ros2_rolling/install/rclcpp/include/rclcpp/executor_options.hpp:20[m[K,
                 from [01m[K/home/jakeluo/Software/ros2_rolling/install/rclcpp/include/rclcpp/executor.hpp:37[m[K,
                 from [01m[K/home/jakeluo/Software/ros2_rolling/install/rclcpp/include/rclcpp/executors/multi_threaded_executor.hpp:25[m[K,
                 from [01m[K/home/jakeluo/Software/ros2_rolling/install/rclcpp/include/rclcpp/executors.hpp:21[m[K,
                 from [01m[K/home/jakeluo/Software/ros2_rolling/install/rclcpp/include/rclcpp/rclcpp.hpp:155[m[K,
                 from [01m[K/home/jakeluo/Documents/MonitoringSystemRos2/src/droneutility/include/drone.hpp:1[m[K,
                 from [01m[K/home/jakeluo/Documents/MonitoringSystemRos2/src/droneutility/src/drone.cpp:1[m[K:
[01m[K/home/jakeluo/Documents/MonitoringSystemRos2/src/droneutility/src/drone.cpp:72:51:[m[K [01;35m[Kwarning: [m[Kformat ‘[01m[K%s[m[K’ expects argument of type ‘[01m[Kchar*[m[K’, but argument 5 has type ‘[01m[Kstd::string[m[K’ {aka ‘[01m[Kstd::__cxx11::basic_string<char>[m[K’} [[01;35m[K-Wformat=[m[K]
   72 |         RCLCPP_INFO(rclcpp::get_logger("rclcpp"), [01;35m[K"drone node-%s not started."[m[K, name);
      |                                                   [01;35m[K^~~~~~~~~~~~~~~~~~~~~~~~~~~~[m[K
[01m[K/home/jakeluo/Documents/MonitoringSystemRos2/src/droneutility/src/drone.cpp:72:64:[m[K [01;36m[Knote: [m[Kformat string is defined here
   72 |         RCLCPP_INFO(rclcpp::get_logger("rclcpp"), "drone node-[01;36m[K%s[m[K not started.", name);
      |                                                               [01;36m[K~^[m[K
      |                                                                [01;36m[K|[m[K
      |                                                                [01;36m[Kchar*[m[K
[100%] [32m[1mLinking CXX executable drone[0m
[100%] Built target drone
-- Install configuration: ""
-- Up-to-date: /home/jakeluo/Documents/MonitoringSystemRos2/install/droneutility/lib/droneutility/recv
-- Up-to-date: /home/jakeluo/Documents/MonitoringSystemRos2/install/droneutility/lib/droneutility/send
-- Up-to-date: /home/jakeluo/Documents/MonitoringSystemRos2/install/droneutility/lib/droneutility/dronemanager
-- Installing: /home/jakeluo/Documents/MonitoringSystemRos2/install/droneutility/lib/droneutility/drone
-- Set runtime path of "/home/jakeluo/Documents/MonitoringSystemRos2/install/droneutility/lib/droneutility/drone" to ""
-- Up-to-date: /home/jakeluo/Documents/MonitoringSystemRos2/install/droneutility/share/ament_index/resource_index/package_run_dependencies/droneutility
-- Up-to-date: /home/jakeluo/Documents/MonitoringSystemRos2/install/droneutility/share/ament_index/resource_index/parent_prefix_path/droneutility
-- Up-to-date: /home/jakeluo/Documents/MonitoringSystemRos2/install/droneutility/share/droneutility/environment/ament_prefix_path.dsv
-- Up-to-date: /home/jakeluo/Documents/MonitoringSystemRos2/install/droneutility/share/droneutility/environment/path.dsv
-- Up-to-date: /home/jakeluo/Documents/MonitoringSystemRos2/install/droneutility/share/droneutility/local_setup.bash
-- Up-to-date: /home/jakeluo/Documents/MonitoringSystemRos2/install/droneutility/share/droneutility/local_setup.sh
-- Up-to-date: /home/jakeluo/Documents/MonitoringSystemRos2/install/droneutility/share/droneutility/local_setup.zsh
-- Up-to-date: /home/jakeluo/Documents/MonitoringSystemRos2/install/droneutility/share/droneutility/local_setup.dsv
-- Installing: /home/jakeluo/Documents/MonitoringSystemRos2/install/droneutility/share/droneutility/package.dsv
-- Up-to-date: /home/jakeluo/Documents/MonitoringSystemRos2/install/droneutility/share/ament_index/resource_index/packages/droneutility
-- Up-to-date: /home/jakeluo/Documents/MonitoringSystemRos2/install/droneutility/share/droneutility/cmake/droneutilityConfig.cmake
-- Up-to-date: /home/jakeluo/Documents/MonitoringSystemRos2/install/droneutility/share/droneutility/cmake/droneutilityConfig-version.cmake
-- Up-to-date: /home/jakeluo/Documents/MonitoringSystemRos2/install/droneutility/share/droneutility/package.xml
