-- Found ament_cmake: 1.1.4 (/home/jakeluo/Software/ros2_rolling/install/ament_cmake/share/ament_cmake/cmake)
-- Found rclcpp: 13.0.0 (/home/jakeluo/Software/ros2_rolling/install/rclcpp/share/rclcpp/cmake)
-- Using all available rosidl_typesupport_c: rosidl_typesupport_introspection_c;rosidl_typesupport_fastrtps_c
-- Found rosidl_adapter: 2.5.0 (/home/jakeluo/Software/ros2_rolling/install/rosidl_adapter/share/rosidl_adapter/cmake)
-- Using all available rosidl_typesupport_cpp: rosidl_typesupport_introspection_cpp;rosidl_typesupport_fastrtps_cpp
-- Found rmw_implementation_cmake: 5.0.0 (/home/jakeluo/Software/ros2_rolling/install/rmw_implementation_cmake/share/rmw_implementation_cmake/cmake)
-- Found rmw_cyclonedds_cpp: 0.24.0 (/home/jakeluo/Software/ros2_rolling/install/rmw_cyclonedds_cpp/share/rmw_cyclonedds_cpp/cmake)
-- Using RMW implementation 'rmw_cyclonedds_cpp' as default
-- Found gflags  (include: /usr/include, library: /usr/lib/x86_64-linux-gnu/libgflags.so)
-- Found glog    (include: /usr/include, library: /usr/lib/x86_64-linux-gnu/libglog.so)
-- Found rclcpp_action: 13.0.0 (/home/jakeluo/Software/ros2_rolling/install/rclcpp_action/share/rclcpp_action/cmake)
-- Found ament_lint_auto: 0.11.2 (/home/jakeluo/Software/ros2_rolling/install/ament_lint_auto/share/ament_lint_auto/cmake)
-- Added test 'copyright' to check source files copyright and LICENSE
-- Added test 'cppcheck' to perform static code analysis on C / C++ code
-- Configured cppcheck include dirs: /home/jakeluo/Documents/MonitoringSystemRos2/src/openpose/include;/home/jakeluo/Documents/MonitoringSystemRos2/src/openpose/include/openpose;$<BUILD_INTERFACE:/home/jakeluo/Documents/MonitoringSystemRos2/src/openpose/include>
-- Configured cppcheck exclude dirs and/or files: 
-- Added test 'cpplint' to check C / C++ code against the Google style
-- Configured cpplint exclude dirs and/or files: 
-- Added test 'lint_cmake' to check CMake code style
-- Added test 'uncrustify' to check C / C++ code style
-- Configured uncrustify additional arguments: 
-- Added test 'xmllint' to check XML markup files
-- Configuring done
-- Generating done
-- Build files have been written to: /home/jakeluo/Documents/MonitoringSystemRos2/src/build/openpose
[35m[1mScanning dependencies of target estimater[0m
[ 50%] [32mBuilding CXX object CMakeFiles/estimater.dir/src/openpose.cpp.o[0m
[01m[K/home/jakeluo/Documents/MonitoringSystemRos2/src/openpose/src/openpose.cpp:3:19:[m[K [01;31m[Kerror: [m[Kexpected constructor, destructor, or type conversion before ‘[01m[K([m[K’ token
    3 | Openpose::Openpose[01;31m[K([m[Kname)
      |                   [01;31m[K^[m[K
[01m[K/home/jakeluo/Documents/MonitoringSystemRos2/src/openpose/src/openpose.cpp:[m[K In function ‘[01m[Kint main(int, char**)[m[K’:
[01m[K/home/jakeluo/Documents/MonitoringSystemRos2/src/openpose/src/openpose.cpp:87:30:[m[K [01;31m[Kerror: [m[Kno matching function for call to ‘[01m[KOpenpose::Openpose(char*&)[m[K’
   87 |     Openpose openpose(argv[1][01;31m[K)[m[K;
      |                              [01;31m[K^[m[K
In file included from [01m[K/home/jakeluo/Documents/MonitoringSystemRos2/src/openpose/src/openpose.cpp:1[m[K:
[01m[K/home/jakeluo/Documents/MonitoringSystemRos2/src/openpose/include/openpose.hpp:22:5:[m[K [01;36m[Knote: [m[Kcandidate: ‘[01m[KOpenpose::Openpose()[m[K’
   22 |     [01;36m[KOpenpose[m[K();
      |     [01;36m[K^~~~~~~~[m[K
[01m[K/home/jakeluo/Documents/MonitoringSystemRos2/src/openpose/include/openpose.hpp:22:5:[m[K [01;36m[Knote: [m[K  candidate expects 0 arguments, 1 provided
[01m[K/home/jakeluo/Documents/MonitoringSystemRos2/src/openpose/include/openpose.hpp:19:7:[m[K [01;36m[Knote: [m[Kcandidate: ‘[01m[KOpenpose::Openpose(const Openpose&)[m[K’
   19 | class [01;36m[KOpenpose[m[K
      |       [01;36m[K^~~~~~~~[m[K
[01m[K/home/jakeluo/Documents/MonitoringSystemRos2/src/openpose/include/openpose.hpp:19:7:[m[K [01;36m[Knote: [m[K  no known conversion for argument 1 from ‘[01m[Kchar*[m[K’ to ‘[01m[Kconst Openpose&[m[K’
make[2]: *** [CMakeFiles/estimater.dir/build.make:63：CMakeFiles/estimater.dir/src/openpose.cpp.o] 错误 1
make[1]: *** [CMakeFiles/Makefile2:78：CMakeFiles/estimater.dir/all] 错误 2
make: *** [Makefile:141：all] 错误 2
